[2024-07-19T00:00:22.261+0000] {processor.py:161} INFO - Started process (PID=1539) to work on /home/airflow/.local/lib/python3.8/site-packages/airflow/example_dags/example_latest_only_with_trigger.py
[2024-07-19T00:00:22.262+0000] {processor.py:830} INFO - Processing file /home/airflow/.local/lib/python3.8/site-packages/airflow/example_dags/example_latest_only_with_trigger.py for tasks to queue
[2024-07-19T00:00:22.263+0000] {logging_mixin.py:188} INFO - [2024-07-19T00:00:22.263+0000] {dagbag.py:540} INFO - Filling up the DagBag from /home/airflow/.local/lib/python3.8/site-packages/airflow/example_dags/example_latest_only_with_trigger.py
[2024-07-19T00:00:22.267+0000] {processor.py:840} INFO - DAG(s) 'latest_only_with_trigger' retrieved from /home/airflow/.local/lib/python3.8/site-packages/airflow/example_dags/example_latest_only_with_trigger.py
[2024-07-19T00:00:22.283+0000] {logging_mixin.py:188} INFO - [2024-07-19T00:00:22.282+0000] {dag.py:3047} INFO - Sync 1 DAGs
[2024-07-19T00:00:22.299+0000] {logging_mixin.py:188} INFO - [2024-07-19T00:00:22.299+0000] {dag.py:3834} INFO - Setting next_dagrun for latest_only_with_trigger to 2024-07-18 20:00:00+00:00, run_after=2024-07-19 00:00:00+00:00
[2024-07-19T00:00:22.318+0000] {processor.py:183} INFO - Processing /home/airflow/.local/lib/python3.8/site-packages/airflow/example_dags/example_latest_only_with_trigger.py took 0.059 seconds
[2024-07-19T00:00:52.546+0000] {processor.py:161} INFO - Started process (PID=1595) to work on /home/airflow/.local/lib/python3.8/site-packages/airflow/example_dags/example_latest_only_with_trigger.py
[2024-07-19T00:00:52.547+0000] {processor.py:830} INFO - Processing file /home/airflow/.local/lib/python3.8/site-packages/airflow/example_dags/example_latest_only_with_trigger.py for tasks to queue
[2024-07-19T00:00:52.548+0000] {logging_mixin.py:188} INFO - [2024-07-19T00:00:52.548+0000] {dagbag.py:540} INFO - Filling up the DagBag from /home/airflow/.local/lib/python3.8/site-packages/airflow/example_dags/example_latest_only_with_trigger.py
[2024-07-19T00:00:52.552+0000] {processor.py:840} INFO - DAG(s) 'latest_only_with_trigger' retrieved from /home/airflow/.local/lib/python3.8/site-packages/airflow/example_dags/example_latest_only_with_trigger.py
[2024-07-19T00:00:52.569+0000] {logging_mixin.py:188} INFO - [2024-07-19T00:00:52.568+0000] {dag.py:3047} INFO - Sync 1 DAGs
[2024-07-19T00:00:52.587+0000] {logging_mixin.py:188} INFO - [2024-07-19T00:00:52.587+0000] {dag.py:3834} INFO - Setting next_dagrun for latest_only_with_trigger to 2024-07-18 20:00:00+00:00, run_after=2024-07-19 00:00:00+00:00
[2024-07-19T00:00:52.604+0000] {processor.py:183} INFO - Processing /home/airflow/.local/lib/python3.8/site-packages/airflow/example_dags/example_latest_only_with_trigger.py took 0.060 seconds
[2024-07-19T00:01:22.898+0000] {processor.py:161} INFO - Started process (PID=1651) to work on /home/airflow/.local/lib/python3.8/site-packages/airflow/example_dags/example_latest_only_with_trigger.py
[2024-07-19T00:01:22.899+0000] {processor.py:830} INFO - Processing file /home/airflow/.local/lib/python3.8/site-packages/airflow/example_dags/example_latest_only_with_trigger.py for tasks to queue
[2024-07-19T00:01:22.900+0000] {logging_mixin.py:188} INFO - [2024-07-19T00:01:22.900+0000] {dagbag.py:540} INFO - Filling up the DagBag from /home/airflow/.local/lib/python3.8/site-packages/airflow/example_dags/example_latest_only_with_trigger.py
[2024-07-19T00:01:22.905+0000] {processor.py:840} INFO - DAG(s) 'latest_only_with_trigger' retrieved from /home/airflow/.local/lib/python3.8/site-packages/airflow/example_dags/example_latest_only_with_trigger.py
[2024-07-19T00:01:22.921+0000] {logging_mixin.py:188} INFO - [2024-07-19T00:01:22.921+0000] {dag.py:3047} INFO - Sync 1 DAGs
[2024-07-19T00:01:22.938+0000] {logging_mixin.py:188} INFO - [2024-07-19T00:01:22.938+0000] {dag.py:3834} INFO - Setting next_dagrun for latest_only_with_trigger to 2024-07-18 20:00:00+00:00, run_after=2024-07-19 00:00:00+00:00
[2024-07-19T00:01:22.954+0000] {processor.py:183} INFO - Processing /home/airflow/.local/lib/python3.8/site-packages/airflow/example_dags/example_latest_only_with_trigger.py took 0.058 seconds
[2024-07-19T00:01:53.349+0000] {processor.py:161} INFO - Started process (PID=1707) to work on /home/airflow/.local/lib/python3.8/site-packages/airflow/example_dags/example_latest_only_with_trigger.py
[2024-07-19T00:01:53.350+0000] {processor.py:830} INFO - Processing file /home/airflow/.local/lib/python3.8/site-packages/airflow/example_dags/example_latest_only_with_trigger.py for tasks to queue
[2024-07-19T00:01:53.351+0000] {logging_mixin.py:188} INFO - [2024-07-19T00:01:53.351+0000] {dagbag.py:540} INFO - Filling up the DagBag from /home/airflow/.local/lib/python3.8/site-packages/airflow/example_dags/example_latest_only_with_trigger.py
[2024-07-19T00:01:53.356+0000] {processor.py:840} INFO - DAG(s) 'latest_only_with_trigger' retrieved from /home/airflow/.local/lib/python3.8/site-packages/airflow/example_dags/example_latest_only_with_trigger.py
[2024-07-19T00:01:53.374+0000] {logging_mixin.py:188} INFO - [2024-07-19T00:01:53.373+0000] {dag.py:3047} INFO - Sync 1 DAGs
[2024-07-19T00:01:53.393+0000] {logging_mixin.py:188} INFO - [2024-07-19T00:01:53.393+0000] {dag.py:3834} INFO - Setting next_dagrun for latest_only_with_trigger to 2024-07-18 20:00:00+00:00, run_after=2024-07-19 00:00:00+00:00
[2024-07-19T00:01:53.411+0000] {processor.py:183} INFO - Processing /home/airflow/.local/lib/python3.8/site-packages/airflow/example_dags/example_latest_only_with_trigger.py took 0.065 seconds
[2024-07-19T00:02:23.520+0000] {processor.py:161} INFO - Started process (PID=1763) to work on /home/airflow/.local/lib/python3.8/site-packages/airflow/example_dags/example_latest_only_with_trigger.py
[2024-07-19T00:02:23.521+0000] {processor.py:830} INFO - Processing file /home/airflow/.local/lib/python3.8/site-packages/airflow/example_dags/example_latest_only_with_trigger.py for tasks to queue
[2024-07-19T00:02:23.522+0000] {logging_mixin.py:188} INFO - [2024-07-19T00:02:23.522+0000] {dagbag.py:540} INFO - Filling up the DagBag from /home/airflow/.local/lib/python3.8/site-packages/airflow/example_dags/example_latest_only_with_trigger.py
[2024-07-19T00:02:23.526+0000] {processor.py:840} INFO - DAG(s) 'latest_only_with_trigger' retrieved from /home/airflow/.local/lib/python3.8/site-packages/airflow/example_dags/example_latest_only_with_trigger.py
[2024-07-19T00:02:23.542+0000] {logging_mixin.py:188} INFO - [2024-07-19T00:02:23.541+0000] {dag.py:3047} INFO - Sync 1 DAGs
[2024-07-19T00:02:23.559+0000] {logging_mixin.py:188} INFO - [2024-07-19T00:02:23.558+0000] {dag.py:3834} INFO - Setting next_dagrun for latest_only_with_trigger to 2024-07-18 20:00:00+00:00, run_after=2024-07-19 00:00:00+00:00
[2024-07-19T00:02:23.573+0000] {processor.py:183} INFO - Processing /home/airflow/.local/lib/python3.8/site-packages/airflow/example_dags/example_latest_only_with_trigger.py took 0.055 seconds
[2024-07-19T00:02:54.516+0000] {processor.py:161} INFO - Started process (PID=1819) to work on /home/airflow/.local/lib/python3.8/site-packages/airflow/example_dags/example_latest_only_with_trigger.py
[2024-07-19T00:02:54.517+0000] {processor.py:830} INFO - Processing file /home/airflow/.local/lib/python3.8/site-packages/airflow/example_dags/example_latest_only_with_trigger.py for tasks to queue
[2024-07-19T00:02:54.518+0000] {logging_mixin.py:188} INFO - [2024-07-19T00:02:54.517+0000] {dagbag.py:540} INFO - Filling up the DagBag from /home/airflow/.local/lib/python3.8/site-packages/airflow/example_dags/example_latest_only_with_trigger.py
[2024-07-19T00:02:54.522+0000] {processor.py:840} INFO - DAG(s) 'latest_only_with_trigger' retrieved from /home/airflow/.local/lib/python3.8/site-packages/airflow/example_dags/example_latest_only_with_trigger.py
[2024-07-19T00:02:54.539+0000] {logging_mixin.py:188} INFO - [2024-07-19T00:02:54.538+0000] {dag.py:3047} INFO - Sync 1 DAGs
[2024-07-19T00:02:54.556+0000] {logging_mixin.py:188} INFO - [2024-07-19T00:02:54.556+0000] {dag.py:3834} INFO - Setting next_dagrun for latest_only_with_trigger to 2024-07-18 20:00:00+00:00, run_after=2024-07-19 00:00:00+00:00
[2024-07-19T00:02:54.572+0000] {processor.py:183} INFO - Processing /home/airflow/.local/lib/python3.8/site-packages/airflow/example_dags/example_latest_only_with_trigger.py took 0.058 seconds
[2024-07-19T00:03:24.790+0000] {processor.py:161} INFO - Started process (PID=1875) to work on /home/airflow/.local/lib/python3.8/site-packages/airflow/example_dags/example_latest_only_with_trigger.py
[2024-07-19T00:03:24.791+0000] {processor.py:830} INFO - Processing file /home/airflow/.local/lib/python3.8/site-packages/airflow/example_dags/example_latest_only_with_trigger.py for tasks to queue
[2024-07-19T00:03:24.792+0000] {logging_mixin.py:188} INFO - [2024-07-19T00:03:24.792+0000] {dagbag.py:540} INFO - Filling up the DagBag from /home/airflow/.local/lib/python3.8/site-packages/airflow/example_dags/example_latest_only_with_trigger.py
[2024-07-19T00:03:24.796+0000] {processor.py:840} INFO - DAG(s) 'latest_only_with_trigger' retrieved from /home/airflow/.local/lib/python3.8/site-packages/airflow/example_dags/example_latest_only_with_trigger.py
[2024-07-19T00:03:24.811+0000] {logging_mixin.py:188} INFO - [2024-07-19T00:03:24.811+0000] {dag.py:3047} INFO - Sync 1 DAGs
[2024-07-19T00:03:24.828+0000] {logging_mixin.py:188} INFO - [2024-07-19T00:03:24.827+0000] {dag.py:3834} INFO - Setting next_dagrun for latest_only_with_trigger to 2024-07-18 20:00:00+00:00, run_after=2024-07-19 00:00:00+00:00
[2024-07-19T00:03:24.843+0000] {processor.py:183} INFO - Processing /home/airflow/.local/lib/python3.8/site-packages/airflow/example_dags/example_latest_only_with_trigger.py took 0.055 seconds
[2024-07-19T00:03:55.113+0000] {processor.py:161} INFO - Started process (PID=1931) to work on /home/airflow/.local/lib/python3.8/site-packages/airflow/example_dags/example_latest_only_with_trigger.py
[2024-07-19T00:03:55.114+0000] {processor.py:830} INFO - Processing file /home/airflow/.local/lib/python3.8/site-packages/airflow/example_dags/example_latest_only_with_trigger.py for tasks to queue
[2024-07-19T00:03:55.115+0000] {logging_mixin.py:188} INFO - [2024-07-19T00:03:55.115+0000] {dagbag.py:540} INFO - Filling up the DagBag from /home/airflow/.local/lib/python3.8/site-packages/airflow/example_dags/example_latest_only_with_trigger.py
[2024-07-19T00:03:55.119+0000] {processor.py:840} INFO - DAG(s) 'latest_only_with_trigger' retrieved from /home/airflow/.local/lib/python3.8/site-packages/airflow/example_dags/example_latest_only_with_trigger.py
[2024-07-19T00:03:55.135+0000] {logging_mixin.py:188} INFO - [2024-07-19T00:03:55.135+0000] {dag.py:3047} INFO - Sync 1 DAGs
[2024-07-19T00:03:55.151+0000] {logging_mixin.py:188} INFO - [2024-07-19T00:03:55.151+0000] {dag.py:3834} INFO - Setting next_dagrun for latest_only_with_trigger to 2024-07-18 20:00:00+00:00, run_after=2024-07-19 00:00:00+00:00
[2024-07-19T00:03:55.166+0000] {processor.py:183} INFO - Processing /home/airflow/.local/lib/python3.8/site-packages/airflow/example_dags/example_latest_only_with_trigger.py took 0.055 seconds
[2024-07-19T00:04:25.315+0000] {processor.py:161} INFO - Started process (PID=1988) to work on /home/airflow/.local/lib/python3.8/site-packages/airflow/example_dags/example_latest_only_with_trigger.py
[2024-07-19T00:04:25.316+0000] {processor.py:830} INFO - Processing file /home/airflow/.local/lib/python3.8/site-packages/airflow/example_dags/example_latest_only_with_trigger.py for tasks to queue
[2024-07-19T00:04:25.317+0000] {logging_mixin.py:188} INFO - [2024-07-19T00:04:25.317+0000] {dagbag.py:540} INFO - Filling up the DagBag from /home/airflow/.local/lib/python3.8/site-packages/airflow/example_dags/example_latest_only_with_trigger.py
[2024-07-19T00:04:25.322+0000] {processor.py:840} INFO - DAG(s) 'latest_only_with_trigger' retrieved from /home/airflow/.local/lib/python3.8/site-packages/airflow/example_dags/example_latest_only_with_trigger.py
[2024-07-19T00:04:25.337+0000] {logging_mixin.py:188} INFO - [2024-07-19T00:04:25.337+0000] {dag.py:3047} INFO - Sync 1 DAGs
[2024-07-19T00:04:25.354+0000] {logging_mixin.py:188} INFO - [2024-07-19T00:04:25.354+0000] {dag.py:3834} INFO - Setting next_dagrun for latest_only_with_trigger to 2024-07-18 20:00:00+00:00, run_after=2024-07-19 00:00:00+00:00
[2024-07-19T00:04:25.368+0000] {processor.py:183} INFO - Processing /home/airflow/.local/lib/python3.8/site-packages/airflow/example_dags/example_latest_only_with_trigger.py took 0.056 seconds
[2024-07-19T00:04:55.568+0000] {processor.py:161} INFO - Started process (PID=2043) to work on /home/airflow/.local/lib/python3.8/site-packages/airflow/example_dags/example_latest_only_with_trigger.py
[2024-07-19T00:04:55.569+0000] {processor.py:830} INFO - Processing file /home/airflow/.local/lib/python3.8/site-packages/airflow/example_dags/example_latest_only_with_trigger.py for tasks to queue
[2024-07-19T00:04:55.570+0000] {logging_mixin.py:188} INFO - [2024-07-19T00:04:55.570+0000] {dagbag.py:540} INFO - Filling up the DagBag from /home/airflow/.local/lib/python3.8/site-packages/airflow/example_dags/example_latest_only_with_trigger.py
[2024-07-19T00:04:55.574+0000] {processor.py:840} INFO - DAG(s) 'latest_only_with_trigger' retrieved from /home/airflow/.local/lib/python3.8/site-packages/airflow/example_dags/example_latest_only_with_trigger.py
[2024-07-19T00:04:55.592+0000] {logging_mixin.py:188} INFO - [2024-07-19T00:04:55.591+0000] {dag.py:3047} INFO - Sync 1 DAGs
[2024-07-19T00:04:55.610+0000] {logging_mixin.py:188} INFO - [2024-07-19T00:04:55.609+0000] {dag.py:3834} INFO - Setting next_dagrun for latest_only_with_trigger to 2024-07-18 20:00:00+00:00, run_after=2024-07-19 00:00:00+00:00
[2024-07-19T00:04:55.625+0000] {processor.py:183} INFO - Processing /home/airflow/.local/lib/python3.8/site-packages/airflow/example_dags/example_latest_only_with_trigger.py took 0.058 seconds
[2024-07-19T00:05:25.818+0000] {processor.py:161} INFO - Started process (PID=2099) to work on /home/airflow/.local/lib/python3.8/site-packages/airflow/example_dags/example_latest_only_with_trigger.py
[2024-07-19T00:05:25.818+0000] {processor.py:830} INFO - Processing file /home/airflow/.local/lib/python3.8/site-packages/airflow/example_dags/example_latest_only_with_trigger.py for tasks to queue
[2024-07-19T00:05:25.820+0000] {logging_mixin.py:188} INFO - [2024-07-19T00:05:25.819+0000] {dagbag.py:540} INFO - Filling up the DagBag from /home/airflow/.local/lib/python3.8/site-packages/airflow/example_dags/example_latest_only_with_trigger.py
[2024-07-19T00:05:25.824+0000] {processor.py:840} INFO - DAG(s) 'latest_only_with_trigger' retrieved from /home/airflow/.local/lib/python3.8/site-packages/airflow/example_dags/example_latest_only_with_trigger.py
[2024-07-19T00:05:25.839+0000] {logging_mixin.py:188} INFO - [2024-07-19T00:05:25.839+0000] {dag.py:3047} INFO - Sync 1 DAGs
[2024-07-19T00:05:25.856+0000] {logging_mixin.py:188} INFO - [2024-07-19T00:05:25.855+0000] {dag.py:3834} INFO - Setting next_dagrun for latest_only_with_trigger to 2024-07-18 20:00:00+00:00, run_after=2024-07-19 00:00:00+00:00
[2024-07-19T00:05:25.874+0000] {processor.py:183} INFO - Processing /home/airflow/.local/lib/python3.8/site-packages/airflow/example_dags/example_latest_only_with_trigger.py took 0.059 seconds
[2024-07-19T00:05:56.180+0000] {processor.py:161} INFO - Started process (PID=2155) to work on /home/airflow/.local/lib/python3.8/site-packages/airflow/example_dags/example_latest_only_with_trigger.py
[2024-07-19T00:05:56.181+0000] {processor.py:830} INFO - Processing file /home/airflow/.local/lib/python3.8/site-packages/airflow/example_dags/example_latest_only_with_trigger.py for tasks to queue
[2024-07-19T00:05:56.182+0000] {logging_mixin.py:188} INFO - [2024-07-19T00:05:56.182+0000] {dagbag.py:540} INFO - Filling up the DagBag from /home/airflow/.local/lib/python3.8/site-packages/airflow/example_dags/example_latest_only_with_trigger.py
[2024-07-19T00:05:56.186+0000] {processor.py:840} INFO - DAG(s) 'latest_only_with_trigger' retrieved from /home/airflow/.local/lib/python3.8/site-packages/airflow/example_dags/example_latest_only_with_trigger.py
[2024-07-19T00:05:56.203+0000] {logging_mixin.py:188} INFO - [2024-07-19T00:05:56.203+0000] {dag.py:3047} INFO - Sync 1 DAGs
[2024-07-19T00:05:56.220+0000] {logging_mixin.py:188} INFO - [2024-07-19T00:05:56.220+0000] {dag.py:3834} INFO - Setting next_dagrun for latest_only_with_trigger to 2024-07-18 20:00:00+00:00, run_after=2024-07-19 00:00:00+00:00
[2024-07-19T00:05:56.236+0000] {processor.py:183} INFO - Processing /home/airflow/.local/lib/python3.8/site-packages/airflow/example_dags/example_latest_only_with_trigger.py took 0.059 seconds
[2024-07-19T00:06:26.534+0000] {processor.py:161} INFO - Started process (PID=2211) to work on /home/airflow/.local/lib/python3.8/site-packages/airflow/example_dags/example_latest_only_with_trigger.py
[2024-07-19T00:06:26.535+0000] {processor.py:830} INFO - Processing file /home/airflow/.local/lib/python3.8/site-packages/airflow/example_dags/example_latest_only_with_trigger.py for tasks to queue
[2024-07-19T00:06:26.536+0000] {logging_mixin.py:188} INFO - [2024-07-19T00:06:26.536+0000] {dagbag.py:540} INFO - Filling up the DagBag from /home/airflow/.local/lib/python3.8/site-packages/airflow/example_dags/example_latest_only_with_trigger.py
[2024-07-19T00:06:26.540+0000] {processor.py:840} INFO - DAG(s) 'latest_only_with_trigger' retrieved from /home/airflow/.local/lib/python3.8/site-packages/airflow/example_dags/example_latest_only_with_trigger.py
[2024-07-19T00:06:26.558+0000] {logging_mixin.py:188} INFO - [2024-07-19T00:06:26.558+0000] {dag.py:3047} INFO - Sync 1 DAGs
[2024-07-19T00:06:26.576+0000] {logging_mixin.py:188} INFO - [2024-07-19T00:06:26.576+0000] {dag.py:3834} INFO - Setting next_dagrun for latest_only_with_trigger to 2024-07-18 20:00:00+00:00, run_after=2024-07-19 00:00:00+00:00
[2024-07-19T00:06:26.592+0000] {processor.py:183} INFO - Processing /home/airflow/.local/lib/python3.8/site-packages/airflow/example_dags/example_latest_only_with_trigger.py took 0.061 seconds
[2024-07-19T00:06:56.790+0000] {processor.py:161} INFO - Started process (PID=2266) to work on /home/airflow/.local/lib/python3.8/site-packages/airflow/example_dags/example_latest_only_with_trigger.py
[2024-07-19T00:06:56.791+0000] {processor.py:830} INFO - Processing file /home/airflow/.local/lib/python3.8/site-packages/airflow/example_dags/example_latest_only_with_trigger.py for tasks to queue
[2024-07-19T00:06:56.792+0000] {logging_mixin.py:188} INFO - [2024-07-19T00:06:56.792+0000] {dagbag.py:540} INFO - Filling up the DagBag from /home/airflow/.local/lib/python3.8/site-packages/airflow/example_dags/example_latest_only_with_trigger.py
[2024-07-19T00:06:56.796+0000] {processor.py:840} INFO - DAG(s) 'latest_only_with_trigger' retrieved from /home/airflow/.local/lib/python3.8/site-packages/airflow/example_dags/example_latest_only_with_trigger.py
[2024-07-19T00:06:56.813+0000] {logging_mixin.py:188} INFO - [2024-07-19T00:06:56.812+0000] {dag.py:3047} INFO - Sync 1 DAGs
[2024-07-19T00:06:56.829+0000] {logging_mixin.py:188} INFO - [2024-07-19T00:06:56.829+0000] {dag.py:3834} INFO - Setting next_dagrun for latest_only_with_trigger to 2024-07-18 20:00:00+00:00, run_after=2024-07-19 00:00:00+00:00
[2024-07-19T00:06:56.843+0000] {processor.py:183} INFO - Processing /home/airflow/.local/lib/python3.8/site-packages/airflow/example_dags/example_latest_only_with_trigger.py took 0.055 seconds
[2024-07-19T00:07:27.131+0000] {processor.py:161} INFO - Started process (PID=2323) to work on /home/airflow/.local/lib/python3.8/site-packages/airflow/example_dags/example_latest_only_with_trigger.py
[2024-07-19T00:07:27.131+0000] {processor.py:830} INFO - Processing file /home/airflow/.local/lib/python3.8/site-packages/airflow/example_dags/example_latest_only_with_trigger.py for tasks to queue
[2024-07-19T00:07:27.132+0000] {logging_mixin.py:188} INFO - [2024-07-19T00:07:27.132+0000] {dagbag.py:540} INFO - Filling up the DagBag from /home/airflow/.local/lib/python3.8/site-packages/airflow/example_dags/example_latest_only_with_trigger.py
[2024-07-19T00:07:27.136+0000] {processor.py:840} INFO - DAG(s) 'latest_only_with_trigger' retrieved from /home/airflow/.local/lib/python3.8/site-packages/airflow/example_dags/example_latest_only_with_trigger.py
[2024-07-19T00:07:27.153+0000] {logging_mixin.py:188} INFO - [2024-07-19T00:07:27.152+0000] {dag.py:3047} INFO - Sync 1 DAGs
[2024-07-19T00:07:27.170+0000] {logging_mixin.py:188} INFO - [2024-07-19T00:07:27.170+0000] {dag.py:3834} INFO - Setting next_dagrun for latest_only_with_trigger to 2024-07-18 20:00:00+00:00, run_after=2024-07-19 00:00:00+00:00
[2024-07-19T00:07:27.184+0000] {processor.py:183} INFO - Processing /home/airflow/.local/lib/python3.8/site-packages/airflow/example_dags/example_latest_only_with_trigger.py took 0.056 seconds
[2024-07-19T00:07:57.575+0000] {processor.py:161} INFO - Started process (PID=2379) to work on /home/airflow/.local/lib/python3.8/site-packages/airflow/example_dags/example_latest_only_with_trigger.py
[2024-07-19T00:07:57.575+0000] {processor.py:830} INFO - Processing file /home/airflow/.local/lib/python3.8/site-packages/airflow/example_dags/example_latest_only_with_trigger.py for tasks to queue
[2024-07-19T00:07:57.576+0000] {logging_mixin.py:188} INFO - [2024-07-19T00:07:57.576+0000] {dagbag.py:540} INFO - Filling up the DagBag from /home/airflow/.local/lib/python3.8/site-packages/airflow/example_dags/example_latest_only_with_trigger.py
[2024-07-19T00:07:57.580+0000] {processor.py:840} INFO - DAG(s) 'latest_only_with_trigger' retrieved from /home/airflow/.local/lib/python3.8/site-packages/airflow/example_dags/example_latest_only_with_trigger.py
[2024-07-19T00:07:57.596+0000] {logging_mixin.py:188} INFO - [2024-07-19T00:07:57.596+0000] {dag.py:3047} INFO - Sync 1 DAGs
[2024-07-19T00:07:57.614+0000] {logging_mixin.py:188} INFO - [2024-07-19T00:07:57.614+0000] {dag.py:3834} INFO - Setting next_dagrun for latest_only_with_trigger to 2024-07-18 20:00:00+00:00, run_after=2024-07-19 00:00:00+00:00
[2024-07-19T00:07:57.630+0000] {processor.py:183} INFO - Processing /home/airflow/.local/lib/python3.8/site-packages/airflow/example_dags/example_latest_only_with_trigger.py took 0.057 seconds
[2024-07-19T00:08:28.006+0000] {processor.py:161} INFO - Started process (PID=2433) to work on /home/airflow/.local/lib/python3.8/site-packages/airflow/example_dags/example_latest_only_with_trigger.py
[2024-07-19T00:08:28.007+0000] {processor.py:830} INFO - Processing file /home/airflow/.local/lib/python3.8/site-packages/airflow/example_dags/example_latest_only_with_trigger.py for tasks to queue
[2024-07-19T00:08:28.008+0000] {logging_mixin.py:188} INFO - [2024-07-19T00:08:28.008+0000] {dagbag.py:540} INFO - Filling up the DagBag from /home/airflow/.local/lib/python3.8/site-packages/airflow/example_dags/example_latest_only_with_trigger.py
[2024-07-19T00:08:28.012+0000] {processor.py:840} INFO - DAG(s) 'latest_only_with_trigger' retrieved from /home/airflow/.local/lib/python3.8/site-packages/airflow/example_dags/example_latest_only_with_trigger.py
[2024-07-19T00:08:28.029+0000] {logging_mixin.py:188} INFO - [2024-07-19T00:08:28.028+0000] {dag.py:3047} INFO - Sync 1 DAGs
[2024-07-19T00:08:28.046+0000] {logging_mixin.py:188} INFO - [2024-07-19T00:08:28.046+0000] {dag.py:3834} INFO - Setting next_dagrun for latest_only_with_trigger to 2024-07-18 20:00:00+00:00, run_after=2024-07-19 00:00:00+00:00
[2024-07-19T00:08:28.061+0000] {processor.py:183} INFO - Processing /home/airflow/.local/lib/python3.8/site-packages/airflow/example_dags/example_latest_only_with_trigger.py took 0.057 seconds
[2024-07-19T00:08:58.924+0000] {processor.py:161} INFO - Started process (PID=2489) to work on /home/airflow/.local/lib/python3.8/site-packages/airflow/example_dags/example_latest_only_with_trigger.py
[2024-07-19T00:08:58.925+0000] {processor.py:830} INFO - Processing file /home/airflow/.local/lib/python3.8/site-packages/airflow/example_dags/example_latest_only_with_trigger.py for tasks to queue
[2024-07-19T00:08:58.927+0000] {logging_mixin.py:188} INFO - [2024-07-19T00:08:58.926+0000] {dagbag.py:540} INFO - Filling up the DagBag from /home/airflow/.local/lib/python3.8/site-packages/airflow/example_dags/example_latest_only_with_trigger.py
[2024-07-19T00:08:58.931+0000] {processor.py:840} INFO - DAG(s) 'latest_only_with_trigger' retrieved from /home/airflow/.local/lib/python3.8/site-packages/airflow/example_dags/example_latest_only_with_trigger.py
[2024-07-19T00:08:58.949+0000] {logging_mixin.py:188} INFO - [2024-07-19T00:08:58.949+0000] {dag.py:3047} INFO - Sync 1 DAGs
[2024-07-19T00:08:59.078+0000] {logging_mixin.py:188} INFO - [2024-07-19T00:08:59.078+0000] {dag.py:3834} INFO - Setting next_dagrun for latest_only_with_trigger to 2024-07-18 20:00:00+00:00, run_after=2024-07-19 00:00:00+00:00
[2024-07-19T00:08:59.096+0000] {processor.py:183} INFO - Processing /home/airflow/.local/lib/python3.8/site-packages/airflow/example_dags/example_latest_only_with_trigger.py took 0.174 seconds
[2024-07-19T00:09:29.167+0000] {processor.py:161} INFO - Started process (PID=2545) to work on /home/airflow/.local/lib/python3.8/site-packages/airflow/example_dags/example_latest_only_with_trigger.py
[2024-07-19T00:09:29.168+0000] {processor.py:830} INFO - Processing file /home/airflow/.local/lib/python3.8/site-packages/airflow/example_dags/example_latest_only_with_trigger.py for tasks to queue
[2024-07-19T00:09:29.169+0000] {logging_mixin.py:188} INFO - [2024-07-19T00:09:29.169+0000] {dagbag.py:540} INFO - Filling up the DagBag from /home/airflow/.local/lib/python3.8/site-packages/airflow/example_dags/example_latest_only_with_trigger.py
[2024-07-19T00:09:29.174+0000] {processor.py:840} INFO - DAG(s) 'latest_only_with_trigger' retrieved from /home/airflow/.local/lib/python3.8/site-packages/airflow/example_dags/example_latest_only_with_trigger.py
[2024-07-19T00:09:29.193+0000] {logging_mixin.py:188} INFO - [2024-07-19T00:09:29.192+0000] {dag.py:3047} INFO - Sync 1 DAGs
[2024-07-19T00:09:29.216+0000] {logging_mixin.py:188} INFO - [2024-07-19T00:09:29.215+0000] {dag.py:3834} INFO - Setting next_dagrun for latest_only_with_trigger to 2024-07-18 20:00:00+00:00, run_after=2024-07-19 00:00:00+00:00
[2024-07-19T00:09:29.342+0000] {processor.py:183} INFO - Processing /home/airflow/.local/lib/python3.8/site-packages/airflow/example_dags/example_latest_only_with_trigger.py took 0.178 seconds
[2024-07-19T00:10:00.256+0000] {processor.py:161} INFO - Started process (PID=2601) to work on /home/airflow/.local/lib/python3.8/site-packages/airflow/example_dags/example_latest_only_with_trigger.py
[2024-07-19T00:10:00.259+0000] {processor.py:830} INFO - Processing file /home/airflow/.local/lib/python3.8/site-packages/airflow/example_dags/example_latest_only_with_trigger.py for tasks to queue
[2024-07-19T00:10:00.260+0000] {logging_mixin.py:188} INFO - [2024-07-19T00:10:00.260+0000] {dagbag.py:540} INFO - Filling up the DagBag from /home/airflow/.local/lib/python3.8/site-packages/airflow/example_dags/example_latest_only_with_trigger.py
[2024-07-19T00:10:00.265+0000] {processor.py:840} INFO - DAG(s) 'latest_only_with_trigger' retrieved from /home/airflow/.local/lib/python3.8/site-packages/airflow/example_dags/example_latest_only_with_trigger.py
[2024-07-19T00:10:00.283+0000] {logging_mixin.py:188} INFO - [2024-07-19T00:10:00.282+0000] {dag.py:3047} INFO - Sync 1 DAGs
[2024-07-19T00:10:00.299+0000] {logging_mixin.py:188} INFO - [2024-07-19T00:10:00.299+0000] {dag.py:3834} INFO - Setting next_dagrun for latest_only_with_trigger to 2024-07-18 20:00:00+00:00, run_after=2024-07-19 00:00:00+00:00
[2024-07-19T00:10:00.315+0000] {processor.py:183} INFO - Processing /home/airflow/.local/lib/python3.8/site-packages/airflow/example_dags/example_latest_only_with_trigger.py took 0.061 seconds
[2024-07-19T00:10:30.526+0000] {processor.py:161} INFO - Started process (PID=2658) to work on /home/airflow/.local/lib/python3.8/site-packages/airflow/example_dags/example_latest_only_with_trigger.py
[2024-07-19T00:10:30.527+0000] {processor.py:830} INFO - Processing file /home/airflow/.local/lib/python3.8/site-packages/airflow/example_dags/example_latest_only_with_trigger.py for tasks to queue
[2024-07-19T00:10:30.528+0000] {logging_mixin.py:188} INFO - [2024-07-19T00:10:30.527+0000] {dagbag.py:540} INFO - Filling up the DagBag from /home/airflow/.local/lib/python3.8/site-packages/airflow/example_dags/example_latest_only_with_trigger.py
[2024-07-19T00:10:30.532+0000] {processor.py:840} INFO - DAG(s) 'latest_only_with_trigger' retrieved from /home/airflow/.local/lib/python3.8/site-packages/airflow/example_dags/example_latest_only_with_trigger.py
[2024-07-19T00:10:30.548+0000] {logging_mixin.py:188} INFO - [2024-07-19T00:10:30.548+0000] {dag.py:3047} INFO - Sync 1 DAGs
[2024-07-19T00:10:30.564+0000] {logging_mixin.py:188} INFO - [2024-07-19T00:10:30.564+0000] {dag.py:3834} INFO - Setting next_dagrun for latest_only_with_trigger to 2024-07-18 20:00:00+00:00, run_after=2024-07-19 00:00:00+00:00
[2024-07-19T00:10:30.578+0000] {processor.py:183} INFO - Processing /home/airflow/.local/lib/python3.8/site-packages/airflow/example_dags/example_latest_only_with_trigger.py took 0.055 seconds
[2024-07-19T00:11:01.348+0000] {processor.py:161} INFO - Started process (PID=2714) to work on /home/airflow/.local/lib/python3.8/site-packages/airflow/example_dags/example_latest_only_with_trigger.py
[2024-07-19T00:11:01.350+0000] {processor.py:830} INFO - Processing file /home/airflow/.local/lib/python3.8/site-packages/airflow/example_dags/example_latest_only_with_trigger.py for tasks to queue
[2024-07-19T00:11:01.352+0000] {logging_mixin.py:188} INFO - [2024-07-19T00:11:01.351+0000] {dagbag.py:540} INFO - Filling up the DagBag from /home/airflow/.local/lib/python3.8/site-packages/airflow/example_dags/example_latest_only_with_trigger.py
[2024-07-19T00:11:01.355+0000] {processor.py:840} INFO - DAG(s) 'latest_only_with_trigger' retrieved from /home/airflow/.local/lib/python3.8/site-packages/airflow/example_dags/example_latest_only_with_trigger.py
[2024-07-19T00:11:01.374+0000] {logging_mixin.py:188} INFO - [2024-07-19T00:11:01.373+0000] {dag.py:3047} INFO - Sync 1 DAGs
[2024-07-19T00:11:01.392+0000] {logging_mixin.py:188} INFO - [2024-07-19T00:11:01.392+0000] {dag.py:3834} INFO - Setting next_dagrun for latest_only_with_trigger to 2024-07-18 20:00:00+00:00, run_after=2024-07-19 00:00:00+00:00
[2024-07-19T00:11:01.408+0000] {processor.py:183} INFO - Processing /home/airflow/.local/lib/python3.8/site-packages/airflow/example_dags/example_latest_only_with_trigger.py took 0.062 seconds
[2024-07-19T00:11:32.008+0000] {processor.py:161} INFO - Started process (PID=2776) to work on /home/airflow/.local/lib/python3.8/site-packages/airflow/example_dags/example_latest_only_with_trigger.py
[2024-07-19T00:11:32.009+0000] {processor.py:830} INFO - Processing file /home/airflow/.local/lib/python3.8/site-packages/airflow/example_dags/example_latest_only_with_trigger.py for tasks to queue
[2024-07-19T00:11:32.010+0000] {logging_mixin.py:188} INFO - [2024-07-19T00:11:32.010+0000] {dagbag.py:540} INFO - Filling up the DagBag from /home/airflow/.local/lib/python3.8/site-packages/airflow/example_dags/example_latest_only_with_trigger.py
[2024-07-19T00:11:32.014+0000] {processor.py:840} INFO - DAG(s) 'latest_only_with_trigger' retrieved from /home/airflow/.local/lib/python3.8/site-packages/airflow/example_dags/example_latest_only_with_trigger.py
[2024-07-19T00:11:32.030+0000] {logging_mixin.py:188} INFO - [2024-07-19T00:11:32.030+0000] {dag.py:3047} INFO - Sync 1 DAGs
[2024-07-19T00:11:32.048+0000] {logging_mixin.py:188} INFO - [2024-07-19T00:11:32.048+0000] {dag.py:3834} INFO - Setting next_dagrun for latest_only_with_trigger to 2024-07-18 20:00:00+00:00, run_after=2024-07-19 00:00:00+00:00
[2024-07-19T00:11:32.062+0000] {processor.py:183} INFO - Processing /home/airflow/.local/lib/python3.8/site-packages/airflow/example_dags/example_latest_only_with_trigger.py took 0.056 seconds
[2024-07-19T00:12:02.117+0000] {processor.py:161} INFO - Started process (PID=2832) to work on /home/airflow/.local/lib/python3.8/site-packages/airflow/example_dags/example_latest_only_with_trigger.py
[2024-07-19T00:12:02.117+0000] {processor.py:830} INFO - Processing file /home/airflow/.local/lib/python3.8/site-packages/airflow/example_dags/example_latest_only_with_trigger.py for tasks to queue
[2024-07-19T00:12:02.119+0000] {logging_mixin.py:188} INFO - [2024-07-19T00:12:02.118+0000] {dagbag.py:540} INFO - Filling up the DagBag from /home/airflow/.local/lib/python3.8/site-packages/airflow/example_dags/example_latest_only_with_trigger.py
[2024-07-19T00:12:02.122+0000] {processor.py:840} INFO - DAG(s) 'latest_only_with_trigger' retrieved from /home/airflow/.local/lib/python3.8/site-packages/airflow/example_dags/example_latest_only_with_trigger.py
[2024-07-19T00:12:02.138+0000] {logging_mixin.py:188} INFO - [2024-07-19T00:12:02.138+0000] {dag.py:3047} INFO - Sync 1 DAGs
[2024-07-19T00:12:02.155+0000] {logging_mixin.py:188} INFO - [2024-07-19T00:12:02.155+0000] {dag.py:3834} INFO - Setting next_dagrun for latest_only_with_trigger to 2024-07-18 20:00:00+00:00, run_after=2024-07-19 00:00:00+00:00
[2024-07-19T00:12:02.172+0000] {processor.py:183} INFO - Processing /home/airflow/.local/lib/python3.8/site-packages/airflow/example_dags/example_latest_only_with_trigger.py took 0.057 seconds
[2024-07-19T00:12:32.310+0000] {processor.py:161} INFO - Started process (PID=2888) to work on /home/airflow/.local/lib/python3.8/site-packages/airflow/example_dags/example_latest_only_with_trigger.py
[2024-07-19T00:12:32.310+0000] {processor.py:830} INFO - Processing file /home/airflow/.local/lib/python3.8/site-packages/airflow/example_dags/example_latest_only_with_trigger.py for tasks to queue
[2024-07-19T00:12:32.311+0000] {logging_mixin.py:188} INFO - [2024-07-19T00:12:32.311+0000] {dagbag.py:540} INFO - Filling up the DagBag from /home/airflow/.local/lib/python3.8/site-packages/airflow/example_dags/example_latest_only_with_trigger.py
[2024-07-19T00:12:32.316+0000] {processor.py:840} INFO - DAG(s) 'latest_only_with_trigger' retrieved from /home/airflow/.local/lib/python3.8/site-packages/airflow/example_dags/example_latest_only_with_trigger.py
[2024-07-19T00:12:32.333+0000] {logging_mixin.py:188} INFO - [2024-07-19T00:12:32.332+0000] {dag.py:3047} INFO - Sync 1 DAGs
[2024-07-19T00:12:32.352+0000] {logging_mixin.py:188} INFO - [2024-07-19T00:12:32.352+0000] {dag.py:3834} INFO - Setting next_dagrun for latest_only_with_trigger to 2024-07-18 20:00:00+00:00, run_after=2024-07-19 00:00:00+00:00
[2024-07-19T00:12:32.369+0000] {processor.py:183} INFO - Processing /home/airflow/.local/lib/python3.8/site-packages/airflow/example_dags/example_latest_only_with_trigger.py took 0.062 seconds
[2024-07-19T00:13:02.468+0000] {processor.py:161} INFO - Started process (PID=2944) to work on /home/airflow/.local/lib/python3.8/site-packages/airflow/example_dags/example_latest_only_with_trigger.py
[2024-07-19T00:13:02.471+0000] {processor.py:830} INFO - Processing file /home/airflow/.local/lib/python3.8/site-packages/airflow/example_dags/example_latest_only_with_trigger.py for tasks to queue
[2024-07-19T00:13:02.472+0000] {logging_mixin.py:188} INFO - [2024-07-19T00:13:02.472+0000] {dagbag.py:540} INFO - Filling up the DagBag from /home/airflow/.local/lib/python3.8/site-packages/airflow/example_dags/example_latest_only_with_trigger.py
[2024-07-19T00:13:02.476+0000] {processor.py:840} INFO - DAG(s) 'latest_only_with_trigger' retrieved from /home/airflow/.local/lib/python3.8/site-packages/airflow/example_dags/example_latest_only_with_trigger.py
[2024-07-19T00:13:02.494+0000] {logging_mixin.py:188} INFO - [2024-07-19T00:13:02.493+0000] {dag.py:3047} INFO - Sync 1 DAGs
[2024-07-19T00:13:02.510+0000] {logging_mixin.py:188} INFO - [2024-07-19T00:13:02.510+0000] {dag.py:3834} INFO - Setting next_dagrun for latest_only_with_trigger to 2024-07-18 20:00:00+00:00, run_after=2024-07-19 00:00:00+00:00
[2024-07-19T00:13:02.527+0000] {processor.py:183} INFO - Processing /home/airflow/.local/lib/python3.8/site-packages/airflow/example_dags/example_latest_only_with_trigger.py took 0.062 seconds
[2024-07-19T00:13:32.560+0000] {processor.py:161} INFO - Started process (PID=3000) to work on /home/airflow/.local/lib/python3.8/site-packages/airflow/example_dags/example_latest_only_with_trigger.py
[2024-07-19T00:13:32.560+0000] {processor.py:830} INFO - Processing file /home/airflow/.local/lib/python3.8/site-packages/airflow/example_dags/example_latest_only_with_trigger.py for tasks to queue
[2024-07-19T00:13:32.561+0000] {logging_mixin.py:188} INFO - [2024-07-19T00:13:32.561+0000] {dagbag.py:540} INFO - Filling up the DagBag from /home/airflow/.local/lib/python3.8/site-packages/airflow/example_dags/example_latest_only_with_trigger.py
[2024-07-19T00:13:32.566+0000] {processor.py:840} INFO - DAG(s) 'latest_only_with_trigger' retrieved from /home/airflow/.local/lib/python3.8/site-packages/airflow/example_dags/example_latest_only_with_trigger.py
[2024-07-19T00:13:32.582+0000] {logging_mixin.py:188} INFO - [2024-07-19T00:13:32.582+0000] {dag.py:3047} INFO - Sync 1 DAGs
[2024-07-19T00:13:32.600+0000] {logging_mixin.py:188} INFO - [2024-07-19T00:13:32.599+0000] {dag.py:3834} INFO - Setting next_dagrun for latest_only_with_trigger to 2024-07-18 20:00:00+00:00, run_after=2024-07-19 00:00:00+00:00
[2024-07-19T00:13:32.616+0000] {processor.py:183} INFO - Processing /home/airflow/.local/lib/python3.8/site-packages/airflow/example_dags/example_latest_only_with_trigger.py took 0.058 seconds
[2024-07-19T00:14:02.870+0000] {processor.py:161} INFO - Started process (PID=3056) to work on /home/airflow/.local/lib/python3.8/site-packages/airflow/example_dags/example_latest_only_with_trigger.py
[2024-07-19T00:14:02.871+0000] {processor.py:830} INFO - Processing file /home/airflow/.local/lib/python3.8/site-packages/airflow/example_dags/example_latest_only_with_trigger.py for tasks to queue
[2024-07-19T00:14:02.872+0000] {logging_mixin.py:188} INFO - [2024-07-19T00:14:02.872+0000] {dagbag.py:540} INFO - Filling up the DagBag from /home/airflow/.local/lib/python3.8/site-packages/airflow/example_dags/example_latest_only_with_trigger.py
[2024-07-19T00:14:02.876+0000] {processor.py:840} INFO - DAG(s) 'latest_only_with_trigger' retrieved from /home/airflow/.local/lib/python3.8/site-packages/airflow/example_dags/example_latest_only_with_trigger.py
[2024-07-19T00:14:02.895+0000] {logging_mixin.py:188} INFO - [2024-07-19T00:14:02.895+0000] {dag.py:3047} INFO - Sync 1 DAGs
[2024-07-19T00:14:02.911+0000] {logging_mixin.py:188} INFO - [2024-07-19T00:14:02.911+0000] {dag.py:3834} INFO - Setting next_dagrun for latest_only_with_trigger to 2024-07-18 20:00:00+00:00, run_after=2024-07-19 00:00:00+00:00
[2024-07-19T00:14:02.928+0000] {processor.py:183} INFO - Processing /home/airflow/.local/lib/python3.8/site-packages/airflow/example_dags/example_latest_only_with_trigger.py took 0.060 seconds
[2024-07-19T00:14:33.013+0000] {processor.py:161} INFO - Started process (PID=3112) to work on /home/airflow/.local/lib/python3.8/site-packages/airflow/example_dags/example_latest_only_with_trigger.py
[2024-07-19T00:14:33.014+0000] {processor.py:830} INFO - Processing file /home/airflow/.local/lib/python3.8/site-packages/airflow/example_dags/example_latest_only_with_trigger.py for tasks to queue
[2024-07-19T00:14:33.015+0000] {logging_mixin.py:188} INFO - [2024-07-19T00:14:33.015+0000] {dagbag.py:540} INFO - Filling up the DagBag from /home/airflow/.local/lib/python3.8/site-packages/airflow/example_dags/example_latest_only_with_trigger.py
[2024-07-19T00:14:33.019+0000] {processor.py:840} INFO - DAG(s) 'latest_only_with_trigger' retrieved from /home/airflow/.local/lib/python3.8/site-packages/airflow/example_dags/example_latest_only_with_trigger.py
[2024-07-19T00:14:33.035+0000] {logging_mixin.py:188} INFO - [2024-07-19T00:14:33.035+0000] {dag.py:3047} INFO - Sync 1 DAGs
[2024-07-19T00:14:33.053+0000] {logging_mixin.py:188} INFO - [2024-07-19T00:14:33.052+0000] {dag.py:3834} INFO - Setting next_dagrun for latest_only_with_trigger to 2024-07-18 20:00:00+00:00, run_after=2024-07-19 00:00:00+00:00
[2024-07-19T00:14:33.068+0000] {processor.py:183} INFO - Processing /home/airflow/.local/lib/python3.8/site-packages/airflow/example_dags/example_latest_only_with_trigger.py took 0.058 seconds
[2024-07-19T00:15:03.211+0000] {processor.py:161} INFO - Started process (PID=3168) to work on /home/airflow/.local/lib/python3.8/site-packages/airflow/example_dags/example_latest_only_with_trigger.py
[2024-07-19T00:15:03.211+0000] {processor.py:830} INFO - Processing file /home/airflow/.local/lib/python3.8/site-packages/airflow/example_dags/example_latest_only_with_trigger.py for tasks to queue
[2024-07-19T00:15:03.213+0000] {logging_mixin.py:188} INFO - [2024-07-19T00:15:03.212+0000] {dagbag.py:540} INFO - Filling up the DagBag from /home/airflow/.local/lib/python3.8/site-packages/airflow/example_dags/example_latest_only_with_trigger.py
[2024-07-19T00:15:03.217+0000] {processor.py:840} INFO - DAG(s) 'latest_only_with_trigger' retrieved from /home/airflow/.local/lib/python3.8/site-packages/airflow/example_dags/example_latest_only_with_trigger.py
[2024-07-19T00:15:03.233+0000] {logging_mixin.py:188} INFO - [2024-07-19T00:15:03.232+0000] {dag.py:3047} INFO - Sync 1 DAGs
[2024-07-19T00:15:03.249+0000] {logging_mixin.py:188} INFO - [2024-07-19T00:15:03.248+0000] {dag.py:3834} INFO - Setting next_dagrun for latest_only_with_trigger to 2024-07-18 20:00:00+00:00, run_after=2024-07-19 00:00:00+00:00
[2024-07-19T00:15:03.263+0000] {processor.py:183} INFO - Processing /home/airflow/.local/lib/python3.8/site-packages/airflow/example_dags/example_latest_only_with_trigger.py took 0.054 seconds
[2024-07-19T00:15:33.292+0000] {processor.py:161} INFO - Started process (PID=3224) to work on /home/airflow/.local/lib/python3.8/site-packages/airflow/example_dags/example_latest_only_with_trigger.py
[2024-07-19T00:15:33.293+0000] {processor.py:830} INFO - Processing file /home/airflow/.local/lib/python3.8/site-packages/airflow/example_dags/example_latest_only_with_trigger.py for tasks to queue
[2024-07-19T00:15:33.294+0000] {logging_mixin.py:188} INFO - [2024-07-19T00:15:33.294+0000] {dagbag.py:540} INFO - Filling up the DagBag from /home/airflow/.local/lib/python3.8/site-packages/airflow/example_dags/example_latest_only_with_trigger.py
[2024-07-19T00:15:33.298+0000] {processor.py:840} INFO - DAG(s) 'latest_only_with_trigger' retrieved from /home/airflow/.local/lib/python3.8/site-packages/airflow/example_dags/example_latest_only_with_trigger.py
[2024-07-19T00:15:33.315+0000] {logging_mixin.py:188} INFO - [2024-07-19T00:15:33.315+0000] {dag.py:3047} INFO - Sync 1 DAGs
[2024-07-19T00:15:33.333+0000] {logging_mixin.py:188} INFO - [2024-07-19T00:15:33.333+0000] {dag.py:3834} INFO - Setting next_dagrun for latest_only_with_trigger to 2024-07-18 20:00:00+00:00, run_after=2024-07-19 00:00:00+00:00
[2024-07-19T00:15:33.347+0000] {processor.py:183} INFO - Processing /home/airflow/.local/lib/python3.8/site-packages/airflow/example_dags/example_latest_only_with_trigger.py took 0.058 seconds
[2024-07-19T00:16:03.522+0000] {processor.py:161} INFO - Started process (PID=3280) to work on /home/airflow/.local/lib/python3.8/site-packages/airflow/example_dags/example_latest_only_with_trigger.py
[2024-07-19T00:16:03.523+0000] {processor.py:830} INFO - Processing file /home/airflow/.local/lib/python3.8/site-packages/airflow/example_dags/example_latest_only_with_trigger.py for tasks to queue
[2024-07-19T00:16:03.524+0000] {logging_mixin.py:188} INFO - [2024-07-19T00:16:03.524+0000] {dagbag.py:540} INFO - Filling up the DagBag from /home/airflow/.local/lib/python3.8/site-packages/airflow/example_dags/example_latest_only_with_trigger.py
[2024-07-19T00:16:03.528+0000] {processor.py:840} INFO - DAG(s) 'latest_only_with_trigger' retrieved from /home/airflow/.local/lib/python3.8/site-packages/airflow/example_dags/example_latest_only_with_trigger.py
[2024-07-19T00:16:03.545+0000] {logging_mixin.py:188} INFO - [2024-07-19T00:16:03.544+0000] {dag.py:3047} INFO - Sync 1 DAGs
[2024-07-19T00:16:03.562+0000] {logging_mixin.py:188} INFO - [2024-07-19T00:16:03.562+0000] {dag.py:3834} INFO - Setting next_dagrun for latest_only_with_trigger to 2024-07-18 20:00:00+00:00, run_after=2024-07-19 00:00:00+00:00
[2024-07-19T00:16:03.578+0000] {processor.py:183} INFO - Processing /home/airflow/.local/lib/python3.8/site-packages/airflow/example_dags/example_latest_only_with_trigger.py took 0.058 seconds
[2024-07-19T00:16:33.761+0000] {processor.py:161} INFO - Started process (PID=3336) to work on /home/airflow/.local/lib/python3.8/site-packages/airflow/example_dags/example_latest_only_with_trigger.py
[2024-07-19T00:16:33.762+0000] {processor.py:830} INFO - Processing file /home/airflow/.local/lib/python3.8/site-packages/airflow/example_dags/example_latest_only_with_trigger.py for tasks to queue
[2024-07-19T00:16:33.763+0000] {logging_mixin.py:188} INFO - [2024-07-19T00:16:33.763+0000] {dagbag.py:540} INFO - Filling up the DagBag from /home/airflow/.local/lib/python3.8/site-packages/airflow/example_dags/example_latest_only_with_trigger.py
[2024-07-19T00:16:33.767+0000] {processor.py:840} INFO - DAG(s) 'latest_only_with_trigger' retrieved from /home/airflow/.local/lib/python3.8/site-packages/airflow/example_dags/example_latest_only_with_trigger.py
[2024-07-19T00:16:33.783+0000] {logging_mixin.py:188} INFO - [2024-07-19T00:16:33.783+0000] {dag.py:3047} INFO - Sync 1 DAGs
[2024-07-19T00:16:33.801+0000] {logging_mixin.py:188} INFO - [2024-07-19T00:16:33.801+0000] {dag.py:3834} INFO - Setting next_dagrun for latest_only_with_trigger to 2024-07-18 20:00:00+00:00, run_after=2024-07-19 00:00:00+00:00
[2024-07-19T00:16:33.818+0000] {processor.py:183} INFO - Processing /home/airflow/.local/lib/python3.8/site-packages/airflow/example_dags/example_latest_only_with_trigger.py took 0.059 seconds
[2024-07-19T00:17:03.937+0000] {processor.py:161} INFO - Started process (PID=3392) to work on /home/airflow/.local/lib/python3.8/site-packages/airflow/example_dags/example_latest_only_with_trigger.py
[2024-07-19T00:17:03.937+0000] {processor.py:830} INFO - Processing file /home/airflow/.local/lib/python3.8/site-packages/airflow/example_dags/example_latest_only_with_trigger.py for tasks to queue
[2024-07-19T00:17:03.939+0000] {logging_mixin.py:188} INFO - [2024-07-19T00:17:03.938+0000] {dagbag.py:540} INFO - Filling up the DagBag from /home/airflow/.local/lib/python3.8/site-packages/airflow/example_dags/example_latest_only_with_trigger.py
[2024-07-19T00:17:03.942+0000] {processor.py:840} INFO - DAG(s) 'latest_only_with_trigger' retrieved from /home/airflow/.local/lib/python3.8/site-packages/airflow/example_dags/example_latest_only_with_trigger.py
[2024-07-19T00:17:03.958+0000] {logging_mixin.py:188} INFO - [2024-07-19T00:17:03.957+0000] {dag.py:3047} INFO - Sync 1 DAGs
[2024-07-19T00:17:03.973+0000] {logging_mixin.py:188} INFO - [2024-07-19T00:17:03.973+0000] {dag.py:3834} INFO - Setting next_dagrun for latest_only_with_trigger to 2024-07-18 20:00:00+00:00, run_after=2024-07-19 00:00:00+00:00
[2024-07-19T00:17:03.988+0000] {processor.py:183} INFO - Processing /home/airflow/.local/lib/python3.8/site-packages/airflow/example_dags/example_latest_only_with_trigger.py took 0.053 seconds
[2024-07-19T00:18:08.210+0000] {processor.py:161} INFO - Started process (PID=82) to work on /home/airflow/.local/lib/python3.8/site-packages/airflow/example_dags/example_latest_only_with_trigger.py
[2024-07-19T00:18:08.216+0000] {processor.py:830} INFO - Processing file /home/airflow/.local/lib/python3.8/site-packages/airflow/example_dags/example_latest_only_with_trigger.py for tasks to queue
[2024-07-19T00:18:08.225+0000] {logging_mixin.py:188} INFO - [2024-07-19T00:18:08.224+0000] {dagbag.py:540} INFO - Filling up the DagBag from /home/airflow/.local/lib/python3.8/site-packages/airflow/example_dags/example_latest_only_with_trigger.py
[2024-07-19T00:18:08.234+0000] {processor.py:840} INFO - DAG(s) 'latest_only_with_trigger' retrieved from /home/airflow/.local/lib/python3.8/site-packages/airflow/example_dags/example_latest_only_with_trigger.py
[2024-07-19T00:18:08.257+0000] {logging_mixin.py:188} INFO - [2024-07-19T00:18:08.256+0000] {dag.py:3047} INFO - Sync 1 DAGs
[2024-07-19T00:18:08.289+0000] {logging_mixin.py:188} INFO - [2024-07-19T00:18:08.289+0000] {dag.py:3834} INFO - Setting next_dagrun for latest_only_with_trigger to 2024-07-18 20:00:00+00:00, run_after=2024-07-19 00:00:00+00:00
[2024-07-19T00:18:08.315+0000] {processor.py:183} INFO - Processing /home/airflow/.local/lib/python3.8/site-packages/airflow/example_dags/example_latest_only_with_trigger.py took 0.115 seconds
[2024-07-19T00:18:39.920+0000] {processor.py:161} INFO - Started process (PID=138) to work on /home/airflow/.local/lib/python3.8/site-packages/airflow/example_dags/example_latest_only_with_trigger.py
[2024-07-19T00:18:39.921+0000] {processor.py:830} INFO - Processing file /home/airflow/.local/lib/python3.8/site-packages/airflow/example_dags/example_latest_only_with_trigger.py for tasks to queue
[2024-07-19T00:18:39.922+0000] {logging_mixin.py:188} INFO - [2024-07-19T00:18:39.922+0000] {dagbag.py:540} INFO - Filling up the DagBag from /home/airflow/.local/lib/python3.8/site-packages/airflow/example_dags/example_latest_only_with_trigger.py
[2024-07-19T00:18:39.927+0000] {processor.py:840} INFO - DAG(s) 'latest_only_with_trigger' retrieved from /home/airflow/.local/lib/python3.8/site-packages/airflow/example_dags/example_latest_only_with_trigger.py
[2024-07-19T00:18:40.013+0000] {logging_mixin.py:188} INFO - [2024-07-19T00:18:40.013+0000] {dag.py:3047} INFO - Sync 1 DAGs
[2024-07-19T00:18:40.028+0000] {logging_mixin.py:188} INFO - [2024-07-19T00:18:40.028+0000] {dag.py:3834} INFO - Setting next_dagrun for latest_only_with_trigger to 2024-07-18 20:00:00+00:00, run_after=2024-07-19 00:00:00+00:00
[2024-07-19T00:18:40.044+0000] {processor.py:183} INFO - Processing /home/airflow/.local/lib/python3.8/site-packages/airflow/example_dags/example_latest_only_with_trigger.py took 0.126 seconds
[2024-07-19T00:19:10.221+0000] {processor.py:161} INFO - Started process (PID=194) to work on /home/airflow/.local/lib/python3.8/site-packages/airflow/example_dags/example_latest_only_with_trigger.py
[2024-07-19T00:19:10.222+0000] {processor.py:830} INFO - Processing file /home/airflow/.local/lib/python3.8/site-packages/airflow/example_dags/example_latest_only_with_trigger.py for tasks to queue
[2024-07-19T00:19:10.222+0000] {logging_mixin.py:188} INFO - [2024-07-19T00:19:10.222+0000] {dagbag.py:540} INFO - Filling up the DagBag from /home/airflow/.local/lib/python3.8/site-packages/airflow/example_dags/example_latest_only_with_trigger.py
[2024-07-19T00:19:10.228+0000] {processor.py:840} INFO - DAG(s) 'latest_only_with_trigger' retrieved from /home/airflow/.local/lib/python3.8/site-packages/airflow/example_dags/example_latest_only_with_trigger.py
[2024-07-19T00:19:10.244+0000] {logging_mixin.py:188} INFO - [2024-07-19T00:19:10.244+0000] {dag.py:3047} INFO - Sync 1 DAGs
[2024-07-19T00:19:10.262+0000] {logging_mixin.py:188} INFO - [2024-07-19T00:19:10.262+0000] {dag.py:3834} INFO - Setting next_dagrun for latest_only_with_trigger to 2024-07-18 20:00:00+00:00, run_after=2024-07-19 00:00:00+00:00
[2024-07-19T00:19:10.276+0000] {processor.py:183} INFO - Processing /home/airflow/.local/lib/python3.8/site-packages/airflow/example_dags/example_latest_only_with_trigger.py took 0.058 seconds
[2024-07-19T00:19:40.638+0000] {processor.py:161} INFO - Started process (PID=250) to work on /home/airflow/.local/lib/python3.8/site-packages/airflow/example_dags/example_latest_only_with_trigger.py
[2024-07-19T00:19:40.638+0000] {processor.py:830} INFO - Processing file /home/airflow/.local/lib/python3.8/site-packages/airflow/example_dags/example_latest_only_with_trigger.py for tasks to queue
[2024-07-19T00:19:40.639+0000] {logging_mixin.py:188} INFO - [2024-07-19T00:19:40.639+0000] {dagbag.py:540} INFO - Filling up the DagBag from /home/airflow/.local/lib/python3.8/site-packages/airflow/example_dags/example_latest_only_with_trigger.py
[2024-07-19T00:19:40.644+0000] {processor.py:840} INFO - DAG(s) 'latest_only_with_trigger' retrieved from /home/airflow/.local/lib/python3.8/site-packages/airflow/example_dags/example_latest_only_with_trigger.py
[2024-07-19T00:19:40.662+0000] {logging_mixin.py:188} INFO - [2024-07-19T00:19:40.662+0000] {dag.py:3047} INFO - Sync 1 DAGs
[2024-07-19T00:19:40.680+0000] {logging_mixin.py:188} INFO - [2024-07-19T00:19:40.680+0000] {dag.py:3834} INFO - Setting next_dagrun for latest_only_with_trigger to 2024-07-18 20:00:00+00:00, run_after=2024-07-19 00:00:00+00:00
[2024-07-19T00:19:40.696+0000] {processor.py:183} INFO - Processing /home/airflow/.local/lib/python3.8/site-packages/airflow/example_dags/example_latest_only_with_trigger.py took 0.061 seconds
[2024-07-19T00:20:11.572+0000] {processor.py:161} INFO - Started process (PID=306) to work on /home/airflow/.local/lib/python3.8/site-packages/airflow/example_dags/example_latest_only_with_trigger.py
[2024-07-19T00:20:11.573+0000] {processor.py:830} INFO - Processing file /home/airflow/.local/lib/python3.8/site-packages/airflow/example_dags/example_latest_only_with_trigger.py for tasks to queue
[2024-07-19T00:20:11.574+0000] {logging_mixin.py:188} INFO - [2024-07-19T00:20:11.574+0000] {dagbag.py:540} INFO - Filling up the DagBag from /home/airflow/.local/lib/python3.8/site-packages/airflow/example_dags/example_latest_only_with_trigger.py
[2024-07-19T00:20:11.578+0000] {processor.py:840} INFO - DAG(s) 'latest_only_with_trigger' retrieved from /home/airflow/.local/lib/python3.8/site-packages/airflow/example_dags/example_latest_only_with_trigger.py
[2024-07-19T00:20:11.594+0000] {logging_mixin.py:188} INFO - [2024-07-19T00:20:11.593+0000] {dag.py:3047} INFO - Sync 1 DAGs
[2024-07-19T00:20:11.612+0000] {logging_mixin.py:188} INFO - [2024-07-19T00:20:11.611+0000] {dag.py:3834} INFO - Setting next_dagrun for latest_only_with_trigger to 2024-07-18 20:00:00+00:00, run_after=2024-07-19 00:00:00+00:00
[2024-07-19T00:20:11.627+0000] {processor.py:183} INFO - Processing /home/airflow/.local/lib/python3.8/site-packages/airflow/example_dags/example_latest_only_with_trigger.py took 0.057 seconds
[2024-07-19T00:20:41.731+0000] {processor.py:161} INFO - Started process (PID=363) to work on /home/airflow/.local/lib/python3.8/site-packages/airflow/example_dags/example_latest_only_with_trigger.py
[2024-07-19T00:20:41.732+0000] {processor.py:830} INFO - Processing file /home/airflow/.local/lib/python3.8/site-packages/airflow/example_dags/example_latest_only_with_trigger.py for tasks to queue
[2024-07-19T00:20:41.732+0000] {logging_mixin.py:188} INFO - [2024-07-19T00:20:41.732+0000] {dagbag.py:540} INFO - Filling up the DagBag from /home/airflow/.local/lib/python3.8/site-packages/airflow/example_dags/example_latest_only_with_trigger.py
[2024-07-19T00:20:41.737+0000] {processor.py:840} INFO - DAG(s) 'latest_only_with_trigger' retrieved from /home/airflow/.local/lib/python3.8/site-packages/airflow/example_dags/example_latest_only_with_trigger.py
[2024-07-19T00:20:41.753+0000] {logging_mixin.py:188} INFO - [2024-07-19T00:20:41.753+0000] {dag.py:3047} INFO - Sync 1 DAGs
[2024-07-19T00:20:41.772+0000] {logging_mixin.py:188} INFO - [2024-07-19T00:20:41.772+0000] {dag.py:3834} INFO - Setting next_dagrun for latest_only_with_trigger to 2024-07-18 20:00:00+00:00, run_after=2024-07-19 00:00:00+00:00
[2024-07-19T00:20:41.788+0000] {processor.py:183} INFO - Processing /home/airflow/.local/lib/python3.8/site-packages/airflow/example_dags/example_latest_only_with_trigger.py took 0.059 seconds
[2024-07-19T00:21:11.996+0000] {processor.py:161} INFO - Started process (PID=419) to work on /home/airflow/.local/lib/python3.8/site-packages/airflow/example_dags/example_latest_only_with_trigger.py
[2024-07-19T00:21:11.997+0000] {processor.py:830} INFO - Processing file /home/airflow/.local/lib/python3.8/site-packages/airflow/example_dags/example_latest_only_with_trigger.py for tasks to queue
[2024-07-19T00:21:11.997+0000] {logging_mixin.py:188} INFO - [2024-07-19T00:21:11.997+0000] {dagbag.py:540} INFO - Filling up the DagBag from /home/airflow/.local/lib/python3.8/site-packages/airflow/example_dags/example_latest_only_with_trigger.py
[2024-07-19T00:21:12.002+0000] {processor.py:840} INFO - DAG(s) 'latest_only_with_trigger' retrieved from /home/airflow/.local/lib/python3.8/site-packages/airflow/example_dags/example_latest_only_with_trigger.py
[2024-07-19T00:21:12.019+0000] {logging_mixin.py:188} INFO - [2024-07-19T00:21:12.018+0000] {dag.py:3047} INFO - Sync 1 DAGs
[2024-07-19T00:21:12.036+0000] {logging_mixin.py:188} INFO - [2024-07-19T00:21:12.036+0000] {dag.py:3834} INFO - Setting next_dagrun for latest_only_with_trigger to 2024-07-18 20:00:00+00:00, run_after=2024-07-19 00:00:00+00:00
[2024-07-19T00:21:12.051+0000] {processor.py:183} INFO - Processing /home/airflow/.local/lib/python3.8/site-packages/airflow/example_dags/example_latest_only_with_trigger.py took 0.057 seconds
[2024-07-19T00:21:42.236+0000] {processor.py:161} INFO - Started process (PID=475) to work on /home/airflow/.local/lib/python3.8/site-packages/airflow/example_dags/example_latest_only_with_trigger.py
[2024-07-19T00:21:42.236+0000] {processor.py:830} INFO - Processing file /home/airflow/.local/lib/python3.8/site-packages/airflow/example_dags/example_latest_only_with_trigger.py for tasks to queue
[2024-07-19T00:21:42.237+0000] {logging_mixin.py:188} INFO - [2024-07-19T00:21:42.237+0000] {dagbag.py:540} INFO - Filling up the DagBag from /home/airflow/.local/lib/python3.8/site-packages/airflow/example_dags/example_latest_only_with_trigger.py
[2024-07-19T00:21:42.242+0000] {processor.py:840} INFO - DAG(s) 'latest_only_with_trigger' retrieved from /home/airflow/.local/lib/python3.8/site-packages/airflow/example_dags/example_latest_only_with_trigger.py
[2024-07-19T00:21:42.262+0000] {logging_mixin.py:188} INFO - [2024-07-19T00:21:42.262+0000] {dag.py:3047} INFO - Sync 1 DAGs
[2024-07-19T00:21:42.282+0000] {logging_mixin.py:188} INFO - [2024-07-19T00:21:42.282+0000] {dag.py:3834} INFO - Setting next_dagrun for latest_only_with_trigger to 2024-07-18 20:00:00+00:00, run_after=2024-07-19 00:00:00+00:00
[2024-07-19T00:21:42.304+0000] {processor.py:183} INFO - Processing /home/airflow/.local/lib/python3.8/site-packages/airflow/example_dags/example_latest_only_with_trigger.py took 0.071 seconds
[2024-07-19T00:22:12.917+0000] {processor.py:161} INFO - Started process (PID=531) to work on /home/airflow/.local/lib/python3.8/site-packages/airflow/example_dags/example_latest_only_with_trigger.py
[2024-07-19T00:22:12.918+0000] {processor.py:830} INFO - Processing file /home/airflow/.local/lib/python3.8/site-packages/airflow/example_dags/example_latest_only_with_trigger.py for tasks to queue
[2024-07-19T00:22:12.919+0000] {logging_mixin.py:188} INFO - [2024-07-19T00:22:12.919+0000] {dagbag.py:540} INFO - Filling up the DagBag from /home/airflow/.local/lib/python3.8/site-packages/airflow/example_dags/example_latest_only_with_trigger.py
[2024-07-19T00:22:12.925+0000] {processor.py:840} INFO - DAG(s) 'latest_only_with_trigger' retrieved from /home/airflow/.local/lib/python3.8/site-packages/airflow/example_dags/example_latest_only_with_trigger.py
[2024-07-19T00:22:12.942+0000] {logging_mixin.py:188} INFO - [2024-07-19T00:22:12.942+0000] {dag.py:3047} INFO - Sync 1 DAGs
[2024-07-19T00:22:12.962+0000] {logging_mixin.py:188} INFO - [2024-07-19T00:22:12.962+0000] {dag.py:3834} INFO - Setting next_dagrun for latest_only_with_trigger to 2024-07-18 20:00:00+00:00, run_after=2024-07-19 00:00:00+00:00
[2024-07-19T00:22:12.980+0000] {processor.py:183} INFO - Processing /home/airflow/.local/lib/python3.8/site-packages/airflow/example_dags/example_latest_only_with_trigger.py took 0.067 seconds
[2024-07-19T00:22:43.085+0000] {processor.py:161} INFO - Started process (PID=587) to work on /home/airflow/.local/lib/python3.8/site-packages/airflow/example_dags/example_latest_only_with_trigger.py
[2024-07-19T00:22:43.086+0000] {processor.py:830} INFO - Processing file /home/airflow/.local/lib/python3.8/site-packages/airflow/example_dags/example_latest_only_with_trigger.py for tasks to queue
[2024-07-19T00:22:43.086+0000] {logging_mixin.py:188} INFO - [2024-07-19T00:22:43.086+0000] {dagbag.py:540} INFO - Filling up the DagBag from /home/airflow/.local/lib/python3.8/site-packages/airflow/example_dags/example_latest_only_with_trigger.py
[2024-07-19T00:22:43.091+0000] {processor.py:840} INFO - DAG(s) 'latest_only_with_trigger' retrieved from /home/airflow/.local/lib/python3.8/site-packages/airflow/example_dags/example_latest_only_with_trigger.py
[2024-07-19T00:22:43.109+0000] {logging_mixin.py:188} INFO - [2024-07-19T00:22:43.109+0000] {dag.py:3047} INFO - Sync 1 DAGs
[2024-07-19T00:22:43.131+0000] {logging_mixin.py:188} INFO - [2024-07-19T00:22:43.130+0000] {dag.py:3834} INFO - Setting next_dagrun for latest_only_with_trigger to 2024-07-18 20:00:00+00:00, run_after=2024-07-19 00:00:00+00:00
[2024-07-19T00:22:43.150+0000] {processor.py:183} INFO - Processing /home/airflow/.local/lib/python3.8/site-packages/airflow/example_dags/example_latest_only_with_trigger.py took 0.067 seconds
[2024-07-19T00:23:13.436+0000] {processor.py:161} INFO - Started process (PID=643) to work on /home/airflow/.local/lib/python3.8/site-packages/airflow/example_dags/example_latest_only_with_trigger.py
[2024-07-19T00:23:13.438+0000] {processor.py:830} INFO - Processing file /home/airflow/.local/lib/python3.8/site-packages/airflow/example_dags/example_latest_only_with_trigger.py for tasks to queue
[2024-07-19T00:23:13.438+0000] {logging_mixin.py:188} INFO - [2024-07-19T00:23:13.438+0000] {dagbag.py:540} INFO - Filling up the DagBag from /home/airflow/.local/lib/python3.8/site-packages/airflow/example_dags/example_latest_only_with_trigger.py
[2024-07-19T00:23:13.445+0000] {processor.py:840} INFO - DAG(s) 'latest_only_with_trigger' retrieved from /home/airflow/.local/lib/python3.8/site-packages/airflow/example_dags/example_latest_only_with_trigger.py
[2024-07-19T00:23:13.465+0000] {logging_mixin.py:188} INFO - [2024-07-19T00:23:13.465+0000] {dag.py:3047} INFO - Sync 1 DAGs
[2024-07-19T00:23:13.484+0000] {logging_mixin.py:188} INFO - [2024-07-19T00:23:13.484+0000] {dag.py:3834} INFO - Setting next_dagrun for latest_only_with_trigger to 2024-07-18 20:00:00+00:00, run_after=2024-07-19 00:00:00+00:00
[2024-07-19T00:23:13.506+0000] {processor.py:183} INFO - Processing /home/airflow/.local/lib/python3.8/site-packages/airflow/example_dags/example_latest_only_with_trigger.py took 0.072 seconds
[2024-07-19T00:23:43.655+0000] {processor.py:161} INFO - Started process (PID=699) to work on /home/airflow/.local/lib/python3.8/site-packages/airflow/example_dags/example_latest_only_with_trigger.py
[2024-07-19T00:23:43.656+0000] {processor.py:830} INFO - Processing file /home/airflow/.local/lib/python3.8/site-packages/airflow/example_dags/example_latest_only_with_trigger.py for tasks to queue
[2024-07-19T00:23:43.656+0000] {logging_mixin.py:188} INFO - [2024-07-19T00:23:43.656+0000] {dagbag.py:540} INFO - Filling up the DagBag from /home/airflow/.local/lib/python3.8/site-packages/airflow/example_dags/example_latest_only_with_trigger.py
[2024-07-19T00:23:43.661+0000] {processor.py:840} INFO - DAG(s) 'latest_only_with_trigger' retrieved from /home/airflow/.local/lib/python3.8/site-packages/airflow/example_dags/example_latest_only_with_trigger.py
[2024-07-19T00:23:43.678+0000] {logging_mixin.py:188} INFO - [2024-07-19T00:23:43.678+0000] {dag.py:3047} INFO - Sync 1 DAGs
[2024-07-19T00:23:43.697+0000] {logging_mixin.py:188} INFO - [2024-07-19T00:23:43.696+0000] {dag.py:3834} INFO - Setting next_dagrun for latest_only_with_trigger to 2024-07-18 20:00:00+00:00, run_after=2024-07-19 00:00:00+00:00
[2024-07-19T00:23:43.713+0000] {processor.py:183} INFO - Processing /home/airflow/.local/lib/python3.8/site-packages/airflow/example_dags/example_latest_only_with_trigger.py took 0.060 seconds
[2024-07-19T00:24:13.766+0000] {processor.py:161} INFO - Started process (PID=755) to work on /home/airflow/.local/lib/python3.8/site-packages/airflow/example_dags/example_latest_only_with_trigger.py
[2024-07-19T00:24:13.767+0000] {processor.py:830} INFO - Processing file /home/airflow/.local/lib/python3.8/site-packages/airflow/example_dags/example_latest_only_with_trigger.py for tasks to queue
[2024-07-19T00:24:13.767+0000] {logging_mixin.py:188} INFO - [2024-07-19T00:24:13.767+0000] {dagbag.py:540} INFO - Filling up the DagBag from /home/airflow/.local/lib/python3.8/site-packages/airflow/example_dags/example_latest_only_with_trigger.py
[2024-07-19T00:24:13.772+0000] {processor.py:840} INFO - DAG(s) 'latest_only_with_trigger' retrieved from /home/airflow/.local/lib/python3.8/site-packages/airflow/example_dags/example_latest_only_with_trigger.py
[2024-07-19T00:24:13.790+0000] {logging_mixin.py:188} INFO - [2024-07-19T00:24:13.789+0000] {dag.py:3047} INFO - Sync 1 DAGs
[2024-07-19T00:24:13.807+0000] {logging_mixin.py:188} INFO - [2024-07-19T00:24:13.807+0000] {dag.py:3834} INFO - Setting next_dagrun for latest_only_with_trigger to 2024-07-18 20:00:00+00:00, run_after=2024-07-19 00:00:00+00:00
[2024-07-19T00:24:13.823+0000] {processor.py:183} INFO - Processing /home/airflow/.local/lib/python3.8/site-packages/airflow/example_dags/example_latest_only_with_trigger.py took 0.059 seconds
[2024-07-19T00:24:43.876+0000] {processor.py:161} INFO - Started process (PID=811) to work on /home/airflow/.local/lib/python3.8/site-packages/airflow/example_dags/example_latest_only_with_trigger.py
[2024-07-19T00:24:43.877+0000] {processor.py:830} INFO - Processing file /home/airflow/.local/lib/python3.8/site-packages/airflow/example_dags/example_latest_only_with_trigger.py for tasks to queue
[2024-07-19T00:24:43.878+0000] {logging_mixin.py:188} INFO - [2024-07-19T00:24:43.877+0000] {dagbag.py:540} INFO - Filling up the DagBag from /home/airflow/.local/lib/python3.8/site-packages/airflow/example_dags/example_latest_only_with_trigger.py
[2024-07-19T00:24:43.882+0000] {processor.py:840} INFO - DAG(s) 'latest_only_with_trigger' retrieved from /home/airflow/.local/lib/python3.8/site-packages/airflow/example_dags/example_latest_only_with_trigger.py
[2024-07-19T00:24:43.899+0000] {logging_mixin.py:188} INFO - [2024-07-19T00:24:43.899+0000] {dag.py:3047} INFO - Sync 1 DAGs
[2024-07-19T00:24:43.919+0000] {logging_mixin.py:188} INFO - [2024-07-19T00:24:43.919+0000] {dag.py:3834} INFO - Setting next_dagrun for latest_only_with_trigger to 2024-07-18 20:00:00+00:00, run_after=2024-07-19 00:00:00+00:00
[2024-07-19T00:24:43.936+0000] {processor.py:183} INFO - Processing /home/airflow/.local/lib/python3.8/site-packages/airflow/example_dags/example_latest_only_with_trigger.py took 0.062 seconds
[2024-07-19T00:25:13.988+0000] {processor.py:161} INFO - Started process (PID=867) to work on /home/airflow/.local/lib/python3.8/site-packages/airflow/example_dags/example_latest_only_with_trigger.py
[2024-07-19T00:25:13.989+0000] {processor.py:830} INFO - Processing file /home/airflow/.local/lib/python3.8/site-packages/airflow/example_dags/example_latest_only_with_trigger.py for tasks to queue
[2024-07-19T00:25:13.989+0000] {logging_mixin.py:188} INFO - [2024-07-19T00:25:13.989+0000] {dagbag.py:540} INFO - Filling up the DagBag from /home/airflow/.local/lib/python3.8/site-packages/airflow/example_dags/example_latest_only_with_trigger.py
[2024-07-19T00:25:13.994+0000] {processor.py:840} INFO - DAG(s) 'latest_only_with_trigger' retrieved from /home/airflow/.local/lib/python3.8/site-packages/airflow/example_dags/example_latest_only_with_trigger.py
[2024-07-19T00:25:14.011+0000] {logging_mixin.py:188} INFO - [2024-07-19T00:25:14.010+0000] {dag.py:3047} INFO - Sync 1 DAGs
[2024-07-19T00:25:14.029+0000] {logging_mixin.py:188} INFO - [2024-07-19T00:25:14.029+0000] {dag.py:3834} INFO - Setting next_dagrun for latest_only_with_trigger to 2024-07-18 20:00:00+00:00, run_after=2024-07-19 00:00:00+00:00
[2024-07-19T00:25:14.044+0000] {processor.py:183} INFO - Processing /home/airflow/.local/lib/python3.8/site-packages/airflow/example_dags/example_latest_only_with_trigger.py took 0.058 seconds
[2024-07-19T00:25:44.832+0000] {processor.py:161} INFO - Started process (PID=923) to work on /home/airflow/.local/lib/python3.8/site-packages/airflow/example_dags/example_latest_only_with_trigger.py
[2024-07-19T00:25:44.833+0000] {processor.py:830} INFO - Processing file /home/airflow/.local/lib/python3.8/site-packages/airflow/example_dags/example_latest_only_with_trigger.py for tasks to queue
[2024-07-19T00:25:44.834+0000] {logging_mixin.py:188} INFO - [2024-07-19T00:25:44.833+0000] {dagbag.py:540} INFO - Filling up the DagBag from /home/airflow/.local/lib/python3.8/site-packages/airflow/example_dags/example_latest_only_with_trigger.py
[2024-07-19T00:25:44.839+0000] {processor.py:840} INFO - DAG(s) 'latest_only_with_trigger' retrieved from /home/airflow/.local/lib/python3.8/site-packages/airflow/example_dags/example_latest_only_with_trigger.py
[2024-07-19T00:25:44.857+0000] {logging_mixin.py:188} INFO - [2024-07-19T00:25:44.856+0000] {dag.py:3047} INFO - Sync 1 DAGs
[2024-07-19T00:25:44.874+0000] {logging_mixin.py:188} INFO - [2024-07-19T00:25:44.874+0000] {dag.py:3834} INFO - Setting next_dagrun for latest_only_with_trigger to 2024-07-18 20:00:00+00:00, run_after=2024-07-19 00:00:00+00:00
[2024-07-19T00:25:44.890+0000] {processor.py:183} INFO - Processing /home/airflow/.local/lib/python3.8/site-packages/airflow/example_dags/example_latest_only_with_trigger.py took 0.060 seconds
[2024-07-19T00:26:15.105+0000] {processor.py:161} INFO - Started process (PID=979) to work on /home/airflow/.local/lib/python3.8/site-packages/airflow/example_dags/example_latest_only_with_trigger.py
[2024-07-19T00:26:15.106+0000] {processor.py:830} INFO - Processing file /home/airflow/.local/lib/python3.8/site-packages/airflow/example_dags/example_latest_only_with_trigger.py for tasks to queue
[2024-07-19T00:26:15.107+0000] {logging_mixin.py:188} INFO - [2024-07-19T00:26:15.107+0000] {dagbag.py:540} INFO - Filling up the DagBag from /home/airflow/.local/lib/python3.8/site-packages/airflow/example_dags/example_latest_only_with_trigger.py
[2024-07-19T00:26:15.111+0000] {processor.py:840} INFO - DAG(s) 'latest_only_with_trigger' retrieved from /home/airflow/.local/lib/python3.8/site-packages/airflow/example_dags/example_latest_only_with_trigger.py
[2024-07-19T00:26:15.127+0000] {logging_mixin.py:188} INFO - [2024-07-19T00:26:15.127+0000] {dag.py:3047} INFO - Sync 1 DAGs
[2024-07-19T00:26:15.144+0000] {logging_mixin.py:188} INFO - [2024-07-19T00:26:15.144+0000] {dag.py:3834} INFO - Setting next_dagrun for latest_only_with_trigger to 2024-07-18 20:00:00+00:00, run_after=2024-07-19 00:00:00+00:00
[2024-07-19T00:26:15.161+0000] {processor.py:183} INFO - Processing /home/airflow/.local/lib/python3.8/site-packages/airflow/example_dags/example_latest_only_with_trigger.py took 0.057 seconds
[2024-07-19T00:26:45.301+0000] {processor.py:161} INFO - Started process (PID=1035) to work on /home/airflow/.local/lib/python3.8/site-packages/airflow/example_dags/example_latest_only_with_trigger.py
[2024-07-19T00:26:45.302+0000] {processor.py:830} INFO - Processing file /home/airflow/.local/lib/python3.8/site-packages/airflow/example_dags/example_latest_only_with_trigger.py for tasks to queue
[2024-07-19T00:26:45.302+0000] {logging_mixin.py:188} INFO - [2024-07-19T00:26:45.302+0000] {dagbag.py:540} INFO - Filling up the DagBag from /home/airflow/.local/lib/python3.8/site-packages/airflow/example_dags/example_latest_only_with_trigger.py
[2024-07-19T00:26:45.306+0000] {processor.py:840} INFO - DAG(s) 'latest_only_with_trigger' retrieved from /home/airflow/.local/lib/python3.8/site-packages/airflow/example_dags/example_latest_only_with_trigger.py
[2024-07-19T00:26:45.322+0000] {logging_mixin.py:188} INFO - [2024-07-19T00:26:45.322+0000] {dag.py:3047} INFO - Sync 1 DAGs
[2024-07-19T00:26:45.339+0000] {logging_mixin.py:188} INFO - [2024-07-19T00:26:45.339+0000] {dag.py:3834} INFO - Setting next_dagrun for latest_only_with_trigger to 2024-07-18 20:00:00+00:00, run_after=2024-07-19 00:00:00+00:00
[2024-07-19T00:26:45.354+0000] {processor.py:183} INFO - Processing /home/airflow/.local/lib/python3.8/site-packages/airflow/example_dags/example_latest_only_with_trigger.py took 0.056 seconds
[2024-07-19T00:27:15.718+0000] {processor.py:161} INFO - Started process (PID=1091) to work on /home/airflow/.local/lib/python3.8/site-packages/airflow/example_dags/example_latest_only_with_trigger.py
[2024-07-19T00:27:15.719+0000] {processor.py:830} INFO - Processing file /home/airflow/.local/lib/python3.8/site-packages/airflow/example_dags/example_latest_only_with_trigger.py for tasks to queue
[2024-07-19T00:27:15.719+0000] {logging_mixin.py:188} INFO - [2024-07-19T00:27:15.719+0000] {dagbag.py:540} INFO - Filling up the DagBag from /home/airflow/.local/lib/python3.8/site-packages/airflow/example_dags/example_latest_only_with_trigger.py
[2024-07-19T00:27:15.724+0000] {processor.py:840} INFO - DAG(s) 'latest_only_with_trigger' retrieved from /home/airflow/.local/lib/python3.8/site-packages/airflow/example_dags/example_latest_only_with_trigger.py
[2024-07-19T00:27:15.740+0000] {logging_mixin.py:188} INFO - [2024-07-19T00:27:15.740+0000] {dag.py:3047} INFO - Sync 1 DAGs
[2024-07-19T00:27:15.756+0000] {logging_mixin.py:188} INFO - [2024-07-19T00:27:15.756+0000] {dag.py:3834} INFO - Setting next_dagrun for latest_only_with_trigger to 2024-07-18 20:00:00+00:00, run_after=2024-07-19 00:00:00+00:00
[2024-07-19T00:27:15.770+0000] {processor.py:183} INFO - Processing /home/airflow/.local/lib/python3.8/site-packages/airflow/example_dags/example_latest_only_with_trigger.py took 0.055 seconds
[2024-07-19T00:27:46.651+0000] {processor.py:161} INFO - Started process (PID=1148) to work on /home/airflow/.local/lib/python3.8/site-packages/airflow/example_dags/example_latest_only_with_trigger.py
[2024-07-19T00:27:46.652+0000] {processor.py:830} INFO - Processing file /home/airflow/.local/lib/python3.8/site-packages/airflow/example_dags/example_latest_only_with_trigger.py for tasks to queue
[2024-07-19T00:27:46.652+0000] {logging_mixin.py:188} INFO - [2024-07-19T00:27:46.652+0000] {dagbag.py:540} INFO - Filling up the DagBag from /home/airflow/.local/lib/python3.8/site-packages/airflow/example_dags/example_latest_only_with_trigger.py
[2024-07-19T00:27:46.657+0000] {processor.py:840} INFO - DAG(s) 'latest_only_with_trigger' retrieved from /home/airflow/.local/lib/python3.8/site-packages/airflow/example_dags/example_latest_only_with_trigger.py
[2024-07-19T00:27:46.673+0000] {logging_mixin.py:188} INFO - [2024-07-19T00:27:46.672+0000] {dag.py:3047} INFO - Sync 1 DAGs
[2024-07-19T00:27:46.690+0000] {logging_mixin.py:188} INFO - [2024-07-19T00:27:46.690+0000] {dag.py:3834} INFO - Setting next_dagrun for latest_only_with_trigger to 2024-07-18 20:00:00+00:00, run_after=2024-07-19 00:00:00+00:00
[2024-07-19T00:27:46.705+0000] {processor.py:183} INFO - Processing /home/airflow/.local/lib/python3.8/site-packages/airflow/example_dags/example_latest_only_with_trigger.py took 0.057 seconds
[2024-07-19T00:28:16.821+0000] {processor.py:161} INFO - Started process (PID=1205) to work on /home/airflow/.local/lib/python3.8/site-packages/airflow/example_dags/example_latest_only_with_trigger.py
[2024-07-19T00:28:16.821+0000] {processor.py:830} INFO - Processing file /home/airflow/.local/lib/python3.8/site-packages/airflow/example_dags/example_latest_only_with_trigger.py for tasks to queue
[2024-07-19T00:28:16.822+0000] {logging_mixin.py:188} INFO - [2024-07-19T00:28:16.822+0000] {dagbag.py:540} INFO - Filling up the DagBag from /home/airflow/.local/lib/python3.8/site-packages/airflow/example_dags/example_latest_only_with_trigger.py
[2024-07-19T00:28:16.826+0000] {processor.py:840} INFO - DAG(s) 'latest_only_with_trigger' retrieved from /home/airflow/.local/lib/python3.8/site-packages/airflow/example_dags/example_latest_only_with_trigger.py
[2024-07-19T00:28:16.842+0000] {logging_mixin.py:188} INFO - [2024-07-19T00:28:16.842+0000] {dag.py:3047} INFO - Sync 1 DAGs
[2024-07-19T00:28:16.858+0000] {logging_mixin.py:188} INFO - [2024-07-19T00:28:16.858+0000] {dag.py:3834} INFO - Setting next_dagrun for latest_only_with_trigger to 2024-07-18 20:00:00+00:00, run_after=2024-07-19 00:00:00+00:00
[2024-07-19T00:28:16.874+0000] {processor.py:183} INFO - Processing /home/airflow/.local/lib/python3.8/site-packages/airflow/example_dags/example_latest_only_with_trigger.py took 0.055 seconds
[2024-07-19T00:28:47.078+0000] {processor.py:161} INFO - Started process (PID=1261) to work on /home/airflow/.local/lib/python3.8/site-packages/airflow/example_dags/example_latest_only_with_trigger.py
[2024-07-19T00:28:47.079+0000] {processor.py:830} INFO - Processing file /home/airflow/.local/lib/python3.8/site-packages/airflow/example_dags/example_latest_only_with_trigger.py for tasks to queue
[2024-07-19T00:28:47.079+0000] {logging_mixin.py:188} INFO - [2024-07-19T00:28:47.079+0000] {dagbag.py:540} INFO - Filling up the DagBag from /home/airflow/.local/lib/python3.8/site-packages/airflow/example_dags/example_latest_only_with_trigger.py
[2024-07-19T00:28:47.084+0000] {processor.py:840} INFO - DAG(s) 'latest_only_with_trigger' retrieved from /home/airflow/.local/lib/python3.8/site-packages/airflow/example_dags/example_latest_only_with_trigger.py
[2024-07-19T00:28:47.100+0000] {logging_mixin.py:188} INFO - [2024-07-19T00:28:47.100+0000] {dag.py:3047} INFO - Sync 1 DAGs
[2024-07-19T00:28:47.118+0000] {logging_mixin.py:188} INFO - [2024-07-19T00:28:47.118+0000] {dag.py:3834} INFO - Setting next_dagrun for latest_only_with_trigger to 2024-07-18 20:00:00+00:00, run_after=2024-07-19 00:00:00+00:00
[2024-07-19T00:28:47.133+0000] {processor.py:183} INFO - Processing /home/airflow/.local/lib/python3.8/site-packages/airflow/example_dags/example_latest_only_with_trigger.py took 0.058 seconds
