[2024-07-19T00:00:20.041+0000] {processor.py:161} INFO - Started process (PID=1507) to work on /home/airflow/.local/lib/python3.8/site-packages/airflow/example_dags/example_branch_labels.py
[2024-07-19T00:00:20.042+0000] {processor.py:830} INFO - Processing file /home/airflow/.local/lib/python3.8/site-packages/airflow/example_dags/example_branch_labels.py for tasks to queue
[2024-07-19T00:00:20.043+0000] {logging_mixin.py:188} INFO - [2024-07-19T00:00:20.043+0000] {dagbag.py:540} INFO - Filling up the DagBag from /home/airflow/.local/lib/python3.8/site-packages/airflow/example_dags/example_branch_labels.py
[2024-07-19T00:00:20.049+0000] {processor.py:840} INFO - DAG(s) 'example_branch_labels' retrieved from /home/airflow/.local/lib/python3.8/site-packages/airflow/example_dags/example_branch_labels.py
[2024-07-19T00:00:20.067+0000] {logging_mixin.py:188} INFO - [2024-07-19T00:00:20.067+0000] {dag.py:3047} INFO - Sync 1 DAGs
[2024-07-19T00:00:20.086+0000] {logging_mixin.py:188} INFO - [2024-07-19T00:00:20.086+0000] {dag.py:3834} INFO - Setting next_dagrun for example_branch_labels to 2024-07-18 00:00:00+00:00, run_after=2024-07-19 00:00:00+00:00
[2024-07-19T00:00:20.102+0000] {processor.py:183} INFO - Processing /home/airflow/.local/lib/python3.8/site-packages/airflow/example_dags/example_branch_labels.py took 0.063 seconds
[2024-07-19T00:00:50.290+0000] {processor.py:161} INFO - Started process (PID=1563) to work on /home/airflow/.local/lib/python3.8/site-packages/airflow/example_dags/example_branch_labels.py
[2024-07-19T00:00:50.291+0000] {processor.py:830} INFO - Processing file /home/airflow/.local/lib/python3.8/site-packages/airflow/example_dags/example_branch_labels.py for tasks to queue
[2024-07-19T00:00:50.293+0000] {logging_mixin.py:188} INFO - [2024-07-19T00:00:50.293+0000] {dagbag.py:540} INFO - Filling up the DagBag from /home/airflow/.local/lib/python3.8/site-packages/airflow/example_dags/example_branch_labels.py
[2024-07-19T00:00:50.299+0000] {processor.py:840} INFO - DAG(s) 'example_branch_labels' retrieved from /home/airflow/.local/lib/python3.8/site-packages/airflow/example_dags/example_branch_labels.py
[2024-07-19T00:00:50.317+0000] {logging_mixin.py:188} INFO - [2024-07-19T00:00:50.317+0000] {dag.py:3047} INFO - Sync 1 DAGs
[2024-07-19T00:00:50.337+0000] {logging_mixin.py:188} INFO - [2024-07-19T00:00:50.337+0000] {dag.py:3834} INFO - Setting next_dagrun for example_branch_labels to 2024-07-18 00:00:00+00:00, run_after=2024-07-19 00:00:00+00:00
[2024-07-19T00:00:50.354+0000] {processor.py:183} INFO - Processing /home/airflow/.local/lib/python3.8/site-packages/airflow/example_dags/example_branch_labels.py took 0.066 seconds
[2024-07-19T00:01:20.491+0000] {processor.py:161} INFO - Started process (PID=1619) to work on /home/airflow/.local/lib/python3.8/site-packages/airflow/example_dags/example_branch_labels.py
[2024-07-19T00:01:20.492+0000] {processor.py:830} INFO - Processing file /home/airflow/.local/lib/python3.8/site-packages/airflow/example_dags/example_branch_labels.py for tasks to queue
[2024-07-19T00:01:20.493+0000] {logging_mixin.py:188} INFO - [2024-07-19T00:01:20.493+0000] {dagbag.py:540} INFO - Filling up the DagBag from /home/airflow/.local/lib/python3.8/site-packages/airflow/example_dags/example_branch_labels.py
[2024-07-19T00:01:20.501+0000] {processor.py:840} INFO - DAG(s) 'example_branch_labels' retrieved from /home/airflow/.local/lib/python3.8/site-packages/airflow/example_dags/example_branch_labels.py
[2024-07-19T00:01:20.521+0000] {logging_mixin.py:188} INFO - [2024-07-19T00:01:20.520+0000] {dag.py:3047} INFO - Sync 1 DAGs
[2024-07-19T00:01:20.540+0000] {logging_mixin.py:188} INFO - [2024-07-19T00:01:20.540+0000] {dag.py:3834} INFO - Setting next_dagrun for example_branch_labels to 2024-07-18 00:00:00+00:00, run_after=2024-07-19 00:00:00+00:00
[2024-07-19T00:01:20.557+0000] {processor.py:183} INFO - Processing /home/airflow/.local/lib/python3.8/site-packages/airflow/example_dags/example_branch_labels.py took 0.070 seconds
[2024-07-19T00:01:50.886+0000] {processor.py:161} INFO - Started process (PID=1675) to work on /home/airflow/.local/lib/python3.8/site-packages/airflow/example_dags/example_branch_labels.py
[2024-07-19T00:01:50.887+0000] {processor.py:830} INFO - Processing file /home/airflow/.local/lib/python3.8/site-packages/airflow/example_dags/example_branch_labels.py for tasks to queue
[2024-07-19T00:01:50.888+0000] {logging_mixin.py:188} INFO - [2024-07-19T00:01:50.888+0000] {dagbag.py:540} INFO - Filling up the DagBag from /home/airflow/.local/lib/python3.8/site-packages/airflow/example_dags/example_branch_labels.py
[2024-07-19T00:01:50.894+0000] {processor.py:840} INFO - DAG(s) 'example_branch_labels' retrieved from /home/airflow/.local/lib/python3.8/site-packages/airflow/example_dags/example_branch_labels.py
[2024-07-19T00:01:50.911+0000] {logging_mixin.py:188} INFO - [2024-07-19T00:01:50.910+0000] {dag.py:3047} INFO - Sync 1 DAGs
[2024-07-19T00:01:50.928+0000] {logging_mixin.py:188} INFO - [2024-07-19T00:01:50.927+0000] {dag.py:3834} INFO - Setting next_dagrun for example_branch_labels to 2024-07-18 00:00:00+00:00, run_after=2024-07-19 00:00:00+00:00
[2024-07-19T00:01:50.942+0000] {processor.py:183} INFO - Processing /home/airflow/.local/lib/python3.8/site-packages/airflow/example_dags/example_branch_labels.py took 0.058 seconds
[2024-07-19T00:02:21.011+0000] {processor.py:161} INFO - Started process (PID=1731) to work on /home/airflow/.local/lib/python3.8/site-packages/airflow/example_dags/example_branch_labels.py
[2024-07-19T00:02:21.012+0000] {processor.py:830} INFO - Processing file /home/airflow/.local/lib/python3.8/site-packages/airflow/example_dags/example_branch_labels.py for tasks to queue
[2024-07-19T00:02:21.013+0000] {logging_mixin.py:188} INFO - [2024-07-19T00:02:21.013+0000] {dagbag.py:540} INFO - Filling up the DagBag from /home/airflow/.local/lib/python3.8/site-packages/airflow/example_dags/example_branch_labels.py
[2024-07-19T00:02:21.019+0000] {processor.py:840} INFO - DAG(s) 'example_branch_labels' retrieved from /home/airflow/.local/lib/python3.8/site-packages/airflow/example_dags/example_branch_labels.py
[2024-07-19T00:02:21.036+0000] {logging_mixin.py:188} INFO - [2024-07-19T00:02:21.035+0000] {dag.py:3047} INFO - Sync 1 DAGs
[2024-07-19T00:02:21.054+0000] {logging_mixin.py:188} INFO - [2024-07-19T00:02:21.054+0000] {dag.py:3834} INFO - Setting next_dagrun for example_branch_labels to 2024-07-18 00:00:00+00:00, run_after=2024-07-19 00:00:00+00:00
[2024-07-19T00:02:21.070+0000] {processor.py:183} INFO - Processing /home/airflow/.local/lib/python3.8/site-packages/airflow/example_dags/example_branch_labels.py took 0.061 seconds
[2024-07-19T00:02:51.131+0000] {processor.py:161} INFO - Started process (PID=1787) to work on /home/airflow/.local/lib/python3.8/site-packages/airflow/example_dags/example_branch_labels.py
[2024-07-19T00:02:51.132+0000] {processor.py:830} INFO - Processing file /home/airflow/.local/lib/python3.8/site-packages/airflow/example_dags/example_branch_labels.py for tasks to queue
[2024-07-19T00:02:51.133+0000] {logging_mixin.py:188} INFO - [2024-07-19T00:02:51.133+0000] {dagbag.py:540} INFO - Filling up the DagBag from /home/airflow/.local/lib/python3.8/site-packages/airflow/example_dags/example_branch_labels.py
[2024-07-19T00:02:51.139+0000] {processor.py:840} INFO - DAG(s) 'example_branch_labels' retrieved from /home/airflow/.local/lib/python3.8/site-packages/airflow/example_dags/example_branch_labels.py
[2024-07-19T00:02:51.156+0000] {logging_mixin.py:188} INFO - [2024-07-19T00:02:51.156+0000] {dag.py:3047} INFO - Sync 1 DAGs
[2024-07-19T00:02:51.174+0000] {logging_mixin.py:188} INFO - [2024-07-19T00:02:51.174+0000] {dag.py:3834} INFO - Setting next_dagrun for example_branch_labels to 2024-07-18 00:00:00+00:00, run_after=2024-07-19 00:00:00+00:00
[2024-07-19T00:02:51.188+0000] {processor.py:183} INFO - Processing /home/airflow/.local/lib/python3.8/site-packages/airflow/example_dags/example_branch_labels.py took 0.059 seconds
[2024-07-19T00:03:21.565+0000] {processor.py:161} INFO - Started process (PID=1843) to work on /home/airflow/.local/lib/python3.8/site-packages/airflow/example_dags/example_branch_labels.py
[2024-07-19T00:03:21.566+0000] {processor.py:830} INFO - Processing file /home/airflow/.local/lib/python3.8/site-packages/airflow/example_dags/example_branch_labels.py for tasks to queue
[2024-07-19T00:03:21.567+0000] {logging_mixin.py:188} INFO - [2024-07-19T00:03:21.567+0000] {dagbag.py:540} INFO - Filling up the DagBag from /home/airflow/.local/lib/python3.8/site-packages/airflow/example_dags/example_branch_labels.py
[2024-07-19T00:03:21.573+0000] {processor.py:840} INFO - DAG(s) 'example_branch_labels' retrieved from /home/airflow/.local/lib/python3.8/site-packages/airflow/example_dags/example_branch_labels.py
[2024-07-19T00:03:21.590+0000] {logging_mixin.py:188} INFO - [2024-07-19T00:03:21.589+0000] {dag.py:3047} INFO - Sync 1 DAGs
[2024-07-19T00:03:21.607+0000] {logging_mixin.py:188} INFO - [2024-07-19T00:03:21.607+0000] {dag.py:3834} INFO - Setting next_dagrun for example_branch_labels to 2024-07-18 00:00:00+00:00, run_after=2024-07-19 00:00:00+00:00
[2024-07-19T00:03:21.622+0000] {processor.py:183} INFO - Processing /home/airflow/.local/lib/python3.8/site-packages/airflow/example_dags/example_branch_labels.py took 0.059 seconds
[2024-07-19T00:03:51.756+0000] {processor.py:161} INFO - Started process (PID=1899) to work on /home/airflow/.local/lib/python3.8/site-packages/airflow/example_dags/example_branch_labels.py
[2024-07-19T00:03:51.757+0000] {processor.py:830} INFO - Processing file /home/airflow/.local/lib/python3.8/site-packages/airflow/example_dags/example_branch_labels.py for tasks to queue
[2024-07-19T00:03:51.758+0000] {logging_mixin.py:188} INFO - [2024-07-19T00:03:51.758+0000] {dagbag.py:540} INFO - Filling up the DagBag from /home/airflow/.local/lib/python3.8/site-packages/airflow/example_dags/example_branch_labels.py
[2024-07-19T00:03:51.764+0000] {processor.py:840} INFO - DAG(s) 'example_branch_labels' retrieved from /home/airflow/.local/lib/python3.8/site-packages/airflow/example_dags/example_branch_labels.py
[2024-07-19T00:03:51.780+0000] {logging_mixin.py:188} INFO - [2024-07-19T00:03:51.780+0000] {dag.py:3047} INFO - Sync 1 DAGs
[2024-07-19T00:03:51.797+0000] {logging_mixin.py:188} INFO - [2024-07-19T00:03:51.797+0000] {dag.py:3834} INFO - Setting next_dagrun for example_branch_labels to 2024-07-18 00:00:00+00:00, run_after=2024-07-19 00:00:00+00:00
[2024-07-19T00:03:51.810+0000] {processor.py:183} INFO - Processing /home/airflow/.local/lib/python3.8/site-packages/airflow/example_dags/example_branch_labels.py took 0.056 seconds
[2024-07-19T00:04:21.976+0000] {processor.py:161} INFO - Started process (PID=1955) to work on /home/airflow/.local/lib/python3.8/site-packages/airflow/example_dags/example_branch_labels.py
[2024-07-19T00:04:21.977+0000] {processor.py:830} INFO - Processing file /home/airflow/.local/lib/python3.8/site-packages/airflow/example_dags/example_branch_labels.py for tasks to queue
[2024-07-19T00:04:21.978+0000] {logging_mixin.py:188} INFO - [2024-07-19T00:04:21.977+0000] {dagbag.py:540} INFO - Filling up the DagBag from /home/airflow/.local/lib/python3.8/site-packages/airflow/example_dags/example_branch_labels.py
[2024-07-19T00:04:21.983+0000] {processor.py:840} INFO - DAG(s) 'example_branch_labels' retrieved from /home/airflow/.local/lib/python3.8/site-packages/airflow/example_dags/example_branch_labels.py
[2024-07-19T00:04:22.000+0000] {logging_mixin.py:188} INFO - [2024-07-19T00:04:21.999+0000] {dag.py:3047} INFO - Sync 1 DAGs
[2024-07-19T00:04:22.017+0000] {logging_mixin.py:188} INFO - [2024-07-19T00:04:22.017+0000] {dag.py:3834} INFO - Setting next_dagrun for example_branch_labels to 2024-07-18 00:00:00+00:00, run_after=2024-07-19 00:00:00+00:00
[2024-07-19T00:04:22.031+0000] {processor.py:183} INFO - Processing /home/airflow/.local/lib/python3.8/site-packages/airflow/example_dags/example_branch_labels.py took 0.057 seconds
[2024-07-19T00:04:52.885+0000] {processor.py:161} INFO - Started process (PID=2009) to work on /home/airflow/.local/lib/python3.8/site-packages/airflow/example_dags/example_branch_labels.py
[2024-07-19T00:04:52.886+0000] {processor.py:830} INFO - Processing file /home/airflow/.local/lib/python3.8/site-packages/airflow/example_dags/example_branch_labels.py for tasks to queue
[2024-07-19T00:04:52.887+0000] {logging_mixin.py:188} INFO - [2024-07-19T00:04:52.887+0000] {dagbag.py:540} INFO - Filling up the DagBag from /home/airflow/.local/lib/python3.8/site-packages/airflow/example_dags/example_branch_labels.py
[2024-07-19T00:04:52.893+0000] {processor.py:840} INFO - DAG(s) 'example_branch_labels' retrieved from /home/airflow/.local/lib/python3.8/site-packages/airflow/example_dags/example_branch_labels.py
[2024-07-19T00:04:52.910+0000] {logging_mixin.py:188} INFO - [2024-07-19T00:04:52.909+0000] {dag.py:3047} INFO - Sync 1 DAGs
[2024-07-19T00:04:52.927+0000] {logging_mixin.py:188} INFO - [2024-07-19T00:04:52.927+0000] {dag.py:3834} INFO - Setting next_dagrun for example_branch_labels to 2024-07-18 00:00:00+00:00, run_after=2024-07-19 00:00:00+00:00
[2024-07-19T00:04:52.942+0000] {processor.py:183} INFO - Processing /home/airflow/.local/lib/python3.8/site-packages/airflow/example_dags/example_branch_labels.py took 0.059 seconds
[2024-07-19T00:05:23.150+0000] {processor.py:161} INFO - Started process (PID=2065) to work on /home/airflow/.local/lib/python3.8/site-packages/airflow/example_dags/example_branch_labels.py
[2024-07-19T00:05:23.151+0000] {processor.py:830} INFO - Processing file /home/airflow/.local/lib/python3.8/site-packages/airflow/example_dags/example_branch_labels.py for tasks to queue
[2024-07-19T00:05:23.152+0000] {logging_mixin.py:188} INFO - [2024-07-19T00:05:23.152+0000] {dagbag.py:540} INFO - Filling up the DagBag from /home/airflow/.local/lib/python3.8/site-packages/airflow/example_dags/example_branch_labels.py
[2024-07-19T00:05:23.158+0000] {processor.py:840} INFO - DAG(s) 'example_branch_labels' retrieved from /home/airflow/.local/lib/python3.8/site-packages/airflow/example_dags/example_branch_labels.py
[2024-07-19T00:05:23.174+0000] {logging_mixin.py:188} INFO - [2024-07-19T00:05:23.173+0000] {dag.py:3047} INFO - Sync 1 DAGs
[2024-07-19T00:05:23.192+0000] {logging_mixin.py:188} INFO - [2024-07-19T00:05:23.191+0000] {dag.py:3834} INFO - Setting next_dagrun for example_branch_labels to 2024-07-18 00:00:00+00:00, run_after=2024-07-19 00:00:00+00:00
[2024-07-19T00:05:23.206+0000] {processor.py:183} INFO - Processing /home/airflow/.local/lib/python3.8/site-packages/airflow/example_dags/example_branch_labels.py took 0.058 seconds
[2024-07-19T00:05:53.468+0000] {processor.py:161} INFO - Started process (PID=2121) to work on /home/airflow/.local/lib/python3.8/site-packages/airflow/example_dags/example_branch_labels.py
[2024-07-19T00:05:53.468+0000] {processor.py:830} INFO - Processing file /home/airflow/.local/lib/python3.8/site-packages/airflow/example_dags/example_branch_labels.py for tasks to queue
[2024-07-19T00:05:53.470+0000] {logging_mixin.py:188} INFO - [2024-07-19T00:05:53.469+0000] {dagbag.py:540} INFO - Filling up the DagBag from /home/airflow/.local/lib/python3.8/site-packages/airflow/example_dags/example_branch_labels.py
[2024-07-19T00:05:53.476+0000] {processor.py:840} INFO - DAG(s) 'example_branch_labels' retrieved from /home/airflow/.local/lib/python3.8/site-packages/airflow/example_dags/example_branch_labels.py
[2024-07-19T00:05:53.492+0000] {logging_mixin.py:188} INFO - [2024-07-19T00:05:53.492+0000] {dag.py:3047} INFO - Sync 1 DAGs
[2024-07-19T00:05:53.510+0000] {logging_mixin.py:188} INFO - [2024-07-19T00:05:53.509+0000] {dag.py:3834} INFO - Setting next_dagrun for example_branch_labels to 2024-07-18 00:00:00+00:00, run_after=2024-07-19 00:00:00+00:00
[2024-07-19T00:05:53.525+0000] {processor.py:183} INFO - Processing /home/airflow/.local/lib/python3.8/site-packages/airflow/example_dags/example_branch_labels.py took 0.059 seconds
[2024-07-19T00:06:23.774+0000] {processor.py:161} INFO - Started process (PID=2177) to work on /home/airflow/.local/lib/python3.8/site-packages/airflow/example_dags/example_branch_labels.py
[2024-07-19T00:06:23.775+0000] {processor.py:830} INFO - Processing file /home/airflow/.local/lib/python3.8/site-packages/airflow/example_dags/example_branch_labels.py for tasks to queue
[2024-07-19T00:06:23.776+0000] {logging_mixin.py:188} INFO - [2024-07-19T00:06:23.776+0000] {dagbag.py:540} INFO - Filling up the DagBag from /home/airflow/.local/lib/python3.8/site-packages/airflow/example_dags/example_branch_labels.py
[2024-07-19T00:06:23.782+0000] {processor.py:840} INFO - DAG(s) 'example_branch_labels' retrieved from /home/airflow/.local/lib/python3.8/site-packages/airflow/example_dags/example_branch_labels.py
[2024-07-19T00:06:23.798+0000] {logging_mixin.py:188} INFO - [2024-07-19T00:06:23.798+0000] {dag.py:3047} INFO - Sync 1 DAGs
[2024-07-19T00:06:23.817+0000] {logging_mixin.py:188} INFO - [2024-07-19T00:06:23.817+0000] {dag.py:3834} INFO - Setting next_dagrun for example_branch_labels to 2024-07-18 00:00:00+00:00, run_after=2024-07-19 00:00:00+00:00
[2024-07-19T00:06:23.832+0000] {processor.py:183} INFO - Processing /home/airflow/.local/lib/python3.8/site-packages/airflow/example_dags/example_branch_labels.py took 0.060 seconds
[2024-07-19T00:06:54.276+0000] {processor.py:161} INFO - Started process (PID=2233) to work on /home/airflow/.local/lib/python3.8/site-packages/airflow/example_dags/example_branch_labels.py
[2024-07-19T00:06:54.277+0000] {processor.py:830} INFO - Processing file /home/airflow/.local/lib/python3.8/site-packages/airflow/example_dags/example_branch_labels.py for tasks to queue
[2024-07-19T00:06:54.278+0000] {logging_mixin.py:188} INFO - [2024-07-19T00:06:54.278+0000] {dagbag.py:540} INFO - Filling up the DagBag from /home/airflow/.local/lib/python3.8/site-packages/airflow/example_dags/example_branch_labels.py
[2024-07-19T00:06:54.284+0000] {processor.py:840} INFO - DAG(s) 'example_branch_labels' retrieved from /home/airflow/.local/lib/python3.8/site-packages/airflow/example_dags/example_branch_labels.py
[2024-07-19T00:06:54.299+0000] {logging_mixin.py:188} INFO - [2024-07-19T00:06:54.299+0000] {dag.py:3047} INFO - Sync 1 DAGs
[2024-07-19T00:06:54.316+0000] {logging_mixin.py:188} INFO - [2024-07-19T00:06:54.316+0000] {dag.py:3834} INFO - Setting next_dagrun for example_branch_labels to 2024-07-18 00:00:00+00:00, run_after=2024-07-19 00:00:00+00:00
[2024-07-19T00:06:54.330+0000] {processor.py:183} INFO - Processing /home/airflow/.local/lib/python3.8/site-packages/airflow/example_dags/example_branch_labels.py took 0.056 seconds
[2024-07-19T00:07:24.503+0000] {processor.py:161} INFO - Started process (PID=2290) to work on /home/airflow/.local/lib/python3.8/site-packages/airflow/example_dags/example_branch_labels.py
[2024-07-19T00:07:24.504+0000] {processor.py:830} INFO - Processing file /home/airflow/.local/lib/python3.8/site-packages/airflow/example_dags/example_branch_labels.py for tasks to queue
[2024-07-19T00:07:24.505+0000] {logging_mixin.py:188} INFO - [2024-07-19T00:07:24.505+0000] {dagbag.py:540} INFO - Filling up the DagBag from /home/airflow/.local/lib/python3.8/site-packages/airflow/example_dags/example_branch_labels.py
[2024-07-19T00:07:24.511+0000] {processor.py:840} INFO - DAG(s) 'example_branch_labels' retrieved from /home/airflow/.local/lib/python3.8/site-packages/airflow/example_dags/example_branch_labels.py
[2024-07-19T00:07:24.527+0000] {logging_mixin.py:188} INFO - [2024-07-19T00:07:24.526+0000] {dag.py:3047} INFO - Sync 1 DAGs
[2024-07-19T00:07:24.544+0000] {logging_mixin.py:188} INFO - [2024-07-19T00:07:24.544+0000] {dag.py:3834} INFO - Setting next_dagrun for example_branch_labels to 2024-07-18 00:00:00+00:00, run_after=2024-07-19 00:00:00+00:00
[2024-07-19T00:07:24.558+0000] {processor.py:183} INFO - Processing /home/airflow/.local/lib/python3.8/site-packages/airflow/example_dags/example_branch_labels.py took 0.058 seconds
[2024-07-19T00:07:54.773+0000] {processor.py:161} INFO - Started process (PID=2346) to work on /home/airflow/.local/lib/python3.8/site-packages/airflow/example_dags/example_branch_labels.py
[2024-07-19T00:07:54.773+0000] {processor.py:830} INFO - Processing file /home/airflow/.local/lib/python3.8/site-packages/airflow/example_dags/example_branch_labels.py for tasks to queue
[2024-07-19T00:07:54.774+0000] {logging_mixin.py:188} INFO - [2024-07-19T00:07:54.774+0000] {dagbag.py:540} INFO - Filling up the DagBag from /home/airflow/.local/lib/python3.8/site-packages/airflow/example_dags/example_branch_labels.py
[2024-07-19T00:07:54.780+0000] {processor.py:840} INFO - DAG(s) 'example_branch_labels' retrieved from /home/airflow/.local/lib/python3.8/site-packages/airflow/example_dags/example_branch_labels.py
[2024-07-19T00:07:54.797+0000] {logging_mixin.py:188} INFO - [2024-07-19T00:07:54.796+0000] {dag.py:3047} INFO - Sync 1 DAGs
[2024-07-19T00:07:54.815+0000] {logging_mixin.py:188} INFO - [2024-07-19T00:07:54.815+0000] {dag.py:3834} INFO - Setting next_dagrun for example_branch_labels to 2024-07-18 00:00:00+00:00, run_after=2024-07-19 00:00:00+00:00
[2024-07-19T00:07:54.830+0000] {processor.py:183} INFO - Processing /home/airflow/.local/lib/python3.8/site-packages/airflow/example_dags/example_branch_labels.py took 0.060 seconds
[2024-07-19T00:08:25.247+0000] {processor.py:161} INFO - Started process (PID=2402) to work on /home/airflow/.local/lib/python3.8/site-packages/airflow/example_dags/example_branch_labels.py
[2024-07-19T00:08:25.248+0000] {processor.py:830} INFO - Processing file /home/airflow/.local/lib/python3.8/site-packages/airflow/example_dags/example_branch_labels.py for tasks to queue
[2024-07-19T00:08:25.249+0000] {logging_mixin.py:188} INFO - [2024-07-19T00:08:25.249+0000] {dagbag.py:540} INFO - Filling up the DagBag from /home/airflow/.local/lib/python3.8/site-packages/airflow/example_dags/example_branch_labels.py
[2024-07-19T00:08:25.255+0000] {processor.py:840} INFO - DAG(s) 'example_branch_labels' retrieved from /home/airflow/.local/lib/python3.8/site-packages/airflow/example_dags/example_branch_labels.py
[2024-07-19T00:08:25.275+0000] {logging_mixin.py:188} INFO - [2024-07-19T00:08:25.274+0000] {dag.py:3047} INFO - Sync 1 DAGs
[2024-07-19T00:08:25.296+0000] {logging_mixin.py:188} INFO - [2024-07-19T00:08:25.296+0000] {dag.py:3834} INFO - Setting next_dagrun for example_branch_labels to 2024-07-18 00:00:00+00:00, run_after=2024-07-19 00:00:00+00:00
[2024-07-19T00:08:25.315+0000] {processor.py:183} INFO - Processing /home/airflow/.local/lib/python3.8/site-packages/airflow/example_dags/example_branch_labels.py took 0.070 seconds
[2024-07-19T00:08:55.967+0000] {processor.py:161} INFO - Started process (PID=2458) to work on /home/airflow/.local/lib/python3.8/site-packages/airflow/example_dags/example_branch_labels.py
[2024-07-19T00:08:55.968+0000] {processor.py:830} INFO - Processing file /home/airflow/.local/lib/python3.8/site-packages/airflow/example_dags/example_branch_labels.py for tasks to queue
[2024-07-19T00:08:55.969+0000] {logging_mixin.py:188} INFO - [2024-07-19T00:08:55.969+0000] {dagbag.py:540} INFO - Filling up the DagBag from /home/airflow/.local/lib/python3.8/site-packages/airflow/example_dags/example_branch_labels.py
[2024-07-19T00:08:55.975+0000] {processor.py:840} INFO - DAG(s) 'example_branch_labels' retrieved from /home/airflow/.local/lib/python3.8/site-packages/airflow/example_dags/example_branch_labels.py
[2024-07-19T00:08:55.992+0000] {logging_mixin.py:188} INFO - [2024-07-19T00:08:55.991+0000] {dag.py:3047} INFO - Sync 1 DAGs
[2024-07-19T00:08:56.011+0000] {logging_mixin.py:188} INFO - [2024-07-19T00:08:56.011+0000] {dag.py:3834} INFO - Setting next_dagrun for example_branch_labels to 2024-07-18 00:00:00+00:00, run_after=2024-07-19 00:00:00+00:00
[2024-07-19T00:08:56.029+0000] {processor.py:183} INFO - Processing /home/airflow/.local/lib/python3.8/site-packages/airflow/example_dags/example_branch_labels.py took 0.064 seconds
[2024-07-19T00:09:26.301+0000] {processor.py:161} INFO - Started process (PID=2514) to work on /home/airflow/.local/lib/python3.8/site-packages/airflow/example_dags/example_branch_labels.py
[2024-07-19T00:09:26.302+0000] {processor.py:830} INFO - Processing file /home/airflow/.local/lib/python3.8/site-packages/airflow/example_dags/example_branch_labels.py for tasks to queue
[2024-07-19T00:09:26.304+0000] {logging_mixin.py:188} INFO - [2024-07-19T00:09:26.304+0000] {dagbag.py:540} INFO - Filling up the DagBag from /home/airflow/.local/lib/python3.8/site-packages/airflow/example_dags/example_branch_labels.py
[2024-07-19T00:09:26.312+0000] {processor.py:840} INFO - DAG(s) 'example_branch_labels' retrieved from /home/airflow/.local/lib/python3.8/site-packages/airflow/example_dags/example_branch_labels.py
[2024-07-19T00:09:26.331+0000] {logging_mixin.py:188} INFO - [2024-07-19T00:09:26.331+0000] {dag.py:3047} INFO - Sync 1 DAGs
[2024-07-19T00:09:26.352+0000] {logging_mixin.py:188} INFO - [2024-07-19T00:09:26.352+0000] {dag.py:3834} INFO - Setting next_dagrun for example_branch_labels to 2024-07-18 00:00:00+00:00, run_after=2024-07-19 00:00:00+00:00
[2024-07-19T00:09:26.369+0000] {processor.py:183} INFO - Processing /home/airflow/.local/lib/python3.8/site-packages/airflow/example_dags/example_branch_labels.py took 0.070 seconds
[2024-07-19T00:09:56.650+0000] {processor.py:161} INFO - Started process (PID=2570) to work on /home/airflow/.local/lib/python3.8/site-packages/airflow/example_dags/example_branch_labels.py
[2024-07-19T00:09:56.651+0000] {processor.py:830} INFO - Processing file /home/airflow/.local/lib/python3.8/site-packages/airflow/example_dags/example_branch_labels.py for tasks to queue
[2024-07-19T00:09:56.652+0000] {logging_mixin.py:188} INFO - [2024-07-19T00:09:56.652+0000] {dagbag.py:540} INFO - Filling up the DagBag from /home/airflow/.local/lib/python3.8/site-packages/airflow/example_dags/example_branch_labels.py
[2024-07-19T00:09:56.659+0000] {processor.py:840} INFO - DAG(s) 'example_branch_labels' retrieved from /home/airflow/.local/lib/python3.8/site-packages/airflow/example_dags/example_branch_labels.py
[2024-07-19T00:09:56.678+0000] {logging_mixin.py:188} INFO - [2024-07-19T00:09:56.678+0000] {dag.py:3047} INFO - Sync 1 DAGs
[2024-07-19T00:09:56.698+0000] {logging_mixin.py:188} INFO - [2024-07-19T00:09:56.697+0000] {dag.py:3834} INFO - Setting next_dagrun for example_branch_labels to 2024-07-18 00:00:00+00:00, run_after=2024-07-19 00:00:00+00:00
[2024-07-19T00:09:56.715+0000] {processor.py:183} INFO - Processing /home/airflow/.local/lib/python3.8/site-packages/airflow/example_dags/example_branch_labels.py took 0.067 seconds
[2024-07-19T00:10:27.328+0000] {processor.py:161} INFO - Started process (PID=2627) to work on /home/airflow/.local/lib/python3.8/site-packages/airflow/example_dags/example_branch_labels.py
[2024-07-19T00:10:27.329+0000] {processor.py:830} INFO - Processing file /home/airflow/.local/lib/python3.8/site-packages/airflow/example_dags/example_branch_labels.py for tasks to queue
[2024-07-19T00:10:27.330+0000] {logging_mixin.py:188} INFO - [2024-07-19T00:10:27.330+0000] {dagbag.py:540} INFO - Filling up the DagBag from /home/airflow/.local/lib/python3.8/site-packages/airflow/example_dags/example_branch_labels.py
[2024-07-19T00:10:27.336+0000] {processor.py:840} INFO - DAG(s) 'example_branch_labels' retrieved from /home/airflow/.local/lib/python3.8/site-packages/airflow/example_dags/example_branch_labels.py
[2024-07-19T00:10:27.354+0000] {logging_mixin.py:188} INFO - [2024-07-19T00:10:27.353+0000] {dag.py:3047} INFO - Sync 1 DAGs
[2024-07-19T00:10:27.372+0000] {logging_mixin.py:188} INFO - [2024-07-19T00:10:27.371+0000] {dag.py:3834} INFO - Setting next_dagrun for example_branch_labels to 2024-07-18 00:00:00+00:00, run_after=2024-07-19 00:00:00+00:00
[2024-07-19T00:10:27.387+0000] {processor.py:183} INFO - Processing /home/airflow/.local/lib/python3.8/site-packages/airflow/example_dags/example_branch_labels.py took 0.061 seconds
[2024-07-19T00:10:57.806+0000] {processor.py:161} INFO - Started process (PID=2683) to work on /home/airflow/.local/lib/python3.8/site-packages/airflow/example_dags/example_branch_labels.py
[2024-07-19T00:10:57.807+0000] {processor.py:830} INFO - Processing file /home/airflow/.local/lib/python3.8/site-packages/airflow/example_dags/example_branch_labels.py for tasks to queue
[2024-07-19T00:10:57.808+0000] {logging_mixin.py:188} INFO - [2024-07-19T00:10:57.807+0000] {dagbag.py:540} INFO - Filling up the DagBag from /home/airflow/.local/lib/python3.8/site-packages/airflow/example_dags/example_branch_labels.py
[2024-07-19T00:10:57.813+0000] {processor.py:840} INFO - DAG(s) 'example_branch_labels' retrieved from /home/airflow/.local/lib/python3.8/site-packages/airflow/example_dags/example_branch_labels.py
[2024-07-19T00:10:57.830+0000] {logging_mixin.py:188} INFO - [2024-07-19T00:10:57.830+0000] {dag.py:3047} INFO - Sync 1 DAGs
[2024-07-19T00:10:57.948+0000] {logging_mixin.py:188} INFO - [2024-07-19T00:10:57.948+0000] {dag.py:3834} INFO - Setting next_dagrun for example_branch_labels to 2024-07-18 00:00:00+00:00, run_after=2024-07-19 00:00:00+00:00
[2024-07-19T00:10:57.963+0000] {processor.py:183} INFO - Processing /home/airflow/.local/lib/python3.8/site-packages/airflow/example_dags/example_branch_labels.py took 0.160 seconds
[2024-07-19T00:11:28.469+0000] {processor.py:161} INFO - Started process (PID=2739) to work on /home/airflow/.local/lib/python3.8/site-packages/airflow/example_dags/example_branch_labels.py
[2024-07-19T00:11:28.469+0000] {processor.py:830} INFO - Processing file /home/airflow/.local/lib/python3.8/site-packages/airflow/example_dags/example_branch_labels.py for tasks to queue
[2024-07-19T00:11:28.470+0000] {logging_mixin.py:188} INFO - [2024-07-19T00:11:28.470+0000] {dagbag.py:540} INFO - Filling up the DagBag from /home/airflow/.local/lib/python3.8/site-packages/airflow/example_dags/example_branch_labels.py
[2024-07-19T00:11:28.477+0000] {processor.py:840} INFO - DAG(s) 'example_branch_labels' retrieved from /home/airflow/.local/lib/python3.8/site-packages/airflow/example_dags/example_branch_labels.py
[2024-07-19T00:11:28.496+0000] {logging_mixin.py:188} INFO - [2024-07-19T00:11:28.496+0000] {dag.py:3047} INFO - Sync 1 DAGs
[2024-07-19T00:11:28.626+0000] {logging_mixin.py:188} INFO - [2024-07-19T00:11:28.626+0000] {dag.py:3834} INFO - Setting next_dagrun for example_branch_labels to 2024-07-18 00:00:00+00:00, run_after=2024-07-19 00:00:00+00:00
[2024-07-19T00:11:28.643+0000] {processor.py:183} INFO - Processing /home/airflow/.local/lib/python3.8/site-packages/airflow/example_dags/example_branch_labels.py took 0.177 seconds
[2024-07-19T00:11:58.809+0000] {processor.py:161} INFO - Started process (PID=2795) to work on /home/airflow/.local/lib/python3.8/site-packages/airflow/example_dags/example_branch_labels.py
[2024-07-19T00:11:58.810+0000] {processor.py:830} INFO - Processing file /home/airflow/.local/lib/python3.8/site-packages/airflow/example_dags/example_branch_labels.py for tasks to queue
[2024-07-19T00:11:58.811+0000] {logging_mixin.py:188} INFO - [2024-07-19T00:11:58.811+0000] {dagbag.py:540} INFO - Filling up the DagBag from /home/airflow/.local/lib/python3.8/site-packages/airflow/example_dags/example_branch_labels.py
[2024-07-19T00:11:58.818+0000] {processor.py:840} INFO - DAG(s) 'example_branch_labels' retrieved from /home/airflow/.local/lib/python3.8/site-packages/airflow/example_dags/example_branch_labels.py
[2024-07-19T00:11:58.835+0000] {logging_mixin.py:188} INFO - [2024-07-19T00:11:58.835+0000] {dag.py:3047} INFO - Sync 1 DAGs
[2024-07-19T00:11:58.855+0000] {logging_mixin.py:188} INFO - [2024-07-19T00:11:58.855+0000] {dag.py:3834} INFO - Setting next_dagrun for example_branch_labels to 2024-07-18 00:00:00+00:00, run_after=2024-07-19 00:00:00+00:00
[2024-07-19T00:11:58.874+0000] {processor.py:183} INFO - Processing /home/airflow/.local/lib/python3.8/site-packages/airflow/example_dags/example_branch_labels.py took 0.067 seconds
[2024-07-19T00:12:29.042+0000] {processor.py:161} INFO - Started process (PID=2851) to work on /home/airflow/.local/lib/python3.8/site-packages/airflow/example_dags/example_branch_labels.py
[2024-07-19T00:12:29.043+0000] {processor.py:830} INFO - Processing file /home/airflow/.local/lib/python3.8/site-packages/airflow/example_dags/example_branch_labels.py for tasks to queue
[2024-07-19T00:12:29.044+0000] {logging_mixin.py:188} INFO - [2024-07-19T00:12:29.044+0000] {dagbag.py:540} INFO - Filling up the DagBag from /home/airflow/.local/lib/python3.8/site-packages/airflow/example_dags/example_branch_labels.py
[2024-07-19T00:12:29.050+0000] {processor.py:840} INFO - DAG(s) 'example_branch_labels' retrieved from /home/airflow/.local/lib/python3.8/site-packages/airflow/example_dags/example_branch_labels.py
[2024-07-19T00:12:29.067+0000] {logging_mixin.py:188} INFO - [2024-07-19T00:12:29.066+0000] {dag.py:3047} INFO - Sync 1 DAGs
[2024-07-19T00:12:29.086+0000] {logging_mixin.py:188} INFO - [2024-07-19T00:12:29.085+0000] {dag.py:3834} INFO - Setting next_dagrun for example_branch_labels to 2024-07-18 00:00:00+00:00, run_after=2024-07-19 00:00:00+00:00
[2024-07-19T00:12:29.101+0000] {processor.py:183} INFO - Processing /home/airflow/.local/lib/python3.8/site-packages/airflow/example_dags/example_branch_labels.py took 0.061 seconds
[2024-07-19T00:12:59.249+0000] {processor.py:161} INFO - Started process (PID=2907) to work on /home/airflow/.local/lib/python3.8/site-packages/airflow/example_dags/example_branch_labels.py
[2024-07-19T00:12:59.250+0000] {processor.py:830} INFO - Processing file /home/airflow/.local/lib/python3.8/site-packages/airflow/example_dags/example_branch_labels.py for tasks to queue
[2024-07-19T00:12:59.251+0000] {logging_mixin.py:188} INFO - [2024-07-19T00:12:59.251+0000] {dagbag.py:540} INFO - Filling up the DagBag from /home/airflow/.local/lib/python3.8/site-packages/airflow/example_dags/example_branch_labels.py
[2024-07-19T00:12:59.257+0000] {processor.py:840} INFO - DAG(s) 'example_branch_labels' retrieved from /home/airflow/.local/lib/python3.8/site-packages/airflow/example_dags/example_branch_labels.py
[2024-07-19T00:12:59.275+0000] {logging_mixin.py:188} INFO - [2024-07-19T00:12:59.275+0000] {dag.py:3047} INFO - Sync 1 DAGs
[2024-07-19T00:12:59.294+0000] {logging_mixin.py:188} INFO - [2024-07-19T00:12:59.294+0000] {dag.py:3834} INFO - Setting next_dagrun for example_branch_labels to 2024-07-18 00:00:00+00:00, run_after=2024-07-19 00:00:00+00:00
[2024-07-19T00:12:59.309+0000] {processor.py:183} INFO - Processing /home/airflow/.local/lib/python3.8/site-packages/airflow/example_dags/example_branch_labels.py took 0.062 seconds
[2024-07-19T00:13:29.382+0000] {processor.py:161} INFO - Started process (PID=2964) to work on /home/airflow/.local/lib/python3.8/site-packages/airflow/example_dags/example_branch_labels.py
[2024-07-19T00:13:29.382+0000] {processor.py:830} INFO - Processing file /home/airflow/.local/lib/python3.8/site-packages/airflow/example_dags/example_branch_labels.py for tasks to queue
[2024-07-19T00:13:29.383+0000] {logging_mixin.py:188} INFO - [2024-07-19T00:13:29.383+0000] {dagbag.py:540} INFO - Filling up the DagBag from /home/airflow/.local/lib/python3.8/site-packages/airflow/example_dags/example_branch_labels.py
[2024-07-19T00:13:29.390+0000] {processor.py:840} INFO - DAG(s) 'example_branch_labels' retrieved from /home/airflow/.local/lib/python3.8/site-packages/airflow/example_dags/example_branch_labels.py
[2024-07-19T00:13:29.409+0000] {logging_mixin.py:188} INFO - [2024-07-19T00:13:29.409+0000] {dag.py:3047} INFO - Sync 1 DAGs
[2024-07-19T00:13:29.427+0000] {logging_mixin.py:188} INFO - [2024-07-19T00:13:29.427+0000] {dag.py:3834} INFO - Setting next_dagrun for example_branch_labels to 2024-07-18 00:00:00+00:00, run_after=2024-07-19 00:00:00+00:00
[2024-07-19T00:13:29.441+0000] {processor.py:183} INFO - Processing /home/airflow/.local/lib/python3.8/site-packages/airflow/example_dags/example_branch_labels.py took 0.061 seconds
[2024-07-19T00:13:59.567+0000] {processor.py:161} INFO - Started process (PID=3019) to work on /home/airflow/.local/lib/python3.8/site-packages/airflow/example_dags/example_branch_labels.py
[2024-07-19T00:13:59.567+0000] {processor.py:830} INFO - Processing file /home/airflow/.local/lib/python3.8/site-packages/airflow/example_dags/example_branch_labels.py for tasks to queue
[2024-07-19T00:13:59.569+0000] {logging_mixin.py:188} INFO - [2024-07-19T00:13:59.568+0000] {dagbag.py:540} INFO - Filling up the DagBag from /home/airflow/.local/lib/python3.8/site-packages/airflow/example_dags/example_branch_labels.py
[2024-07-19T00:13:59.575+0000] {processor.py:840} INFO - DAG(s) 'example_branch_labels' retrieved from /home/airflow/.local/lib/python3.8/site-packages/airflow/example_dags/example_branch_labels.py
[2024-07-19T00:13:59.593+0000] {logging_mixin.py:188} INFO - [2024-07-19T00:13:59.593+0000] {dag.py:3047} INFO - Sync 1 DAGs
[2024-07-19T00:13:59.613+0000] {logging_mixin.py:188} INFO - [2024-07-19T00:13:59.613+0000] {dag.py:3834} INFO - Setting next_dagrun for example_branch_labels to 2024-07-18 00:00:00+00:00, run_after=2024-07-19 00:00:00+00:00
[2024-07-19T00:13:59.628+0000] {processor.py:183} INFO - Processing /home/airflow/.local/lib/python3.8/site-packages/airflow/example_dags/example_branch_labels.py took 0.064 seconds
[2024-07-19T00:14:29.709+0000] {processor.py:161} INFO - Started process (PID=3075) to work on /home/airflow/.local/lib/python3.8/site-packages/airflow/example_dags/example_branch_labels.py
[2024-07-19T00:14:29.710+0000] {processor.py:830} INFO - Processing file /home/airflow/.local/lib/python3.8/site-packages/airflow/example_dags/example_branch_labels.py for tasks to queue
[2024-07-19T00:14:29.711+0000] {logging_mixin.py:188} INFO - [2024-07-19T00:14:29.711+0000] {dagbag.py:540} INFO - Filling up the DagBag from /home/airflow/.local/lib/python3.8/site-packages/airflow/example_dags/example_branch_labels.py
[2024-07-19T00:14:29.717+0000] {processor.py:840} INFO - DAG(s) 'example_branch_labels' retrieved from /home/airflow/.local/lib/python3.8/site-packages/airflow/example_dags/example_branch_labels.py
[2024-07-19T00:14:29.733+0000] {logging_mixin.py:188} INFO - [2024-07-19T00:14:29.733+0000] {dag.py:3047} INFO - Sync 1 DAGs
[2024-07-19T00:14:29.752+0000] {logging_mixin.py:188} INFO - [2024-07-19T00:14:29.752+0000] {dag.py:3834} INFO - Setting next_dagrun for example_branch_labels to 2024-07-18 00:00:00+00:00, run_after=2024-07-19 00:00:00+00:00
[2024-07-19T00:14:29.768+0000] {processor.py:183} INFO - Processing /home/airflow/.local/lib/python3.8/site-packages/airflow/example_dags/example_branch_labels.py took 0.061 seconds
[2024-07-19T00:14:59.855+0000] {processor.py:161} INFO - Started process (PID=3131) to work on /home/airflow/.local/lib/python3.8/site-packages/airflow/example_dags/example_branch_labels.py
[2024-07-19T00:14:59.856+0000] {processor.py:830} INFO - Processing file /home/airflow/.local/lib/python3.8/site-packages/airflow/example_dags/example_branch_labels.py for tasks to queue
[2024-07-19T00:14:59.857+0000] {logging_mixin.py:188} INFO - [2024-07-19T00:14:59.857+0000] {dagbag.py:540} INFO - Filling up the DagBag from /home/airflow/.local/lib/python3.8/site-packages/airflow/example_dags/example_branch_labels.py
[2024-07-19T00:14:59.863+0000] {processor.py:840} INFO - DAG(s) 'example_branch_labels' retrieved from /home/airflow/.local/lib/python3.8/site-packages/airflow/example_dags/example_branch_labels.py
[2024-07-19T00:14:59.880+0000] {logging_mixin.py:188} INFO - [2024-07-19T00:14:59.879+0000] {dag.py:3047} INFO - Sync 1 DAGs
[2024-07-19T00:14:59.900+0000] {logging_mixin.py:188} INFO - [2024-07-19T00:14:59.899+0000] {dag.py:3834} INFO - Setting next_dagrun for example_branch_labels to 2024-07-18 00:00:00+00:00, run_after=2024-07-19 00:00:00+00:00
[2024-07-19T00:14:59.915+0000] {processor.py:183} INFO - Processing /home/airflow/.local/lib/python3.8/site-packages/airflow/example_dags/example_branch_labels.py took 0.063 seconds
[2024-07-19T00:15:30.042+0000] {processor.py:161} INFO - Started process (PID=3187) to work on /home/airflow/.local/lib/python3.8/site-packages/airflow/example_dags/example_branch_labels.py
[2024-07-19T00:15:30.042+0000] {processor.py:830} INFO - Processing file /home/airflow/.local/lib/python3.8/site-packages/airflow/example_dags/example_branch_labels.py for tasks to queue
[2024-07-19T00:15:30.044+0000] {logging_mixin.py:188} INFO - [2024-07-19T00:15:30.043+0000] {dagbag.py:540} INFO - Filling up the DagBag from /home/airflow/.local/lib/python3.8/site-packages/airflow/example_dags/example_branch_labels.py
[2024-07-19T00:15:30.050+0000] {processor.py:840} INFO - DAG(s) 'example_branch_labels' retrieved from /home/airflow/.local/lib/python3.8/site-packages/airflow/example_dags/example_branch_labels.py
[2024-07-19T00:15:30.066+0000] {logging_mixin.py:188} INFO - [2024-07-19T00:15:30.065+0000] {dag.py:3047} INFO - Sync 1 DAGs
[2024-07-19T00:15:30.084+0000] {logging_mixin.py:188} INFO - [2024-07-19T00:15:30.084+0000] {dag.py:3834} INFO - Setting next_dagrun for example_branch_labels to 2024-07-18 00:00:00+00:00, run_after=2024-07-19 00:00:00+00:00
[2024-07-19T00:15:30.103+0000] {processor.py:183} INFO - Processing /home/airflow/.local/lib/python3.8/site-packages/airflow/example_dags/example_branch_labels.py took 0.064 seconds
[2024-07-19T00:16:00.316+0000] {processor.py:161} INFO - Started process (PID=3243) to work on /home/airflow/.local/lib/python3.8/site-packages/airflow/example_dags/example_branch_labels.py
[2024-07-19T00:16:00.317+0000] {processor.py:830} INFO - Processing file /home/airflow/.local/lib/python3.8/site-packages/airflow/example_dags/example_branch_labels.py for tasks to queue
[2024-07-19T00:16:00.318+0000] {logging_mixin.py:188} INFO - [2024-07-19T00:16:00.318+0000] {dagbag.py:540} INFO - Filling up the DagBag from /home/airflow/.local/lib/python3.8/site-packages/airflow/example_dags/example_branch_labels.py
[2024-07-19T00:16:00.324+0000] {processor.py:840} INFO - DAG(s) 'example_branch_labels' retrieved from /home/airflow/.local/lib/python3.8/site-packages/airflow/example_dags/example_branch_labels.py
[2024-07-19T00:16:00.340+0000] {logging_mixin.py:188} INFO - [2024-07-19T00:16:00.340+0000] {dag.py:3047} INFO - Sync 1 DAGs
[2024-07-19T00:16:00.358+0000] {logging_mixin.py:188} INFO - [2024-07-19T00:16:00.357+0000] {dag.py:3834} INFO - Setting next_dagrun for example_branch_labels to 2024-07-18 00:00:00+00:00, run_after=2024-07-19 00:00:00+00:00
[2024-07-19T00:16:00.372+0000] {processor.py:183} INFO - Processing /home/airflow/.local/lib/python3.8/site-packages/airflow/example_dags/example_branch_labels.py took 0.058 seconds
[2024-07-19T00:16:30.456+0000] {processor.py:161} INFO - Started process (PID=3299) to work on /home/airflow/.local/lib/python3.8/site-packages/airflow/example_dags/example_branch_labels.py
[2024-07-19T00:16:30.458+0000] {processor.py:830} INFO - Processing file /home/airflow/.local/lib/python3.8/site-packages/airflow/example_dags/example_branch_labels.py for tasks to queue
[2024-07-19T00:16:30.459+0000] {logging_mixin.py:188} INFO - [2024-07-19T00:16:30.459+0000] {dagbag.py:540} INFO - Filling up the DagBag from /home/airflow/.local/lib/python3.8/site-packages/airflow/example_dags/example_branch_labels.py
[2024-07-19T00:16:30.467+0000] {processor.py:840} INFO - DAG(s) 'example_branch_labels' retrieved from /home/airflow/.local/lib/python3.8/site-packages/airflow/example_dags/example_branch_labels.py
[2024-07-19T00:16:30.485+0000] {logging_mixin.py:188} INFO - [2024-07-19T00:16:30.484+0000] {dag.py:3047} INFO - Sync 1 DAGs
[2024-07-19T00:16:30.505+0000] {logging_mixin.py:188} INFO - [2024-07-19T00:16:30.505+0000] {dag.py:3834} INFO - Setting next_dagrun for example_branch_labels to 2024-07-18 00:00:00+00:00, run_after=2024-07-19 00:00:00+00:00
[2024-07-19T00:16:30.521+0000] {processor.py:183} INFO - Processing /home/airflow/.local/lib/python3.8/site-packages/airflow/example_dags/example_branch_labels.py took 0.067 seconds
[2024-07-19T00:17:00.688+0000] {processor.py:161} INFO - Started process (PID=3355) to work on /home/airflow/.local/lib/python3.8/site-packages/airflow/example_dags/example_branch_labels.py
[2024-07-19T00:17:00.688+0000] {processor.py:830} INFO - Processing file /home/airflow/.local/lib/python3.8/site-packages/airflow/example_dags/example_branch_labels.py for tasks to queue
[2024-07-19T00:17:00.690+0000] {logging_mixin.py:188} INFO - [2024-07-19T00:17:00.689+0000] {dagbag.py:540} INFO - Filling up the DagBag from /home/airflow/.local/lib/python3.8/site-packages/airflow/example_dags/example_branch_labels.py
[2024-07-19T00:17:00.696+0000] {processor.py:840} INFO - DAG(s) 'example_branch_labels' retrieved from /home/airflow/.local/lib/python3.8/site-packages/airflow/example_dags/example_branch_labels.py
[2024-07-19T00:17:00.714+0000] {logging_mixin.py:188} INFO - [2024-07-19T00:17:00.713+0000] {dag.py:3047} INFO - Sync 1 DAGs
[2024-07-19T00:17:00.733+0000] {logging_mixin.py:188} INFO - [2024-07-19T00:17:00.733+0000] {dag.py:3834} INFO - Setting next_dagrun for example_branch_labels to 2024-07-18 00:00:00+00:00, run_after=2024-07-19 00:00:00+00:00
[2024-07-19T00:17:00.750+0000] {processor.py:183} INFO - Processing /home/airflow/.local/lib/python3.8/site-packages/airflow/example_dags/example_branch_labels.py took 0.065 seconds
[2024-07-19T00:18:06.355+0000] {processor.py:161} INFO - Started process (PID=50) to work on /home/airflow/.local/lib/python3.8/site-packages/airflow/example_dags/example_branch_labels.py
[2024-07-19T00:18:06.356+0000] {processor.py:830} INFO - Processing file /home/airflow/.local/lib/python3.8/site-packages/airflow/example_dags/example_branch_labels.py for tasks to queue
[2024-07-19T00:18:06.358+0000] {logging_mixin.py:188} INFO - [2024-07-19T00:18:06.358+0000] {dagbag.py:540} INFO - Filling up the DagBag from /home/airflow/.local/lib/python3.8/site-packages/airflow/example_dags/example_branch_labels.py
[2024-07-19T00:18:06.367+0000] {processor.py:840} INFO - DAG(s) 'example_branch_labels' retrieved from /home/airflow/.local/lib/python3.8/site-packages/airflow/example_dags/example_branch_labels.py
[2024-07-19T00:18:06.377+0000] {logging_mixin.py:188} INFO - [2024-07-19T00:18:06.377+0000] {dag.py:3047} INFO - Sync 1 DAGs
[2024-07-19T00:18:06.398+0000] {logging_mixin.py:188} INFO - [2024-07-19T00:18:06.398+0000] {dag.py:3834} INFO - Setting next_dagrun for example_branch_labels to 2024-07-18 00:00:00+00:00, run_after=2024-07-19 00:00:00+00:00
[2024-07-19T00:18:06.415+0000] {processor.py:183} INFO - Processing /home/airflow/.local/lib/python3.8/site-packages/airflow/example_dags/example_branch_labels.py took 0.062 seconds
[2024-07-19T00:18:37.193+0000] {processor.py:161} INFO - Started process (PID=106) to work on /home/airflow/.local/lib/python3.8/site-packages/airflow/example_dags/example_branch_labels.py
[2024-07-19T00:18:37.194+0000] {processor.py:830} INFO - Processing file /home/airflow/.local/lib/python3.8/site-packages/airflow/example_dags/example_branch_labels.py for tasks to queue
[2024-07-19T00:18:37.195+0000] {logging_mixin.py:188} INFO - [2024-07-19T00:18:37.195+0000] {dagbag.py:540} INFO - Filling up the DagBag from /home/airflow/.local/lib/python3.8/site-packages/airflow/example_dags/example_branch_labels.py
[2024-07-19T00:18:37.201+0000] {processor.py:840} INFO - DAG(s) 'example_branch_labels' retrieved from /home/airflow/.local/lib/python3.8/site-packages/airflow/example_dags/example_branch_labels.py
[2024-07-19T00:18:37.276+0000] {logging_mixin.py:188} INFO - [2024-07-19T00:18:37.276+0000] {dag.py:3047} INFO - Sync 1 DAGs
[2024-07-19T00:18:37.292+0000] {logging_mixin.py:188} INFO - [2024-07-19T00:18:37.292+0000] {dag.py:3834} INFO - Setting next_dagrun for example_branch_labels to 2024-07-18 00:00:00+00:00, run_after=2024-07-19 00:00:00+00:00
[2024-07-19T00:18:37.306+0000] {processor.py:183} INFO - Processing /home/airflow/.local/lib/python3.8/site-packages/airflow/example_dags/example_branch_labels.py took 0.116 seconds
[2024-07-19T00:19:07.804+0000] {processor.py:161} INFO - Started process (PID=162) to work on /home/airflow/.local/lib/python3.8/site-packages/airflow/example_dags/example_branch_labels.py
[2024-07-19T00:19:07.805+0000] {processor.py:830} INFO - Processing file /home/airflow/.local/lib/python3.8/site-packages/airflow/example_dags/example_branch_labels.py for tasks to queue
[2024-07-19T00:19:07.806+0000] {logging_mixin.py:188} INFO - [2024-07-19T00:19:07.806+0000] {dagbag.py:540} INFO - Filling up the DagBag from /home/airflow/.local/lib/python3.8/site-packages/airflow/example_dags/example_branch_labels.py
[2024-07-19T00:19:07.812+0000] {processor.py:840} INFO - DAG(s) 'example_branch_labels' retrieved from /home/airflow/.local/lib/python3.8/site-packages/airflow/example_dags/example_branch_labels.py
[2024-07-19T00:19:07.829+0000] {logging_mixin.py:188} INFO - [2024-07-19T00:19:07.829+0000] {dag.py:3047} INFO - Sync 1 DAGs
[2024-07-19T00:19:07.848+0000] {logging_mixin.py:188} INFO - [2024-07-19T00:19:07.847+0000] {dag.py:3834} INFO - Setting next_dagrun for example_branch_labels to 2024-07-18 00:00:00+00:00, run_after=2024-07-19 00:00:00+00:00
[2024-07-19T00:19:07.866+0000] {processor.py:183} INFO - Processing /home/airflow/.local/lib/python3.8/site-packages/airflow/example_dags/example_branch_labels.py took 0.065 seconds
[2024-07-19T00:19:37.917+0000] {processor.py:161} INFO - Started process (PID=218) to work on /home/airflow/.local/lib/python3.8/site-packages/airflow/example_dags/example_branch_labels.py
[2024-07-19T00:19:37.918+0000] {processor.py:830} INFO - Processing file /home/airflow/.local/lib/python3.8/site-packages/airflow/example_dags/example_branch_labels.py for tasks to queue
[2024-07-19T00:19:37.918+0000] {logging_mixin.py:188} INFO - [2024-07-19T00:19:37.918+0000] {dagbag.py:540} INFO - Filling up the DagBag from /home/airflow/.local/lib/python3.8/site-packages/airflow/example_dags/example_branch_labels.py
[2024-07-19T00:19:37.924+0000] {processor.py:840} INFO - DAG(s) 'example_branch_labels' retrieved from /home/airflow/.local/lib/python3.8/site-packages/airflow/example_dags/example_branch_labels.py
[2024-07-19T00:19:37.941+0000] {logging_mixin.py:188} INFO - [2024-07-19T00:19:37.941+0000] {dag.py:3047} INFO - Sync 1 DAGs
[2024-07-19T00:19:37.960+0000] {logging_mixin.py:188} INFO - [2024-07-19T00:19:37.959+0000] {dag.py:3834} INFO - Setting next_dagrun for example_branch_labels to 2024-07-18 00:00:00+00:00, run_after=2024-07-19 00:00:00+00:00
[2024-07-19T00:19:37.974+0000] {processor.py:183} INFO - Processing /home/airflow/.local/lib/python3.8/site-packages/airflow/example_dags/example_branch_labels.py took 0.059 seconds
[2024-07-19T00:20:08.285+0000] {processor.py:161} INFO - Started process (PID=274) to work on /home/airflow/.local/lib/python3.8/site-packages/airflow/example_dags/example_branch_labels.py
[2024-07-19T00:20:08.285+0000] {processor.py:830} INFO - Processing file /home/airflow/.local/lib/python3.8/site-packages/airflow/example_dags/example_branch_labels.py for tasks to queue
[2024-07-19T00:20:08.286+0000] {logging_mixin.py:188} INFO - [2024-07-19T00:20:08.286+0000] {dagbag.py:540} INFO - Filling up the DagBag from /home/airflow/.local/lib/python3.8/site-packages/airflow/example_dags/example_branch_labels.py
[2024-07-19T00:20:08.292+0000] {processor.py:840} INFO - DAG(s) 'example_branch_labels' retrieved from /home/airflow/.local/lib/python3.8/site-packages/airflow/example_dags/example_branch_labels.py
[2024-07-19T00:20:08.308+0000] {logging_mixin.py:188} INFO - [2024-07-19T00:20:08.308+0000] {dag.py:3047} INFO - Sync 1 DAGs
[2024-07-19T00:20:08.327+0000] {logging_mixin.py:188} INFO - [2024-07-19T00:20:08.327+0000] {dag.py:3834} INFO - Setting next_dagrun for example_branch_labels to 2024-07-18 00:00:00+00:00, run_after=2024-07-19 00:00:00+00:00
[2024-07-19T00:20:08.342+0000] {processor.py:183} INFO - Processing /home/airflow/.local/lib/python3.8/site-packages/airflow/example_dags/example_branch_labels.py took 0.060 seconds
[2024-07-19T00:20:38.454+0000] {processor.py:161} INFO - Started process (PID=331) to work on /home/airflow/.local/lib/python3.8/site-packages/airflow/example_dags/example_branch_labels.py
[2024-07-19T00:20:38.455+0000] {processor.py:830} INFO - Processing file /home/airflow/.local/lib/python3.8/site-packages/airflow/example_dags/example_branch_labels.py for tasks to queue
[2024-07-19T00:20:38.455+0000] {logging_mixin.py:188} INFO - [2024-07-19T00:20:38.455+0000] {dagbag.py:540} INFO - Filling up the DagBag from /home/airflow/.local/lib/python3.8/site-packages/airflow/example_dags/example_branch_labels.py
[2024-07-19T00:20:38.461+0000] {processor.py:840} INFO - DAG(s) 'example_branch_labels' retrieved from /home/airflow/.local/lib/python3.8/site-packages/airflow/example_dags/example_branch_labels.py
[2024-07-19T00:20:38.477+0000] {logging_mixin.py:188} INFO - [2024-07-19T00:20:38.477+0000] {dag.py:3047} INFO - Sync 1 DAGs
[2024-07-19T00:20:38.494+0000] {logging_mixin.py:188} INFO - [2024-07-19T00:20:38.494+0000] {dag.py:3834} INFO - Setting next_dagrun for example_branch_labels to 2024-07-18 00:00:00+00:00, run_after=2024-07-19 00:00:00+00:00
[2024-07-19T00:20:38.508+0000] {processor.py:183} INFO - Processing /home/airflow/.local/lib/python3.8/site-packages/airflow/example_dags/example_branch_labels.py took 0.056 seconds
[2024-07-19T00:21:08.681+0000] {processor.py:161} INFO - Started process (PID=387) to work on /home/airflow/.local/lib/python3.8/site-packages/airflow/example_dags/example_branch_labels.py
[2024-07-19T00:21:08.681+0000] {processor.py:830} INFO - Processing file /home/airflow/.local/lib/python3.8/site-packages/airflow/example_dags/example_branch_labels.py for tasks to queue
[2024-07-19T00:21:08.682+0000] {logging_mixin.py:188} INFO - [2024-07-19T00:21:08.682+0000] {dagbag.py:540} INFO - Filling up the DagBag from /home/airflow/.local/lib/python3.8/site-packages/airflow/example_dags/example_branch_labels.py
[2024-07-19T00:21:08.688+0000] {processor.py:840} INFO - DAG(s) 'example_branch_labels' retrieved from /home/airflow/.local/lib/python3.8/site-packages/airflow/example_dags/example_branch_labels.py
[2024-07-19T00:21:08.706+0000] {logging_mixin.py:188} INFO - [2024-07-19T00:21:08.705+0000] {dag.py:3047} INFO - Sync 1 DAGs
[2024-07-19T00:21:08.726+0000] {logging_mixin.py:188} INFO - [2024-07-19T00:21:08.726+0000] {dag.py:3834} INFO - Setting next_dagrun for example_branch_labels to 2024-07-18 00:00:00+00:00, run_after=2024-07-19 00:00:00+00:00
[2024-07-19T00:21:08.742+0000] {processor.py:183} INFO - Processing /home/airflow/.local/lib/python3.8/site-packages/airflow/example_dags/example_branch_labels.py took 0.063 seconds
[2024-07-19T00:21:38.925+0000] {processor.py:161} INFO - Started process (PID=443) to work on /home/airflow/.local/lib/python3.8/site-packages/airflow/example_dags/example_branch_labels.py
[2024-07-19T00:21:38.926+0000] {processor.py:830} INFO - Processing file /home/airflow/.local/lib/python3.8/site-packages/airflow/example_dags/example_branch_labels.py for tasks to queue
[2024-07-19T00:21:38.926+0000] {logging_mixin.py:188} INFO - [2024-07-19T00:21:38.926+0000] {dagbag.py:540} INFO - Filling up the DagBag from /home/airflow/.local/lib/python3.8/site-packages/airflow/example_dags/example_branch_labels.py
[2024-07-19T00:21:38.933+0000] {processor.py:840} INFO - DAG(s) 'example_branch_labels' retrieved from /home/airflow/.local/lib/python3.8/site-packages/airflow/example_dags/example_branch_labels.py
[2024-07-19T00:21:38.950+0000] {logging_mixin.py:188} INFO - [2024-07-19T00:21:38.950+0000] {dag.py:3047} INFO - Sync 1 DAGs
[2024-07-19T00:21:38.971+0000] {logging_mixin.py:188} INFO - [2024-07-19T00:21:38.970+0000] {dag.py:3834} INFO - Setting next_dagrun for example_branch_labels to 2024-07-18 00:00:00+00:00, run_after=2024-07-19 00:00:00+00:00
[2024-07-19T00:21:38.986+0000] {processor.py:183} INFO - Processing /home/airflow/.local/lib/python3.8/site-packages/airflow/example_dags/example_branch_labels.py took 0.063 seconds
[2024-07-19T00:22:09.352+0000] {processor.py:161} INFO - Started process (PID=499) to work on /home/airflow/.local/lib/python3.8/site-packages/airflow/example_dags/example_branch_labels.py
[2024-07-19T00:22:09.353+0000] {processor.py:830} INFO - Processing file /home/airflow/.local/lib/python3.8/site-packages/airflow/example_dags/example_branch_labels.py for tasks to queue
[2024-07-19T00:22:09.354+0000] {logging_mixin.py:188} INFO - [2024-07-19T00:22:09.354+0000] {dagbag.py:540} INFO - Filling up the DagBag from /home/airflow/.local/lib/python3.8/site-packages/airflow/example_dags/example_branch_labels.py
[2024-07-19T00:22:09.362+0000] {processor.py:840} INFO - DAG(s) 'example_branch_labels' retrieved from /home/airflow/.local/lib/python3.8/site-packages/airflow/example_dags/example_branch_labels.py
[2024-07-19T00:22:09.389+0000] {logging_mixin.py:188} INFO - [2024-07-19T00:22:09.389+0000] {dag.py:3047} INFO - Sync 1 DAGs
[2024-07-19T00:22:09.414+0000] {logging_mixin.py:188} INFO - [2024-07-19T00:22:09.414+0000] {dag.py:3834} INFO - Setting next_dagrun for example_branch_labels to 2024-07-18 00:00:00+00:00, run_after=2024-07-19 00:00:00+00:00
[2024-07-19T00:22:09.435+0000] {processor.py:183} INFO - Processing /home/airflow/.local/lib/python3.8/site-packages/airflow/example_dags/example_branch_labels.py took 0.085 seconds
[2024-07-19T00:22:39.580+0000] {processor.py:161} INFO - Started process (PID=555) to work on /home/airflow/.local/lib/python3.8/site-packages/airflow/example_dags/example_branch_labels.py
[2024-07-19T00:22:39.580+0000] {processor.py:830} INFO - Processing file /home/airflow/.local/lib/python3.8/site-packages/airflow/example_dags/example_branch_labels.py for tasks to queue
[2024-07-19T00:22:39.581+0000] {logging_mixin.py:188} INFO - [2024-07-19T00:22:39.581+0000] {dagbag.py:540} INFO - Filling up the DagBag from /home/airflow/.local/lib/python3.8/site-packages/airflow/example_dags/example_branch_labels.py
[2024-07-19T00:22:39.586+0000] {processor.py:840} INFO - DAG(s) 'example_branch_labels' retrieved from /home/airflow/.local/lib/python3.8/site-packages/airflow/example_dags/example_branch_labels.py
[2024-07-19T00:22:39.605+0000] {logging_mixin.py:188} INFO - [2024-07-19T00:22:39.604+0000] {dag.py:3047} INFO - Sync 1 DAGs
[2024-07-19T00:22:39.624+0000] {logging_mixin.py:188} INFO - [2024-07-19T00:22:39.624+0000] {dag.py:3834} INFO - Setting next_dagrun for example_branch_labels to 2024-07-18 00:00:00+00:00, run_after=2024-07-19 00:00:00+00:00
[2024-07-19T00:22:39.639+0000] {processor.py:183} INFO - Processing /home/airflow/.local/lib/python3.8/site-packages/airflow/example_dags/example_branch_labels.py took 0.062 seconds
[2024-07-19T00:23:09.763+0000] {processor.py:161} INFO - Started process (PID=611) to work on /home/airflow/.local/lib/python3.8/site-packages/airflow/example_dags/example_branch_labels.py
[2024-07-19T00:23:09.764+0000] {processor.py:830} INFO - Processing file /home/airflow/.local/lib/python3.8/site-packages/airflow/example_dags/example_branch_labels.py for tasks to queue
[2024-07-19T00:23:09.765+0000] {logging_mixin.py:188} INFO - [2024-07-19T00:23:09.764+0000] {dagbag.py:540} INFO - Filling up the DagBag from /home/airflow/.local/lib/python3.8/site-packages/airflow/example_dags/example_branch_labels.py
[2024-07-19T00:23:09.770+0000] {processor.py:840} INFO - DAG(s) 'example_branch_labels' retrieved from /home/airflow/.local/lib/python3.8/site-packages/airflow/example_dags/example_branch_labels.py
[2024-07-19T00:23:09.789+0000] {logging_mixin.py:188} INFO - [2024-07-19T00:23:09.789+0000] {dag.py:3047} INFO - Sync 1 DAGs
[2024-07-19T00:23:09.808+0000] {logging_mixin.py:188} INFO - [2024-07-19T00:23:09.808+0000] {dag.py:3834} INFO - Setting next_dagrun for example_branch_labels to 2024-07-18 00:00:00+00:00, run_after=2024-07-19 00:00:00+00:00
[2024-07-19T00:23:09.827+0000] {processor.py:183} INFO - Processing /home/airflow/.local/lib/python3.8/site-packages/airflow/example_dags/example_branch_labels.py took 0.067 seconds
[2024-07-19T00:23:40.185+0000] {processor.py:161} INFO - Started process (PID=667) to work on /home/airflow/.local/lib/python3.8/site-packages/airflow/example_dags/example_branch_labels.py
[2024-07-19T00:23:40.186+0000] {processor.py:830} INFO - Processing file /home/airflow/.local/lib/python3.8/site-packages/airflow/example_dags/example_branch_labels.py for tasks to queue
[2024-07-19T00:23:40.186+0000] {logging_mixin.py:188} INFO - [2024-07-19T00:23:40.186+0000] {dagbag.py:540} INFO - Filling up the DagBag from /home/airflow/.local/lib/python3.8/site-packages/airflow/example_dags/example_branch_labels.py
[2024-07-19T00:23:40.192+0000] {processor.py:840} INFO - DAG(s) 'example_branch_labels' retrieved from /home/airflow/.local/lib/python3.8/site-packages/airflow/example_dags/example_branch_labels.py
[2024-07-19T00:23:40.209+0000] {logging_mixin.py:188} INFO - [2024-07-19T00:23:40.208+0000] {dag.py:3047} INFO - Sync 1 DAGs
[2024-07-19T00:23:40.227+0000] {logging_mixin.py:188} INFO - [2024-07-19T00:23:40.226+0000] {dag.py:3834} INFO - Setting next_dagrun for example_branch_labels to 2024-07-18 00:00:00+00:00, run_after=2024-07-19 00:00:00+00:00
[2024-07-19T00:23:40.242+0000] {processor.py:183} INFO - Processing /home/airflow/.local/lib/python3.8/site-packages/airflow/example_dags/example_branch_labels.py took 0.059 seconds
[2024-07-19T00:24:10.313+0000] {processor.py:161} INFO - Started process (PID=723) to work on /home/airflow/.local/lib/python3.8/site-packages/airflow/example_dags/example_branch_labels.py
[2024-07-19T00:24:10.314+0000] {processor.py:830} INFO - Processing file /home/airflow/.local/lib/python3.8/site-packages/airflow/example_dags/example_branch_labels.py for tasks to queue
[2024-07-19T00:24:10.314+0000] {logging_mixin.py:188} INFO - [2024-07-19T00:24:10.314+0000] {dagbag.py:540} INFO - Filling up the DagBag from /home/airflow/.local/lib/python3.8/site-packages/airflow/example_dags/example_branch_labels.py
[2024-07-19T00:24:10.321+0000] {processor.py:840} INFO - DAG(s) 'example_branch_labels' retrieved from /home/airflow/.local/lib/python3.8/site-packages/airflow/example_dags/example_branch_labels.py
[2024-07-19T00:24:10.338+0000] {logging_mixin.py:188} INFO - [2024-07-19T00:24:10.338+0000] {dag.py:3047} INFO - Sync 1 DAGs
[2024-07-19T00:24:10.358+0000] {logging_mixin.py:188} INFO - [2024-07-19T00:24:10.358+0000] {dag.py:3834} INFO - Setting next_dagrun for example_branch_labels to 2024-07-18 00:00:00+00:00, run_after=2024-07-19 00:00:00+00:00
[2024-07-19T00:24:10.374+0000] {processor.py:183} INFO - Processing /home/airflow/.local/lib/python3.8/site-packages/airflow/example_dags/example_branch_labels.py took 0.064 seconds
[2024-07-19T00:24:40.432+0000] {processor.py:161} INFO - Started process (PID=779) to work on /home/airflow/.local/lib/python3.8/site-packages/airflow/example_dags/example_branch_labels.py
[2024-07-19T00:24:40.432+0000] {processor.py:830} INFO - Processing file /home/airflow/.local/lib/python3.8/site-packages/airflow/example_dags/example_branch_labels.py for tasks to queue
[2024-07-19T00:24:40.433+0000] {logging_mixin.py:188} INFO - [2024-07-19T00:24:40.433+0000] {dagbag.py:540} INFO - Filling up the DagBag from /home/airflow/.local/lib/python3.8/site-packages/airflow/example_dags/example_branch_labels.py
[2024-07-19T00:24:40.439+0000] {processor.py:840} INFO - DAG(s) 'example_branch_labels' retrieved from /home/airflow/.local/lib/python3.8/site-packages/airflow/example_dags/example_branch_labels.py
[2024-07-19T00:24:40.457+0000] {logging_mixin.py:188} INFO - [2024-07-19T00:24:40.457+0000] {dag.py:3047} INFO - Sync 1 DAGs
[2024-07-19T00:24:40.474+0000] {logging_mixin.py:188} INFO - [2024-07-19T00:24:40.474+0000] {dag.py:3834} INFO - Setting next_dagrun for example_branch_labels to 2024-07-18 00:00:00+00:00, run_after=2024-07-19 00:00:00+00:00
[2024-07-19T00:24:40.488+0000] {processor.py:183} INFO - Processing /home/airflow/.local/lib/python3.8/site-packages/airflow/example_dags/example_branch_labels.py took 0.059 seconds
[2024-07-19T00:25:10.593+0000] {processor.py:161} INFO - Started process (PID=835) to work on /home/airflow/.local/lib/python3.8/site-packages/airflow/example_dags/example_branch_labels.py
[2024-07-19T00:25:10.594+0000] {processor.py:830} INFO - Processing file /home/airflow/.local/lib/python3.8/site-packages/airflow/example_dags/example_branch_labels.py for tasks to queue
[2024-07-19T00:25:10.595+0000] {logging_mixin.py:188} INFO - [2024-07-19T00:25:10.595+0000] {dagbag.py:540} INFO - Filling up the DagBag from /home/airflow/.local/lib/python3.8/site-packages/airflow/example_dags/example_branch_labels.py
[2024-07-19T00:25:10.601+0000] {processor.py:840} INFO - DAG(s) 'example_branch_labels' retrieved from /home/airflow/.local/lib/python3.8/site-packages/airflow/example_dags/example_branch_labels.py
[2024-07-19T00:25:10.620+0000] {logging_mixin.py:188} INFO - [2024-07-19T00:25:10.620+0000] {dag.py:3047} INFO - Sync 1 DAGs
[2024-07-19T00:25:10.639+0000] {logging_mixin.py:188} INFO - [2024-07-19T00:25:10.639+0000] {dag.py:3834} INFO - Setting next_dagrun for example_branch_labels to 2024-07-18 00:00:00+00:00, run_after=2024-07-19 00:00:00+00:00
[2024-07-19T00:25:10.656+0000] {processor.py:183} INFO - Processing /home/airflow/.local/lib/python3.8/site-packages/airflow/example_dags/example_branch_labels.py took 0.065 seconds
[2024-07-19T00:25:41.574+0000] {processor.py:161} INFO - Started process (PID=891) to work on /home/airflow/.local/lib/python3.8/site-packages/airflow/example_dags/example_branch_labels.py
[2024-07-19T00:25:41.575+0000] {processor.py:830} INFO - Processing file /home/airflow/.local/lib/python3.8/site-packages/airflow/example_dags/example_branch_labels.py for tasks to queue
[2024-07-19T00:25:41.576+0000] {logging_mixin.py:188} INFO - [2024-07-19T00:25:41.575+0000] {dagbag.py:540} INFO - Filling up the DagBag from /home/airflow/.local/lib/python3.8/site-packages/airflow/example_dags/example_branch_labels.py
[2024-07-19T00:25:41.581+0000] {processor.py:840} INFO - DAG(s) 'example_branch_labels' retrieved from /home/airflow/.local/lib/python3.8/site-packages/airflow/example_dags/example_branch_labels.py
[2024-07-19T00:25:41.597+0000] {logging_mixin.py:188} INFO - [2024-07-19T00:25:41.597+0000] {dag.py:3047} INFO - Sync 1 DAGs
[2024-07-19T00:25:41.616+0000] {logging_mixin.py:188} INFO - [2024-07-19T00:25:41.615+0000] {dag.py:3834} INFO - Setting next_dagrun for example_branch_labels to 2024-07-18 00:00:00+00:00, run_after=2024-07-19 00:00:00+00:00
[2024-07-19T00:25:41.630+0000] {processor.py:183} INFO - Processing /home/airflow/.local/lib/python3.8/site-packages/airflow/example_dags/example_branch_labels.py took 0.058 seconds
[2024-07-19T00:26:11.849+0000] {processor.py:161} INFO - Started process (PID=947) to work on /home/airflow/.local/lib/python3.8/site-packages/airflow/example_dags/example_branch_labels.py
[2024-07-19T00:26:11.850+0000] {processor.py:830} INFO - Processing file /home/airflow/.local/lib/python3.8/site-packages/airflow/example_dags/example_branch_labels.py for tasks to queue
[2024-07-19T00:26:11.851+0000] {logging_mixin.py:188} INFO - [2024-07-19T00:26:11.851+0000] {dagbag.py:540} INFO - Filling up the DagBag from /home/airflow/.local/lib/python3.8/site-packages/airflow/example_dags/example_branch_labels.py
[2024-07-19T00:26:11.857+0000] {processor.py:840} INFO - DAG(s) 'example_branch_labels' retrieved from /home/airflow/.local/lib/python3.8/site-packages/airflow/example_dags/example_branch_labels.py
[2024-07-19T00:26:11.873+0000] {logging_mixin.py:188} INFO - [2024-07-19T00:26:11.873+0000] {dag.py:3047} INFO - Sync 1 DAGs
[2024-07-19T00:26:11.892+0000] {logging_mixin.py:188} INFO - [2024-07-19T00:26:11.892+0000] {dag.py:3834} INFO - Setting next_dagrun for example_branch_labels to 2024-07-18 00:00:00+00:00, run_after=2024-07-19 00:00:00+00:00
[2024-07-19T00:26:11.909+0000] {processor.py:183} INFO - Processing /home/airflow/.local/lib/python3.8/site-packages/airflow/example_dags/example_branch_labels.py took 0.062 seconds
[2024-07-19T00:26:42.066+0000] {processor.py:161} INFO - Started process (PID=1003) to work on /home/airflow/.local/lib/python3.8/site-packages/airflow/example_dags/example_branch_labels.py
[2024-07-19T00:26:42.067+0000] {processor.py:830} INFO - Processing file /home/airflow/.local/lib/python3.8/site-packages/airflow/example_dags/example_branch_labels.py for tasks to queue
[2024-07-19T00:26:42.068+0000] {logging_mixin.py:188} INFO - [2024-07-19T00:26:42.068+0000] {dagbag.py:540} INFO - Filling up the DagBag from /home/airflow/.local/lib/python3.8/site-packages/airflow/example_dags/example_branch_labels.py
[2024-07-19T00:26:42.073+0000] {processor.py:840} INFO - DAG(s) 'example_branch_labels' retrieved from /home/airflow/.local/lib/python3.8/site-packages/airflow/example_dags/example_branch_labels.py
[2024-07-19T00:26:42.090+0000] {logging_mixin.py:188} INFO - [2024-07-19T00:26:42.090+0000] {dag.py:3047} INFO - Sync 1 DAGs
[2024-07-19T00:26:42.109+0000] {logging_mixin.py:188} INFO - [2024-07-19T00:26:42.109+0000] {dag.py:3834} INFO - Setting next_dagrun for example_branch_labels to 2024-07-18 00:00:00+00:00, run_after=2024-07-19 00:00:00+00:00
[2024-07-19T00:26:42.125+0000] {processor.py:183} INFO - Processing /home/airflow/.local/lib/python3.8/site-packages/airflow/example_dags/example_branch_labels.py took 0.061 seconds
[2024-07-19T00:27:12.352+0000] {processor.py:161} INFO - Started process (PID=1059) to work on /home/airflow/.local/lib/python3.8/site-packages/airflow/example_dags/example_branch_labels.py
[2024-07-19T00:27:12.353+0000] {processor.py:830} INFO - Processing file /home/airflow/.local/lib/python3.8/site-packages/airflow/example_dags/example_branch_labels.py for tasks to queue
[2024-07-19T00:27:12.354+0000] {logging_mixin.py:188} INFO - [2024-07-19T00:27:12.353+0000] {dagbag.py:540} INFO - Filling up the DagBag from /home/airflow/.local/lib/python3.8/site-packages/airflow/example_dags/example_branch_labels.py
[2024-07-19T00:27:12.361+0000] {processor.py:840} INFO - DAG(s) 'example_branch_labels' retrieved from /home/airflow/.local/lib/python3.8/site-packages/airflow/example_dags/example_branch_labels.py
[2024-07-19T00:27:12.380+0000] {logging_mixin.py:188} INFO - [2024-07-19T00:27:12.380+0000] {dag.py:3047} INFO - Sync 1 DAGs
[2024-07-19T00:27:12.401+0000] {logging_mixin.py:188} INFO - [2024-07-19T00:27:12.400+0000] {dag.py:3834} INFO - Setting next_dagrun for example_branch_labels to 2024-07-18 00:00:00+00:00, run_after=2024-07-19 00:00:00+00:00
[2024-07-19T00:27:12.420+0000] {processor.py:183} INFO - Processing /home/airflow/.local/lib/python3.8/site-packages/airflow/example_dags/example_branch_labels.py took 0.072 seconds
[2024-07-19T00:27:43.355+0000] {processor.py:161} INFO - Started process (PID=1116) to work on /home/airflow/.local/lib/python3.8/site-packages/airflow/example_dags/example_branch_labels.py
[2024-07-19T00:27:43.356+0000] {processor.py:830} INFO - Processing file /home/airflow/.local/lib/python3.8/site-packages/airflow/example_dags/example_branch_labels.py for tasks to queue
[2024-07-19T00:27:43.356+0000] {logging_mixin.py:188} INFO - [2024-07-19T00:27:43.356+0000] {dagbag.py:540} INFO - Filling up the DagBag from /home/airflow/.local/lib/python3.8/site-packages/airflow/example_dags/example_branch_labels.py
[2024-07-19T00:27:43.363+0000] {processor.py:840} INFO - DAG(s) 'example_branch_labels' retrieved from /home/airflow/.local/lib/python3.8/site-packages/airflow/example_dags/example_branch_labels.py
[2024-07-19T00:27:43.383+0000] {logging_mixin.py:188} INFO - [2024-07-19T00:27:43.383+0000] {dag.py:3047} INFO - Sync 1 DAGs
[2024-07-19T00:27:43.404+0000] {logging_mixin.py:188} INFO - [2024-07-19T00:27:43.404+0000] {dag.py:3834} INFO - Setting next_dagrun for example_branch_labels to 2024-07-18 00:00:00+00:00, run_after=2024-07-19 00:00:00+00:00
[2024-07-19T00:27:43.423+0000] {processor.py:183} INFO - Processing /home/airflow/.local/lib/python3.8/site-packages/airflow/example_dags/example_branch_labels.py took 0.071 seconds
[2024-07-19T00:28:13.580+0000] {processor.py:161} INFO - Started process (PID=1173) to work on /home/airflow/.local/lib/python3.8/site-packages/airflow/example_dags/example_branch_labels.py
[2024-07-19T00:28:13.581+0000] {processor.py:830} INFO - Processing file /home/airflow/.local/lib/python3.8/site-packages/airflow/example_dags/example_branch_labels.py for tasks to queue
[2024-07-19T00:28:13.581+0000] {logging_mixin.py:188} INFO - [2024-07-19T00:28:13.581+0000] {dagbag.py:540} INFO - Filling up the DagBag from /home/airflow/.local/lib/python3.8/site-packages/airflow/example_dags/example_branch_labels.py
[2024-07-19T00:28:13.587+0000] {processor.py:840} INFO - DAG(s) 'example_branch_labels' retrieved from /home/airflow/.local/lib/python3.8/site-packages/airflow/example_dags/example_branch_labels.py
[2024-07-19T00:28:13.605+0000] {logging_mixin.py:188} INFO - [2024-07-19T00:28:13.605+0000] {dag.py:3047} INFO - Sync 1 DAGs
[2024-07-19T00:28:13.622+0000] {logging_mixin.py:188} INFO - [2024-07-19T00:28:13.622+0000] {dag.py:3834} INFO - Setting next_dagrun for example_branch_labels to 2024-07-18 00:00:00+00:00, run_after=2024-07-19 00:00:00+00:00
[2024-07-19T00:28:13.637+0000] {processor.py:183} INFO - Processing /home/airflow/.local/lib/python3.8/site-packages/airflow/example_dags/example_branch_labels.py took 0.060 seconds
[2024-07-19T00:28:43.731+0000] {processor.py:161} INFO - Started process (PID=1229) to work on /home/airflow/.local/lib/python3.8/site-packages/airflow/example_dags/example_branch_labels.py
[2024-07-19T00:28:43.732+0000] {processor.py:830} INFO - Processing file /home/airflow/.local/lib/python3.8/site-packages/airflow/example_dags/example_branch_labels.py for tasks to queue
[2024-07-19T00:28:43.733+0000] {logging_mixin.py:188} INFO - [2024-07-19T00:28:43.733+0000] {dagbag.py:540} INFO - Filling up the DagBag from /home/airflow/.local/lib/python3.8/site-packages/airflow/example_dags/example_branch_labels.py
[2024-07-19T00:28:43.739+0000] {processor.py:840} INFO - DAG(s) 'example_branch_labels' retrieved from /home/airflow/.local/lib/python3.8/site-packages/airflow/example_dags/example_branch_labels.py
[2024-07-19T00:28:43.755+0000] {logging_mixin.py:188} INFO - [2024-07-19T00:28:43.755+0000] {dag.py:3047} INFO - Sync 1 DAGs
[2024-07-19T00:28:43.777+0000] {logging_mixin.py:188} INFO - [2024-07-19T00:28:43.777+0000] {dag.py:3834} INFO - Setting next_dagrun for example_branch_labels to 2024-07-18 00:00:00+00:00, run_after=2024-07-19 00:00:00+00:00
[2024-07-19T00:28:43.792+0000] {processor.py:183} INFO - Processing /home/airflow/.local/lib/python3.8/site-packages/airflow/example_dags/example_branch_labels.py took 0.063 seconds
