[2024-07-19T00:00:21.772+0000] {processor.py:161} INFO - Started process (PID=1526) to work on /home/airflow/.local/lib/python3.8/site-packages/airflow/example_dags/example_latest_only.py
[2024-07-19T00:00:21.772+0000] {processor.py:830} INFO - Processing file /home/airflow/.local/lib/python3.8/site-packages/airflow/example_dags/example_latest_only.py for tasks to queue
[2024-07-19T00:00:21.773+0000] {logging_mixin.py:188} INFO - [2024-07-19T00:00:21.773+0000] {dagbag.py:540} INFO - Filling up the DagBag from /home/airflow/.local/lib/python3.8/site-packages/airflow/example_dags/example_latest_only.py
[2024-07-19T00:00:21.777+0000] {processor.py:840} INFO - DAG(s) 'latest_only' retrieved from /home/airflow/.local/lib/python3.8/site-packages/airflow/example_dags/example_latest_only.py
[2024-07-19T00:00:21.793+0000] {logging_mixin.py:188} INFO - [2024-07-19T00:00:21.792+0000] {dag.py:3047} INFO - Sync 1 DAGs
[2024-07-19T00:00:21.810+0000] {logging_mixin.py:188} INFO - [2024-07-19T00:00:21.810+0000] {dag.py:3834} INFO - Setting next_dagrun for latest_only to 2024-07-18 20:00:00+00:00, run_after=2024-07-19 00:00:00+00:00
[2024-07-19T00:00:21.827+0000] {processor.py:183} INFO - Processing /home/airflow/.local/lib/python3.8/site-packages/airflow/example_dags/example_latest_only.py took 0.057 seconds
[2024-07-19T00:00:52.058+0000] {processor.py:161} INFO - Started process (PID=1582) to work on /home/airflow/.local/lib/python3.8/site-packages/airflow/example_dags/example_latest_only.py
[2024-07-19T00:00:52.060+0000] {processor.py:830} INFO - Processing file /home/airflow/.local/lib/python3.8/site-packages/airflow/example_dags/example_latest_only.py for tasks to queue
[2024-07-19T00:00:52.061+0000] {logging_mixin.py:188} INFO - [2024-07-19T00:00:52.060+0000] {dagbag.py:540} INFO - Filling up the DagBag from /home/airflow/.local/lib/python3.8/site-packages/airflow/example_dags/example_latest_only.py
[2024-07-19T00:00:52.064+0000] {processor.py:840} INFO - DAG(s) 'latest_only' retrieved from /home/airflow/.local/lib/python3.8/site-packages/airflow/example_dags/example_latest_only.py
[2024-07-19T00:00:52.079+0000] {logging_mixin.py:188} INFO - [2024-07-19T00:00:52.079+0000] {dag.py:3047} INFO - Sync 1 DAGs
[2024-07-19T00:00:52.096+0000] {logging_mixin.py:188} INFO - [2024-07-19T00:00:52.096+0000] {dag.py:3834} INFO - Setting next_dagrun for latest_only to 2024-07-18 20:00:00+00:00, run_after=2024-07-19 00:00:00+00:00
[2024-07-19T00:00:52.112+0000] {processor.py:183} INFO - Processing /home/airflow/.local/lib/python3.8/site-packages/airflow/example_dags/example_latest_only.py took 0.055 seconds
[2024-07-19T00:01:22.417+0000] {processor.py:161} INFO - Started process (PID=1638) to work on /home/airflow/.local/lib/python3.8/site-packages/airflow/example_dags/example_latest_only.py
[2024-07-19T00:01:22.418+0000] {processor.py:830} INFO - Processing file /home/airflow/.local/lib/python3.8/site-packages/airflow/example_dags/example_latest_only.py for tasks to queue
[2024-07-19T00:01:22.419+0000] {logging_mixin.py:188} INFO - [2024-07-19T00:01:22.419+0000] {dagbag.py:540} INFO - Filling up the DagBag from /home/airflow/.local/lib/python3.8/site-packages/airflow/example_dags/example_latest_only.py
[2024-07-19T00:01:22.423+0000] {processor.py:840} INFO - DAG(s) 'latest_only' retrieved from /home/airflow/.local/lib/python3.8/site-packages/airflow/example_dags/example_latest_only.py
[2024-07-19T00:01:22.440+0000] {logging_mixin.py:188} INFO - [2024-07-19T00:01:22.440+0000] {dag.py:3047} INFO - Sync 1 DAGs
[2024-07-19T00:01:22.459+0000] {logging_mixin.py:188} INFO - [2024-07-19T00:01:22.459+0000] {dag.py:3834} INFO - Setting next_dagrun for latest_only to 2024-07-18 20:00:00+00:00, run_after=2024-07-19 00:00:00+00:00
[2024-07-19T00:01:22.476+0000] {processor.py:183} INFO - Processing /home/airflow/.local/lib/python3.8/site-packages/airflow/example_dags/example_latest_only.py took 0.061 seconds
[2024-07-19T00:01:52.793+0000] {processor.py:161} INFO - Started process (PID=1694) to work on /home/airflow/.local/lib/python3.8/site-packages/airflow/example_dags/example_latest_only.py
[2024-07-19T00:01:52.794+0000] {processor.py:830} INFO - Processing file /home/airflow/.local/lib/python3.8/site-packages/airflow/example_dags/example_latest_only.py for tasks to queue
[2024-07-19T00:01:52.795+0000] {logging_mixin.py:188} INFO - [2024-07-19T00:01:52.795+0000] {dagbag.py:540} INFO - Filling up the DagBag from /home/airflow/.local/lib/python3.8/site-packages/airflow/example_dags/example_latest_only.py
[2024-07-19T00:01:52.799+0000] {processor.py:840} INFO - DAG(s) 'latest_only' retrieved from /home/airflow/.local/lib/python3.8/site-packages/airflow/example_dags/example_latest_only.py
[2024-07-19T00:01:52.817+0000] {logging_mixin.py:188} INFO - [2024-07-19T00:01:52.817+0000] {dag.py:3047} INFO - Sync 1 DAGs
[2024-07-19T00:01:52.837+0000] {logging_mixin.py:188} INFO - [2024-07-19T00:01:52.837+0000] {dag.py:3834} INFO - Setting next_dagrun for latest_only to 2024-07-18 20:00:00+00:00, run_after=2024-07-19 00:00:00+00:00
[2024-07-19T00:01:52.854+0000] {processor.py:183} INFO - Processing /home/airflow/.local/lib/python3.8/site-packages/airflow/example_dags/example_latest_only.py took 0.064 seconds
[2024-07-19T00:02:22.891+0000] {processor.py:161} INFO - Started process (PID=1749) to work on /home/airflow/.local/lib/python3.8/site-packages/airflow/example_dags/example_latest_only.py
[2024-07-19T00:02:22.892+0000] {processor.py:830} INFO - Processing file /home/airflow/.local/lib/python3.8/site-packages/airflow/example_dags/example_latest_only.py for tasks to queue
[2024-07-19T00:02:22.893+0000] {logging_mixin.py:188} INFO - [2024-07-19T00:02:22.893+0000] {dagbag.py:540} INFO - Filling up the DagBag from /home/airflow/.local/lib/python3.8/site-packages/airflow/example_dags/example_latest_only.py
[2024-07-19T00:02:22.896+0000] {processor.py:840} INFO - DAG(s) 'latest_only' retrieved from /home/airflow/.local/lib/python3.8/site-packages/airflow/example_dags/example_latest_only.py
[2024-07-19T00:02:22.911+0000] {logging_mixin.py:188} INFO - [2024-07-19T00:02:22.911+0000] {dag.py:3047} INFO - Sync 1 DAGs
[2024-07-19T00:02:22.927+0000] {logging_mixin.py:188} INFO - [2024-07-19T00:02:22.927+0000] {dag.py:3834} INFO - Setting next_dagrun for latest_only to 2024-07-18 20:00:00+00:00, run_after=2024-07-19 00:00:00+00:00
[2024-07-19T00:02:22.940+0000] {processor.py:183} INFO - Processing /home/airflow/.local/lib/python3.8/site-packages/airflow/example_dags/example_latest_only.py took 0.051 seconds
[2024-07-19T00:02:54.018+0000] {processor.py:161} INFO - Started process (PID=1806) to work on /home/airflow/.local/lib/python3.8/site-packages/airflow/example_dags/example_latest_only.py
[2024-07-19T00:02:54.019+0000] {processor.py:830} INFO - Processing file /home/airflow/.local/lib/python3.8/site-packages/airflow/example_dags/example_latest_only.py for tasks to queue
[2024-07-19T00:02:54.020+0000] {logging_mixin.py:188} INFO - [2024-07-19T00:02:54.020+0000] {dagbag.py:540} INFO - Filling up the DagBag from /home/airflow/.local/lib/python3.8/site-packages/airflow/example_dags/example_latest_only.py
[2024-07-19T00:02:54.024+0000] {processor.py:840} INFO - DAG(s) 'latest_only' retrieved from /home/airflow/.local/lib/python3.8/site-packages/airflow/example_dags/example_latest_only.py
[2024-07-19T00:02:54.040+0000] {logging_mixin.py:188} INFO - [2024-07-19T00:02:54.039+0000] {dag.py:3047} INFO - Sync 1 DAGs
[2024-07-19T00:02:54.056+0000] {logging_mixin.py:188} INFO - [2024-07-19T00:02:54.055+0000] {dag.py:3834} INFO - Setting next_dagrun for latest_only to 2024-07-18 20:00:00+00:00, run_after=2024-07-19 00:00:00+00:00
[2024-07-19T00:02:54.070+0000] {processor.py:183} INFO - Processing /home/airflow/.local/lib/python3.8/site-packages/airflow/example_dags/example_latest_only.py took 0.054 seconds
[2024-07-19T00:03:24.170+0000] {processor.py:161} INFO - Started process (PID=1861) to work on /home/airflow/.local/lib/python3.8/site-packages/airflow/example_dags/example_latest_only.py
[2024-07-19T00:03:24.171+0000] {processor.py:830} INFO - Processing file /home/airflow/.local/lib/python3.8/site-packages/airflow/example_dags/example_latest_only.py for tasks to queue
[2024-07-19T00:03:24.172+0000] {logging_mixin.py:188} INFO - [2024-07-19T00:03:24.171+0000] {dagbag.py:540} INFO - Filling up the DagBag from /home/airflow/.local/lib/python3.8/site-packages/airflow/example_dags/example_latest_only.py
[2024-07-19T00:03:24.175+0000] {processor.py:840} INFO - DAG(s) 'latest_only' retrieved from /home/airflow/.local/lib/python3.8/site-packages/airflow/example_dags/example_latest_only.py
[2024-07-19T00:03:24.192+0000] {logging_mixin.py:188} INFO - [2024-07-19T00:03:24.191+0000] {dag.py:3047} INFO - Sync 1 DAGs
[2024-07-19T00:03:24.210+0000] {logging_mixin.py:188} INFO - [2024-07-19T00:03:24.209+0000] {dag.py:3834} INFO - Setting next_dagrun for latest_only to 2024-07-18 20:00:00+00:00, run_after=2024-07-19 00:00:00+00:00
[2024-07-19T00:03:24.224+0000] {processor.py:183} INFO - Processing /home/airflow/.local/lib/python3.8/site-packages/airflow/example_dags/example_latest_only.py took 0.057 seconds
[2024-07-19T00:03:54.415+0000] {processor.py:161} INFO - Started process (PID=1917) to work on /home/airflow/.local/lib/python3.8/site-packages/airflow/example_dags/example_latest_only.py
[2024-07-19T00:03:54.416+0000] {processor.py:830} INFO - Processing file /home/airflow/.local/lib/python3.8/site-packages/airflow/example_dags/example_latest_only.py for tasks to queue
[2024-07-19T00:03:54.417+0000] {logging_mixin.py:188} INFO - [2024-07-19T00:03:54.417+0000] {dagbag.py:540} INFO - Filling up the DagBag from /home/airflow/.local/lib/python3.8/site-packages/airflow/example_dags/example_latest_only.py
[2024-07-19T00:03:54.420+0000] {processor.py:840} INFO - DAG(s) 'latest_only' retrieved from /home/airflow/.local/lib/python3.8/site-packages/airflow/example_dags/example_latest_only.py
[2024-07-19T00:03:54.435+0000] {logging_mixin.py:188} INFO - [2024-07-19T00:03:54.435+0000] {dag.py:3047} INFO - Sync 1 DAGs
[2024-07-19T00:03:54.451+0000] {logging_mixin.py:188} INFO - [2024-07-19T00:03:54.451+0000] {dag.py:3834} INFO - Setting next_dagrun for latest_only to 2024-07-18 20:00:00+00:00, run_after=2024-07-19 00:00:00+00:00
[2024-07-19T00:03:54.464+0000] {processor.py:183} INFO - Processing /home/airflow/.local/lib/python3.8/site-packages/airflow/example_dags/example_latest_only.py took 0.051 seconds
[2024-07-19T00:04:24.653+0000] {processor.py:161} INFO - Started process (PID=1973) to work on /home/airflow/.local/lib/python3.8/site-packages/airflow/example_dags/example_latest_only.py
[2024-07-19T00:04:24.654+0000] {processor.py:830} INFO - Processing file /home/airflow/.local/lib/python3.8/site-packages/airflow/example_dags/example_latest_only.py for tasks to queue
[2024-07-19T00:04:24.655+0000] {logging_mixin.py:188} INFO - [2024-07-19T00:04:24.655+0000] {dagbag.py:540} INFO - Filling up the DagBag from /home/airflow/.local/lib/python3.8/site-packages/airflow/example_dags/example_latest_only.py
[2024-07-19T00:04:24.659+0000] {processor.py:840} INFO - DAG(s) 'latest_only' retrieved from /home/airflow/.local/lib/python3.8/site-packages/airflow/example_dags/example_latest_only.py
[2024-07-19T00:04:24.675+0000] {logging_mixin.py:188} INFO - [2024-07-19T00:04:24.675+0000] {dag.py:3047} INFO - Sync 1 DAGs
[2024-07-19T00:04:24.693+0000] {logging_mixin.py:188} INFO - [2024-07-19T00:04:24.693+0000] {dag.py:3834} INFO - Setting next_dagrun for latest_only to 2024-07-18 20:00:00+00:00, run_after=2024-07-19 00:00:00+00:00
[2024-07-19T00:04:24.713+0000] {processor.py:183} INFO - Processing /home/airflow/.local/lib/python3.8/site-packages/airflow/example_dags/example_latest_only.py took 0.062 seconds
[2024-07-19T00:04:54.917+0000] {processor.py:161} INFO - Started process (PID=2029) to work on /home/airflow/.local/lib/python3.8/site-packages/airflow/example_dags/example_latest_only.py
[2024-07-19T00:04:54.918+0000] {processor.py:830} INFO - Processing file /home/airflow/.local/lib/python3.8/site-packages/airflow/example_dags/example_latest_only.py for tasks to queue
[2024-07-19T00:04:54.919+0000] {logging_mixin.py:188} INFO - [2024-07-19T00:04:54.919+0000] {dagbag.py:540} INFO - Filling up the DagBag from /home/airflow/.local/lib/python3.8/site-packages/airflow/example_dags/example_latest_only.py
[2024-07-19T00:04:54.922+0000] {processor.py:840} INFO - DAG(s) 'latest_only' retrieved from /home/airflow/.local/lib/python3.8/site-packages/airflow/example_dags/example_latest_only.py
[2024-07-19T00:04:54.938+0000] {logging_mixin.py:188} INFO - [2024-07-19T00:04:54.937+0000] {dag.py:3047} INFO - Sync 1 DAGs
[2024-07-19T00:04:54.954+0000] {logging_mixin.py:188} INFO - [2024-07-19T00:04:54.954+0000] {dag.py:3834} INFO - Setting next_dagrun for latest_only to 2024-07-18 20:00:00+00:00, run_after=2024-07-19 00:00:00+00:00
[2024-07-19T00:04:54.968+0000] {processor.py:183} INFO - Processing /home/airflow/.local/lib/python3.8/site-packages/airflow/example_dags/example_latest_only.py took 0.053 seconds
[2024-07-19T00:05:25.170+0000] {processor.py:161} INFO - Started process (PID=2085) to work on /home/airflow/.local/lib/python3.8/site-packages/airflow/example_dags/example_latest_only.py
[2024-07-19T00:05:25.171+0000] {processor.py:830} INFO - Processing file /home/airflow/.local/lib/python3.8/site-packages/airflow/example_dags/example_latest_only.py for tasks to queue
[2024-07-19T00:05:25.173+0000] {logging_mixin.py:188} INFO - [2024-07-19T00:05:25.172+0000] {dagbag.py:540} INFO - Filling up the DagBag from /home/airflow/.local/lib/python3.8/site-packages/airflow/example_dags/example_latest_only.py
[2024-07-19T00:05:25.176+0000] {processor.py:840} INFO - DAG(s) 'latest_only' retrieved from /home/airflow/.local/lib/python3.8/site-packages/airflow/example_dags/example_latest_only.py
[2024-07-19T00:05:25.191+0000] {logging_mixin.py:188} INFO - [2024-07-19T00:05:25.191+0000] {dag.py:3047} INFO - Sync 1 DAGs
[2024-07-19T00:05:25.208+0000] {logging_mixin.py:188} INFO - [2024-07-19T00:05:25.208+0000] {dag.py:3834} INFO - Setting next_dagrun for latest_only to 2024-07-18 20:00:00+00:00, run_after=2024-07-19 00:00:00+00:00
[2024-07-19T00:05:25.223+0000] {processor.py:183} INFO - Processing /home/airflow/.local/lib/python3.8/site-packages/airflow/example_dags/example_latest_only.py took 0.055 seconds
[2024-07-19T00:05:55.517+0000] {processor.py:161} INFO - Started process (PID=2141) to work on /home/airflow/.local/lib/python3.8/site-packages/airflow/example_dags/example_latest_only.py
[2024-07-19T00:05:55.518+0000] {processor.py:830} INFO - Processing file /home/airflow/.local/lib/python3.8/site-packages/airflow/example_dags/example_latest_only.py for tasks to queue
[2024-07-19T00:05:55.519+0000] {logging_mixin.py:188} INFO - [2024-07-19T00:05:55.519+0000] {dagbag.py:540} INFO - Filling up the DagBag from /home/airflow/.local/lib/python3.8/site-packages/airflow/example_dags/example_latest_only.py
[2024-07-19T00:05:55.524+0000] {processor.py:840} INFO - DAG(s) 'latest_only' retrieved from /home/airflow/.local/lib/python3.8/site-packages/airflow/example_dags/example_latest_only.py
[2024-07-19T00:05:55.542+0000] {logging_mixin.py:188} INFO - [2024-07-19T00:05:55.542+0000] {dag.py:3047} INFO - Sync 1 DAGs
[2024-07-19T00:05:55.561+0000] {logging_mixin.py:188} INFO - [2024-07-19T00:05:55.560+0000] {dag.py:3834} INFO - Setting next_dagrun for latest_only to 2024-07-18 20:00:00+00:00, run_after=2024-07-19 00:00:00+00:00
[2024-07-19T00:05:55.576+0000] {processor.py:183} INFO - Processing /home/airflow/.local/lib/python3.8/site-packages/airflow/example_dags/example_latest_only.py took 0.061 seconds
[2024-07-19T00:06:25.936+0000] {processor.py:161} INFO - Started process (PID=2197) to work on /home/airflow/.local/lib/python3.8/site-packages/airflow/example_dags/example_latest_only.py
[2024-07-19T00:06:25.937+0000] {processor.py:830} INFO - Processing file /home/airflow/.local/lib/python3.8/site-packages/airflow/example_dags/example_latest_only.py for tasks to queue
[2024-07-19T00:06:25.939+0000] {logging_mixin.py:188} INFO - [2024-07-19T00:06:25.938+0000] {dagbag.py:540} INFO - Filling up the DagBag from /home/airflow/.local/lib/python3.8/site-packages/airflow/example_dags/example_latest_only.py
[2024-07-19T00:06:25.942+0000] {processor.py:840} INFO - DAG(s) 'latest_only' retrieved from /home/airflow/.local/lib/python3.8/site-packages/airflow/example_dags/example_latest_only.py
[2024-07-19T00:06:25.959+0000] {logging_mixin.py:188} INFO - [2024-07-19T00:06:25.959+0000] {dag.py:3047} INFO - Sync 1 DAGs
[2024-07-19T00:06:25.977+0000] {logging_mixin.py:188} INFO - [2024-07-19T00:06:25.977+0000] {dag.py:3834} INFO - Setting next_dagrun for latest_only to 2024-07-18 20:00:00+00:00, run_after=2024-07-19 00:00:00+00:00
[2024-07-19T00:06:25.992+0000] {processor.py:183} INFO - Processing /home/airflow/.local/lib/python3.8/site-packages/airflow/example_dags/example_latest_only.py took 0.058 seconds
[2024-07-19T00:06:56.273+0000] {processor.py:161} INFO - Started process (PID=2253) to work on /home/airflow/.local/lib/python3.8/site-packages/airflow/example_dags/example_latest_only.py
[2024-07-19T00:06:56.274+0000] {processor.py:830} INFO - Processing file /home/airflow/.local/lib/python3.8/site-packages/airflow/example_dags/example_latest_only.py for tasks to queue
[2024-07-19T00:06:56.275+0000] {logging_mixin.py:188} INFO - [2024-07-19T00:06:56.275+0000] {dagbag.py:540} INFO - Filling up the DagBag from /home/airflow/.local/lib/python3.8/site-packages/airflow/example_dags/example_latest_only.py
[2024-07-19T00:06:56.279+0000] {processor.py:840} INFO - DAG(s) 'latest_only' retrieved from /home/airflow/.local/lib/python3.8/site-packages/airflow/example_dags/example_latest_only.py
[2024-07-19T00:06:56.293+0000] {logging_mixin.py:188} INFO - [2024-07-19T00:06:56.293+0000] {dag.py:3047} INFO - Sync 1 DAGs
[2024-07-19T00:06:56.309+0000] {logging_mixin.py:188} INFO - [2024-07-19T00:06:56.309+0000] {dag.py:3834} INFO - Setting next_dagrun for latest_only to 2024-07-18 20:00:00+00:00, run_after=2024-07-19 00:00:00+00:00
[2024-07-19T00:06:56.324+0000] {processor.py:183} INFO - Processing /home/airflow/.local/lib/python3.8/site-packages/airflow/example_dags/example_latest_only.py took 0.053 seconds
[2024-07-19T00:07:26.375+0000] {processor.py:161} INFO - Started process (PID=2308) to work on /home/airflow/.local/lib/python3.8/site-packages/airflow/example_dags/example_latest_only.py
[2024-07-19T00:07:26.376+0000] {processor.py:830} INFO - Processing file /home/airflow/.local/lib/python3.8/site-packages/airflow/example_dags/example_latest_only.py for tasks to queue
[2024-07-19T00:07:26.377+0000] {logging_mixin.py:188} INFO - [2024-07-19T00:07:26.377+0000] {dagbag.py:540} INFO - Filling up the DagBag from /home/airflow/.local/lib/python3.8/site-packages/airflow/example_dags/example_latest_only.py
[2024-07-19T00:07:26.381+0000] {processor.py:840} INFO - DAG(s) 'latest_only' retrieved from /home/airflow/.local/lib/python3.8/site-packages/airflow/example_dags/example_latest_only.py
[2024-07-19T00:07:26.396+0000] {logging_mixin.py:188} INFO - [2024-07-19T00:07:26.395+0000] {dag.py:3047} INFO - Sync 1 DAGs
[2024-07-19T00:07:26.414+0000] {logging_mixin.py:188} INFO - [2024-07-19T00:07:26.414+0000] {dag.py:3834} INFO - Setting next_dagrun for latest_only to 2024-07-18 20:00:00+00:00, run_after=2024-07-19 00:00:00+00:00
[2024-07-19T00:07:26.429+0000] {processor.py:183} INFO - Processing /home/airflow/.local/lib/python3.8/site-packages/airflow/example_dags/example_latest_only.py took 0.055 seconds
[2024-07-19T00:07:56.890+0000] {processor.py:161} INFO - Started process (PID=2364) to work on /home/airflow/.local/lib/python3.8/site-packages/airflow/example_dags/example_latest_only.py
[2024-07-19T00:07:56.890+0000] {processor.py:830} INFO - Processing file /home/airflow/.local/lib/python3.8/site-packages/airflow/example_dags/example_latest_only.py for tasks to queue
[2024-07-19T00:07:56.891+0000] {logging_mixin.py:188} INFO - [2024-07-19T00:07:56.891+0000] {dagbag.py:540} INFO - Filling up the DagBag from /home/airflow/.local/lib/python3.8/site-packages/airflow/example_dags/example_latest_only.py
[2024-07-19T00:07:56.895+0000] {processor.py:840} INFO - DAG(s) 'latest_only' retrieved from /home/airflow/.local/lib/python3.8/site-packages/airflow/example_dags/example_latest_only.py
[2024-07-19T00:07:56.912+0000] {logging_mixin.py:188} INFO - [2024-07-19T00:07:56.912+0000] {dag.py:3047} INFO - Sync 1 DAGs
[2024-07-19T00:07:56.931+0000] {logging_mixin.py:188} INFO - [2024-07-19T00:07:56.931+0000] {dag.py:3834} INFO - Setting next_dagrun for latest_only to 2024-07-18 20:00:00+00:00, run_after=2024-07-19 00:00:00+00:00
[2024-07-19T00:07:57.039+0000] {processor.py:183} INFO - Processing /home/airflow/.local/lib/python3.8/site-packages/airflow/example_dags/example_latest_only.py took 0.152 seconds
[2024-07-19T00:08:27.310+0000] {processor.py:161} INFO - Started process (PID=2420) to work on /home/airflow/.local/lib/python3.8/site-packages/airflow/example_dags/example_latest_only.py
[2024-07-19T00:08:27.311+0000] {processor.py:830} INFO - Processing file /home/airflow/.local/lib/python3.8/site-packages/airflow/example_dags/example_latest_only.py for tasks to queue
[2024-07-19T00:08:27.312+0000] {logging_mixin.py:188} INFO - [2024-07-19T00:08:27.312+0000] {dagbag.py:540} INFO - Filling up the DagBag from /home/airflow/.local/lib/python3.8/site-packages/airflow/example_dags/example_latest_only.py
[2024-07-19T00:08:27.315+0000] {processor.py:840} INFO - DAG(s) 'latest_only' retrieved from /home/airflow/.local/lib/python3.8/site-packages/airflow/example_dags/example_latest_only.py
[2024-07-19T00:08:27.331+0000] {logging_mixin.py:188} INFO - [2024-07-19T00:08:27.331+0000] {dag.py:3047} INFO - Sync 1 DAGs
[2024-07-19T00:08:27.348+0000] {logging_mixin.py:188} INFO - [2024-07-19T00:08:27.348+0000] {dag.py:3834} INFO - Setting next_dagrun for latest_only to 2024-07-18 20:00:00+00:00, run_after=2024-07-19 00:00:00+00:00
[2024-07-19T00:08:27.460+0000] {processor.py:183} INFO - Processing /home/airflow/.local/lib/python3.8/site-packages/airflow/example_dags/example_latest_only.py took 0.152 seconds
[2024-07-19T00:08:57.791+0000] {processor.py:161} INFO - Started process (PID=2476) to work on /home/airflow/.local/lib/python3.8/site-packages/airflow/example_dags/example_latest_only.py
[2024-07-19T00:08:57.792+0000] {processor.py:830} INFO - Processing file /home/airflow/.local/lib/python3.8/site-packages/airflow/example_dags/example_latest_only.py for tasks to queue
[2024-07-19T00:08:57.793+0000] {logging_mixin.py:188} INFO - [2024-07-19T00:08:57.793+0000] {dagbag.py:540} INFO - Filling up the DagBag from /home/airflow/.local/lib/python3.8/site-packages/airflow/example_dags/example_latest_only.py
[2024-07-19T00:08:57.796+0000] {processor.py:840} INFO - DAG(s) 'latest_only' retrieved from /home/airflow/.local/lib/python3.8/site-packages/airflow/example_dags/example_latest_only.py
[2024-07-19T00:08:57.814+0000] {logging_mixin.py:188} INFO - [2024-07-19T00:08:57.813+0000] {dag.py:3047} INFO - Sync 1 DAGs
[2024-07-19T00:08:57.832+0000] {logging_mixin.py:188} INFO - [2024-07-19T00:08:57.832+0000] {dag.py:3834} INFO - Setting next_dagrun for latest_only to 2024-07-18 20:00:00+00:00, run_after=2024-07-19 00:00:00+00:00
[2024-07-19T00:08:57.852+0000] {processor.py:183} INFO - Processing /home/airflow/.local/lib/python3.8/site-packages/airflow/example_dags/example_latest_only.py took 0.064 seconds
[2024-07-19T00:09:28.085+0000] {processor.py:161} INFO - Started process (PID=2532) to work on /home/airflow/.local/lib/python3.8/site-packages/airflow/example_dags/example_latest_only.py
[2024-07-19T00:09:28.086+0000] {processor.py:830} INFO - Processing file /home/airflow/.local/lib/python3.8/site-packages/airflow/example_dags/example_latest_only.py for tasks to queue
[2024-07-19T00:09:28.087+0000] {logging_mixin.py:188} INFO - [2024-07-19T00:09:28.087+0000] {dagbag.py:540} INFO - Filling up the DagBag from /home/airflow/.local/lib/python3.8/site-packages/airflow/example_dags/example_latest_only.py
[2024-07-19T00:09:28.092+0000] {processor.py:840} INFO - DAG(s) 'latest_only' retrieved from /home/airflow/.local/lib/python3.8/site-packages/airflow/example_dags/example_latest_only.py
[2024-07-19T00:09:28.110+0000] {logging_mixin.py:188} INFO - [2024-07-19T00:09:28.110+0000] {dag.py:3047} INFO - Sync 1 DAGs
[2024-07-19T00:09:28.138+0000] {logging_mixin.py:188} INFO - [2024-07-19T00:09:28.138+0000] {dag.py:3834} INFO - Setting next_dagrun for latest_only to 2024-07-18 20:00:00+00:00, run_after=2024-07-19 00:00:00+00:00
[2024-07-19T00:09:28.165+0000] {processor.py:183} INFO - Processing /home/airflow/.local/lib/python3.8/site-packages/airflow/example_dags/example_latest_only.py took 0.083 seconds
[2024-07-19T00:09:58.430+0000] {processor.py:161} INFO - Started process (PID=2588) to work on /home/airflow/.local/lib/python3.8/site-packages/airflow/example_dags/example_latest_only.py
[2024-07-19T00:09:58.431+0000] {processor.py:830} INFO - Processing file /home/airflow/.local/lib/python3.8/site-packages/airflow/example_dags/example_latest_only.py for tasks to queue
[2024-07-19T00:09:58.432+0000] {logging_mixin.py:188} INFO - [2024-07-19T00:09:58.432+0000] {dagbag.py:540} INFO - Filling up the DagBag from /home/airflow/.local/lib/python3.8/site-packages/airflow/example_dags/example_latest_only.py
[2024-07-19T00:09:58.436+0000] {processor.py:840} INFO - DAG(s) 'latest_only' retrieved from /home/airflow/.local/lib/python3.8/site-packages/airflow/example_dags/example_latest_only.py
[2024-07-19T00:09:58.452+0000] {logging_mixin.py:188} INFO - [2024-07-19T00:09:58.452+0000] {dag.py:3047} INFO - Sync 1 DAGs
[2024-07-19T00:09:58.469+0000] {logging_mixin.py:188} INFO - [2024-07-19T00:09:58.469+0000] {dag.py:3834} INFO - Setting next_dagrun for latest_only to 2024-07-18 20:00:00+00:00, run_after=2024-07-19 00:00:00+00:00
[2024-07-19T00:09:58.483+0000] {processor.py:183} INFO - Processing /home/airflow/.local/lib/python3.8/site-packages/airflow/example_dags/example_latest_only.py took 0.055 seconds
[2024-07-19T00:10:29.036+0000] {processor.py:161} INFO - Started process (PID=2645) to work on /home/airflow/.local/lib/python3.8/site-packages/airflow/example_dags/example_latest_only.py
[2024-07-19T00:10:29.036+0000] {processor.py:830} INFO - Processing file /home/airflow/.local/lib/python3.8/site-packages/airflow/example_dags/example_latest_only.py for tasks to queue
[2024-07-19T00:10:29.037+0000] {logging_mixin.py:188} INFO - [2024-07-19T00:10:29.037+0000] {dagbag.py:540} INFO - Filling up the DagBag from /home/airflow/.local/lib/python3.8/site-packages/airflow/example_dags/example_latest_only.py
[2024-07-19T00:10:29.041+0000] {processor.py:840} INFO - DAG(s) 'latest_only' retrieved from /home/airflow/.local/lib/python3.8/site-packages/airflow/example_dags/example_latest_only.py
[2024-07-19T00:10:29.056+0000] {logging_mixin.py:188} INFO - [2024-07-19T00:10:29.055+0000] {dag.py:3047} INFO - Sync 1 DAGs
[2024-07-19T00:10:29.072+0000] {logging_mixin.py:188} INFO - [2024-07-19T00:10:29.072+0000] {dag.py:3834} INFO - Setting next_dagrun for latest_only to 2024-07-18 20:00:00+00:00, run_after=2024-07-19 00:00:00+00:00
[2024-07-19T00:10:29.086+0000] {processor.py:183} INFO - Processing /home/airflow/.local/lib/python3.8/site-packages/airflow/example_dags/example_latest_only.py took 0.053 seconds
[2024-07-19T00:10:59.867+0000] {processor.py:161} INFO - Started process (PID=2701) to work on /home/airflow/.local/lib/python3.8/site-packages/airflow/example_dags/example_latest_only.py
[2024-07-19T00:10:59.868+0000] {processor.py:830} INFO - Processing file /home/airflow/.local/lib/python3.8/site-packages/airflow/example_dags/example_latest_only.py for tasks to queue
[2024-07-19T00:10:59.869+0000] {logging_mixin.py:188} INFO - [2024-07-19T00:10:59.869+0000] {dagbag.py:540} INFO - Filling up the DagBag from /home/airflow/.local/lib/python3.8/site-packages/airflow/example_dags/example_latest_only.py
[2024-07-19T00:10:59.873+0000] {processor.py:840} INFO - DAG(s) 'latest_only' retrieved from /home/airflow/.local/lib/python3.8/site-packages/airflow/example_dags/example_latest_only.py
[2024-07-19T00:10:59.888+0000] {logging_mixin.py:188} INFO - [2024-07-19T00:10:59.888+0000] {dag.py:3047} INFO - Sync 1 DAGs
[2024-07-19T00:10:59.905+0000] {logging_mixin.py:188} INFO - [2024-07-19T00:10:59.905+0000] {dag.py:3834} INFO - Setting next_dagrun for latest_only to 2024-07-18 20:00:00+00:00, run_after=2024-07-19 00:00:00+00:00
[2024-07-19T00:10:59.921+0000] {processor.py:183} INFO - Processing /home/airflow/.local/lib/python3.8/site-packages/airflow/example_dags/example_latest_only.py took 0.056 seconds
[2024-07-19T00:11:31.130+0000] {processor.py:161} INFO - Started process (PID=2757) to work on /home/airflow/.local/lib/python3.8/site-packages/airflow/example_dags/example_latest_only.py
[2024-07-19T00:11:31.131+0000] {processor.py:830} INFO - Processing file /home/airflow/.local/lib/python3.8/site-packages/airflow/example_dags/example_latest_only.py for tasks to queue
[2024-07-19T00:11:31.132+0000] {logging_mixin.py:188} INFO - [2024-07-19T00:11:31.132+0000] {dagbag.py:540} INFO - Filling up the DagBag from /home/airflow/.local/lib/python3.8/site-packages/airflow/example_dags/example_latest_only.py
[2024-07-19T00:11:31.136+0000] {processor.py:840} INFO - DAG(s) 'latest_only' retrieved from /home/airflow/.local/lib/python3.8/site-packages/airflow/example_dags/example_latest_only.py
[2024-07-19T00:11:31.253+0000] {logging_mixin.py:188} INFO - [2024-07-19T00:11:31.253+0000] {dag.py:3047} INFO - Sync 1 DAGs
[2024-07-19T00:11:31.268+0000] {logging_mixin.py:188} INFO - [2024-07-19T00:11:31.268+0000] {dag.py:3834} INFO - Setting next_dagrun for latest_only to 2024-07-18 20:00:00+00:00, run_after=2024-07-19 00:00:00+00:00
[2024-07-19T00:11:31.284+0000] {processor.py:183} INFO - Processing /home/airflow/.local/lib/python3.8/site-packages/airflow/example_dags/example_latest_only.py took 0.156 seconds
[2024-07-19T00:12:01.536+0000] {processor.py:161} INFO - Started process (PID=2813) to work on /home/airflow/.local/lib/python3.8/site-packages/airflow/example_dags/example_latest_only.py
[2024-07-19T00:12:01.537+0000] {processor.py:830} INFO - Processing file /home/airflow/.local/lib/python3.8/site-packages/airflow/example_dags/example_latest_only.py for tasks to queue
[2024-07-19T00:12:01.538+0000] {logging_mixin.py:188} INFO - [2024-07-19T00:12:01.538+0000] {dagbag.py:540} INFO - Filling up the DagBag from /home/airflow/.local/lib/python3.8/site-packages/airflow/example_dags/example_latest_only.py
[2024-07-19T00:12:01.542+0000] {processor.py:840} INFO - DAG(s) 'latest_only' retrieved from /home/airflow/.local/lib/python3.8/site-packages/airflow/example_dags/example_latest_only.py
[2024-07-19T00:12:01.558+0000] {logging_mixin.py:188} INFO - [2024-07-19T00:12:01.557+0000] {dag.py:3047} INFO - Sync 1 DAGs
[2024-07-19T00:12:01.576+0000] {logging_mixin.py:188} INFO - [2024-07-19T00:12:01.576+0000] {dag.py:3834} INFO - Setting next_dagrun for latest_only to 2024-07-18 20:00:00+00:00, run_after=2024-07-19 00:00:00+00:00
[2024-07-19T00:12:01.593+0000] {processor.py:183} INFO - Processing /home/airflow/.local/lib/python3.8/site-packages/airflow/example_dags/example_latest_only.py took 0.059 seconds
[2024-07-19T00:12:31.773+0000] {processor.py:161} INFO - Started process (PID=2869) to work on /home/airflow/.local/lib/python3.8/site-packages/airflow/example_dags/example_latest_only.py
[2024-07-19T00:12:31.773+0000] {processor.py:830} INFO - Processing file /home/airflow/.local/lib/python3.8/site-packages/airflow/example_dags/example_latest_only.py for tasks to queue
[2024-07-19T00:12:31.775+0000] {logging_mixin.py:188} INFO - [2024-07-19T00:12:31.774+0000] {dagbag.py:540} INFO - Filling up the DagBag from /home/airflow/.local/lib/python3.8/site-packages/airflow/example_dags/example_latest_only.py
[2024-07-19T00:12:31.778+0000] {processor.py:840} INFO - DAG(s) 'latest_only' retrieved from /home/airflow/.local/lib/python3.8/site-packages/airflow/example_dags/example_latest_only.py
[2024-07-19T00:12:31.794+0000] {logging_mixin.py:188} INFO - [2024-07-19T00:12:31.794+0000] {dag.py:3047} INFO - Sync 1 DAGs
[2024-07-19T00:12:31.812+0000] {logging_mixin.py:188} INFO - [2024-07-19T00:12:31.812+0000] {dag.py:3834} INFO - Setting next_dagrun for latest_only to 2024-07-18 20:00:00+00:00, run_after=2024-07-19 00:00:00+00:00
[2024-07-19T00:12:31.829+0000] {processor.py:183} INFO - Processing /home/airflow/.local/lib/python3.8/site-packages/airflow/example_dags/example_latest_only.py took 0.059 seconds
[2024-07-19T00:13:01.936+0000] {processor.py:161} INFO - Started process (PID=2931) to work on /home/airflow/.local/lib/python3.8/site-packages/airflow/example_dags/example_latest_only.py
[2024-07-19T00:13:01.937+0000] {processor.py:830} INFO - Processing file /home/airflow/.local/lib/python3.8/site-packages/airflow/example_dags/example_latest_only.py for tasks to queue
[2024-07-19T00:13:01.938+0000] {logging_mixin.py:188} INFO - [2024-07-19T00:13:01.938+0000] {dagbag.py:540} INFO - Filling up the DagBag from /home/airflow/.local/lib/python3.8/site-packages/airflow/example_dags/example_latest_only.py
[2024-07-19T00:13:01.942+0000] {processor.py:840} INFO - DAG(s) 'latest_only' retrieved from /home/airflow/.local/lib/python3.8/site-packages/airflow/example_dags/example_latest_only.py
[2024-07-19T00:13:01.958+0000] {logging_mixin.py:188} INFO - [2024-07-19T00:13:01.958+0000] {dag.py:3047} INFO - Sync 1 DAGs
[2024-07-19T00:13:01.976+0000] {logging_mixin.py:188} INFO - [2024-07-19T00:13:01.976+0000] {dag.py:3834} INFO - Setting next_dagrun for latest_only to 2024-07-18 20:00:00+00:00, run_after=2024-07-19 00:00:00+00:00
[2024-07-19T00:13:01.992+0000] {processor.py:183} INFO - Processing /home/airflow/.local/lib/python3.8/site-packages/airflow/example_dags/example_latest_only.py took 0.059 seconds
[2024-07-19T00:13:32.063+0000] {processor.py:161} INFO - Started process (PID=2987) to work on /home/airflow/.local/lib/python3.8/site-packages/airflow/example_dags/example_latest_only.py
[2024-07-19T00:13:32.064+0000] {processor.py:830} INFO - Processing file /home/airflow/.local/lib/python3.8/site-packages/airflow/example_dags/example_latest_only.py for tasks to queue
[2024-07-19T00:13:32.065+0000] {logging_mixin.py:188} INFO - [2024-07-19T00:13:32.065+0000] {dagbag.py:540} INFO - Filling up the DagBag from /home/airflow/.local/lib/python3.8/site-packages/airflow/example_dags/example_latest_only.py
[2024-07-19T00:13:32.068+0000] {processor.py:840} INFO - DAG(s) 'latest_only' retrieved from /home/airflow/.local/lib/python3.8/site-packages/airflow/example_dags/example_latest_only.py
[2024-07-19T00:13:32.084+0000] {logging_mixin.py:188} INFO - [2024-07-19T00:13:32.083+0000] {dag.py:3047} INFO - Sync 1 DAGs
[2024-07-19T00:13:32.101+0000] {logging_mixin.py:188} INFO - [2024-07-19T00:13:32.101+0000] {dag.py:3834} INFO - Setting next_dagrun for latest_only to 2024-07-18 20:00:00+00:00, run_after=2024-07-19 00:00:00+00:00
[2024-07-19T00:13:32.119+0000] {processor.py:183} INFO - Processing /home/airflow/.local/lib/python3.8/site-packages/airflow/example_dags/example_latest_only.py took 0.058 seconds
[2024-07-19T00:14:02.286+0000] {processor.py:161} INFO - Started process (PID=3043) to work on /home/airflow/.local/lib/python3.8/site-packages/airflow/example_dags/example_latest_only.py
[2024-07-19T00:14:02.288+0000] {processor.py:830} INFO - Processing file /home/airflow/.local/lib/python3.8/site-packages/airflow/example_dags/example_latest_only.py for tasks to queue
[2024-07-19T00:14:02.289+0000] {logging_mixin.py:188} INFO - [2024-07-19T00:14:02.289+0000] {dagbag.py:540} INFO - Filling up the DagBag from /home/airflow/.local/lib/python3.8/site-packages/airflow/example_dags/example_latest_only.py
[2024-07-19T00:14:02.293+0000] {processor.py:840} INFO - DAG(s) 'latest_only' retrieved from /home/airflow/.local/lib/python3.8/site-packages/airflow/example_dags/example_latest_only.py
[2024-07-19T00:14:02.309+0000] {logging_mixin.py:188} INFO - [2024-07-19T00:14:02.308+0000] {dag.py:3047} INFO - Sync 1 DAGs
[2024-07-19T00:14:02.327+0000] {logging_mixin.py:188} INFO - [2024-07-19T00:14:02.326+0000] {dag.py:3834} INFO - Setting next_dagrun for latest_only to 2024-07-18 20:00:00+00:00, run_after=2024-07-19 00:00:00+00:00
[2024-07-19T00:14:02.343+0000] {processor.py:183} INFO - Processing /home/airflow/.local/lib/python3.8/site-packages/airflow/example_dags/example_latest_only.py took 0.059 seconds
[2024-07-19T00:14:32.441+0000] {processor.py:161} INFO - Started process (PID=3099) to work on /home/airflow/.local/lib/python3.8/site-packages/airflow/example_dags/example_latest_only.py
[2024-07-19T00:14:32.442+0000] {processor.py:830} INFO - Processing file /home/airflow/.local/lib/python3.8/site-packages/airflow/example_dags/example_latest_only.py for tasks to queue
[2024-07-19T00:14:32.443+0000] {logging_mixin.py:188} INFO - [2024-07-19T00:14:32.443+0000] {dagbag.py:540} INFO - Filling up the DagBag from /home/airflow/.local/lib/python3.8/site-packages/airflow/example_dags/example_latest_only.py
[2024-07-19T00:14:32.446+0000] {processor.py:840} INFO - DAG(s) 'latest_only' retrieved from /home/airflow/.local/lib/python3.8/site-packages/airflow/example_dags/example_latest_only.py
[2024-07-19T00:14:32.462+0000] {logging_mixin.py:188} INFO - [2024-07-19T00:14:32.462+0000] {dag.py:3047} INFO - Sync 1 DAGs
[2024-07-19T00:14:32.480+0000] {logging_mixin.py:188} INFO - [2024-07-19T00:14:32.480+0000] {dag.py:3834} INFO - Setting next_dagrun for latest_only to 2024-07-18 20:00:00+00:00, run_after=2024-07-19 00:00:00+00:00
[2024-07-19T00:14:32.496+0000] {processor.py:183} INFO - Processing /home/airflow/.local/lib/python3.8/site-packages/airflow/example_dags/example_latest_only.py took 0.057 seconds
[2024-07-19T00:15:02.582+0000] {processor.py:161} INFO - Started process (PID=3155) to work on /home/airflow/.local/lib/python3.8/site-packages/airflow/example_dags/example_latest_only.py
[2024-07-19T00:15:02.583+0000] {processor.py:830} INFO - Processing file /home/airflow/.local/lib/python3.8/site-packages/airflow/example_dags/example_latest_only.py for tasks to queue
[2024-07-19T00:15:02.584+0000] {logging_mixin.py:188} INFO - [2024-07-19T00:15:02.583+0000] {dagbag.py:540} INFO - Filling up the DagBag from /home/airflow/.local/lib/python3.8/site-packages/airflow/example_dags/example_latest_only.py
[2024-07-19T00:15:02.588+0000] {processor.py:840} INFO - DAG(s) 'latest_only' retrieved from /home/airflow/.local/lib/python3.8/site-packages/airflow/example_dags/example_latest_only.py
[2024-07-19T00:15:02.605+0000] {logging_mixin.py:188} INFO - [2024-07-19T00:15:02.604+0000] {dag.py:3047} INFO - Sync 1 DAGs
[2024-07-19T00:15:02.622+0000] {logging_mixin.py:188} INFO - [2024-07-19T00:15:02.622+0000] {dag.py:3834} INFO - Setting next_dagrun for latest_only to 2024-07-18 20:00:00+00:00, run_after=2024-07-19 00:00:00+00:00
[2024-07-19T00:15:02.638+0000] {processor.py:183} INFO - Processing /home/airflow/.local/lib/python3.8/site-packages/airflow/example_dags/example_latest_only.py took 0.059 seconds
[2024-07-19T00:15:32.737+0000] {processor.py:161} INFO - Started process (PID=3211) to work on /home/airflow/.local/lib/python3.8/site-packages/airflow/example_dags/example_latest_only.py
[2024-07-19T00:15:32.737+0000] {processor.py:830} INFO - Processing file /home/airflow/.local/lib/python3.8/site-packages/airflow/example_dags/example_latest_only.py for tasks to queue
[2024-07-19T00:15:32.739+0000] {logging_mixin.py:188} INFO - [2024-07-19T00:15:32.738+0000] {dagbag.py:540} INFO - Filling up the DagBag from /home/airflow/.local/lib/python3.8/site-packages/airflow/example_dags/example_latest_only.py
[2024-07-19T00:15:32.742+0000] {processor.py:840} INFO - DAG(s) 'latest_only' retrieved from /home/airflow/.local/lib/python3.8/site-packages/airflow/example_dags/example_latest_only.py
[2024-07-19T00:15:32.758+0000] {logging_mixin.py:188} INFO - [2024-07-19T00:15:32.757+0000] {dag.py:3047} INFO - Sync 1 DAGs
[2024-07-19T00:15:32.775+0000] {logging_mixin.py:188} INFO - [2024-07-19T00:15:32.775+0000] {dag.py:3834} INFO - Setting next_dagrun for latest_only to 2024-07-18 20:00:00+00:00, run_after=2024-07-19 00:00:00+00:00
[2024-07-19T00:15:32.791+0000] {processor.py:183} INFO - Processing /home/airflow/.local/lib/python3.8/site-packages/airflow/example_dags/example_latest_only.py took 0.057 seconds
[2024-07-19T00:16:03.038+0000] {processor.py:161} INFO - Started process (PID=3267) to work on /home/airflow/.local/lib/python3.8/site-packages/airflow/example_dags/example_latest_only.py
[2024-07-19T00:16:03.039+0000] {processor.py:830} INFO - Processing file /home/airflow/.local/lib/python3.8/site-packages/airflow/example_dags/example_latest_only.py for tasks to queue
[2024-07-19T00:16:03.040+0000] {logging_mixin.py:188} INFO - [2024-07-19T00:16:03.040+0000] {dagbag.py:540} INFO - Filling up the DagBag from /home/airflow/.local/lib/python3.8/site-packages/airflow/example_dags/example_latest_only.py
[2024-07-19T00:16:03.043+0000] {processor.py:840} INFO - DAG(s) 'latest_only' retrieved from /home/airflow/.local/lib/python3.8/site-packages/airflow/example_dags/example_latest_only.py
[2024-07-19T00:16:03.058+0000] {logging_mixin.py:188} INFO - [2024-07-19T00:16:03.058+0000] {dag.py:3047} INFO - Sync 1 DAGs
[2024-07-19T00:16:03.075+0000] {logging_mixin.py:188} INFO - [2024-07-19T00:16:03.075+0000] {dag.py:3834} INFO - Setting next_dagrun for latest_only to 2024-07-18 20:00:00+00:00, run_after=2024-07-19 00:00:00+00:00
[2024-07-19T00:16:03.090+0000] {processor.py:183} INFO - Processing /home/airflow/.local/lib/python3.8/site-packages/airflow/example_dags/example_latest_only.py took 0.055 seconds
[2024-07-19T00:16:33.218+0000] {processor.py:161} INFO - Started process (PID=3323) to work on /home/airflow/.local/lib/python3.8/site-packages/airflow/example_dags/example_latest_only.py
[2024-07-19T00:16:33.219+0000] {processor.py:830} INFO - Processing file /home/airflow/.local/lib/python3.8/site-packages/airflow/example_dags/example_latest_only.py for tasks to queue
[2024-07-19T00:16:33.220+0000] {logging_mixin.py:188} INFO - [2024-07-19T00:16:33.220+0000] {dagbag.py:540} INFO - Filling up the DagBag from /home/airflow/.local/lib/python3.8/site-packages/airflow/example_dags/example_latest_only.py
[2024-07-19T00:16:33.224+0000] {processor.py:840} INFO - DAG(s) 'latest_only' retrieved from /home/airflow/.local/lib/python3.8/site-packages/airflow/example_dags/example_latest_only.py
[2024-07-19T00:16:33.241+0000] {logging_mixin.py:188} INFO - [2024-07-19T00:16:33.241+0000] {dag.py:3047} INFO - Sync 1 DAGs
[2024-07-19T00:16:33.260+0000] {logging_mixin.py:188} INFO - [2024-07-19T00:16:33.259+0000] {dag.py:3834} INFO - Setting next_dagrun for latest_only to 2024-07-18 20:00:00+00:00, run_after=2024-07-19 00:00:00+00:00
[2024-07-19T00:16:33.275+0000] {processor.py:183} INFO - Processing /home/airflow/.local/lib/python3.8/site-packages/airflow/example_dags/example_latest_only.py took 0.060 seconds
[2024-07-19T00:17:03.347+0000] {processor.py:161} INFO - Started process (PID=3379) to work on /home/airflow/.local/lib/python3.8/site-packages/airflow/example_dags/example_latest_only.py
[2024-07-19T00:17:03.348+0000] {processor.py:830} INFO - Processing file /home/airflow/.local/lib/python3.8/site-packages/airflow/example_dags/example_latest_only.py for tasks to queue
[2024-07-19T00:17:03.349+0000] {logging_mixin.py:188} INFO - [2024-07-19T00:17:03.348+0000] {dagbag.py:540} INFO - Filling up the DagBag from /home/airflow/.local/lib/python3.8/site-packages/airflow/example_dags/example_latest_only.py
[2024-07-19T00:17:03.352+0000] {processor.py:840} INFO - DAG(s) 'latest_only' retrieved from /home/airflow/.local/lib/python3.8/site-packages/airflow/example_dags/example_latest_only.py
[2024-07-19T00:17:03.367+0000] {logging_mixin.py:188} INFO - [2024-07-19T00:17:03.367+0000] {dag.py:3047} INFO - Sync 1 DAGs
[2024-07-19T00:17:03.384+0000] {logging_mixin.py:188} INFO - [2024-07-19T00:17:03.384+0000] {dag.py:3834} INFO - Setting next_dagrun for latest_only to 2024-07-18 20:00:00+00:00, run_after=2024-07-19 00:00:00+00:00
[2024-07-19T00:17:03.399+0000] {processor.py:183} INFO - Processing /home/airflow/.local/lib/python3.8/site-packages/airflow/example_dags/example_latest_only.py took 0.054 seconds
[2024-07-19T00:18:07.382+0000] {processor.py:161} INFO - Started process (PID=69) to work on /home/airflow/.local/lib/python3.8/site-packages/airflow/example_dags/example_latest_only.py
[2024-07-19T00:18:07.383+0000] {processor.py:830} INFO - Processing file /home/airflow/.local/lib/python3.8/site-packages/airflow/example_dags/example_latest_only.py for tasks to queue
[2024-07-19T00:18:07.385+0000] {logging_mixin.py:188} INFO - [2024-07-19T00:18:07.384+0000] {dagbag.py:540} INFO - Filling up the DagBag from /home/airflow/.local/lib/python3.8/site-packages/airflow/example_dags/example_latest_only.py
[2024-07-19T00:18:07.394+0000] {processor.py:840} INFO - DAG(s) 'latest_only' retrieved from /home/airflow/.local/lib/python3.8/site-packages/airflow/example_dags/example_latest_only.py
[2024-07-19T00:18:07.409+0000] {logging_mixin.py:188} INFO - [2024-07-19T00:18:07.408+0000] {dag.py:3047} INFO - Sync 1 DAGs
[2024-07-19T00:18:07.434+0000] {logging_mixin.py:188} INFO - [2024-07-19T00:18:07.433+0000] {dag.py:3834} INFO - Setting next_dagrun for latest_only to 2024-07-18 20:00:00+00:00, run_after=2024-07-19 00:00:00+00:00
[2024-07-19T00:18:07.453+0000] {processor.py:183} INFO - Processing /home/airflow/.local/lib/python3.8/site-packages/airflow/example_dags/example_latest_only.py took 0.074 seconds
[2024-07-19T00:18:38.771+0000] {processor.py:161} INFO - Started process (PID=125) to work on /home/airflow/.local/lib/python3.8/site-packages/airflow/example_dags/example_latest_only.py
[2024-07-19T00:18:38.772+0000] {processor.py:830} INFO - Processing file /home/airflow/.local/lib/python3.8/site-packages/airflow/example_dags/example_latest_only.py for tasks to queue
[2024-07-19T00:18:38.773+0000] {logging_mixin.py:188} INFO - [2024-07-19T00:18:38.773+0000] {dagbag.py:540} INFO - Filling up the DagBag from /home/airflow/.local/lib/python3.8/site-packages/airflow/example_dags/example_latest_only.py
[2024-07-19T00:18:38.777+0000] {processor.py:840} INFO - DAG(s) 'latest_only' retrieved from /home/airflow/.local/lib/python3.8/site-packages/airflow/example_dags/example_latest_only.py
[2024-07-19T00:18:38.873+0000] {logging_mixin.py:188} INFO - [2024-07-19T00:18:38.872+0000] {dag.py:3047} INFO - Sync 1 DAGs
[2024-07-19T00:18:38.891+0000] {logging_mixin.py:188} INFO - [2024-07-19T00:18:38.891+0000] {dag.py:3834} INFO - Setting next_dagrun for latest_only to 2024-07-18 20:00:00+00:00, run_after=2024-07-19 00:00:00+00:00
[2024-07-19T00:18:39.081+0000] {processor.py:183} INFO - Processing /home/airflow/.local/lib/python3.8/site-packages/airflow/example_dags/example_latest_only.py took 0.311 seconds
[2024-07-19T00:19:09.714+0000] {processor.py:161} INFO - Started process (PID=181) to work on /home/airflow/.local/lib/python3.8/site-packages/airflow/example_dags/example_latest_only.py
[2024-07-19T00:19:09.714+0000] {processor.py:830} INFO - Processing file /home/airflow/.local/lib/python3.8/site-packages/airflow/example_dags/example_latest_only.py for tasks to queue
[2024-07-19T00:19:09.715+0000] {logging_mixin.py:188} INFO - [2024-07-19T00:19:09.715+0000] {dagbag.py:540} INFO - Filling up the DagBag from /home/airflow/.local/lib/python3.8/site-packages/airflow/example_dags/example_latest_only.py
[2024-07-19T00:19:09.719+0000] {processor.py:840} INFO - DAG(s) 'latest_only' retrieved from /home/airflow/.local/lib/python3.8/site-packages/airflow/example_dags/example_latest_only.py
[2024-07-19T00:19:09.734+0000] {logging_mixin.py:188} INFO - [2024-07-19T00:19:09.733+0000] {dag.py:3047} INFO - Sync 1 DAGs
[2024-07-19T00:19:09.750+0000] {logging_mixin.py:188} INFO - [2024-07-19T00:19:09.750+0000] {dag.py:3834} INFO - Setting next_dagrun for latest_only to 2024-07-18 20:00:00+00:00, run_after=2024-07-19 00:00:00+00:00
[2024-07-19T00:19:09.764+0000] {processor.py:183} INFO - Processing /home/airflow/.local/lib/python3.8/site-packages/airflow/example_dags/example_latest_only.py took 0.053 seconds
[2024-07-19T00:19:39.936+0000] {processor.py:161} INFO - Started process (PID=237) to work on /home/airflow/.local/lib/python3.8/site-packages/airflow/example_dags/example_latest_only.py
[2024-07-19T00:19:39.937+0000] {processor.py:830} INFO - Processing file /home/airflow/.local/lib/python3.8/site-packages/airflow/example_dags/example_latest_only.py for tasks to queue
[2024-07-19T00:19:39.938+0000] {logging_mixin.py:188} INFO - [2024-07-19T00:19:39.937+0000] {dagbag.py:540} INFO - Filling up the DagBag from /home/airflow/.local/lib/python3.8/site-packages/airflow/example_dags/example_latest_only.py
[2024-07-19T00:19:39.942+0000] {processor.py:840} INFO - DAG(s) 'latest_only' retrieved from /home/airflow/.local/lib/python3.8/site-packages/airflow/example_dags/example_latest_only.py
[2024-07-19T00:19:39.963+0000] {logging_mixin.py:188} INFO - [2024-07-19T00:19:39.963+0000] {dag.py:3047} INFO - Sync 1 DAGs
[2024-07-19T00:19:39.988+0000] {logging_mixin.py:188} INFO - [2024-07-19T00:19:39.988+0000] {dag.py:3834} INFO - Setting next_dagrun for latest_only to 2024-07-18 20:00:00+00:00, run_after=2024-07-19 00:00:00+00:00
[2024-07-19T00:19:40.013+0000] {processor.py:183} INFO - Processing /home/airflow/.local/lib/python3.8/site-packages/airflow/example_dags/example_latest_only.py took 0.081 seconds
[2024-07-19T00:20:11.010+0000] {processor.py:161} INFO - Started process (PID=293) to work on /home/airflow/.local/lib/python3.8/site-packages/airflow/example_dags/example_latest_only.py
[2024-07-19T00:20:11.011+0000] {processor.py:830} INFO - Processing file /home/airflow/.local/lib/python3.8/site-packages/airflow/example_dags/example_latest_only.py for tasks to queue
[2024-07-19T00:20:11.012+0000] {logging_mixin.py:188} INFO - [2024-07-19T00:20:11.012+0000] {dagbag.py:540} INFO - Filling up the DagBag from /home/airflow/.local/lib/python3.8/site-packages/airflow/example_dags/example_latest_only.py
[2024-07-19T00:20:11.018+0000] {processor.py:840} INFO - DAG(s) 'latest_only' retrieved from /home/airflow/.local/lib/python3.8/site-packages/airflow/example_dags/example_latest_only.py
[2024-07-19T00:20:11.037+0000] {logging_mixin.py:188} INFO - [2024-07-19T00:20:11.037+0000] {dag.py:3047} INFO - Sync 1 DAGs
[2024-07-19T00:20:11.060+0000] {logging_mixin.py:188} INFO - [2024-07-19T00:20:11.060+0000] {dag.py:3834} INFO - Setting next_dagrun for latest_only to 2024-07-18 20:00:00+00:00, run_after=2024-07-19 00:00:00+00:00
[2024-07-19T00:20:11.083+0000] {processor.py:183} INFO - Processing /home/airflow/.local/lib/python3.8/site-packages/airflow/example_dags/example_latest_only.py took 0.076 seconds
[2024-07-19T00:20:41.240+0000] {processor.py:161} INFO - Started process (PID=350) to work on /home/airflow/.local/lib/python3.8/site-packages/airflow/example_dags/example_latest_only.py
[2024-07-19T00:20:41.241+0000] {processor.py:830} INFO - Processing file /home/airflow/.local/lib/python3.8/site-packages/airflow/example_dags/example_latest_only.py for tasks to queue
[2024-07-19T00:20:41.241+0000] {logging_mixin.py:188} INFO - [2024-07-19T00:20:41.241+0000] {dagbag.py:540} INFO - Filling up the DagBag from /home/airflow/.local/lib/python3.8/site-packages/airflow/example_dags/example_latest_only.py
[2024-07-19T00:20:41.245+0000] {processor.py:840} INFO - DAG(s) 'latest_only' retrieved from /home/airflow/.local/lib/python3.8/site-packages/airflow/example_dags/example_latest_only.py
[2024-07-19T00:20:41.260+0000] {logging_mixin.py:188} INFO - [2024-07-19T00:20:41.260+0000] {dag.py:3047} INFO - Sync 1 DAGs
[2024-07-19T00:20:41.277+0000] {logging_mixin.py:188} INFO - [2024-07-19T00:20:41.277+0000] {dag.py:3834} INFO - Setting next_dagrun for latest_only to 2024-07-18 20:00:00+00:00, run_after=2024-07-19 00:00:00+00:00
[2024-07-19T00:20:41.293+0000] {processor.py:183} INFO - Processing /home/airflow/.local/lib/python3.8/site-packages/airflow/example_dags/example_latest_only.py took 0.055 seconds
[2024-07-19T00:21:11.483+0000] {processor.py:161} INFO - Started process (PID=406) to work on /home/airflow/.local/lib/python3.8/site-packages/airflow/example_dags/example_latest_only.py
[2024-07-19T00:21:11.485+0000] {processor.py:830} INFO - Processing file /home/airflow/.local/lib/python3.8/site-packages/airflow/example_dags/example_latest_only.py for tasks to queue
[2024-07-19T00:21:11.486+0000] {logging_mixin.py:188} INFO - [2024-07-19T00:21:11.486+0000] {dagbag.py:540} INFO - Filling up the DagBag from /home/airflow/.local/lib/python3.8/site-packages/airflow/example_dags/example_latest_only.py
[2024-07-19T00:21:11.490+0000] {processor.py:840} INFO - DAG(s) 'latest_only' retrieved from /home/airflow/.local/lib/python3.8/site-packages/airflow/example_dags/example_latest_only.py
[2024-07-19T00:21:11.506+0000] {logging_mixin.py:188} INFO - [2024-07-19T00:21:11.505+0000] {dag.py:3047} INFO - Sync 1 DAGs
[2024-07-19T00:21:11.524+0000] {logging_mixin.py:188} INFO - [2024-07-19T00:21:11.524+0000] {dag.py:3834} INFO - Setting next_dagrun for latest_only to 2024-07-18 20:00:00+00:00, run_after=2024-07-19 00:00:00+00:00
[2024-07-19T00:21:11.543+0000] {processor.py:183} INFO - Processing /home/airflow/.local/lib/python3.8/site-packages/airflow/example_dags/example_latest_only.py took 0.062 seconds
[2024-07-19T00:21:41.679+0000] {processor.py:161} INFO - Started process (PID=462) to work on /home/airflow/.local/lib/python3.8/site-packages/airflow/example_dags/example_latest_only.py
[2024-07-19T00:21:41.680+0000] {processor.py:830} INFO - Processing file /home/airflow/.local/lib/python3.8/site-packages/airflow/example_dags/example_latest_only.py for tasks to queue
[2024-07-19T00:21:41.680+0000] {logging_mixin.py:188} INFO - [2024-07-19T00:21:41.680+0000] {dagbag.py:540} INFO - Filling up the DagBag from /home/airflow/.local/lib/python3.8/site-packages/airflow/example_dags/example_latest_only.py
[2024-07-19T00:21:41.684+0000] {processor.py:840} INFO - DAG(s) 'latest_only' retrieved from /home/airflow/.local/lib/python3.8/site-packages/airflow/example_dags/example_latest_only.py
[2024-07-19T00:21:41.699+0000] {logging_mixin.py:188} INFO - [2024-07-19T00:21:41.699+0000] {dag.py:3047} INFO - Sync 1 DAGs
[2024-07-19T00:21:41.717+0000] {logging_mixin.py:188} INFO - [2024-07-19T00:21:41.717+0000] {dag.py:3834} INFO - Setting next_dagrun for latest_only to 2024-07-18 20:00:00+00:00, run_after=2024-07-19 00:00:00+00:00
[2024-07-19T00:21:41.732+0000] {processor.py:183} INFO - Processing /home/airflow/.local/lib/python3.8/site-packages/airflow/example_dags/example_latest_only.py took 0.055 seconds
[2024-07-19T00:22:12.262+0000] {processor.py:161} INFO - Started process (PID=518) to work on /home/airflow/.local/lib/python3.8/site-packages/airflow/example_dags/example_latest_only.py
[2024-07-19T00:22:12.263+0000] {processor.py:830} INFO - Processing file /home/airflow/.local/lib/python3.8/site-packages/airflow/example_dags/example_latest_only.py for tasks to queue
[2024-07-19T00:22:12.264+0000] {logging_mixin.py:188} INFO - [2024-07-19T00:22:12.264+0000] {dagbag.py:540} INFO - Filling up the DagBag from /home/airflow/.local/lib/python3.8/site-packages/airflow/example_dags/example_latest_only.py
[2024-07-19T00:22:12.268+0000] {processor.py:840} INFO - DAG(s) 'latest_only' retrieved from /home/airflow/.local/lib/python3.8/site-packages/airflow/example_dags/example_latest_only.py
[2024-07-19T00:22:12.286+0000] {logging_mixin.py:188} INFO - [2024-07-19T00:22:12.286+0000] {dag.py:3047} INFO - Sync 1 DAGs
[2024-07-19T00:22:12.304+0000] {logging_mixin.py:188} INFO - [2024-07-19T00:22:12.304+0000] {dag.py:3834} INFO - Setting next_dagrun for latest_only to 2024-07-18 20:00:00+00:00, run_after=2024-07-19 00:00:00+00:00
[2024-07-19T00:22:12.323+0000] {processor.py:183} INFO - Processing /home/airflow/.local/lib/python3.8/site-packages/airflow/example_dags/example_latest_only.py took 0.063 seconds
[2024-07-19T00:22:42.507+0000] {processor.py:161} INFO - Started process (PID=574) to work on /home/airflow/.local/lib/python3.8/site-packages/airflow/example_dags/example_latest_only.py
[2024-07-19T00:22:42.508+0000] {processor.py:830} INFO - Processing file /home/airflow/.local/lib/python3.8/site-packages/airflow/example_dags/example_latest_only.py for tasks to queue
[2024-07-19T00:22:42.509+0000] {logging_mixin.py:188} INFO - [2024-07-19T00:22:42.508+0000] {dagbag.py:540} INFO - Filling up the DagBag from /home/airflow/.local/lib/python3.8/site-packages/airflow/example_dags/example_latest_only.py
[2024-07-19T00:22:42.513+0000] {processor.py:840} INFO - DAG(s) 'latest_only' retrieved from /home/airflow/.local/lib/python3.8/site-packages/airflow/example_dags/example_latest_only.py
[2024-07-19T00:22:42.530+0000] {logging_mixin.py:188} INFO - [2024-07-19T00:22:42.530+0000] {dag.py:3047} INFO - Sync 1 DAGs
[2024-07-19T00:22:42.549+0000] {logging_mixin.py:188} INFO - [2024-07-19T00:22:42.549+0000] {dag.py:3834} INFO - Setting next_dagrun for latest_only to 2024-07-18 20:00:00+00:00, run_after=2024-07-19 00:00:00+00:00
[2024-07-19T00:22:42.569+0000] {processor.py:183} INFO - Processing /home/airflow/.local/lib/python3.8/site-packages/airflow/example_dags/example_latest_only.py took 0.064 seconds
[2024-07-19T00:23:12.814+0000] {processor.py:161} INFO - Started process (PID=630) to work on /home/airflow/.local/lib/python3.8/site-packages/airflow/example_dags/example_latest_only.py
[2024-07-19T00:23:12.815+0000] {processor.py:830} INFO - Processing file /home/airflow/.local/lib/python3.8/site-packages/airflow/example_dags/example_latest_only.py for tasks to queue
[2024-07-19T00:23:12.815+0000] {logging_mixin.py:188} INFO - [2024-07-19T00:23:12.815+0000] {dagbag.py:540} INFO - Filling up the DagBag from /home/airflow/.local/lib/python3.8/site-packages/airflow/example_dags/example_latest_only.py
[2024-07-19T00:23:12.819+0000] {processor.py:840} INFO - DAG(s) 'latest_only' retrieved from /home/airflow/.local/lib/python3.8/site-packages/airflow/example_dags/example_latest_only.py
[2024-07-19T00:23:12.837+0000] {logging_mixin.py:188} INFO - [2024-07-19T00:23:12.836+0000] {dag.py:3047} INFO - Sync 1 DAGs
[2024-07-19T00:23:12.859+0000] {logging_mixin.py:188} INFO - [2024-07-19T00:23:12.859+0000] {dag.py:3834} INFO - Setting next_dagrun for latest_only to 2024-07-18 20:00:00+00:00, run_after=2024-07-19 00:00:00+00:00
[2024-07-19T00:23:12.878+0000] {processor.py:183} INFO - Processing /home/airflow/.local/lib/python3.8/site-packages/airflow/example_dags/example_latest_only.py took 0.067 seconds
[2024-07-19T00:23:42.988+0000] {processor.py:161} INFO - Started process (PID=686) to work on /home/airflow/.local/lib/python3.8/site-packages/airflow/example_dags/example_latest_only.py
[2024-07-19T00:23:42.990+0000] {processor.py:830} INFO - Processing file /home/airflow/.local/lib/python3.8/site-packages/airflow/example_dags/example_latest_only.py for tasks to queue
[2024-07-19T00:23:42.990+0000] {logging_mixin.py:188} INFO - [2024-07-19T00:23:42.990+0000] {dagbag.py:540} INFO - Filling up the DagBag from /home/airflow/.local/lib/python3.8/site-packages/airflow/example_dags/example_latest_only.py
[2024-07-19T00:23:42.994+0000] {processor.py:840} INFO - DAG(s) 'latest_only' retrieved from /home/airflow/.local/lib/python3.8/site-packages/airflow/example_dags/example_latest_only.py
[2024-07-19T00:23:43.009+0000] {logging_mixin.py:188} INFO - [2024-07-19T00:23:43.009+0000] {dag.py:3047} INFO - Sync 1 DAGs
[2024-07-19T00:23:43.027+0000] {logging_mixin.py:188} INFO - [2024-07-19T00:23:43.026+0000] {dag.py:3834} INFO - Setting next_dagrun for latest_only to 2024-07-18 20:00:00+00:00, run_after=2024-07-19 00:00:00+00:00
[2024-07-19T00:23:43.041+0000] {processor.py:183} INFO - Processing /home/airflow/.local/lib/python3.8/site-packages/airflow/example_dags/example_latest_only.py took 0.056 seconds
[2024-07-19T00:24:13.095+0000] {processor.py:161} INFO - Started process (PID=742) to work on /home/airflow/.local/lib/python3.8/site-packages/airflow/example_dags/example_latest_only.py
[2024-07-19T00:24:13.097+0000] {processor.py:830} INFO - Processing file /home/airflow/.local/lib/python3.8/site-packages/airflow/example_dags/example_latest_only.py for tasks to queue
[2024-07-19T00:24:13.097+0000] {logging_mixin.py:188} INFO - [2024-07-19T00:24:13.097+0000] {dagbag.py:540} INFO - Filling up the DagBag from /home/airflow/.local/lib/python3.8/site-packages/airflow/example_dags/example_latest_only.py
[2024-07-19T00:24:13.101+0000] {processor.py:840} INFO - DAG(s) 'latest_only' retrieved from /home/airflow/.local/lib/python3.8/site-packages/airflow/example_dags/example_latest_only.py
[2024-07-19T00:24:13.119+0000] {logging_mixin.py:188} INFO - [2024-07-19T00:24:13.119+0000] {dag.py:3047} INFO - Sync 1 DAGs
[2024-07-19T00:24:13.140+0000] {logging_mixin.py:188} INFO - [2024-07-19T00:24:13.140+0000] {dag.py:3834} INFO - Setting next_dagrun for latest_only to 2024-07-18 20:00:00+00:00, run_after=2024-07-19 00:00:00+00:00
[2024-07-19T00:24:13.158+0000] {processor.py:183} INFO - Processing /home/airflow/.local/lib/python3.8/site-packages/airflow/example_dags/example_latest_only.py took 0.065 seconds
[2024-07-19T00:24:43.249+0000] {processor.py:161} INFO - Started process (PID=798) to work on /home/airflow/.local/lib/python3.8/site-packages/airflow/example_dags/example_latest_only.py
[2024-07-19T00:24:43.250+0000] {processor.py:830} INFO - Processing file /home/airflow/.local/lib/python3.8/site-packages/airflow/example_dags/example_latest_only.py for tasks to queue
[2024-07-19T00:24:43.251+0000] {logging_mixin.py:188} INFO - [2024-07-19T00:24:43.251+0000] {dagbag.py:540} INFO - Filling up the DagBag from /home/airflow/.local/lib/python3.8/site-packages/airflow/example_dags/example_latest_only.py
[2024-07-19T00:24:43.255+0000] {processor.py:840} INFO - DAG(s) 'latest_only' retrieved from /home/airflow/.local/lib/python3.8/site-packages/airflow/example_dags/example_latest_only.py
[2024-07-19T00:24:43.270+0000] {logging_mixin.py:188} INFO - [2024-07-19T00:24:43.270+0000] {dag.py:3047} INFO - Sync 1 DAGs
[2024-07-19T00:24:43.287+0000] {logging_mixin.py:188} INFO - [2024-07-19T00:24:43.287+0000] {dag.py:3834} INFO - Setting next_dagrun for latest_only to 2024-07-18 20:00:00+00:00, run_after=2024-07-19 00:00:00+00:00
[2024-07-19T00:24:43.302+0000] {processor.py:183} INFO - Processing /home/airflow/.local/lib/python3.8/site-packages/airflow/example_dags/example_latest_only.py took 0.054 seconds
[2024-07-19T00:25:13.388+0000] {processor.py:161} INFO - Started process (PID=854) to work on /home/airflow/.local/lib/python3.8/site-packages/airflow/example_dags/example_latest_only.py
[2024-07-19T00:25:13.388+0000] {processor.py:830} INFO - Processing file /home/airflow/.local/lib/python3.8/site-packages/airflow/example_dags/example_latest_only.py for tasks to queue
[2024-07-19T00:25:13.389+0000] {logging_mixin.py:188} INFO - [2024-07-19T00:25:13.389+0000] {dagbag.py:540} INFO - Filling up the DagBag from /home/airflow/.local/lib/python3.8/site-packages/airflow/example_dags/example_latest_only.py
[2024-07-19T00:25:13.393+0000] {processor.py:840} INFO - DAG(s) 'latest_only' retrieved from /home/airflow/.local/lib/python3.8/site-packages/airflow/example_dags/example_latest_only.py
[2024-07-19T00:25:13.410+0000] {logging_mixin.py:188} INFO - [2024-07-19T00:25:13.409+0000] {dag.py:3047} INFO - Sync 1 DAGs
[2024-07-19T00:25:13.428+0000] {logging_mixin.py:188} INFO - [2024-07-19T00:25:13.428+0000] {dag.py:3834} INFO - Setting next_dagrun for latest_only to 2024-07-18 20:00:00+00:00, run_after=2024-07-19 00:00:00+00:00
[2024-07-19T00:25:13.444+0000] {processor.py:183} INFO - Processing /home/airflow/.local/lib/python3.8/site-packages/airflow/example_dags/example_latest_only.py took 0.058 seconds
[2024-07-19T00:25:44.353+0000] {processor.py:161} INFO - Started process (PID=910) to work on /home/airflow/.local/lib/python3.8/site-packages/airflow/example_dags/example_latest_only.py
[2024-07-19T00:25:44.353+0000] {processor.py:830} INFO - Processing file /home/airflow/.local/lib/python3.8/site-packages/airflow/example_dags/example_latest_only.py for tasks to queue
[2024-07-19T00:25:44.354+0000] {logging_mixin.py:188} INFO - [2024-07-19T00:25:44.354+0000] {dagbag.py:540} INFO - Filling up the DagBag from /home/airflow/.local/lib/python3.8/site-packages/airflow/example_dags/example_latest_only.py
[2024-07-19T00:25:44.358+0000] {processor.py:840} INFO - DAG(s) 'latest_only' retrieved from /home/airflow/.local/lib/python3.8/site-packages/airflow/example_dags/example_latest_only.py
[2024-07-19T00:25:44.373+0000] {logging_mixin.py:188} INFO - [2024-07-19T00:25:44.373+0000] {dag.py:3047} INFO - Sync 1 DAGs
[2024-07-19T00:25:44.391+0000] {logging_mixin.py:188} INFO - [2024-07-19T00:25:44.391+0000] {dag.py:3834} INFO - Setting next_dagrun for latest_only to 2024-07-18 20:00:00+00:00, run_after=2024-07-19 00:00:00+00:00
[2024-07-19T00:25:44.407+0000] {processor.py:183} INFO - Processing /home/airflow/.local/lib/python3.8/site-packages/airflow/example_dags/example_latest_only.py took 0.057 seconds
[2024-07-19T00:26:14.628+0000] {processor.py:161} INFO - Started process (PID=966) to work on /home/airflow/.local/lib/python3.8/site-packages/airflow/example_dags/example_latest_only.py
[2024-07-19T00:26:14.629+0000] {processor.py:830} INFO - Processing file /home/airflow/.local/lib/python3.8/site-packages/airflow/example_dags/example_latest_only.py for tasks to queue
[2024-07-19T00:26:14.630+0000] {logging_mixin.py:188} INFO - [2024-07-19T00:26:14.629+0000] {dagbag.py:540} INFO - Filling up the DagBag from /home/airflow/.local/lib/python3.8/site-packages/airflow/example_dags/example_latest_only.py
[2024-07-19T00:26:14.634+0000] {processor.py:840} INFO - DAG(s) 'latest_only' retrieved from /home/airflow/.local/lib/python3.8/site-packages/airflow/example_dags/example_latest_only.py
[2024-07-19T00:26:14.649+0000] {logging_mixin.py:188} INFO - [2024-07-19T00:26:14.649+0000] {dag.py:3047} INFO - Sync 1 DAGs
[2024-07-19T00:26:14.668+0000] {logging_mixin.py:188} INFO - [2024-07-19T00:26:14.668+0000] {dag.py:3834} INFO - Setting next_dagrun for latest_only to 2024-07-18 20:00:00+00:00, run_after=2024-07-19 00:00:00+00:00
[2024-07-19T00:26:14.684+0000] {processor.py:183} INFO - Processing /home/airflow/.local/lib/python3.8/site-packages/airflow/example_dags/example_latest_only.py took 0.058 seconds
[2024-07-19T00:26:44.834+0000] {processor.py:161} INFO - Started process (PID=1022) to work on /home/airflow/.local/lib/python3.8/site-packages/airflow/example_dags/example_latest_only.py
[2024-07-19T00:26:44.835+0000] {processor.py:830} INFO - Processing file /home/airflow/.local/lib/python3.8/site-packages/airflow/example_dags/example_latest_only.py for tasks to queue
[2024-07-19T00:26:44.835+0000] {logging_mixin.py:188} INFO - [2024-07-19T00:26:44.835+0000] {dagbag.py:540} INFO - Filling up the DagBag from /home/airflow/.local/lib/python3.8/site-packages/airflow/example_dags/example_latest_only.py
[2024-07-19T00:26:44.839+0000] {processor.py:840} INFO - DAG(s) 'latest_only' retrieved from /home/airflow/.local/lib/python3.8/site-packages/airflow/example_dags/example_latest_only.py
[2024-07-19T00:26:44.854+0000] {logging_mixin.py:188} INFO - [2024-07-19T00:26:44.854+0000] {dag.py:3047} INFO - Sync 1 DAGs
[2024-07-19T00:26:44.871+0000] {logging_mixin.py:188} INFO - [2024-07-19T00:26:44.871+0000] {dag.py:3834} INFO - Setting next_dagrun for latest_only to 2024-07-18 20:00:00+00:00, run_after=2024-07-19 00:00:00+00:00
[2024-07-19T00:26:44.887+0000] {processor.py:183} INFO - Processing /home/airflow/.local/lib/python3.8/site-packages/airflow/example_dags/example_latest_only.py took 0.055 seconds
[2024-07-19T00:27:15.156+0000] {processor.py:161} INFO - Started process (PID=1078) to work on /home/airflow/.local/lib/python3.8/site-packages/airflow/example_dags/example_latest_only.py
[2024-07-19T00:27:15.157+0000] {processor.py:830} INFO - Processing file /home/airflow/.local/lib/python3.8/site-packages/airflow/example_dags/example_latest_only.py for tasks to queue
[2024-07-19T00:27:15.158+0000] {logging_mixin.py:188} INFO - [2024-07-19T00:27:15.158+0000] {dagbag.py:540} INFO - Filling up the DagBag from /home/airflow/.local/lib/python3.8/site-packages/airflow/example_dags/example_latest_only.py
[2024-07-19T00:27:15.162+0000] {processor.py:840} INFO - DAG(s) 'latest_only' retrieved from /home/airflow/.local/lib/python3.8/site-packages/airflow/example_dags/example_latest_only.py
[2024-07-19T00:27:15.179+0000] {logging_mixin.py:188} INFO - [2024-07-19T00:27:15.178+0000] {dag.py:3047} INFO - Sync 1 DAGs
[2024-07-19T00:27:15.198+0000] {logging_mixin.py:188} INFO - [2024-07-19T00:27:15.198+0000] {dag.py:3834} INFO - Setting next_dagrun for latest_only to 2024-07-18 20:00:00+00:00, run_after=2024-07-19 00:00:00+00:00
[2024-07-19T00:27:15.215+0000] {processor.py:183} INFO - Processing /home/airflow/.local/lib/python3.8/site-packages/airflow/example_dags/example_latest_only.py took 0.061 seconds
[2024-07-19T00:27:46.180+0000] {processor.py:161} INFO - Started process (PID=1135) to work on /home/airflow/.local/lib/python3.8/site-packages/airflow/example_dags/example_latest_only.py
[2024-07-19T00:27:46.180+0000] {processor.py:830} INFO - Processing file /home/airflow/.local/lib/python3.8/site-packages/airflow/example_dags/example_latest_only.py for tasks to queue
[2024-07-19T00:27:46.181+0000] {logging_mixin.py:188} INFO - [2024-07-19T00:27:46.181+0000] {dagbag.py:540} INFO - Filling up the DagBag from /home/airflow/.local/lib/python3.8/site-packages/airflow/example_dags/example_latest_only.py
[2024-07-19T00:27:46.185+0000] {processor.py:840} INFO - DAG(s) 'latest_only' retrieved from /home/airflow/.local/lib/python3.8/site-packages/airflow/example_dags/example_latest_only.py
[2024-07-19T00:27:46.200+0000] {logging_mixin.py:188} INFO - [2024-07-19T00:27:46.200+0000] {dag.py:3047} INFO - Sync 1 DAGs
[2024-07-19T00:27:46.217+0000] {logging_mixin.py:188} INFO - [2024-07-19T00:27:46.217+0000] {dag.py:3834} INFO - Setting next_dagrun for latest_only to 2024-07-18 20:00:00+00:00, run_after=2024-07-19 00:00:00+00:00
[2024-07-19T00:27:46.232+0000] {processor.py:183} INFO - Processing /home/airflow/.local/lib/python3.8/site-packages/airflow/example_dags/example_latest_only.py took 0.054 seconds
[2024-07-19T00:28:16.358+0000] {processor.py:161} INFO - Started process (PID=1192) to work on /home/airflow/.local/lib/python3.8/site-packages/airflow/example_dags/example_latest_only.py
[2024-07-19T00:28:16.359+0000] {processor.py:830} INFO - Processing file /home/airflow/.local/lib/python3.8/site-packages/airflow/example_dags/example_latest_only.py for tasks to queue
[2024-07-19T00:28:16.360+0000] {logging_mixin.py:188} INFO - [2024-07-19T00:28:16.360+0000] {dagbag.py:540} INFO - Filling up the DagBag from /home/airflow/.local/lib/python3.8/site-packages/airflow/example_dags/example_latest_only.py
[2024-07-19T00:28:16.364+0000] {processor.py:840} INFO - DAG(s) 'latest_only' retrieved from /home/airflow/.local/lib/python3.8/site-packages/airflow/example_dags/example_latest_only.py
[2024-07-19T00:28:16.380+0000] {logging_mixin.py:188} INFO - [2024-07-19T00:28:16.380+0000] {dag.py:3047} INFO - Sync 1 DAGs
[2024-07-19T00:28:16.397+0000] {logging_mixin.py:188} INFO - [2024-07-19T00:28:16.397+0000] {dag.py:3834} INFO - Setting next_dagrun for latest_only to 2024-07-18 20:00:00+00:00, run_after=2024-07-19 00:00:00+00:00
[2024-07-19T00:28:16.414+0000] {processor.py:183} INFO - Processing /home/airflow/.local/lib/python3.8/site-packages/airflow/example_dags/example_latest_only.py took 0.058 seconds
[2024-07-19T00:28:46.519+0000] {processor.py:161} INFO - Started process (PID=1248) to work on /home/airflow/.local/lib/python3.8/site-packages/airflow/example_dags/example_latest_only.py
[2024-07-19T00:28:46.520+0000] {processor.py:830} INFO - Processing file /home/airflow/.local/lib/python3.8/site-packages/airflow/example_dags/example_latest_only.py for tasks to queue
[2024-07-19T00:28:46.521+0000] {logging_mixin.py:188} INFO - [2024-07-19T00:28:46.520+0000] {dagbag.py:540} INFO - Filling up the DagBag from /home/airflow/.local/lib/python3.8/site-packages/airflow/example_dags/example_latest_only.py
[2024-07-19T00:28:46.525+0000] {processor.py:840} INFO - DAG(s) 'latest_only' retrieved from /home/airflow/.local/lib/python3.8/site-packages/airflow/example_dags/example_latest_only.py
[2024-07-19T00:28:46.539+0000] {logging_mixin.py:188} INFO - [2024-07-19T00:28:46.539+0000] {dag.py:3047} INFO - Sync 1 DAGs
[2024-07-19T00:28:46.556+0000] {logging_mixin.py:188} INFO - [2024-07-19T00:28:46.555+0000] {dag.py:3834} INFO - Setting next_dagrun for latest_only to 2024-07-18 20:00:00+00:00, run_after=2024-07-19 00:00:00+00:00
[2024-07-19T00:28:46.571+0000] {processor.py:183} INFO - Processing /home/airflow/.local/lib/python3.8/site-packages/airflow/example_dags/example_latest_only.py took 0.054 seconds
