[2024-07-19T00:00:19.847+0000] {processor.py:161} INFO - Started process (PID=1503) to work on /home/airflow/.local/lib/python3.8/site-packages/airflow/example_dags/example_short_circuit_operator.py
[2024-07-19T00:00:19.847+0000] {processor.py:830} INFO - Processing file /home/airflow/.local/lib/python3.8/site-packages/airflow/example_dags/example_short_circuit_operator.py for tasks to queue
[2024-07-19T00:00:19.849+0000] {logging_mixin.py:188} INFO - [2024-07-19T00:00:19.848+0000] {dagbag.py:540} INFO - Filling up the DagBag from /home/airflow/.local/lib/python3.8/site-packages/airflow/example_dags/example_short_circuit_operator.py
[2024-07-19T00:00:19.854+0000] {processor.py:840} INFO - DAG(s) 'example_short_circuit_operator' retrieved from /home/airflow/.local/lib/python3.8/site-packages/airflow/example_dags/example_short_circuit_operator.py
[2024-07-19T00:00:19.874+0000] {logging_mixin.py:188} INFO - [2024-07-19T00:00:19.873+0000] {dag.py:3047} INFO - Sync 1 DAGs
[2024-07-19T00:00:19.891+0000] {logging_mixin.py:188} INFO - [2024-07-19T00:00:19.891+0000] {dag.py:3834} INFO - Setting next_dagrun for example_short_circuit_operator to 2024-07-18 00:00:00+00:00, run_after=2024-07-19 00:00:00+00:00
[2024-07-19T00:00:19.922+0000] {processor.py:183} INFO - Processing /home/airflow/.local/lib/python3.8/site-packages/airflow/example_dags/example_short_circuit_operator.py took 0.078 seconds
[2024-07-19T00:00:50.116+0000] {processor.py:161} INFO - Started process (PID=1559) to work on /home/airflow/.local/lib/python3.8/site-packages/airflow/example_dags/example_short_circuit_operator.py
[2024-07-19T00:00:50.117+0000] {processor.py:830} INFO - Processing file /home/airflow/.local/lib/python3.8/site-packages/airflow/example_dags/example_short_circuit_operator.py for tasks to queue
[2024-07-19T00:00:50.118+0000] {logging_mixin.py:188} INFO - [2024-07-19T00:00:50.118+0000] {dagbag.py:540} INFO - Filling up the DagBag from /home/airflow/.local/lib/python3.8/site-packages/airflow/example_dags/example_short_circuit_operator.py
[2024-07-19T00:00:50.125+0000] {processor.py:840} INFO - DAG(s) 'example_short_circuit_operator' retrieved from /home/airflow/.local/lib/python3.8/site-packages/airflow/example_dags/example_short_circuit_operator.py
[2024-07-19T00:00:50.145+0000] {logging_mixin.py:188} INFO - [2024-07-19T00:00:50.144+0000] {dag.py:3047} INFO - Sync 1 DAGs
[2024-07-19T00:00:50.162+0000] {logging_mixin.py:188} INFO - [2024-07-19T00:00:50.162+0000] {dag.py:3834} INFO - Setting next_dagrun for example_short_circuit_operator to 2024-07-18 00:00:00+00:00, run_after=2024-07-19 00:00:00+00:00
[2024-07-19T00:00:50.177+0000] {processor.py:183} INFO - Processing /home/airflow/.local/lib/python3.8/site-packages/airflow/example_dags/example_short_circuit_operator.py took 0.063 seconds
[2024-07-19T00:01:20.309+0000] {processor.py:161} INFO - Started process (PID=1615) to work on /home/airflow/.local/lib/python3.8/site-packages/airflow/example_dags/example_short_circuit_operator.py
[2024-07-19T00:01:20.310+0000] {processor.py:830} INFO - Processing file /home/airflow/.local/lib/python3.8/site-packages/airflow/example_dags/example_short_circuit_operator.py for tasks to queue
[2024-07-19T00:01:20.311+0000] {logging_mixin.py:188} INFO - [2024-07-19T00:01:20.311+0000] {dagbag.py:540} INFO - Filling up the DagBag from /home/airflow/.local/lib/python3.8/site-packages/airflow/example_dags/example_short_circuit_operator.py
[2024-07-19T00:01:20.317+0000] {processor.py:840} INFO - DAG(s) 'example_short_circuit_operator' retrieved from /home/airflow/.local/lib/python3.8/site-packages/airflow/example_dags/example_short_circuit_operator.py
[2024-07-19T00:01:20.336+0000] {logging_mixin.py:188} INFO - [2024-07-19T00:01:20.335+0000] {dag.py:3047} INFO - Sync 1 DAGs
[2024-07-19T00:01:20.354+0000] {logging_mixin.py:188} INFO - [2024-07-19T00:01:20.354+0000] {dag.py:3834} INFO - Setting next_dagrun for example_short_circuit_operator to 2024-07-18 00:00:00+00:00, run_after=2024-07-19 00:00:00+00:00
[2024-07-19T00:01:20.369+0000] {processor.py:183} INFO - Processing /home/airflow/.local/lib/python3.8/site-packages/airflow/example_dags/example_short_circuit_operator.py took 0.063 seconds
[2024-07-19T00:01:50.747+0000] {processor.py:161} INFO - Started process (PID=1671) to work on /home/airflow/.local/lib/python3.8/site-packages/airflow/example_dags/example_short_circuit_operator.py
[2024-07-19T00:01:50.748+0000] {processor.py:830} INFO - Processing file /home/airflow/.local/lib/python3.8/site-packages/airflow/example_dags/example_short_circuit_operator.py for tasks to queue
[2024-07-19T00:01:50.749+0000] {logging_mixin.py:188} INFO - [2024-07-19T00:01:50.749+0000] {dagbag.py:540} INFO - Filling up the DagBag from /home/airflow/.local/lib/python3.8/site-packages/airflow/example_dags/example_short_circuit_operator.py
[2024-07-19T00:01:50.754+0000] {processor.py:840} INFO - DAG(s) 'example_short_circuit_operator' retrieved from /home/airflow/.local/lib/python3.8/site-packages/airflow/example_dags/example_short_circuit_operator.py
[2024-07-19T00:01:50.772+0000] {logging_mixin.py:188} INFO - [2024-07-19T00:01:50.772+0000] {dag.py:3047} INFO - Sync 1 DAGs
[2024-07-19T00:01:50.788+0000] {logging_mixin.py:188} INFO - [2024-07-19T00:01:50.788+0000] {dag.py:3834} INFO - Setting next_dagrun for example_short_circuit_operator to 2024-07-18 00:00:00+00:00, run_after=2024-07-19 00:00:00+00:00
[2024-07-19T00:01:50.803+0000] {processor.py:183} INFO - Processing /home/airflow/.local/lib/python3.8/site-packages/airflow/example_dags/example_short_circuit_operator.py took 0.059 seconds
[2024-07-19T00:02:20.822+0000] {processor.py:161} INFO - Started process (PID=1727) to work on /home/airflow/.local/lib/python3.8/site-packages/airflow/example_dags/example_short_circuit_operator.py
[2024-07-19T00:02:20.823+0000] {processor.py:830} INFO - Processing file /home/airflow/.local/lib/python3.8/site-packages/airflow/example_dags/example_short_circuit_operator.py for tasks to queue
[2024-07-19T00:02:20.824+0000] {logging_mixin.py:188} INFO - [2024-07-19T00:02:20.824+0000] {dagbag.py:540} INFO - Filling up the DagBag from /home/airflow/.local/lib/python3.8/site-packages/airflow/example_dags/example_short_circuit_operator.py
[2024-07-19T00:02:20.830+0000] {processor.py:840} INFO - DAG(s) 'example_short_circuit_operator' retrieved from /home/airflow/.local/lib/python3.8/site-packages/airflow/example_dags/example_short_circuit_operator.py
[2024-07-19T00:02:20.849+0000] {logging_mixin.py:188} INFO - [2024-07-19T00:02:20.848+0000] {dag.py:3047} INFO - Sync 1 DAGs
[2024-07-19T00:02:20.874+0000] {logging_mixin.py:188} INFO - [2024-07-19T00:02:20.873+0000] {dag.py:3834} INFO - Setting next_dagrun for example_short_circuit_operator to 2024-07-18 00:00:00+00:00, run_after=2024-07-19 00:00:00+00:00
[2024-07-19T00:02:20.895+0000] {processor.py:183} INFO - Processing /home/airflow/.local/lib/python3.8/site-packages/airflow/example_dags/example_short_circuit_operator.py took 0.077 seconds
[2024-07-19T00:02:50.960+0000] {processor.py:161} INFO - Started process (PID=1783) to work on /home/airflow/.local/lib/python3.8/site-packages/airflow/example_dags/example_short_circuit_operator.py
[2024-07-19T00:02:50.961+0000] {processor.py:830} INFO - Processing file /home/airflow/.local/lib/python3.8/site-packages/airflow/example_dags/example_short_circuit_operator.py for tasks to queue
[2024-07-19T00:02:50.962+0000] {logging_mixin.py:188} INFO - [2024-07-19T00:02:50.962+0000] {dagbag.py:540} INFO - Filling up the DagBag from /home/airflow/.local/lib/python3.8/site-packages/airflow/example_dags/example_short_circuit_operator.py
[2024-07-19T00:02:50.967+0000] {processor.py:840} INFO - DAG(s) 'example_short_circuit_operator' retrieved from /home/airflow/.local/lib/python3.8/site-packages/airflow/example_dags/example_short_circuit_operator.py
[2024-07-19T00:02:50.986+0000] {logging_mixin.py:188} INFO - [2024-07-19T00:02:50.985+0000] {dag.py:3047} INFO - Sync 1 DAGs
[2024-07-19T00:02:51.002+0000] {logging_mixin.py:188} INFO - [2024-07-19T00:02:51.002+0000] {dag.py:3834} INFO - Setting next_dagrun for example_short_circuit_operator to 2024-07-18 00:00:00+00:00, run_after=2024-07-19 00:00:00+00:00
[2024-07-19T00:02:51.017+0000] {processor.py:183} INFO - Processing /home/airflow/.local/lib/python3.8/site-packages/airflow/example_dags/example_short_circuit_operator.py took 0.059 seconds
[2024-07-19T00:03:21.346+0000] {processor.py:161} INFO - Started process (PID=1839) to work on /home/airflow/.local/lib/python3.8/site-packages/airflow/example_dags/example_short_circuit_operator.py
[2024-07-19T00:03:21.347+0000] {processor.py:830} INFO - Processing file /home/airflow/.local/lib/python3.8/site-packages/airflow/example_dags/example_short_circuit_operator.py for tasks to queue
[2024-07-19T00:03:21.348+0000] {logging_mixin.py:188} INFO - [2024-07-19T00:03:21.348+0000] {dagbag.py:540} INFO - Filling up the DagBag from /home/airflow/.local/lib/python3.8/site-packages/airflow/example_dags/example_short_circuit_operator.py
[2024-07-19T00:03:21.353+0000] {processor.py:840} INFO - DAG(s) 'example_short_circuit_operator' retrieved from /home/airflow/.local/lib/python3.8/site-packages/airflow/example_dags/example_short_circuit_operator.py
[2024-07-19T00:03:21.372+0000] {logging_mixin.py:188} INFO - [2024-07-19T00:03:21.372+0000] {dag.py:3047} INFO - Sync 1 DAGs
[2024-07-19T00:03:21.388+0000] {logging_mixin.py:188} INFO - [2024-07-19T00:03:21.388+0000] {dag.py:3834} INFO - Setting next_dagrun for example_short_circuit_operator to 2024-07-18 00:00:00+00:00, run_after=2024-07-19 00:00:00+00:00
[2024-07-19T00:03:21.403+0000] {processor.py:183} INFO - Processing /home/airflow/.local/lib/python3.8/site-packages/airflow/example_dags/example_short_circuit_operator.py took 0.059 seconds
[2024-07-19T00:03:51.620+0000] {processor.py:161} INFO - Started process (PID=1895) to work on /home/airflow/.local/lib/python3.8/site-packages/airflow/example_dags/example_short_circuit_operator.py
[2024-07-19T00:03:51.621+0000] {processor.py:830} INFO - Processing file /home/airflow/.local/lib/python3.8/site-packages/airflow/example_dags/example_short_circuit_operator.py for tasks to queue
[2024-07-19T00:03:51.622+0000] {logging_mixin.py:188} INFO - [2024-07-19T00:03:51.622+0000] {dagbag.py:540} INFO - Filling up the DagBag from /home/airflow/.local/lib/python3.8/site-packages/airflow/example_dags/example_short_circuit_operator.py
[2024-07-19T00:03:51.628+0000] {processor.py:840} INFO - DAG(s) 'example_short_circuit_operator' retrieved from /home/airflow/.local/lib/python3.8/site-packages/airflow/example_dags/example_short_circuit_operator.py
[2024-07-19T00:03:51.646+0000] {logging_mixin.py:188} INFO - [2024-07-19T00:03:51.646+0000] {dag.py:3047} INFO - Sync 1 DAGs
[2024-07-19T00:03:51.663+0000] {logging_mixin.py:188} INFO - [2024-07-19T00:03:51.662+0000] {dag.py:3834} INFO - Setting next_dagrun for example_short_circuit_operator to 2024-07-18 00:00:00+00:00, run_after=2024-07-19 00:00:00+00:00
[2024-07-19T00:03:51.677+0000] {processor.py:183} INFO - Processing /home/airflow/.local/lib/python3.8/site-packages/airflow/example_dags/example_short_circuit_operator.py took 0.059 seconds
[2024-07-19T00:04:21.803+0000] {processor.py:161} INFO - Started process (PID=1951) to work on /home/airflow/.local/lib/python3.8/site-packages/airflow/example_dags/example_short_circuit_operator.py
[2024-07-19T00:04:21.804+0000] {processor.py:830} INFO - Processing file /home/airflow/.local/lib/python3.8/site-packages/airflow/example_dags/example_short_circuit_operator.py for tasks to queue
[2024-07-19T00:04:21.805+0000] {logging_mixin.py:188} INFO - [2024-07-19T00:04:21.805+0000] {dagbag.py:540} INFO - Filling up the DagBag from /home/airflow/.local/lib/python3.8/site-packages/airflow/example_dags/example_short_circuit_operator.py
[2024-07-19T00:04:21.811+0000] {processor.py:840} INFO - DAG(s) 'example_short_circuit_operator' retrieved from /home/airflow/.local/lib/python3.8/site-packages/airflow/example_dags/example_short_circuit_operator.py
[2024-07-19T00:04:21.829+0000] {logging_mixin.py:188} INFO - [2024-07-19T00:04:21.828+0000] {dag.py:3047} INFO - Sync 1 DAGs
[2024-07-19T00:04:21.844+0000] {logging_mixin.py:188} INFO - [2024-07-19T00:04:21.844+0000] {dag.py:3834} INFO - Setting next_dagrun for example_short_circuit_operator to 2024-07-18 00:00:00+00:00, run_after=2024-07-19 00:00:00+00:00
[2024-07-19T00:04:21.859+0000] {processor.py:183} INFO - Processing /home/airflow/.local/lib/python3.8/site-packages/airflow/example_dags/example_short_circuit_operator.py took 0.058 seconds
[2024-07-19T00:04:52.715+0000] {processor.py:161} INFO - Started process (PID=2005) to work on /home/airflow/.local/lib/python3.8/site-packages/airflow/example_dags/example_short_circuit_operator.py
[2024-07-19T00:04:52.716+0000] {processor.py:830} INFO - Processing file /home/airflow/.local/lib/python3.8/site-packages/airflow/example_dags/example_short_circuit_operator.py for tasks to queue
[2024-07-19T00:04:52.717+0000] {logging_mixin.py:188} INFO - [2024-07-19T00:04:52.717+0000] {dagbag.py:540} INFO - Filling up the DagBag from /home/airflow/.local/lib/python3.8/site-packages/airflow/example_dags/example_short_circuit_operator.py
[2024-07-19T00:04:52.723+0000] {processor.py:840} INFO - DAG(s) 'example_short_circuit_operator' retrieved from /home/airflow/.local/lib/python3.8/site-packages/airflow/example_dags/example_short_circuit_operator.py
[2024-07-19T00:04:52.740+0000] {logging_mixin.py:188} INFO - [2024-07-19T00:04:52.740+0000] {dag.py:3047} INFO - Sync 1 DAGs
[2024-07-19T00:04:52.756+0000] {logging_mixin.py:188} INFO - [2024-07-19T00:04:52.756+0000] {dag.py:3834} INFO - Setting next_dagrun for example_short_circuit_operator to 2024-07-18 00:00:00+00:00, run_after=2024-07-19 00:00:00+00:00
[2024-07-19T00:04:52.771+0000] {processor.py:183} INFO - Processing /home/airflow/.local/lib/python3.8/site-packages/airflow/example_dags/example_short_circuit_operator.py took 0.058 seconds
[2024-07-19T00:05:22.978+0000] {processor.py:161} INFO - Started process (PID=2061) to work on /home/airflow/.local/lib/python3.8/site-packages/airflow/example_dags/example_short_circuit_operator.py
[2024-07-19T00:05:22.978+0000] {processor.py:830} INFO - Processing file /home/airflow/.local/lib/python3.8/site-packages/airflow/example_dags/example_short_circuit_operator.py for tasks to queue
[2024-07-19T00:05:22.979+0000] {logging_mixin.py:188} INFO - [2024-07-19T00:05:22.979+0000] {dagbag.py:540} INFO - Filling up the DagBag from /home/airflow/.local/lib/python3.8/site-packages/airflow/example_dags/example_short_circuit_operator.py
[2024-07-19T00:05:22.985+0000] {processor.py:840} INFO - DAG(s) 'example_short_circuit_operator' retrieved from /home/airflow/.local/lib/python3.8/site-packages/airflow/example_dags/example_short_circuit_operator.py
[2024-07-19T00:05:23.003+0000] {logging_mixin.py:188} INFO - [2024-07-19T00:05:23.003+0000] {dag.py:3047} INFO - Sync 1 DAGs
[2024-07-19T00:05:23.020+0000] {logging_mixin.py:188} INFO - [2024-07-19T00:05:23.020+0000] {dag.py:3834} INFO - Setting next_dagrun for example_short_circuit_operator to 2024-07-18 00:00:00+00:00, run_after=2024-07-19 00:00:00+00:00
[2024-07-19T00:05:23.035+0000] {processor.py:183} INFO - Processing /home/airflow/.local/lib/python3.8/site-packages/airflow/example_dags/example_short_circuit_operator.py took 0.059 seconds
[2024-07-19T00:05:53.308+0000] {processor.py:161} INFO - Started process (PID=2117) to work on /home/airflow/.local/lib/python3.8/site-packages/airflow/example_dags/example_short_circuit_operator.py
[2024-07-19T00:05:53.309+0000] {processor.py:830} INFO - Processing file /home/airflow/.local/lib/python3.8/site-packages/airflow/example_dags/example_short_circuit_operator.py for tasks to queue
[2024-07-19T00:05:53.310+0000] {logging_mixin.py:188} INFO - [2024-07-19T00:05:53.310+0000] {dagbag.py:540} INFO - Filling up the DagBag from /home/airflow/.local/lib/python3.8/site-packages/airflow/example_dags/example_short_circuit_operator.py
[2024-07-19T00:05:53.316+0000] {processor.py:840} INFO - DAG(s) 'example_short_circuit_operator' retrieved from /home/airflow/.local/lib/python3.8/site-packages/airflow/example_dags/example_short_circuit_operator.py
[2024-07-19T00:05:53.334+0000] {logging_mixin.py:188} INFO - [2024-07-19T00:05:53.334+0000] {dag.py:3047} INFO - Sync 1 DAGs
[2024-07-19T00:05:53.351+0000] {logging_mixin.py:188} INFO - [2024-07-19T00:05:53.351+0000] {dag.py:3834} INFO - Setting next_dagrun for example_short_circuit_operator to 2024-07-18 00:00:00+00:00, run_after=2024-07-19 00:00:00+00:00
[2024-07-19T00:05:53.368+0000] {processor.py:183} INFO - Processing /home/airflow/.local/lib/python3.8/site-packages/airflow/example_dags/example_short_circuit_operator.py took 0.061 seconds
[2024-07-19T00:06:23.597+0000] {processor.py:161} INFO - Started process (PID=2173) to work on /home/airflow/.local/lib/python3.8/site-packages/airflow/example_dags/example_short_circuit_operator.py
[2024-07-19T00:06:23.598+0000] {processor.py:830} INFO - Processing file /home/airflow/.local/lib/python3.8/site-packages/airflow/example_dags/example_short_circuit_operator.py for tasks to queue
[2024-07-19T00:06:23.599+0000] {logging_mixin.py:188} INFO - [2024-07-19T00:06:23.598+0000] {dagbag.py:540} INFO - Filling up the DagBag from /home/airflow/.local/lib/python3.8/site-packages/airflow/example_dags/example_short_circuit_operator.py
[2024-07-19T00:06:23.604+0000] {processor.py:840} INFO - DAG(s) 'example_short_circuit_operator' retrieved from /home/airflow/.local/lib/python3.8/site-packages/airflow/example_dags/example_short_circuit_operator.py
[2024-07-19T00:06:23.623+0000] {logging_mixin.py:188} INFO - [2024-07-19T00:06:23.622+0000] {dag.py:3047} INFO - Sync 1 DAGs
[2024-07-19T00:06:23.639+0000] {logging_mixin.py:188} INFO - [2024-07-19T00:06:23.639+0000] {dag.py:3834} INFO - Setting next_dagrun for example_short_circuit_operator to 2024-07-18 00:00:00+00:00, run_after=2024-07-19 00:00:00+00:00
[2024-07-19T00:06:23.654+0000] {processor.py:183} INFO - Processing /home/airflow/.local/lib/python3.8/site-packages/airflow/example_dags/example_short_circuit_operator.py took 0.059 seconds
[2024-07-19T00:06:54.138+0000] {processor.py:161} INFO - Started process (PID=2229) to work on /home/airflow/.local/lib/python3.8/site-packages/airflow/example_dags/example_short_circuit_operator.py
[2024-07-19T00:06:54.139+0000] {processor.py:830} INFO - Processing file /home/airflow/.local/lib/python3.8/site-packages/airflow/example_dags/example_short_circuit_operator.py for tasks to queue
[2024-07-19T00:06:54.140+0000] {logging_mixin.py:188} INFO - [2024-07-19T00:06:54.140+0000] {dagbag.py:540} INFO - Filling up the DagBag from /home/airflow/.local/lib/python3.8/site-packages/airflow/example_dags/example_short_circuit_operator.py
[2024-07-19T00:06:54.147+0000] {processor.py:840} INFO - DAG(s) 'example_short_circuit_operator' retrieved from /home/airflow/.local/lib/python3.8/site-packages/airflow/example_dags/example_short_circuit_operator.py
[2024-07-19T00:06:54.165+0000] {logging_mixin.py:188} INFO - [2024-07-19T00:06:54.165+0000] {dag.py:3047} INFO - Sync 1 DAGs
[2024-07-19T00:06:54.181+0000] {logging_mixin.py:188} INFO - [2024-07-19T00:06:54.181+0000] {dag.py:3834} INFO - Setting next_dagrun for example_short_circuit_operator to 2024-07-18 00:00:00+00:00, run_after=2024-07-19 00:00:00+00:00
[2024-07-19T00:06:54.195+0000] {processor.py:183} INFO - Processing /home/airflow/.local/lib/python3.8/site-packages/airflow/example_dags/example_short_circuit_operator.py took 0.060 seconds
[2024-07-19T00:07:24.329+0000] {processor.py:161} INFO - Started process (PID=2286) to work on /home/airflow/.local/lib/python3.8/site-packages/airflow/example_dags/example_short_circuit_operator.py
[2024-07-19T00:07:24.330+0000] {processor.py:830} INFO - Processing file /home/airflow/.local/lib/python3.8/site-packages/airflow/example_dags/example_short_circuit_operator.py for tasks to queue
[2024-07-19T00:07:24.331+0000] {logging_mixin.py:188} INFO - [2024-07-19T00:07:24.331+0000] {dagbag.py:540} INFO - Filling up the DagBag from /home/airflow/.local/lib/python3.8/site-packages/airflow/example_dags/example_short_circuit_operator.py
[2024-07-19T00:07:24.337+0000] {processor.py:840} INFO - DAG(s) 'example_short_circuit_operator' retrieved from /home/airflow/.local/lib/python3.8/site-packages/airflow/example_dags/example_short_circuit_operator.py
[2024-07-19T00:07:24.355+0000] {logging_mixin.py:188} INFO - [2024-07-19T00:07:24.354+0000] {dag.py:3047} INFO - Sync 1 DAGs
[2024-07-19T00:07:24.371+0000] {logging_mixin.py:188} INFO - [2024-07-19T00:07:24.371+0000] {dag.py:3834} INFO - Setting next_dagrun for example_short_circuit_operator to 2024-07-18 00:00:00+00:00, run_after=2024-07-19 00:00:00+00:00
[2024-07-19T00:07:24.384+0000] {processor.py:183} INFO - Processing /home/airflow/.local/lib/python3.8/site-packages/airflow/example_dags/example_short_circuit_operator.py took 0.058 seconds
[2024-07-19T00:07:54.597+0000] {processor.py:161} INFO - Started process (PID=2342) to work on /home/airflow/.local/lib/python3.8/site-packages/airflow/example_dags/example_short_circuit_operator.py
[2024-07-19T00:07:54.598+0000] {processor.py:830} INFO - Processing file /home/airflow/.local/lib/python3.8/site-packages/airflow/example_dags/example_short_circuit_operator.py for tasks to queue
[2024-07-19T00:07:54.599+0000] {logging_mixin.py:188} INFO - [2024-07-19T00:07:54.599+0000] {dagbag.py:540} INFO - Filling up the DagBag from /home/airflow/.local/lib/python3.8/site-packages/airflow/example_dags/example_short_circuit_operator.py
[2024-07-19T00:07:54.605+0000] {processor.py:840} INFO - DAG(s) 'example_short_circuit_operator' retrieved from /home/airflow/.local/lib/python3.8/site-packages/airflow/example_dags/example_short_circuit_operator.py
[2024-07-19T00:07:54.624+0000] {logging_mixin.py:188} INFO - [2024-07-19T00:07:54.623+0000] {dag.py:3047} INFO - Sync 1 DAGs
[2024-07-19T00:07:54.640+0000] {logging_mixin.py:188} INFO - [2024-07-19T00:07:54.640+0000] {dag.py:3834} INFO - Setting next_dagrun for example_short_circuit_operator to 2024-07-18 00:00:00+00:00, run_after=2024-07-19 00:00:00+00:00
[2024-07-19T00:07:54.655+0000] {processor.py:183} INFO - Processing /home/airflow/.local/lib/python3.8/site-packages/airflow/example_dags/example_short_circuit_operator.py took 0.061 seconds
[2024-07-19T00:08:25.057+0000] {processor.py:161} INFO - Started process (PID=2398) to work on /home/airflow/.local/lib/python3.8/site-packages/airflow/example_dags/example_short_circuit_operator.py
[2024-07-19T00:08:25.058+0000] {processor.py:830} INFO - Processing file /home/airflow/.local/lib/python3.8/site-packages/airflow/example_dags/example_short_circuit_operator.py for tasks to queue
[2024-07-19T00:08:25.059+0000] {logging_mixin.py:188} INFO - [2024-07-19T00:08:25.059+0000] {dagbag.py:540} INFO - Filling up the DagBag from /home/airflow/.local/lib/python3.8/site-packages/airflow/example_dags/example_short_circuit_operator.py
[2024-07-19T00:08:25.065+0000] {processor.py:840} INFO - DAG(s) 'example_short_circuit_operator' retrieved from /home/airflow/.local/lib/python3.8/site-packages/airflow/example_dags/example_short_circuit_operator.py
[2024-07-19T00:08:25.087+0000] {logging_mixin.py:188} INFO - [2024-07-19T00:08:25.087+0000] {dag.py:3047} INFO - Sync 1 DAGs
[2024-07-19T00:08:25.108+0000] {logging_mixin.py:188} INFO - [2024-07-19T00:08:25.107+0000] {dag.py:3834} INFO - Setting next_dagrun for example_short_circuit_operator to 2024-07-18 00:00:00+00:00, run_after=2024-07-19 00:00:00+00:00
[2024-07-19T00:08:25.125+0000] {processor.py:183} INFO - Processing /home/airflow/.local/lib/python3.8/site-packages/airflow/example_dags/example_short_circuit_operator.py took 0.069 seconds
[2024-07-19T00:08:55.770+0000] {processor.py:161} INFO - Started process (PID=2454) to work on /home/airflow/.local/lib/python3.8/site-packages/airflow/example_dags/example_short_circuit_operator.py
[2024-07-19T00:08:55.771+0000] {processor.py:830} INFO - Processing file /home/airflow/.local/lib/python3.8/site-packages/airflow/example_dags/example_short_circuit_operator.py for tasks to queue
[2024-07-19T00:08:55.772+0000] {logging_mixin.py:188} INFO - [2024-07-19T00:08:55.772+0000] {dagbag.py:540} INFO - Filling up the DagBag from /home/airflow/.local/lib/python3.8/site-packages/airflow/example_dags/example_short_circuit_operator.py
[2024-07-19T00:08:55.779+0000] {processor.py:840} INFO - DAG(s) 'example_short_circuit_operator' retrieved from /home/airflow/.local/lib/python3.8/site-packages/airflow/example_dags/example_short_circuit_operator.py
[2024-07-19T00:08:55.800+0000] {logging_mixin.py:188} INFO - [2024-07-19T00:08:55.800+0000] {dag.py:3047} INFO - Sync 1 DAGs
[2024-07-19T00:08:55.820+0000] {logging_mixin.py:188} INFO - [2024-07-19T00:08:55.819+0000] {dag.py:3834} INFO - Setting next_dagrun for example_short_circuit_operator to 2024-07-18 00:00:00+00:00, run_after=2024-07-19 00:00:00+00:00
[2024-07-19T00:08:55.838+0000] {processor.py:183} INFO - Processing /home/airflow/.local/lib/python3.8/site-packages/airflow/example_dags/example_short_circuit_operator.py took 0.071 seconds
[2024-07-19T00:09:26.088+0000] {processor.py:161} INFO - Started process (PID=2510) to work on /home/airflow/.local/lib/python3.8/site-packages/airflow/example_dags/example_short_circuit_operator.py
[2024-07-19T00:09:26.089+0000] {processor.py:830} INFO - Processing file /home/airflow/.local/lib/python3.8/site-packages/airflow/example_dags/example_short_circuit_operator.py for tasks to queue
[2024-07-19T00:09:26.090+0000] {logging_mixin.py:188} INFO - [2024-07-19T00:09:26.090+0000] {dagbag.py:540} INFO - Filling up the DagBag from /home/airflow/.local/lib/python3.8/site-packages/airflow/example_dags/example_short_circuit_operator.py
[2024-07-19T00:09:26.098+0000] {processor.py:840} INFO - DAG(s) 'example_short_circuit_operator' retrieved from /home/airflow/.local/lib/python3.8/site-packages/airflow/example_dags/example_short_circuit_operator.py
[2024-07-19T00:09:26.119+0000] {logging_mixin.py:188} INFO - [2024-07-19T00:09:26.118+0000] {dag.py:3047} INFO - Sync 1 DAGs
[2024-07-19T00:09:26.137+0000] {logging_mixin.py:188} INFO - [2024-07-19T00:09:26.137+0000] {dag.py:3834} INFO - Setting next_dagrun for example_short_circuit_operator to 2024-07-18 00:00:00+00:00, run_after=2024-07-19 00:00:00+00:00
[2024-07-19T00:09:26.154+0000] {processor.py:183} INFO - Processing /home/airflow/.local/lib/python3.8/site-packages/airflow/example_dags/example_short_circuit_operator.py took 0.069 seconds
[2024-07-19T00:09:56.471+0000] {processor.py:161} INFO - Started process (PID=2566) to work on /home/airflow/.local/lib/python3.8/site-packages/airflow/example_dags/example_short_circuit_operator.py
[2024-07-19T00:09:56.472+0000] {processor.py:830} INFO - Processing file /home/airflow/.local/lib/python3.8/site-packages/airflow/example_dags/example_short_circuit_operator.py for tasks to queue
[2024-07-19T00:09:56.473+0000] {logging_mixin.py:188} INFO - [2024-07-19T00:09:56.473+0000] {dagbag.py:540} INFO - Filling up the DagBag from /home/airflow/.local/lib/python3.8/site-packages/airflow/example_dags/example_short_circuit_operator.py
[2024-07-19T00:09:56.479+0000] {processor.py:840} INFO - DAG(s) 'example_short_circuit_operator' retrieved from /home/airflow/.local/lib/python3.8/site-packages/airflow/example_dags/example_short_circuit_operator.py
[2024-07-19T00:09:56.498+0000] {logging_mixin.py:188} INFO - [2024-07-19T00:09:56.497+0000] {dag.py:3047} INFO - Sync 1 DAGs
[2024-07-19T00:09:56.519+0000] {logging_mixin.py:188} INFO - [2024-07-19T00:09:56.519+0000] {dag.py:3834} INFO - Setting next_dagrun for example_short_circuit_operator to 2024-07-18 00:00:00+00:00, run_after=2024-07-19 00:00:00+00:00
[2024-07-19T00:09:56.537+0000] {processor.py:183} INFO - Processing /home/airflow/.local/lib/python3.8/site-packages/airflow/example_dags/example_short_circuit_operator.py took 0.069 seconds
[2024-07-19T00:10:26.997+0000] {processor.py:161} INFO - Started process (PID=2623) to work on /home/airflow/.local/lib/python3.8/site-packages/airflow/example_dags/example_short_circuit_operator.py
[2024-07-19T00:10:26.997+0000] {processor.py:830} INFO - Processing file /home/airflow/.local/lib/python3.8/site-packages/airflow/example_dags/example_short_circuit_operator.py for tasks to queue
[2024-07-19T00:10:26.998+0000] {logging_mixin.py:188} INFO - [2024-07-19T00:10:26.998+0000] {dagbag.py:540} INFO - Filling up the DagBag from /home/airflow/.local/lib/python3.8/site-packages/airflow/example_dags/example_short_circuit_operator.py
[2024-07-19T00:10:27.004+0000] {processor.py:840} INFO - DAG(s) 'example_short_circuit_operator' retrieved from /home/airflow/.local/lib/python3.8/site-packages/airflow/example_dags/example_short_circuit_operator.py
[2024-07-19T00:10:27.022+0000] {logging_mixin.py:188} INFO - [2024-07-19T00:10:27.022+0000] {dag.py:3047} INFO - Sync 1 DAGs
[2024-07-19T00:10:27.130+0000] {logging_mixin.py:188} INFO - [2024-07-19T00:10:27.130+0000] {dag.py:3834} INFO - Setting next_dagrun for example_short_circuit_operator to 2024-07-18 00:00:00+00:00, run_after=2024-07-19 00:00:00+00:00
[2024-07-19T00:10:27.144+0000] {processor.py:183} INFO - Processing /home/airflow/.local/lib/python3.8/site-packages/airflow/example_dags/example_short_circuit_operator.py took 0.149 seconds
[2024-07-19T00:10:57.441+0000] {processor.py:161} INFO - Started process (PID=2679) to work on /home/airflow/.local/lib/python3.8/site-packages/airflow/example_dags/example_short_circuit_operator.py
[2024-07-19T00:10:57.442+0000] {processor.py:830} INFO - Processing file /home/airflow/.local/lib/python3.8/site-packages/airflow/example_dags/example_short_circuit_operator.py for tasks to queue
[2024-07-19T00:10:57.443+0000] {logging_mixin.py:188} INFO - [2024-07-19T00:10:57.443+0000] {dagbag.py:540} INFO - Filling up the DagBag from /home/airflow/.local/lib/python3.8/site-packages/airflow/example_dags/example_short_circuit_operator.py
[2024-07-19T00:10:57.449+0000] {processor.py:840} INFO - DAG(s) 'example_short_circuit_operator' retrieved from /home/airflow/.local/lib/python3.8/site-packages/airflow/example_dags/example_short_circuit_operator.py
[2024-07-19T00:10:57.468+0000] {logging_mixin.py:188} INFO - [2024-07-19T00:10:57.468+0000] {dag.py:3047} INFO - Sync 1 DAGs
[2024-07-19T00:10:57.580+0000] {logging_mixin.py:188} INFO - [2024-07-19T00:10:57.580+0000] {dag.py:3834} INFO - Setting next_dagrun for example_short_circuit_operator to 2024-07-18 00:00:00+00:00, run_after=2024-07-19 00:00:00+00:00
[2024-07-19T00:10:57.596+0000] {processor.py:183} INFO - Processing /home/airflow/.local/lib/python3.8/site-packages/airflow/example_dags/example_short_circuit_operator.py took 0.157 seconds
[2024-07-19T00:11:28.060+0000] {processor.py:161} INFO - Started process (PID=2735) to work on /home/airflow/.local/lib/python3.8/site-packages/airflow/example_dags/example_short_circuit_operator.py
[2024-07-19T00:11:28.061+0000] {processor.py:830} INFO - Processing file /home/airflow/.local/lib/python3.8/site-packages/airflow/example_dags/example_short_circuit_operator.py for tasks to queue
[2024-07-19T00:11:28.062+0000] {logging_mixin.py:188} INFO - [2024-07-19T00:11:28.062+0000] {dagbag.py:540} INFO - Filling up the DagBag from /home/airflow/.local/lib/python3.8/site-packages/airflow/example_dags/example_short_circuit_operator.py
[2024-07-19T00:11:28.069+0000] {processor.py:840} INFO - DAG(s) 'example_short_circuit_operator' retrieved from /home/airflow/.local/lib/python3.8/site-packages/airflow/example_dags/example_short_circuit_operator.py
[2024-07-19T00:11:28.092+0000] {logging_mixin.py:188} INFO - [2024-07-19T00:11:28.092+0000] {dag.py:3047} INFO - Sync 1 DAGs
[2024-07-19T00:11:28.241+0000] {logging_mixin.py:188} INFO - [2024-07-19T00:11:28.241+0000] {dag.py:3834} INFO - Setting next_dagrun for example_short_circuit_operator to 2024-07-18 00:00:00+00:00, run_after=2024-07-19 00:00:00+00:00
[2024-07-19T00:11:28.257+0000] {processor.py:183} INFO - Processing /home/airflow/.local/lib/python3.8/site-packages/airflow/example_dags/example_short_circuit_operator.py took 0.200 seconds
[2024-07-19T00:11:58.611+0000] {processor.py:161} INFO - Started process (PID=2791) to work on /home/airflow/.local/lib/python3.8/site-packages/airflow/example_dags/example_short_circuit_operator.py
[2024-07-19T00:11:58.612+0000] {processor.py:830} INFO - Processing file /home/airflow/.local/lib/python3.8/site-packages/airflow/example_dags/example_short_circuit_operator.py for tasks to queue
[2024-07-19T00:11:58.613+0000] {logging_mixin.py:188} INFO - [2024-07-19T00:11:58.613+0000] {dagbag.py:540} INFO - Filling up the DagBag from /home/airflow/.local/lib/python3.8/site-packages/airflow/example_dags/example_short_circuit_operator.py
[2024-07-19T00:11:58.619+0000] {processor.py:840} INFO - DAG(s) 'example_short_circuit_operator' retrieved from /home/airflow/.local/lib/python3.8/site-packages/airflow/example_dags/example_short_circuit_operator.py
[2024-07-19T00:11:58.639+0000] {logging_mixin.py:188} INFO - [2024-07-19T00:11:58.639+0000] {dag.py:3047} INFO - Sync 1 DAGs
[2024-07-19T00:11:58.662+0000] {logging_mixin.py:188} INFO - [2024-07-19T00:11:58.661+0000] {dag.py:3834} INFO - Setting next_dagrun for example_short_circuit_operator to 2024-07-18 00:00:00+00:00, run_after=2024-07-19 00:00:00+00:00
[2024-07-19T00:11:58.680+0000] {processor.py:183} INFO - Processing /home/airflow/.local/lib/python3.8/site-packages/airflow/example_dags/example_short_circuit_operator.py took 0.072 seconds
[2024-07-19T00:12:28.870+0000] {processor.py:161} INFO - Started process (PID=2847) to work on /home/airflow/.local/lib/python3.8/site-packages/airflow/example_dags/example_short_circuit_operator.py
[2024-07-19T00:12:28.870+0000] {processor.py:830} INFO - Processing file /home/airflow/.local/lib/python3.8/site-packages/airflow/example_dags/example_short_circuit_operator.py for tasks to queue
[2024-07-19T00:12:28.872+0000] {logging_mixin.py:188} INFO - [2024-07-19T00:12:28.871+0000] {dagbag.py:540} INFO - Filling up the DagBag from /home/airflow/.local/lib/python3.8/site-packages/airflow/example_dags/example_short_circuit_operator.py
[2024-07-19T00:12:28.877+0000] {processor.py:840} INFO - DAG(s) 'example_short_circuit_operator' retrieved from /home/airflow/.local/lib/python3.8/site-packages/airflow/example_dags/example_short_circuit_operator.py
[2024-07-19T00:12:28.896+0000] {logging_mixin.py:188} INFO - [2024-07-19T00:12:28.896+0000] {dag.py:3047} INFO - Sync 1 DAGs
[2024-07-19T00:12:28.913+0000] {logging_mixin.py:188} INFO - [2024-07-19T00:12:28.913+0000] {dag.py:3834} INFO - Setting next_dagrun for example_short_circuit_operator to 2024-07-18 00:00:00+00:00, run_after=2024-07-19 00:00:00+00:00
[2024-07-19T00:12:28.928+0000] {processor.py:183} INFO - Processing /home/airflow/.local/lib/python3.8/site-packages/airflow/example_dags/example_short_circuit_operator.py took 0.060 seconds
[2024-07-19T00:12:59.028+0000] {processor.py:161} INFO - Started process (PID=2903) to work on /home/airflow/.local/lib/python3.8/site-packages/airflow/example_dags/example_short_circuit_operator.py
[2024-07-19T00:12:59.029+0000] {processor.py:830} INFO - Processing file /home/airflow/.local/lib/python3.8/site-packages/airflow/example_dags/example_short_circuit_operator.py for tasks to queue
[2024-07-19T00:12:59.030+0000] {logging_mixin.py:188} INFO - [2024-07-19T00:12:59.030+0000] {dagbag.py:540} INFO - Filling up the DagBag from /home/airflow/.local/lib/python3.8/site-packages/airflow/example_dags/example_short_circuit_operator.py
[2024-07-19T00:12:59.037+0000] {processor.py:840} INFO - DAG(s) 'example_short_circuit_operator' retrieved from /home/airflow/.local/lib/python3.8/site-packages/airflow/example_dags/example_short_circuit_operator.py
[2024-07-19T00:12:59.056+0000] {logging_mixin.py:188} INFO - [2024-07-19T00:12:59.055+0000] {dag.py:3047} INFO - Sync 1 DAGs
[2024-07-19T00:12:59.073+0000] {logging_mixin.py:188} INFO - [2024-07-19T00:12:59.073+0000] {dag.py:3834} INFO - Setting next_dagrun for example_short_circuit_operator to 2024-07-18 00:00:00+00:00, run_after=2024-07-19 00:00:00+00:00
[2024-07-19T00:12:59.088+0000] {processor.py:183} INFO - Processing /home/airflow/.local/lib/python3.8/site-packages/airflow/example_dags/example_short_circuit_operator.py took 0.063 seconds
[2024-07-19T00:13:29.103+0000] {processor.py:161} INFO - Started process (PID=2959) to work on /home/airflow/.local/lib/python3.8/site-packages/airflow/example_dags/example_short_circuit_operator.py
[2024-07-19T00:13:29.104+0000] {processor.py:830} INFO - Processing file /home/airflow/.local/lib/python3.8/site-packages/airflow/example_dags/example_short_circuit_operator.py for tasks to queue
[2024-07-19T00:13:29.105+0000] {logging_mixin.py:188} INFO - [2024-07-19T00:13:29.105+0000] {dagbag.py:540} INFO - Filling up the DagBag from /home/airflow/.local/lib/python3.8/site-packages/airflow/example_dags/example_short_circuit_operator.py
[2024-07-19T00:13:29.110+0000] {processor.py:840} INFO - DAG(s) 'example_short_circuit_operator' retrieved from /home/airflow/.local/lib/python3.8/site-packages/airflow/example_dags/example_short_circuit_operator.py
[2024-07-19T00:13:29.128+0000] {logging_mixin.py:188} INFO - [2024-07-19T00:13:29.128+0000] {dag.py:3047} INFO - Sync 1 DAGs
[2024-07-19T00:13:29.145+0000] {logging_mixin.py:188} INFO - [2024-07-19T00:13:29.144+0000] {dag.py:3834} INFO - Setting next_dagrun for example_short_circuit_operator to 2024-07-18 00:00:00+00:00, run_after=2024-07-19 00:00:00+00:00
[2024-07-19T00:13:29.160+0000] {processor.py:183} INFO - Processing /home/airflow/.local/lib/python3.8/site-packages/airflow/example_dags/example_short_circuit_operator.py took 0.059 seconds
[2024-07-19T00:13:59.389+0000] {processor.py:161} INFO - Started process (PID=3015) to work on /home/airflow/.local/lib/python3.8/site-packages/airflow/example_dags/example_short_circuit_operator.py
[2024-07-19T00:13:59.390+0000] {processor.py:830} INFO - Processing file /home/airflow/.local/lib/python3.8/site-packages/airflow/example_dags/example_short_circuit_operator.py for tasks to queue
[2024-07-19T00:13:59.391+0000] {logging_mixin.py:188} INFO - [2024-07-19T00:13:59.391+0000] {dagbag.py:540} INFO - Filling up the DagBag from /home/airflow/.local/lib/python3.8/site-packages/airflow/example_dags/example_short_circuit_operator.py
[2024-07-19T00:13:59.396+0000] {processor.py:840} INFO - DAG(s) 'example_short_circuit_operator' retrieved from /home/airflow/.local/lib/python3.8/site-packages/airflow/example_dags/example_short_circuit_operator.py
[2024-07-19T00:13:59.418+0000] {logging_mixin.py:188} INFO - [2024-07-19T00:13:59.418+0000] {dag.py:3047} INFO - Sync 1 DAGs
[2024-07-19T00:13:59.434+0000] {logging_mixin.py:188} INFO - [2024-07-19T00:13:59.434+0000] {dag.py:3834} INFO - Setting next_dagrun for example_short_circuit_operator to 2024-07-18 00:00:00+00:00, run_after=2024-07-19 00:00:00+00:00
[2024-07-19T00:13:59.449+0000] {processor.py:183} INFO - Processing /home/airflow/.local/lib/python3.8/site-packages/airflow/example_dags/example_short_circuit_operator.py took 0.062 seconds
[2024-07-19T00:14:29.526+0000] {processor.py:161} INFO - Started process (PID=3071) to work on /home/airflow/.local/lib/python3.8/site-packages/airflow/example_dags/example_short_circuit_operator.py
[2024-07-19T00:14:29.527+0000] {processor.py:830} INFO - Processing file /home/airflow/.local/lib/python3.8/site-packages/airflow/example_dags/example_short_circuit_operator.py for tasks to queue
[2024-07-19T00:14:29.528+0000] {logging_mixin.py:188} INFO - [2024-07-19T00:14:29.528+0000] {dagbag.py:540} INFO - Filling up the DagBag from /home/airflow/.local/lib/python3.8/site-packages/airflow/example_dags/example_short_circuit_operator.py
[2024-07-19T00:14:29.534+0000] {processor.py:840} INFO - DAG(s) 'example_short_circuit_operator' retrieved from /home/airflow/.local/lib/python3.8/site-packages/airflow/example_dags/example_short_circuit_operator.py
[2024-07-19T00:14:29.552+0000] {logging_mixin.py:188} INFO - [2024-07-19T00:14:29.552+0000] {dag.py:3047} INFO - Sync 1 DAGs
[2024-07-19T00:14:29.574+0000] {logging_mixin.py:188} INFO - [2024-07-19T00:14:29.573+0000] {dag.py:3834} INFO - Setting next_dagrun for example_short_circuit_operator to 2024-07-18 00:00:00+00:00, run_after=2024-07-19 00:00:00+00:00
[2024-07-19T00:14:29.589+0000] {processor.py:183} INFO - Processing /home/airflow/.local/lib/python3.8/site-packages/airflow/example_dags/example_short_circuit_operator.py took 0.066 seconds
[2024-07-19T00:14:59.672+0000] {processor.py:161} INFO - Started process (PID=3127) to work on /home/airflow/.local/lib/python3.8/site-packages/airflow/example_dags/example_short_circuit_operator.py
[2024-07-19T00:14:59.673+0000] {processor.py:830} INFO - Processing file /home/airflow/.local/lib/python3.8/site-packages/airflow/example_dags/example_short_circuit_operator.py for tasks to queue
[2024-07-19T00:14:59.674+0000] {logging_mixin.py:188} INFO - [2024-07-19T00:14:59.674+0000] {dagbag.py:540} INFO - Filling up the DagBag from /home/airflow/.local/lib/python3.8/site-packages/airflow/example_dags/example_short_circuit_operator.py
[2024-07-19T00:14:59.680+0000] {processor.py:840} INFO - DAG(s) 'example_short_circuit_operator' retrieved from /home/airflow/.local/lib/python3.8/site-packages/airflow/example_dags/example_short_circuit_operator.py
[2024-07-19T00:14:59.698+0000] {logging_mixin.py:188} INFO - [2024-07-19T00:14:59.698+0000] {dag.py:3047} INFO - Sync 1 DAGs
[2024-07-19T00:14:59.716+0000] {logging_mixin.py:188} INFO - [2024-07-19T00:14:59.716+0000] {dag.py:3834} INFO - Setting next_dagrun for example_short_circuit_operator to 2024-07-18 00:00:00+00:00, run_after=2024-07-19 00:00:00+00:00
[2024-07-19T00:14:59.733+0000] {processor.py:183} INFO - Processing /home/airflow/.local/lib/python3.8/site-packages/airflow/example_dags/example_short_circuit_operator.py took 0.063 seconds
[2024-07-19T00:15:29.859+0000] {processor.py:161} INFO - Started process (PID=3183) to work on /home/airflow/.local/lib/python3.8/site-packages/airflow/example_dags/example_short_circuit_operator.py
[2024-07-19T00:15:29.860+0000] {processor.py:830} INFO - Processing file /home/airflow/.local/lib/python3.8/site-packages/airflow/example_dags/example_short_circuit_operator.py for tasks to queue
[2024-07-19T00:15:29.862+0000] {logging_mixin.py:188} INFO - [2024-07-19T00:15:29.861+0000] {dagbag.py:540} INFO - Filling up the DagBag from /home/airflow/.local/lib/python3.8/site-packages/airflow/example_dags/example_short_circuit_operator.py
[2024-07-19T00:15:29.868+0000] {processor.py:840} INFO - DAG(s) 'example_short_circuit_operator' retrieved from /home/airflow/.local/lib/python3.8/site-packages/airflow/example_dags/example_short_circuit_operator.py
[2024-07-19T00:15:29.890+0000] {logging_mixin.py:188} INFO - [2024-07-19T00:15:29.890+0000] {dag.py:3047} INFO - Sync 1 DAGs
[2024-07-19T00:15:29.909+0000] {logging_mixin.py:188} INFO - [2024-07-19T00:15:29.909+0000] {dag.py:3834} INFO - Setting next_dagrun for example_short_circuit_operator to 2024-07-18 00:00:00+00:00, run_after=2024-07-19 00:00:00+00:00
[2024-07-19T00:15:29.924+0000] {processor.py:183} INFO - Processing /home/airflow/.local/lib/python3.8/site-packages/airflow/example_dags/example_short_circuit_operator.py took 0.067 seconds
[2024-07-19T00:16:00.116+0000] {processor.py:161} INFO - Started process (PID=3239) to work on /home/airflow/.local/lib/python3.8/site-packages/airflow/example_dags/example_short_circuit_operator.py
[2024-07-19T00:16:00.117+0000] {processor.py:830} INFO - Processing file /home/airflow/.local/lib/python3.8/site-packages/airflow/example_dags/example_short_circuit_operator.py for tasks to queue
[2024-07-19T00:16:00.119+0000] {logging_mixin.py:188} INFO - [2024-07-19T00:16:00.119+0000] {dagbag.py:540} INFO - Filling up the DagBag from /home/airflow/.local/lib/python3.8/site-packages/airflow/example_dags/example_short_circuit_operator.py
[2024-07-19T00:16:00.125+0000] {processor.py:840} INFO - DAG(s) 'example_short_circuit_operator' retrieved from /home/airflow/.local/lib/python3.8/site-packages/airflow/example_dags/example_short_circuit_operator.py
[2024-07-19T00:16:00.144+0000] {logging_mixin.py:188} INFO - [2024-07-19T00:16:00.144+0000] {dag.py:3047} INFO - Sync 1 DAGs
[2024-07-19T00:16:00.165+0000] {logging_mixin.py:188} INFO - [2024-07-19T00:16:00.165+0000] {dag.py:3834} INFO - Setting next_dagrun for example_short_circuit_operator to 2024-07-18 00:00:00+00:00, run_after=2024-07-19 00:00:00+00:00
[2024-07-19T00:16:00.186+0000] {processor.py:183} INFO - Processing /home/airflow/.local/lib/python3.8/site-packages/airflow/example_dags/example_short_circuit_operator.py took 0.072 seconds
[2024-07-19T00:16:30.250+0000] {processor.py:161} INFO - Started process (PID=3295) to work on /home/airflow/.local/lib/python3.8/site-packages/airflow/example_dags/example_short_circuit_operator.py
[2024-07-19T00:16:30.251+0000] {processor.py:830} INFO - Processing file /home/airflow/.local/lib/python3.8/site-packages/airflow/example_dags/example_short_circuit_operator.py for tasks to queue
[2024-07-19T00:16:30.253+0000] {logging_mixin.py:188} INFO - [2024-07-19T00:16:30.253+0000] {dagbag.py:540} INFO - Filling up the DagBag from /home/airflow/.local/lib/python3.8/site-packages/airflow/example_dags/example_short_circuit_operator.py
[2024-07-19T00:16:30.261+0000] {processor.py:840} INFO - DAG(s) 'example_short_circuit_operator' retrieved from /home/airflow/.local/lib/python3.8/site-packages/airflow/example_dags/example_short_circuit_operator.py
[2024-07-19T00:16:30.286+0000] {logging_mixin.py:188} INFO - [2024-07-19T00:16:30.286+0000] {dag.py:3047} INFO - Sync 1 DAGs
[2024-07-19T00:16:30.306+0000] {logging_mixin.py:188} INFO - [2024-07-19T00:16:30.306+0000] {dag.py:3834} INFO - Setting next_dagrun for example_short_circuit_operator to 2024-07-18 00:00:00+00:00, run_after=2024-07-19 00:00:00+00:00
[2024-07-19T00:16:30.324+0000] {processor.py:183} INFO - Processing /home/airflow/.local/lib/python3.8/site-packages/airflow/example_dags/example_short_circuit_operator.py took 0.077 seconds
[2024-07-19T00:17:00.488+0000] {processor.py:161} INFO - Started process (PID=3351) to work on /home/airflow/.local/lib/python3.8/site-packages/airflow/example_dags/example_short_circuit_operator.py
[2024-07-19T00:17:00.489+0000] {processor.py:830} INFO - Processing file /home/airflow/.local/lib/python3.8/site-packages/airflow/example_dags/example_short_circuit_operator.py for tasks to queue
[2024-07-19T00:17:00.490+0000] {logging_mixin.py:188} INFO - [2024-07-19T00:17:00.490+0000] {dagbag.py:540} INFO - Filling up the DagBag from /home/airflow/.local/lib/python3.8/site-packages/airflow/example_dags/example_short_circuit_operator.py
[2024-07-19T00:17:00.497+0000] {processor.py:840} INFO - DAG(s) 'example_short_circuit_operator' retrieved from /home/airflow/.local/lib/python3.8/site-packages/airflow/example_dags/example_short_circuit_operator.py
[2024-07-19T00:17:00.517+0000] {logging_mixin.py:188} INFO - [2024-07-19T00:17:00.516+0000] {dag.py:3047} INFO - Sync 1 DAGs
[2024-07-19T00:17:00.540+0000] {logging_mixin.py:188} INFO - [2024-07-19T00:17:00.540+0000] {dag.py:3834} INFO - Setting next_dagrun for example_short_circuit_operator to 2024-07-18 00:00:00+00:00, run_after=2024-07-19 00:00:00+00:00
[2024-07-19T00:17:00.558+0000] {processor.py:183} INFO - Processing /home/airflow/.local/lib/python3.8/site-packages/airflow/example_dags/example_short_circuit_operator.py took 0.072 seconds
[2024-07-19T00:18:06.194+0000] {processor.py:161} INFO - Started process (PID=46) to work on /home/airflow/.local/lib/python3.8/site-packages/airflow/example_dags/example_short_circuit_operator.py
[2024-07-19T00:18:06.195+0000] {processor.py:830} INFO - Processing file /home/airflow/.local/lib/python3.8/site-packages/airflow/example_dags/example_short_circuit_operator.py for tasks to queue
[2024-07-19T00:18:06.197+0000] {logging_mixin.py:188} INFO - [2024-07-19T00:18:06.196+0000] {dagbag.py:540} INFO - Filling up the DagBag from /home/airflow/.local/lib/python3.8/site-packages/airflow/example_dags/example_short_circuit_operator.py
[2024-07-19T00:18:06.206+0000] {processor.py:840} INFO - DAG(s) 'example_short_circuit_operator' retrieved from /home/airflow/.local/lib/python3.8/site-packages/airflow/example_dags/example_short_circuit_operator.py
[2024-07-19T00:18:06.217+0000] {logging_mixin.py:188} INFO - [2024-07-19T00:18:06.217+0000] {dag.py:3047} INFO - Sync 1 DAGs
[2024-07-19T00:18:06.241+0000] {logging_mixin.py:188} INFO - [2024-07-19T00:18:06.241+0000] {dag.py:3834} INFO - Setting next_dagrun for example_short_circuit_operator to 2024-07-18 00:00:00+00:00, run_after=2024-07-19 00:00:00+00:00
[2024-07-19T00:18:06.259+0000] {processor.py:183} INFO - Processing /home/airflow/.local/lib/python3.8/site-packages/airflow/example_dags/example_short_circuit_operator.py took 0.068 seconds
[2024-07-19T00:18:36.928+0000] {processor.py:161} INFO - Started process (PID=102) to work on /home/airflow/.local/lib/python3.8/site-packages/airflow/example_dags/example_short_circuit_operator.py
[2024-07-19T00:18:36.929+0000] {processor.py:830} INFO - Processing file /home/airflow/.local/lib/python3.8/site-packages/airflow/example_dags/example_short_circuit_operator.py for tasks to queue
[2024-07-19T00:18:36.930+0000] {logging_mixin.py:188} INFO - [2024-07-19T00:18:36.930+0000] {dagbag.py:540} INFO - Filling up the DagBag from /home/airflow/.local/lib/python3.8/site-packages/airflow/example_dags/example_short_circuit_operator.py
[2024-07-19T00:18:36.936+0000] {processor.py:840} INFO - DAG(s) 'example_short_circuit_operator' retrieved from /home/airflow/.local/lib/python3.8/site-packages/airflow/example_dags/example_short_circuit_operator.py
[2024-07-19T00:18:37.021+0000] {logging_mixin.py:188} INFO - [2024-07-19T00:18:37.020+0000] {dag.py:3047} INFO - Sync 1 DAGs
[2024-07-19T00:18:37.036+0000] {logging_mixin.py:188} INFO - [2024-07-19T00:18:37.036+0000] {dag.py:3834} INFO - Setting next_dagrun for example_short_circuit_operator to 2024-07-18 00:00:00+00:00, run_after=2024-07-19 00:00:00+00:00
[2024-07-19T00:18:37.051+0000] {processor.py:183} INFO - Processing /home/airflow/.local/lib/python3.8/site-packages/airflow/example_dags/example_short_circuit_operator.py took 0.125 seconds
[2024-07-19T00:19:07.647+0000] {processor.py:161} INFO - Started process (PID=158) to work on /home/airflow/.local/lib/python3.8/site-packages/airflow/example_dags/example_short_circuit_operator.py
[2024-07-19T00:19:07.648+0000] {processor.py:830} INFO - Processing file /home/airflow/.local/lib/python3.8/site-packages/airflow/example_dags/example_short_circuit_operator.py for tasks to queue
[2024-07-19T00:19:07.649+0000] {logging_mixin.py:188} INFO - [2024-07-19T00:19:07.649+0000] {dagbag.py:540} INFO - Filling up the DagBag from /home/airflow/.local/lib/python3.8/site-packages/airflow/example_dags/example_short_circuit_operator.py
[2024-07-19T00:19:07.655+0000] {processor.py:840} INFO - DAG(s) 'example_short_circuit_operator' retrieved from /home/airflow/.local/lib/python3.8/site-packages/airflow/example_dags/example_short_circuit_operator.py
[2024-07-19T00:19:07.673+0000] {logging_mixin.py:188} INFO - [2024-07-19T00:19:07.673+0000] {dag.py:3047} INFO - Sync 1 DAGs
[2024-07-19T00:19:07.689+0000] {logging_mixin.py:188} INFO - [2024-07-19T00:19:07.689+0000] {dag.py:3834} INFO - Setting next_dagrun for example_short_circuit_operator to 2024-07-18 00:00:00+00:00, run_after=2024-07-19 00:00:00+00:00
[2024-07-19T00:19:07.705+0000] {processor.py:183} INFO - Processing /home/airflow/.local/lib/python3.8/site-packages/airflow/example_dags/example_short_circuit_operator.py took 0.060 seconds
[2024-07-19T00:19:37.752+0000] {processor.py:161} INFO - Started process (PID=214) to work on /home/airflow/.local/lib/python3.8/site-packages/airflow/example_dags/example_short_circuit_operator.py
[2024-07-19T00:19:37.753+0000] {processor.py:830} INFO - Processing file /home/airflow/.local/lib/python3.8/site-packages/airflow/example_dags/example_short_circuit_operator.py for tasks to queue
[2024-07-19T00:19:37.754+0000] {logging_mixin.py:188} INFO - [2024-07-19T00:19:37.753+0000] {dagbag.py:540} INFO - Filling up the DagBag from /home/airflow/.local/lib/python3.8/site-packages/airflow/example_dags/example_short_circuit_operator.py
[2024-07-19T00:19:37.759+0000] {processor.py:840} INFO - DAG(s) 'example_short_circuit_operator' retrieved from /home/airflow/.local/lib/python3.8/site-packages/airflow/example_dags/example_short_circuit_operator.py
[2024-07-19T00:19:37.777+0000] {logging_mixin.py:188} INFO - [2024-07-19T00:19:37.777+0000] {dag.py:3047} INFO - Sync 1 DAGs
[2024-07-19T00:19:37.795+0000] {logging_mixin.py:188} INFO - [2024-07-19T00:19:37.795+0000] {dag.py:3834} INFO - Setting next_dagrun for example_short_circuit_operator to 2024-07-18 00:00:00+00:00, run_after=2024-07-19 00:00:00+00:00
[2024-07-19T00:19:37.812+0000] {processor.py:183} INFO - Processing /home/airflow/.local/lib/python3.8/site-packages/airflow/example_dags/example_short_circuit_operator.py took 0.062 seconds
[2024-07-19T00:20:08.130+0000] {processor.py:161} INFO - Started process (PID=270) to work on /home/airflow/.local/lib/python3.8/site-packages/airflow/example_dags/example_short_circuit_operator.py
[2024-07-19T00:20:08.131+0000] {processor.py:830} INFO - Processing file /home/airflow/.local/lib/python3.8/site-packages/airflow/example_dags/example_short_circuit_operator.py for tasks to queue
[2024-07-19T00:20:08.131+0000] {logging_mixin.py:188} INFO - [2024-07-19T00:20:08.131+0000] {dagbag.py:540} INFO - Filling up the DagBag from /home/airflow/.local/lib/python3.8/site-packages/airflow/example_dags/example_short_circuit_operator.py
[2024-07-19T00:20:08.138+0000] {processor.py:840} INFO - DAG(s) 'example_short_circuit_operator' retrieved from /home/airflow/.local/lib/python3.8/site-packages/airflow/example_dags/example_short_circuit_operator.py
[2024-07-19T00:20:08.156+0000] {logging_mixin.py:188} INFO - [2024-07-19T00:20:08.155+0000] {dag.py:3047} INFO - Sync 1 DAGs
[2024-07-19T00:20:08.172+0000] {logging_mixin.py:188} INFO - [2024-07-19T00:20:08.172+0000] {dag.py:3834} INFO - Setting next_dagrun for example_short_circuit_operator to 2024-07-18 00:00:00+00:00, run_after=2024-07-19 00:00:00+00:00
[2024-07-19T00:20:08.187+0000] {processor.py:183} INFO - Processing /home/airflow/.local/lib/python3.8/site-packages/airflow/example_dags/example_short_circuit_operator.py took 0.059 seconds
[2024-07-19T00:20:38.302+0000] {processor.py:161} INFO - Started process (PID=327) to work on /home/airflow/.local/lib/python3.8/site-packages/airflow/example_dags/example_short_circuit_operator.py
[2024-07-19T00:20:38.303+0000] {processor.py:830} INFO - Processing file /home/airflow/.local/lib/python3.8/site-packages/airflow/example_dags/example_short_circuit_operator.py for tasks to queue
[2024-07-19T00:20:38.304+0000] {logging_mixin.py:188} INFO - [2024-07-19T00:20:38.303+0000] {dagbag.py:540} INFO - Filling up the DagBag from /home/airflow/.local/lib/python3.8/site-packages/airflow/example_dags/example_short_circuit_operator.py
[2024-07-19T00:20:38.309+0000] {processor.py:840} INFO - DAG(s) 'example_short_circuit_operator' retrieved from /home/airflow/.local/lib/python3.8/site-packages/airflow/example_dags/example_short_circuit_operator.py
[2024-07-19T00:20:38.327+0000] {logging_mixin.py:188} INFO - [2024-07-19T00:20:38.327+0000] {dag.py:3047} INFO - Sync 1 DAGs
[2024-07-19T00:20:38.343+0000] {logging_mixin.py:188} INFO - [2024-07-19T00:20:38.343+0000] {dag.py:3834} INFO - Setting next_dagrun for example_short_circuit_operator to 2024-07-18 00:00:00+00:00, run_after=2024-07-19 00:00:00+00:00
[2024-07-19T00:20:38.358+0000] {processor.py:183} INFO - Processing /home/airflow/.local/lib/python3.8/site-packages/airflow/example_dags/example_short_circuit_operator.py took 0.058 seconds
[2024-07-19T00:21:08.521+0000] {processor.py:161} INFO - Started process (PID=383) to work on /home/airflow/.local/lib/python3.8/site-packages/airflow/example_dags/example_short_circuit_operator.py
[2024-07-19T00:21:08.522+0000] {processor.py:830} INFO - Processing file /home/airflow/.local/lib/python3.8/site-packages/airflow/example_dags/example_short_circuit_operator.py for tasks to queue
[2024-07-19T00:21:08.523+0000] {logging_mixin.py:188} INFO - [2024-07-19T00:21:08.523+0000] {dagbag.py:540} INFO - Filling up the DagBag from /home/airflow/.local/lib/python3.8/site-packages/airflow/example_dags/example_short_circuit_operator.py
[2024-07-19T00:21:08.529+0000] {processor.py:840} INFO - DAG(s) 'example_short_circuit_operator' retrieved from /home/airflow/.local/lib/python3.8/site-packages/airflow/example_dags/example_short_circuit_operator.py
[2024-07-19T00:21:08.549+0000] {logging_mixin.py:188} INFO - [2024-07-19T00:21:08.548+0000] {dag.py:3047} INFO - Sync 1 DAGs
[2024-07-19T00:21:08.566+0000] {logging_mixin.py:188} INFO - [2024-07-19T00:21:08.566+0000] {dag.py:3834} INFO - Setting next_dagrun for example_short_circuit_operator to 2024-07-18 00:00:00+00:00, run_after=2024-07-19 00:00:00+00:00
[2024-07-19T00:21:08.584+0000] {processor.py:183} INFO - Processing /home/airflow/.local/lib/python3.8/site-packages/airflow/example_dags/example_short_circuit_operator.py took 0.065 seconds
[2024-07-19T00:21:38.760+0000] {processor.py:161} INFO - Started process (PID=439) to work on /home/airflow/.local/lib/python3.8/site-packages/airflow/example_dags/example_short_circuit_operator.py
[2024-07-19T00:21:38.760+0000] {processor.py:830} INFO - Processing file /home/airflow/.local/lib/python3.8/site-packages/airflow/example_dags/example_short_circuit_operator.py for tasks to queue
[2024-07-19T00:21:38.761+0000] {logging_mixin.py:188} INFO - [2024-07-19T00:21:38.761+0000] {dagbag.py:540} INFO - Filling up the DagBag from /home/airflow/.local/lib/python3.8/site-packages/airflow/example_dags/example_short_circuit_operator.py
[2024-07-19T00:21:38.768+0000] {processor.py:840} INFO - DAG(s) 'example_short_circuit_operator' retrieved from /home/airflow/.local/lib/python3.8/site-packages/airflow/example_dags/example_short_circuit_operator.py
[2024-07-19T00:21:38.787+0000] {logging_mixin.py:188} INFO - [2024-07-19T00:21:38.787+0000] {dag.py:3047} INFO - Sync 1 DAGs
[2024-07-19T00:21:38.805+0000] {logging_mixin.py:188} INFO - [2024-07-19T00:21:38.804+0000] {dag.py:3834} INFO - Setting next_dagrun for example_short_circuit_operator to 2024-07-18 00:00:00+00:00, run_after=2024-07-19 00:00:00+00:00
[2024-07-19T00:21:38.820+0000] {processor.py:183} INFO - Processing /home/airflow/.local/lib/python3.8/site-packages/airflow/example_dags/example_short_circuit_operator.py took 0.062 seconds
[2024-07-19T00:22:09.145+0000] {processor.py:161} INFO - Started process (PID=495) to work on /home/airflow/.local/lib/python3.8/site-packages/airflow/example_dags/example_short_circuit_operator.py
[2024-07-19T00:22:09.146+0000] {processor.py:830} INFO - Processing file /home/airflow/.local/lib/python3.8/site-packages/airflow/example_dags/example_short_circuit_operator.py for tasks to queue
[2024-07-19T00:22:09.147+0000] {logging_mixin.py:188} INFO - [2024-07-19T00:22:09.147+0000] {dagbag.py:540} INFO - Filling up the DagBag from /home/airflow/.local/lib/python3.8/site-packages/airflow/example_dags/example_short_circuit_operator.py
[2024-07-19T00:22:09.155+0000] {processor.py:840} INFO - DAG(s) 'example_short_circuit_operator' retrieved from /home/airflow/.local/lib/python3.8/site-packages/airflow/example_dags/example_short_circuit_operator.py
[2024-07-19T00:22:09.178+0000] {logging_mixin.py:188} INFO - [2024-07-19T00:22:09.177+0000] {dag.py:3047} INFO - Sync 1 DAGs
[2024-07-19T00:22:09.200+0000] {logging_mixin.py:188} INFO - [2024-07-19T00:22:09.200+0000] {dag.py:3834} INFO - Setting next_dagrun for example_short_circuit_operator to 2024-07-18 00:00:00+00:00, run_after=2024-07-19 00:00:00+00:00
[2024-07-19T00:22:09.223+0000] {processor.py:183} INFO - Processing /home/airflow/.local/lib/python3.8/site-packages/airflow/example_dags/example_short_circuit_operator.py took 0.081 seconds
[2024-07-19T00:22:39.422+0000] {processor.py:161} INFO - Started process (PID=551) to work on /home/airflow/.local/lib/python3.8/site-packages/airflow/example_dags/example_short_circuit_operator.py
[2024-07-19T00:22:39.422+0000] {processor.py:830} INFO - Processing file /home/airflow/.local/lib/python3.8/site-packages/airflow/example_dags/example_short_circuit_operator.py for tasks to queue
[2024-07-19T00:22:39.423+0000] {logging_mixin.py:188} INFO - [2024-07-19T00:22:39.423+0000] {dagbag.py:540} INFO - Filling up the DagBag from /home/airflow/.local/lib/python3.8/site-packages/airflow/example_dags/example_short_circuit_operator.py
[2024-07-19T00:22:39.429+0000] {processor.py:840} INFO - DAG(s) 'example_short_circuit_operator' retrieved from /home/airflow/.local/lib/python3.8/site-packages/airflow/example_dags/example_short_circuit_operator.py
[2024-07-19T00:22:39.448+0000] {logging_mixin.py:188} INFO - [2024-07-19T00:22:39.447+0000] {dag.py:3047} INFO - Sync 1 DAGs
[2024-07-19T00:22:39.465+0000] {logging_mixin.py:188} INFO - [2024-07-19T00:22:39.465+0000] {dag.py:3834} INFO - Setting next_dagrun for example_short_circuit_operator to 2024-07-18 00:00:00+00:00, run_after=2024-07-19 00:00:00+00:00
[2024-07-19T00:22:39.481+0000] {processor.py:183} INFO - Processing /home/airflow/.local/lib/python3.8/site-packages/airflow/example_dags/example_short_circuit_operator.py took 0.062 seconds
[2024-07-19T00:23:09.602+0000] {processor.py:161} INFO - Started process (PID=607) to work on /home/airflow/.local/lib/python3.8/site-packages/airflow/example_dags/example_short_circuit_operator.py
[2024-07-19T00:23:09.603+0000] {processor.py:830} INFO - Processing file /home/airflow/.local/lib/python3.8/site-packages/airflow/example_dags/example_short_circuit_operator.py for tasks to queue
[2024-07-19T00:23:09.604+0000] {logging_mixin.py:188} INFO - [2024-07-19T00:23:09.604+0000] {dagbag.py:540} INFO - Filling up the DagBag from /home/airflow/.local/lib/python3.8/site-packages/airflow/example_dags/example_short_circuit_operator.py
[2024-07-19T00:23:09.610+0000] {processor.py:840} INFO - DAG(s) 'example_short_circuit_operator' retrieved from /home/airflow/.local/lib/python3.8/site-packages/airflow/example_dags/example_short_circuit_operator.py
[2024-07-19T00:23:09.630+0000] {logging_mixin.py:188} INFO - [2024-07-19T00:23:09.630+0000] {dag.py:3047} INFO - Sync 1 DAGs
[2024-07-19T00:23:09.648+0000] {logging_mixin.py:188} INFO - [2024-07-19T00:23:09.648+0000] {dag.py:3834} INFO - Setting next_dagrun for example_short_circuit_operator to 2024-07-18 00:00:00+00:00, run_after=2024-07-19 00:00:00+00:00
[2024-07-19T00:23:09.664+0000] {processor.py:183} INFO - Processing /home/airflow/.local/lib/python3.8/site-packages/airflow/example_dags/example_short_circuit_operator.py took 0.064 seconds
[2024-07-19T00:23:40.024+0000] {processor.py:161} INFO - Started process (PID=663) to work on /home/airflow/.local/lib/python3.8/site-packages/airflow/example_dags/example_short_circuit_operator.py
[2024-07-19T00:23:40.025+0000] {processor.py:830} INFO - Processing file /home/airflow/.local/lib/python3.8/site-packages/airflow/example_dags/example_short_circuit_operator.py for tasks to queue
[2024-07-19T00:23:40.025+0000] {logging_mixin.py:188} INFO - [2024-07-19T00:23:40.025+0000] {dagbag.py:540} INFO - Filling up the DagBag from /home/airflow/.local/lib/python3.8/site-packages/airflow/example_dags/example_short_circuit_operator.py
[2024-07-19T00:23:40.031+0000] {processor.py:840} INFO - DAG(s) 'example_short_circuit_operator' retrieved from /home/airflow/.local/lib/python3.8/site-packages/airflow/example_dags/example_short_circuit_operator.py
[2024-07-19T00:23:40.050+0000] {logging_mixin.py:188} INFO - [2024-07-19T00:23:40.049+0000] {dag.py:3047} INFO - Sync 1 DAGs
[2024-07-19T00:23:40.066+0000] {logging_mixin.py:188} INFO - [2024-07-19T00:23:40.066+0000] {dag.py:3834} INFO - Setting next_dagrun for example_short_circuit_operator to 2024-07-18 00:00:00+00:00, run_after=2024-07-19 00:00:00+00:00
[2024-07-19T00:23:40.083+0000] {processor.py:183} INFO - Processing /home/airflow/.local/lib/python3.8/site-packages/airflow/example_dags/example_short_circuit_operator.py took 0.061 seconds
[2024-07-19T00:24:10.151+0000] {processor.py:161} INFO - Started process (PID=719) to work on /home/airflow/.local/lib/python3.8/site-packages/airflow/example_dags/example_short_circuit_operator.py
[2024-07-19T00:24:10.152+0000] {processor.py:830} INFO - Processing file /home/airflow/.local/lib/python3.8/site-packages/airflow/example_dags/example_short_circuit_operator.py for tasks to queue
[2024-07-19T00:24:10.152+0000] {logging_mixin.py:188} INFO - [2024-07-19T00:24:10.152+0000] {dagbag.py:540} INFO - Filling up the DagBag from /home/airflow/.local/lib/python3.8/site-packages/airflow/example_dags/example_short_circuit_operator.py
[2024-07-19T00:24:10.158+0000] {processor.py:840} INFO - DAG(s) 'example_short_circuit_operator' retrieved from /home/airflow/.local/lib/python3.8/site-packages/airflow/example_dags/example_short_circuit_operator.py
[2024-07-19T00:24:10.177+0000] {logging_mixin.py:188} INFO - [2024-07-19T00:24:10.177+0000] {dag.py:3047} INFO - Sync 1 DAGs
[2024-07-19T00:24:10.194+0000] {logging_mixin.py:188} INFO - [2024-07-19T00:24:10.194+0000] {dag.py:3834} INFO - Setting next_dagrun for example_short_circuit_operator to 2024-07-18 00:00:00+00:00, run_after=2024-07-19 00:00:00+00:00
[2024-07-19T00:24:10.209+0000] {processor.py:183} INFO - Processing /home/airflow/.local/lib/python3.8/site-packages/airflow/example_dags/example_short_circuit_operator.py took 0.061 seconds
[2024-07-19T00:24:40.245+0000] {processor.py:161} INFO - Started process (PID=775) to work on /home/airflow/.local/lib/python3.8/site-packages/airflow/example_dags/example_short_circuit_operator.py
[2024-07-19T00:24:40.246+0000] {processor.py:830} INFO - Processing file /home/airflow/.local/lib/python3.8/site-packages/airflow/example_dags/example_short_circuit_operator.py for tasks to queue
[2024-07-19T00:24:40.247+0000] {logging_mixin.py:188} INFO - [2024-07-19T00:24:40.247+0000] {dagbag.py:540} INFO - Filling up the DagBag from /home/airflow/.local/lib/python3.8/site-packages/airflow/example_dags/example_short_circuit_operator.py
[2024-07-19T00:24:40.253+0000] {processor.py:840} INFO - DAG(s) 'example_short_circuit_operator' retrieved from /home/airflow/.local/lib/python3.8/site-packages/airflow/example_dags/example_short_circuit_operator.py
[2024-07-19T00:24:40.271+0000] {logging_mixin.py:188} INFO - [2024-07-19T00:24:40.270+0000] {dag.py:3047} INFO - Sync 1 DAGs
[2024-07-19T00:24:40.289+0000] {logging_mixin.py:188} INFO - [2024-07-19T00:24:40.289+0000] {dag.py:3834} INFO - Setting next_dagrun for example_short_circuit_operator to 2024-07-18 00:00:00+00:00, run_after=2024-07-19 00:00:00+00:00
[2024-07-19T00:24:40.304+0000] {processor.py:183} INFO - Processing /home/airflow/.local/lib/python3.8/site-packages/airflow/example_dags/example_short_circuit_operator.py took 0.061 seconds
[2024-07-19T00:25:10.323+0000] {processor.py:161} INFO - Started process (PID=830) to work on /home/airflow/.local/lib/python3.8/site-packages/airflow/example_dags/example_short_circuit_operator.py
[2024-07-19T00:25:10.324+0000] {processor.py:830} INFO - Processing file /home/airflow/.local/lib/python3.8/site-packages/airflow/example_dags/example_short_circuit_operator.py for tasks to queue
[2024-07-19T00:25:10.324+0000] {logging_mixin.py:188} INFO - [2024-07-19T00:25:10.324+0000] {dagbag.py:540} INFO - Filling up the DagBag from /home/airflow/.local/lib/python3.8/site-packages/airflow/example_dags/example_short_circuit_operator.py
[2024-07-19T00:25:10.330+0000] {processor.py:840} INFO - DAG(s) 'example_short_circuit_operator' retrieved from /home/airflow/.local/lib/python3.8/site-packages/airflow/example_dags/example_short_circuit_operator.py
[2024-07-19T00:25:10.351+0000] {logging_mixin.py:188} INFO - [2024-07-19T00:25:10.351+0000] {dag.py:3047} INFO - Sync 1 DAGs
[2024-07-19T00:25:10.372+0000] {logging_mixin.py:188} INFO - [2024-07-19T00:25:10.372+0000] {dag.py:3834} INFO - Setting next_dagrun for example_short_circuit_operator to 2024-07-18 00:00:00+00:00, run_after=2024-07-19 00:00:00+00:00
[2024-07-19T00:25:10.391+0000] {processor.py:183} INFO - Processing /home/airflow/.local/lib/python3.8/site-packages/airflow/example_dags/example_short_circuit_operator.py took 0.071 seconds
[2024-07-19T00:25:40.413+0000] {processor.py:161} INFO - Started process (PID=886) to work on /home/airflow/.local/lib/python3.8/site-packages/airflow/example_dags/example_short_circuit_operator.py
[2024-07-19T00:25:40.414+0000] {processor.py:830} INFO - Processing file /home/airflow/.local/lib/python3.8/site-packages/airflow/example_dags/example_short_circuit_operator.py for tasks to queue
[2024-07-19T00:25:40.414+0000] {logging_mixin.py:188} INFO - [2024-07-19T00:25:40.414+0000] {dagbag.py:540} INFO - Filling up the DagBag from /home/airflow/.local/lib/python3.8/site-packages/airflow/example_dags/example_short_circuit_operator.py
[2024-07-19T00:25:40.420+0000] {processor.py:840} INFO - DAG(s) 'example_short_circuit_operator' retrieved from /home/airflow/.local/lib/python3.8/site-packages/airflow/example_dags/example_short_circuit_operator.py
[2024-07-19T00:25:40.438+0000] {logging_mixin.py:188} INFO - [2024-07-19T00:25:40.437+0000] {dag.py:3047} INFO - Sync 1 DAGs
[2024-07-19T00:25:40.453+0000] {logging_mixin.py:188} INFO - [2024-07-19T00:25:40.453+0000] {dag.py:3834} INFO - Setting next_dagrun for example_short_circuit_operator to 2024-07-18 00:00:00+00:00, run_after=2024-07-19 00:00:00+00:00
[2024-07-19T00:25:40.469+0000] {processor.py:183} INFO - Processing /home/airflow/.local/lib/python3.8/site-packages/airflow/example_dags/example_short_circuit_operator.py took 0.058 seconds
[2024-07-19T00:26:10.632+0000] {processor.py:161} INFO - Started process (PID=942) to work on /home/airflow/.local/lib/python3.8/site-packages/airflow/example_dags/example_short_circuit_operator.py
[2024-07-19T00:26:10.634+0000] {processor.py:830} INFO - Processing file /home/airflow/.local/lib/python3.8/site-packages/airflow/example_dags/example_short_circuit_operator.py for tasks to queue
[2024-07-19T00:26:10.635+0000] {logging_mixin.py:188} INFO - [2024-07-19T00:26:10.634+0000] {dagbag.py:540} INFO - Filling up the DagBag from /home/airflow/.local/lib/python3.8/site-packages/airflow/example_dags/example_short_circuit_operator.py
[2024-07-19T00:26:10.641+0000] {processor.py:840} INFO - DAG(s) 'example_short_circuit_operator' retrieved from /home/airflow/.local/lib/python3.8/site-packages/airflow/example_dags/example_short_circuit_operator.py
[2024-07-19T00:26:10.663+0000] {logging_mixin.py:188} INFO - [2024-07-19T00:26:10.663+0000] {dag.py:3047} INFO - Sync 1 DAGs
[2024-07-19T00:26:10.682+0000] {logging_mixin.py:188} INFO - [2024-07-19T00:26:10.682+0000] {dag.py:3834} INFO - Setting next_dagrun for example_short_circuit_operator to 2024-07-18 00:00:00+00:00, run_after=2024-07-19 00:00:00+00:00
[2024-07-19T00:26:10.696+0000] {processor.py:183} INFO - Processing /home/airflow/.local/lib/python3.8/site-packages/airflow/example_dags/example_short_circuit_operator.py took 0.067 seconds
[2024-07-19T00:26:40.857+0000] {processor.py:161} INFO - Started process (PID=998) to work on /home/airflow/.local/lib/python3.8/site-packages/airflow/example_dags/example_short_circuit_operator.py
[2024-07-19T00:26:40.858+0000] {processor.py:830} INFO - Processing file /home/airflow/.local/lib/python3.8/site-packages/airflow/example_dags/example_short_circuit_operator.py for tasks to queue
[2024-07-19T00:26:40.859+0000] {logging_mixin.py:188} INFO - [2024-07-19T00:26:40.859+0000] {dagbag.py:540} INFO - Filling up the DagBag from /home/airflow/.local/lib/python3.8/site-packages/airflow/example_dags/example_short_circuit_operator.py
[2024-07-19T00:26:40.864+0000] {processor.py:840} INFO - DAG(s) 'example_short_circuit_operator' retrieved from /home/airflow/.local/lib/python3.8/site-packages/airflow/example_dags/example_short_circuit_operator.py
[2024-07-19T00:26:40.882+0000] {logging_mixin.py:188} INFO - [2024-07-19T00:26:40.882+0000] {dag.py:3047} INFO - Sync 1 DAGs
[2024-07-19T00:26:40.899+0000] {logging_mixin.py:188} INFO - [2024-07-19T00:26:40.899+0000] {dag.py:3834} INFO - Setting next_dagrun for example_short_circuit_operator to 2024-07-18 00:00:00+00:00, run_after=2024-07-19 00:00:00+00:00
[2024-07-19T00:26:40.913+0000] {processor.py:183} INFO - Processing /home/airflow/.local/lib/python3.8/site-packages/airflow/example_dags/example_short_circuit_operator.py took 0.058 seconds
[2024-07-19T00:27:11.108+0000] {processor.py:161} INFO - Started process (PID=1054) to work on /home/airflow/.local/lib/python3.8/site-packages/airflow/example_dags/example_short_circuit_operator.py
[2024-07-19T00:27:11.108+0000] {processor.py:830} INFO - Processing file /home/airflow/.local/lib/python3.8/site-packages/airflow/example_dags/example_short_circuit_operator.py for tasks to queue
[2024-07-19T00:27:11.109+0000] {logging_mixin.py:188} INFO - [2024-07-19T00:27:11.109+0000] {dagbag.py:540} INFO - Filling up the DagBag from /home/airflow/.local/lib/python3.8/site-packages/airflow/example_dags/example_short_circuit_operator.py
[2024-07-19T00:27:11.115+0000] {processor.py:840} INFO - DAG(s) 'example_short_circuit_operator' retrieved from /home/airflow/.local/lib/python3.8/site-packages/airflow/example_dags/example_short_circuit_operator.py
[2024-07-19T00:27:11.134+0000] {logging_mixin.py:188} INFO - [2024-07-19T00:27:11.133+0000] {dag.py:3047} INFO - Sync 1 DAGs
[2024-07-19T00:27:11.150+0000] {logging_mixin.py:188} INFO - [2024-07-19T00:27:11.150+0000] {dag.py:3834} INFO - Setting next_dagrun for example_short_circuit_operator to 2024-07-18 00:00:00+00:00, run_after=2024-07-19 00:00:00+00:00
[2024-07-19T00:27:11.165+0000] {processor.py:183} INFO - Processing /home/airflow/.local/lib/python3.8/site-packages/airflow/example_dags/example_short_circuit_operator.py took 0.060 seconds
[2024-07-19T00:27:42.132+0000] {processor.py:161} INFO - Started process (PID=1111) to work on /home/airflow/.local/lib/python3.8/site-packages/airflow/example_dags/example_short_circuit_operator.py
[2024-07-19T00:27:42.133+0000] {processor.py:830} INFO - Processing file /home/airflow/.local/lib/python3.8/site-packages/airflow/example_dags/example_short_circuit_operator.py for tasks to queue
[2024-07-19T00:27:42.134+0000] {logging_mixin.py:188} INFO - [2024-07-19T00:27:42.134+0000] {dagbag.py:540} INFO - Filling up the DagBag from /home/airflow/.local/lib/python3.8/site-packages/airflow/example_dags/example_short_circuit_operator.py
[2024-07-19T00:27:42.141+0000] {processor.py:840} INFO - DAG(s) 'example_short_circuit_operator' retrieved from /home/airflow/.local/lib/python3.8/site-packages/airflow/example_dags/example_short_circuit_operator.py
[2024-07-19T00:27:42.162+0000] {logging_mixin.py:188} INFO - [2024-07-19T00:27:42.161+0000] {dag.py:3047} INFO - Sync 1 DAGs
[2024-07-19T00:27:42.179+0000] {logging_mixin.py:188} INFO - [2024-07-19T00:27:42.179+0000] {dag.py:3834} INFO - Setting next_dagrun for example_short_circuit_operator to 2024-07-18 00:00:00+00:00, run_after=2024-07-19 00:00:00+00:00
[2024-07-19T00:27:42.198+0000] {processor.py:183} INFO - Processing /home/airflow/.local/lib/python3.8/site-packages/airflow/example_dags/example_short_circuit_operator.py took 0.068 seconds
[2024-07-19T00:28:12.410+0000] {processor.py:161} INFO - Started process (PID=1168) to work on /home/airflow/.local/lib/python3.8/site-packages/airflow/example_dags/example_short_circuit_operator.py
[2024-07-19T00:28:12.411+0000] {processor.py:830} INFO - Processing file /home/airflow/.local/lib/python3.8/site-packages/airflow/example_dags/example_short_circuit_operator.py for tasks to queue
[2024-07-19T00:28:12.412+0000] {logging_mixin.py:188} INFO - [2024-07-19T00:28:12.412+0000] {dagbag.py:540} INFO - Filling up the DagBag from /home/airflow/.local/lib/python3.8/site-packages/airflow/example_dags/example_short_circuit_operator.py
[2024-07-19T00:28:12.419+0000] {processor.py:840} INFO - DAG(s) 'example_short_circuit_operator' retrieved from /home/airflow/.local/lib/python3.8/site-packages/airflow/example_dags/example_short_circuit_operator.py
[2024-07-19T00:28:12.437+0000] {logging_mixin.py:188} INFO - [2024-07-19T00:28:12.437+0000] {dag.py:3047} INFO - Sync 1 DAGs
[2024-07-19T00:28:12.454+0000] {logging_mixin.py:188} INFO - [2024-07-19T00:28:12.454+0000] {dag.py:3834} INFO - Setting next_dagrun for example_short_circuit_operator to 2024-07-18 00:00:00+00:00, run_after=2024-07-19 00:00:00+00:00
[2024-07-19T00:28:12.471+0000] {processor.py:183} INFO - Processing /home/airflow/.local/lib/python3.8/site-packages/airflow/example_dags/example_short_circuit_operator.py took 0.062 seconds
[2024-07-19T00:28:42.551+0000] {processor.py:161} INFO - Started process (PID=1224) to work on /home/airflow/.local/lib/python3.8/site-packages/airflow/example_dags/example_short_circuit_operator.py
[2024-07-19T00:28:42.552+0000] {processor.py:830} INFO - Processing file /home/airflow/.local/lib/python3.8/site-packages/airflow/example_dags/example_short_circuit_operator.py for tasks to queue
[2024-07-19T00:28:42.553+0000] {logging_mixin.py:188} INFO - [2024-07-19T00:28:42.552+0000] {dagbag.py:540} INFO - Filling up the DagBag from /home/airflow/.local/lib/python3.8/site-packages/airflow/example_dags/example_short_circuit_operator.py
[2024-07-19T00:28:42.558+0000] {processor.py:840} INFO - DAG(s) 'example_short_circuit_operator' retrieved from /home/airflow/.local/lib/python3.8/site-packages/airflow/example_dags/example_short_circuit_operator.py
[2024-07-19T00:28:42.575+0000] {logging_mixin.py:188} INFO - [2024-07-19T00:28:42.575+0000] {dag.py:3047} INFO - Sync 1 DAGs
[2024-07-19T00:28:42.592+0000] {logging_mixin.py:188} INFO - [2024-07-19T00:28:42.592+0000] {dag.py:3834} INFO - Setting next_dagrun for example_short_circuit_operator to 2024-07-18 00:00:00+00:00, run_after=2024-07-19 00:00:00+00:00
[2024-07-19T00:28:42.610+0000] {processor.py:183} INFO - Processing /home/airflow/.local/lib/python3.8/site-packages/airflow/example_dags/example_short_circuit_operator.py took 0.061 seconds
