[2024-07-19T00:00:21.495+0000] {processor.py:161} INFO - Started process (PID=1519) to work on /home/airflow/.local/lib/python3.8/site-packages/airflow/example_dags/tutorial.py
[2024-07-19T00:00:21.496+0000] {processor.py:830} INFO - Processing file /home/airflow/.local/lib/python3.8/site-packages/airflow/example_dags/tutorial.py for tasks to queue
[2024-07-19T00:00:21.497+0000] {logging_mixin.py:188} INFO - [2024-07-19T00:00:21.497+0000] {dagbag.py:540} INFO - Filling up the DagBag from /home/airflow/.local/lib/python3.8/site-packages/airflow/example_dags/tutorial.py
[2024-07-19T00:00:21.501+0000] {processor.py:840} INFO - DAG(s) 'tutorial' retrieved from /home/airflow/.local/lib/python3.8/site-packages/airflow/example_dags/tutorial.py
[2024-07-19T00:00:21.517+0000] {logging_mixin.py:188} INFO - [2024-07-19T00:00:21.516+0000] {dag.py:3047} INFO - Sync 1 DAGs
[2024-07-19T00:00:21.534+0000] {logging_mixin.py:188} INFO - [2024-07-19T00:00:21.534+0000] {dag.py:3834} INFO - Setting next_dagrun for tutorial to 2024-07-18 00:00:00+00:00, run_after=2024-07-19 00:00:00+00:00
[2024-07-19T00:00:21.551+0000] {processor.py:183} INFO - Processing /home/airflow/.local/lib/python3.8/site-packages/airflow/example_dags/tutorial.py took 0.059 seconds
[2024-07-19T00:00:51.783+0000] {processor.py:161} INFO - Started process (PID=1575) to work on /home/airflow/.local/lib/python3.8/site-packages/airflow/example_dags/tutorial.py
[2024-07-19T00:00:51.784+0000] {processor.py:830} INFO - Processing file /home/airflow/.local/lib/python3.8/site-packages/airflow/example_dags/tutorial.py for tasks to queue
[2024-07-19T00:00:51.785+0000] {logging_mixin.py:188} INFO - [2024-07-19T00:00:51.785+0000] {dagbag.py:540} INFO - Filling up the DagBag from /home/airflow/.local/lib/python3.8/site-packages/airflow/example_dags/tutorial.py
[2024-07-19T00:00:51.789+0000] {processor.py:840} INFO - DAG(s) 'tutorial' retrieved from /home/airflow/.local/lib/python3.8/site-packages/airflow/example_dags/tutorial.py
[2024-07-19T00:00:51.805+0000] {logging_mixin.py:188} INFO - [2024-07-19T00:00:51.805+0000] {dag.py:3047} INFO - Sync 1 DAGs
[2024-07-19T00:00:51.822+0000] {logging_mixin.py:188} INFO - [2024-07-19T00:00:51.822+0000] {dag.py:3834} INFO - Setting next_dagrun for tutorial to 2024-07-18 00:00:00+00:00, run_after=2024-07-19 00:00:00+00:00
[2024-07-19T00:00:51.838+0000] {processor.py:183} INFO - Processing /home/airflow/.local/lib/python3.8/site-packages/airflow/example_dags/tutorial.py took 0.057 seconds
[2024-07-19T00:01:22.030+0000] {processor.py:161} INFO - Started process (PID=1631) to work on /home/airflow/.local/lib/python3.8/site-packages/airflow/example_dags/tutorial.py
[2024-07-19T00:01:22.031+0000] {processor.py:830} INFO - Processing file /home/airflow/.local/lib/python3.8/site-packages/airflow/example_dags/tutorial.py for tasks to queue
[2024-07-19T00:01:22.032+0000] {logging_mixin.py:188} INFO - [2024-07-19T00:01:22.032+0000] {dagbag.py:540} INFO - Filling up the DagBag from /home/airflow/.local/lib/python3.8/site-packages/airflow/example_dags/tutorial.py
[2024-07-19T00:01:22.037+0000] {processor.py:840} INFO - DAG(s) 'tutorial' retrieved from /home/airflow/.local/lib/python3.8/site-packages/airflow/example_dags/tutorial.py
[2024-07-19T00:01:22.054+0000] {logging_mixin.py:188} INFO - [2024-07-19T00:01:22.053+0000] {dag.py:3047} INFO - Sync 1 DAGs
[2024-07-19T00:01:22.072+0000] {logging_mixin.py:188} INFO - [2024-07-19T00:01:22.072+0000] {dag.py:3834} INFO - Setting next_dagrun for tutorial to 2024-07-18 00:00:00+00:00, run_after=2024-07-19 00:00:00+00:00
[2024-07-19T00:01:22.088+0000] {processor.py:183} INFO - Processing /home/airflow/.local/lib/python3.8/site-packages/airflow/example_dags/tutorial.py took 0.060 seconds
[2024-07-19T00:01:52.449+0000] {processor.py:161} INFO - Started process (PID=1687) to work on /home/airflow/.local/lib/python3.8/site-packages/airflow/example_dags/tutorial.py
[2024-07-19T00:01:52.450+0000] {processor.py:830} INFO - Processing file /home/airflow/.local/lib/python3.8/site-packages/airflow/example_dags/tutorial.py for tasks to queue
[2024-07-19T00:01:52.451+0000] {logging_mixin.py:188} INFO - [2024-07-19T00:01:52.451+0000] {dagbag.py:540} INFO - Filling up the DagBag from /home/airflow/.local/lib/python3.8/site-packages/airflow/example_dags/tutorial.py
[2024-07-19T00:01:52.456+0000] {processor.py:840} INFO - DAG(s) 'tutorial' retrieved from /home/airflow/.local/lib/python3.8/site-packages/airflow/example_dags/tutorial.py
[2024-07-19T00:01:52.473+0000] {logging_mixin.py:188} INFO - [2024-07-19T00:01:52.473+0000] {dag.py:3047} INFO - Sync 1 DAGs
[2024-07-19T00:01:52.490+0000] {logging_mixin.py:188} INFO - [2024-07-19T00:01:52.490+0000] {dag.py:3834} INFO - Setting next_dagrun for tutorial to 2024-07-18 00:00:00+00:00, run_after=2024-07-19 00:00:00+00:00
[2024-07-19T00:01:52.505+0000] {processor.py:183} INFO - Processing /home/airflow/.local/lib/python3.8/site-packages/airflow/example_dags/tutorial.py took 0.059 seconds
[2024-07-19T00:02:22.633+0000] {processor.py:161} INFO - Started process (PID=1743) to work on /home/airflow/.local/lib/python3.8/site-packages/airflow/example_dags/tutorial.py
[2024-07-19T00:02:22.634+0000] {processor.py:830} INFO - Processing file /home/airflow/.local/lib/python3.8/site-packages/airflow/example_dags/tutorial.py for tasks to queue
[2024-07-19T00:02:22.635+0000] {logging_mixin.py:188} INFO - [2024-07-19T00:02:22.635+0000] {dagbag.py:540} INFO - Filling up the DagBag from /home/airflow/.local/lib/python3.8/site-packages/airflow/example_dags/tutorial.py
[2024-07-19T00:02:22.639+0000] {processor.py:840} INFO - DAG(s) 'tutorial' retrieved from /home/airflow/.local/lib/python3.8/site-packages/airflow/example_dags/tutorial.py
[2024-07-19T00:02:22.654+0000] {logging_mixin.py:188} INFO - [2024-07-19T00:02:22.654+0000] {dag.py:3047} INFO - Sync 1 DAGs
[2024-07-19T00:02:22.670+0000] {logging_mixin.py:188} INFO - [2024-07-19T00:02:22.670+0000] {dag.py:3834} INFO - Setting next_dagrun for tutorial to 2024-07-18 00:00:00+00:00, run_after=2024-07-19 00:00:00+00:00
[2024-07-19T00:02:22.685+0000] {processor.py:183} INFO - Processing /home/airflow/.local/lib/python3.8/site-packages/airflow/example_dags/tutorial.py took 0.054 seconds
[2024-07-19T00:02:52.737+0000] {processor.py:161} INFO - Started process (PID=1800) to work on /home/airflow/.local/lib/python3.8/site-packages/airflow/example_dags/tutorial.py
[2024-07-19T00:02:52.738+0000] {processor.py:830} INFO - Processing file /home/airflow/.local/lib/python3.8/site-packages/airflow/example_dags/tutorial.py for tasks to queue
[2024-07-19T00:02:52.739+0000] {logging_mixin.py:188} INFO - [2024-07-19T00:02:52.739+0000] {dagbag.py:540} INFO - Filling up the DagBag from /home/airflow/.local/lib/python3.8/site-packages/airflow/example_dags/tutorial.py
[2024-07-19T00:02:52.743+0000] {processor.py:840} INFO - DAG(s) 'tutorial' retrieved from /home/airflow/.local/lib/python3.8/site-packages/airflow/example_dags/tutorial.py
[2024-07-19T00:02:52.759+0000] {logging_mixin.py:188} INFO - [2024-07-19T00:02:52.758+0000] {dag.py:3047} INFO - Sync 1 DAGs
[2024-07-19T00:02:52.776+0000] {logging_mixin.py:188} INFO - [2024-07-19T00:02:52.776+0000] {dag.py:3834} INFO - Setting next_dagrun for tutorial to 2024-07-18 00:00:00+00:00, run_after=2024-07-19 00:00:00+00:00
[2024-07-19T00:02:52.792+0000] {processor.py:183} INFO - Processing /home/airflow/.local/lib/python3.8/site-packages/airflow/example_dags/tutorial.py took 0.056 seconds
[2024-07-19T00:03:22.987+0000] {processor.py:161} INFO - Started process (PID=1855) to work on /home/airflow/.local/lib/python3.8/site-packages/airflow/example_dags/tutorial.py
[2024-07-19T00:03:22.988+0000] {processor.py:830} INFO - Processing file /home/airflow/.local/lib/python3.8/site-packages/airflow/example_dags/tutorial.py for tasks to queue
[2024-07-19T00:03:22.989+0000] {logging_mixin.py:188} INFO - [2024-07-19T00:03:22.989+0000] {dagbag.py:540} INFO - Filling up the DagBag from /home/airflow/.local/lib/python3.8/site-packages/airflow/example_dags/tutorial.py
[2024-07-19T00:03:22.993+0000] {processor.py:840} INFO - DAG(s) 'tutorial' retrieved from /home/airflow/.local/lib/python3.8/site-packages/airflow/example_dags/tutorial.py
[2024-07-19T00:03:23.008+0000] {logging_mixin.py:188} INFO - [2024-07-19T00:03:23.008+0000] {dag.py:3047} INFO - Sync 1 DAGs
[2024-07-19T00:03:23.024+0000] {logging_mixin.py:188} INFO - [2024-07-19T00:03:23.024+0000] {dag.py:3834} INFO - Setting next_dagrun for tutorial to 2024-07-18 00:00:00+00:00, run_after=2024-07-19 00:00:00+00:00
[2024-07-19T00:03:23.038+0000] {processor.py:183} INFO - Processing /home/airflow/.local/lib/python3.8/site-packages/airflow/example_dags/tutorial.py took 0.053 seconds
[2024-07-19T00:03:53.185+0000] {processor.py:161} INFO - Started process (PID=1911) to work on /home/airflow/.local/lib/python3.8/site-packages/airflow/example_dags/tutorial.py
[2024-07-19T00:03:53.186+0000] {processor.py:830} INFO - Processing file /home/airflow/.local/lib/python3.8/site-packages/airflow/example_dags/tutorial.py for tasks to queue
[2024-07-19T00:03:53.187+0000] {logging_mixin.py:188} INFO - [2024-07-19T00:03:53.187+0000] {dagbag.py:540} INFO - Filling up the DagBag from /home/airflow/.local/lib/python3.8/site-packages/airflow/example_dags/tutorial.py
[2024-07-19T00:03:53.191+0000] {processor.py:840} INFO - DAG(s) 'tutorial' retrieved from /home/airflow/.local/lib/python3.8/site-packages/airflow/example_dags/tutorial.py
[2024-07-19T00:03:53.207+0000] {logging_mixin.py:188} INFO - [2024-07-19T00:03:53.206+0000] {dag.py:3047} INFO - Sync 1 DAGs
[2024-07-19T00:03:53.224+0000] {logging_mixin.py:188} INFO - [2024-07-19T00:03:53.224+0000] {dag.py:3834} INFO - Setting next_dagrun for tutorial to 2024-07-18 00:00:00+00:00, run_after=2024-07-19 00:00:00+00:00
[2024-07-19T00:03:53.239+0000] {processor.py:183} INFO - Processing /home/airflow/.local/lib/python3.8/site-packages/airflow/example_dags/tutorial.py took 0.055 seconds
[2024-07-19T00:04:23.474+0000] {processor.py:161} INFO - Started process (PID=1967) to work on /home/airflow/.local/lib/python3.8/site-packages/airflow/example_dags/tutorial.py
[2024-07-19T00:04:23.475+0000] {processor.py:830} INFO - Processing file /home/airflow/.local/lib/python3.8/site-packages/airflow/example_dags/tutorial.py for tasks to queue
[2024-07-19T00:04:23.476+0000] {logging_mixin.py:188} INFO - [2024-07-19T00:04:23.476+0000] {dagbag.py:540} INFO - Filling up the DagBag from /home/airflow/.local/lib/python3.8/site-packages/airflow/example_dags/tutorial.py
[2024-07-19T00:04:23.480+0000] {processor.py:840} INFO - DAG(s) 'tutorial' retrieved from /home/airflow/.local/lib/python3.8/site-packages/airflow/example_dags/tutorial.py
[2024-07-19T00:04:23.495+0000] {logging_mixin.py:188} INFO - [2024-07-19T00:04:23.495+0000] {dag.py:3047} INFO - Sync 1 DAGs
[2024-07-19T00:04:23.512+0000] {logging_mixin.py:188} INFO - [2024-07-19T00:04:23.512+0000] {dag.py:3834} INFO - Setting next_dagrun for tutorial to 2024-07-18 00:00:00+00:00, run_after=2024-07-19 00:00:00+00:00
[2024-07-19T00:04:23.527+0000] {processor.py:183} INFO - Processing /home/airflow/.local/lib/python3.8/site-packages/airflow/example_dags/tutorial.py took 0.055 seconds
[2024-07-19T00:04:53.684+0000] {processor.py:161} INFO - Started process (PID=2023) to work on /home/airflow/.local/lib/python3.8/site-packages/airflow/example_dags/tutorial.py
[2024-07-19T00:04:53.685+0000] {processor.py:830} INFO - Processing file /home/airflow/.local/lib/python3.8/site-packages/airflow/example_dags/tutorial.py for tasks to queue
[2024-07-19T00:04:53.686+0000] {logging_mixin.py:188} INFO - [2024-07-19T00:04:53.686+0000] {dagbag.py:540} INFO - Filling up the DagBag from /home/airflow/.local/lib/python3.8/site-packages/airflow/example_dags/tutorial.py
[2024-07-19T00:04:53.691+0000] {processor.py:840} INFO - DAG(s) 'tutorial' retrieved from /home/airflow/.local/lib/python3.8/site-packages/airflow/example_dags/tutorial.py
[2024-07-19T00:04:53.707+0000] {logging_mixin.py:188} INFO - [2024-07-19T00:04:53.707+0000] {dag.py:3047} INFO - Sync 1 DAGs
[2024-07-19T00:04:53.724+0000] {logging_mixin.py:188} INFO - [2024-07-19T00:04:53.724+0000] {dag.py:3834} INFO - Setting next_dagrun for tutorial to 2024-07-18 00:00:00+00:00, run_after=2024-07-19 00:00:00+00:00
[2024-07-19T00:04:53.741+0000] {processor.py:183} INFO - Processing /home/airflow/.local/lib/python3.8/site-packages/airflow/example_dags/tutorial.py took 0.059 seconds
[2024-07-19T00:05:24.619+0000] {processor.py:161} INFO - Started process (PID=2077) to work on /home/airflow/.local/lib/python3.8/site-packages/airflow/example_dags/tutorial.py
[2024-07-19T00:05:24.619+0000] {processor.py:830} INFO - Processing file /home/airflow/.local/lib/python3.8/site-packages/airflow/example_dags/tutorial.py for tasks to queue
[2024-07-19T00:05:24.620+0000] {logging_mixin.py:188} INFO - [2024-07-19T00:05:24.620+0000] {dagbag.py:540} INFO - Filling up the DagBag from /home/airflow/.local/lib/python3.8/site-packages/airflow/example_dags/tutorial.py
[2024-07-19T00:05:24.624+0000] {processor.py:840} INFO - DAG(s) 'tutorial' retrieved from /home/airflow/.local/lib/python3.8/site-packages/airflow/example_dags/tutorial.py
[2024-07-19T00:05:24.639+0000] {logging_mixin.py:188} INFO - [2024-07-19T00:05:24.639+0000] {dag.py:3047} INFO - Sync 1 DAGs
[2024-07-19T00:05:24.656+0000] {logging_mixin.py:188} INFO - [2024-07-19T00:05:24.656+0000] {dag.py:3834} INFO - Setting next_dagrun for tutorial to 2024-07-18 00:00:00+00:00, run_after=2024-07-19 00:00:00+00:00
[2024-07-19T00:05:24.671+0000] {processor.py:183} INFO - Processing /home/airflow/.local/lib/python3.8/site-packages/airflow/example_dags/tutorial.py took 0.055 seconds
[2024-07-19T00:05:54.949+0000] {processor.py:161} INFO - Started process (PID=2133) to work on /home/airflow/.local/lib/python3.8/site-packages/airflow/example_dags/tutorial.py
[2024-07-19T00:05:54.950+0000] {processor.py:830} INFO - Processing file /home/airflow/.local/lib/python3.8/site-packages/airflow/example_dags/tutorial.py for tasks to queue
[2024-07-19T00:05:54.951+0000] {logging_mixin.py:188} INFO - [2024-07-19T00:05:54.951+0000] {dagbag.py:540} INFO - Filling up the DagBag from /home/airflow/.local/lib/python3.8/site-packages/airflow/example_dags/tutorial.py
[2024-07-19T00:05:54.955+0000] {processor.py:840} INFO - DAG(s) 'tutorial' retrieved from /home/airflow/.local/lib/python3.8/site-packages/airflow/example_dags/tutorial.py
[2024-07-19T00:05:54.972+0000] {logging_mixin.py:188} INFO - [2024-07-19T00:05:54.972+0000] {dag.py:3047} INFO - Sync 1 DAGs
[2024-07-19T00:05:54.989+0000] {logging_mixin.py:188} INFO - [2024-07-19T00:05:54.989+0000] {dag.py:3834} INFO - Setting next_dagrun for tutorial to 2024-07-18 00:00:00+00:00, run_after=2024-07-19 00:00:00+00:00
[2024-07-19T00:05:55.004+0000] {processor.py:183} INFO - Processing /home/airflow/.local/lib/python3.8/site-packages/airflow/example_dags/tutorial.py took 0.058 seconds
[2024-07-19T00:06:25.263+0000] {processor.py:161} INFO - Started process (PID=2189) to work on /home/airflow/.local/lib/python3.8/site-packages/airflow/example_dags/tutorial.py
[2024-07-19T00:06:25.264+0000] {processor.py:830} INFO - Processing file /home/airflow/.local/lib/python3.8/site-packages/airflow/example_dags/tutorial.py for tasks to queue
[2024-07-19T00:06:25.265+0000] {logging_mixin.py:188} INFO - [2024-07-19T00:06:25.265+0000] {dagbag.py:540} INFO - Filling up the DagBag from /home/airflow/.local/lib/python3.8/site-packages/airflow/example_dags/tutorial.py
[2024-07-19T00:06:25.270+0000] {processor.py:840} INFO - DAG(s) 'tutorial' retrieved from /home/airflow/.local/lib/python3.8/site-packages/airflow/example_dags/tutorial.py
[2024-07-19T00:06:25.285+0000] {logging_mixin.py:188} INFO - [2024-07-19T00:06:25.284+0000] {dag.py:3047} INFO - Sync 1 DAGs
[2024-07-19T00:06:25.302+0000] {logging_mixin.py:188} INFO - [2024-07-19T00:06:25.302+0000] {dag.py:3834} INFO - Setting next_dagrun for tutorial to 2024-07-18 00:00:00+00:00, run_after=2024-07-19 00:00:00+00:00
[2024-07-19T00:06:25.317+0000] {processor.py:183} INFO - Processing /home/airflow/.local/lib/python3.8/site-packages/airflow/example_dags/tutorial.py took 0.056 seconds
[2024-07-19T00:06:55.965+0000] {processor.py:161} INFO - Started process (PID=2245) to work on /home/airflow/.local/lib/python3.8/site-packages/airflow/example_dags/tutorial.py
[2024-07-19T00:06:55.966+0000] {processor.py:830} INFO - Processing file /home/airflow/.local/lib/python3.8/site-packages/airflow/example_dags/tutorial.py for tasks to queue
[2024-07-19T00:06:55.967+0000] {logging_mixin.py:188} INFO - [2024-07-19T00:06:55.967+0000] {dagbag.py:540} INFO - Filling up the DagBag from /home/airflow/.local/lib/python3.8/site-packages/airflow/example_dags/tutorial.py
[2024-07-19T00:06:55.971+0000] {processor.py:840} INFO - DAG(s) 'tutorial' retrieved from /home/airflow/.local/lib/python3.8/site-packages/airflow/example_dags/tutorial.py
[2024-07-19T00:06:55.987+0000] {logging_mixin.py:188} INFO - [2024-07-19T00:06:55.986+0000] {dag.py:3047} INFO - Sync 1 DAGs
[2024-07-19T00:06:56.004+0000] {logging_mixin.py:188} INFO - [2024-07-19T00:06:56.004+0000] {dag.py:3834} INFO - Setting next_dagrun for tutorial to 2024-07-18 00:00:00+00:00, run_after=2024-07-19 00:00:00+00:00
[2024-07-19T00:06:56.018+0000] {processor.py:183} INFO - Processing /home/airflow/.local/lib/python3.8/site-packages/airflow/example_dags/tutorial.py took 0.055 seconds
[2024-07-19T00:07:26.168+0000] {processor.py:161} INFO - Started process (PID=2302) to work on /home/airflow/.local/lib/python3.8/site-packages/airflow/example_dags/tutorial.py
[2024-07-19T00:07:26.169+0000] {processor.py:830} INFO - Processing file /home/airflow/.local/lib/python3.8/site-packages/airflow/example_dags/tutorial.py for tasks to queue
[2024-07-19T00:07:26.170+0000] {logging_mixin.py:188} INFO - [2024-07-19T00:07:26.170+0000] {dagbag.py:540} INFO - Filling up the DagBag from /home/airflow/.local/lib/python3.8/site-packages/airflow/example_dags/tutorial.py
[2024-07-19T00:07:26.174+0000] {processor.py:840} INFO - DAG(s) 'tutorial' retrieved from /home/airflow/.local/lib/python3.8/site-packages/airflow/example_dags/tutorial.py
[2024-07-19T00:07:26.189+0000] {logging_mixin.py:188} INFO - [2024-07-19T00:07:26.189+0000] {dag.py:3047} INFO - Sync 1 DAGs
[2024-07-19T00:07:26.206+0000] {logging_mixin.py:188} INFO - [2024-07-19T00:07:26.206+0000] {dag.py:3834} INFO - Setting next_dagrun for tutorial to 2024-07-18 00:00:00+00:00, run_after=2024-07-19 00:00:00+00:00
[2024-07-19T00:07:26.220+0000] {processor.py:183} INFO - Processing /home/airflow/.local/lib/python3.8/site-packages/airflow/example_dags/tutorial.py took 0.055 seconds
[2024-07-19T00:07:56.484+0000] {processor.py:161} INFO - Started process (PID=2358) to work on /home/airflow/.local/lib/python3.8/site-packages/airflow/example_dags/tutorial.py
[2024-07-19T00:07:56.485+0000] {processor.py:830} INFO - Processing file /home/airflow/.local/lib/python3.8/site-packages/airflow/example_dags/tutorial.py for tasks to queue
[2024-07-19T00:07:56.486+0000] {logging_mixin.py:188} INFO - [2024-07-19T00:07:56.486+0000] {dagbag.py:540} INFO - Filling up the DagBag from /home/airflow/.local/lib/python3.8/site-packages/airflow/example_dags/tutorial.py
[2024-07-19T00:07:56.490+0000] {processor.py:840} INFO - DAG(s) 'tutorial' retrieved from /home/airflow/.local/lib/python3.8/site-packages/airflow/example_dags/tutorial.py
[2024-07-19T00:07:56.505+0000] {logging_mixin.py:188} INFO - [2024-07-19T00:07:56.505+0000] {dag.py:3047} INFO - Sync 1 DAGs
[2024-07-19T00:07:56.523+0000] {logging_mixin.py:188} INFO - [2024-07-19T00:07:56.522+0000] {dag.py:3834} INFO - Setting next_dagrun for tutorial to 2024-07-18 00:00:00+00:00, run_after=2024-07-19 00:00:00+00:00
[2024-07-19T00:07:56.632+0000] {processor.py:183} INFO - Processing /home/airflow/.local/lib/python3.8/site-packages/airflow/example_dags/tutorial.py took 0.150 seconds
[2024-07-19T00:08:26.910+0000] {processor.py:161} INFO - Started process (PID=2414) to work on /home/airflow/.local/lib/python3.8/site-packages/airflow/example_dags/tutorial.py
[2024-07-19T00:08:26.911+0000] {processor.py:830} INFO - Processing file /home/airflow/.local/lib/python3.8/site-packages/airflow/example_dags/tutorial.py for tasks to queue
[2024-07-19T00:08:26.912+0000] {logging_mixin.py:188} INFO - [2024-07-19T00:08:26.912+0000] {dagbag.py:540} INFO - Filling up the DagBag from /home/airflow/.local/lib/python3.8/site-packages/airflow/example_dags/tutorial.py
[2024-07-19T00:08:26.916+0000] {processor.py:840} INFO - DAG(s) 'tutorial' retrieved from /home/airflow/.local/lib/python3.8/site-packages/airflow/example_dags/tutorial.py
[2024-07-19T00:08:26.931+0000] {logging_mixin.py:188} INFO - [2024-07-19T00:08:26.931+0000] {dag.py:3047} INFO - Sync 1 DAGs
[2024-07-19T00:08:26.948+0000] {logging_mixin.py:188} INFO - [2024-07-19T00:08:26.948+0000] {dag.py:3834} INFO - Setting next_dagrun for tutorial to 2024-07-18 00:00:00+00:00, run_after=2024-07-19 00:00:00+00:00
[2024-07-19T00:08:27.055+0000] {processor.py:183} INFO - Processing /home/airflow/.local/lib/python3.8/site-packages/airflow/example_dags/tutorial.py took 0.147 seconds
[2024-07-19T00:08:57.555+0000] {processor.py:161} INFO - Started process (PID=2470) to work on /home/airflow/.local/lib/python3.8/site-packages/airflow/example_dags/tutorial.py
[2024-07-19T00:08:57.556+0000] {processor.py:830} INFO - Processing file /home/airflow/.local/lib/python3.8/site-packages/airflow/example_dags/tutorial.py for tasks to queue
[2024-07-19T00:08:57.557+0000] {logging_mixin.py:188} INFO - [2024-07-19T00:08:57.557+0000] {dagbag.py:540} INFO - Filling up the DagBag from /home/airflow/.local/lib/python3.8/site-packages/airflow/example_dags/tutorial.py
[2024-07-19T00:08:57.562+0000] {processor.py:840} INFO - DAG(s) 'tutorial' retrieved from /home/airflow/.local/lib/python3.8/site-packages/airflow/example_dags/tutorial.py
[2024-07-19T00:08:57.579+0000] {logging_mixin.py:188} INFO - [2024-07-19T00:08:57.579+0000] {dag.py:3047} INFO - Sync 1 DAGs
[2024-07-19T00:08:57.597+0000] {logging_mixin.py:188} INFO - [2024-07-19T00:08:57.597+0000] {dag.py:3834} INFO - Setting next_dagrun for tutorial to 2024-07-18 00:00:00+00:00, run_after=2024-07-19 00:00:00+00:00
[2024-07-19T00:08:57.615+0000] {processor.py:183} INFO - Processing /home/airflow/.local/lib/python3.8/site-packages/airflow/example_dags/tutorial.py took 0.062 seconds
[2024-07-19T00:09:27.833+0000] {processor.py:161} INFO - Started process (PID=2526) to work on /home/airflow/.local/lib/python3.8/site-packages/airflow/example_dags/tutorial.py
[2024-07-19T00:09:27.834+0000] {processor.py:830} INFO - Processing file /home/airflow/.local/lib/python3.8/site-packages/airflow/example_dags/tutorial.py for tasks to queue
[2024-07-19T00:09:27.835+0000] {logging_mixin.py:188} INFO - [2024-07-19T00:09:27.835+0000] {dagbag.py:540} INFO - Filling up the DagBag from /home/airflow/.local/lib/python3.8/site-packages/airflow/example_dags/tutorial.py
[2024-07-19T00:09:27.840+0000] {processor.py:840} INFO - DAG(s) 'tutorial' retrieved from /home/airflow/.local/lib/python3.8/site-packages/airflow/example_dags/tutorial.py
[2024-07-19T00:09:27.855+0000] {logging_mixin.py:188} INFO - [2024-07-19T00:09:27.855+0000] {dag.py:3047} INFO - Sync 1 DAGs
[2024-07-19T00:09:27.872+0000] {logging_mixin.py:188} INFO - [2024-07-19T00:09:27.872+0000] {dag.py:3834} INFO - Setting next_dagrun for tutorial to 2024-07-18 00:00:00+00:00, run_after=2024-07-19 00:00:00+00:00
[2024-07-19T00:09:27.893+0000] {processor.py:183} INFO - Processing /home/airflow/.local/lib/python3.8/site-packages/airflow/example_dags/tutorial.py took 0.062 seconds
[2024-07-19T00:09:58.182+0000] {processor.py:161} INFO - Started process (PID=2582) to work on /home/airflow/.local/lib/python3.8/site-packages/airflow/example_dags/tutorial.py
[2024-07-19T00:09:58.184+0000] {processor.py:830} INFO - Processing file /home/airflow/.local/lib/python3.8/site-packages/airflow/example_dags/tutorial.py for tasks to queue
[2024-07-19T00:09:58.185+0000] {logging_mixin.py:188} INFO - [2024-07-19T00:09:58.185+0000] {dagbag.py:540} INFO - Filling up the DagBag from /home/airflow/.local/lib/python3.8/site-packages/airflow/example_dags/tutorial.py
[2024-07-19T00:09:58.189+0000] {processor.py:840} INFO - DAG(s) 'tutorial' retrieved from /home/airflow/.local/lib/python3.8/site-packages/airflow/example_dags/tutorial.py
[2024-07-19T00:09:58.207+0000] {logging_mixin.py:188} INFO - [2024-07-19T00:09:58.206+0000] {dag.py:3047} INFO - Sync 1 DAGs
[2024-07-19T00:09:58.227+0000] {logging_mixin.py:188} INFO - [2024-07-19T00:09:58.226+0000] {dag.py:3834} INFO - Setting next_dagrun for tutorial to 2024-07-18 00:00:00+00:00, run_after=2024-07-19 00:00:00+00:00
[2024-07-19T00:09:58.246+0000] {processor.py:183} INFO - Processing /home/airflow/.local/lib/python3.8/site-packages/airflow/example_dags/tutorial.py took 0.066 seconds
[2024-07-19T00:10:28.826+0000] {processor.py:161} INFO - Started process (PID=2639) to work on /home/airflow/.local/lib/python3.8/site-packages/airflow/example_dags/tutorial.py
[2024-07-19T00:10:28.827+0000] {processor.py:830} INFO - Processing file /home/airflow/.local/lib/python3.8/site-packages/airflow/example_dags/tutorial.py for tasks to queue
[2024-07-19T00:10:28.828+0000] {logging_mixin.py:188} INFO - [2024-07-19T00:10:28.828+0000] {dagbag.py:540} INFO - Filling up the DagBag from /home/airflow/.local/lib/python3.8/site-packages/airflow/example_dags/tutorial.py
[2024-07-19T00:10:28.832+0000] {processor.py:840} INFO - DAG(s) 'tutorial' retrieved from /home/airflow/.local/lib/python3.8/site-packages/airflow/example_dags/tutorial.py
[2024-07-19T00:10:28.846+0000] {logging_mixin.py:188} INFO - [2024-07-19T00:10:28.846+0000] {dag.py:3047} INFO - Sync 1 DAGs
[2024-07-19T00:10:28.863+0000] {logging_mixin.py:188} INFO - [2024-07-19T00:10:28.863+0000] {dag.py:3834} INFO - Setting next_dagrun for tutorial to 2024-07-18 00:00:00+00:00, run_after=2024-07-19 00:00:00+00:00
[2024-07-19T00:10:28.877+0000] {processor.py:183} INFO - Processing /home/airflow/.local/lib/python3.8/site-packages/airflow/example_dags/tutorial.py took 0.054 seconds
[2024-07-19T00:10:59.649+0000] {processor.py:161} INFO - Started process (PID=2695) to work on /home/airflow/.local/lib/python3.8/site-packages/airflow/example_dags/tutorial.py
[2024-07-19T00:10:59.650+0000] {processor.py:830} INFO - Processing file /home/airflow/.local/lib/python3.8/site-packages/airflow/example_dags/tutorial.py for tasks to queue
[2024-07-19T00:10:59.651+0000] {logging_mixin.py:188} INFO - [2024-07-19T00:10:59.651+0000] {dagbag.py:540} INFO - Filling up the DagBag from /home/airflow/.local/lib/python3.8/site-packages/airflow/example_dags/tutorial.py
[2024-07-19T00:10:59.655+0000] {processor.py:840} INFO - DAG(s) 'tutorial' retrieved from /home/airflow/.local/lib/python3.8/site-packages/airflow/example_dags/tutorial.py
[2024-07-19T00:10:59.670+0000] {logging_mixin.py:188} INFO - [2024-07-19T00:10:59.670+0000] {dag.py:3047} INFO - Sync 1 DAGs
[2024-07-19T00:10:59.688+0000] {logging_mixin.py:188} INFO - [2024-07-19T00:10:59.688+0000] {dag.py:3834} INFO - Setting next_dagrun for tutorial to 2024-07-18 00:00:00+00:00, run_after=2024-07-19 00:00:00+00:00
[2024-07-19T00:10:59.703+0000] {processor.py:183} INFO - Processing /home/airflow/.local/lib/python3.8/site-packages/airflow/example_dags/tutorial.py took 0.056 seconds
[2024-07-19T00:11:30.625+0000] {processor.py:161} INFO - Started process (PID=2751) to work on /home/airflow/.local/lib/python3.8/site-packages/airflow/example_dags/tutorial.py
[2024-07-19T00:11:30.625+0000] {processor.py:830} INFO - Processing file /home/airflow/.local/lib/python3.8/site-packages/airflow/example_dags/tutorial.py for tasks to queue
[2024-07-19T00:11:30.627+0000] {logging_mixin.py:188} INFO - [2024-07-19T00:11:30.626+0000] {dagbag.py:540} INFO - Filling up the DagBag from /home/airflow/.local/lib/python3.8/site-packages/airflow/example_dags/tutorial.py
[2024-07-19T00:11:30.631+0000] {processor.py:840} INFO - DAG(s) 'tutorial' retrieved from /home/airflow/.local/lib/python3.8/site-packages/airflow/example_dags/tutorial.py
[2024-07-19T00:11:30.747+0000] {logging_mixin.py:188} INFO - [2024-07-19T00:11:30.747+0000] {dag.py:3047} INFO - Sync 1 DAGs
[2024-07-19T00:11:30.762+0000] {logging_mixin.py:188} INFO - [2024-07-19T00:11:30.762+0000] {dag.py:3834} INFO - Setting next_dagrun for tutorial to 2024-07-18 00:00:00+00:00, run_after=2024-07-19 00:00:00+00:00
[2024-07-19T00:11:30.777+0000] {processor.py:183} INFO - Processing /home/airflow/.local/lib/python3.8/site-packages/airflow/example_dags/tutorial.py took 0.155 seconds
[2024-07-19T00:12:01.313+0000] {processor.py:161} INFO - Started process (PID=2807) to work on /home/airflow/.local/lib/python3.8/site-packages/airflow/example_dags/tutorial.py
[2024-07-19T00:12:01.314+0000] {processor.py:830} INFO - Processing file /home/airflow/.local/lib/python3.8/site-packages/airflow/example_dags/tutorial.py for tasks to queue
[2024-07-19T00:12:01.315+0000] {logging_mixin.py:188} INFO - [2024-07-19T00:12:01.315+0000] {dagbag.py:540} INFO - Filling up the DagBag from /home/airflow/.local/lib/python3.8/site-packages/airflow/example_dags/tutorial.py
[2024-07-19T00:12:01.319+0000] {processor.py:840} INFO - DAG(s) 'tutorial' retrieved from /home/airflow/.local/lib/python3.8/site-packages/airflow/example_dags/tutorial.py
[2024-07-19T00:12:01.335+0000] {logging_mixin.py:188} INFO - [2024-07-19T00:12:01.335+0000] {dag.py:3047} INFO - Sync 1 DAGs
[2024-07-19T00:12:01.353+0000] {logging_mixin.py:188} INFO - [2024-07-19T00:12:01.353+0000] {dag.py:3834} INFO - Setting next_dagrun for tutorial to 2024-07-18 00:00:00+00:00, run_after=2024-07-19 00:00:00+00:00
[2024-07-19T00:12:01.369+0000] {processor.py:183} INFO - Processing /home/airflow/.local/lib/python3.8/site-packages/airflow/example_dags/tutorial.py took 0.058 seconds
[2024-07-19T00:12:31.522+0000] {processor.py:161} INFO - Started process (PID=2863) to work on /home/airflow/.local/lib/python3.8/site-packages/airflow/example_dags/tutorial.py
[2024-07-19T00:12:31.522+0000] {processor.py:830} INFO - Processing file /home/airflow/.local/lib/python3.8/site-packages/airflow/example_dags/tutorial.py for tasks to queue
[2024-07-19T00:12:31.524+0000] {logging_mixin.py:188} INFO - [2024-07-19T00:12:31.524+0000] {dagbag.py:540} INFO - Filling up the DagBag from /home/airflow/.local/lib/python3.8/site-packages/airflow/example_dags/tutorial.py
[2024-07-19T00:12:31.528+0000] {processor.py:840} INFO - DAG(s) 'tutorial' retrieved from /home/airflow/.local/lib/python3.8/site-packages/airflow/example_dags/tutorial.py
[2024-07-19T00:12:31.546+0000] {logging_mixin.py:188} INFO - [2024-07-19T00:12:31.545+0000] {dag.py:3047} INFO - Sync 1 DAGs
[2024-07-19T00:12:31.565+0000] {logging_mixin.py:188} INFO - [2024-07-19T00:12:31.565+0000] {dag.py:3834} INFO - Setting next_dagrun for tutorial to 2024-07-18 00:00:00+00:00, run_after=2024-07-19 00:00:00+00:00
[2024-07-19T00:12:31.583+0000] {processor.py:183} INFO - Processing /home/airflow/.local/lib/python3.8/site-packages/airflow/example_dags/tutorial.py took 0.064 seconds
[2024-07-19T00:13:01.694+0000] {processor.py:161} INFO - Started process (PID=2919) to work on /home/airflow/.local/lib/python3.8/site-packages/airflow/example_dags/tutorial.py
[2024-07-19T00:13:01.695+0000] {processor.py:830} INFO - Processing file /home/airflow/.local/lib/python3.8/site-packages/airflow/example_dags/tutorial.py for tasks to queue
[2024-07-19T00:13:01.696+0000] {logging_mixin.py:188} INFO - [2024-07-19T00:13:01.696+0000] {dagbag.py:540} INFO - Filling up the DagBag from /home/airflow/.local/lib/python3.8/site-packages/airflow/example_dags/tutorial.py
[2024-07-19T00:13:01.702+0000] {processor.py:840} INFO - DAG(s) 'tutorial' retrieved from /home/airflow/.local/lib/python3.8/site-packages/airflow/example_dags/tutorial.py
[2024-07-19T00:13:01.718+0000] {logging_mixin.py:188} INFO - [2024-07-19T00:13:01.718+0000] {dag.py:3047} INFO - Sync 1 DAGs
[2024-07-19T00:13:01.735+0000] {logging_mixin.py:188} INFO - [2024-07-19T00:13:01.735+0000] {dag.py:3834} INFO - Setting next_dagrun for tutorial to 2024-07-18 00:00:00+00:00, run_after=2024-07-19 00:00:00+00:00
[2024-07-19T00:13:01.753+0000] {processor.py:183} INFO - Processing /home/airflow/.local/lib/python3.8/site-packages/airflow/example_dags/tutorial.py took 0.063 seconds
[2024-07-19T00:13:31.834+0000] {processor.py:161} INFO - Started process (PID=2975) to work on /home/airflow/.local/lib/python3.8/site-packages/airflow/example_dags/tutorial.py
[2024-07-19T00:13:31.835+0000] {processor.py:830} INFO - Processing file /home/airflow/.local/lib/python3.8/site-packages/airflow/example_dags/tutorial.py for tasks to queue
[2024-07-19T00:13:31.836+0000] {logging_mixin.py:188} INFO - [2024-07-19T00:13:31.836+0000] {dagbag.py:540} INFO - Filling up the DagBag from /home/airflow/.local/lib/python3.8/site-packages/airflow/example_dags/tutorial.py
[2024-07-19T00:13:31.840+0000] {processor.py:840} INFO - DAG(s) 'tutorial' retrieved from /home/airflow/.local/lib/python3.8/site-packages/airflow/example_dags/tutorial.py
[2024-07-19T00:13:31.856+0000] {logging_mixin.py:188} INFO - [2024-07-19T00:13:31.856+0000] {dag.py:3047} INFO - Sync 1 DAGs
[2024-07-19T00:13:31.874+0000] {logging_mixin.py:188} INFO - [2024-07-19T00:13:31.874+0000] {dag.py:3834} INFO - Setting next_dagrun for tutorial to 2024-07-18 00:00:00+00:00, run_after=2024-07-19 00:00:00+00:00
[2024-07-19T00:13:31.890+0000] {processor.py:183} INFO - Processing /home/airflow/.local/lib/python3.8/site-packages/airflow/example_dags/tutorial.py took 0.058 seconds
[2024-07-19T00:14:02.058+0000] {processor.py:161} INFO - Started process (PID=3037) to work on /home/airflow/.local/lib/python3.8/site-packages/airflow/example_dags/tutorial.py
[2024-07-19T00:14:02.059+0000] {processor.py:830} INFO - Processing file /home/airflow/.local/lib/python3.8/site-packages/airflow/example_dags/tutorial.py for tasks to queue
[2024-07-19T00:14:02.060+0000] {logging_mixin.py:188} INFO - [2024-07-19T00:14:02.059+0000] {dagbag.py:540} INFO - Filling up the DagBag from /home/airflow/.local/lib/python3.8/site-packages/airflow/example_dags/tutorial.py
[2024-07-19T00:14:02.064+0000] {processor.py:840} INFO - DAG(s) 'tutorial' retrieved from /home/airflow/.local/lib/python3.8/site-packages/airflow/example_dags/tutorial.py
[2024-07-19T00:14:02.080+0000] {logging_mixin.py:188} INFO - [2024-07-19T00:14:02.080+0000] {dag.py:3047} INFO - Sync 1 DAGs
[2024-07-19T00:14:02.098+0000] {logging_mixin.py:188} INFO - [2024-07-19T00:14:02.097+0000] {dag.py:3834} INFO - Setting next_dagrun for tutorial to 2024-07-18 00:00:00+00:00, run_after=2024-07-19 00:00:00+00:00
[2024-07-19T00:14:02.114+0000] {processor.py:183} INFO - Processing /home/airflow/.local/lib/python3.8/site-packages/airflow/example_dags/tutorial.py took 0.059 seconds
[2024-07-19T00:14:32.219+0000] {processor.py:161} INFO - Started process (PID=3093) to work on /home/airflow/.local/lib/python3.8/site-packages/airflow/example_dags/tutorial.py
[2024-07-19T00:14:32.220+0000] {processor.py:830} INFO - Processing file /home/airflow/.local/lib/python3.8/site-packages/airflow/example_dags/tutorial.py for tasks to queue
[2024-07-19T00:14:32.221+0000] {logging_mixin.py:188} INFO - [2024-07-19T00:14:32.221+0000] {dagbag.py:540} INFO - Filling up the DagBag from /home/airflow/.local/lib/python3.8/site-packages/airflow/example_dags/tutorial.py
[2024-07-19T00:14:32.225+0000] {processor.py:840} INFO - DAG(s) 'tutorial' retrieved from /home/airflow/.local/lib/python3.8/site-packages/airflow/example_dags/tutorial.py
[2024-07-19T00:14:32.241+0000] {logging_mixin.py:188} INFO - [2024-07-19T00:14:32.241+0000] {dag.py:3047} INFO - Sync 1 DAGs
[2024-07-19T00:14:32.258+0000] {logging_mixin.py:188} INFO - [2024-07-19T00:14:32.258+0000] {dag.py:3834} INFO - Setting next_dagrun for tutorial to 2024-07-18 00:00:00+00:00, run_after=2024-07-19 00:00:00+00:00
[2024-07-19T00:14:32.274+0000] {processor.py:183} INFO - Processing /home/airflow/.local/lib/python3.8/site-packages/airflow/example_dags/tutorial.py took 0.057 seconds
[2024-07-19T00:15:02.351+0000] {processor.py:161} INFO - Started process (PID=3149) to work on /home/airflow/.local/lib/python3.8/site-packages/airflow/example_dags/tutorial.py
[2024-07-19T00:15:02.352+0000] {processor.py:830} INFO - Processing file /home/airflow/.local/lib/python3.8/site-packages/airflow/example_dags/tutorial.py for tasks to queue
[2024-07-19T00:15:02.353+0000] {logging_mixin.py:188} INFO - [2024-07-19T00:15:02.353+0000] {dagbag.py:540} INFO - Filling up the DagBag from /home/airflow/.local/lib/python3.8/site-packages/airflow/example_dags/tutorial.py
[2024-07-19T00:15:02.357+0000] {processor.py:840} INFO - DAG(s) 'tutorial' retrieved from /home/airflow/.local/lib/python3.8/site-packages/airflow/example_dags/tutorial.py
[2024-07-19T00:15:02.374+0000] {logging_mixin.py:188} INFO - [2024-07-19T00:15:02.374+0000] {dag.py:3047} INFO - Sync 1 DAGs
[2024-07-19T00:15:02.392+0000] {logging_mixin.py:188} INFO - [2024-07-19T00:15:02.392+0000] {dag.py:3834} INFO - Setting next_dagrun for tutorial to 2024-07-18 00:00:00+00:00, run_after=2024-07-19 00:00:00+00:00
[2024-07-19T00:15:02.410+0000] {processor.py:183} INFO - Processing /home/airflow/.local/lib/python3.8/site-packages/airflow/example_dags/tutorial.py took 0.061 seconds
[2024-07-19T00:15:32.512+0000] {processor.py:161} INFO - Started process (PID=3205) to work on /home/airflow/.local/lib/python3.8/site-packages/airflow/example_dags/tutorial.py
[2024-07-19T00:15:32.513+0000] {processor.py:830} INFO - Processing file /home/airflow/.local/lib/python3.8/site-packages/airflow/example_dags/tutorial.py for tasks to queue
[2024-07-19T00:15:32.515+0000] {logging_mixin.py:188} INFO - [2024-07-19T00:15:32.514+0000] {dagbag.py:540} INFO - Filling up the DagBag from /home/airflow/.local/lib/python3.8/site-packages/airflow/example_dags/tutorial.py
[2024-07-19T00:15:32.519+0000] {processor.py:840} INFO - DAG(s) 'tutorial' retrieved from /home/airflow/.local/lib/python3.8/site-packages/airflow/example_dags/tutorial.py
[2024-07-19T00:15:32.534+0000] {logging_mixin.py:188} INFO - [2024-07-19T00:15:32.533+0000] {dag.py:3047} INFO - Sync 1 DAGs
[2024-07-19T00:15:32.550+0000] {logging_mixin.py:188} INFO - [2024-07-19T00:15:32.550+0000] {dag.py:3834} INFO - Setting next_dagrun for tutorial to 2024-07-18 00:00:00+00:00, run_after=2024-07-19 00:00:00+00:00
[2024-07-19T00:15:32.567+0000] {processor.py:183} INFO - Processing /home/airflow/.local/lib/python3.8/site-packages/airflow/example_dags/tutorial.py took 0.057 seconds
[2024-07-19T00:16:02.808+0000] {processor.py:161} INFO - Started process (PID=3261) to work on /home/airflow/.local/lib/python3.8/site-packages/airflow/example_dags/tutorial.py
[2024-07-19T00:16:02.809+0000] {processor.py:830} INFO - Processing file /home/airflow/.local/lib/python3.8/site-packages/airflow/example_dags/tutorial.py for tasks to queue
[2024-07-19T00:16:02.810+0000] {logging_mixin.py:188} INFO - [2024-07-19T00:16:02.809+0000] {dagbag.py:540} INFO - Filling up the DagBag from /home/airflow/.local/lib/python3.8/site-packages/airflow/example_dags/tutorial.py
[2024-07-19T00:16:02.814+0000] {processor.py:840} INFO - DAG(s) 'tutorial' retrieved from /home/airflow/.local/lib/python3.8/site-packages/airflow/example_dags/tutorial.py
[2024-07-19T00:16:02.829+0000] {logging_mixin.py:188} INFO - [2024-07-19T00:16:02.829+0000] {dag.py:3047} INFO - Sync 1 DAGs
[2024-07-19T00:16:02.846+0000] {logging_mixin.py:188} INFO - [2024-07-19T00:16:02.846+0000] {dag.py:3834} INFO - Setting next_dagrun for tutorial to 2024-07-18 00:00:00+00:00, run_after=2024-07-19 00:00:00+00:00
[2024-07-19T00:16:02.862+0000] {processor.py:183} INFO - Processing /home/airflow/.local/lib/python3.8/site-packages/airflow/example_dags/tutorial.py took 0.056 seconds
[2024-07-19T00:16:32.965+0000] {processor.py:161} INFO - Started process (PID=3317) to work on /home/airflow/.local/lib/python3.8/site-packages/airflow/example_dags/tutorial.py
[2024-07-19T00:16:32.966+0000] {processor.py:830} INFO - Processing file /home/airflow/.local/lib/python3.8/site-packages/airflow/example_dags/tutorial.py for tasks to queue
[2024-07-19T00:16:32.967+0000] {logging_mixin.py:188} INFO - [2024-07-19T00:16:32.967+0000] {dagbag.py:540} INFO - Filling up the DagBag from /home/airflow/.local/lib/python3.8/site-packages/airflow/example_dags/tutorial.py
[2024-07-19T00:16:32.972+0000] {processor.py:840} INFO - DAG(s) 'tutorial' retrieved from /home/airflow/.local/lib/python3.8/site-packages/airflow/example_dags/tutorial.py
[2024-07-19T00:16:32.988+0000] {logging_mixin.py:188} INFO - [2024-07-19T00:16:32.988+0000] {dag.py:3047} INFO - Sync 1 DAGs
[2024-07-19T00:16:33.008+0000] {logging_mixin.py:188} INFO - [2024-07-19T00:16:33.008+0000] {dag.py:3834} INFO - Setting next_dagrun for tutorial to 2024-07-18 00:00:00+00:00, run_after=2024-07-19 00:00:00+00:00
[2024-07-19T00:16:33.027+0000] {processor.py:183} INFO - Processing /home/airflow/.local/lib/python3.8/site-packages/airflow/example_dags/tutorial.py took 0.064 seconds
[2024-07-19T00:17:03.138+0000] {processor.py:161} INFO - Started process (PID=3373) to work on /home/airflow/.local/lib/python3.8/site-packages/airflow/example_dags/tutorial.py
[2024-07-19T00:17:03.139+0000] {processor.py:830} INFO - Processing file /home/airflow/.local/lib/python3.8/site-packages/airflow/example_dags/tutorial.py for tasks to queue
[2024-07-19T00:17:03.140+0000] {logging_mixin.py:188} INFO - [2024-07-19T00:17:03.140+0000] {dagbag.py:540} INFO - Filling up the DagBag from /home/airflow/.local/lib/python3.8/site-packages/airflow/example_dags/tutorial.py
[2024-07-19T00:17:03.144+0000] {processor.py:840} INFO - DAG(s) 'tutorial' retrieved from /home/airflow/.local/lib/python3.8/site-packages/airflow/example_dags/tutorial.py
[2024-07-19T00:17:03.160+0000] {logging_mixin.py:188} INFO - [2024-07-19T00:17:03.159+0000] {dag.py:3047} INFO - Sync 1 DAGs
[2024-07-19T00:17:03.177+0000] {logging_mixin.py:188} INFO - [2024-07-19T00:17:03.176+0000] {dag.py:3834} INFO - Setting next_dagrun for tutorial to 2024-07-18 00:00:00+00:00, run_after=2024-07-19 00:00:00+00:00
[2024-07-19T00:17:03.192+0000] {processor.py:183} INFO - Processing /home/airflow/.local/lib/python3.8/site-packages/airflow/example_dags/tutorial.py took 0.056 seconds
[2024-07-19T00:18:07.030+0000] {processor.py:161} INFO - Started process (PID=63) to work on /home/airflow/.local/lib/python3.8/site-packages/airflow/example_dags/tutorial.py
[2024-07-19T00:18:07.031+0000] {processor.py:830} INFO - Processing file /home/airflow/.local/lib/python3.8/site-packages/airflow/example_dags/tutorial.py for tasks to queue
[2024-07-19T00:18:07.033+0000] {logging_mixin.py:188} INFO - [2024-07-19T00:18:07.032+0000] {dagbag.py:540} INFO - Filling up the DagBag from /home/airflow/.local/lib/python3.8/site-packages/airflow/example_dags/tutorial.py
[2024-07-19T00:18:07.050+0000] {processor.py:840} INFO - DAG(s) 'tutorial' retrieved from /home/airflow/.local/lib/python3.8/site-packages/airflow/example_dags/tutorial.py
[2024-07-19T00:18:07.075+0000] {logging_mixin.py:188} INFO - [2024-07-19T00:18:07.075+0000] {dag.py:3047} INFO - Sync 1 DAGs
[2024-07-19T00:18:07.108+0000] {logging_mixin.py:188} INFO - [2024-07-19T00:18:07.107+0000] {dag.py:3834} INFO - Setting next_dagrun for tutorial to 2024-07-18 00:00:00+00:00, run_after=2024-07-19 00:00:00+00:00
[2024-07-19T00:18:07.133+0000] {processor.py:183} INFO - Processing /home/airflow/.local/lib/python3.8/site-packages/airflow/example_dags/tutorial.py took 0.106 seconds
[2024-07-19T00:18:38.235+0000] {processor.py:161} INFO - Started process (PID=119) to work on /home/airflow/.local/lib/python3.8/site-packages/airflow/example_dags/tutorial.py
[2024-07-19T00:18:38.236+0000] {processor.py:830} INFO - Processing file /home/airflow/.local/lib/python3.8/site-packages/airflow/example_dags/tutorial.py for tasks to queue
[2024-07-19T00:18:38.237+0000] {logging_mixin.py:188} INFO - [2024-07-19T00:18:38.237+0000] {dagbag.py:540} INFO - Filling up the DagBag from /home/airflow/.local/lib/python3.8/site-packages/airflow/example_dags/tutorial.py
[2024-07-19T00:18:38.241+0000] {processor.py:840} INFO - DAG(s) 'tutorial' retrieved from /home/airflow/.local/lib/python3.8/site-packages/airflow/example_dags/tutorial.py
[2024-07-19T00:18:38.327+0000] {logging_mixin.py:188} INFO - [2024-07-19T00:18:38.326+0000] {dag.py:3047} INFO - Sync 1 DAGs
[2024-07-19T00:18:38.341+0000] {logging_mixin.py:188} INFO - [2024-07-19T00:18:38.341+0000] {dag.py:3834} INFO - Setting next_dagrun for tutorial to 2024-07-18 00:00:00+00:00, run_after=2024-07-19 00:00:00+00:00
[2024-07-19T00:18:38.356+0000] {processor.py:183} INFO - Processing /home/airflow/.local/lib/python3.8/site-packages/airflow/example_dags/tutorial.py took 0.124 seconds
[2024-07-19T00:19:08.474+0000] {processor.py:161} INFO - Started process (PID=175) to work on /home/airflow/.local/lib/python3.8/site-packages/airflow/example_dags/tutorial.py
[2024-07-19T00:19:08.475+0000] {processor.py:830} INFO - Processing file /home/airflow/.local/lib/python3.8/site-packages/airflow/example_dags/tutorial.py for tasks to queue
[2024-07-19T00:19:08.476+0000] {logging_mixin.py:188} INFO - [2024-07-19T00:19:08.476+0000] {dagbag.py:540} INFO - Filling up the DagBag from /home/airflow/.local/lib/python3.8/site-packages/airflow/example_dags/tutorial.py
[2024-07-19T00:19:08.480+0000] {processor.py:840} INFO - DAG(s) 'tutorial' retrieved from /home/airflow/.local/lib/python3.8/site-packages/airflow/example_dags/tutorial.py
[2024-07-19T00:19:08.496+0000] {logging_mixin.py:188} INFO - [2024-07-19T00:19:08.496+0000] {dag.py:3047} INFO - Sync 1 DAGs
[2024-07-19T00:19:08.513+0000] {logging_mixin.py:188} INFO - [2024-07-19T00:19:08.513+0000] {dag.py:3834} INFO - Setting next_dagrun for tutorial to 2024-07-18 00:00:00+00:00, run_after=2024-07-19 00:00:00+00:00
[2024-07-19T00:19:08.527+0000] {processor.py:183} INFO - Processing /home/airflow/.local/lib/python3.8/site-packages/airflow/example_dags/tutorial.py took 0.055 seconds
[2024-07-19T00:19:39.606+0000] {processor.py:161} INFO - Started process (PID=231) to work on /home/airflow/.local/lib/python3.8/site-packages/airflow/example_dags/tutorial.py
[2024-07-19T00:19:39.607+0000] {processor.py:830} INFO - Processing file /home/airflow/.local/lib/python3.8/site-packages/airflow/example_dags/tutorial.py for tasks to queue
[2024-07-19T00:19:39.608+0000] {logging_mixin.py:188} INFO - [2024-07-19T00:19:39.608+0000] {dagbag.py:540} INFO - Filling up the DagBag from /home/airflow/.local/lib/python3.8/site-packages/airflow/example_dags/tutorial.py
[2024-07-19T00:19:39.612+0000] {processor.py:840} INFO - DAG(s) 'tutorial' retrieved from /home/airflow/.local/lib/python3.8/site-packages/airflow/example_dags/tutorial.py
[2024-07-19T00:19:39.630+0000] {logging_mixin.py:188} INFO - [2024-07-19T00:19:39.630+0000] {dag.py:3047} INFO - Sync 1 DAGs
[2024-07-19T00:19:39.652+0000] {logging_mixin.py:188} INFO - [2024-07-19T00:19:39.651+0000] {dag.py:3834} INFO - Setting next_dagrun for tutorial to 2024-07-18 00:00:00+00:00, run_after=2024-07-19 00:00:00+00:00
[2024-07-19T00:19:39.675+0000] {processor.py:183} INFO - Processing /home/airflow/.local/lib/python3.8/site-packages/airflow/example_dags/tutorial.py took 0.071 seconds
[2024-07-19T00:20:09.777+0000] {processor.py:161} INFO - Started process (PID=287) to work on /home/airflow/.local/lib/python3.8/site-packages/airflow/example_dags/tutorial.py
[2024-07-19T00:20:09.778+0000] {processor.py:830} INFO - Processing file /home/airflow/.local/lib/python3.8/site-packages/airflow/example_dags/tutorial.py for tasks to queue
[2024-07-19T00:20:09.778+0000] {logging_mixin.py:188} INFO - [2024-07-19T00:20:09.778+0000] {dagbag.py:540} INFO - Filling up the DagBag from /home/airflow/.local/lib/python3.8/site-packages/airflow/example_dags/tutorial.py
[2024-07-19T00:20:09.783+0000] {processor.py:840} INFO - DAG(s) 'tutorial' retrieved from /home/airflow/.local/lib/python3.8/site-packages/airflow/example_dags/tutorial.py
[2024-07-19T00:20:09.799+0000] {logging_mixin.py:188} INFO - [2024-07-19T00:20:09.799+0000] {dag.py:3047} INFO - Sync 1 DAGs
[2024-07-19T00:20:09.817+0000] {logging_mixin.py:188} INFO - [2024-07-19T00:20:09.817+0000] {dag.py:3834} INFO - Setting next_dagrun for tutorial to 2024-07-18 00:00:00+00:00, run_after=2024-07-19 00:00:00+00:00
[2024-07-19T00:20:09.832+0000] {processor.py:183} INFO - Processing /home/airflow/.local/lib/python3.8/site-packages/airflow/example_dags/tutorial.py took 0.058 seconds
[2024-07-19T00:20:40.022+0000] {processor.py:161} INFO - Started process (PID=344) to work on /home/airflow/.local/lib/python3.8/site-packages/airflow/example_dags/tutorial.py
[2024-07-19T00:20:40.023+0000] {processor.py:830} INFO - Processing file /home/airflow/.local/lib/python3.8/site-packages/airflow/example_dags/tutorial.py for tasks to queue
[2024-07-19T00:20:40.024+0000] {logging_mixin.py:188} INFO - [2024-07-19T00:20:40.024+0000] {dagbag.py:540} INFO - Filling up the DagBag from /home/airflow/.local/lib/python3.8/site-packages/airflow/example_dags/tutorial.py
[2024-07-19T00:20:40.028+0000] {processor.py:840} INFO - DAG(s) 'tutorial' retrieved from /home/airflow/.local/lib/python3.8/site-packages/airflow/example_dags/tutorial.py
[2024-07-19T00:20:40.045+0000] {logging_mixin.py:188} INFO - [2024-07-19T00:20:40.045+0000] {dag.py:3047} INFO - Sync 1 DAGs
[2024-07-19T00:20:40.063+0000] {logging_mixin.py:188} INFO - [2024-07-19T00:20:40.062+0000] {dag.py:3834} INFO - Setting next_dagrun for tutorial to 2024-07-18 00:00:00+00:00, run_after=2024-07-19 00:00:00+00:00
[2024-07-19T00:20:40.079+0000] {processor.py:183} INFO - Processing /home/airflow/.local/lib/python3.8/site-packages/airflow/example_dags/tutorial.py took 0.058 seconds
[2024-07-19T00:21:10.243+0000] {processor.py:161} INFO - Started process (PID=400) to work on /home/airflow/.local/lib/python3.8/site-packages/airflow/example_dags/tutorial.py
[2024-07-19T00:21:10.244+0000] {processor.py:830} INFO - Processing file /home/airflow/.local/lib/python3.8/site-packages/airflow/example_dags/tutorial.py for tasks to queue
[2024-07-19T00:21:10.244+0000] {logging_mixin.py:188} INFO - [2024-07-19T00:21:10.244+0000] {dagbag.py:540} INFO - Filling up the DagBag from /home/airflow/.local/lib/python3.8/site-packages/airflow/example_dags/tutorial.py
[2024-07-19T00:21:10.249+0000] {processor.py:840} INFO - DAG(s) 'tutorial' retrieved from /home/airflow/.local/lib/python3.8/site-packages/airflow/example_dags/tutorial.py
[2024-07-19T00:21:10.268+0000] {logging_mixin.py:188} INFO - [2024-07-19T00:21:10.268+0000] {dag.py:3047} INFO - Sync 1 DAGs
[2024-07-19T00:21:10.286+0000] {logging_mixin.py:188} INFO - [2024-07-19T00:21:10.286+0000] {dag.py:3834} INFO - Setting next_dagrun for tutorial to 2024-07-18 00:00:00+00:00, run_after=2024-07-19 00:00:00+00:00
[2024-07-19T00:21:10.303+0000] {processor.py:183} INFO - Processing /home/airflow/.local/lib/python3.8/site-packages/airflow/example_dags/tutorial.py took 0.062 seconds
[2024-07-19T00:21:40.454+0000] {processor.py:161} INFO - Started process (PID=456) to work on /home/airflow/.local/lib/python3.8/site-packages/airflow/example_dags/tutorial.py
[2024-07-19T00:21:40.455+0000] {processor.py:830} INFO - Processing file /home/airflow/.local/lib/python3.8/site-packages/airflow/example_dags/tutorial.py for tasks to queue
[2024-07-19T00:21:40.456+0000] {logging_mixin.py:188} INFO - [2024-07-19T00:21:40.455+0000] {dagbag.py:540} INFO - Filling up the DagBag from /home/airflow/.local/lib/python3.8/site-packages/airflow/example_dags/tutorial.py
[2024-07-19T00:21:40.460+0000] {processor.py:840} INFO - DAG(s) 'tutorial' retrieved from /home/airflow/.local/lib/python3.8/site-packages/airflow/example_dags/tutorial.py
[2024-07-19T00:21:40.477+0000] {logging_mixin.py:188} INFO - [2024-07-19T00:21:40.477+0000] {dag.py:3047} INFO - Sync 1 DAGs
[2024-07-19T00:21:40.495+0000] {logging_mixin.py:188} INFO - [2024-07-19T00:21:40.495+0000] {dag.py:3834} INFO - Setting next_dagrun for tutorial to 2024-07-18 00:00:00+00:00, run_after=2024-07-19 00:00:00+00:00
[2024-07-19T00:21:40.510+0000] {processor.py:183} INFO - Processing /home/airflow/.local/lib/python3.8/site-packages/airflow/example_dags/tutorial.py took 0.058 seconds
[2024-07-19T00:22:11.029+0000] {processor.py:161} INFO - Started process (PID=512) to work on /home/airflow/.local/lib/python3.8/site-packages/airflow/example_dags/tutorial.py
[2024-07-19T00:22:11.030+0000] {processor.py:830} INFO - Processing file /home/airflow/.local/lib/python3.8/site-packages/airflow/example_dags/tutorial.py for tasks to queue
[2024-07-19T00:22:11.031+0000] {logging_mixin.py:188} INFO - [2024-07-19T00:22:11.031+0000] {dagbag.py:540} INFO - Filling up the DagBag from /home/airflow/.local/lib/python3.8/site-packages/airflow/example_dags/tutorial.py
[2024-07-19T00:22:11.035+0000] {processor.py:840} INFO - DAG(s) 'tutorial' retrieved from /home/airflow/.local/lib/python3.8/site-packages/airflow/example_dags/tutorial.py
[2024-07-19T00:22:11.052+0000] {logging_mixin.py:188} INFO - [2024-07-19T00:22:11.052+0000] {dag.py:3047} INFO - Sync 1 DAGs
[2024-07-19T00:22:11.070+0000] {logging_mixin.py:188} INFO - [2024-07-19T00:22:11.069+0000] {dag.py:3834} INFO - Setting next_dagrun for tutorial to 2024-07-18 00:00:00+00:00, run_after=2024-07-19 00:00:00+00:00
[2024-07-19T00:22:11.086+0000] {processor.py:183} INFO - Processing /home/airflow/.local/lib/python3.8/site-packages/airflow/example_dags/tutorial.py took 0.060 seconds
[2024-07-19T00:22:41.259+0000] {processor.py:161} INFO - Started process (PID=568) to work on /home/airflow/.local/lib/python3.8/site-packages/airflow/example_dags/tutorial.py
[2024-07-19T00:22:41.260+0000] {processor.py:830} INFO - Processing file /home/airflow/.local/lib/python3.8/site-packages/airflow/example_dags/tutorial.py for tasks to queue
[2024-07-19T00:22:41.261+0000] {logging_mixin.py:188} INFO - [2024-07-19T00:22:41.260+0000] {dagbag.py:540} INFO - Filling up the DagBag from /home/airflow/.local/lib/python3.8/site-packages/airflow/example_dags/tutorial.py
[2024-07-19T00:22:41.266+0000] {processor.py:840} INFO - DAG(s) 'tutorial' retrieved from /home/airflow/.local/lib/python3.8/site-packages/airflow/example_dags/tutorial.py
[2024-07-19T00:22:41.285+0000] {logging_mixin.py:188} INFO - [2024-07-19T00:22:41.284+0000] {dag.py:3047} INFO - Sync 1 DAGs
[2024-07-19T00:22:41.303+0000] {logging_mixin.py:188} INFO - [2024-07-19T00:22:41.302+0000] {dag.py:3834} INFO - Setting next_dagrun for tutorial to 2024-07-18 00:00:00+00:00, run_after=2024-07-19 00:00:00+00:00
[2024-07-19T00:22:41.321+0000] {processor.py:183} INFO - Processing /home/airflow/.local/lib/python3.8/site-packages/airflow/example_dags/tutorial.py took 0.064 seconds
[2024-07-19T00:23:11.511+0000] {processor.py:161} INFO - Started process (PID=624) to work on /home/airflow/.local/lib/python3.8/site-packages/airflow/example_dags/tutorial.py
[2024-07-19T00:23:11.513+0000] {processor.py:830} INFO - Processing file /home/airflow/.local/lib/python3.8/site-packages/airflow/example_dags/tutorial.py for tasks to queue
[2024-07-19T00:23:11.514+0000] {logging_mixin.py:188} INFO - [2024-07-19T00:23:11.514+0000] {dagbag.py:540} INFO - Filling up the DagBag from /home/airflow/.local/lib/python3.8/site-packages/airflow/example_dags/tutorial.py
[2024-07-19T00:23:11.521+0000] {processor.py:840} INFO - DAG(s) 'tutorial' retrieved from /home/airflow/.local/lib/python3.8/site-packages/airflow/example_dags/tutorial.py
[2024-07-19T00:23:11.539+0000] {logging_mixin.py:188} INFO - [2024-07-19T00:23:11.539+0000] {dag.py:3047} INFO - Sync 1 DAGs
[2024-07-19T00:23:11.562+0000] {logging_mixin.py:188} INFO - [2024-07-19T00:23:11.562+0000] {dag.py:3834} INFO - Setting next_dagrun for tutorial to 2024-07-18 00:00:00+00:00, run_after=2024-07-19 00:00:00+00:00
[2024-07-19T00:23:11.583+0000] {processor.py:183} INFO - Processing /home/airflow/.local/lib/python3.8/site-packages/airflow/example_dags/tutorial.py took 0.074 seconds
[2024-07-19T00:23:41.762+0000] {processor.py:161} INFO - Started process (PID=680) to work on /home/airflow/.local/lib/python3.8/site-packages/airflow/example_dags/tutorial.py
[2024-07-19T00:23:41.763+0000] {processor.py:830} INFO - Processing file /home/airflow/.local/lib/python3.8/site-packages/airflow/example_dags/tutorial.py for tasks to queue
[2024-07-19T00:23:41.764+0000] {logging_mixin.py:188} INFO - [2024-07-19T00:23:41.764+0000] {dagbag.py:540} INFO - Filling up the DagBag from /home/airflow/.local/lib/python3.8/site-packages/airflow/example_dags/tutorial.py
[2024-07-19T00:23:41.768+0000] {processor.py:840} INFO - DAG(s) 'tutorial' retrieved from /home/airflow/.local/lib/python3.8/site-packages/airflow/example_dags/tutorial.py
[2024-07-19T00:23:41.784+0000] {logging_mixin.py:188} INFO - [2024-07-19T00:23:41.784+0000] {dag.py:3047} INFO - Sync 1 DAGs
[2024-07-19T00:23:41.802+0000] {logging_mixin.py:188} INFO - [2024-07-19T00:23:41.802+0000] {dag.py:3834} INFO - Setting next_dagrun for tutorial to 2024-07-18 00:00:00+00:00, run_after=2024-07-19 00:00:00+00:00
[2024-07-19T00:23:41.819+0000] {processor.py:183} INFO - Processing /home/airflow/.local/lib/python3.8/site-packages/airflow/example_dags/tutorial.py took 0.060 seconds
[2024-07-19T00:24:12.874+0000] {processor.py:161} INFO - Started process (PID=736) to work on /home/airflow/.local/lib/python3.8/site-packages/airflow/example_dags/tutorial.py
[2024-07-19T00:24:12.874+0000] {processor.py:830} INFO - Processing file /home/airflow/.local/lib/python3.8/site-packages/airflow/example_dags/tutorial.py for tasks to queue
[2024-07-19T00:24:12.875+0000] {logging_mixin.py:188} INFO - [2024-07-19T00:24:12.875+0000] {dagbag.py:540} INFO - Filling up the DagBag from /home/airflow/.local/lib/python3.8/site-packages/airflow/example_dags/tutorial.py
[2024-07-19T00:24:12.880+0000] {processor.py:840} INFO - DAG(s) 'tutorial' retrieved from /home/airflow/.local/lib/python3.8/site-packages/airflow/example_dags/tutorial.py
[2024-07-19T00:24:12.895+0000] {logging_mixin.py:188} INFO - [2024-07-19T00:24:12.895+0000] {dag.py:3047} INFO - Sync 1 DAGs
[2024-07-19T00:24:12.915+0000] {logging_mixin.py:188} INFO - [2024-07-19T00:24:12.914+0000] {dag.py:3834} INFO - Setting next_dagrun for tutorial to 2024-07-18 00:00:00+00:00, run_after=2024-07-19 00:00:00+00:00
[2024-07-19T00:24:12.931+0000] {processor.py:183} INFO - Processing /home/airflow/.local/lib/python3.8/site-packages/airflow/example_dags/tutorial.py took 0.060 seconds
[2024-07-19T00:24:43.040+0000] {processor.py:161} INFO - Started process (PID=792) to work on /home/airflow/.local/lib/python3.8/site-packages/airflow/example_dags/tutorial.py
[2024-07-19T00:24:43.041+0000] {processor.py:830} INFO - Processing file /home/airflow/.local/lib/python3.8/site-packages/airflow/example_dags/tutorial.py for tasks to queue
[2024-07-19T00:24:43.041+0000] {logging_mixin.py:188} INFO - [2024-07-19T00:24:43.041+0000] {dagbag.py:540} INFO - Filling up the DagBag from /home/airflow/.local/lib/python3.8/site-packages/airflow/example_dags/tutorial.py
[2024-07-19T00:24:43.046+0000] {processor.py:840} INFO - DAG(s) 'tutorial' retrieved from /home/airflow/.local/lib/python3.8/site-packages/airflow/example_dags/tutorial.py
[2024-07-19T00:24:43.061+0000] {logging_mixin.py:188} INFO - [2024-07-19T00:24:43.061+0000] {dag.py:3047} INFO - Sync 1 DAGs
[2024-07-19T00:24:43.077+0000] {logging_mixin.py:188} INFO - [2024-07-19T00:24:43.077+0000] {dag.py:3834} INFO - Setting next_dagrun for tutorial to 2024-07-18 00:00:00+00:00, run_after=2024-07-19 00:00:00+00:00
[2024-07-19T00:24:43.092+0000] {processor.py:183} INFO - Processing /home/airflow/.local/lib/python3.8/site-packages/airflow/example_dags/tutorial.py took 0.054 seconds
[2024-07-19T00:25:13.111+0000] {processor.py:161} INFO - Started process (PID=848) to work on /home/airflow/.local/lib/python3.8/site-packages/airflow/example_dags/tutorial.py
[2024-07-19T00:25:13.112+0000] {processor.py:830} INFO - Processing file /home/airflow/.local/lib/python3.8/site-packages/airflow/example_dags/tutorial.py for tasks to queue
[2024-07-19T00:25:13.112+0000] {logging_mixin.py:188} INFO - [2024-07-19T00:25:13.112+0000] {dagbag.py:540} INFO - Filling up the DagBag from /home/airflow/.local/lib/python3.8/site-packages/airflow/example_dags/tutorial.py
[2024-07-19T00:25:13.117+0000] {processor.py:840} INFO - DAG(s) 'tutorial' retrieved from /home/airflow/.local/lib/python3.8/site-packages/airflow/example_dags/tutorial.py
[2024-07-19T00:25:13.132+0000] {logging_mixin.py:188} INFO - [2024-07-19T00:25:13.132+0000] {dag.py:3047} INFO - Sync 1 DAGs
[2024-07-19T00:25:13.149+0000] {logging_mixin.py:188} INFO - [2024-07-19T00:25:13.149+0000] {dag.py:3834} INFO - Setting next_dagrun for tutorial to 2024-07-18 00:00:00+00:00, run_after=2024-07-19 00:00:00+00:00
[2024-07-19T00:25:13.164+0000] {processor.py:183} INFO - Processing /home/airflow/.local/lib/python3.8/site-packages/airflow/example_dags/tutorial.py took 0.056 seconds
[2024-07-19T00:25:44.135+0000] {processor.py:161} INFO - Started process (PID=904) to work on /home/airflow/.local/lib/python3.8/site-packages/airflow/example_dags/tutorial.py
[2024-07-19T00:25:44.135+0000] {processor.py:830} INFO - Processing file /home/airflow/.local/lib/python3.8/site-packages/airflow/example_dags/tutorial.py for tasks to queue
[2024-07-19T00:25:44.136+0000] {logging_mixin.py:188} INFO - [2024-07-19T00:25:44.136+0000] {dagbag.py:540} INFO - Filling up the DagBag from /home/airflow/.local/lib/python3.8/site-packages/airflow/example_dags/tutorial.py
[2024-07-19T00:25:44.141+0000] {processor.py:840} INFO - DAG(s) 'tutorial' retrieved from /home/airflow/.local/lib/python3.8/site-packages/airflow/example_dags/tutorial.py
[2024-07-19T00:25:44.157+0000] {logging_mixin.py:188} INFO - [2024-07-19T00:25:44.157+0000] {dag.py:3047} INFO - Sync 1 DAGs
[2024-07-19T00:25:44.175+0000] {logging_mixin.py:188} INFO - [2024-07-19T00:25:44.175+0000] {dag.py:3834} INFO - Setting next_dagrun for tutorial to 2024-07-18 00:00:00+00:00, run_after=2024-07-19 00:00:00+00:00
[2024-07-19T00:25:44.191+0000] {processor.py:183} INFO - Processing /home/airflow/.local/lib/python3.8/site-packages/airflow/example_dags/tutorial.py took 0.059 seconds
[2024-07-19T00:26:14.411+0000] {processor.py:161} INFO - Started process (PID=960) to work on /home/airflow/.local/lib/python3.8/site-packages/airflow/example_dags/tutorial.py
[2024-07-19T00:26:14.412+0000] {processor.py:830} INFO - Processing file /home/airflow/.local/lib/python3.8/site-packages/airflow/example_dags/tutorial.py for tasks to queue
[2024-07-19T00:26:14.412+0000] {logging_mixin.py:188} INFO - [2024-07-19T00:26:14.412+0000] {dagbag.py:540} INFO - Filling up the DagBag from /home/airflow/.local/lib/python3.8/site-packages/airflow/example_dags/tutorial.py
[2024-07-19T00:26:14.417+0000] {processor.py:840} INFO - DAG(s) 'tutorial' retrieved from /home/airflow/.local/lib/python3.8/site-packages/airflow/example_dags/tutorial.py
[2024-07-19T00:26:14.433+0000] {logging_mixin.py:188} INFO - [2024-07-19T00:26:14.432+0000] {dag.py:3047} INFO - Sync 1 DAGs
[2024-07-19T00:26:14.450+0000] {logging_mixin.py:188} INFO - [2024-07-19T00:26:14.449+0000] {dag.py:3834} INFO - Setting next_dagrun for tutorial to 2024-07-18 00:00:00+00:00, run_after=2024-07-19 00:00:00+00:00
[2024-07-19T00:26:14.466+0000] {processor.py:183} INFO - Processing /home/airflow/.local/lib/python3.8/site-packages/airflow/example_dags/tutorial.py took 0.057 seconds
[2024-07-19T00:26:44.618+0000] {processor.py:161} INFO - Started process (PID=1016) to work on /home/airflow/.local/lib/python3.8/site-packages/airflow/example_dags/tutorial.py
[2024-07-19T00:26:44.619+0000] {processor.py:830} INFO - Processing file /home/airflow/.local/lib/python3.8/site-packages/airflow/example_dags/tutorial.py for tasks to queue
[2024-07-19T00:26:44.619+0000] {logging_mixin.py:188} INFO - [2024-07-19T00:26:44.619+0000] {dagbag.py:540} INFO - Filling up the DagBag from /home/airflow/.local/lib/python3.8/site-packages/airflow/example_dags/tutorial.py
[2024-07-19T00:26:44.623+0000] {processor.py:840} INFO - DAG(s) 'tutorial' retrieved from /home/airflow/.local/lib/python3.8/site-packages/airflow/example_dags/tutorial.py
[2024-07-19T00:26:44.639+0000] {logging_mixin.py:188} INFO - [2024-07-19T00:26:44.638+0000] {dag.py:3047} INFO - Sync 1 DAGs
[2024-07-19T00:26:44.656+0000] {logging_mixin.py:188} INFO - [2024-07-19T00:26:44.656+0000] {dag.py:3834} INFO - Setting next_dagrun for tutorial to 2024-07-18 00:00:00+00:00, run_after=2024-07-19 00:00:00+00:00
[2024-07-19T00:26:44.671+0000] {processor.py:183} INFO - Processing /home/airflow/.local/lib/python3.8/site-packages/airflow/example_dags/tutorial.py took 0.056 seconds
[2024-07-19T00:27:14.938+0000] {processor.py:161} INFO - Started process (PID=1072) to work on /home/airflow/.local/lib/python3.8/site-packages/airflow/example_dags/tutorial.py
[2024-07-19T00:27:14.939+0000] {processor.py:830} INFO - Processing file /home/airflow/.local/lib/python3.8/site-packages/airflow/example_dags/tutorial.py for tasks to queue
[2024-07-19T00:27:14.940+0000] {logging_mixin.py:188} INFO - [2024-07-19T00:27:14.939+0000] {dagbag.py:540} INFO - Filling up the DagBag from /home/airflow/.local/lib/python3.8/site-packages/airflow/example_dags/tutorial.py
[2024-07-19T00:27:14.945+0000] {processor.py:840} INFO - DAG(s) 'tutorial' retrieved from /home/airflow/.local/lib/python3.8/site-packages/airflow/example_dags/tutorial.py
[2024-07-19T00:27:14.961+0000] {logging_mixin.py:188} INFO - [2024-07-19T00:27:14.960+0000] {dag.py:3047} INFO - Sync 1 DAGs
[2024-07-19T00:27:14.978+0000] {logging_mixin.py:188} INFO - [2024-07-19T00:27:14.978+0000] {dag.py:3834} INFO - Setting next_dagrun for tutorial to 2024-07-18 00:00:00+00:00, run_after=2024-07-19 00:00:00+00:00
[2024-07-19T00:27:14.994+0000] {processor.py:183} INFO - Processing /home/airflow/.local/lib/python3.8/site-packages/airflow/example_dags/tutorial.py took 0.058 seconds
[2024-07-19T00:27:45.952+0000] {processor.py:161} INFO - Started process (PID=1129) to work on /home/airflow/.local/lib/python3.8/site-packages/airflow/example_dags/tutorial.py
[2024-07-19T00:27:45.953+0000] {processor.py:830} INFO - Processing file /home/airflow/.local/lib/python3.8/site-packages/airflow/example_dags/tutorial.py for tasks to queue
[2024-07-19T00:27:45.954+0000] {logging_mixin.py:188} INFO - [2024-07-19T00:27:45.953+0000] {dagbag.py:540} INFO - Filling up the DagBag from /home/airflow/.local/lib/python3.8/site-packages/airflow/example_dags/tutorial.py
[2024-07-19T00:27:45.959+0000] {processor.py:840} INFO - DAG(s) 'tutorial' retrieved from /home/airflow/.local/lib/python3.8/site-packages/airflow/example_dags/tutorial.py
[2024-07-19T00:27:45.975+0000] {logging_mixin.py:188} INFO - [2024-07-19T00:27:45.975+0000] {dag.py:3047} INFO - Sync 1 DAGs
[2024-07-19T00:27:45.993+0000] {logging_mixin.py:188} INFO - [2024-07-19T00:27:45.993+0000] {dag.py:3834} INFO - Setting next_dagrun for tutorial to 2024-07-18 00:00:00+00:00, run_after=2024-07-19 00:00:00+00:00
[2024-07-19T00:27:46.010+0000] {processor.py:183} INFO - Processing /home/airflow/.local/lib/python3.8/site-packages/airflow/example_dags/tutorial.py took 0.061 seconds
[2024-07-19T00:28:16.139+0000] {processor.py:161} INFO - Started process (PID=1186) to work on /home/airflow/.local/lib/python3.8/site-packages/airflow/example_dags/tutorial.py
[2024-07-19T00:28:16.141+0000] {processor.py:830} INFO - Processing file /home/airflow/.local/lib/python3.8/site-packages/airflow/example_dags/tutorial.py for tasks to queue
[2024-07-19T00:28:16.141+0000] {logging_mixin.py:188} INFO - [2024-07-19T00:28:16.141+0000] {dagbag.py:540} INFO - Filling up the DagBag from /home/airflow/.local/lib/python3.8/site-packages/airflow/example_dags/tutorial.py
[2024-07-19T00:28:16.146+0000] {processor.py:840} INFO - DAG(s) 'tutorial' retrieved from /home/airflow/.local/lib/python3.8/site-packages/airflow/example_dags/tutorial.py
[2024-07-19T00:28:16.161+0000] {logging_mixin.py:188} INFO - [2024-07-19T00:28:16.161+0000] {dag.py:3047} INFO - Sync 1 DAGs
[2024-07-19T00:28:16.178+0000] {logging_mixin.py:188} INFO - [2024-07-19T00:28:16.178+0000] {dag.py:3834} INFO - Setting next_dagrun for tutorial to 2024-07-18 00:00:00+00:00, run_after=2024-07-19 00:00:00+00:00
[2024-07-19T00:28:16.195+0000] {processor.py:183} INFO - Processing /home/airflow/.local/lib/python3.8/site-packages/airflow/example_dags/tutorial.py took 0.058 seconds
[2024-07-19T00:28:46.309+0000] {processor.py:161} INFO - Started process (PID=1242) to work on /home/airflow/.local/lib/python3.8/site-packages/airflow/example_dags/tutorial.py
[2024-07-19T00:28:46.309+0000] {processor.py:830} INFO - Processing file /home/airflow/.local/lib/python3.8/site-packages/airflow/example_dags/tutorial.py for tasks to queue
[2024-07-19T00:28:46.310+0000] {logging_mixin.py:188} INFO - [2024-07-19T00:28:46.310+0000] {dagbag.py:540} INFO - Filling up the DagBag from /home/airflow/.local/lib/python3.8/site-packages/airflow/example_dags/tutorial.py
[2024-07-19T00:28:46.314+0000] {processor.py:840} INFO - DAG(s) 'tutorial' retrieved from /home/airflow/.local/lib/python3.8/site-packages/airflow/example_dags/tutorial.py
[2024-07-19T00:28:46.329+0000] {logging_mixin.py:188} INFO - [2024-07-19T00:28:46.329+0000] {dag.py:3047} INFO - Sync 1 DAGs
[2024-07-19T00:28:46.345+0000] {logging_mixin.py:188} INFO - [2024-07-19T00:28:46.345+0000] {dag.py:3834} INFO - Setting next_dagrun for tutorial to 2024-07-18 00:00:00+00:00, run_after=2024-07-19 00:00:00+00:00
[2024-07-19T00:28:46.361+0000] {processor.py:183} INFO - Processing /home/airflow/.local/lib/python3.8/site-packages/airflow/example_dags/tutorial.py took 0.054 seconds
