[2024-07-19T00:00:21.750+0000] {processor.py:161} INFO - Started process (PID=1525) to work on /home/airflow/.local/lib/python3.8/site-packages/airflow/example_dags/tutorial_taskflow_api.py
[2024-07-19T00:00:21.751+0000] {processor.py:830} INFO - Processing file /home/airflow/.local/lib/python3.8/site-packages/airflow/example_dags/tutorial_taskflow_api.py for tasks to queue
[2024-07-19T00:00:21.752+0000] {logging_mixin.py:188} INFO - [2024-07-19T00:00:21.752+0000] {dagbag.py:540} INFO - Filling up the DagBag from /home/airflow/.local/lib/python3.8/site-packages/airflow/example_dags/tutorial_taskflow_api.py
[2024-07-19T00:00:21.756+0000] {processor.py:840} INFO - DAG(s) 'tutorial_taskflow_api' retrieved from /home/airflow/.local/lib/python3.8/site-packages/airflow/example_dags/tutorial_taskflow_api.py
[2024-07-19T00:00:21.773+0000] {logging_mixin.py:188} INFO - [2024-07-19T00:00:21.772+0000] {dag.py:3047} INFO - Sync 1 DAGs
[2024-07-19T00:00:21.782+0000] {logging_mixin.py:188} INFO - [2024-07-19T00:00:21.782+0000] {dag.py:3834} INFO - Setting next_dagrun for tutorial_taskflow_api to None, run_after=None
[2024-07-19T00:00:21.797+0000] {processor.py:183} INFO - Processing /home/airflow/.local/lib/python3.8/site-packages/airflow/example_dags/tutorial_taskflow_api.py took 0.049 seconds
[2024-07-19T00:00:52.033+0000] {processor.py:161} INFO - Started process (PID=1581) to work on /home/airflow/.local/lib/python3.8/site-packages/airflow/example_dags/tutorial_taskflow_api.py
[2024-07-19T00:00:52.034+0000] {processor.py:830} INFO - Processing file /home/airflow/.local/lib/python3.8/site-packages/airflow/example_dags/tutorial_taskflow_api.py for tasks to queue
[2024-07-19T00:00:52.035+0000] {logging_mixin.py:188} INFO - [2024-07-19T00:00:52.035+0000] {dagbag.py:540} INFO - Filling up the DagBag from /home/airflow/.local/lib/python3.8/site-packages/airflow/example_dags/tutorial_taskflow_api.py
[2024-07-19T00:00:52.040+0000] {processor.py:840} INFO - DAG(s) 'tutorial_taskflow_api' retrieved from /home/airflow/.local/lib/python3.8/site-packages/airflow/example_dags/tutorial_taskflow_api.py
[2024-07-19T00:00:52.055+0000] {logging_mixin.py:188} INFO - [2024-07-19T00:00:52.055+0000] {dag.py:3047} INFO - Sync 1 DAGs
[2024-07-19T00:00:52.065+0000] {logging_mixin.py:188} INFO - [2024-07-19T00:00:52.065+0000] {dag.py:3834} INFO - Setting next_dagrun for tutorial_taskflow_api to None, run_after=None
[2024-07-19T00:00:52.080+0000] {processor.py:183} INFO - Processing /home/airflow/.local/lib/python3.8/site-packages/airflow/example_dags/tutorial_taskflow_api.py took 0.049 seconds
[2024-07-19T00:01:22.368+0000] {processor.py:161} INFO - Started process (PID=1637) to work on /home/airflow/.local/lib/python3.8/site-packages/airflow/example_dags/tutorial_taskflow_api.py
[2024-07-19T00:01:22.369+0000] {processor.py:830} INFO - Processing file /home/airflow/.local/lib/python3.8/site-packages/airflow/example_dags/tutorial_taskflow_api.py for tasks to queue
[2024-07-19T00:01:22.370+0000] {logging_mixin.py:188} INFO - [2024-07-19T00:01:22.370+0000] {dagbag.py:540} INFO - Filling up the DagBag from /home/airflow/.local/lib/python3.8/site-packages/airflow/example_dags/tutorial_taskflow_api.py
[2024-07-19T00:01:22.376+0000] {processor.py:840} INFO - DAG(s) 'tutorial_taskflow_api' retrieved from /home/airflow/.local/lib/python3.8/site-packages/airflow/example_dags/tutorial_taskflow_api.py
[2024-07-19T00:01:22.393+0000] {logging_mixin.py:188} INFO - [2024-07-19T00:01:22.392+0000] {dag.py:3047} INFO - Sync 1 DAGs
[2024-07-19T00:01:22.403+0000] {logging_mixin.py:188} INFO - [2024-07-19T00:01:22.403+0000] {dag.py:3834} INFO - Setting next_dagrun for tutorial_taskflow_api to None, run_after=None
[2024-07-19T00:01:22.421+0000] {processor.py:183} INFO - Processing /home/airflow/.local/lib/python3.8/site-packages/airflow/example_dags/tutorial_taskflow_api.py took 0.056 seconds
[2024-07-19T00:01:52.721+0000] {processor.py:161} INFO - Started process (PID=1693) to work on /home/airflow/.local/lib/python3.8/site-packages/airflow/example_dags/tutorial_taskflow_api.py
[2024-07-19T00:01:52.722+0000] {processor.py:830} INFO - Processing file /home/airflow/.local/lib/python3.8/site-packages/airflow/example_dags/tutorial_taskflow_api.py for tasks to queue
[2024-07-19T00:01:52.723+0000] {logging_mixin.py:188} INFO - [2024-07-19T00:01:52.723+0000] {dagbag.py:540} INFO - Filling up the DagBag from /home/airflow/.local/lib/python3.8/site-packages/airflow/example_dags/tutorial_taskflow_api.py
[2024-07-19T00:01:52.727+0000] {processor.py:840} INFO - DAG(s) 'tutorial_taskflow_api' retrieved from /home/airflow/.local/lib/python3.8/site-packages/airflow/example_dags/tutorial_taskflow_api.py
[2024-07-19T00:01:52.748+0000] {logging_mixin.py:188} INFO - [2024-07-19T00:01:52.747+0000] {dag.py:3047} INFO - Sync 1 DAGs
[2024-07-19T00:01:52.758+0000] {logging_mixin.py:188} INFO - [2024-07-19T00:01:52.758+0000] {dag.py:3834} INFO - Setting next_dagrun for tutorial_taskflow_api to None, run_after=None
[2024-07-19T00:01:52.776+0000] {processor.py:183} INFO - Processing /home/airflow/.local/lib/python3.8/site-packages/airflow/example_dags/tutorial_taskflow_api.py took 0.057 seconds
[2024-07-19T00:02:22.834+0000] {processor.py:161} INFO - Started process (PID=1748) to work on /home/airflow/.local/lib/python3.8/site-packages/airflow/example_dags/tutorial_taskflow_api.py
[2024-07-19T00:02:22.835+0000] {processor.py:830} INFO - Processing file /home/airflow/.local/lib/python3.8/site-packages/airflow/example_dags/tutorial_taskflow_api.py for tasks to queue
[2024-07-19T00:02:22.836+0000] {logging_mixin.py:188} INFO - [2024-07-19T00:02:22.836+0000] {dagbag.py:540} INFO - Filling up the DagBag from /home/airflow/.local/lib/python3.8/site-packages/airflow/example_dags/tutorial_taskflow_api.py
[2024-07-19T00:02:22.840+0000] {processor.py:840} INFO - DAG(s) 'tutorial_taskflow_api' retrieved from /home/airflow/.local/lib/python3.8/site-packages/airflow/example_dags/tutorial_taskflow_api.py
[2024-07-19T00:02:22.855+0000] {logging_mixin.py:188} INFO - [2024-07-19T00:02:22.855+0000] {dag.py:3047} INFO - Sync 1 DAGs
[2024-07-19T00:02:22.864+0000] {logging_mixin.py:188} INFO - [2024-07-19T00:02:22.864+0000] {dag.py:3834} INFO - Setting next_dagrun for tutorial_taskflow_api to None, run_after=None
[2024-07-19T00:02:22.878+0000] {processor.py:183} INFO - Processing /home/airflow/.local/lib/python3.8/site-packages/airflow/example_dags/tutorial_taskflow_api.py took 0.046 seconds
[2024-07-19T00:02:53.955+0000] {processor.py:161} INFO - Started process (PID=1805) to work on /home/airflow/.local/lib/python3.8/site-packages/airflow/example_dags/tutorial_taskflow_api.py
[2024-07-19T00:02:53.956+0000] {processor.py:830} INFO - Processing file /home/airflow/.local/lib/python3.8/site-packages/airflow/example_dags/tutorial_taskflow_api.py for tasks to queue
[2024-07-19T00:02:53.957+0000] {logging_mixin.py:188} INFO - [2024-07-19T00:02:53.957+0000] {dagbag.py:540} INFO - Filling up the DagBag from /home/airflow/.local/lib/python3.8/site-packages/airflow/example_dags/tutorial_taskflow_api.py
[2024-07-19T00:02:53.961+0000] {processor.py:840} INFO - DAG(s) 'tutorial_taskflow_api' retrieved from /home/airflow/.local/lib/python3.8/site-packages/airflow/example_dags/tutorial_taskflow_api.py
[2024-07-19T00:02:53.977+0000] {logging_mixin.py:188} INFO - [2024-07-19T00:02:53.977+0000] {dag.py:3047} INFO - Sync 1 DAGs
[2024-07-19T00:02:53.987+0000] {logging_mixin.py:188} INFO - [2024-07-19T00:02:53.986+0000] {dag.py:3834} INFO - Setting next_dagrun for tutorial_taskflow_api to None, run_after=None
[2024-07-19T00:02:54.003+0000] {processor.py:183} INFO - Processing /home/airflow/.local/lib/python3.8/site-packages/airflow/example_dags/tutorial_taskflow_api.py took 0.052 seconds
[2024-07-19T00:03:24.161+0000] {processor.py:161} INFO - Started process (PID=1860) to work on /home/airflow/.local/lib/python3.8/site-packages/airflow/example_dags/tutorial_taskflow_api.py
[2024-07-19T00:03:24.162+0000] {processor.py:830} INFO - Processing file /home/airflow/.local/lib/python3.8/site-packages/airflow/example_dags/tutorial_taskflow_api.py for tasks to queue
[2024-07-19T00:03:24.163+0000] {logging_mixin.py:188} INFO - [2024-07-19T00:03:24.163+0000] {dagbag.py:540} INFO - Filling up the DagBag from /home/airflow/.local/lib/python3.8/site-packages/airflow/example_dags/tutorial_taskflow_api.py
[2024-07-19T00:03:24.167+0000] {processor.py:840} INFO - DAG(s) 'tutorial_taskflow_api' retrieved from /home/airflow/.local/lib/python3.8/site-packages/airflow/example_dags/tutorial_taskflow_api.py
[2024-07-19T00:03:24.182+0000] {logging_mixin.py:188} INFO - [2024-07-19T00:03:24.182+0000] {dag.py:3047} INFO - Sync 1 DAGs
[2024-07-19T00:03:24.191+0000] {logging_mixin.py:188} INFO - [2024-07-19T00:03:24.191+0000] {dag.py:3834} INFO - Setting next_dagrun for tutorial_taskflow_api to None, run_after=None
[2024-07-19T00:03:24.206+0000] {processor.py:183} INFO - Processing /home/airflow/.local/lib/python3.8/site-packages/airflow/example_dags/tutorial_taskflow_api.py took 0.046 seconds
[2024-07-19T00:03:54.358+0000] {processor.py:161} INFO - Started process (PID=1916) to work on /home/airflow/.local/lib/python3.8/site-packages/airflow/example_dags/tutorial_taskflow_api.py
[2024-07-19T00:03:54.359+0000] {processor.py:830} INFO - Processing file /home/airflow/.local/lib/python3.8/site-packages/airflow/example_dags/tutorial_taskflow_api.py for tasks to queue
[2024-07-19T00:03:54.360+0000] {logging_mixin.py:188} INFO - [2024-07-19T00:03:54.360+0000] {dagbag.py:540} INFO - Filling up the DagBag from /home/airflow/.local/lib/python3.8/site-packages/airflow/example_dags/tutorial_taskflow_api.py
[2024-07-19T00:03:54.364+0000] {processor.py:840} INFO - DAG(s) 'tutorial_taskflow_api' retrieved from /home/airflow/.local/lib/python3.8/site-packages/airflow/example_dags/tutorial_taskflow_api.py
[2024-07-19T00:03:54.378+0000] {logging_mixin.py:188} INFO - [2024-07-19T00:03:54.378+0000] {dag.py:3047} INFO - Sync 1 DAGs
[2024-07-19T00:03:54.387+0000] {logging_mixin.py:188} INFO - [2024-07-19T00:03:54.387+0000] {dag.py:3834} INFO - Setting next_dagrun for tutorial_taskflow_api to None, run_after=None
[2024-07-19T00:03:54.401+0000] {processor.py:183} INFO - Processing /home/airflow/.local/lib/python3.8/site-packages/airflow/example_dags/tutorial_taskflow_api.py took 0.044 seconds
[2024-07-19T00:04:24.649+0000] {processor.py:161} INFO - Started process (PID=1972) to work on /home/airflow/.local/lib/python3.8/site-packages/airflow/example_dags/tutorial_taskflow_api.py
[2024-07-19T00:04:24.650+0000] {processor.py:830} INFO - Processing file /home/airflow/.local/lib/python3.8/site-packages/airflow/example_dags/tutorial_taskflow_api.py for tasks to queue
[2024-07-19T00:04:24.651+0000] {logging_mixin.py:188} INFO - [2024-07-19T00:04:24.651+0000] {dagbag.py:540} INFO - Filling up the DagBag from /home/airflow/.local/lib/python3.8/site-packages/airflow/example_dags/tutorial_taskflow_api.py
[2024-07-19T00:04:24.655+0000] {processor.py:840} INFO - DAG(s) 'tutorial_taskflow_api' retrieved from /home/airflow/.local/lib/python3.8/site-packages/airflow/example_dags/tutorial_taskflow_api.py
[2024-07-19T00:04:24.672+0000] {logging_mixin.py:188} INFO - [2024-07-19T00:04:24.672+0000] {dag.py:3047} INFO - Sync 1 DAGs
[2024-07-19T00:04:24.682+0000] {logging_mixin.py:188} INFO - [2024-07-19T00:04:24.682+0000] {dag.py:3834} INFO - Setting next_dagrun for tutorial_taskflow_api to None, run_after=None
[2024-07-19T00:04:24.698+0000] {processor.py:183} INFO - Processing /home/airflow/.local/lib/python3.8/site-packages/airflow/example_dags/tutorial_taskflow_api.py took 0.052 seconds
[2024-07-19T00:04:54.862+0000] {processor.py:161} INFO - Started process (PID=2028) to work on /home/airflow/.local/lib/python3.8/site-packages/airflow/example_dags/tutorial_taskflow_api.py
[2024-07-19T00:04:54.863+0000] {processor.py:830} INFO - Processing file /home/airflow/.local/lib/python3.8/site-packages/airflow/example_dags/tutorial_taskflow_api.py for tasks to queue
[2024-07-19T00:04:54.864+0000] {logging_mixin.py:188} INFO - [2024-07-19T00:04:54.864+0000] {dagbag.py:540} INFO - Filling up the DagBag from /home/airflow/.local/lib/python3.8/site-packages/airflow/example_dags/tutorial_taskflow_api.py
[2024-07-19T00:04:54.868+0000] {processor.py:840} INFO - DAG(s) 'tutorial_taskflow_api' retrieved from /home/airflow/.local/lib/python3.8/site-packages/airflow/example_dags/tutorial_taskflow_api.py
[2024-07-19T00:04:54.883+0000] {logging_mixin.py:188} INFO - [2024-07-19T00:04:54.882+0000] {dag.py:3047} INFO - Sync 1 DAGs
[2024-07-19T00:04:54.891+0000] {logging_mixin.py:188} INFO - [2024-07-19T00:04:54.891+0000] {dag.py:3834} INFO - Setting next_dagrun for tutorial_taskflow_api to None, run_after=None
[2024-07-19T00:04:54.905+0000] {processor.py:183} INFO - Processing /home/airflow/.local/lib/python3.8/site-packages/airflow/example_dags/tutorial_taskflow_api.py took 0.045 seconds
[2024-07-19T00:05:25.108+0000] {processor.py:161} INFO - Started process (PID=2084) to work on /home/airflow/.local/lib/python3.8/site-packages/airflow/example_dags/tutorial_taskflow_api.py
[2024-07-19T00:05:25.108+0000] {processor.py:830} INFO - Processing file /home/airflow/.local/lib/python3.8/site-packages/airflow/example_dags/tutorial_taskflow_api.py for tasks to queue
[2024-07-19T00:05:25.110+0000] {logging_mixin.py:188} INFO - [2024-07-19T00:05:25.109+0000] {dagbag.py:540} INFO - Filling up the DagBag from /home/airflow/.local/lib/python3.8/site-packages/airflow/example_dags/tutorial_taskflow_api.py
[2024-07-19T00:05:25.114+0000] {processor.py:840} INFO - DAG(s) 'tutorial_taskflow_api' retrieved from /home/airflow/.local/lib/python3.8/site-packages/airflow/example_dags/tutorial_taskflow_api.py
[2024-07-19T00:05:25.131+0000] {logging_mixin.py:188} INFO - [2024-07-19T00:05:25.131+0000] {dag.py:3047} INFO - Sync 1 DAGs
[2024-07-19T00:05:25.141+0000] {logging_mixin.py:188} INFO - [2024-07-19T00:05:25.141+0000] {dag.py:3834} INFO - Setting next_dagrun for tutorial_taskflow_api to None, run_after=None
[2024-07-19T00:05:25.158+0000] {processor.py:183} INFO - Processing /home/airflow/.local/lib/python3.8/site-packages/airflow/example_dags/tutorial_taskflow_api.py took 0.052 seconds
[2024-07-19T00:05:55.458+0000] {processor.py:161} INFO - Started process (PID=2140) to work on /home/airflow/.local/lib/python3.8/site-packages/airflow/example_dags/tutorial_taskflow_api.py
[2024-07-19T00:05:55.458+0000] {processor.py:830} INFO - Processing file /home/airflow/.local/lib/python3.8/site-packages/airflow/example_dags/tutorial_taskflow_api.py for tasks to queue
[2024-07-19T00:05:55.459+0000] {logging_mixin.py:188} INFO - [2024-07-19T00:05:55.459+0000] {dagbag.py:540} INFO - Filling up the DagBag from /home/airflow/.local/lib/python3.8/site-packages/airflow/example_dags/tutorial_taskflow_api.py
[2024-07-19T00:05:55.464+0000] {processor.py:840} INFO - DAG(s) 'tutorial_taskflow_api' retrieved from /home/airflow/.local/lib/python3.8/site-packages/airflow/example_dags/tutorial_taskflow_api.py
[2024-07-19T00:05:55.480+0000] {logging_mixin.py:188} INFO - [2024-07-19T00:05:55.480+0000] {dag.py:3047} INFO - Sync 1 DAGs
[2024-07-19T00:05:55.489+0000] {logging_mixin.py:188} INFO - [2024-07-19T00:05:55.489+0000] {dag.py:3834} INFO - Setting next_dagrun for tutorial_taskflow_api to None, run_after=None
[2024-07-19T00:05:55.504+0000] {processor.py:183} INFO - Processing /home/airflow/.local/lib/python3.8/site-packages/airflow/example_dags/tutorial_taskflow_api.py took 0.048 seconds
[2024-07-19T00:06:25.865+0000] {processor.py:161} INFO - Started process (PID=2196) to work on /home/airflow/.local/lib/python3.8/site-packages/airflow/example_dags/tutorial_taskflow_api.py
[2024-07-19T00:06:25.866+0000] {processor.py:830} INFO - Processing file /home/airflow/.local/lib/python3.8/site-packages/airflow/example_dags/tutorial_taskflow_api.py for tasks to queue
[2024-07-19T00:06:25.868+0000] {logging_mixin.py:188} INFO - [2024-07-19T00:06:25.868+0000] {dagbag.py:540} INFO - Filling up the DagBag from /home/airflow/.local/lib/python3.8/site-packages/airflow/example_dags/tutorial_taskflow_api.py
[2024-07-19T00:06:25.874+0000] {processor.py:840} INFO - DAG(s) 'tutorial_taskflow_api' retrieved from /home/airflow/.local/lib/python3.8/site-packages/airflow/example_dags/tutorial_taskflow_api.py
[2024-07-19T00:06:25.892+0000] {logging_mixin.py:188} INFO - [2024-07-19T00:06:25.891+0000] {dag.py:3047} INFO - Sync 1 DAGs
[2024-07-19T00:06:25.903+0000] {logging_mixin.py:188} INFO - [2024-07-19T00:06:25.902+0000] {dag.py:3834} INFO - Setting next_dagrun for tutorial_taskflow_api to None, run_after=None
[2024-07-19T00:06:25.921+0000] {processor.py:183} INFO - Processing /home/airflow/.local/lib/python3.8/site-packages/airflow/example_dags/tutorial_taskflow_api.py took 0.058 seconds
[2024-07-19T00:06:56.212+0000] {processor.py:161} INFO - Started process (PID=2252) to work on /home/airflow/.local/lib/python3.8/site-packages/airflow/example_dags/tutorial_taskflow_api.py
[2024-07-19T00:06:56.212+0000] {processor.py:830} INFO - Processing file /home/airflow/.local/lib/python3.8/site-packages/airflow/example_dags/tutorial_taskflow_api.py for tasks to queue
[2024-07-19T00:06:56.214+0000] {logging_mixin.py:188} INFO - [2024-07-19T00:06:56.213+0000] {dagbag.py:540} INFO - Filling up the DagBag from /home/airflow/.local/lib/python3.8/site-packages/airflow/example_dags/tutorial_taskflow_api.py
[2024-07-19T00:06:56.218+0000] {processor.py:840} INFO - DAG(s) 'tutorial_taskflow_api' retrieved from /home/airflow/.local/lib/python3.8/site-packages/airflow/example_dags/tutorial_taskflow_api.py
[2024-07-19T00:06:56.234+0000] {logging_mixin.py:188} INFO - [2024-07-19T00:06:56.234+0000] {dag.py:3047} INFO - Sync 1 DAGs
[2024-07-19T00:06:56.244+0000] {logging_mixin.py:188} INFO - [2024-07-19T00:06:56.244+0000] {dag.py:3834} INFO - Setting next_dagrun for tutorial_taskflow_api to None, run_after=None
[2024-07-19T00:06:56.259+0000] {processor.py:183} INFO - Processing /home/airflow/.local/lib/python3.8/site-packages/airflow/example_dags/tutorial_taskflow_api.py took 0.050 seconds
[2024-07-19T00:07:26.343+0000] {processor.py:161} INFO - Started process (PID=2307) to work on /home/airflow/.local/lib/python3.8/site-packages/airflow/example_dags/tutorial_taskflow_api.py
[2024-07-19T00:07:26.344+0000] {processor.py:830} INFO - Processing file /home/airflow/.local/lib/python3.8/site-packages/airflow/example_dags/tutorial_taskflow_api.py for tasks to queue
[2024-07-19T00:07:26.345+0000] {logging_mixin.py:188} INFO - [2024-07-19T00:07:26.345+0000] {dagbag.py:540} INFO - Filling up the DagBag from /home/airflow/.local/lib/python3.8/site-packages/airflow/example_dags/tutorial_taskflow_api.py
[2024-07-19T00:07:26.350+0000] {processor.py:840} INFO - DAG(s) 'tutorial_taskflow_api' retrieved from /home/airflow/.local/lib/python3.8/site-packages/airflow/example_dags/tutorial_taskflow_api.py
[2024-07-19T00:07:26.364+0000] {logging_mixin.py:188} INFO - [2024-07-19T00:07:26.364+0000] {dag.py:3047} INFO - Sync 1 DAGs
[2024-07-19T00:07:26.374+0000] {logging_mixin.py:188} INFO - [2024-07-19T00:07:26.373+0000] {dag.py:3834} INFO - Setting next_dagrun for tutorial_taskflow_api to None, run_after=None
[2024-07-19T00:07:26.389+0000] {processor.py:183} INFO - Processing /home/airflow/.local/lib/python3.8/site-packages/airflow/example_dags/tutorial_taskflow_api.py took 0.048 seconds
[2024-07-19T00:07:56.827+0000] {processor.py:161} INFO - Started process (PID=2363) to work on /home/airflow/.local/lib/python3.8/site-packages/airflow/example_dags/tutorial_taskflow_api.py
[2024-07-19T00:07:56.828+0000] {processor.py:830} INFO - Processing file /home/airflow/.local/lib/python3.8/site-packages/airflow/example_dags/tutorial_taskflow_api.py for tasks to queue
[2024-07-19T00:07:56.829+0000] {logging_mixin.py:188} INFO - [2024-07-19T00:07:56.829+0000] {dagbag.py:540} INFO - Filling up the DagBag from /home/airflow/.local/lib/python3.8/site-packages/airflow/example_dags/tutorial_taskflow_api.py
[2024-07-19T00:07:56.833+0000] {processor.py:840} INFO - DAG(s) 'tutorial_taskflow_api' retrieved from /home/airflow/.local/lib/python3.8/site-packages/airflow/example_dags/tutorial_taskflow_api.py
[2024-07-19T00:07:56.849+0000] {logging_mixin.py:188} INFO - [2024-07-19T00:07:56.849+0000] {dag.py:3047} INFO - Sync 1 DAGs
[2024-07-19T00:07:56.858+0000] {logging_mixin.py:188} INFO - [2024-07-19T00:07:56.858+0000] {dag.py:3834} INFO - Setting next_dagrun for tutorial_taskflow_api to None, run_after=None
[2024-07-19T00:07:56.875+0000] {processor.py:183} INFO - Processing /home/airflow/.local/lib/python3.8/site-packages/airflow/example_dags/tutorial_taskflow_api.py took 0.050 seconds
[2024-07-19T00:08:27.240+0000] {processor.py:161} INFO - Started process (PID=2419) to work on /home/airflow/.local/lib/python3.8/site-packages/airflow/example_dags/tutorial_taskflow_api.py
[2024-07-19T00:08:27.241+0000] {processor.py:830} INFO - Processing file /home/airflow/.local/lib/python3.8/site-packages/airflow/example_dags/tutorial_taskflow_api.py for tasks to queue
[2024-07-19T00:08:27.243+0000] {logging_mixin.py:188} INFO - [2024-07-19T00:08:27.242+0000] {dagbag.py:540} INFO - Filling up the DagBag from /home/airflow/.local/lib/python3.8/site-packages/airflow/example_dags/tutorial_taskflow_api.py
[2024-07-19T00:08:27.247+0000] {processor.py:840} INFO - DAG(s) 'tutorial_taskflow_api' retrieved from /home/airflow/.local/lib/python3.8/site-packages/airflow/example_dags/tutorial_taskflow_api.py
[2024-07-19T00:08:27.264+0000] {logging_mixin.py:188} INFO - [2024-07-19T00:08:27.263+0000] {dag.py:3047} INFO - Sync 1 DAGs
[2024-07-19T00:08:27.274+0000] {logging_mixin.py:188} INFO - [2024-07-19T00:08:27.274+0000] {dag.py:3834} INFO - Setting next_dagrun for tutorial_taskflow_api to None, run_after=None
[2024-07-19T00:08:27.293+0000] {processor.py:183} INFO - Processing /home/airflow/.local/lib/python3.8/site-packages/airflow/example_dags/tutorial_taskflow_api.py took 0.055 seconds
[2024-07-19T00:08:57.749+0000] {processor.py:161} INFO - Started process (PID=2475) to work on /home/airflow/.local/lib/python3.8/site-packages/airflow/example_dags/tutorial_taskflow_api.py
[2024-07-19T00:08:57.750+0000] {processor.py:830} INFO - Processing file /home/airflow/.local/lib/python3.8/site-packages/airflow/example_dags/tutorial_taskflow_api.py for tasks to queue
[2024-07-19T00:08:57.752+0000] {logging_mixin.py:188} INFO - [2024-07-19T00:08:57.751+0000] {dagbag.py:540} INFO - Filling up the DagBag from /home/airflow/.local/lib/python3.8/site-packages/airflow/example_dags/tutorial_taskflow_api.py
[2024-07-19T00:08:57.757+0000] {processor.py:840} INFO - DAG(s) 'tutorial_taskflow_api' retrieved from /home/airflow/.local/lib/python3.8/site-packages/airflow/example_dags/tutorial_taskflow_api.py
[2024-07-19T00:08:57.774+0000] {logging_mixin.py:188} INFO - [2024-07-19T00:08:57.773+0000] {dag.py:3047} INFO - Sync 1 DAGs
[2024-07-19T00:08:57.783+0000] {logging_mixin.py:188} INFO - [2024-07-19T00:08:57.783+0000] {dag.py:3834} INFO - Setting next_dagrun for tutorial_taskflow_api to None, run_after=None
[2024-07-19T00:08:57.800+0000] {processor.py:183} INFO - Processing /home/airflow/.local/lib/python3.8/site-packages/airflow/example_dags/tutorial_taskflow_api.py took 0.053 seconds
[2024-07-19T00:09:28.040+0000] {processor.py:161} INFO - Started process (PID=2531) to work on /home/airflow/.local/lib/python3.8/site-packages/airflow/example_dags/tutorial_taskflow_api.py
[2024-07-19T00:09:28.042+0000] {processor.py:830} INFO - Processing file /home/airflow/.local/lib/python3.8/site-packages/airflow/example_dags/tutorial_taskflow_api.py for tasks to queue
[2024-07-19T00:09:28.043+0000] {logging_mixin.py:188} INFO - [2024-07-19T00:09:28.043+0000] {dagbag.py:540} INFO - Filling up the DagBag from /home/airflow/.local/lib/python3.8/site-packages/airflow/example_dags/tutorial_taskflow_api.py
[2024-07-19T00:09:28.048+0000] {processor.py:840} INFO - DAG(s) 'tutorial_taskflow_api' retrieved from /home/airflow/.local/lib/python3.8/site-packages/airflow/example_dags/tutorial_taskflow_api.py
[2024-07-19T00:09:28.067+0000] {logging_mixin.py:188} INFO - [2024-07-19T00:09:28.066+0000] {dag.py:3047} INFO - Sync 1 DAGs
[2024-07-19T00:09:28.077+0000] {logging_mixin.py:188} INFO - [2024-07-19T00:09:28.077+0000] {dag.py:3834} INFO - Setting next_dagrun for tutorial_taskflow_api to None, run_after=None
[2024-07-19T00:09:28.099+0000] {processor.py:183} INFO - Processing /home/airflow/.local/lib/python3.8/site-packages/airflow/example_dags/tutorial_taskflow_api.py took 0.062 seconds
[2024-07-19T00:09:58.392+0000] {processor.py:161} INFO - Started process (PID=2587) to work on /home/airflow/.local/lib/python3.8/site-packages/airflow/example_dags/tutorial_taskflow_api.py
[2024-07-19T00:09:58.393+0000] {processor.py:830} INFO - Processing file /home/airflow/.local/lib/python3.8/site-packages/airflow/example_dags/tutorial_taskflow_api.py for tasks to queue
[2024-07-19T00:09:58.395+0000] {logging_mixin.py:188} INFO - [2024-07-19T00:09:58.395+0000] {dagbag.py:540} INFO - Filling up the DagBag from /home/airflow/.local/lib/python3.8/site-packages/airflow/example_dags/tutorial_taskflow_api.py
[2024-07-19T00:09:58.402+0000] {processor.py:840} INFO - DAG(s) 'tutorial_taskflow_api' retrieved from /home/airflow/.local/lib/python3.8/site-packages/airflow/example_dags/tutorial_taskflow_api.py
[2024-07-19T00:09:58.421+0000] {logging_mixin.py:188} INFO - [2024-07-19T00:09:58.420+0000] {dag.py:3047} INFO - Sync 1 DAGs
[2024-07-19T00:09:58.432+0000] {logging_mixin.py:188} INFO - [2024-07-19T00:09:58.432+0000] {dag.py:3834} INFO - Setting next_dagrun for tutorial_taskflow_api to None, run_after=None
[2024-07-19T00:09:58.448+0000] {processor.py:183} INFO - Processing /home/airflow/.local/lib/python3.8/site-packages/airflow/example_dags/tutorial_taskflow_api.py took 0.059 seconds
[2024-07-19T00:10:28.996+0000] {processor.py:161} INFO - Started process (PID=2644) to work on /home/airflow/.local/lib/python3.8/site-packages/airflow/example_dags/tutorial_taskflow_api.py
[2024-07-19T00:10:28.996+0000] {processor.py:830} INFO - Processing file /home/airflow/.local/lib/python3.8/site-packages/airflow/example_dags/tutorial_taskflow_api.py for tasks to queue
[2024-07-19T00:10:28.997+0000] {logging_mixin.py:188} INFO - [2024-07-19T00:10:28.997+0000] {dagbag.py:540} INFO - Filling up the DagBag from /home/airflow/.local/lib/python3.8/site-packages/airflow/example_dags/tutorial_taskflow_api.py
[2024-07-19T00:10:29.002+0000] {processor.py:840} INFO - DAG(s) 'tutorial_taskflow_api' retrieved from /home/airflow/.local/lib/python3.8/site-packages/airflow/example_dags/tutorial_taskflow_api.py
[2024-07-19T00:10:29.017+0000] {logging_mixin.py:188} INFO - [2024-07-19T00:10:29.016+0000] {dag.py:3047} INFO - Sync 1 DAGs
[2024-07-19T00:10:29.026+0000] {logging_mixin.py:188} INFO - [2024-07-19T00:10:29.026+0000] {dag.py:3834} INFO - Setting next_dagrun for tutorial_taskflow_api to None, run_after=None
[2024-07-19T00:10:29.040+0000] {processor.py:183} INFO - Processing /home/airflow/.local/lib/python3.8/site-packages/airflow/example_dags/tutorial_taskflow_api.py took 0.047 seconds
[2024-07-19T00:10:59.824+0000] {processor.py:161} INFO - Started process (PID=2700) to work on /home/airflow/.local/lib/python3.8/site-packages/airflow/example_dags/tutorial_taskflow_api.py
[2024-07-19T00:10:59.825+0000] {processor.py:830} INFO - Processing file /home/airflow/.local/lib/python3.8/site-packages/airflow/example_dags/tutorial_taskflow_api.py for tasks to queue
[2024-07-19T00:10:59.826+0000] {logging_mixin.py:188} INFO - [2024-07-19T00:10:59.826+0000] {dagbag.py:540} INFO - Filling up the DagBag from /home/airflow/.local/lib/python3.8/site-packages/airflow/example_dags/tutorial_taskflow_api.py
[2024-07-19T00:10:59.830+0000] {processor.py:840} INFO - DAG(s) 'tutorial_taskflow_api' retrieved from /home/airflow/.local/lib/python3.8/site-packages/airflow/example_dags/tutorial_taskflow_api.py
[2024-07-19T00:10:59.846+0000] {logging_mixin.py:188} INFO - [2024-07-19T00:10:59.846+0000] {dag.py:3047} INFO - Sync 1 DAGs
[2024-07-19T00:10:59.856+0000] {logging_mixin.py:188} INFO - [2024-07-19T00:10:59.855+0000] {dag.py:3834} INFO - Setting next_dagrun for tutorial_taskflow_api to None, run_after=None
[2024-07-19T00:10:59.871+0000] {processor.py:183} INFO - Processing /home/airflow/.local/lib/python3.8/site-packages/airflow/example_dags/tutorial_taskflow_api.py took 0.049 seconds
[2024-07-19T00:11:31.113+0000] {processor.py:161} INFO - Started process (PID=2756) to work on /home/airflow/.local/lib/python3.8/site-packages/airflow/example_dags/tutorial_taskflow_api.py
[2024-07-19T00:11:31.113+0000] {processor.py:830} INFO - Processing file /home/airflow/.local/lib/python3.8/site-packages/airflow/example_dags/tutorial_taskflow_api.py for tasks to queue
[2024-07-19T00:11:31.114+0000] {logging_mixin.py:188} INFO - [2024-07-19T00:11:31.114+0000] {dagbag.py:540} INFO - Filling up the DagBag from /home/airflow/.local/lib/python3.8/site-packages/airflow/example_dags/tutorial_taskflow_api.py
[2024-07-19T00:11:31.119+0000] {processor.py:840} INFO - DAG(s) 'tutorial_taskflow_api' retrieved from /home/airflow/.local/lib/python3.8/site-packages/airflow/example_dags/tutorial_taskflow_api.py
[2024-07-19T00:11:31.240+0000] {logging_mixin.py:188} INFO - [2024-07-19T00:11:31.240+0000] {dag.py:3047} INFO - Sync 1 DAGs
[2024-07-19T00:11:31.250+0000] {logging_mixin.py:188} INFO - [2024-07-19T00:11:31.250+0000] {dag.py:3834} INFO - Setting next_dagrun for tutorial_taskflow_api to None, run_after=None
[2024-07-19T00:11:31.265+0000] {processor.py:183} INFO - Processing /home/airflow/.local/lib/python3.8/site-packages/airflow/example_dags/tutorial_taskflow_api.py took 0.155 seconds
[2024-07-19T00:12:01.499+0000] {processor.py:161} INFO - Started process (PID=2812) to work on /home/airflow/.local/lib/python3.8/site-packages/airflow/example_dags/tutorial_taskflow_api.py
[2024-07-19T00:12:01.499+0000] {processor.py:830} INFO - Processing file /home/airflow/.local/lib/python3.8/site-packages/airflow/example_dags/tutorial_taskflow_api.py for tasks to queue
[2024-07-19T00:12:01.501+0000] {logging_mixin.py:188} INFO - [2024-07-19T00:12:01.500+0000] {dagbag.py:540} INFO - Filling up the DagBag from /home/airflow/.local/lib/python3.8/site-packages/airflow/example_dags/tutorial_taskflow_api.py
[2024-07-19T00:12:01.505+0000] {processor.py:840} INFO - DAG(s) 'tutorial_taskflow_api' retrieved from /home/airflow/.local/lib/python3.8/site-packages/airflow/example_dags/tutorial_taskflow_api.py
[2024-07-19T00:12:01.523+0000] {logging_mixin.py:188} INFO - [2024-07-19T00:12:01.522+0000] {dag.py:3047} INFO - Sync 1 DAGs
[2024-07-19T00:12:01.534+0000] {logging_mixin.py:188} INFO - [2024-07-19T00:12:01.534+0000] {dag.py:3834} INFO - Setting next_dagrun for tutorial_taskflow_api to None, run_after=None
[2024-07-19T00:12:01.550+0000] {processor.py:183} INFO - Processing /home/airflow/.local/lib/python3.8/site-packages/airflow/example_dags/tutorial_taskflow_api.py took 0.054 seconds
[2024-07-19T00:12:31.733+0000] {processor.py:161} INFO - Started process (PID=2868) to work on /home/airflow/.local/lib/python3.8/site-packages/airflow/example_dags/tutorial_taskflow_api.py
[2024-07-19T00:12:31.733+0000] {processor.py:830} INFO - Processing file /home/airflow/.local/lib/python3.8/site-packages/airflow/example_dags/tutorial_taskflow_api.py for tasks to queue
[2024-07-19T00:12:31.734+0000] {logging_mixin.py:188} INFO - [2024-07-19T00:12:31.734+0000] {dagbag.py:540} INFO - Filling up the DagBag from /home/airflow/.local/lib/python3.8/site-packages/airflow/example_dags/tutorial_taskflow_api.py
[2024-07-19T00:12:31.739+0000] {processor.py:840} INFO - DAG(s) 'tutorial_taskflow_api' retrieved from /home/airflow/.local/lib/python3.8/site-packages/airflow/example_dags/tutorial_taskflow_api.py
[2024-07-19T00:12:31.757+0000] {logging_mixin.py:188} INFO - [2024-07-19T00:12:31.757+0000] {dag.py:3047} INFO - Sync 1 DAGs
[2024-07-19T00:12:31.767+0000] {logging_mixin.py:188} INFO - [2024-07-19T00:12:31.767+0000] {dag.py:3834} INFO - Setting next_dagrun for tutorial_taskflow_api to None, run_after=None
[2024-07-19T00:12:31.785+0000] {processor.py:183} INFO - Processing /home/airflow/.local/lib/python3.8/site-packages/airflow/example_dags/tutorial_taskflow_api.py took 0.055 seconds
[2024-07-19T00:13:01.891+0000] {processor.py:161} INFO - Started process (PID=2924) to work on /home/airflow/.local/lib/python3.8/site-packages/airflow/example_dags/tutorial_taskflow_api.py
[2024-07-19T00:13:01.893+0000] {processor.py:830} INFO - Processing file /home/airflow/.local/lib/python3.8/site-packages/airflow/example_dags/tutorial_taskflow_api.py for tasks to queue
[2024-07-19T00:13:01.894+0000] {logging_mixin.py:188} INFO - [2024-07-19T00:13:01.894+0000] {dagbag.py:540} INFO - Filling up the DagBag from /home/airflow/.local/lib/python3.8/site-packages/airflow/example_dags/tutorial_taskflow_api.py
[2024-07-19T00:13:01.900+0000] {processor.py:840} INFO - DAG(s) 'tutorial_taskflow_api' retrieved from /home/airflow/.local/lib/python3.8/site-packages/airflow/example_dags/tutorial_taskflow_api.py
[2024-07-19T00:13:01.918+0000] {logging_mixin.py:188} INFO - [2024-07-19T00:13:01.917+0000] {dag.py:3047} INFO - Sync 1 DAGs
[2024-07-19T00:13:01.927+0000] {logging_mixin.py:188} INFO - [2024-07-19T00:13:01.927+0000] {dag.py:3834} INFO - Setting next_dagrun for tutorial_taskflow_api to None, run_after=None
[2024-07-19T00:13:01.944+0000] {processor.py:183} INFO - Processing /home/airflow/.local/lib/python3.8/site-packages/airflow/example_dags/tutorial_taskflow_api.py took 0.055 seconds
[2024-07-19T00:13:32.027+0000] {processor.py:161} INFO - Started process (PID=2986) to work on /home/airflow/.local/lib/python3.8/site-packages/airflow/example_dags/tutorial_taskflow_api.py
[2024-07-19T00:13:32.028+0000] {processor.py:830} INFO - Processing file /home/airflow/.local/lib/python3.8/site-packages/airflow/example_dags/tutorial_taskflow_api.py for tasks to queue
[2024-07-19T00:13:32.029+0000] {logging_mixin.py:188} INFO - [2024-07-19T00:13:32.028+0000] {dagbag.py:540} INFO - Filling up the DagBag from /home/airflow/.local/lib/python3.8/site-packages/airflow/example_dags/tutorial_taskflow_api.py
[2024-07-19T00:13:32.033+0000] {processor.py:840} INFO - DAG(s) 'tutorial_taskflow_api' retrieved from /home/airflow/.local/lib/python3.8/site-packages/airflow/example_dags/tutorial_taskflow_api.py
[2024-07-19T00:13:32.050+0000] {logging_mixin.py:188} INFO - [2024-07-19T00:13:32.050+0000] {dag.py:3047} INFO - Sync 1 DAGs
[2024-07-19T00:13:32.060+0000] {logging_mixin.py:188} INFO - [2024-07-19T00:13:32.060+0000] {dag.py:3834} INFO - Setting next_dagrun for tutorial_taskflow_api to None, run_after=None
[2024-07-19T00:13:32.077+0000] {processor.py:183} INFO - Processing /home/airflow/.local/lib/python3.8/site-packages/airflow/example_dags/tutorial_taskflow_api.py took 0.052 seconds
[2024-07-19T00:14:02.250+0000] {processor.py:161} INFO - Started process (PID=3042) to work on /home/airflow/.local/lib/python3.8/site-packages/airflow/example_dags/tutorial_taskflow_api.py
[2024-07-19T00:14:02.251+0000] {processor.py:830} INFO - Processing file /home/airflow/.local/lib/python3.8/site-packages/airflow/example_dags/tutorial_taskflow_api.py for tasks to queue
[2024-07-19T00:14:02.252+0000] {logging_mixin.py:188} INFO - [2024-07-19T00:14:02.252+0000] {dagbag.py:540} INFO - Filling up the DagBag from /home/airflow/.local/lib/python3.8/site-packages/airflow/example_dags/tutorial_taskflow_api.py
[2024-07-19T00:14:02.257+0000] {processor.py:840} INFO - DAG(s) 'tutorial_taskflow_api' retrieved from /home/airflow/.local/lib/python3.8/site-packages/airflow/example_dags/tutorial_taskflow_api.py
[2024-07-19T00:14:02.273+0000] {logging_mixin.py:188} INFO - [2024-07-19T00:14:02.272+0000] {dag.py:3047} INFO - Sync 1 DAGs
[2024-07-19T00:14:02.283+0000] {logging_mixin.py:188} INFO - [2024-07-19T00:14:02.283+0000] {dag.py:3834} INFO - Setting next_dagrun for tutorial_taskflow_api to None, run_after=None
[2024-07-19T00:14:02.299+0000] {processor.py:183} INFO - Processing /home/airflow/.local/lib/python3.8/site-packages/airflow/example_dags/tutorial_taskflow_api.py took 0.051 seconds
[2024-07-19T00:14:32.407+0000] {processor.py:161} INFO - Started process (PID=3098) to work on /home/airflow/.local/lib/python3.8/site-packages/airflow/example_dags/tutorial_taskflow_api.py
[2024-07-19T00:14:32.408+0000] {processor.py:830} INFO - Processing file /home/airflow/.local/lib/python3.8/site-packages/airflow/example_dags/tutorial_taskflow_api.py for tasks to queue
[2024-07-19T00:14:32.409+0000] {logging_mixin.py:188} INFO - [2024-07-19T00:14:32.409+0000] {dagbag.py:540} INFO - Filling up the DagBag from /home/airflow/.local/lib/python3.8/site-packages/airflow/example_dags/tutorial_taskflow_api.py
[2024-07-19T00:14:32.414+0000] {processor.py:840} INFO - DAG(s) 'tutorial_taskflow_api' retrieved from /home/airflow/.local/lib/python3.8/site-packages/airflow/example_dags/tutorial_taskflow_api.py
[2024-07-19T00:14:32.430+0000] {logging_mixin.py:188} INFO - [2024-07-19T00:14:32.430+0000] {dag.py:3047} INFO - Sync 1 DAGs
[2024-07-19T00:14:32.440+0000] {logging_mixin.py:188} INFO - [2024-07-19T00:14:32.440+0000] {dag.py:3834} INFO - Setting next_dagrun for tutorial_taskflow_api to None, run_after=None
[2024-07-19T00:14:32.456+0000] {processor.py:183} INFO - Processing /home/airflow/.local/lib/python3.8/site-packages/airflow/example_dags/tutorial_taskflow_api.py took 0.051 seconds
[2024-07-19T00:15:02.534+0000] {processor.py:161} INFO - Started process (PID=3154) to work on /home/airflow/.local/lib/python3.8/site-packages/airflow/example_dags/tutorial_taskflow_api.py
[2024-07-19T00:15:02.534+0000] {processor.py:830} INFO - Processing file /home/airflow/.local/lib/python3.8/site-packages/airflow/example_dags/tutorial_taskflow_api.py for tasks to queue
[2024-07-19T00:15:02.536+0000] {logging_mixin.py:188} INFO - [2024-07-19T00:15:02.535+0000] {dagbag.py:540} INFO - Filling up the DagBag from /home/airflow/.local/lib/python3.8/site-packages/airflow/example_dags/tutorial_taskflow_api.py
[2024-07-19T00:15:02.541+0000] {processor.py:840} INFO - DAG(s) 'tutorial_taskflow_api' retrieved from /home/airflow/.local/lib/python3.8/site-packages/airflow/example_dags/tutorial_taskflow_api.py
[2024-07-19T00:15:02.556+0000] {logging_mixin.py:188} INFO - [2024-07-19T00:15:02.556+0000] {dag.py:3047} INFO - Sync 1 DAGs
[2024-07-19T00:15:02.566+0000] {logging_mixin.py:188} INFO - [2024-07-19T00:15:02.566+0000] {dag.py:3834} INFO - Setting next_dagrun for tutorial_taskflow_api to None, run_after=None
[2024-07-19T00:15:02.583+0000] {processor.py:183} INFO - Processing /home/airflow/.local/lib/python3.8/site-packages/airflow/example_dags/tutorial_taskflow_api.py took 0.052 seconds
[2024-07-19T00:15:32.702+0000] {processor.py:161} INFO - Started process (PID=3210) to work on /home/airflow/.local/lib/python3.8/site-packages/airflow/example_dags/tutorial_taskflow_api.py
[2024-07-19T00:15:32.703+0000] {processor.py:830} INFO - Processing file /home/airflow/.local/lib/python3.8/site-packages/airflow/example_dags/tutorial_taskflow_api.py for tasks to queue
[2024-07-19T00:15:32.704+0000] {logging_mixin.py:188} INFO - [2024-07-19T00:15:32.704+0000] {dagbag.py:540} INFO - Filling up the DagBag from /home/airflow/.local/lib/python3.8/site-packages/airflow/example_dags/tutorial_taskflow_api.py
[2024-07-19T00:15:32.709+0000] {processor.py:840} INFO - DAG(s) 'tutorial_taskflow_api' retrieved from /home/airflow/.local/lib/python3.8/site-packages/airflow/example_dags/tutorial_taskflow_api.py
[2024-07-19T00:15:32.727+0000] {logging_mixin.py:188} INFO - [2024-07-19T00:15:32.726+0000] {dag.py:3047} INFO - Sync 1 DAGs
[2024-07-19T00:15:32.739+0000] {logging_mixin.py:188} INFO - [2024-07-19T00:15:32.739+0000] {dag.py:3834} INFO - Setting next_dagrun for tutorial_taskflow_api to None, run_after=None
[2024-07-19T00:15:32.757+0000] {processor.py:183} INFO - Processing /home/airflow/.local/lib/python3.8/site-packages/airflow/example_dags/tutorial_taskflow_api.py took 0.058 seconds
[2024-07-19T00:16:03.001+0000] {processor.py:161} INFO - Started process (PID=3266) to work on /home/airflow/.local/lib/python3.8/site-packages/airflow/example_dags/tutorial_taskflow_api.py
[2024-07-19T00:16:03.002+0000] {processor.py:830} INFO - Processing file /home/airflow/.local/lib/python3.8/site-packages/airflow/example_dags/tutorial_taskflow_api.py for tasks to queue
[2024-07-19T00:16:03.003+0000] {logging_mixin.py:188} INFO - [2024-07-19T00:16:03.003+0000] {dagbag.py:540} INFO - Filling up the DagBag from /home/airflow/.local/lib/python3.8/site-packages/airflow/example_dags/tutorial_taskflow_api.py
[2024-07-19T00:16:03.008+0000] {processor.py:840} INFO - DAG(s) 'tutorial_taskflow_api' retrieved from /home/airflow/.local/lib/python3.8/site-packages/airflow/example_dags/tutorial_taskflow_api.py
[2024-07-19T00:16:03.027+0000] {logging_mixin.py:188} INFO - [2024-07-19T00:16:03.027+0000] {dag.py:3047} INFO - Sync 1 DAGs
[2024-07-19T00:16:03.038+0000] {logging_mixin.py:188} INFO - [2024-07-19T00:16:03.037+0000] {dag.py:3834} INFO - Setting next_dagrun for tutorial_taskflow_api to None, run_after=None
[2024-07-19T00:16:03.052+0000] {processor.py:183} INFO - Processing /home/airflow/.local/lib/python3.8/site-packages/airflow/example_dags/tutorial_taskflow_api.py took 0.054 seconds
[2024-07-19T00:16:33.184+0000] {processor.py:161} INFO - Started process (PID=3322) to work on /home/airflow/.local/lib/python3.8/site-packages/airflow/example_dags/tutorial_taskflow_api.py
[2024-07-19T00:16:33.185+0000] {processor.py:830} INFO - Processing file /home/airflow/.local/lib/python3.8/site-packages/airflow/example_dags/tutorial_taskflow_api.py for tasks to queue
[2024-07-19T00:16:33.186+0000] {logging_mixin.py:188} INFO - [2024-07-19T00:16:33.186+0000] {dagbag.py:540} INFO - Filling up the DagBag from /home/airflow/.local/lib/python3.8/site-packages/airflow/example_dags/tutorial_taskflow_api.py
[2024-07-19T00:16:33.192+0000] {processor.py:840} INFO - DAG(s) 'tutorial_taskflow_api' retrieved from /home/airflow/.local/lib/python3.8/site-packages/airflow/example_dags/tutorial_taskflow_api.py
[2024-07-19T00:16:33.210+0000] {logging_mixin.py:188} INFO - [2024-07-19T00:16:33.210+0000] {dag.py:3047} INFO - Sync 1 DAGs
[2024-07-19T00:16:33.220+0000] {logging_mixin.py:188} INFO - [2024-07-19T00:16:33.220+0000] {dag.py:3834} INFO - Setting next_dagrun for tutorial_taskflow_api to None, run_after=None
[2024-07-19T00:16:33.237+0000] {processor.py:183} INFO - Processing /home/airflow/.local/lib/python3.8/site-packages/airflow/example_dags/tutorial_taskflow_api.py took 0.057 seconds
[2024-07-19T00:17:03.319+0000] {processor.py:161} INFO - Started process (PID=3378) to work on /home/airflow/.local/lib/python3.8/site-packages/airflow/example_dags/tutorial_taskflow_api.py
[2024-07-19T00:17:03.319+0000] {processor.py:830} INFO - Processing file /home/airflow/.local/lib/python3.8/site-packages/airflow/example_dags/tutorial_taskflow_api.py for tasks to queue
[2024-07-19T00:17:03.321+0000] {logging_mixin.py:188} INFO - [2024-07-19T00:17:03.320+0000] {dagbag.py:540} INFO - Filling up the DagBag from /home/airflow/.local/lib/python3.8/site-packages/airflow/example_dags/tutorial_taskflow_api.py
[2024-07-19T00:17:03.325+0000] {processor.py:840} INFO - DAG(s) 'tutorial_taskflow_api' retrieved from /home/airflow/.local/lib/python3.8/site-packages/airflow/example_dags/tutorial_taskflow_api.py
[2024-07-19T00:17:03.341+0000] {logging_mixin.py:188} INFO - [2024-07-19T00:17:03.340+0000] {dag.py:3047} INFO - Sync 1 DAGs
[2024-07-19T00:17:03.350+0000] {logging_mixin.py:188} INFO - [2024-07-19T00:17:03.350+0000] {dag.py:3834} INFO - Setting next_dagrun for tutorial_taskflow_api to None, run_after=None
[2024-07-19T00:17:03.364+0000] {processor.py:183} INFO - Processing /home/airflow/.local/lib/python3.8/site-packages/airflow/example_dags/tutorial_taskflow_api.py took 0.048 seconds
[2024-07-19T00:18:07.325+0000] {processor.py:161} INFO - Started process (PID=68) to work on /home/airflow/.local/lib/python3.8/site-packages/airflow/example_dags/tutorial_taskflow_api.py
[2024-07-19T00:18:07.328+0000] {processor.py:830} INFO - Processing file /home/airflow/.local/lib/python3.8/site-packages/airflow/example_dags/tutorial_taskflow_api.py for tasks to queue
[2024-07-19T00:18:07.330+0000] {logging_mixin.py:188} INFO - [2024-07-19T00:18:07.330+0000] {dagbag.py:540} INFO - Filling up the DagBag from /home/airflow/.local/lib/python3.8/site-packages/airflow/example_dags/tutorial_taskflow_api.py
[2024-07-19T00:18:07.344+0000] {processor.py:840} INFO - DAG(s) 'tutorial_taskflow_api' retrieved from /home/airflow/.local/lib/python3.8/site-packages/airflow/example_dags/tutorial_taskflow_api.py
[2024-07-19T00:18:07.366+0000] {logging_mixin.py:188} INFO - [2024-07-19T00:18:07.366+0000] {dag.py:3047} INFO - Sync 1 DAGs
[2024-07-19T00:18:07.379+0000] {logging_mixin.py:188} INFO - [2024-07-19T00:18:07.378+0000] {dag.py:3834} INFO - Setting next_dagrun for tutorial_taskflow_api to None, run_after=None
[2024-07-19T00:18:07.398+0000] {processor.py:183} INFO - Processing /home/airflow/.local/lib/python3.8/site-packages/airflow/example_dags/tutorial_taskflow_api.py took 0.080 seconds
[2024-07-19T00:18:38.654+0000] {processor.py:161} INFO - Started process (PID=124) to work on /home/airflow/.local/lib/python3.8/site-packages/airflow/example_dags/tutorial_taskflow_api.py
[2024-07-19T00:18:38.655+0000] {processor.py:830} INFO - Processing file /home/airflow/.local/lib/python3.8/site-packages/airflow/example_dags/tutorial_taskflow_api.py for tasks to queue
[2024-07-19T00:18:38.656+0000] {logging_mixin.py:188} INFO - [2024-07-19T00:18:38.656+0000] {dagbag.py:540} INFO - Filling up the DagBag from /home/airflow/.local/lib/python3.8/site-packages/airflow/example_dags/tutorial_taskflow_api.py
[2024-07-19T00:18:38.660+0000] {processor.py:840} INFO - DAG(s) 'tutorial_taskflow_api' retrieved from /home/airflow/.local/lib/python3.8/site-packages/airflow/example_dags/tutorial_taskflow_api.py
[2024-07-19T00:18:38.737+0000] {logging_mixin.py:188} INFO - [2024-07-19T00:18:38.737+0000] {dag.py:3047} INFO - Sync 1 DAGs
[2024-07-19T00:18:38.745+0000] {logging_mixin.py:188} INFO - [2024-07-19T00:18:38.745+0000] {dag.py:3834} INFO - Setting next_dagrun for tutorial_taskflow_api to None, run_after=None
[2024-07-19T00:18:38.759+0000] {processor.py:183} INFO - Processing /home/airflow/.local/lib/python3.8/site-packages/airflow/example_dags/tutorial_taskflow_api.py took 0.107 seconds
[2024-07-19T00:19:09.657+0000] {processor.py:161} INFO - Started process (PID=180) to work on /home/airflow/.local/lib/python3.8/site-packages/airflow/example_dags/tutorial_taskflow_api.py
[2024-07-19T00:19:09.658+0000] {processor.py:830} INFO - Processing file /home/airflow/.local/lib/python3.8/site-packages/airflow/example_dags/tutorial_taskflow_api.py for tasks to queue
[2024-07-19T00:19:09.658+0000] {logging_mixin.py:188} INFO - [2024-07-19T00:19:09.658+0000] {dagbag.py:540} INFO - Filling up the DagBag from /home/airflow/.local/lib/python3.8/site-packages/airflow/example_dags/tutorial_taskflow_api.py
[2024-07-19T00:19:09.663+0000] {processor.py:840} INFO - DAG(s) 'tutorial_taskflow_api' retrieved from /home/airflow/.local/lib/python3.8/site-packages/airflow/example_dags/tutorial_taskflow_api.py
[2024-07-19T00:19:09.677+0000] {logging_mixin.py:188} INFO - [2024-07-19T00:19:09.677+0000] {dag.py:3047} INFO - Sync 1 DAGs
[2024-07-19T00:19:09.686+0000] {logging_mixin.py:188} INFO - [2024-07-19T00:19:09.686+0000] {dag.py:3834} INFO - Setting next_dagrun for tutorial_taskflow_api to None, run_after=None
[2024-07-19T00:19:09.701+0000] {processor.py:183} INFO - Processing /home/airflow/.local/lib/python3.8/site-packages/airflow/example_dags/tutorial_taskflow_api.py took 0.046 seconds
[2024-07-19T00:19:39.850+0000] {processor.py:161} INFO - Started process (PID=236) to work on /home/airflow/.local/lib/python3.8/site-packages/airflow/example_dags/tutorial_taskflow_api.py
[2024-07-19T00:19:39.851+0000] {processor.py:830} INFO - Processing file /home/airflow/.local/lib/python3.8/site-packages/airflow/example_dags/tutorial_taskflow_api.py for tasks to queue
[2024-07-19T00:19:39.852+0000] {logging_mixin.py:188} INFO - [2024-07-19T00:19:39.852+0000] {dagbag.py:540} INFO - Filling up the DagBag from /home/airflow/.local/lib/python3.8/site-packages/airflow/example_dags/tutorial_taskflow_api.py
[2024-07-19T00:19:39.858+0000] {processor.py:840} INFO - DAG(s) 'tutorial_taskflow_api' retrieved from /home/airflow/.local/lib/python3.8/site-packages/airflow/example_dags/tutorial_taskflow_api.py
[2024-07-19T00:19:39.877+0000] {logging_mixin.py:188} INFO - [2024-07-19T00:19:39.877+0000] {dag.py:3047} INFO - Sync 1 DAGs
[2024-07-19T00:19:39.889+0000] {logging_mixin.py:188} INFO - [2024-07-19T00:19:39.889+0000] {dag.py:3834} INFO - Setting next_dagrun for tutorial_taskflow_api to None, run_after=None
[2024-07-19T00:19:39.914+0000] {processor.py:183} INFO - Processing /home/airflow/.local/lib/python3.8/site-packages/airflow/example_dags/tutorial_taskflow_api.py took 0.067 seconds
[2024-07-19T00:20:09.956+0000] {processor.py:161} INFO - Started process (PID=292) to work on /home/airflow/.local/lib/python3.8/site-packages/airflow/example_dags/tutorial_taskflow_api.py
[2024-07-19T00:20:09.957+0000] {processor.py:830} INFO - Processing file /home/airflow/.local/lib/python3.8/site-packages/airflow/example_dags/tutorial_taskflow_api.py for tasks to queue
[2024-07-19T00:20:09.957+0000] {logging_mixin.py:188} INFO - [2024-07-19T00:20:09.957+0000] {dagbag.py:540} INFO - Filling up the DagBag from /home/airflow/.local/lib/python3.8/site-packages/airflow/example_dags/tutorial_taskflow_api.py
[2024-07-19T00:20:09.962+0000] {processor.py:840} INFO - DAG(s) 'tutorial_taskflow_api' retrieved from /home/airflow/.local/lib/python3.8/site-packages/airflow/example_dags/tutorial_taskflow_api.py
[2024-07-19T00:20:09.977+0000] {logging_mixin.py:188} INFO - [2024-07-19T00:20:09.977+0000] {dag.py:3047} INFO - Sync 1 DAGs
[2024-07-19T00:20:09.986+0000] {logging_mixin.py:188} INFO - [2024-07-19T00:20:09.986+0000] {dag.py:3834} INFO - Setting next_dagrun for tutorial_taskflow_api to None, run_after=None
[2024-07-19T00:20:10.003+0000] {processor.py:183} INFO - Processing /home/airflow/.local/lib/python3.8/site-packages/airflow/example_dags/tutorial_taskflow_api.py took 0.050 seconds
[2024-07-19T00:20:40.192+0000] {processor.py:161} INFO - Started process (PID=349) to work on /home/airflow/.local/lib/python3.8/site-packages/airflow/example_dags/tutorial_taskflow_api.py
[2024-07-19T00:20:40.193+0000] {processor.py:830} INFO - Processing file /home/airflow/.local/lib/python3.8/site-packages/airflow/example_dags/tutorial_taskflow_api.py for tasks to queue
[2024-07-19T00:20:40.194+0000] {logging_mixin.py:188} INFO - [2024-07-19T00:20:40.193+0000] {dagbag.py:540} INFO - Filling up the DagBag from /home/airflow/.local/lib/python3.8/site-packages/airflow/example_dags/tutorial_taskflow_api.py
[2024-07-19T00:20:40.198+0000] {processor.py:840} INFO - DAG(s) 'tutorial_taskflow_api' retrieved from /home/airflow/.local/lib/python3.8/site-packages/airflow/example_dags/tutorial_taskflow_api.py
[2024-07-19T00:20:40.213+0000] {logging_mixin.py:188} INFO - [2024-07-19T00:20:40.213+0000] {dag.py:3047} INFO - Sync 1 DAGs
[2024-07-19T00:20:40.222+0000] {logging_mixin.py:188} INFO - [2024-07-19T00:20:40.222+0000] {dag.py:3834} INFO - Setting next_dagrun for tutorial_taskflow_api to None, run_after=None
[2024-07-19T00:20:40.237+0000] {processor.py:183} INFO - Processing /home/airflow/.local/lib/python3.8/site-packages/airflow/example_dags/tutorial_taskflow_api.py took 0.047 seconds
[2024-07-19T00:21:10.427+0000] {processor.py:161} INFO - Started process (PID=405) to work on /home/airflow/.local/lib/python3.8/site-packages/airflow/example_dags/tutorial_taskflow_api.py
[2024-07-19T00:21:10.428+0000] {processor.py:830} INFO - Processing file /home/airflow/.local/lib/python3.8/site-packages/airflow/example_dags/tutorial_taskflow_api.py for tasks to queue
[2024-07-19T00:21:10.429+0000] {logging_mixin.py:188} INFO - [2024-07-19T00:21:10.428+0000] {dagbag.py:540} INFO - Filling up the DagBag from /home/airflow/.local/lib/python3.8/site-packages/airflow/example_dags/tutorial_taskflow_api.py
[2024-07-19T00:21:10.434+0000] {processor.py:840} INFO - DAG(s) 'tutorial_taskflow_api' retrieved from /home/airflow/.local/lib/python3.8/site-packages/airflow/example_dags/tutorial_taskflow_api.py
[2024-07-19T00:21:10.453+0000] {logging_mixin.py:188} INFO - [2024-07-19T00:21:10.452+0000] {dag.py:3047} INFO - Sync 1 DAGs
[2024-07-19T00:21:10.462+0000] {logging_mixin.py:188} INFO - [2024-07-19T00:21:10.462+0000] {dag.py:3834} INFO - Setting next_dagrun for tutorial_taskflow_api to None, run_after=None
[2024-07-19T00:21:10.478+0000] {processor.py:183} INFO - Processing /home/airflow/.local/lib/python3.8/site-packages/airflow/example_dags/tutorial_taskflow_api.py took 0.053 seconds
[2024-07-19T00:21:40.621+0000] {processor.py:161} INFO - Started process (PID=461) to work on /home/airflow/.local/lib/python3.8/site-packages/airflow/example_dags/tutorial_taskflow_api.py
[2024-07-19T00:21:40.622+0000] {processor.py:830} INFO - Processing file /home/airflow/.local/lib/python3.8/site-packages/airflow/example_dags/tutorial_taskflow_api.py for tasks to queue
[2024-07-19T00:21:40.623+0000] {logging_mixin.py:188} INFO - [2024-07-19T00:21:40.623+0000] {dagbag.py:540} INFO - Filling up the DagBag from /home/airflow/.local/lib/python3.8/site-packages/airflow/example_dags/tutorial_taskflow_api.py
[2024-07-19T00:21:40.628+0000] {processor.py:840} INFO - DAG(s) 'tutorial_taskflow_api' retrieved from /home/airflow/.local/lib/python3.8/site-packages/airflow/example_dags/tutorial_taskflow_api.py
[2024-07-19T00:21:40.643+0000] {logging_mixin.py:188} INFO - [2024-07-19T00:21:40.643+0000] {dag.py:3047} INFO - Sync 1 DAGs
[2024-07-19T00:21:40.652+0000] {logging_mixin.py:188} INFO - [2024-07-19T00:21:40.652+0000] {dag.py:3834} INFO - Setting next_dagrun for tutorial_taskflow_api to None, run_after=None
[2024-07-19T00:21:40.668+0000] {processor.py:183} INFO - Processing /home/airflow/.local/lib/python3.8/site-packages/airflow/example_dags/tutorial_taskflow_api.py took 0.049 seconds
[2024-07-19T00:22:11.218+0000] {processor.py:161} INFO - Started process (PID=517) to work on /home/airflow/.local/lib/python3.8/site-packages/airflow/example_dags/tutorial_taskflow_api.py
[2024-07-19T00:22:11.219+0000] {processor.py:830} INFO - Processing file /home/airflow/.local/lib/python3.8/site-packages/airflow/example_dags/tutorial_taskflow_api.py for tasks to queue
[2024-07-19T00:22:11.220+0000] {logging_mixin.py:188} INFO - [2024-07-19T00:22:11.220+0000] {dagbag.py:540} INFO - Filling up the DagBag from /home/airflow/.local/lib/python3.8/site-packages/airflow/example_dags/tutorial_taskflow_api.py
[2024-07-19T00:22:11.225+0000] {processor.py:840} INFO - DAG(s) 'tutorial_taskflow_api' retrieved from /home/airflow/.local/lib/python3.8/site-packages/airflow/example_dags/tutorial_taskflow_api.py
[2024-07-19T00:22:11.241+0000] {logging_mixin.py:188} INFO - [2024-07-19T00:22:11.241+0000] {dag.py:3047} INFO - Sync 1 DAGs
[2024-07-19T00:22:11.251+0000] {logging_mixin.py:188} INFO - [2024-07-19T00:22:11.251+0000] {dag.py:3834} INFO - Setting next_dagrun for tutorial_taskflow_api to None, run_after=None
[2024-07-19T00:22:11.266+0000] {processor.py:183} INFO - Processing /home/airflow/.local/lib/python3.8/site-packages/airflow/example_dags/tutorial_taskflow_api.py took 0.050 seconds
[2024-07-19T00:22:41.474+0000] {processor.py:161} INFO - Started process (PID=573) to work on /home/airflow/.local/lib/python3.8/site-packages/airflow/example_dags/tutorial_taskflow_api.py
[2024-07-19T00:22:41.475+0000] {processor.py:830} INFO - Processing file /home/airflow/.local/lib/python3.8/site-packages/airflow/example_dags/tutorial_taskflow_api.py for tasks to queue
[2024-07-19T00:22:41.476+0000] {logging_mixin.py:188} INFO - [2024-07-19T00:22:41.476+0000] {dagbag.py:540} INFO - Filling up the DagBag from /home/airflow/.local/lib/python3.8/site-packages/airflow/example_dags/tutorial_taskflow_api.py
[2024-07-19T00:22:41.481+0000] {processor.py:840} INFO - DAG(s) 'tutorial_taskflow_api' retrieved from /home/airflow/.local/lib/python3.8/site-packages/airflow/example_dags/tutorial_taskflow_api.py
[2024-07-19T00:22:41.499+0000] {logging_mixin.py:188} INFO - [2024-07-19T00:22:41.499+0000] {dag.py:3047} INFO - Sync 1 DAGs
[2024-07-19T00:22:41.511+0000] {logging_mixin.py:188} INFO - [2024-07-19T00:22:41.511+0000] {dag.py:3834} INFO - Setting next_dagrun for tutorial_taskflow_api to None, run_after=None
[2024-07-19T00:22:41.531+0000] {processor.py:183} INFO - Processing /home/airflow/.local/lib/python3.8/site-packages/airflow/example_dags/tutorial_taskflow_api.py took 0.060 seconds
[2024-07-19T00:23:11.736+0000] {processor.py:161} INFO - Started process (PID=629) to work on /home/airflow/.local/lib/python3.8/site-packages/airflow/example_dags/tutorial_taskflow_api.py
[2024-07-19T00:23:11.737+0000] {processor.py:830} INFO - Processing file /home/airflow/.local/lib/python3.8/site-packages/airflow/example_dags/tutorial_taskflow_api.py for tasks to queue
[2024-07-19T00:23:11.738+0000] {logging_mixin.py:188} INFO - [2024-07-19T00:23:11.737+0000] {dagbag.py:540} INFO - Filling up the DagBag from /home/airflow/.local/lib/python3.8/site-packages/airflow/example_dags/tutorial_taskflow_api.py
[2024-07-19T00:23:11.743+0000] {processor.py:840} INFO - DAG(s) 'tutorial_taskflow_api' retrieved from /home/airflow/.local/lib/python3.8/site-packages/airflow/example_dags/tutorial_taskflow_api.py
[2024-07-19T00:23:11.779+0000] {logging_mixin.py:188} INFO - [2024-07-19T00:23:11.779+0000] {dag.py:3047} INFO - Sync 1 DAGs
[2024-07-19T00:23:11.802+0000] {logging_mixin.py:188} INFO - [2024-07-19T00:23:11.801+0000] {dag.py:3834} INFO - Setting next_dagrun for tutorial_taskflow_api to None, run_after=None
[2024-07-19T00:23:11.826+0000] {processor.py:183} INFO - Processing /home/airflow/.local/lib/python3.8/site-packages/airflow/example_dags/tutorial_taskflow_api.py took 0.093 seconds
[2024-07-19T00:23:41.949+0000] {processor.py:161} INFO - Started process (PID=685) to work on /home/airflow/.local/lib/python3.8/site-packages/airflow/example_dags/tutorial_taskflow_api.py
[2024-07-19T00:23:41.950+0000] {processor.py:830} INFO - Processing file /home/airflow/.local/lib/python3.8/site-packages/airflow/example_dags/tutorial_taskflow_api.py for tasks to queue
[2024-07-19T00:23:41.950+0000] {logging_mixin.py:188} INFO - [2024-07-19T00:23:41.950+0000] {dagbag.py:540} INFO - Filling up the DagBag from /home/airflow/.local/lib/python3.8/site-packages/airflow/example_dags/tutorial_taskflow_api.py
[2024-07-19T00:23:41.956+0000] {processor.py:840} INFO - DAG(s) 'tutorial_taskflow_api' retrieved from /home/airflow/.local/lib/python3.8/site-packages/airflow/example_dags/tutorial_taskflow_api.py
[2024-07-19T00:23:41.972+0000] {logging_mixin.py:188} INFO - [2024-07-19T00:23:41.972+0000] {dag.py:3047} INFO - Sync 1 DAGs
[2024-07-19T00:23:41.981+0000] {logging_mixin.py:188} INFO - [2024-07-19T00:23:41.981+0000] {dag.py:3834} INFO - Setting next_dagrun for tutorial_taskflow_api to None, run_after=None
[2024-07-19T00:23:41.997+0000] {processor.py:183} INFO - Processing /home/airflow/.local/lib/python3.8/site-packages/airflow/example_dags/tutorial_taskflow_api.py took 0.050 seconds
[2024-07-19T00:24:13.058+0000] {processor.py:161} INFO - Started process (PID=741) to work on /home/airflow/.local/lib/python3.8/site-packages/airflow/example_dags/tutorial_taskflow_api.py
[2024-07-19T00:24:13.059+0000] {processor.py:830} INFO - Processing file /home/airflow/.local/lib/python3.8/site-packages/airflow/example_dags/tutorial_taskflow_api.py for tasks to queue
[2024-07-19T00:24:13.059+0000] {logging_mixin.py:188} INFO - [2024-07-19T00:24:13.059+0000] {dagbag.py:540} INFO - Filling up the DagBag from /home/airflow/.local/lib/python3.8/site-packages/airflow/example_dags/tutorial_taskflow_api.py
[2024-07-19T00:24:13.064+0000] {processor.py:840} INFO - DAG(s) 'tutorial_taskflow_api' retrieved from /home/airflow/.local/lib/python3.8/site-packages/airflow/example_dags/tutorial_taskflow_api.py
[2024-07-19T00:24:13.081+0000] {logging_mixin.py:188} INFO - [2024-07-19T00:24:13.080+0000] {dag.py:3047} INFO - Sync 1 DAGs
[2024-07-19T00:24:13.090+0000] {logging_mixin.py:188} INFO - [2024-07-19T00:24:13.090+0000] {dag.py:3834} INFO - Setting next_dagrun for tutorial_taskflow_api to None, run_after=None
[2024-07-19T00:24:13.108+0000] {processor.py:183} INFO - Processing /home/airflow/.local/lib/python3.8/site-packages/airflow/example_dags/tutorial_taskflow_api.py took 0.052 seconds
[2024-07-19T00:24:43.231+0000] {processor.py:161} INFO - Started process (PID=797) to work on /home/airflow/.local/lib/python3.8/site-packages/airflow/example_dags/tutorial_taskflow_api.py
[2024-07-19T00:24:43.232+0000] {processor.py:830} INFO - Processing file /home/airflow/.local/lib/python3.8/site-packages/airflow/example_dags/tutorial_taskflow_api.py for tasks to queue
[2024-07-19T00:24:43.233+0000] {logging_mixin.py:188} INFO - [2024-07-19T00:24:43.232+0000] {dagbag.py:540} INFO - Filling up the DagBag from /home/airflow/.local/lib/python3.8/site-packages/airflow/example_dags/tutorial_taskflow_api.py
[2024-07-19T00:24:43.237+0000] {processor.py:840} INFO - DAG(s) 'tutorial_taskflow_api' retrieved from /home/airflow/.local/lib/python3.8/site-packages/airflow/example_dags/tutorial_taskflow_api.py
[2024-07-19T00:24:43.254+0000] {logging_mixin.py:188} INFO - [2024-07-19T00:24:43.253+0000] {dag.py:3047} INFO - Sync 1 DAGs
[2024-07-19T00:24:43.263+0000] {logging_mixin.py:188} INFO - [2024-07-19T00:24:43.263+0000] {dag.py:3834} INFO - Setting next_dagrun for tutorial_taskflow_api to None, run_after=None
[2024-07-19T00:24:43.278+0000] {processor.py:183} INFO - Processing /home/airflow/.local/lib/python3.8/site-packages/airflow/example_dags/tutorial_taskflow_api.py took 0.049 seconds
[2024-07-19T00:25:13.370+0000] {processor.py:161} INFO - Started process (PID=853) to work on /home/airflow/.local/lib/python3.8/site-packages/airflow/example_dags/tutorial_taskflow_api.py
[2024-07-19T00:25:13.370+0000] {processor.py:830} INFO - Processing file /home/airflow/.local/lib/python3.8/site-packages/airflow/example_dags/tutorial_taskflow_api.py for tasks to queue
[2024-07-19T00:25:13.371+0000] {logging_mixin.py:188} INFO - [2024-07-19T00:25:13.371+0000] {dagbag.py:540} INFO - Filling up the DagBag from /home/airflow/.local/lib/python3.8/site-packages/airflow/example_dags/tutorial_taskflow_api.py
[2024-07-19T00:25:13.375+0000] {processor.py:840} INFO - DAG(s) 'tutorial_taskflow_api' retrieved from /home/airflow/.local/lib/python3.8/site-packages/airflow/example_dags/tutorial_taskflow_api.py
[2024-07-19T00:25:13.392+0000] {logging_mixin.py:188} INFO - [2024-07-19T00:25:13.392+0000] {dag.py:3047} INFO - Sync 1 DAGs
[2024-07-19T00:25:13.403+0000] {logging_mixin.py:188} INFO - [2024-07-19T00:25:13.402+0000] {dag.py:3834} INFO - Setting next_dagrun for tutorial_taskflow_api to None, run_after=None
[2024-07-19T00:25:13.420+0000] {processor.py:183} INFO - Processing /home/airflow/.local/lib/python3.8/site-packages/airflow/example_dags/tutorial_taskflow_api.py took 0.053 seconds
[2024-07-19T00:25:44.313+0000] {processor.py:161} INFO - Started process (PID=909) to work on /home/airflow/.local/lib/python3.8/site-packages/airflow/example_dags/tutorial_taskflow_api.py
[2024-07-19T00:25:44.313+0000] {processor.py:830} INFO - Processing file /home/airflow/.local/lib/python3.8/site-packages/airflow/example_dags/tutorial_taskflow_api.py for tasks to queue
[2024-07-19T00:25:44.314+0000] {logging_mixin.py:188} INFO - [2024-07-19T00:25:44.314+0000] {dagbag.py:540} INFO - Filling up the DagBag from /home/airflow/.local/lib/python3.8/site-packages/airflow/example_dags/tutorial_taskflow_api.py
[2024-07-19T00:25:44.318+0000] {processor.py:840} INFO - DAG(s) 'tutorial_taskflow_api' retrieved from /home/airflow/.local/lib/python3.8/site-packages/airflow/example_dags/tutorial_taskflow_api.py
[2024-07-19T00:25:44.333+0000] {logging_mixin.py:188} INFO - [2024-07-19T00:25:44.333+0000] {dag.py:3047} INFO - Sync 1 DAGs
[2024-07-19T00:25:44.343+0000] {logging_mixin.py:188} INFO - [2024-07-19T00:25:44.343+0000] {dag.py:3834} INFO - Setting next_dagrun for tutorial_taskflow_api to None, run_after=None
[2024-07-19T00:25:44.359+0000] {processor.py:183} INFO - Processing /home/airflow/.local/lib/python3.8/site-packages/airflow/example_dags/tutorial_taskflow_api.py took 0.049 seconds
[2024-07-19T00:26:14.591+0000] {processor.py:161} INFO - Started process (PID=965) to work on /home/airflow/.local/lib/python3.8/site-packages/airflow/example_dags/tutorial_taskflow_api.py
[2024-07-19T00:26:14.592+0000] {processor.py:830} INFO - Processing file /home/airflow/.local/lib/python3.8/site-packages/airflow/example_dags/tutorial_taskflow_api.py for tasks to queue
[2024-07-19T00:26:14.592+0000] {logging_mixin.py:188} INFO - [2024-07-19T00:26:14.592+0000] {dagbag.py:540} INFO - Filling up the DagBag from /home/airflow/.local/lib/python3.8/site-packages/airflow/example_dags/tutorial_taskflow_api.py
[2024-07-19T00:26:14.597+0000] {processor.py:840} INFO - DAG(s) 'tutorial_taskflow_api' retrieved from /home/airflow/.local/lib/python3.8/site-packages/airflow/example_dags/tutorial_taskflow_api.py
[2024-07-19T00:26:14.613+0000] {logging_mixin.py:188} INFO - [2024-07-19T00:26:14.613+0000] {dag.py:3047} INFO - Sync 1 DAGs
[2024-07-19T00:26:14.623+0000] {logging_mixin.py:188} INFO - [2024-07-19T00:26:14.623+0000] {dag.py:3834} INFO - Setting next_dagrun for tutorial_taskflow_api to None, run_after=None
[2024-07-19T00:26:14.639+0000] {processor.py:183} INFO - Processing /home/airflow/.local/lib/python3.8/site-packages/airflow/example_dags/tutorial_taskflow_api.py took 0.050 seconds
[2024-07-19T00:26:44.796+0000] {processor.py:161} INFO - Started process (PID=1021) to work on /home/airflow/.local/lib/python3.8/site-packages/airflow/example_dags/tutorial_taskflow_api.py
[2024-07-19T00:26:44.797+0000] {processor.py:830} INFO - Processing file /home/airflow/.local/lib/python3.8/site-packages/airflow/example_dags/tutorial_taskflow_api.py for tasks to queue
[2024-07-19T00:26:44.798+0000] {logging_mixin.py:188} INFO - [2024-07-19T00:26:44.798+0000] {dagbag.py:540} INFO - Filling up the DagBag from /home/airflow/.local/lib/python3.8/site-packages/airflow/example_dags/tutorial_taskflow_api.py
[2024-07-19T00:26:44.803+0000] {processor.py:840} INFO - DAG(s) 'tutorial_taskflow_api' retrieved from /home/airflow/.local/lib/python3.8/site-packages/airflow/example_dags/tutorial_taskflow_api.py
[2024-07-19T00:26:44.818+0000] {logging_mixin.py:188} INFO - [2024-07-19T00:26:44.818+0000] {dag.py:3047} INFO - Sync 1 DAGs
[2024-07-19T00:26:44.828+0000] {logging_mixin.py:188} INFO - [2024-07-19T00:26:44.827+0000] {dag.py:3834} INFO - Setting next_dagrun for tutorial_taskflow_api to None, run_after=None
[2024-07-19T00:26:44.844+0000] {processor.py:183} INFO - Processing /home/airflow/.local/lib/python3.8/site-packages/airflow/example_dags/tutorial_taskflow_api.py took 0.050 seconds
[2024-07-19T00:27:15.120+0000] {processor.py:161} INFO - Started process (PID=1077) to work on /home/airflow/.local/lib/python3.8/site-packages/airflow/example_dags/tutorial_taskflow_api.py
[2024-07-19T00:27:15.121+0000] {processor.py:830} INFO - Processing file /home/airflow/.local/lib/python3.8/site-packages/airflow/example_dags/tutorial_taskflow_api.py for tasks to queue
[2024-07-19T00:27:15.122+0000] {logging_mixin.py:188} INFO - [2024-07-19T00:27:15.122+0000] {dagbag.py:540} INFO - Filling up the DagBag from /home/airflow/.local/lib/python3.8/site-packages/airflow/example_dags/tutorial_taskflow_api.py
[2024-07-19T00:27:15.127+0000] {processor.py:840} INFO - DAG(s) 'tutorial_taskflow_api' retrieved from /home/airflow/.local/lib/python3.8/site-packages/airflow/example_dags/tutorial_taskflow_api.py
[2024-07-19T00:27:15.143+0000] {logging_mixin.py:188} INFO - [2024-07-19T00:27:15.142+0000] {dag.py:3047} INFO - Sync 1 DAGs
[2024-07-19T00:27:15.152+0000] {logging_mixin.py:188} INFO - [2024-07-19T00:27:15.152+0000] {dag.py:3834} INFO - Setting next_dagrun for tutorial_taskflow_api to None, run_after=None
[2024-07-19T00:27:15.170+0000] {processor.py:183} INFO - Processing /home/airflow/.local/lib/python3.8/site-packages/airflow/example_dags/tutorial_taskflow_api.py took 0.052 seconds
[2024-07-19T00:27:46.146+0000] {processor.py:161} INFO - Started process (PID=1134) to work on /home/airflow/.local/lib/python3.8/site-packages/airflow/example_dags/tutorial_taskflow_api.py
[2024-07-19T00:27:46.147+0000] {processor.py:830} INFO - Processing file /home/airflow/.local/lib/python3.8/site-packages/airflow/example_dags/tutorial_taskflow_api.py for tasks to queue
[2024-07-19T00:27:46.147+0000] {logging_mixin.py:188} INFO - [2024-07-19T00:27:46.147+0000] {dagbag.py:540} INFO - Filling up the DagBag from /home/airflow/.local/lib/python3.8/site-packages/airflow/example_dags/tutorial_taskflow_api.py
[2024-07-19T00:27:46.152+0000] {processor.py:840} INFO - DAG(s) 'tutorial_taskflow_api' retrieved from /home/airflow/.local/lib/python3.8/site-packages/airflow/example_dags/tutorial_taskflow_api.py
[2024-07-19T00:27:46.169+0000] {logging_mixin.py:188} INFO - [2024-07-19T00:27:46.168+0000] {dag.py:3047} INFO - Sync 1 DAGs
[2024-07-19T00:27:46.178+0000] {logging_mixin.py:188} INFO - [2024-07-19T00:27:46.178+0000] {dag.py:3834} INFO - Setting next_dagrun for tutorial_taskflow_api to None, run_after=None
[2024-07-19T00:27:46.194+0000] {processor.py:183} INFO - Processing /home/airflow/.local/lib/python3.8/site-packages/airflow/example_dags/tutorial_taskflow_api.py took 0.051 seconds
[2024-07-19T00:28:16.321+0000] {processor.py:161} INFO - Started process (PID=1191) to work on /home/airflow/.local/lib/python3.8/site-packages/airflow/example_dags/tutorial_taskflow_api.py
[2024-07-19T00:28:16.321+0000] {processor.py:830} INFO - Processing file /home/airflow/.local/lib/python3.8/site-packages/airflow/example_dags/tutorial_taskflow_api.py for tasks to queue
[2024-07-19T00:28:16.322+0000] {logging_mixin.py:188} INFO - [2024-07-19T00:28:16.322+0000] {dagbag.py:540} INFO - Filling up the DagBag from /home/airflow/.local/lib/python3.8/site-packages/airflow/example_dags/tutorial_taskflow_api.py
[2024-07-19T00:28:16.327+0000] {processor.py:840} INFO - DAG(s) 'tutorial_taskflow_api' retrieved from /home/airflow/.local/lib/python3.8/site-packages/airflow/example_dags/tutorial_taskflow_api.py
[2024-07-19T00:28:16.344+0000] {logging_mixin.py:188} INFO - [2024-07-19T00:28:16.343+0000] {dag.py:3047} INFO - Sync 1 DAGs
[2024-07-19T00:28:16.354+0000] {logging_mixin.py:188} INFO - [2024-07-19T00:28:16.354+0000] {dag.py:3834} INFO - Setting next_dagrun for tutorial_taskflow_api to None, run_after=None
[2024-07-19T00:28:16.373+0000] {processor.py:183} INFO - Processing /home/airflow/.local/lib/python3.8/site-packages/airflow/example_dags/tutorial_taskflow_api.py took 0.054 seconds
[2024-07-19T00:28:46.502+0000] {processor.py:161} INFO - Started process (PID=1247) to work on /home/airflow/.local/lib/python3.8/site-packages/airflow/example_dags/tutorial_taskflow_api.py
[2024-07-19T00:28:46.503+0000] {processor.py:830} INFO - Processing file /home/airflow/.local/lib/python3.8/site-packages/airflow/example_dags/tutorial_taskflow_api.py for tasks to queue
[2024-07-19T00:28:46.503+0000] {logging_mixin.py:188} INFO - [2024-07-19T00:28:46.503+0000] {dagbag.py:540} INFO - Filling up the DagBag from /home/airflow/.local/lib/python3.8/site-packages/airflow/example_dags/tutorial_taskflow_api.py
[2024-07-19T00:28:46.508+0000] {processor.py:840} INFO - DAG(s) 'tutorial_taskflow_api' retrieved from /home/airflow/.local/lib/python3.8/site-packages/airflow/example_dags/tutorial_taskflow_api.py
[2024-07-19T00:28:46.523+0000] {logging_mixin.py:188} INFO - [2024-07-19T00:28:46.523+0000] {dag.py:3047} INFO - Sync 1 DAGs
[2024-07-19T00:28:46.533+0000] {logging_mixin.py:188} INFO - [2024-07-19T00:28:46.533+0000] {dag.py:3834} INFO - Setting next_dagrun for tutorial_taskflow_api to None, run_after=None
[2024-07-19T00:28:46.547+0000] {processor.py:183} INFO - Processing /home/airflow/.local/lib/python3.8/site-packages/airflow/example_dags/tutorial_taskflow_api.py took 0.047 seconds
