[2024-07-19T00:00:21.539+0000] {processor.py:161} INFO - Started process (PID=1520) to work on /home/airflow/.local/lib/python3.8/site-packages/airflow/example_dags/tutorial_dag.py
[2024-07-19T00:00:21.540+0000] {processor.py:830} INFO - Processing file /home/airflow/.local/lib/python3.8/site-packages/airflow/example_dags/tutorial_dag.py for tasks to queue
[2024-07-19T00:00:21.541+0000] {logging_mixin.py:188} INFO - [2024-07-19T00:00:21.541+0000] {dagbag.py:540} INFO - Filling up the DagBag from /home/airflow/.local/lib/python3.8/site-packages/airflow/example_dags/tutorial_dag.py
[2024-07-19T00:00:21.545+0000] {processor.py:840} INFO - DAG(s) 'tutorial_dag' retrieved from /home/airflow/.local/lib/python3.8/site-packages/airflow/example_dags/tutorial_dag.py
[2024-07-19T00:00:21.561+0000] {logging_mixin.py:188} INFO - [2024-07-19T00:00:21.561+0000] {dag.py:3047} INFO - Sync 1 DAGs
[2024-07-19T00:00:21.570+0000] {logging_mixin.py:188} INFO - [2024-07-19T00:00:21.570+0000] {dag.py:3834} INFO - Setting next_dagrun for tutorial_dag to None, run_after=None
[2024-07-19T00:00:21.585+0000] {processor.py:183} INFO - Processing /home/airflow/.local/lib/python3.8/site-packages/airflow/example_dags/tutorial_dag.py took 0.048 seconds
[2024-07-19T00:00:51.825+0000] {processor.py:161} INFO - Started process (PID=1576) to work on /home/airflow/.local/lib/python3.8/site-packages/airflow/example_dags/tutorial_dag.py
[2024-07-19T00:00:51.826+0000] {processor.py:830} INFO - Processing file /home/airflow/.local/lib/python3.8/site-packages/airflow/example_dags/tutorial_dag.py for tasks to queue
[2024-07-19T00:00:51.827+0000] {logging_mixin.py:188} INFO - [2024-07-19T00:00:51.827+0000] {dagbag.py:540} INFO - Filling up the DagBag from /home/airflow/.local/lib/python3.8/site-packages/airflow/example_dags/tutorial_dag.py
[2024-07-19T00:00:51.831+0000] {processor.py:840} INFO - DAG(s) 'tutorial_dag' retrieved from /home/airflow/.local/lib/python3.8/site-packages/airflow/example_dags/tutorial_dag.py
[2024-07-19T00:00:51.846+0000] {logging_mixin.py:188} INFO - [2024-07-19T00:00:51.846+0000] {dag.py:3047} INFO - Sync 1 DAGs
[2024-07-19T00:00:51.856+0000] {logging_mixin.py:188} INFO - [2024-07-19T00:00:51.856+0000] {dag.py:3834} INFO - Setting next_dagrun for tutorial_dag to None, run_after=None
[2024-07-19T00:00:51.871+0000] {processor.py:183} INFO - Processing /home/airflow/.local/lib/python3.8/site-packages/airflow/example_dags/tutorial_dag.py took 0.049 seconds
[2024-07-19T00:01:22.064+0000] {processor.py:161} INFO - Started process (PID=1632) to work on /home/airflow/.local/lib/python3.8/site-packages/airflow/example_dags/tutorial_dag.py
[2024-07-19T00:01:22.065+0000] {processor.py:830} INFO - Processing file /home/airflow/.local/lib/python3.8/site-packages/airflow/example_dags/tutorial_dag.py for tasks to queue
[2024-07-19T00:01:22.067+0000] {logging_mixin.py:188} INFO - [2024-07-19T00:01:22.066+0000] {dagbag.py:540} INFO - Filling up the DagBag from /home/airflow/.local/lib/python3.8/site-packages/airflow/example_dags/tutorial_dag.py
[2024-07-19T00:01:22.071+0000] {processor.py:840} INFO - DAG(s) 'tutorial_dag' retrieved from /home/airflow/.local/lib/python3.8/site-packages/airflow/example_dags/tutorial_dag.py
[2024-07-19T00:01:22.087+0000] {logging_mixin.py:188} INFO - [2024-07-19T00:01:22.086+0000] {dag.py:3047} INFO - Sync 1 DAGs
[2024-07-19T00:01:22.096+0000] {logging_mixin.py:188} INFO - [2024-07-19T00:01:22.096+0000] {dag.py:3834} INFO - Setting next_dagrun for tutorial_dag to None, run_after=None
[2024-07-19T00:01:22.112+0000] {processor.py:183} INFO - Processing /home/airflow/.local/lib/python3.8/site-packages/airflow/example_dags/tutorial_dag.py took 0.050 seconds
[2024-07-19T00:01:52.488+0000] {processor.py:161} INFO - Started process (PID=1688) to work on /home/airflow/.local/lib/python3.8/site-packages/airflow/example_dags/tutorial_dag.py
[2024-07-19T00:01:52.489+0000] {processor.py:830} INFO - Processing file /home/airflow/.local/lib/python3.8/site-packages/airflow/example_dags/tutorial_dag.py for tasks to queue
[2024-07-19T00:01:52.490+0000] {logging_mixin.py:188} INFO - [2024-07-19T00:01:52.490+0000] {dagbag.py:540} INFO - Filling up the DagBag from /home/airflow/.local/lib/python3.8/site-packages/airflow/example_dags/tutorial_dag.py
[2024-07-19T00:01:52.494+0000] {processor.py:840} INFO - DAG(s) 'tutorial_dag' retrieved from /home/airflow/.local/lib/python3.8/site-packages/airflow/example_dags/tutorial_dag.py
[2024-07-19T00:01:52.509+0000] {logging_mixin.py:188} INFO - [2024-07-19T00:01:52.509+0000] {dag.py:3047} INFO - Sync 1 DAGs
[2024-07-19T00:01:52.521+0000] {logging_mixin.py:188} INFO - [2024-07-19T00:01:52.521+0000] {dag.py:3834} INFO - Setting next_dagrun for tutorial_dag to None, run_after=None
[2024-07-19T00:01:52.541+0000] {processor.py:183} INFO - Processing /home/airflow/.local/lib/python3.8/site-packages/airflow/example_dags/tutorial_dag.py took 0.055 seconds
[2024-07-19T00:02:22.637+0000] {processor.py:161} INFO - Started process (PID=1744) to work on /home/airflow/.local/lib/python3.8/site-packages/airflow/example_dags/tutorial_dag.py
[2024-07-19T00:02:22.638+0000] {processor.py:830} INFO - Processing file /home/airflow/.local/lib/python3.8/site-packages/airflow/example_dags/tutorial_dag.py for tasks to queue
[2024-07-19T00:02:22.639+0000] {logging_mixin.py:188} INFO - [2024-07-19T00:02:22.639+0000] {dagbag.py:540} INFO - Filling up the DagBag from /home/airflow/.local/lib/python3.8/site-packages/airflow/example_dags/tutorial_dag.py
[2024-07-19T00:02:22.643+0000] {processor.py:840} INFO - DAG(s) 'tutorial_dag' retrieved from /home/airflow/.local/lib/python3.8/site-packages/airflow/example_dags/tutorial_dag.py
[2024-07-19T00:02:22.658+0000] {logging_mixin.py:188} INFO - [2024-07-19T00:02:22.657+0000] {dag.py:3047} INFO - Sync 1 DAGs
[2024-07-19T00:02:22.667+0000] {logging_mixin.py:188} INFO - [2024-07-19T00:02:22.667+0000] {dag.py:3834} INFO - Setting next_dagrun for tutorial_dag to None, run_after=None
[2024-07-19T00:02:22.682+0000] {processor.py:183} INFO - Processing /home/airflow/.local/lib/python3.8/site-packages/airflow/example_dags/tutorial_dag.py took 0.047 seconds
[2024-07-19T00:02:52.699+0000] {processor.py:161} INFO - Started process (PID=1799) to work on /home/airflow/.local/lib/python3.8/site-packages/airflow/example_dags/tutorial_dag.py
[2024-07-19T00:02:52.700+0000] {processor.py:830} INFO - Processing file /home/airflow/.local/lib/python3.8/site-packages/airflow/example_dags/tutorial_dag.py for tasks to queue
[2024-07-19T00:02:52.701+0000] {logging_mixin.py:188} INFO - [2024-07-19T00:02:52.701+0000] {dagbag.py:540} INFO - Filling up the DagBag from /home/airflow/.local/lib/python3.8/site-packages/airflow/example_dags/tutorial_dag.py
[2024-07-19T00:02:52.705+0000] {processor.py:840} INFO - DAG(s) 'tutorial_dag' retrieved from /home/airflow/.local/lib/python3.8/site-packages/airflow/example_dags/tutorial_dag.py
[2024-07-19T00:02:52.720+0000] {logging_mixin.py:188} INFO - [2024-07-19T00:02:52.719+0000] {dag.py:3047} INFO - Sync 1 DAGs
[2024-07-19T00:02:52.732+0000] {logging_mixin.py:188} INFO - [2024-07-19T00:02:52.731+0000] {dag.py:3834} INFO - Setting next_dagrun for tutorial_dag to None, run_after=None
[2024-07-19T00:02:52.746+0000] {processor.py:183} INFO - Processing /home/airflow/.local/lib/python3.8/site-packages/airflow/example_dags/tutorial_dag.py took 0.049 seconds
[2024-07-19T00:03:23.026+0000] {processor.py:161} INFO - Started process (PID=1856) to work on /home/airflow/.local/lib/python3.8/site-packages/airflow/example_dags/tutorial_dag.py
[2024-07-19T00:03:23.027+0000] {processor.py:830} INFO - Processing file /home/airflow/.local/lib/python3.8/site-packages/airflow/example_dags/tutorial_dag.py for tasks to queue
[2024-07-19T00:03:23.028+0000] {logging_mixin.py:188} INFO - [2024-07-19T00:03:23.028+0000] {dagbag.py:540} INFO - Filling up the DagBag from /home/airflow/.local/lib/python3.8/site-packages/airflow/example_dags/tutorial_dag.py
[2024-07-19T00:03:23.032+0000] {processor.py:840} INFO - DAG(s) 'tutorial_dag' retrieved from /home/airflow/.local/lib/python3.8/site-packages/airflow/example_dags/tutorial_dag.py
[2024-07-19T00:03:23.048+0000] {logging_mixin.py:188} INFO - [2024-07-19T00:03:23.047+0000] {dag.py:3047} INFO - Sync 1 DAGs
[2024-07-19T00:03:23.059+0000] {logging_mixin.py:188} INFO - [2024-07-19T00:03:23.058+0000] {dag.py:3834} INFO - Setting next_dagrun for tutorial_dag to None, run_after=None
[2024-07-19T00:03:23.074+0000] {processor.py:183} INFO - Processing /home/airflow/.local/lib/python3.8/site-packages/airflow/example_dags/tutorial_dag.py took 0.050 seconds
[2024-07-19T00:03:53.226+0000] {processor.py:161} INFO - Started process (PID=1912) to work on /home/airflow/.local/lib/python3.8/site-packages/airflow/example_dags/tutorial_dag.py
[2024-07-19T00:03:53.227+0000] {processor.py:830} INFO - Processing file /home/airflow/.local/lib/python3.8/site-packages/airflow/example_dags/tutorial_dag.py for tasks to queue
[2024-07-19T00:03:53.228+0000] {logging_mixin.py:188} INFO - [2024-07-19T00:03:53.228+0000] {dagbag.py:540} INFO - Filling up the DagBag from /home/airflow/.local/lib/python3.8/site-packages/airflow/example_dags/tutorial_dag.py
[2024-07-19T00:03:53.232+0000] {processor.py:840} INFO - DAG(s) 'tutorial_dag' retrieved from /home/airflow/.local/lib/python3.8/site-packages/airflow/example_dags/tutorial_dag.py
[2024-07-19T00:03:53.247+0000] {logging_mixin.py:188} INFO - [2024-07-19T00:03:53.247+0000] {dag.py:3047} INFO - Sync 1 DAGs
[2024-07-19T00:03:53.256+0000] {logging_mixin.py:188} INFO - [2024-07-19T00:03:53.256+0000] {dag.py:3834} INFO - Setting next_dagrun for tutorial_dag to None, run_after=None
[2024-07-19T00:03:53.271+0000] {processor.py:183} INFO - Processing /home/airflow/.local/lib/python3.8/site-packages/airflow/example_dags/tutorial_dag.py took 0.046 seconds
[2024-07-19T00:04:23.515+0000] {processor.py:161} INFO - Started process (PID=1968) to work on /home/airflow/.local/lib/python3.8/site-packages/airflow/example_dags/tutorial_dag.py
[2024-07-19T00:04:23.516+0000] {processor.py:830} INFO - Processing file /home/airflow/.local/lib/python3.8/site-packages/airflow/example_dags/tutorial_dag.py for tasks to queue
[2024-07-19T00:04:23.517+0000] {logging_mixin.py:188} INFO - [2024-07-19T00:04:23.516+0000] {dagbag.py:540} INFO - Filling up the DagBag from /home/airflow/.local/lib/python3.8/site-packages/airflow/example_dags/tutorial_dag.py
[2024-07-19T00:04:23.520+0000] {processor.py:840} INFO - DAG(s) 'tutorial_dag' retrieved from /home/airflow/.local/lib/python3.8/site-packages/airflow/example_dags/tutorial_dag.py
[2024-07-19T00:04:23.536+0000] {logging_mixin.py:188} INFO - [2024-07-19T00:04:23.536+0000] {dag.py:3047} INFO - Sync 1 DAGs
[2024-07-19T00:04:23.545+0000] {logging_mixin.py:188} INFO - [2024-07-19T00:04:23.545+0000] {dag.py:3834} INFO - Setting next_dagrun for tutorial_dag to None, run_after=None
[2024-07-19T00:04:23.560+0000] {processor.py:183} INFO - Processing /home/airflow/.local/lib/python3.8/site-packages/airflow/example_dags/tutorial_dag.py took 0.047 seconds
[2024-07-19T00:04:53.728+0000] {processor.py:161} INFO - Started process (PID=2024) to work on /home/airflow/.local/lib/python3.8/site-packages/airflow/example_dags/tutorial_dag.py
[2024-07-19T00:04:53.729+0000] {processor.py:830} INFO - Processing file /home/airflow/.local/lib/python3.8/site-packages/airflow/example_dags/tutorial_dag.py for tasks to queue
[2024-07-19T00:04:53.730+0000] {logging_mixin.py:188} INFO - [2024-07-19T00:04:53.730+0000] {dagbag.py:540} INFO - Filling up the DagBag from /home/airflow/.local/lib/python3.8/site-packages/airflow/example_dags/tutorial_dag.py
[2024-07-19T00:04:53.734+0000] {processor.py:840} INFO - DAG(s) 'tutorial_dag' retrieved from /home/airflow/.local/lib/python3.8/site-packages/airflow/example_dags/tutorial_dag.py
[2024-07-19T00:04:53.750+0000] {logging_mixin.py:188} INFO - [2024-07-19T00:04:53.750+0000] {dag.py:3047} INFO - Sync 1 DAGs
[2024-07-19T00:04:53.760+0000] {logging_mixin.py:188} INFO - [2024-07-19T00:04:53.760+0000] {dag.py:3834} INFO - Setting next_dagrun for tutorial_dag to None, run_after=None
[2024-07-19T00:04:53.775+0000] {processor.py:183} INFO - Processing /home/airflow/.local/lib/python3.8/site-packages/airflow/example_dags/tutorial_dag.py took 0.050 seconds
[2024-07-19T00:05:24.657+0000] {processor.py:161} INFO - Started process (PID=2078) to work on /home/airflow/.local/lib/python3.8/site-packages/airflow/example_dags/tutorial_dag.py
[2024-07-19T00:05:24.658+0000] {processor.py:830} INFO - Processing file /home/airflow/.local/lib/python3.8/site-packages/airflow/example_dags/tutorial_dag.py for tasks to queue
[2024-07-19T00:05:24.659+0000] {logging_mixin.py:188} INFO - [2024-07-19T00:05:24.659+0000] {dagbag.py:540} INFO - Filling up the DagBag from /home/airflow/.local/lib/python3.8/site-packages/airflow/example_dags/tutorial_dag.py
[2024-07-19T00:05:24.663+0000] {processor.py:840} INFO - DAG(s) 'tutorial_dag' retrieved from /home/airflow/.local/lib/python3.8/site-packages/airflow/example_dags/tutorial_dag.py
[2024-07-19T00:05:24.678+0000] {logging_mixin.py:188} INFO - [2024-07-19T00:05:24.677+0000] {dag.py:3047} INFO - Sync 1 DAGs
[2024-07-19T00:05:24.687+0000] {logging_mixin.py:188} INFO - [2024-07-19T00:05:24.687+0000] {dag.py:3834} INFO - Setting next_dagrun for tutorial_dag to None, run_after=None
[2024-07-19T00:05:24.702+0000] {processor.py:183} INFO - Processing /home/airflow/.local/lib/python3.8/site-packages/airflow/example_dags/tutorial_dag.py took 0.046 seconds
[2024-07-19T00:05:54.987+0000] {processor.py:161} INFO - Started process (PID=2134) to work on /home/airflow/.local/lib/python3.8/site-packages/airflow/example_dags/tutorial_dag.py
[2024-07-19T00:05:54.988+0000] {processor.py:830} INFO - Processing file /home/airflow/.local/lib/python3.8/site-packages/airflow/example_dags/tutorial_dag.py for tasks to queue
[2024-07-19T00:05:54.989+0000] {logging_mixin.py:188} INFO - [2024-07-19T00:05:54.989+0000] {dagbag.py:540} INFO - Filling up the DagBag from /home/airflow/.local/lib/python3.8/site-packages/airflow/example_dags/tutorial_dag.py
[2024-07-19T00:05:54.993+0000] {processor.py:840} INFO - DAG(s) 'tutorial_dag' retrieved from /home/airflow/.local/lib/python3.8/site-packages/airflow/example_dags/tutorial_dag.py
[2024-07-19T00:05:55.008+0000] {logging_mixin.py:188} INFO - [2024-07-19T00:05:55.008+0000] {dag.py:3047} INFO - Sync 1 DAGs
[2024-07-19T00:05:55.018+0000] {logging_mixin.py:188} INFO - [2024-07-19T00:05:55.018+0000] {dag.py:3834} INFO - Setting next_dagrun for tutorial_dag to None, run_after=None
[2024-07-19T00:05:55.033+0000] {processor.py:183} INFO - Processing /home/airflow/.local/lib/python3.8/site-packages/airflow/example_dags/tutorial_dag.py took 0.048 seconds
[2024-07-19T00:06:25.301+0000] {processor.py:161} INFO - Started process (PID=2190) to work on /home/airflow/.local/lib/python3.8/site-packages/airflow/example_dags/tutorial_dag.py
[2024-07-19T00:06:25.302+0000] {processor.py:830} INFO - Processing file /home/airflow/.local/lib/python3.8/site-packages/airflow/example_dags/tutorial_dag.py for tasks to queue
[2024-07-19T00:06:25.303+0000] {logging_mixin.py:188} INFO - [2024-07-19T00:06:25.303+0000] {dagbag.py:540} INFO - Filling up the DagBag from /home/airflow/.local/lib/python3.8/site-packages/airflow/example_dags/tutorial_dag.py
[2024-07-19T00:06:25.306+0000] {processor.py:840} INFO - DAG(s) 'tutorial_dag' retrieved from /home/airflow/.local/lib/python3.8/site-packages/airflow/example_dags/tutorial_dag.py
[2024-07-19T00:06:25.322+0000] {logging_mixin.py:188} INFO - [2024-07-19T00:06:25.321+0000] {dag.py:3047} INFO - Sync 1 DAGs
[2024-07-19T00:06:25.332+0000] {logging_mixin.py:188} INFO - [2024-07-19T00:06:25.332+0000] {dag.py:3834} INFO - Setting next_dagrun for tutorial_dag to None, run_after=None
[2024-07-19T00:06:25.349+0000] {processor.py:183} INFO - Processing /home/airflow/.local/lib/python3.8/site-packages/airflow/example_dags/tutorial_dag.py took 0.050 seconds
[2024-07-19T00:06:56.000+0000] {processor.py:161} INFO - Started process (PID=2246) to work on /home/airflow/.local/lib/python3.8/site-packages/airflow/example_dags/tutorial_dag.py
[2024-07-19T00:06:56.001+0000] {processor.py:830} INFO - Processing file /home/airflow/.local/lib/python3.8/site-packages/airflow/example_dags/tutorial_dag.py for tasks to queue
[2024-07-19T00:06:56.002+0000] {logging_mixin.py:188} INFO - [2024-07-19T00:06:56.002+0000] {dagbag.py:540} INFO - Filling up the DagBag from /home/airflow/.local/lib/python3.8/site-packages/airflow/example_dags/tutorial_dag.py
[2024-07-19T00:06:56.006+0000] {processor.py:840} INFO - DAG(s) 'tutorial_dag' retrieved from /home/airflow/.local/lib/python3.8/site-packages/airflow/example_dags/tutorial_dag.py
[2024-07-19T00:06:56.021+0000] {logging_mixin.py:188} INFO - [2024-07-19T00:06:56.021+0000] {dag.py:3047} INFO - Sync 1 DAGs
[2024-07-19T00:06:56.030+0000] {logging_mixin.py:188} INFO - [2024-07-19T00:06:56.030+0000] {dag.py:3834} INFO - Setting next_dagrun for tutorial_dag to None, run_after=None
[2024-07-19T00:06:56.047+0000] {processor.py:183} INFO - Processing /home/airflow/.local/lib/python3.8/site-packages/airflow/example_dags/tutorial_dag.py took 0.049 seconds
[2024-07-19T00:07:26.205+0000] {processor.py:161} INFO - Started process (PID=2303) to work on /home/airflow/.local/lib/python3.8/site-packages/airflow/example_dags/tutorial_dag.py
[2024-07-19T00:07:26.206+0000] {processor.py:830} INFO - Processing file /home/airflow/.local/lib/python3.8/site-packages/airflow/example_dags/tutorial_dag.py for tasks to queue
[2024-07-19T00:07:26.207+0000] {logging_mixin.py:188} INFO - [2024-07-19T00:07:26.207+0000] {dagbag.py:540} INFO - Filling up the DagBag from /home/airflow/.local/lib/python3.8/site-packages/airflow/example_dags/tutorial_dag.py
[2024-07-19T00:07:26.211+0000] {processor.py:840} INFO - DAG(s) 'tutorial_dag' retrieved from /home/airflow/.local/lib/python3.8/site-packages/airflow/example_dags/tutorial_dag.py
[2024-07-19T00:07:26.226+0000] {logging_mixin.py:188} INFO - [2024-07-19T00:07:26.226+0000] {dag.py:3047} INFO - Sync 1 DAGs
[2024-07-19T00:07:26.235+0000] {logging_mixin.py:188} INFO - [2024-07-19T00:07:26.235+0000] {dag.py:3834} INFO - Setting next_dagrun for tutorial_dag to None, run_after=None
[2024-07-19T00:07:26.250+0000] {processor.py:183} INFO - Processing /home/airflow/.local/lib/python3.8/site-packages/airflow/example_dags/tutorial_dag.py took 0.047 seconds
[2024-07-19T00:07:56.527+0000] {processor.py:161} INFO - Started process (PID=2359) to work on /home/airflow/.local/lib/python3.8/site-packages/airflow/example_dags/tutorial_dag.py
[2024-07-19T00:07:56.528+0000] {processor.py:830} INFO - Processing file /home/airflow/.local/lib/python3.8/site-packages/airflow/example_dags/tutorial_dag.py for tasks to queue
[2024-07-19T00:07:56.529+0000] {logging_mixin.py:188} INFO - [2024-07-19T00:07:56.529+0000] {dagbag.py:540} INFO - Filling up the DagBag from /home/airflow/.local/lib/python3.8/site-packages/airflow/example_dags/tutorial_dag.py
[2024-07-19T00:07:56.533+0000] {processor.py:840} INFO - DAG(s) 'tutorial_dag' retrieved from /home/airflow/.local/lib/python3.8/site-packages/airflow/example_dags/tutorial_dag.py
[2024-07-19T00:07:56.549+0000] {logging_mixin.py:188} INFO - [2024-07-19T00:07:56.548+0000] {dag.py:3047} INFO - Sync 1 DAGs
[2024-07-19T00:07:56.559+0000] {logging_mixin.py:188} INFO - [2024-07-19T00:07:56.559+0000] {dag.py:3834} INFO - Setting next_dagrun for tutorial_dag to None, run_after=None
[2024-07-19T00:07:56.577+0000] {processor.py:183} INFO - Processing /home/airflow/.local/lib/python3.8/site-packages/airflow/example_dags/tutorial_dag.py took 0.052 seconds
[2024-07-19T00:08:26.952+0000] {processor.py:161} INFO - Started process (PID=2415) to work on /home/airflow/.local/lib/python3.8/site-packages/airflow/example_dags/tutorial_dag.py
[2024-07-19T00:08:26.953+0000] {processor.py:830} INFO - Processing file /home/airflow/.local/lib/python3.8/site-packages/airflow/example_dags/tutorial_dag.py for tasks to queue
[2024-07-19T00:08:26.954+0000] {logging_mixin.py:188} INFO - [2024-07-19T00:08:26.954+0000] {dagbag.py:540} INFO - Filling up the DagBag from /home/airflow/.local/lib/python3.8/site-packages/airflow/example_dags/tutorial_dag.py
[2024-07-19T00:08:26.958+0000] {processor.py:840} INFO - DAG(s) 'tutorial_dag' retrieved from /home/airflow/.local/lib/python3.8/site-packages/airflow/example_dags/tutorial_dag.py
[2024-07-19T00:08:26.975+0000] {logging_mixin.py:188} INFO - [2024-07-19T00:08:26.974+0000] {dag.py:3047} INFO - Sync 1 DAGs
[2024-07-19T00:08:26.984+0000] {logging_mixin.py:188} INFO - [2024-07-19T00:08:26.984+0000] {dag.py:3834} INFO - Setting next_dagrun for tutorial_dag to None, run_after=None
[2024-07-19T00:08:27.001+0000] {processor.py:183} INFO - Processing /home/airflow/.local/lib/python3.8/site-packages/airflow/example_dags/tutorial_dag.py took 0.051 seconds
[2024-07-19T00:08:57.598+0000] {processor.py:161} INFO - Started process (PID=2471) to work on /home/airflow/.local/lib/python3.8/site-packages/airflow/example_dags/tutorial_dag.py
[2024-07-19T00:08:57.599+0000] {processor.py:830} INFO - Processing file /home/airflow/.local/lib/python3.8/site-packages/airflow/example_dags/tutorial_dag.py for tasks to queue
[2024-07-19T00:08:57.600+0000] {logging_mixin.py:188} INFO - [2024-07-19T00:08:57.600+0000] {dagbag.py:540} INFO - Filling up the DagBag from /home/airflow/.local/lib/python3.8/site-packages/airflow/example_dags/tutorial_dag.py
[2024-07-19T00:08:57.604+0000] {processor.py:840} INFO - DAG(s) 'tutorial_dag' retrieved from /home/airflow/.local/lib/python3.8/site-packages/airflow/example_dags/tutorial_dag.py
[2024-07-19T00:08:57.620+0000] {logging_mixin.py:188} INFO - [2024-07-19T00:08:57.620+0000] {dag.py:3047} INFO - Sync 1 DAGs
[2024-07-19T00:08:57.631+0000] {logging_mixin.py:188} INFO - [2024-07-19T00:08:57.631+0000] {dag.py:3834} INFO - Setting next_dagrun for tutorial_dag to None, run_after=None
[2024-07-19T00:08:57.650+0000] {processor.py:183} INFO - Processing /home/airflow/.local/lib/python3.8/site-packages/airflow/example_dags/tutorial_dag.py took 0.054 seconds
[2024-07-19T00:09:27.878+0000] {processor.py:161} INFO - Started process (PID=2527) to work on /home/airflow/.local/lib/python3.8/site-packages/airflow/example_dags/tutorial_dag.py
[2024-07-19T00:09:27.879+0000] {processor.py:830} INFO - Processing file /home/airflow/.local/lib/python3.8/site-packages/airflow/example_dags/tutorial_dag.py for tasks to queue
[2024-07-19T00:09:27.880+0000] {logging_mixin.py:188} INFO - [2024-07-19T00:09:27.880+0000] {dagbag.py:540} INFO - Filling up the DagBag from /home/airflow/.local/lib/python3.8/site-packages/airflow/example_dags/tutorial_dag.py
[2024-07-19T00:09:27.885+0000] {processor.py:840} INFO - DAG(s) 'tutorial_dag' retrieved from /home/airflow/.local/lib/python3.8/site-packages/airflow/example_dags/tutorial_dag.py
[2024-07-19T00:09:27.905+0000] {logging_mixin.py:188} INFO - [2024-07-19T00:09:27.905+0000] {dag.py:3047} INFO - Sync 1 DAGs
[2024-07-19T00:09:27.916+0000] {logging_mixin.py:188} INFO - [2024-07-19T00:09:27.915+0000] {dag.py:3834} INFO - Setting next_dagrun for tutorial_dag to None, run_after=None
[2024-07-19T00:09:27.934+0000] {processor.py:183} INFO - Processing /home/airflow/.local/lib/python3.8/site-packages/airflow/example_dags/tutorial_dag.py took 0.059 seconds
[2024-07-19T00:09:58.231+0000] {processor.py:161} INFO - Started process (PID=2583) to work on /home/airflow/.local/lib/python3.8/site-packages/airflow/example_dags/tutorial_dag.py
[2024-07-19T00:09:58.232+0000] {processor.py:830} INFO - Processing file /home/airflow/.local/lib/python3.8/site-packages/airflow/example_dags/tutorial_dag.py for tasks to queue
[2024-07-19T00:09:58.234+0000] {logging_mixin.py:188} INFO - [2024-07-19T00:09:58.233+0000] {dagbag.py:540} INFO - Filling up the DagBag from /home/airflow/.local/lib/python3.8/site-packages/airflow/example_dags/tutorial_dag.py
[2024-07-19T00:09:58.239+0000] {processor.py:840} INFO - DAG(s) 'tutorial_dag' retrieved from /home/airflow/.local/lib/python3.8/site-packages/airflow/example_dags/tutorial_dag.py
[2024-07-19T00:09:58.258+0000] {logging_mixin.py:188} INFO - [2024-07-19T00:09:58.257+0000] {dag.py:3047} INFO - Sync 1 DAGs
[2024-07-19T00:09:58.269+0000] {logging_mixin.py:188} INFO - [2024-07-19T00:09:58.269+0000] {dag.py:3834} INFO - Setting next_dagrun for tutorial_dag to None, run_after=None
[2024-07-19T00:09:58.288+0000] {processor.py:183} INFO - Processing /home/airflow/.local/lib/python3.8/site-packages/airflow/example_dags/tutorial_dag.py took 0.060 seconds
[2024-07-19T00:10:28.863+0000] {processor.py:161} INFO - Started process (PID=2640) to work on /home/airflow/.local/lib/python3.8/site-packages/airflow/example_dags/tutorial_dag.py
[2024-07-19T00:10:28.864+0000] {processor.py:830} INFO - Processing file /home/airflow/.local/lib/python3.8/site-packages/airflow/example_dags/tutorial_dag.py for tasks to queue
[2024-07-19T00:10:28.865+0000] {logging_mixin.py:188} INFO - [2024-07-19T00:10:28.865+0000] {dagbag.py:540} INFO - Filling up the DagBag from /home/airflow/.local/lib/python3.8/site-packages/airflow/example_dags/tutorial_dag.py
[2024-07-19T00:10:28.869+0000] {processor.py:840} INFO - DAG(s) 'tutorial_dag' retrieved from /home/airflow/.local/lib/python3.8/site-packages/airflow/example_dags/tutorial_dag.py
[2024-07-19T00:10:28.884+0000] {logging_mixin.py:188} INFO - [2024-07-19T00:10:28.884+0000] {dag.py:3047} INFO - Sync 1 DAGs
[2024-07-19T00:10:28.894+0000] {logging_mixin.py:188} INFO - [2024-07-19T00:10:28.894+0000] {dag.py:3834} INFO - Setting next_dagrun for tutorial_dag to None, run_after=None
[2024-07-19T00:10:28.909+0000] {processor.py:183} INFO - Processing /home/airflow/.local/lib/python3.8/site-packages/airflow/example_dags/tutorial_dag.py took 0.048 seconds
[2024-07-19T00:10:59.684+0000] {processor.py:161} INFO - Started process (PID=2696) to work on /home/airflow/.local/lib/python3.8/site-packages/airflow/example_dags/tutorial_dag.py
[2024-07-19T00:10:59.685+0000] {processor.py:830} INFO - Processing file /home/airflow/.local/lib/python3.8/site-packages/airflow/example_dags/tutorial_dag.py for tasks to queue
[2024-07-19T00:10:59.686+0000] {logging_mixin.py:188} INFO - [2024-07-19T00:10:59.686+0000] {dagbag.py:540} INFO - Filling up the DagBag from /home/airflow/.local/lib/python3.8/site-packages/airflow/example_dags/tutorial_dag.py
[2024-07-19T00:10:59.690+0000] {processor.py:840} INFO - DAG(s) 'tutorial_dag' retrieved from /home/airflow/.local/lib/python3.8/site-packages/airflow/example_dags/tutorial_dag.py
[2024-07-19T00:10:59.706+0000] {logging_mixin.py:188} INFO - [2024-07-19T00:10:59.706+0000] {dag.py:3047} INFO - Sync 1 DAGs
[2024-07-19T00:10:59.717+0000] {logging_mixin.py:188} INFO - [2024-07-19T00:10:59.716+0000] {dag.py:3834} INFO - Setting next_dagrun for tutorial_dag to None, run_after=None
[2024-07-19T00:10:59.731+0000] {processor.py:183} INFO - Processing /home/airflow/.local/lib/python3.8/site-packages/airflow/example_dags/tutorial_dag.py took 0.049 seconds
[2024-07-19T00:11:30.768+0000] {processor.py:161} INFO - Started process (PID=2752) to work on /home/airflow/.local/lib/python3.8/site-packages/airflow/example_dags/tutorial_dag.py
[2024-07-19T00:11:30.769+0000] {processor.py:830} INFO - Processing file /home/airflow/.local/lib/python3.8/site-packages/airflow/example_dags/tutorial_dag.py for tasks to queue
[2024-07-19T00:11:30.770+0000] {logging_mixin.py:188} INFO - [2024-07-19T00:11:30.770+0000] {dagbag.py:540} INFO - Filling up the DagBag from /home/airflow/.local/lib/python3.8/site-packages/airflow/example_dags/tutorial_dag.py
[2024-07-19T00:11:30.774+0000] {processor.py:840} INFO - DAG(s) 'tutorial_dag' retrieved from /home/airflow/.local/lib/python3.8/site-packages/airflow/example_dags/tutorial_dag.py
[2024-07-19T00:11:30.892+0000] {logging_mixin.py:188} INFO - [2024-07-19T00:11:30.891+0000] {dag.py:3047} INFO - Sync 1 DAGs
[2024-07-19T00:11:30.901+0000] {logging_mixin.py:188} INFO - [2024-07-19T00:11:30.901+0000] {dag.py:3834} INFO - Setting next_dagrun for tutorial_dag to None, run_after=None
[2024-07-19T00:11:30.916+0000] {processor.py:183} INFO - Processing /home/airflow/.local/lib/python3.8/site-packages/airflow/example_dags/tutorial_dag.py took 0.150 seconds
[2024-07-19T00:12:01.355+0000] {processor.py:161} INFO - Started process (PID=2808) to work on /home/airflow/.local/lib/python3.8/site-packages/airflow/example_dags/tutorial_dag.py
[2024-07-19T00:12:01.356+0000] {processor.py:830} INFO - Processing file /home/airflow/.local/lib/python3.8/site-packages/airflow/example_dags/tutorial_dag.py for tasks to queue
[2024-07-19T00:12:01.357+0000] {logging_mixin.py:188} INFO - [2024-07-19T00:12:01.357+0000] {dagbag.py:540} INFO - Filling up the DagBag from /home/airflow/.local/lib/python3.8/site-packages/airflow/example_dags/tutorial_dag.py
[2024-07-19T00:12:01.361+0000] {processor.py:840} INFO - DAG(s) 'tutorial_dag' retrieved from /home/airflow/.local/lib/python3.8/site-packages/airflow/example_dags/tutorial_dag.py
[2024-07-19T00:12:01.376+0000] {logging_mixin.py:188} INFO - [2024-07-19T00:12:01.376+0000] {dag.py:3047} INFO - Sync 1 DAGs
[2024-07-19T00:12:01.385+0000] {logging_mixin.py:188} INFO - [2024-07-19T00:12:01.385+0000] {dag.py:3834} INFO - Setting next_dagrun for tutorial_dag to None, run_after=None
[2024-07-19T00:12:01.401+0000] {processor.py:183} INFO - Processing /home/airflow/.local/lib/python3.8/site-packages/airflow/example_dags/tutorial_dag.py took 0.049 seconds
[2024-07-19T00:12:31.577+0000] {processor.py:161} INFO - Started process (PID=2864) to work on /home/airflow/.local/lib/python3.8/site-packages/airflow/example_dags/tutorial_dag.py
[2024-07-19T00:12:31.577+0000] {processor.py:830} INFO - Processing file /home/airflow/.local/lib/python3.8/site-packages/airflow/example_dags/tutorial_dag.py for tasks to queue
[2024-07-19T00:12:31.579+0000] {logging_mixin.py:188} INFO - [2024-07-19T00:12:31.578+0000] {dagbag.py:540} INFO - Filling up the DagBag from /home/airflow/.local/lib/python3.8/site-packages/airflow/example_dags/tutorial_dag.py
[2024-07-19T00:12:31.583+0000] {processor.py:840} INFO - DAG(s) 'tutorial_dag' retrieved from /home/airflow/.local/lib/python3.8/site-packages/airflow/example_dags/tutorial_dag.py
[2024-07-19T00:12:31.600+0000] {logging_mixin.py:188} INFO - [2024-07-19T00:12:31.600+0000] {dag.py:3047} INFO - Sync 1 DAGs
[2024-07-19T00:12:31.611+0000] {logging_mixin.py:188} INFO - [2024-07-19T00:12:31.611+0000] {dag.py:3834} INFO - Setting next_dagrun for tutorial_dag to None, run_after=None
[2024-07-19T00:12:31.629+0000] {processor.py:183} INFO - Processing /home/airflow/.local/lib/python3.8/site-packages/airflow/example_dags/tutorial_dag.py took 0.055 seconds
[2024-07-19T00:13:01.740+0000] {processor.py:161} INFO - Started process (PID=2920) to work on /home/airflow/.local/lib/python3.8/site-packages/airflow/example_dags/tutorial_dag.py
[2024-07-19T00:13:01.741+0000] {processor.py:830} INFO - Processing file /home/airflow/.local/lib/python3.8/site-packages/airflow/example_dags/tutorial_dag.py for tasks to queue
[2024-07-19T00:13:01.742+0000] {logging_mixin.py:188} INFO - [2024-07-19T00:13:01.742+0000] {dagbag.py:540} INFO - Filling up the DagBag from /home/airflow/.local/lib/python3.8/site-packages/airflow/example_dags/tutorial_dag.py
[2024-07-19T00:13:01.746+0000] {processor.py:840} INFO - DAG(s) 'tutorial_dag' retrieved from /home/airflow/.local/lib/python3.8/site-packages/airflow/example_dags/tutorial_dag.py
[2024-07-19T00:13:01.764+0000] {logging_mixin.py:188} INFO - [2024-07-19T00:13:01.763+0000] {dag.py:3047} INFO - Sync 1 DAGs
[2024-07-19T00:13:01.774+0000] {logging_mixin.py:188} INFO - [2024-07-19T00:13:01.774+0000] {dag.py:3834} INFO - Setting next_dagrun for tutorial_dag to None, run_after=None
[2024-07-19T00:13:01.790+0000] {processor.py:183} INFO - Processing /home/airflow/.local/lib/python3.8/site-packages/airflow/example_dags/tutorial_dag.py took 0.052 seconds
[2024-07-19T00:13:31.879+0000] {processor.py:161} INFO - Started process (PID=2976) to work on /home/airflow/.local/lib/python3.8/site-packages/airflow/example_dags/tutorial_dag.py
[2024-07-19T00:13:31.879+0000] {processor.py:830} INFO - Processing file /home/airflow/.local/lib/python3.8/site-packages/airflow/example_dags/tutorial_dag.py for tasks to queue
[2024-07-19T00:13:31.881+0000] {logging_mixin.py:188} INFO - [2024-07-19T00:13:31.880+0000] {dagbag.py:540} INFO - Filling up the DagBag from /home/airflow/.local/lib/python3.8/site-packages/airflow/example_dags/tutorial_dag.py
[2024-07-19T00:13:31.884+0000] {processor.py:840} INFO - DAG(s) 'tutorial_dag' retrieved from /home/airflow/.local/lib/python3.8/site-packages/airflow/example_dags/tutorial_dag.py
[2024-07-19T00:13:31.900+0000] {logging_mixin.py:188} INFO - [2024-07-19T00:13:31.900+0000] {dag.py:3047} INFO - Sync 1 DAGs
[2024-07-19T00:13:31.910+0000] {logging_mixin.py:188} INFO - [2024-07-19T00:13:31.910+0000] {dag.py:3834} INFO - Setting next_dagrun for tutorial_dag to None, run_after=None
[2024-07-19T00:13:31.929+0000] {processor.py:183} INFO - Processing /home/airflow/.local/lib/python3.8/site-packages/airflow/example_dags/tutorial_dag.py took 0.052 seconds
[2024-07-19T00:14:02.102+0000] {processor.py:161} INFO - Started process (PID=3038) to work on /home/airflow/.local/lib/python3.8/site-packages/airflow/example_dags/tutorial_dag.py
[2024-07-19T00:14:02.103+0000] {processor.py:830} INFO - Processing file /home/airflow/.local/lib/python3.8/site-packages/airflow/example_dags/tutorial_dag.py for tasks to queue
[2024-07-19T00:14:02.104+0000] {logging_mixin.py:188} INFO - [2024-07-19T00:14:02.104+0000] {dagbag.py:540} INFO - Filling up the DagBag from /home/airflow/.local/lib/python3.8/site-packages/airflow/example_dags/tutorial_dag.py
[2024-07-19T00:14:02.108+0000] {processor.py:840} INFO - DAG(s) 'tutorial_dag' retrieved from /home/airflow/.local/lib/python3.8/site-packages/airflow/example_dags/tutorial_dag.py
[2024-07-19T00:14:02.124+0000] {logging_mixin.py:188} INFO - [2024-07-19T00:14:02.124+0000] {dag.py:3047} INFO - Sync 1 DAGs
[2024-07-19T00:14:02.134+0000] {logging_mixin.py:188} INFO - [2024-07-19T00:14:02.133+0000] {dag.py:3834} INFO - Setting next_dagrun for tutorial_dag to None, run_after=None
[2024-07-19T00:14:02.151+0000] {processor.py:183} INFO - Processing /home/airflow/.local/lib/python3.8/site-packages/airflow/example_dags/tutorial_dag.py took 0.051 seconds
[2024-07-19T00:14:32.263+0000] {processor.py:161} INFO - Started process (PID=3094) to work on /home/airflow/.local/lib/python3.8/site-packages/airflow/example_dags/tutorial_dag.py
[2024-07-19T00:14:32.264+0000] {processor.py:830} INFO - Processing file /home/airflow/.local/lib/python3.8/site-packages/airflow/example_dags/tutorial_dag.py for tasks to queue
[2024-07-19T00:14:32.265+0000] {logging_mixin.py:188} INFO - [2024-07-19T00:14:32.264+0000] {dagbag.py:540} INFO - Filling up the DagBag from /home/airflow/.local/lib/python3.8/site-packages/airflow/example_dags/tutorial_dag.py
[2024-07-19T00:14:32.268+0000] {processor.py:840} INFO - DAG(s) 'tutorial_dag' retrieved from /home/airflow/.local/lib/python3.8/site-packages/airflow/example_dags/tutorial_dag.py
[2024-07-19T00:14:32.285+0000] {logging_mixin.py:188} INFO - [2024-07-19T00:14:32.285+0000] {dag.py:3047} INFO - Sync 1 DAGs
[2024-07-19T00:14:32.294+0000] {logging_mixin.py:188} INFO - [2024-07-19T00:14:32.294+0000] {dag.py:3834} INFO - Setting next_dagrun for tutorial_dag to None, run_after=None
[2024-07-19T00:14:32.311+0000] {processor.py:183} INFO - Processing /home/airflow/.local/lib/python3.8/site-packages/airflow/example_dags/tutorial_dag.py took 0.050 seconds
[2024-07-19T00:15:02.384+0000] {processor.py:161} INFO - Started process (PID=3150) to work on /home/airflow/.local/lib/python3.8/site-packages/airflow/example_dags/tutorial_dag.py
[2024-07-19T00:15:02.385+0000] {processor.py:830} INFO - Processing file /home/airflow/.local/lib/python3.8/site-packages/airflow/example_dags/tutorial_dag.py for tasks to queue
[2024-07-19T00:15:02.387+0000] {logging_mixin.py:188} INFO - [2024-07-19T00:15:02.387+0000] {dagbag.py:540} INFO - Filling up the DagBag from /home/airflow/.local/lib/python3.8/site-packages/airflow/example_dags/tutorial_dag.py
[2024-07-19T00:15:02.391+0000] {processor.py:840} INFO - DAG(s) 'tutorial_dag' retrieved from /home/airflow/.local/lib/python3.8/site-packages/airflow/example_dags/tutorial_dag.py
[2024-07-19T00:15:02.408+0000] {logging_mixin.py:188} INFO - [2024-07-19T00:15:02.408+0000] {dag.py:3047} INFO - Sync 1 DAGs
[2024-07-19T00:15:02.418+0000] {logging_mixin.py:188} INFO - [2024-07-19T00:15:02.418+0000] {dag.py:3834} INFO - Setting next_dagrun for tutorial_dag to None, run_after=None
[2024-07-19T00:15:02.435+0000] {processor.py:183} INFO - Processing /home/airflow/.local/lib/python3.8/site-packages/airflow/example_dags/tutorial_dag.py took 0.053 seconds
[2024-07-19T00:15:32.555+0000] {processor.py:161} INFO - Started process (PID=3206) to work on /home/airflow/.local/lib/python3.8/site-packages/airflow/example_dags/tutorial_dag.py
[2024-07-19T00:15:32.555+0000] {processor.py:830} INFO - Processing file /home/airflow/.local/lib/python3.8/site-packages/airflow/example_dags/tutorial_dag.py for tasks to queue
[2024-07-19T00:15:32.557+0000] {logging_mixin.py:188} INFO - [2024-07-19T00:15:32.557+0000] {dagbag.py:540} INFO - Filling up the DagBag from /home/airflow/.local/lib/python3.8/site-packages/airflow/example_dags/tutorial_dag.py
[2024-07-19T00:15:32.562+0000] {processor.py:840} INFO - DAG(s) 'tutorial_dag' retrieved from /home/airflow/.local/lib/python3.8/site-packages/airflow/example_dags/tutorial_dag.py
[2024-07-19T00:15:32.580+0000] {logging_mixin.py:188} INFO - [2024-07-19T00:15:32.580+0000] {dag.py:3047} INFO - Sync 1 DAGs
[2024-07-19T00:15:32.590+0000] {logging_mixin.py:188} INFO - [2024-07-19T00:15:32.590+0000] {dag.py:3834} INFO - Setting next_dagrun for tutorial_dag to None, run_after=None
[2024-07-19T00:15:32.606+0000] {processor.py:183} INFO - Processing /home/airflow/.local/lib/python3.8/site-packages/airflow/example_dags/tutorial_dag.py took 0.055 seconds
[2024-07-19T00:16:02.847+0000] {processor.py:161} INFO - Started process (PID=3262) to work on /home/airflow/.local/lib/python3.8/site-packages/airflow/example_dags/tutorial_dag.py
[2024-07-19T00:16:02.847+0000] {processor.py:830} INFO - Processing file /home/airflow/.local/lib/python3.8/site-packages/airflow/example_dags/tutorial_dag.py for tasks to queue
[2024-07-19T00:16:02.849+0000] {logging_mixin.py:188} INFO - [2024-07-19T00:16:02.848+0000] {dagbag.py:540} INFO - Filling up the DagBag from /home/airflow/.local/lib/python3.8/site-packages/airflow/example_dags/tutorial_dag.py
[2024-07-19T00:16:02.853+0000] {processor.py:840} INFO - DAG(s) 'tutorial_dag' retrieved from /home/airflow/.local/lib/python3.8/site-packages/airflow/example_dags/tutorial_dag.py
[2024-07-19T00:16:02.869+0000] {logging_mixin.py:188} INFO - [2024-07-19T00:16:02.869+0000] {dag.py:3047} INFO - Sync 1 DAGs
[2024-07-19T00:16:02.879+0000] {logging_mixin.py:188} INFO - [2024-07-19T00:16:02.879+0000] {dag.py:3834} INFO - Setting next_dagrun for tutorial_dag to None, run_after=None
[2024-07-19T00:16:02.894+0000] {processor.py:183} INFO - Processing /home/airflow/.local/lib/python3.8/site-packages/airflow/example_dags/tutorial_dag.py took 0.050 seconds
[2024-07-19T00:16:33.023+0000] {processor.py:161} INFO - Started process (PID=3318) to work on /home/airflow/.local/lib/python3.8/site-packages/airflow/example_dags/tutorial_dag.py
[2024-07-19T00:16:33.024+0000] {processor.py:830} INFO - Processing file /home/airflow/.local/lib/python3.8/site-packages/airflow/example_dags/tutorial_dag.py for tasks to queue
[2024-07-19T00:16:33.025+0000] {logging_mixin.py:188} INFO - [2024-07-19T00:16:33.025+0000] {dagbag.py:540} INFO - Filling up the DagBag from /home/airflow/.local/lib/python3.8/site-packages/airflow/example_dags/tutorial_dag.py
[2024-07-19T00:16:33.030+0000] {processor.py:840} INFO - DAG(s) 'tutorial_dag' retrieved from /home/airflow/.local/lib/python3.8/site-packages/airflow/example_dags/tutorial_dag.py
[2024-07-19T00:16:33.049+0000] {logging_mixin.py:188} INFO - [2024-07-19T00:16:33.048+0000] {dag.py:3047} INFO - Sync 1 DAGs
[2024-07-19T00:16:33.060+0000] {logging_mixin.py:188} INFO - [2024-07-19T00:16:33.060+0000] {dag.py:3834} INFO - Setting next_dagrun for tutorial_dag to None, run_after=None
[2024-07-19T00:16:33.076+0000] {processor.py:183} INFO - Processing /home/airflow/.local/lib/python3.8/site-packages/airflow/example_dags/tutorial_dag.py took 0.056 seconds
[2024-07-19T00:17:03.180+0000] {processor.py:161} INFO - Started process (PID=3374) to work on /home/airflow/.local/lib/python3.8/site-packages/airflow/example_dags/tutorial_dag.py
[2024-07-19T00:17:03.181+0000] {processor.py:830} INFO - Processing file /home/airflow/.local/lib/python3.8/site-packages/airflow/example_dags/tutorial_dag.py for tasks to queue
[2024-07-19T00:17:03.182+0000] {logging_mixin.py:188} INFO - [2024-07-19T00:17:03.182+0000] {dagbag.py:540} INFO - Filling up the DagBag from /home/airflow/.local/lib/python3.8/site-packages/airflow/example_dags/tutorial_dag.py
[2024-07-19T00:17:03.186+0000] {processor.py:840} INFO - DAG(s) 'tutorial_dag' retrieved from /home/airflow/.local/lib/python3.8/site-packages/airflow/example_dags/tutorial_dag.py
[2024-07-19T00:17:03.201+0000] {logging_mixin.py:188} INFO - [2024-07-19T00:17:03.201+0000] {dag.py:3047} INFO - Sync 1 DAGs
[2024-07-19T00:17:03.211+0000] {logging_mixin.py:188} INFO - [2024-07-19T00:17:03.211+0000] {dag.py:3834} INFO - Setting next_dagrun for tutorial_dag to None, run_after=None
[2024-07-19T00:17:03.227+0000] {processor.py:183} INFO - Processing /home/airflow/.local/lib/python3.8/site-packages/airflow/example_dags/tutorial_dag.py took 0.049 seconds
[2024-07-19T00:18:07.102+0000] {processor.py:161} INFO - Started process (PID=64) to work on /home/airflow/.local/lib/python3.8/site-packages/airflow/example_dags/tutorial_dag.py
[2024-07-19T00:18:07.104+0000] {processor.py:830} INFO - Processing file /home/airflow/.local/lib/python3.8/site-packages/airflow/example_dags/tutorial_dag.py for tasks to queue
[2024-07-19T00:18:07.109+0000] {logging_mixin.py:188} INFO - [2024-07-19T00:18:07.109+0000] {dagbag.py:540} INFO - Filling up the DagBag from /home/airflow/.local/lib/python3.8/site-packages/airflow/example_dags/tutorial_dag.py
[2024-07-19T00:18:07.139+0000] {processor.py:840} INFO - DAG(s) 'tutorial_dag' retrieved from /home/airflow/.local/lib/python3.8/site-packages/airflow/example_dags/tutorial_dag.py
[2024-07-19T00:18:07.154+0000] {logging_mixin.py:188} INFO - [2024-07-19T00:18:07.153+0000] {dag.py:3047} INFO - Sync 1 DAGs
[2024-07-19T00:18:07.184+0000] {logging_mixin.py:188} INFO - [2024-07-19T00:18:07.183+0000] {dag.py:3834} INFO - Setting next_dagrun for tutorial_dag to None, run_after=None
[2024-07-19T00:18:07.217+0000] {processor.py:183} INFO - Processing /home/airflow/.local/lib/python3.8/site-packages/airflow/example_dags/tutorial_dag.py took 0.124 seconds
[2024-07-19T00:18:38.243+0000] {processor.py:161} INFO - Started process (PID=120) to work on /home/airflow/.local/lib/python3.8/site-packages/airflow/example_dags/tutorial_dag.py
[2024-07-19T00:18:38.244+0000] {processor.py:830} INFO - Processing file /home/airflow/.local/lib/python3.8/site-packages/airflow/example_dags/tutorial_dag.py for tasks to queue
[2024-07-19T00:18:38.245+0000] {logging_mixin.py:188} INFO - [2024-07-19T00:18:38.245+0000] {dagbag.py:540} INFO - Filling up the DagBag from /home/airflow/.local/lib/python3.8/site-packages/airflow/example_dags/tutorial_dag.py
[2024-07-19T00:18:38.249+0000] {processor.py:840} INFO - DAG(s) 'tutorial_dag' retrieved from /home/airflow/.local/lib/python3.8/site-packages/airflow/example_dags/tutorial_dag.py
[2024-07-19T00:18:38.335+0000] {logging_mixin.py:188} INFO - [2024-07-19T00:18:38.334+0000] {dag.py:3047} INFO - Sync 1 DAGs
[2024-07-19T00:18:38.343+0000] {logging_mixin.py:188} INFO - [2024-07-19T00:18:38.343+0000] {dag.py:3834} INFO - Setting next_dagrun for tutorial_dag to None, run_after=None
[2024-07-19T00:18:38.358+0000] {processor.py:183} INFO - Processing /home/airflow/.local/lib/python3.8/site-packages/airflow/example_dags/tutorial_dag.py took 0.117 seconds
[2024-07-19T00:19:08.520+0000] {processor.py:161} INFO - Started process (PID=176) to work on /home/airflow/.local/lib/python3.8/site-packages/airflow/example_dags/tutorial_dag.py
[2024-07-19T00:19:08.521+0000] {processor.py:830} INFO - Processing file /home/airflow/.local/lib/python3.8/site-packages/airflow/example_dags/tutorial_dag.py for tasks to queue
[2024-07-19T00:19:08.522+0000] {logging_mixin.py:188} INFO - [2024-07-19T00:19:08.521+0000] {dagbag.py:540} INFO - Filling up the DagBag from /home/airflow/.local/lib/python3.8/site-packages/airflow/example_dags/tutorial_dag.py
[2024-07-19T00:19:08.525+0000] {processor.py:840} INFO - DAG(s) 'tutorial_dag' retrieved from /home/airflow/.local/lib/python3.8/site-packages/airflow/example_dags/tutorial_dag.py
[2024-07-19T00:19:08.541+0000] {logging_mixin.py:188} INFO - [2024-07-19T00:19:08.541+0000] {dag.py:3047} INFO - Sync 1 DAGs
[2024-07-19T00:19:08.551+0000] {logging_mixin.py:188} INFO - [2024-07-19T00:19:08.550+0000] {dag.py:3834} INFO - Setting next_dagrun for tutorial_dag to None, run_after=None
[2024-07-19T00:19:08.566+0000] {processor.py:183} INFO - Processing /home/airflow/.local/lib/python3.8/site-packages/airflow/example_dags/tutorial_dag.py took 0.048 seconds
[2024-07-19T00:19:39.615+0000] {processor.py:161} INFO - Started process (PID=232) to work on /home/airflow/.local/lib/python3.8/site-packages/airflow/example_dags/tutorial_dag.py
[2024-07-19T00:19:39.616+0000] {processor.py:830} INFO - Processing file /home/airflow/.local/lib/python3.8/site-packages/airflow/example_dags/tutorial_dag.py for tasks to queue
[2024-07-19T00:19:39.616+0000] {logging_mixin.py:188} INFO - [2024-07-19T00:19:39.616+0000] {dagbag.py:540} INFO - Filling up the DagBag from /home/airflow/.local/lib/python3.8/site-packages/airflow/example_dags/tutorial_dag.py
[2024-07-19T00:19:39.620+0000] {processor.py:840} INFO - DAG(s) 'tutorial_dag' retrieved from /home/airflow/.local/lib/python3.8/site-packages/airflow/example_dags/tutorial_dag.py
[2024-07-19T00:19:39.638+0000] {logging_mixin.py:188} INFO - [2024-07-19T00:19:39.637+0000] {dag.py:3047} INFO - Sync 1 DAGs
[2024-07-19T00:19:39.648+0000] {logging_mixin.py:188} INFO - [2024-07-19T00:19:39.648+0000] {dag.py:3834} INFO - Setting next_dagrun for tutorial_dag to None, run_after=None
[2024-07-19T00:19:39.671+0000] {processor.py:183} INFO - Processing /home/airflow/.local/lib/python3.8/site-packages/airflow/example_dags/tutorial_dag.py took 0.059 seconds
[2024-07-19T00:20:09.809+0000] {processor.py:161} INFO - Started process (PID=288) to work on /home/airflow/.local/lib/python3.8/site-packages/airflow/example_dags/tutorial_dag.py
[2024-07-19T00:20:09.810+0000] {processor.py:830} INFO - Processing file /home/airflow/.local/lib/python3.8/site-packages/airflow/example_dags/tutorial_dag.py for tasks to queue
[2024-07-19T00:20:09.811+0000] {logging_mixin.py:188} INFO - [2024-07-19T00:20:09.810+0000] {dagbag.py:540} INFO - Filling up the DagBag from /home/airflow/.local/lib/python3.8/site-packages/airflow/example_dags/tutorial_dag.py
[2024-07-19T00:20:09.815+0000] {processor.py:840} INFO - DAG(s) 'tutorial_dag' retrieved from /home/airflow/.local/lib/python3.8/site-packages/airflow/example_dags/tutorial_dag.py
[2024-07-19T00:20:09.831+0000] {logging_mixin.py:188} INFO - [2024-07-19T00:20:09.830+0000] {dag.py:3047} INFO - Sync 1 DAGs
[2024-07-19T00:20:09.841+0000] {logging_mixin.py:188} INFO - [2024-07-19T00:20:09.840+0000] {dag.py:3834} INFO - Setting next_dagrun for tutorial_dag to None, run_after=None
[2024-07-19T00:20:09.858+0000] {processor.py:183} INFO - Processing /home/airflow/.local/lib/python3.8/site-packages/airflow/example_dags/tutorial_dag.py took 0.051 seconds
[2024-07-19T00:20:40.055+0000] {processor.py:161} INFO - Started process (PID=345) to work on /home/airflow/.local/lib/python3.8/site-packages/airflow/example_dags/tutorial_dag.py
[2024-07-19T00:20:40.057+0000] {processor.py:830} INFO - Processing file /home/airflow/.local/lib/python3.8/site-packages/airflow/example_dags/tutorial_dag.py for tasks to queue
[2024-07-19T00:20:40.057+0000] {logging_mixin.py:188} INFO - [2024-07-19T00:20:40.057+0000] {dagbag.py:540} INFO - Filling up the DagBag from /home/airflow/.local/lib/python3.8/site-packages/airflow/example_dags/tutorial_dag.py
[2024-07-19T00:20:40.061+0000] {processor.py:840} INFO - DAG(s) 'tutorial_dag' retrieved from /home/airflow/.local/lib/python3.8/site-packages/airflow/example_dags/tutorial_dag.py
[2024-07-19T00:20:40.077+0000] {logging_mixin.py:188} INFO - [2024-07-19T00:20:40.077+0000] {dag.py:3047} INFO - Sync 1 DAGs
[2024-07-19T00:20:40.087+0000] {logging_mixin.py:188} INFO - [2024-07-19T00:20:40.087+0000] {dag.py:3834} INFO - Setting next_dagrun for tutorial_dag to None, run_after=None
[2024-07-19T00:20:40.104+0000] {processor.py:183} INFO - Processing /home/airflow/.local/lib/python3.8/site-packages/airflow/example_dags/tutorial_dag.py took 0.050 seconds
[2024-07-19T00:21:10.277+0000] {processor.py:161} INFO - Started process (PID=401) to work on /home/airflow/.local/lib/python3.8/site-packages/airflow/example_dags/tutorial_dag.py
[2024-07-19T00:21:10.277+0000] {processor.py:830} INFO - Processing file /home/airflow/.local/lib/python3.8/site-packages/airflow/example_dags/tutorial_dag.py for tasks to queue
[2024-07-19T00:21:10.278+0000] {logging_mixin.py:188} INFO - [2024-07-19T00:21:10.278+0000] {dagbag.py:540} INFO - Filling up the DagBag from /home/airflow/.local/lib/python3.8/site-packages/airflow/example_dags/tutorial_dag.py
[2024-07-19T00:21:10.282+0000] {processor.py:840} INFO - DAG(s) 'tutorial_dag' retrieved from /home/airflow/.local/lib/python3.8/site-packages/airflow/example_dags/tutorial_dag.py
[2024-07-19T00:21:10.299+0000] {logging_mixin.py:188} INFO - [2024-07-19T00:21:10.298+0000] {dag.py:3047} INFO - Sync 1 DAGs
[2024-07-19T00:21:10.309+0000] {logging_mixin.py:188} INFO - [2024-07-19T00:21:10.308+0000] {dag.py:3834} INFO - Setting next_dagrun for tutorial_dag to None, run_after=None
[2024-07-19T00:21:10.325+0000] {processor.py:183} INFO - Processing /home/airflow/.local/lib/python3.8/site-packages/airflow/example_dags/tutorial_dag.py took 0.051 seconds
[2024-07-19T00:21:40.486+0000] {processor.py:161} INFO - Started process (PID=457) to work on /home/airflow/.local/lib/python3.8/site-packages/airflow/example_dags/tutorial_dag.py
[2024-07-19T00:21:40.487+0000] {processor.py:830} INFO - Processing file /home/airflow/.local/lib/python3.8/site-packages/airflow/example_dags/tutorial_dag.py for tasks to queue
[2024-07-19T00:21:40.487+0000] {logging_mixin.py:188} INFO - [2024-07-19T00:21:40.487+0000] {dagbag.py:540} INFO - Filling up the DagBag from /home/airflow/.local/lib/python3.8/site-packages/airflow/example_dags/tutorial_dag.py
[2024-07-19T00:21:40.491+0000] {processor.py:840} INFO - DAG(s) 'tutorial_dag' retrieved from /home/airflow/.local/lib/python3.8/site-packages/airflow/example_dags/tutorial_dag.py
[2024-07-19T00:21:40.507+0000] {logging_mixin.py:188} INFO - [2024-07-19T00:21:40.507+0000] {dag.py:3047} INFO - Sync 1 DAGs
[2024-07-19T00:21:40.517+0000] {logging_mixin.py:188} INFO - [2024-07-19T00:21:40.516+0000] {dag.py:3834} INFO - Setting next_dagrun for tutorial_dag to None, run_after=None
[2024-07-19T00:21:40.532+0000] {processor.py:183} INFO - Processing /home/airflow/.local/lib/python3.8/site-packages/airflow/example_dags/tutorial_dag.py took 0.048 seconds
[2024-07-19T00:22:11.070+0000] {processor.py:161} INFO - Started process (PID=513) to work on /home/airflow/.local/lib/python3.8/site-packages/airflow/example_dags/tutorial_dag.py
[2024-07-19T00:22:11.070+0000] {processor.py:830} INFO - Processing file /home/airflow/.local/lib/python3.8/site-packages/airflow/example_dags/tutorial_dag.py for tasks to queue
[2024-07-19T00:22:11.071+0000] {logging_mixin.py:188} INFO - [2024-07-19T00:22:11.071+0000] {dagbag.py:540} INFO - Filling up the DagBag from /home/airflow/.local/lib/python3.8/site-packages/airflow/example_dags/tutorial_dag.py
[2024-07-19T00:22:11.076+0000] {processor.py:840} INFO - DAG(s) 'tutorial_dag' retrieved from /home/airflow/.local/lib/python3.8/site-packages/airflow/example_dags/tutorial_dag.py
[2024-07-19T00:22:11.093+0000] {logging_mixin.py:188} INFO - [2024-07-19T00:22:11.093+0000] {dag.py:3047} INFO - Sync 1 DAGs
[2024-07-19T00:22:11.102+0000] {logging_mixin.py:188} INFO - [2024-07-19T00:22:11.102+0000] {dag.py:3834} INFO - Setting next_dagrun for tutorial_dag to None, run_after=None
[2024-07-19T00:22:11.121+0000] {processor.py:183} INFO - Processing /home/airflow/.local/lib/python3.8/site-packages/airflow/example_dags/tutorial_dag.py took 0.053 seconds
[2024-07-19T00:22:41.317+0000] {processor.py:161} INFO - Started process (PID=569) to work on /home/airflow/.local/lib/python3.8/site-packages/airflow/example_dags/tutorial_dag.py
[2024-07-19T00:22:41.318+0000] {processor.py:830} INFO - Processing file /home/airflow/.local/lib/python3.8/site-packages/airflow/example_dags/tutorial_dag.py for tasks to queue
[2024-07-19T00:22:41.318+0000] {logging_mixin.py:188} INFO - [2024-07-19T00:22:41.318+0000] {dagbag.py:540} INFO - Filling up the DagBag from /home/airflow/.local/lib/python3.8/site-packages/airflow/example_dags/tutorial_dag.py
[2024-07-19T00:22:41.323+0000] {processor.py:840} INFO - DAG(s) 'tutorial_dag' retrieved from /home/airflow/.local/lib/python3.8/site-packages/airflow/example_dags/tutorial_dag.py
[2024-07-19T00:22:41.340+0000] {logging_mixin.py:188} INFO - [2024-07-19T00:22:41.340+0000] {dag.py:3047} INFO - Sync 1 DAGs
[2024-07-19T00:22:41.351+0000] {logging_mixin.py:188} INFO - [2024-07-19T00:22:41.351+0000] {dag.py:3834} INFO - Setting next_dagrun for tutorial_dag to None, run_after=None
[2024-07-19T00:22:41.370+0000] {processor.py:183} INFO - Processing /home/airflow/.local/lib/python3.8/site-packages/airflow/example_dags/tutorial_dag.py took 0.055 seconds
[2024-07-19T00:23:11.563+0000] {processor.py:161} INFO - Started process (PID=625) to work on /home/airflow/.local/lib/python3.8/site-packages/airflow/example_dags/tutorial_dag.py
[2024-07-19T00:23:11.565+0000] {processor.py:830} INFO - Processing file /home/airflow/.local/lib/python3.8/site-packages/airflow/example_dags/tutorial_dag.py for tasks to queue
[2024-07-19T00:23:11.565+0000] {logging_mixin.py:188} INFO - [2024-07-19T00:23:11.565+0000] {dagbag.py:540} INFO - Filling up the DagBag from /home/airflow/.local/lib/python3.8/site-packages/airflow/example_dags/tutorial_dag.py
[2024-07-19T00:23:11.570+0000] {processor.py:840} INFO - DAG(s) 'tutorial_dag' retrieved from /home/airflow/.local/lib/python3.8/site-packages/airflow/example_dags/tutorial_dag.py
[2024-07-19T00:23:11.588+0000] {logging_mixin.py:188} INFO - [2024-07-19T00:23:11.588+0000] {dag.py:3047} INFO - Sync 1 DAGs
[2024-07-19T00:23:11.599+0000] {logging_mixin.py:188} INFO - [2024-07-19T00:23:11.599+0000] {dag.py:3834} INFO - Setting next_dagrun for tutorial_dag to None, run_after=None
[2024-07-19T00:23:11.618+0000] {processor.py:183} INFO - Processing /home/airflow/.local/lib/python3.8/site-packages/airflow/example_dags/tutorial_dag.py took 0.058 seconds
[2024-07-19T00:23:41.805+0000] {processor.py:161} INFO - Started process (PID=681) to work on /home/airflow/.local/lib/python3.8/site-packages/airflow/example_dags/tutorial_dag.py
[2024-07-19T00:23:41.806+0000] {processor.py:830} INFO - Processing file /home/airflow/.local/lib/python3.8/site-packages/airflow/example_dags/tutorial_dag.py for tasks to queue
[2024-07-19T00:23:41.806+0000] {logging_mixin.py:188} INFO - [2024-07-19T00:23:41.806+0000] {dagbag.py:540} INFO - Filling up the DagBag from /home/airflow/.local/lib/python3.8/site-packages/airflow/example_dags/tutorial_dag.py
[2024-07-19T00:23:41.811+0000] {processor.py:840} INFO - DAG(s) 'tutorial_dag' retrieved from /home/airflow/.local/lib/python3.8/site-packages/airflow/example_dags/tutorial_dag.py
[2024-07-19T00:23:41.830+0000] {logging_mixin.py:188} INFO - [2024-07-19T00:23:41.829+0000] {dag.py:3047} INFO - Sync 1 DAGs
[2024-07-19T00:23:41.840+0000] {logging_mixin.py:188} INFO - [2024-07-19T00:23:41.840+0000] {dag.py:3834} INFO - Setting next_dagrun for tutorial_dag to None, run_after=None
[2024-07-19T00:23:41.857+0000] {processor.py:183} INFO - Processing /home/airflow/.local/lib/python3.8/site-packages/airflow/example_dags/tutorial_dag.py took 0.055 seconds
[2024-07-19T00:24:12.916+0000] {processor.py:161} INFO - Started process (PID=737) to work on /home/airflow/.local/lib/python3.8/site-packages/airflow/example_dags/tutorial_dag.py
[2024-07-19T00:24:12.916+0000] {processor.py:830} INFO - Processing file /home/airflow/.local/lib/python3.8/site-packages/airflow/example_dags/tutorial_dag.py for tasks to queue
[2024-07-19T00:24:12.917+0000] {logging_mixin.py:188} INFO - [2024-07-19T00:24:12.917+0000] {dagbag.py:540} INFO - Filling up the DagBag from /home/airflow/.local/lib/python3.8/site-packages/airflow/example_dags/tutorial_dag.py
[2024-07-19T00:24:12.921+0000] {processor.py:840} INFO - DAG(s) 'tutorial_dag' retrieved from /home/airflow/.local/lib/python3.8/site-packages/airflow/example_dags/tutorial_dag.py
[2024-07-19T00:24:12.938+0000] {logging_mixin.py:188} INFO - [2024-07-19T00:24:12.938+0000] {dag.py:3047} INFO - Sync 1 DAGs
[2024-07-19T00:24:12.948+0000] {logging_mixin.py:188} INFO - [2024-07-19T00:24:12.947+0000] {dag.py:3834} INFO - Setting next_dagrun for tutorial_dag to None, run_after=None
[2024-07-19T00:24:12.963+0000] {processor.py:183} INFO - Processing /home/airflow/.local/lib/python3.8/site-packages/airflow/example_dags/tutorial_dag.py took 0.049 seconds
[2024-07-19T00:24:43.096+0000] {processor.py:161} INFO - Started process (PID=793) to work on /home/airflow/.local/lib/python3.8/site-packages/airflow/example_dags/tutorial_dag.py
[2024-07-19T00:24:43.097+0000] {processor.py:830} INFO - Processing file /home/airflow/.local/lib/python3.8/site-packages/airflow/example_dags/tutorial_dag.py for tasks to queue
[2024-07-19T00:24:43.097+0000] {logging_mixin.py:188} INFO - [2024-07-19T00:24:43.097+0000] {dagbag.py:540} INFO - Filling up the DagBag from /home/airflow/.local/lib/python3.8/site-packages/airflow/example_dags/tutorial_dag.py
[2024-07-19T00:24:43.101+0000] {processor.py:840} INFO - DAG(s) 'tutorial_dag' retrieved from /home/airflow/.local/lib/python3.8/site-packages/airflow/example_dags/tutorial_dag.py
[2024-07-19T00:24:43.116+0000] {logging_mixin.py:188} INFO - [2024-07-19T00:24:43.116+0000] {dag.py:3047} INFO - Sync 1 DAGs
[2024-07-19T00:24:43.125+0000] {logging_mixin.py:188} INFO - [2024-07-19T00:24:43.125+0000] {dag.py:3834} INFO - Setting next_dagrun for tutorial_dag to None, run_after=None
[2024-07-19T00:24:43.141+0000] {processor.py:183} INFO - Processing /home/airflow/.local/lib/python3.8/site-packages/airflow/example_dags/tutorial_dag.py took 0.047 seconds
[2024-07-19T00:25:13.179+0000] {processor.py:161} INFO - Started process (PID=849) to work on /home/airflow/.local/lib/python3.8/site-packages/airflow/example_dags/tutorial_dag.py
[2024-07-19T00:25:13.180+0000] {processor.py:830} INFO - Processing file /home/airflow/.local/lib/python3.8/site-packages/airflow/example_dags/tutorial_dag.py for tasks to queue
[2024-07-19T00:25:13.181+0000] {logging_mixin.py:188} INFO - [2024-07-19T00:25:13.180+0000] {dagbag.py:540} INFO - Filling up the DagBag from /home/airflow/.local/lib/python3.8/site-packages/airflow/example_dags/tutorial_dag.py
[2024-07-19T00:25:13.184+0000] {processor.py:840} INFO - DAG(s) 'tutorial_dag' retrieved from /home/airflow/.local/lib/python3.8/site-packages/airflow/example_dags/tutorial_dag.py
[2024-07-19T00:25:13.200+0000] {logging_mixin.py:188} INFO - [2024-07-19T00:25:13.200+0000] {dag.py:3047} INFO - Sync 1 DAGs
[2024-07-19T00:25:13.209+0000] {logging_mixin.py:188} INFO - [2024-07-19T00:25:13.209+0000] {dag.py:3834} INFO - Setting next_dagrun for tutorial_dag to None, run_after=None
[2024-07-19T00:25:13.224+0000] {processor.py:183} INFO - Processing /home/airflow/.local/lib/python3.8/site-packages/airflow/example_dags/tutorial_dag.py took 0.047 seconds
[2024-07-19T00:25:44.176+0000] {processor.py:161} INFO - Started process (PID=905) to work on /home/airflow/.local/lib/python3.8/site-packages/airflow/example_dags/tutorial_dag.py
[2024-07-19T00:25:44.177+0000] {processor.py:830} INFO - Processing file /home/airflow/.local/lib/python3.8/site-packages/airflow/example_dags/tutorial_dag.py for tasks to queue
[2024-07-19T00:25:44.178+0000] {logging_mixin.py:188} INFO - [2024-07-19T00:25:44.177+0000] {dagbag.py:540} INFO - Filling up the DagBag from /home/airflow/.local/lib/python3.8/site-packages/airflow/example_dags/tutorial_dag.py
[2024-07-19T00:25:44.182+0000] {processor.py:840} INFO - DAG(s) 'tutorial_dag' retrieved from /home/airflow/.local/lib/python3.8/site-packages/airflow/example_dags/tutorial_dag.py
[2024-07-19T00:25:44.198+0000] {logging_mixin.py:188} INFO - [2024-07-19T00:25:44.198+0000] {dag.py:3047} INFO - Sync 1 DAGs
[2024-07-19T00:25:44.207+0000] {logging_mixin.py:188} INFO - [2024-07-19T00:25:44.207+0000] {dag.py:3834} INFO - Setting next_dagrun for tutorial_dag to None, run_after=None
[2024-07-19T00:25:44.223+0000] {processor.py:183} INFO - Processing /home/airflow/.local/lib/python3.8/site-packages/airflow/example_dags/tutorial_dag.py took 0.049 seconds
[2024-07-19T00:26:14.453+0000] {processor.py:161} INFO - Started process (PID=961) to work on /home/airflow/.local/lib/python3.8/site-packages/airflow/example_dags/tutorial_dag.py
[2024-07-19T00:26:14.454+0000] {processor.py:830} INFO - Processing file /home/airflow/.local/lib/python3.8/site-packages/airflow/example_dags/tutorial_dag.py for tasks to queue
[2024-07-19T00:26:14.454+0000] {logging_mixin.py:188} INFO - [2024-07-19T00:26:14.454+0000] {dagbag.py:540} INFO - Filling up the DagBag from /home/airflow/.local/lib/python3.8/site-packages/airflow/example_dags/tutorial_dag.py
[2024-07-19T00:26:14.458+0000] {processor.py:840} INFO - DAG(s) 'tutorial_dag' retrieved from /home/airflow/.local/lib/python3.8/site-packages/airflow/example_dags/tutorial_dag.py
[2024-07-19T00:26:14.475+0000] {logging_mixin.py:188} INFO - [2024-07-19T00:26:14.475+0000] {dag.py:3047} INFO - Sync 1 DAGs
[2024-07-19T00:26:14.486+0000] {logging_mixin.py:188} INFO - [2024-07-19T00:26:14.486+0000] {dag.py:3834} INFO - Setting next_dagrun for tutorial_dag to None, run_after=None
[2024-07-19T00:26:14.501+0000] {processor.py:183} INFO - Processing /home/airflow/.local/lib/python3.8/site-packages/airflow/example_dags/tutorial_dag.py took 0.050 seconds
[2024-07-19T00:26:44.658+0000] {processor.py:161} INFO - Started process (PID=1017) to work on /home/airflow/.local/lib/python3.8/site-packages/airflow/example_dags/tutorial_dag.py
[2024-07-19T00:26:44.659+0000] {processor.py:830} INFO - Processing file /home/airflow/.local/lib/python3.8/site-packages/airflow/example_dags/tutorial_dag.py for tasks to queue
[2024-07-19T00:26:44.660+0000] {logging_mixin.py:188} INFO - [2024-07-19T00:26:44.659+0000] {dagbag.py:540} INFO - Filling up the DagBag from /home/airflow/.local/lib/python3.8/site-packages/airflow/example_dags/tutorial_dag.py
[2024-07-19T00:26:44.663+0000] {processor.py:840} INFO - DAG(s) 'tutorial_dag' retrieved from /home/airflow/.local/lib/python3.8/site-packages/airflow/example_dags/tutorial_dag.py
[2024-07-19T00:26:44.679+0000] {logging_mixin.py:188} INFO - [2024-07-19T00:26:44.679+0000] {dag.py:3047} INFO - Sync 1 DAGs
[2024-07-19T00:26:44.689+0000] {logging_mixin.py:188} INFO - [2024-07-19T00:26:44.689+0000] {dag.py:3834} INFO - Setting next_dagrun for tutorial_dag to None, run_after=None
[2024-07-19T00:26:44.705+0000] {processor.py:183} INFO - Processing /home/airflow/.local/lib/python3.8/site-packages/airflow/example_dags/tutorial_dag.py took 0.049 seconds
[2024-07-19T00:27:14.980+0000] {processor.py:161} INFO - Started process (PID=1073) to work on /home/airflow/.local/lib/python3.8/site-packages/airflow/example_dags/tutorial_dag.py
[2024-07-19T00:27:14.981+0000] {processor.py:830} INFO - Processing file /home/airflow/.local/lib/python3.8/site-packages/airflow/example_dags/tutorial_dag.py for tasks to queue
[2024-07-19T00:27:14.982+0000] {logging_mixin.py:188} INFO - [2024-07-19T00:27:14.981+0000] {dagbag.py:540} INFO - Filling up the DagBag from /home/airflow/.local/lib/python3.8/site-packages/airflow/example_dags/tutorial_dag.py
[2024-07-19T00:27:14.986+0000] {processor.py:840} INFO - DAG(s) 'tutorial_dag' retrieved from /home/airflow/.local/lib/python3.8/site-packages/airflow/example_dags/tutorial_dag.py
[2024-07-19T00:27:15.002+0000] {logging_mixin.py:188} INFO - [2024-07-19T00:27:15.002+0000] {dag.py:3047} INFO - Sync 1 DAGs
[2024-07-19T00:27:15.011+0000] {logging_mixin.py:188} INFO - [2024-07-19T00:27:15.011+0000] {dag.py:3834} INFO - Setting next_dagrun for tutorial_dag to None, run_after=None
[2024-07-19T00:27:15.028+0000] {processor.py:183} INFO - Processing /home/airflow/.local/lib/python3.8/site-packages/airflow/example_dags/tutorial_dag.py took 0.050 seconds
[2024-07-19T00:27:45.999+0000] {processor.py:161} INFO - Started process (PID=1130) to work on /home/airflow/.local/lib/python3.8/site-packages/airflow/example_dags/tutorial_dag.py
[2024-07-19T00:27:46.000+0000] {processor.py:830} INFO - Processing file /home/airflow/.local/lib/python3.8/site-packages/airflow/example_dags/tutorial_dag.py for tasks to queue
[2024-07-19T00:27:46.000+0000] {logging_mixin.py:188} INFO - [2024-07-19T00:27:46.000+0000] {dagbag.py:540} INFO - Filling up the DagBag from /home/airflow/.local/lib/python3.8/site-packages/airflow/example_dags/tutorial_dag.py
[2024-07-19T00:27:46.004+0000] {processor.py:840} INFO - DAG(s) 'tutorial_dag' retrieved from /home/airflow/.local/lib/python3.8/site-packages/airflow/example_dags/tutorial_dag.py
[2024-07-19T00:27:46.023+0000] {logging_mixin.py:188} INFO - [2024-07-19T00:27:46.022+0000] {dag.py:3047} INFO - Sync 1 DAGs
[2024-07-19T00:27:46.033+0000] {logging_mixin.py:188} INFO - [2024-07-19T00:27:46.033+0000] {dag.py:3834} INFO - Setting next_dagrun for tutorial_dag to None, run_after=None
[2024-07-19T00:27:46.050+0000] {processor.py:183} INFO - Processing /home/airflow/.local/lib/python3.8/site-packages/airflow/example_dags/tutorial_dag.py took 0.054 seconds
[2024-07-19T00:28:16.183+0000] {processor.py:161} INFO - Started process (PID=1187) to work on /home/airflow/.local/lib/python3.8/site-packages/airflow/example_dags/tutorial_dag.py
[2024-07-19T00:28:16.184+0000] {processor.py:830} INFO - Processing file /home/airflow/.local/lib/python3.8/site-packages/airflow/example_dags/tutorial_dag.py for tasks to queue
[2024-07-19T00:28:16.184+0000] {logging_mixin.py:188} INFO - [2024-07-19T00:28:16.184+0000] {dagbag.py:540} INFO - Filling up the DagBag from /home/airflow/.local/lib/python3.8/site-packages/airflow/example_dags/tutorial_dag.py
[2024-07-19T00:28:16.188+0000] {processor.py:840} INFO - DAG(s) 'tutorial_dag' retrieved from /home/airflow/.local/lib/python3.8/site-packages/airflow/example_dags/tutorial_dag.py
[2024-07-19T00:28:16.204+0000] {logging_mixin.py:188} INFO - [2024-07-19T00:28:16.204+0000] {dag.py:3047} INFO - Sync 1 DAGs
[2024-07-19T00:28:16.214+0000] {logging_mixin.py:188} INFO - [2024-07-19T00:28:16.214+0000] {dag.py:3834} INFO - Setting next_dagrun for tutorial_dag to None, run_after=None
[2024-07-19T00:28:16.229+0000] {processor.py:183} INFO - Processing /home/airflow/.local/lib/python3.8/site-packages/airflow/example_dags/tutorial_dag.py took 0.049 seconds
[2024-07-19T00:28:46.366+0000] {processor.py:161} INFO - Started process (PID=1243) to work on /home/airflow/.local/lib/python3.8/site-packages/airflow/example_dags/tutorial_dag.py
[2024-07-19T00:28:46.367+0000] {processor.py:830} INFO - Processing file /home/airflow/.local/lib/python3.8/site-packages/airflow/example_dags/tutorial_dag.py for tasks to queue
[2024-07-19T00:28:46.367+0000] {logging_mixin.py:188} INFO - [2024-07-19T00:28:46.367+0000] {dagbag.py:540} INFO - Filling up the DagBag from /home/airflow/.local/lib/python3.8/site-packages/airflow/example_dags/tutorial_dag.py
[2024-07-19T00:28:46.371+0000] {processor.py:840} INFO - DAG(s) 'tutorial_dag' retrieved from /home/airflow/.local/lib/python3.8/site-packages/airflow/example_dags/tutorial_dag.py
[2024-07-19T00:28:46.386+0000] {logging_mixin.py:188} INFO - [2024-07-19T00:28:46.386+0000] {dag.py:3047} INFO - Sync 1 DAGs
[2024-07-19T00:28:46.395+0000] {logging_mixin.py:188} INFO - [2024-07-19T00:28:46.395+0000] {dag.py:3834} INFO - Setting next_dagrun for tutorial_dag to None, run_after=None
[2024-07-19T00:28:46.411+0000] {processor.py:183} INFO - Processing /home/airflow/.local/lib/python3.8/site-packages/airflow/example_dags/tutorial_dag.py took 0.047 seconds
