[2024-07-27T00:00:12.529+0000] {processor.py:161} INFO - Started process (PID=13683) to work on /home/airflow/.local/lib/python3.8/site-packages/airflow/example_dags/example_python_decorator.py
[2024-07-27T00:00:12.529+0000] {processor.py:830} INFO - Processing file /home/airflow/.local/lib/python3.8/site-packages/airflow/example_dags/example_python_decorator.py for tasks to queue
[2024-07-27T00:00:12.530+0000] {logging_mixin.py:188} INFO - [2024-07-27T00:00:12.530+0000] {dagbag.py:540} INFO - Filling up the DagBag from /home/airflow/.local/lib/python3.8/site-packages/airflow/example_dags/example_python_decorator.py
[2024-07-27T00:00:12.539+0000] {processor.py:840} INFO - DAG(s) 'example_python_decorator' retrieved from /home/airflow/.local/lib/python3.8/site-packages/airflow/example_dags/example_python_decorator.py
[2024-07-27T00:00:12.556+0000] {logging_mixin.py:188} INFO - [2024-07-27T00:00:12.556+0000] {dag.py:3047} INFO - Sync 1 DAGs
[2024-07-27T00:00:12.565+0000] {logging_mixin.py:188} INFO - [2024-07-27T00:00:12.565+0000] {dag.py:3834} INFO - Setting next_dagrun for example_python_decorator to None, run_after=None
[2024-07-27T00:00:12.580+0000] {processor.py:183} INFO - Processing /home/airflow/.local/lib/python3.8/site-packages/airflow/example_dags/example_python_decorator.py took 0.054 seconds
[2024-07-27T00:00:42.703+0000] {processor.py:161} INFO - Started process (PID=13745) to work on /home/airflow/.local/lib/python3.8/site-packages/airflow/example_dags/example_python_decorator.py
[2024-07-27T00:00:42.704+0000] {processor.py:830} INFO - Processing file /home/airflow/.local/lib/python3.8/site-packages/airflow/example_dags/example_python_decorator.py for tasks to queue
[2024-07-27T00:00:42.705+0000] {logging_mixin.py:188} INFO - [2024-07-27T00:00:42.705+0000] {dagbag.py:540} INFO - Filling up the DagBag from /home/airflow/.local/lib/python3.8/site-packages/airflow/example_dags/example_python_decorator.py
[2024-07-27T00:00:42.715+0000] {processor.py:840} INFO - DAG(s) 'example_python_decorator' retrieved from /home/airflow/.local/lib/python3.8/site-packages/airflow/example_dags/example_python_decorator.py
[2024-07-27T00:00:42.733+0000] {logging_mixin.py:188} INFO - [2024-07-27T00:00:42.733+0000] {dag.py:3047} INFO - Sync 1 DAGs
[2024-07-27T00:00:42.742+0000] {logging_mixin.py:188} INFO - [2024-07-27T00:00:42.742+0000] {dag.py:3834} INFO - Setting next_dagrun for example_python_decorator to None, run_after=None
[2024-07-27T00:00:42.758+0000] {processor.py:183} INFO - Processing /home/airflow/.local/lib/python3.8/site-packages/airflow/example_dags/example_python_decorator.py took 0.056 seconds
[2024-07-27T00:01:12.812+0000] {processor.py:161} INFO - Started process (PID=13801) to work on /home/airflow/.local/lib/python3.8/site-packages/airflow/example_dags/example_python_decorator.py
[2024-07-27T00:01:12.813+0000] {processor.py:830} INFO - Processing file /home/airflow/.local/lib/python3.8/site-packages/airflow/example_dags/example_python_decorator.py for tasks to queue
[2024-07-27T00:01:12.814+0000] {logging_mixin.py:188} INFO - [2024-07-27T00:01:12.813+0000] {dagbag.py:540} INFO - Filling up the DagBag from /home/airflow/.local/lib/python3.8/site-packages/airflow/example_dags/example_python_decorator.py
[2024-07-27T00:01:12.823+0000] {processor.py:840} INFO - DAG(s) 'example_python_decorator' retrieved from /home/airflow/.local/lib/python3.8/site-packages/airflow/example_dags/example_python_decorator.py
[2024-07-27T00:01:12.840+0000] {logging_mixin.py:188} INFO - [2024-07-27T00:01:12.840+0000] {dag.py:3047} INFO - Sync 1 DAGs
[2024-07-27T00:01:12.851+0000] {logging_mixin.py:188} INFO - [2024-07-27T00:01:12.851+0000] {dag.py:3834} INFO - Setting next_dagrun for example_python_decorator to None, run_after=None
[2024-07-27T00:01:12.865+0000] {processor.py:183} INFO - Processing /home/airflow/.local/lib/python3.8/site-packages/airflow/example_dags/example_python_decorator.py took 0.056 seconds
[2024-07-27T00:01:42.935+0000] {processor.py:161} INFO - Started process (PID=13857) to work on /home/airflow/.local/lib/python3.8/site-packages/airflow/example_dags/example_python_decorator.py
[2024-07-27T00:01:42.935+0000] {processor.py:830} INFO - Processing file /home/airflow/.local/lib/python3.8/site-packages/airflow/example_dags/example_python_decorator.py for tasks to queue
[2024-07-27T00:01:42.937+0000] {logging_mixin.py:188} INFO - [2024-07-27T00:01:42.936+0000] {dagbag.py:540} INFO - Filling up the DagBag from /home/airflow/.local/lib/python3.8/site-packages/airflow/example_dags/example_python_decorator.py
[2024-07-27T00:01:42.946+0000] {processor.py:840} INFO - DAG(s) 'example_python_decorator' retrieved from /home/airflow/.local/lib/python3.8/site-packages/airflow/example_dags/example_python_decorator.py
[2024-07-27T00:01:42.962+0000] {logging_mixin.py:188} INFO - [2024-07-27T00:01:42.962+0000] {dag.py:3047} INFO - Sync 1 DAGs
[2024-07-27T00:01:42.972+0000] {logging_mixin.py:188} INFO - [2024-07-27T00:01:42.972+0000] {dag.py:3834} INFO - Setting next_dagrun for example_python_decorator to None, run_after=None
[2024-07-27T00:01:42.986+0000] {processor.py:183} INFO - Processing /home/airflow/.local/lib/python3.8/site-packages/airflow/example_dags/example_python_decorator.py took 0.053 seconds
