[2024-07-27T00:00:08.790+0000] {processor.py:161} INFO - Started process (PID=13666) to work on /home/airflow/.local/lib/python3.8/site-packages/airflow/example_dags/example_branch_day_of_week_operator.py
[2024-07-27T00:00:08.791+0000] {processor.py:830} INFO - Processing file /home/airflow/.local/lib/python3.8/site-packages/airflow/example_dags/example_branch_day_of_week_operator.py for tasks to queue
[2024-07-27T00:00:08.792+0000] {logging_mixin.py:188} INFO - [2024-07-27T00:00:08.792+0000] {dagbag.py:540} INFO - Filling up the DagBag from /home/airflow/.local/lib/python3.8/site-packages/airflow/example_dags/example_branch_day_of_week_operator.py
[2024-07-27T00:00:08.799+0000] {processor.py:840} INFO - DAG(s) 'example_weekday_branch_operator' retrieved from /home/airflow/.local/lib/python3.8/site-packages/airflow/example_dags/example_branch_day_of_week_operator.py
[2024-07-27T00:00:08.816+0000] {logging_mixin.py:188} INFO - [2024-07-27T00:00:08.816+0000] {dag.py:3047} INFO - Sync 1 DAGs
[2024-07-27T00:00:08.837+0000] {logging_mixin.py:188} INFO - [2024-07-27T00:00:08.837+0000] {dag.py:3834} INFO - Setting next_dagrun for example_weekday_branch_operator to 2024-07-26 00:00:00+00:00, run_after=2024-07-27 00:00:00+00:00
[2024-07-27T00:00:08.854+0000] {processor.py:183} INFO - Processing /home/airflow/.local/lib/python3.8/site-packages/airflow/example_dags/example_branch_day_of_week_operator.py took 0.067 seconds
[2024-07-27T00:00:38.893+0000] {processor.py:161} INFO - Started process (PID=13722) to work on /home/airflow/.local/lib/python3.8/site-packages/airflow/example_dags/example_branch_day_of_week_operator.py
[2024-07-27T00:00:38.894+0000] {processor.py:830} INFO - Processing file /home/airflow/.local/lib/python3.8/site-packages/airflow/example_dags/example_branch_day_of_week_operator.py for tasks to queue
[2024-07-27T00:00:38.896+0000] {logging_mixin.py:188} INFO - [2024-07-27T00:00:38.896+0000] {dagbag.py:540} INFO - Filling up the DagBag from /home/airflow/.local/lib/python3.8/site-packages/airflow/example_dags/example_branch_day_of_week_operator.py
[2024-07-27T00:00:38.903+0000] {processor.py:840} INFO - DAG(s) 'example_weekday_branch_operator' retrieved from /home/airflow/.local/lib/python3.8/site-packages/airflow/example_dags/example_branch_day_of_week_operator.py
[2024-07-27T00:00:38.922+0000] {logging_mixin.py:188} INFO - [2024-07-27T00:00:38.922+0000] {dag.py:3047} INFO - Sync 1 DAGs
[2024-07-27T00:00:38.941+0000] {logging_mixin.py:188} INFO - [2024-07-27T00:00:38.941+0000] {dag.py:3834} INFO - Setting next_dagrun for example_weekday_branch_operator to 2024-07-26 00:00:00+00:00, run_after=2024-07-27 00:00:00+00:00
[2024-07-27T00:00:38.958+0000] {processor.py:183} INFO - Processing /home/airflow/.local/lib/python3.8/site-packages/airflow/example_dags/example_branch_day_of_week_operator.py took 0.067 seconds
[2024-07-27T00:01:09.018+0000] {processor.py:161} INFO - Started process (PID=13778) to work on /home/airflow/.local/lib/python3.8/site-packages/airflow/example_dags/example_branch_day_of_week_operator.py
[2024-07-27T00:01:09.019+0000] {processor.py:830} INFO - Processing file /home/airflow/.local/lib/python3.8/site-packages/airflow/example_dags/example_branch_day_of_week_operator.py for tasks to queue
[2024-07-27T00:01:09.020+0000] {logging_mixin.py:188} INFO - [2024-07-27T00:01:09.020+0000] {dagbag.py:540} INFO - Filling up the DagBag from /home/airflow/.local/lib/python3.8/site-packages/airflow/example_dags/example_branch_day_of_week_operator.py
[2024-07-27T00:01:09.026+0000] {processor.py:840} INFO - DAG(s) 'example_weekday_branch_operator' retrieved from /home/airflow/.local/lib/python3.8/site-packages/airflow/example_dags/example_branch_day_of_week_operator.py
[2024-07-27T00:01:09.042+0000] {logging_mixin.py:188} INFO - [2024-07-27T00:01:09.042+0000] {dag.py:3047} INFO - Sync 1 DAGs
[2024-07-27T00:01:09.061+0000] {logging_mixin.py:188} INFO - [2024-07-27T00:01:09.061+0000] {dag.py:3834} INFO - Setting next_dagrun for example_weekday_branch_operator to 2024-07-26 00:00:00+00:00, run_after=2024-07-27 00:00:00+00:00
[2024-07-27T00:01:09.076+0000] {processor.py:183} INFO - Processing /home/airflow/.local/lib/python3.8/site-packages/airflow/example_dags/example_branch_day_of_week_operator.py took 0.061 seconds
[2024-07-27T00:01:39.286+0000] {processor.py:161} INFO - Started process (PID=13834) to work on /home/airflow/.local/lib/python3.8/site-packages/airflow/example_dags/example_branch_day_of_week_operator.py
[2024-07-27T00:01:39.287+0000] {processor.py:830} INFO - Processing file /home/airflow/.local/lib/python3.8/site-packages/airflow/example_dags/example_branch_day_of_week_operator.py for tasks to queue
[2024-07-27T00:01:39.288+0000] {logging_mixin.py:188} INFO - [2024-07-27T00:01:39.288+0000] {dagbag.py:540} INFO - Filling up the DagBag from /home/airflow/.local/lib/python3.8/site-packages/airflow/example_dags/example_branch_day_of_week_operator.py
[2024-07-27T00:01:39.294+0000] {processor.py:840} INFO - DAG(s) 'example_weekday_branch_operator' retrieved from /home/airflow/.local/lib/python3.8/site-packages/airflow/example_dags/example_branch_day_of_week_operator.py
[2024-07-27T00:01:39.312+0000] {logging_mixin.py:188} INFO - [2024-07-27T00:01:39.312+0000] {dag.py:3047} INFO - Sync 1 DAGs
[2024-07-27T00:01:39.331+0000] {logging_mixin.py:188} INFO - [2024-07-27T00:01:39.331+0000] {dag.py:3834} INFO - Setting next_dagrun for example_weekday_branch_operator to 2024-07-26 00:00:00+00:00, run_after=2024-07-27 00:00:00+00:00
[2024-07-27T00:01:39.351+0000] {processor.py:183} INFO - Processing /home/airflow/.local/lib/python3.8/site-packages/airflow/example_dags/example_branch_day_of_week_operator.py took 0.068 seconds
[2024-07-27T23:19:25.562+0000] {processor.py:161} INFO - Started process (PID=73) to work on /home/airflow/.local/lib/python3.8/site-packages/airflow/example_dags/example_branch_day_of_week_operator.py
[2024-07-27T23:19:25.563+0000] {processor.py:830} INFO - Processing file /home/airflow/.local/lib/python3.8/site-packages/airflow/example_dags/example_branch_day_of_week_operator.py for tasks to queue
[2024-07-27T23:19:25.565+0000] {logging_mixin.py:188} INFO - [2024-07-27T23:19:25.565+0000] {dagbag.py:540} INFO - Filling up the DagBag from /home/airflow/.local/lib/python3.8/site-packages/airflow/example_dags/example_branch_day_of_week_operator.py
[2024-07-27T23:19:25.576+0000] {processor.py:840} INFO - DAG(s) 'example_weekday_branch_operator' retrieved from /home/airflow/.local/lib/python3.8/site-packages/airflow/example_dags/example_branch_day_of_week_operator.py
[2024-07-27T23:19:25.587+0000] {logging_mixin.py:188} INFO - [2024-07-27T23:19:25.586+0000] {dag.py:3047} INFO - Sync 1 DAGs
[2024-07-27T23:19:25.613+0000] {logging_mixin.py:188} INFO - [2024-07-27T23:19:25.613+0000] {dag.py:3834} INFO - Setting next_dagrun for example_weekday_branch_operator to 2024-07-26 00:00:00+00:00, run_after=2024-07-27 00:00:00+00:00
[2024-07-27T23:19:25.637+0000] {processor.py:183} INFO - Processing /home/airflow/.local/lib/python3.8/site-packages/airflow/example_dags/example_branch_day_of_week_operator.py took 0.079 seconds
[2024-07-27T23:19:56.439+0000] {processor.py:161} INFO - Started process (PID=135) to work on /home/airflow/.local/lib/python3.8/site-packages/airflow/example_dags/example_branch_day_of_week_operator.py
[2024-07-27T23:19:56.442+0000] {processor.py:830} INFO - Processing file /home/airflow/.local/lib/python3.8/site-packages/airflow/example_dags/example_branch_day_of_week_operator.py for tasks to queue
[2024-07-27T23:19:56.443+0000] {logging_mixin.py:188} INFO - [2024-07-27T23:19:56.443+0000] {dagbag.py:540} INFO - Filling up the DagBag from /home/airflow/.local/lib/python3.8/site-packages/airflow/example_dags/example_branch_day_of_week_operator.py
[2024-07-27T23:19:56.451+0000] {processor.py:840} INFO - DAG(s) 'example_weekday_branch_operator' retrieved from /home/airflow/.local/lib/python3.8/site-packages/airflow/example_dags/example_branch_day_of_week_operator.py
[2024-07-27T23:19:56.553+0000] {logging_mixin.py:188} INFO - [2024-07-27T23:19:56.553+0000] {dag.py:3047} INFO - Sync 1 DAGs
[2024-07-27T23:19:56.574+0000] {logging_mixin.py:188} INFO - [2024-07-27T23:19:56.574+0000] {dag.py:3834} INFO - Setting next_dagrun for example_weekday_branch_operator to 2024-07-26 00:00:00+00:00, run_after=2024-07-27 00:00:00+00:00
[2024-07-27T23:19:56.593+0000] {processor.py:183} INFO - Processing /home/airflow/.local/lib/python3.8/site-packages/airflow/example_dags/example_branch_day_of_week_operator.py took 0.157 seconds
[2024-07-27T23:20:27.473+0000] {processor.py:161} INFO - Started process (PID=191) to work on /home/airflow/.local/lib/python3.8/site-packages/airflow/example_dags/example_branch_day_of_week_operator.py
[2024-07-27T23:20:27.474+0000] {processor.py:830} INFO - Processing file /home/airflow/.local/lib/python3.8/site-packages/airflow/example_dags/example_branch_day_of_week_operator.py for tasks to queue
[2024-07-27T23:20:27.475+0000] {logging_mixin.py:188} INFO - [2024-07-27T23:20:27.474+0000] {dagbag.py:540} INFO - Filling up the DagBag from /home/airflow/.local/lib/python3.8/site-packages/airflow/example_dags/example_branch_day_of_week_operator.py
[2024-07-27T23:20:27.480+0000] {processor.py:840} INFO - DAG(s) 'example_weekday_branch_operator' retrieved from /home/airflow/.local/lib/python3.8/site-packages/airflow/example_dags/example_branch_day_of_week_operator.py
[2024-07-27T23:20:27.495+0000] {logging_mixin.py:188} INFO - [2024-07-27T23:20:27.495+0000] {dag.py:3047} INFO - Sync 1 DAGs
[2024-07-27T23:20:27.512+0000] {logging_mixin.py:188} INFO - [2024-07-27T23:20:27.512+0000] {dag.py:3834} INFO - Setting next_dagrun for example_weekday_branch_operator to 2024-07-26 00:00:00+00:00, run_after=2024-07-27 00:00:00+00:00
[2024-07-27T23:20:27.526+0000] {processor.py:183} INFO - Processing /home/airflow/.local/lib/python3.8/site-packages/airflow/example_dags/example_branch_day_of_week_operator.py took 0.056 seconds
[2024-07-27T23:20:57.690+0000] {processor.py:161} INFO - Started process (PID=247) to work on /home/airflow/.local/lib/python3.8/site-packages/airflow/example_dags/example_branch_day_of_week_operator.py
[2024-07-27T23:20:57.691+0000] {processor.py:830} INFO - Processing file /home/airflow/.local/lib/python3.8/site-packages/airflow/example_dags/example_branch_day_of_week_operator.py for tasks to queue
[2024-07-27T23:20:57.692+0000] {logging_mixin.py:188} INFO - [2024-07-27T23:20:57.691+0000] {dagbag.py:540} INFO - Filling up the DagBag from /home/airflow/.local/lib/python3.8/site-packages/airflow/example_dags/example_branch_day_of_week_operator.py
[2024-07-27T23:20:57.697+0000] {processor.py:840} INFO - DAG(s) 'example_weekday_branch_operator' retrieved from /home/airflow/.local/lib/python3.8/site-packages/airflow/example_dags/example_branch_day_of_week_operator.py
[2024-07-27T23:20:57.712+0000] {logging_mixin.py:188} INFO - [2024-07-27T23:20:57.711+0000] {dag.py:3047} INFO - Sync 1 DAGs
[2024-07-27T23:20:57.729+0000] {logging_mixin.py:188} INFO - [2024-07-27T23:20:57.728+0000] {dag.py:3834} INFO - Setting next_dagrun for example_weekday_branch_operator to 2024-07-26 00:00:00+00:00, run_after=2024-07-27 00:00:00+00:00
[2024-07-27T23:20:57.745+0000] {processor.py:183} INFO - Processing /home/airflow/.local/lib/python3.8/site-packages/airflow/example_dags/example_branch_day_of_week_operator.py took 0.058 seconds
[2024-07-27T23:21:27.808+0000] {processor.py:161} INFO - Started process (PID=303) to work on /home/airflow/.local/lib/python3.8/site-packages/airflow/example_dags/example_branch_day_of_week_operator.py
[2024-07-27T23:21:27.809+0000] {processor.py:830} INFO - Processing file /home/airflow/.local/lib/python3.8/site-packages/airflow/example_dags/example_branch_day_of_week_operator.py for tasks to queue
[2024-07-27T23:21:27.810+0000] {logging_mixin.py:188} INFO - [2024-07-27T23:21:27.809+0000] {dagbag.py:540} INFO - Filling up the DagBag from /home/airflow/.local/lib/python3.8/site-packages/airflow/example_dags/example_branch_day_of_week_operator.py
[2024-07-27T23:21:27.815+0000] {processor.py:840} INFO - DAG(s) 'example_weekday_branch_operator' retrieved from /home/airflow/.local/lib/python3.8/site-packages/airflow/example_dags/example_branch_day_of_week_operator.py
[2024-07-27T23:21:27.831+0000] {logging_mixin.py:188} INFO - [2024-07-27T23:21:27.830+0000] {dag.py:3047} INFO - Sync 1 DAGs
[2024-07-27T23:21:27.848+0000] {logging_mixin.py:188} INFO - [2024-07-27T23:21:27.848+0000] {dag.py:3834} INFO - Setting next_dagrun for example_weekday_branch_operator to 2024-07-26 00:00:00+00:00, run_after=2024-07-27 00:00:00+00:00
[2024-07-27T23:21:27.865+0000] {processor.py:183} INFO - Processing /home/airflow/.local/lib/python3.8/site-packages/airflow/example_dags/example_branch_day_of_week_operator.py took 0.059 seconds
[2024-07-27T23:21:58.065+0000] {processor.py:161} INFO - Started process (PID=361) to work on /home/airflow/.local/lib/python3.8/site-packages/airflow/example_dags/example_branch_day_of_week_operator.py
[2024-07-27T23:21:58.066+0000] {processor.py:830} INFO - Processing file /home/airflow/.local/lib/python3.8/site-packages/airflow/example_dags/example_branch_day_of_week_operator.py for tasks to queue
[2024-07-27T23:21:58.067+0000] {logging_mixin.py:188} INFO - [2024-07-27T23:21:58.067+0000] {dagbag.py:540} INFO - Filling up the DagBag from /home/airflow/.local/lib/python3.8/site-packages/airflow/example_dags/example_branch_day_of_week_operator.py
[2024-07-27T23:21:58.073+0000] {processor.py:840} INFO - DAG(s) 'example_weekday_branch_operator' retrieved from /home/airflow/.local/lib/python3.8/site-packages/airflow/example_dags/example_branch_day_of_week_operator.py
[2024-07-27T23:21:58.091+0000] {logging_mixin.py:188} INFO - [2024-07-27T23:21:58.090+0000] {dag.py:3047} INFO - Sync 1 DAGs
[2024-07-27T23:21:58.111+0000] {logging_mixin.py:188} INFO - [2024-07-27T23:21:58.111+0000] {dag.py:3834} INFO - Setting next_dagrun for example_weekday_branch_operator to 2024-07-26 00:00:00+00:00, run_after=2024-07-27 00:00:00+00:00
[2024-07-27T23:21:58.128+0000] {processor.py:183} INFO - Processing /home/airflow/.local/lib/python3.8/site-packages/airflow/example_dags/example_branch_day_of_week_operator.py took 0.066 seconds
[2024-07-27T23:22:28.335+0000] {processor.py:161} INFO - Started process (PID=418) to work on /home/airflow/.local/lib/python3.8/site-packages/airflow/example_dags/example_branch_day_of_week_operator.py
[2024-07-27T23:22:28.335+0000] {processor.py:830} INFO - Processing file /home/airflow/.local/lib/python3.8/site-packages/airflow/example_dags/example_branch_day_of_week_operator.py for tasks to queue
[2024-07-27T23:22:28.337+0000] {logging_mixin.py:188} INFO - [2024-07-27T23:22:28.336+0000] {dagbag.py:540} INFO - Filling up the DagBag from /home/airflow/.local/lib/python3.8/site-packages/airflow/example_dags/example_branch_day_of_week_operator.py
[2024-07-27T23:22:28.343+0000] {processor.py:840} INFO - DAG(s) 'example_weekday_branch_operator' retrieved from /home/airflow/.local/lib/python3.8/site-packages/airflow/example_dags/example_branch_day_of_week_operator.py
[2024-07-27T23:22:28.359+0000] {logging_mixin.py:188} INFO - [2024-07-27T23:22:28.358+0000] {dag.py:3047} INFO - Sync 1 DAGs
[2024-07-27T23:22:28.376+0000] {logging_mixin.py:188} INFO - [2024-07-27T23:22:28.376+0000] {dag.py:3834} INFO - Setting next_dagrun for example_weekday_branch_operator to 2024-07-26 00:00:00+00:00, run_after=2024-07-27 00:00:00+00:00
[2024-07-27T23:22:28.394+0000] {processor.py:183} INFO - Processing /home/airflow/.local/lib/python3.8/site-packages/airflow/example_dags/example_branch_day_of_week_operator.py took 0.062 seconds
[2024-07-27T23:22:58.673+0000] {processor.py:161} INFO - Started process (PID=480) to work on /home/airflow/.local/lib/python3.8/site-packages/airflow/example_dags/example_branch_day_of_week_operator.py
[2024-07-27T23:22:58.673+0000] {processor.py:830} INFO - Processing file /home/airflow/.local/lib/python3.8/site-packages/airflow/example_dags/example_branch_day_of_week_operator.py for tasks to queue
[2024-07-27T23:22:58.675+0000] {logging_mixin.py:188} INFO - [2024-07-27T23:22:58.675+0000] {dagbag.py:540} INFO - Filling up the DagBag from /home/airflow/.local/lib/python3.8/site-packages/airflow/example_dags/example_branch_day_of_week_operator.py
[2024-07-27T23:22:58.683+0000] {processor.py:840} INFO - DAG(s) 'example_weekday_branch_operator' retrieved from /home/airflow/.local/lib/python3.8/site-packages/airflow/example_dags/example_branch_day_of_week_operator.py
[2024-07-27T23:22:58.706+0000] {logging_mixin.py:188} INFO - [2024-07-27T23:22:58.705+0000] {dag.py:3047} INFO - Sync 1 DAGs
[2024-07-27T23:22:58.736+0000] {logging_mixin.py:188} INFO - [2024-07-27T23:22:58.736+0000] {dag.py:3834} INFO - Setting next_dagrun for example_weekday_branch_operator to 2024-07-26 00:00:00+00:00, run_after=2024-07-27 00:00:00+00:00
[2024-07-27T23:22:58.759+0000] {processor.py:183} INFO - Processing /home/airflow/.local/lib/python3.8/site-packages/airflow/example_dags/example_branch_day_of_week_operator.py took 0.089 seconds
[2024-07-27T23:23:28.915+0000] {processor.py:161} INFO - Started process (PID=542) to work on /home/airflow/.local/lib/python3.8/site-packages/airflow/example_dags/example_branch_day_of_week_operator.py
[2024-07-27T23:23:28.916+0000] {processor.py:830} INFO - Processing file /home/airflow/.local/lib/python3.8/site-packages/airflow/example_dags/example_branch_day_of_week_operator.py for tasks to queue
[2024-07-27T23:23:28.917+0000] {logging_mixin.py:188} INFO - [2024-07-27T23:23:28.917+0000] {dagbag.py:540} INFO - Filling up the DagBag from /home/airflow/.local/lib/python3.8/site-packages/airflow/example_dags/example_branch_day_of_week_operator.py
[2024-07-27T23:23:28.923+0000] {processor.py:840} INFO - DAG(s) 'example_weekday_branch_operator' retrieved from /home/airflow/.local/lib/python3.8/site-packages/airflow/example_dags/example_branch_day_of_week_operator.py
[2024-07-27T23:23:28.941+0000] {logging_mixin.py:188} INFO - [2024-07-27T23:23:28.941+0000] {dag.py:3047} INFO - Sync 1 DAGs
[2024-07-27T23:23:28.959+0000] {logging_mixin.py:188} INFO - [2024-07-27T23:23:28.959+0000] {dag.py:3834} INFO - Setting next_dagrun for example_weekday_branch_operator to 2024-07-26 00:00:00+00:00, run_after=2024-07-27 00:00:00+00:00
[2024-07-27T23:23:28.974+0000] {processor.py:183} INFO - Processing /home/airflow/.local/lib/python3.8/site-packages/airflow/example_dags/example_branch_day_of_week_operator.py took 0.062 seconds
[2024-07-27T23:23:59.123+0000] {processor.py:161} INFO - Started process (PID=598) to work on /home/airflow/.local/lib/python3.8/site-packages/airflow/example_dags/example_branch_day_of_week_operator.py
[2024-07-27T23:23:59.124+0000] {processor.py:830} INFO - Processing file /home/airflow/.local/lib/python3.8/site-packages/airflow/example_dags/example_branch_day_of_week_operator.py for tasks to queue
[2024-07-27T23:23:59.125+0000] {logging_mixin.py:188} INFO - [2024-07-27T23:23:59.125+0000] {dagbag.py:540} INFO - Filling up the DagBag from /home/airflow/.local/lib/python3.8/site-packages/airflow/example_dags/example_branch_day_of_week_operator.py
[2024-07-27T23:23:59.132+0000] {processor.py:840} INFO - DAG(s) 'example_weekday_branch_operator' retrieved from /home/airflow/.local/lib/python3.8/site-packages/airflow/example_dags/example_branch_day_of_week_operator.py
[2024-07-27T23:23:59.149+0000] {logging_mixin.py:188} INFO - [2024-07-27T23:23:59.149+0000] {dag.py:3047} INFO - Sync 1 DAGs
[2024-07-27T23:23:59.169+0000] {logging_mixin.py:188} INFO - [2024-07-27T23:23:59.169+0000] {dag.py:3834} INFO - Setting next_dagrun for example_weekday_branch_operator to 2024-07-26 00:00:00+00:00, run_after=2024-07-27 00:00:00+00:00
[2024-07-27T23:23:59.186+0000] {processor.py:183} INFO - Processing /home/airflow/.local/lib/python3.8/site-packages/airflow/example_dags/example_branch_day_of_week_operator.py took 0.066 seconds
[2024-07-27T23:24:29.304+0000] {processor.py:161} INFO - Started process (PID=654) to work on /home/airflow/.local/lib/python3.8/site-packages/airflow/example_dags/example_branch_day_of_week_operator.py
[2024-07-27T23:24:29.305+0000] {processor.py:830} INFO - Processing file /home/airflow/.local/lib/python3.8/site-packages/airflow/example_dags/example_branch_day_of_week_operator.py for tasks to queue
[2024-07-27T23:24:29.306+0000] {logging_mixin.py:188} INFO - [2024-07-27T23:24:29.306+0000] {dagbag.py:540} INFO - Filling up the DagBag from /home/airflow/.local/lib/python3.8/site-packages/airflow/example_dags/example_branch_day_of_week_operator.py
[2024-07-27T23:24:29.312+0000] {processor.py:840} INFO - DAG(s) 'example_weekday_branch_operator' retrieved from /home/airflow/.local/lib/python3.8/site-packages/airflow/example_dags/example_branch_day_of_week_operator.py
[2024-07-27T23:24:29.330+0000] {logging_mixin.py:188} INFO - [2024-07-27T23:24:29.329+0000] {dag.py:3047} INFO - Sync 1 DAGs
[2024-07-27T23:24:29.351+0000] {logging_mixin.py:188} INFO - [2024-07-27T23:24:29.351+0000] {dag.py:3834} INFO - Setting next_dagrun for example_weekday_branch_operator to 2024-07-26 00:00:00+00:00, run_after=2024-07-27 00:00:00+00:00
[2024-07-27T23:24:29.366+0000] {processor.py:183} INFO - Processing /home/airflow/.local/lib/python3.8/site-packages/airflow/example_dags/example_branch_day_of_week_operator.py took 0.066 seconds
[2024-07-27T23:24:59.443+0000] {processor.py:161} INFO - Started process (PID=715) to work on /home/airflow/.local/lib/python3.8/site-packages/airflow/example_dags/example_branch_day_of_week_operator.py
[2024-07-27T23:24:59.444+0000] {processor.py:830} INFO - Processing file /home/airflow/.local/lib/python3.8/site-packages/airflow/example_dags/example_branch_day_of_week_operator.py for tasks to queue
[2024-07-27T23:24:59.445+0000] {logging_mixin.py:188} INFO - [2024-07-27T23:24:59.445+0000] {dagbag.py:540} INFO - Filling up the DagBag from /home/airflow/.local/lib/python3.8/site-packages/airflow/example_dags/example_branch_day_of_week_operator.py
[2024-07-27T23:24:59.450+0000] {processor.py:840} INFO - DAG(s) 'example_weekday_branch_operator' retrieved from /home/airflow/.local/lib/python3.8/site-packages/airflow/example_dags/example_branch_day_of_week_operator.py
[2024-07-27T23:24:59.466+0000] {logging_mixin.py:188} INFO - [2024-07-27T23:24:59.466+0000] {dag.py:3047} INFO - Sync 1 DAGs
[2024-07-27T23:24:59.484+0000] {logging_mixin.py:188} INFO - [2024-07-27T23:24:59.484+0000] {dag.py:3834} INFO - Setting next_dagrun for example_weekday_branch_operator to 2024-07-26 00:00:00+00:00, run_after=2024-07-27 00:00:00+00:00
[2024-07-27T23:24:59.500+0000] {processor.py:183} INFO - Processing /home/airflow/.local/lib/python3.8/site-packages/airflow/example_dags/example_branch_day_of_week_operator.py took 0.060 seconds
[2024-07-27T23:25:29.860+0000] {processor.py:161} INFO - Started process (PID=771) to work on /home/airflow/.local/lib/python3.8/site-packages/airflow/example_dags/example_branch_day_of_week_operator.py
[2024-07-27T23:25:29.861+0000] {processor.py:830} INFO - Processing file /home/airflow/.local/lib/python3.8/site-packages/airflow/example_dags/example_branch_day_of_week_operator.py for tasks to queue
[2024-07-27T23:25:29.862+0000] {logging_mixin.py:188} INFO - [2024-07-27T23:25:29.862+0000] {dagbag.py:540} INFO - Filling up the DagBag from /home/airflow/.local/lib/python3.8/site-packages/airflow/example_dags/example_branch_day_of_week_operator.py
[2024-07-27T23:25:29.868+0000] {processor.py:840} INFO - DAG(s) 'example_weekday_branch_operator' retrieved from /home/airflow/.local/lib/python3.8/site-packages/airflow/example_dags/example_branch_day_of_week_operator.py
[2024-07-27T23:25:29.883+0000] {logging_mixin.py:188} INFO - [2024-07-27T23:25:29.882+0000] {dag.py:3047} INFO - Sync 1 DAGs
[2024-07-27T23:25:29.900+0000] {logging_mixin.py:188} INFO - [2024-07-27T23:25:29.899+0000] {dag.py:3834} INFO - Setting next_dagrun for example_weekday_branch_operator to 2024-07-26 00:00:00+00:00, run_after=2024-07-27 00:00:00+00:00
[2024-07-27T23:25:29.916+0000] {processor.py:183} INFO - Processing /home/airflow/.local/lib/python3.8/site-packages/airflow/example_dags/example_branch_day_of_week_operator.py took 0.058 seconds
[2024-07-27T23:26:00.138+0000] {processor.py:161} INFO - Started process (PID=827) to work on /home/airflow/.local/lib/python3.8/site-packages/airflow/example_dags/example_branch_day_of_week_operator.py
[2024-07-27T23:26:00.139+0000] {processor.py:830} INFO - Processing file /home/airflow/.local/lib/python3.8/site-packages/airflow/example_dags/example_branch_day_of_week_operator.py for tasks to queue
[2024-07-27T23:26:00.140+0000] {logging_mixin.py:188} INFO - [2024-07-27T23:26:00.140+0000] {dagbag.py:540} INFO - Filling up the DagBag from /home/airflow/.local/lib/python3.8/site-packages/airflow/example_dags/example_branch_day_of_week_operator.py
[2024-07-27T23:26:00.146+0000] {processor.py:840} INFO - DAG(s) 'example_weekday_branch_operator' retrieved from /home/airflow/.local/lib/python3.8/site-packages/airflow/example_dags/example_branch_day_of_week_operator.py
[2024-07-27T23:26:00.161+0000] {logging_mixin.py:188} INFO - [2024-07-27T23:26:00.160+0000] {dag.py:3047} INFO - Sync 1 DAGs
[2024-07-27T23:26:00.178+0000] {logging_mixin.py:188} INFO - [2024-07-27T23:26:00.178+0000] {dag.py:3834} INFO - Setting next_dagrun for example_weekday_branch_operator to 2024-07-26 00:00:00+00:00, run_after=2024-07-27 00:00:00+00:00
[2024-07-27T23:26:00.193+0000] {processor.py:183} INFO - Processing /home/airflow/.local/lib/python3.8/site-packages/airflow/example_dags/example_branch_day_of_week_operator.py took 0.057 seconds
[2024-07-27T23:26:30.470+0000] {processor.py:161} INFO - Started process (PID=883) to work on /home/airflow/.local/lib/python3.8/site-packages/airflow/example_dags/example_branch_day_of_week_operator.py
[2024-07-27T23:26:30.471+0000] {processor.py:830} INFO - Processing file /home/airflow/.local/lib/python3.8/site-packages/airflow/example_dags/example_branch_day_of_week_operator.py for tasks to queue
[2024-07-27T23:26:30.472+0000] {logging_mixin.py:188} INFO - [2024-07-27T23:26:30.472+0000] {dagbag.py:540} INFO - Filling up the DagBag from /home/airflow/.local/lib/python3.8/site-packages/airflow/example_dags/example_branch_day_of_week_operator.py
[2024-07-27T23:26:30.479+0000] {processor.py:840} INFO - DAG(s) 'example_weekday_branch_operator' retrieved from /home/airflow/.local/lib/python3.8/site-packages/airflow/example_dags/example_branch_day_of_week_operator.py
[2024-07-27T23:26:30.496+0000] {logging_mixin.py:188} INFO - [2024-07-27T23:26:30.495+0000] {dag.py:3047} INFO - Sync 1 DAGs
[2024-07-27T23:26:30.513+0000] {logging_mixin.py:188} INFO - [2024-07-27T23:26:30.513+0000] {dag.py:3834} INFO - Setting next_dagrun for example_weekday_branch_operator to 2024-07-26 00:00:00+00:00, run_after=2024-07-27 00:00:00+00:00
[2024-07-27T23:26:30.528+0000] {processor.py:183} INFO - Processing /home/airflow/.local/lib/python3.8/site-packages/airflow/example_dags/example_branch_day_of_week_operator.py took 0.060 seconds
[2024-07-27T23:27:00.938+0000] {processor.py:161} INFO - Started process (PID=953) to work on /home/airflow/.local/lib/python3.8/site-packages/airflow/example_dags/example_branch_day_of_week_operator.py
[2024-07-27T23:27:00.939+0000] {processor.py:830} INFO - Processing file /home/airflow/.local/lib/python3.8/site-packages/airflow/example_dags/example_branch_day_of_week_operator.py for tasks to queue
[2024-07-27T23:27:00.940+0000] {logging_mixin.py:188} INFO - [2024-07-27T23:27:00.940+0000] {dagbag.py:540} INFO - Filling up the DagBag from /home/airflow/.local/lib/python3.8/site-packages/airflow/example_dags/example_branch_day_of_week_operator.py
[2024-07-27T23:27:00.946+0000] {processor.py:840} INFO - DAG(s) 'example_weekday_branch_operator' retrieved from /home/airflow/.local/lib/python3.8/site-packages/airflow/example_dags/example_branch_day_of_week_operator.py
[2024-07-27T23:27:00.964+0000] {logging_mixin.py:188} INFO - [2024-07-27T23:27:00.963+0000] {dag.py:3047} INFO - Sync 1 DAGs
[2024-07-27T23:27:00.985+0000] {logging_mixin.py:188} INFO - [2024-07-27T23:27:00.985+0000] {dag.py:3834} INFO - Setting next_dagrun for example_weekday_branch_operator to 2024-07-26 00:00:00+00:00, run_after=2024-07-27 00:00:00+00:00
[2024-07-27T23:27:01.003+0000] {processor.py:183} INFO - Processing /home/airflow/.local/lib/python3.8/site-packages/airflow/example_dags/example_branch_day_of_week_operator.py took 0.068 seconds
[2024-07-27T23:27:31.046+0000] {processor.py:161} INFO - Started process (PID=1009) to work on /home/airflow/.local/lib/python3.8/site-packages/airflow/example_dags/example_branch_day_of_week_operator.py
[2024-07-27T23:27:31.047+0000] {processor.py:830} INFO - Processing file /home/airflow/.local/lib/python3.8/site-packages/airflow/example_dags/example_branch_day_of_week_operator.py for tasks to queue
[2024-07-27T23:27:31.048+0000] {logging_mixin.py:188} INFO - [2024-07-27T23:27:31.048+0000] {dagbag.py:540} INFO - Filling up the DagBag from /home/airflow/.local/lib/python3.8/site-packages/airflow/example_dags/example_branch_day_of_week_operator.py
[2024-07-27T23:27:31.054+0000] {processor.py:840} INFO - DAG(s) 'example_weekday_branch_operator' retrieved from /home/airflow/.local/lib/python3.8/site-packages/airflow/example_dags/example_branch_day_of_week_operator.py
[2024-07-27T23:27:31.070+0000] {logging_mixin.py:188} INFO - [2024-07-27T23:27:31.070+0000] {dag.py:3047} INFO - Sync 1 DAGs
[2024-07-27T23:27:31.088+0000] {logging_mixin.py:188} INFO - [2024-07-27T23:27:31.088+0000] {dag.py:3834} INFO - Setting next_dagrun for example_weekday_branch_operator to 2024-07-26 00:00:00+00:00, run_after=2024-07-27 00:00:00+00:00
[2024-07-27T23:27:31.103+0000] {processor.py:183} INFO - Processing /home/airflow/.local/lib/python3.8/site-packages/airflow/example_dags/example_branch_day_of_week_operator.py took 0.059 seconds
[2024-07-27T23:28:01.304+0000] {processor.py:161} INFO - Started process (PID=1066) to work on /home/airflow/.local/lib/python3.8/site-packages/airflow/example_dags/example_branch_day_of_week_operator.py
[2024-07-27T23:28:01.305+0000] {processor.py:830} INFO - Processing file /home/airflow/.local/lib/python3.8/site-packages/airflow/example_dags/example_branch_day_of_week_operator.py for tasks to queue
[2024-07-27T23:28:01.306+0000] {logging_mixin.py:188} INFO - [2024-07-27T23:28:01.306+0000] {dagbag.py:540} INFO - Filling up the DagBag from /home/airflow/.local/lib/python3.8/site-packages/airflow/example_dags/example_branch_day_of_week_operator.py
[2024-07-27T23:28:01.312+0000] {processor.py:840} INFO - DAG(s) 'example_weekday_branch_operator' retrieved from /home/airflow/.local/lib/python3.8/site-packages/airflow/example_dags/example_branch_day_of_week_operator.py
[2024-07-27T23:28:01.329+0000] {logging_mixin.py:188} INFO - [2024-07-27T23:28:01.328+0000] {dag.py:3047} INFO - Sync 1 DAGs
[2024-07-27T23:28:01.349+0000] {logging_mixin.py:188} INFO - [2024-07-27T23:28:01.349+0000] {dag.py:3834} INFO - Setting next_dagrun for example_weekday_branch_operator to 2024-07-26 00:00:00+00:00, run_after=2024-07-27 00:00:00+00:00
[2024-07-27T23:28:01.366+0000] {processor.py:183} INFO - Processing /home/airflow/.local/lib/python3.8/site-packages/airflow/example_dags/example_branch_day_of_week_operator.py took 0.065 seconds
[2024-07-27T23:28:32.399+0000] {processor.py:161} INFO - Started process (PID=1122) to work on /home/airflow/.local/lib/python3.8/site-packages/airflow/example_dags/example_branch_day_of_week_operator.py
[2024-07-27T23:28:32.400+0000] {processor.py:830} INFO - Processing file /home/airflow/.local/lib/python3.8/site-packages/airflow/example_dags/example_branch_day_of_week_operator.py for tasks to queue
[2024-07-27T23:28:32.402+0000] {logging_mixin.py:188} INFO - [2024-07-27T23:28:32.401+0000] {dagbag.py:540} INFO - Filling up the DagBag from /home/airflow/.local/lib/python3.8/site-packages/airflow/example_dags/example_branch_day_of_week_operator.py
[2024-07-27T23:28:32.408+0000] {processor.py:840} INFO - DAG(s) 'example_weekday_branch_operator' retrieved from /home/airflow/.local/lib/python3.8/site-packages/airflow/example_dags/example_branch_day_of_week_operator.py
[2024-07-27T23:28:32.424+0000] {logging_mixin.py:188} INFO - [2024-07-27T23:28:32.423+0000] {dag.py:3047} INFO - Sync 1 DAGs
[2024-07-27T23:28:32.442+0000] {logging_mixin.py:188} INFO - [2024-07-27T23:28:32.442+0000] {dag.py:3834} INFO - Setting next_dagrun for example_weekday_branch_operator to 2024-07-26 00:00:00+00:00, run_after=2024-07-27 00:00:00+00:00
[2024-07-27T23:28:32.458+0000] {processor.py:183} INFO - Processing /home/airflow/.local/lib/python3.8/site-packages/airflow/example_dags/example_branch_day_of_week_operator.py took 0.060 seconds
[2024-07-27T23:29:02.697+0000] {processor.py:161} INFO - Started process (PID=1178) to work on /home/airflow/.local/lib/python3.8/site-packages/airflow/example_dags/example_branch_day_of_week_operator.py
[2024-07-27T23:29:02.698+0000] {processor.py:830} INFO - Processing file /home/airflow/.local/lib/python3.8/site-packages/airflow/example_dags/example_branch_day_of_week_operator.py for tasks to queue
[2024-07-27T23:29:02.699+0000] {logging_mixin.py:188} INFO - [2024-07-27T23:29:02.699+0000] {dagbag.py:540} INFO - Filling up the DagBag from /home/airflow/.local/lib/python3.8/site-packages/airflow/example_dags/example_branch_day_of_week_operator.py
[2024-07-27T23:29:02.705+0000] {processor.py:840} INFO - DAG(s) 'example_weekday_branch_operator' retrieved from /home/airflow/.local/lib/python3.8/site-packages/airflow/example_dags/example_branch_day_of_week_operator.py
[2024-07-27T23:29:02.721+0000] {logging_mixin.py:188} INFO - [2024-07-27T23:29:02.721+0000] {dag.py:3047} INFO - Sync 1 DAGs
[2024-07-27T23:29:02.739+0000] {logging_mixin.py:188} INFO - [2024-07-27T23:29:02.739+0000] {dag.py:3834} INFO - Setting next_dagrun for example_weekday_branch_operator to 2024-07-26 00:00:00+00:00, run_after=2024-07-27 00:00:00+00:00
[2024-07-27T23:29:02.755+0000] {processor.py:183} INFO - Processing /home/airflow/.local/lib/python3.8/site-packages/airflow/example_dags/example_branch_day_of_week_operator.py took 0.060 seconds
[2024-07-27T23:29:32.935+0000] {processor.py:161} INFO - Started process (PID=1234) to work on /home/airflow/.local/lib/python3.8/site-packages/airflow/example_dags/example_branch_day_of_week_operator.py
[2024-07-27T23:29:32.936+0000] {processor.py:830} INFO - Processing file /home/airflow/.local/lib/python3.8/site-packages/airflow/example_dags/example_branch_day_of_week_operator.py for tasks to queue
[2024-07-27T23:29:32.938+0000] {logging_mixin.py:188} INFO - [2024-07-27T23:29:32.937+0000] {dagbag.py:540} INFO - Filling up the DagBag from /home/airflow/.local/lib/python3.8/site-packages/airflow/example_dags/example_branch_day_of_week_operator.py
[2024-07-27T23:29:32.944+0000] {processor.py:840} INFO - DAG(s) 'example_weekday_branch_operator' retrieved from /home/airflow/.local/lib/python3.8/site-packages/airflow/example_dags/example_branch_day_of_week_operator.py
[2024-07-27T23:29:32.962+0000] {logging_mixin.py:188} INFO - [2024-07-27T23:29:32.961+0000] {dag.py:3047} INFO - Sync 1 DAGs
[2024-07-27T23:29:32.980+0000] {logging_mixin.py:188} INFO - [2024-07-27T23:29:32.980+0000] {dag.py:3834} INFO - Setting next_dagrun for example_weekday_branch_operator to 2024-07-26 00:00:00+00:00, run_after=2024-07-27 00:00:00+00:00
[2024-07-27T23:29:32.997+0000] {processor.py:183} INFO - Processing /home/airflow/.local/lib/python3.8/site-packages/airflow/example_dags/example_branch_day_of_week_operator.py took 0.064 seconds
[2024-07-27T23:30:03.215+0000] {processor.py:161} INFO - Started process (PID=1290) to work on /home/airflow/.local/lib/python3.8/site-packages/airflow/example_dags/example_branch_day_of_week_operator.py
[2024-07-27T23:30:03.216+0000] {processor.py:830} INFO - Processing file /home/airflow/.local/lib/python3.8/site-packages/airflow/example_dags/example_branch_day_of_week_operator.py for tasks to queue
[2024-07-27T23:30:03.217+0000] {logging_mixin.py:188} INFO - [2024-07-27T23:30:03.217+0000] {dagbag.py:540} INFO - Filling up the DagBag from /home/airflow/.local/lib/python3.8/site-packages/airflow/example_dags/example_branch_day_of_week_operator.py
[2024-07-27T23:30:03.223+0000] {processor.py:840} INFO - DAG(s) 'example_weekday_branch_operator' retrieved from /home/airflow/.local/lib/python3.8/site-packages/airflow/example_dags/example_branch_day_of_week_operator.py
[2024-07-27T23:30:03.239+0000] {logging_mixin.py:188} INFO - [2024-07-27T23:30:03.238+0000] {dag.py:3047} INFO - Sync 1 DAGs
[2024-07-27T23:30:03.256+0000] {logging_mixin.py:188} INFO - [2024-07-27T23:30:03.256+0000] {dag.py:3834} INFO - Setting next_dagrun for example_weekday_branch_operator to 2024-07-26 00:00:00+00:00, run_after=2024-07-27 00:00:00+00:00
[2024-07-27T23:30:03.272+0000] {processor.py:183} INFO - Processing /home/airflow/.local/lib/python3.8/site-packages/airflow/example_dags/example_branch_day_of_week_operator.py took 0.059 seconds
[2024-07-27T23:30:33.379+0000] {processor.py:161} INFO - Started process (PID=1346) to work on /home/airflow/.local/lib/python3.8/site-packages/airflow/example_dags/example_branch_day_of_week_operator.py
[2024-07-27T23:30:33.380+0000] {processor.py:830} INFO - Processing file /home/airflow/.local/lib/python3.8/site-packages/airflow/example_dags/example_branch_day_of_week_operator.py for tasks to queue
[2024-07-27T23:30:33.381+0000] {logging_mixin.py:188} INFO - [2024-07-27T23:30:33.380+0000] {dagbag.py:540} INFO - Filling up the DagBag from /home/airflow/.local/lib/python3.8/site-packages/airflow/example_dags/example_branch_day_of_week_operator.py
[2024-07-27T23:30:33.387+0000] {processor.py:840} INFO - DAG(s) 'example_weekday_branch_operator' retrieved from /home/airflow/.local/lib/python3.8/site-packages/airflow/example_dags/example_branch_day_of_week_operator.py
[2024-07-27T23:30:33.404+0000] {logging_mixin.py:188} INFO - [2024-07-27T23:30:33.404+0000] {dag.py:3047} INFO - Sync 1 DAGs
[2024-07-27T23:30:33.424+0000] {logging_mixin.py:188} INFO - [2024-07-27T23:30:33.424+0000] {dag.py:3834} INFO - Setting next_dagrun for example_weekday_branch_operator to 2024-07-26 00:00:00+00:00, run_after=2024-07-27 00:00:00+00:00
[2024-07-27T23:30:33.443+0000] {processor.py:183} INFO - Processing /home/airflow/.local/lib/python3.8/site-packages/airflow/example_dags/example_branch_day_of_week_operator.py took 0.067 seconds
[2024-07-27T23:31:03.601+0000] {processor.py:161} INFO - Started process (PID=1402) to work on /home/airflow/.local/lib/python3.8/site-packages/airflow/example_dags/example_branch_day_of_week_operator.py
[2024-07-27T23:31:03.601+0000] {processor.py:830} INFO - Processing file /home/airflow/.local/lib/python3.8/site-packages/airflow/example_dags/example_branch_day_of_week_operator.py for tasks to queue
[2024-07-27T23:31:03.603+0000] {logging_mixin.py:188} INFO - [2024-07-27T23:31:03.602+0000] {dagbag.py:540} INFO - Filling up the DagBag from /home/airflow/.local/lib/python3.8/site-packages/airflow/example_dags/example_branch_day_of_week_operator.py
[2024-07-27T23:31:03.608+0000] {processor.py:840} INFO - DAG(s) 'example_weekday_branch_operator' retrieved from /home/airflow/.local/lib/python3.8/site-packages/airflow/example_dags/example_branch_day_of_week_operator.py
[2024-07-27T23:31:03.623+0000] {logging_mixin.py:188} INFO - [2024-07-27T23:31:03.623+0000] {dag.py:3047} INFO - Sync 1 DAGs
[2024-07-27T23:31:03.642+0000] {logging_mixin.py:188} INFO - [2024-07-27T23:31:03.642+0000] {dag.py:3834} INFO - Setting next_dagrun for example_weekday_branch_operator to 2024-07-26 00:00:00+00:00, run_after=2024-07-27 00:00:00+00:00
[2024-07-27T23:31:03.656+0000] {processor.py:183} INFO - Processing /home/airflow/.local/lib/python3.8/site-packages/airflow/example_dags/example_branch_day_of_week_operator.py took 0.058 seconds
[2024-07-27T23:31:33.766+0000] {processor.py:161} INFO - Started process (PID=1470) to work on /home/airflow/.local/lib/python3.8/site-packages/airflow/example_dags/example_branch_day_of_week_operator.py
[2024-07-27T23:31:33.767+0000] {processor.py:830} INFO - Processing file /home/airflow/.local/lib/python3.8/site-packages/airflow/example_dags/example_branch_day_of_week_operator.py for tasks to queue
[2024-07-27T23:31:33.769+0000] {logging_mixin.py:188} INFO - [2024-07-27T23:31:33.769+0000] {dagbag.py:540} INFO - Filling up the DagBag from /home/airflow/.local/lib/python3.8/site-packages/airflow/example_dags/example_branch_day_of_week_operator.py
[2024-07-27T23:31:33.774+0000] {processor.py:840} INFO - DAG(s) 'example_weekday_branch_operator' retrieved from /home/airflow/.local/lib/python3.8/site-packages/airflow/example_dags/example_branch_day_of_week_operator.py
[2024-07-27T23:31:33.790+0000] {logging_mixin.py:188} INFO - [2024-07-27T23:31:33.790+0000] {dag.py:3047} INFO - Sync 1 DAGs
[2024-07-27T23:31:33.808+0000] {logging_mixin.py:188} INFO - [2024-07-27T23:31:33.808+0000] {dag.py:3834} INFO - Setting next_dagrun for example_weekday_branch_operator to 2024-07-26 00:00:00+00:00, run_after=2024-07-27 00:00:00+00:00
[2024-07-27T23:31:33.824+0000] {processor.py:183} INFO - Processing /home/airflow/.local/lib/python3.8/site-packages/airflow/example_dags/example_branch_day_of_week_operator.py took 0.060 seconds
[2024-07-27T23:32:03.944+0000] {processor.py:161} INFO - Started process (PID=1526) to work on /home/airflow/.local/lib/python3.8/site-packages/airflow/example_dags/example_branch_day_of_week_operator.py
[2024-07-27T23:32:03.944+0000] {processor.py:830} INFO - Processing file /home/airflow/.local/lib/python3.8/site-packages/airflow/example_dags/example_branch_day_of_week_operator.py for tasks to queue
[2024-07-27T23:32:03.945+0000] {logging_mixin.py:188} INFO - [2024-07-27T23:32:03.945+0000] {dagbag.py:540} INFO - Filling up the DagBag from /home/airflow/.local/lib/python3.8/site-packages/airflow/example_dags/example_branch_day_of_week_operator.py
[2024-07-27T23:32:03.951+0000] {processor.py:840} INFO - DAG(s) 'example_weekday_branch_operator' retrieved from /home/airflow/.local/lib/python3.8/site-packages/airflow/example_dags/example_branch_day_of_week_operator.py
[2024-07-27T23:32:03.967+0000] {logging_mixin.py:188} INFO - [2024-07-27T23:32:03.966+0000] {dag.py:3047} INFO - Sync 1 DAGs
[2024-07-27T23:32:03.986+0000] {logging_mixin.py:188} INFO - [2024-07-27T23:32:03.986+0000] {dag.py:3834} INFO - Setting next_dagrun for example_weekday_branch_operator to 2024-07-26 00:00:00+00:00, run_after=2024-07-27 00:00:00+00:00
[2024-07-27T23:32:04.001+0000] {processor.py:183} INFO - Processing /home/airflow/.local/lib/python3.8/site-packages/airflow/example_dags/example_branch_day_of_week_operator.py took 0.059 seconds
[2024-07-27T23:32:34.242+0000] {processor.py:161} INFO - Started process (PID=1582) to work on /home/airflow/.local/lib/python3.8/site-packages/airflow/example_dags/example_branch_day_of_week_operator.py
[2024-07-27T23:32:34.242+0000] {processor.py:830} INFO - Processing file /home/airflow/.local/lib/python3.8/site-packages/airflow/example_dags/example_branch_day_of_week_operator.py for tasks to queue
[2024-07-27T23:32:34.244+0000] {logging_mixin.py:188} INFO - [2024-07-27T23:32:34.243+0000] {dagbag.py:540} INFO - Filling up the DagBag from /home/airflow/.local/lib/python3.8/site-packages/airflow/example_dags/example_branch_day_of_week_operator.py
[2024-07-27T23:32:34.250+0000] {processor.py:840} INFO - DAG(s) 'example_weekday_branch_operator' retrieved from /home/airflow/.local/lib/python3.8/site-packages/airflow/example_dags/example_branch_day_of_week_operator.py
[2024-07-27T23:32:34.266+0000] {logging_mixin.py:188} INFO - [2024-07-27T23:32:34.265+0000] {dag.py:3047} INFO - Sync 1 DAGs
[2024-07-27T23:32:34.285+0000] {logging_mixin.py:188} INFO - [2024-07-27T23:32:34.284+0000] {dag.py:3834} INFO - Setting next_dagrun for example_weekday_branch_operator to 2024-07-26 00:00:00+00:00, run_after=2024-07-27 00:00:00+00:00
[2024-07-27T23:32:34.300+0000] {processor.py:183} INFO - Processing /home/airflow/.local/lib/python3.8/site-packages/airflow/example_dags/example_branch_day_of_week_operator.py took 0.061 seconds
[2024-07-27T23:33:05.116+0000] {processor.py:161} INFO - Started process (PID=1638) to work on /home/airflow/.local/lib/python3.8/site-packages/airflow/example_dags/example_branch_day_of_week_operator.py
[2024-07-27T23:33:05.118+0000] {processor.py:830} INFO - Processing file /home/airflow/.local/lib/python3.8/site-packages/airflow/example_dags/example_branch_day_of_week_operator.py for tasks to queue
[2024-07-27T23:33:05.119+0000] {logging_mixin.py:188} INFO - [2024-07-27T23:33:05.119+0000] {dagbag.py:540} INFO - Filling up the DagBag from /home/airflow/.local/lib/python3.8/site-packages/airflow/example_dags/example_branch_day_of_week_operator.py
[2024-07-27T23:33:05.125+0000] {processor.py:840} INFO - DAG(s) 'example_weekday_branch_operator' retrieved from /home/airflow/.local/lib/python3.8/site-packages/airflow/example_dags/example_branch_day_of_week_operator.py
[2024-07-27T23:33:05.140+0000] {logging_mixin.py:188} INFO - [2024-07-27T23:33:05.140+0000] {dag.py:3047} INFO - Sync 1 DAGs
[2024-07-27T23:33:05.158+0000] {logging_mixin.py:188} INFO - [2024-07-27T23:33:05.158+0000] {dag.py:3834} INFO - Setting next_dagrun for example_weekday_branch_operator to 2024-07-26 00:00:00+00:00, run_after=2024-07-27 00:00:00+00:00
[2024-07-27T23:33:05.174+0000] {processor.py:183} INFO - Processing /home/airflow/.local/lib/python3.8/site-packages/airflow/example_dags/example_branch_day_of_week_operator.py took 0.060 seconds
[2024-07-27T23:33:35.379+0000] {processor.py:161} INFO - Started process (PID=1694) to work on /home/airflow/.local/lib/python3.8/site-packages/airflow/example_dags/example_branch_day_of_week_operator.py
[2024-07-27T23:33:35.380+0000] {processor.py:830} INFO - Processing file /home/airflow/.local/lib/python3.8/site-packages/airflow/example_dags/example_branch_day_of_week_operator.py for tasks to queue
[2024-07-27T23:33:35.381+0000] {logging_mixin.py:188} INFO - [2024-07-27T23:33:35.381+0000] {dagbag.py:540} INFO - Filling up the DagBag from /home/airflow/.local/lib/python3.8/site-packages/airflow/example_dags/example_branch_day_of_week_operator.py
[2024-07-27T23:33:35.387+0000] {processor.py:840} INFO - DAG(s) 'example_weekday_branch_operator' retrieved from /home/airflow/.local/lib/python3.8/site-packages/airflow/example_dags/example_branch_day_of_week_operator.py
[2024-07-27T23:33:35.402+0000] {logging_mixin.py:188} INFO - [2024-07-27T23:33:35.402+0000] {dag.py:3047} INFO - Sync 1 DAGs
[2024-07-27T23:33:35.419+0000] {logging_mixin.py:188} INFO - [2024-07-27T23:33:35.419+0000] {dag.py:3834} INFO - Setting next_dagrun for example_weekday_branch_operator to 2024-07-26 00:00:00+00:00, run_after=2024-07-27 00:00:00+00:00
[2024-07-27T23:33:35.433+0000] {processor.py:183} INFO - Processing /home/airflow/.local/lib/python3.8/site-packages/airflow/example_dags/example_branch_day_of_week_operator.py took 0.057 seconds
[2024-07-27T23:34:05.555+0000] {processor.py:161} INFO - Started process (PID=1750) to work on /home/airflow/.local/lib/python3.8/site-packages/airflow/example_dags/example_branch_day_of_week_operator.py
[2024-07-27T23:34:05.556+0000] {processor.py:830} INFO - Processing file /home/airflow/.local/lib/python3.8/site-packages/airflow/example_dags/example_branch_day_of_week_operator.py for tasks to queue
[2024-07-27T23:34:05.558+0000] {logging_mixin.py:188} INFO - [2024-07-27T23:34:05.557+0000] {dagbag.py:540} INFO - Filling up the DagBag from /home/airflow/.local/lib/python3.8/site-packages/airflow/example_dags/example_branch_day_of_week_operator.py
[2024-07-27T23:34:05.563+0000] {processor.py:840} INFO - DAG(s) 'example_weekday_branch_operator' retrieved from /home/airflow/.local/lib/python3.8/site-packages/airflow/example_dags/example_branch_day_of_week_operator.py
[2024-07-27T23:34:05.580+0000] {logging_mixin.py:188} INFO - [2024-07-27T23:34:05.580+0000] {dag.py:3047} INFO - Sync 1 DAGs
[2024-07-27T23:34:05.598+0000] {logging_mixin.py:188} INFO - [2024-07-27T23:34:05.597+0000] {dag.py:3834} INFO - Setting next_dagrun for example_weekday_branch_operator to 2024-07-26 00:00:00+00:00, run_after=2024-07-27 00:00:00+00:00
[2024-07-27T23:34:05.612+0000] {processor.py:183} INFO - Processing /home/airflow/.local/lib/python3.8/site-packages/airflow/example_dags/example_branch_day_of_week_operator.py took 0.060 seconds
[2024-07-27T23:34:35.736+0000] {processor.py:161} INFO - Started process (PID=1806) to work on /home/airflow/.local/lib/python3.8/site-packages/airflow/example_dags/example_branch_day_of_week_operator.py
[2024-07-27T23:34:35.737+0000] {processor.py:830} INFO - Processing file /home/airflow/.local/lib/python3.8/site-packages/airflow/example_dags/example_branch_day_of_week_operator.py for tasks to queue
[2024-07-27T23:34:35.738+0000] {logging_mixin.py:188} INFO - [2024-07-27T23:34:35.738+0000] {dagbag.py:540} INFO - Filling up the DagBag from /home/airflow/.local/lib/python3.8/site-packages/airflow/example_dags/example_branch_day_of_week_operator.py
[2024-07-27T23:34:35.748+0000] {processor.py:840} INFO - DAG(s) 'example_weekday_branch_operator' retrieved from /home/airflow/.local/lib/python3.8/site-packages/airflow/example_dags/example_branch_day_of_week_operator.py
[2024-07-27T23:34:35.768+0000] {logging_mixin.py:188} INFO - [2024-07-27T23:34:35.768+0000] {dag.py:3047} INFO - Sync 1 DAGs
[2024-07-27T23:34:35.791+0000] {logging_mixin.py:188} INFO - [2024-07-27T23:34:35.791+0000] {dag.py:3834} INFO - Setting next_dagrun for example_weekday_branch_operator to 2024-07-26 00:00:00+00:00, run_after=2024-07-27 00:00:00+00:00
[2024-07-27T23:34:35.823+0000] {processor.py:183} INFO - Processing /home/airflow/.local/lib/python3.8/site-packages/airflow/example_dags/example_branch_day_of_week_operator.py took 0.090 seconds
[2024-07-27T23:35:06.289+0000] {processor.py:161} INFO - Started process (PID=1864) to work on /home/airflow/.local/lib/python3.8/site-packages/airflow/example_dags/example_branch_day_of_week_operator.py
[2024-07-27T23:35:06.290+0000] {processor.py:830} INFO - Processing file /home/airflow/.local/lib/python3.8/site-packages/airflow/example_dags/example_branch_day_of_week_operator.py for tasks to queue
[2024-07-27T23:35:06.291+0000] {logging_mixin.py:188} INFO - [2024-07-27T23:35:06.291+0000] {dagbag.py:540} INFO - Filling up the DagBag from /home/airflow/.local/lib/python3.8/site-packages/airflow/example_dags/example_branch_day_of_week_operator.py
[2024-07-27T23:35:06.297+0000] {processor.py:840} INFO - DAG(s) 'example_weekday_branch_operator' retrieved from /home/airflow/.local/lib/python3.8/site-packages/airflow/example_dags/example_branch_day_of_week_operator.py
[2024-07-27T23:35:06.313+0000] {logging_mixin.py:188} INFO - [2024-07-27T23:35:06.313+0000] {dag.py:3047} INFO - Sync 1 DAGs
[2024-07-27T23:35:06.331+0000] {logging_mixin.py:188} INFO - [2024-07-27T23:35:06.331+0000] {dag.py:3834} INFO - Setting next_dagrun for example_weekday_branch_operator to 2024-07-26 00:00:00+00:00, run_after=2024-07-27 00:00:00+00:00
[2024-07-27T23:35:06.346+0000] {processor.py:183} INFO - Processing /home/airflow/.local/lib/python3.8/site-packages/airflow/example_dags/example_branch_day_of_week_operator.py took 0.059 seconds
[2024-07-27T23:35:37.224+0000] {processor.py:161} INFO - Started process (PID=1920) to work on /home/airflow/.local/lib/python3.8/site-packages/airflow/example_dags/example_branch_day_of_week_operator.py
[2024-07-27T23:35:37.225+0000] {processor.py:830} INFO - Processing file /home/airflow/.local/lib/python3.8/site-packages/airflow/example_dags/example_branch_day_of_week_operator.py for tasks to queue
[2024-07-27T23:35:37.226+0000] {logging_mixin.py:188} INFO - [2024-07-27T23:35:37.226+0000] {dagbag.py:540} INFO - Filling up the DagBag from /home/airflow/.local/lib/python3.8/site-packages/airflow/example_dags/example_branch_day_of_week_operator.py
[2024-07-27T23:35:37.232+0000] {processor.py:840} INFO - DAG(s) 'example_weekday_branch_operator' retrieved from /home/airflow/.local/lib/python3.8/site-packages/airflow/example_dags/example_branch_day_of_week_operator.py
[2024-07-27T23:35:37.249+0000] {logging_mixin.py:188} INFO - [2024-07-27T23:35:37.249+0000] {dag.py:3047} INFO - Sync 1 DAGs
[2024-07-27T23:35:37.270+0000] {logging_mixin.py:188} INFO - [2024-07-27T23:35:37.269+0000] {dag.py:3834} INFO - Setting next_dagrun for example_weekday_branch_operator to 2024-07-26 00:00:00+00:00, run_after=2024-07-27 00:00:00+00:00
[2024-07-27T23:35:37.287+0000] {processor.py:183} INFO - Processing /home/airflow/.local/lib/python3.8/site-packages/airflow/example_dags/example_branch_day_of_week_operator.py took 0.066 seconds
[2024-07-27T23:36:08.282+0000] {processor.py:161} INFO - Started process (PID=1982) to work on /home/airflow/.local/lib/python3.8/site-packages/airflow/example_dags/example_branch_day_of_week_operator.py
[2024-07-27T23:36:08.283+0000] {processor.py:830} INFO - Processing file /home/airflow/.local/lib/python3.8/site-packages/airflow/example_dags/example_branch_day_of_week_operator.py for tasks to queue
[2024-07-27T23:36:08.284+0000] {logging_mixin.py:188} INFO - [2024-07-27T23:36:08.284+0000] {dagbag.py:540} INFO - Filling up the DagBag from /home/airflow/.local/lib/python3.8/site-packages/airflow/example_dags/example_branch_day_of_week_operator.py
[2024-07-27T23:36:08.289+0000] {processor.py:840} INFO - DAG(s) 'example_weekday_branch_operator' retrieved from /home/airflow/.local/lib/python3.8/site-packages/airflow/example_dags/example_branch_day_of_week_operator.py
[2024-07-27T23:36:08.304+0000] {logging_mixin.py:188} INFO - [2024-07-27T23:36:08.304+0000] {dag.py:3047} INFO - Sync 1 DAGs
[2024-07-27T23:36:08.323+0000] {logging_mixin.py:188} INFO - [2024-07-27T23:36:08.323+0000] {dag.py:3834} INFO - Setting next_dagrun for example_weekday_branch_operator to 2024-07-26 00:00:00+00:00, run_after=2024-07-27 00:00:00+00:00
[2024-07-27T23:36:08.337+0000] {processor.py:183} INFO - Processing /home/airflow/.local/lib/python3.8/site-packages/airflow/example_dags/example_branch_day_of_week_operator.py took 0.058 seconds
[2024-07-27T23:36:38.481+0000] {processor.py:161} INFO - Started process (PID=2041) to work on /home/airflow/.local/lib/python3.8/site-packages/airflow/example_dags/example_branch_day_of_week_operator.py
[2024-07-27T23:36:38.482+0000] {processor.py:830} INFO - Processing file /home/airflow/.local/lib/python3.8/site-packages/airflow/example_dags/example_branch_day_of_week_operator.py for tasks to queue
[2024-07-27T23:36:38.483+0000] {logging_mixin.py:188} INFO - [2024-07-27T23:36:38.483+0000] {dagbag.py:540} INFO - Filling up the DagBag from /home/airflow/.local/lib/python3.8/site-packages/airflow/example_dags/example_branch_day_of_week_operator.py
[2024-07-27T23:36:38.489+0000] {processor.py:840} INFO - DAG(s) 'example_weekday_branch_operator' retrieved from /home/airflow/.local/lib/python3.8/site-packages/airflow/example_dags/example_branch_day_of_week_operator.py
[2024-07-27T23:36:38.505+0000] {logging_mixin.py:188} INFO - [2024-07-27T23:36:38.504+0000] {dag.py:3047} INFO - Sync 1 DAGs
[2024-07-27T23:36:38.522+0000] {logging_mixin.py:188} INFO - [2024-07-27T23:36:38.522+0000] {dag.py:3834} INFO - Setting next_dagrun for example_weekday_branch_operator to 2024-07-26 00:00:00+00:00, run_after=2024-07-27 00:00:00+00:00
[2024-07-27T23:36:38.540+0000] {processor.py:183} INFO - Processing /home/airflow/.local/lib/python3.8/site-packages/airflow/example_dags/example_branch_day_of_week_operator.py took 0.061 seconds
[2024-07-27T23:37:08.723+0000] {processor.py:161} INFO - Started process (PID=2099) to work on /home/airflow/.local/lib/python3.8/site-packages/airflow/example_dags/example_branch_day_of_week_operator.py
[2024-07-27T23:37:08.724+0000] {processor.py:830} INFO - Processing file /home/airflow/.local/lib/python3.8/site-packages/airflow/example_dags/example_branch_day_of_week_operator.py for tasks to queue
[2024-07-27T23:37:08.725+0000] {logging_mixin.py:188} INFO - [2024-07-27T23:37:08.725+0000] {dagbag.py:540} INFO - Filling up the DagBag from /home/airflow/.local/lib/python3.8/site-packages/airflow/example_dags/example_branch_day_of_week_operator.py
[2024-07-27T23:37:08.731+0000] {processor.py:840} INFO - DAG(s) 'example_weekday_branch_operator' retrieved from /home/airflow/.local/lib/python3.8/site-packages/airflow/example_dags/example_branch_day_of_week_operator.py
[2024-07-27T23:37:08.746+0000] {logging_mixin.py:188} INFO - [2024-07-27T23:37:08.746+0000] {dag.py:3047} INFO - Sync 1 DAGs
[2024-07-27T23:37:08.764+0000] {logging_mixin.py:188} INFO - [2024-07-27T23:37:08.764+0000] {dag.py:3834} INFO - Setting next_dagrun for example_weekday_branch_operator to 2024-07-26 00:00:00+00:00, run_after=2024-07-27 00:00:00+00:00
[2024-07-27T23:37:08.780+0000] {processor.py:183} INFO - Processing /home/airflow/.local/lib/python3.8/site-packages/airflow/example_dags/example_branch_day_of_week_operator.py took 0.059 seconds
[2024-07-27T23:37:39.102+0000] {processor.py:161} INFO - Started process (PID=2155) to work on /home/airflow/.local/lib/python3.8/site-packages/airflow/example_dags/example_branch_day_of_week_operator.py
[2024-07-27T23:37:39.103+0000] {processor.py:830} INFO - Processing file /home/airflow/.local/lib/python3.8/site-packages/airflow/example_dags/example_branch_day_of_week_operator.py for tasks to queue
[2024-07-27T23:37:39.105+0000] {logging_mixin.py:188} INFO - [2024-07-27T23:37:39.104+0000] {dagbag.py:540} INFO - Filling up the DagBag from /home/airflow/.local/lib/python3.8/site-packages/airflow/example_dags/example_branch_day_of_week_operator.py
[2024-07-27T23:37:39.111+0000] {processor.py:840} INFO - DAG(s) 'example_weekday_branch_operator' retrieved from /home/airflow/.local/lib/python3.8/site-packages/airflow/example_dags/example_branch_day_of_week_operator.py
[2024-07-27T23:37:39.128+0000] {logging_mixin.py:188} INFO - [2024-07-27T23:37:39.127+0000] {dag.py:3047} INFO - Sync 1 DAGs
[2024-07-27T23:37:39.147+0000] {logging_mixin.py:188} INFO - [2024-07-27T23:37:39.146+0000] {dag.py:3834} INFO - Setting next_dagrun for example_weekday_branch_operator to 2024-07-26 00:00:00+00:00, run_after=2024-07-27 00:00:00+00:00
[2024-07-27T23:37:39.162+0000] {processor.py:183} INFO - Processing /home/airflow/.local/lib/python3.8/site-packages/airflow/example_dags/example_branch_day_of_week_operator.py took 0.062 seconds
[2024-07-27T23:38:09.258+0000] {processor.py:161} INFO - Started process (PID=2211) to work on /home/airflow/.local/lib/python3.8/site-packages/airflow/example_dags/example_branch_day_of_week_operator.py
[2024-07-27T23:38:09.259+0000] {processor.py:830} INFO - Processing file /home/airflow/.local/lib/python3.8/site-packages/airflow/example_dags/example_branch_day_of_week_operator.py for tasks to queue
[2024-07-27T23:38:09.260+0000] {logging_mixin.py:188} INFO - [2024-07-27T23:38:09.260+0000] {dagbag.py:540} INFO - Filling up the DagBag from /home/airflow/.local/lib/python3.8/site-packages/airflow/example_dags/example_branch_day_of_week_operator.py
[2024-07-27T23:38:09.266+0000] {processor.py:840} INFO - DAG(s) 'example_weekday_branch_operator' retrieved from /home/airflow/.local/lib/python3.8/site-packages/airflow/example_dags/example_branch_day_of_week_operator.py
[2024-07-27T23:38:09.282+0000] {logging_mixin.py:188} INFO - [2024-07-27T23:38:09.281+0000] {dag.py:3047} INFO - Sync 1 DAGs
[2024-07-27T23:38:09.299+0000] {logging_mixin.py:188} INFO - [2024-07-27T23:38:09.299+0000] {dag.py:3834} INFO - Setting next_dagrun for example_weekday_branch_operator to 2024-07-26 00:00:00+00:00, run_after=2024-07-27 00:00:00+00:00
[2024-07-27T23:38:09.314+0000] {processor.py:183} INFO - Processing /home/airflow/.local/lib/python3.8/site-packages/airflow/example_dags/example_branch_day_of_week_operator.py took 0.058 seconds
[2024-07-27T23:38:39.393+0000] {processor.py:161} INFO - Started process (PID=2267) to work on /home/airflow/.local/lib/python3.8/site-packages/airflow/example_dags/example_branch_day_of_week_operator.py
[2024-07-27T23:38:39.394+0000] {processor.py:830} INFO - Processing file /home/airflow/.local/lib/python3.8/site-packages/airflow/example_dags/example_branch_day_of_week_operator.py for tasks to queue
[2024-07-27T23:38:39.395+0000] {logging_mixin.py:188} INFO - [2024-07-27T23:38:39.395+0000] {dagbag.py:540} INFO - Filling up the DagBag from /home/airflow/.local/lib/python3.8/site-packages/airflow/example_dags/example_branch_day_of_week_operator.py
[2024-07-27T23:38:39.400+0000] {processor.py:840} INFO - DAG(s) 'example_weekday_branch_operator' retrieved from /home/airflow/.local/lib/python3.8/site-packages/airflow/example_dags/example_branch_day_of_week_operator.py
[2024-07-27T23:38:39.418+0000] {logging_mixin.py:188} INFO - [2024-07-27T23:38:39.418+0000] {dag.py:3047} INFO - Sync 1 DAGs
[2024-07-27T23:38:39.435+0000] {logging_mixin.py:188} INFO - [2024-07-27T23:38:39.435+0000] {dag.py:3834} INFO - Setting next_dagrun for example_weekday_branch_operator to 2024-07-26 00:00:00+00:00, run_after=2024-07-27 00:00:00+00:00
[2024-07-27T23:38:39.449+0000] {processor.py:183} INFO - Processing /home/airflow/.local/lib/python3.8/site-packages/airflow/example_dags/example_branch_day_of_week_operator.py took 0.058 seconds
[2024-07-27T23:39:09.476+0000] {processor.py:161} INFO - Started process (PID=2322) to work on /home/airflow/.local/lib/python3.8/site-packages/airflow/example_dags/example_branch_day_of_week_operator.py
[2024-07-27T23:39:09.477+0000] {processor.py:830} INFO - Processing file /home/airflow/.local/lib/python3.8/site-packages/airflow/example_dags/example_branch_day_of_week_operator.py for tasks to queue
[2024-07-27T23:39:09.478+0000] {logging_mixin.py:188} INFO - [2024-07-27T23:39:09.478+0000] {dagbag.py:540} INFO - Filling up the DagBag from /home/airflow/.local/lib/python3.8/site-packages/airflow/example_dags/example_branch_day_of_week_operator.py
[2024-07-27T23:39:09.484+0000] {processor.py:840} INFO - DAG(s) 'example_weekday_branch_operator' retrieved from /home/airflow/.local/lib/python3.8/site-packages/airflow/example_dags/example_branch_day_of_week_operator.py
[2024-07-27T23:39:09.499+0000] {logging_mixin.py:188} INFO - [2024-07-27T23:39:09.499+0000] {dag.py:3047} INFO - Sync 1 DAGs
[2024-07-27T23:39:09.516+0000] {logging_mixin.py:188} INFO - [2024-07-27T23:39:09.516+0000] {dag.py:3834} INFO - Setting next_dagrun for example_weekday_branch_operator to 2024-07-26 00:00:00+00:00, run_after=2024-07-27 00:00:00+00:00
[2024-07-27T23:39:09.530+0000] {processor.py:183} INFO - Processing /home/airflow/.local/lib/python3.8/site-packages/airflow/example_dags/example_branch_day_of_week_operator.py took 0.055 seconds
[2024-07-27T23:39:39.558+0000] {processor.py:161} INFO - Started process (PID=2378) to work on /home/airflow/.local/lib/python3.8/site-packages/airflow/example_dags/example_branch_day_of_week_operator.py
[2024-07-27T23:39:39.559+0000] {processor.py:830} INFO - Processing file /home/airflow/.local/lib/python3.8/site-packages/airflow/example_dags/example_branch_day_of_week_operator.py for tasks to queue
[2024-07-27T23:39:39.560+0000] {logging_mixin.py:188} INFO - [2024-07-27T23:39:39.560+0000] {dagbag.py:540} INFO - Filling up the DagBag from /home/airflow/.local/lib/python3.8/site-packages/airflow/example_dags/example_branch_day_of_week_operator.py
[2024-07-27T23:39:39.566+0000] {processor.py:840} INFO - DAG(s) 'example_weekday_branch_operator' retrieved from /home/airflow/.local/lib/python3.8/site-packages/airflow/example_dags/example_branch_day_of_week_operator.py
[2024-07-27T23:39:39.581+0000] {logging_mixin.py:188} INFO - [2024-07-27T23:39:39.581+0000] {dag.py:3047} INFO - Sync 1 DAGs
[2024-07-27T23:39:39.598+0000] {logging_mixin.py:188} INFO - [2024-07-27T23:39:39.597+0000] {dag.py:3834} INFO - Setting next_dagrun for example_weekday_branch_operator to 2024-07-26 00:00:00+00:00, run_after=2024-07-27 00:00:00+00:00
[2024-07-27T23:39:39.612+0000] {processor.py:183} INFO - Processing /home/airflow/.local/lib/python3.8/site-packages/airflow/example_dags/example_branch_day_of_week_operator.py took 0.056 seconds
[2024-07-27T23:40:09.949+0000] {processor.py:161} INFO - Started process (PID=2434) to work on /home/airflow/.local/lib/python3.8/site-packages/airflow/example_dags/example_branch_day_of_week_operator.py
[2024-07-27T23:40:09.950+0000] {processor.py:830} INFO - Processing file /home/airflow/.local/lib/python3.8/site-packages/airflow/example_dags/example_branch_day_of_week_operator.py for tasks to queue
[2024-07-27T23:40:09.951+0000] {logging_mixin.py:188} INFO - [2024-07-27T23:40:09.951+0000] {dagbag.py:540} INFO - Filling up the DagBag from /home/airflow/.local/lib/python3.8/site-packages/airflow/example_dags/example_branch_day_of_week_operator.py
[2024-07-27T23:40:09.957+0000] {processor.py:840} INFO - DAG(s) 'example_weekday_branch_operator' retrieved from /home/airflow/.local/lib/python3.8/site-packages/airflow/example_dags/example_branch_day_of_week_operator.py
[2024-07-27T23:40:09.972+0000] {logging_mixin.py:188} INFO - [2024-07-27T23:40:09.972+0000] {dag.py:3047} INFO - Sync 1 DAGs
[2024-07-27T23:40:09.990+0000] {logging_mixin.py:188} INFO - [2024-07-27T23:40:09.989+0000] {dag.py:3834} INFO - Setting next_dagrun for example_weekday_branch_operator to 2024-07-26 00:00:00+00:00, run_after=2024-07-27 00:00:00+00:00
[2024-07-27T23:40:10.009+0000] {processor.py:183} INFO - Processing /home/airflow/.local/lib/python3.8/site-packages/airflow/example_dags/example_branch_day_of_week_operator.py took 0.063 seconds
[2024-07-27T23:40:40.136+0000] {processor.py:161} INFO - Started process (PID=2490) to work on /home/airflow/.local/lib/python3.8/site-packages/airflow/example_dags/example_branch_day_of_week_operator.py
[2024-07-27T23:40:40.138+0000] {processor.py:830} INFO - Processing file /home/airflow/.local/lib/python3.8/site-packages/airflow/example_dags/example_branch_day_of_week_operator.py for tasks to queue
[2024-07-27T23:40:40.139+0000] {logging_mixin.py:188} INFO - [2024-07-27T23:40:40.139+0000] {dagbag.py:540} INFO - Filling up the DagBag from /home/airflow/.local/lib/python3.8/site-packages/airflow/example_dags/example_branch_day_of_week_operator.py
[2024-07-27T23:40:40.146+0000] {processor.py:840} INFO - DAG(s) 'example_weekday_branch_operator' retrieved from /home/airflow/.local/lib/python3.8/site-packages/airflow/example_dags/example_branch_day_of_week_operator.py
[2024-07-27T23:40:40.165+0000] {logging_mixin.py:188} INFO - [2024-07-27T23:40:40.165+0000] {dag.py:3047} INFO - Sync 1 DAGs
[2024-07-27T23:40:40.185+0000] {logging_mixin.py:188} INFO - [2024-07-27T23:40:40.184+0000] {dag.py:3834} INFO - Setting next_dagrun for example_weekday_branch_operator to 2024-07-26 00:00:00+00:00, run_after=2024-07-27 00:00:00+00:00
[2024-07-27T23:40:40.200+0000] {processor.py:183} INFO - Processing /home/airflow/.local/lib/python3.8/site-packages/airflow/example_dags/example_branch_day_of_week_operator.py took 0.067 seconds
