[2024-07-27T00:00:08.710+0000] {processor.py:161} INFO - Started process (PID=13664) to work on /home/airflow/.local/lib/python3.8/site-packages/airflow/example_dags/example_setup_teardown.py
[2024-07-27T00:00:08.710+0000] {processor.py:830} INFO - Processing file /home/airflow/.local/lib/python3.8/site-packages/airflow/example_dags/example_setup_teardown.py for tasks to queue
[2024-07-27T00:00:08.711+0000] {logging_mixin.py:188} INFO - [2024-07-27T00:00:08.711+0000] {dagbag.py:540} INFO - Filling up the DagBag from /home/airflow/.local/lib/python3.8/site-packages/airflow/example_dags/example_setup_teardown.py
[2024-07-27T00:00:08.716+0000] {processor.py:840} INFO - DAG(s) 'example_setup_teardown' retrieved from /home/airflow/.local/lib/python3.8/site-packages/airflow/example_dags/example_setup_teardown.py
[2024-07-27T00:00:08.734+0000] {logging_mixin.py:188} INFO - [2024-07-27T00:00:08.734+0000] {dag.py:3047} INFO - Sync 1 DAGs
[2024-07-27T00:00:08.753+0000] {logging_mixin.py:188} INFO - [2024-07-27T00:00:08.753+0000] {dag.py:3834} INFO - Setting next_dagrun for example_setup_teardown to 2024-07-26 00:00:00+00:00, run_after=2024-07-27 00:00:00+00:00
[2024-07-27T00:00:08.771+0000] {processor.py:183} INFO - Processing /home/airflow/.local/lib/python3.8/site-packages/airflow/example_dags/example_setup_teardown.py took 0.064 seconds
[2024-07-27T00:00:38.818+0000] {processor.py:161} INFO - Started process (PID=13720) to work on /home/airflow/.local/lib/python3.8/site-packages/airflow/example_dags/example_setup_teardown.py
[2024-07-27T00:00:38.819+0000] {processor.py:830} INFO - Processing file /home/airflow/.local/lib/python3.8/site-packages/airflow/example_dags/example_setup_teardown.py for tasks to queue
[2024-07-27T00:00:38.820+0000] {logging_mixin.py:188} INFO - [2024-07-27T00:00:38.820+0000] {dagbag.py:540} INFO - Filling up the DagBag from /home/airflow/.local/lib/python3.8/site-packages/airflow/example_dags/example_setup_teardown.py
[2024-07-27T00:00:38.825+0000] {processor.py:840} INFO - DAG(s) 'example_setup_teardown' retrieved from /home/airflow/.local/lib/python3.8/site-packages/airflow/example_dags/example_setup_teardown.py
[2024-07-27T00:00:38.841+0000] {logging_mixin.py:188} INFO - [2024-07-27T00:00:38.841+0000] {dag.py:3047} INFO - Sync 1 DAGs
[2024-07-27T00:00:38.858+0000] {logging_mixin.py:188} INFO - [2024-07-27T00:00:38.858+0000] {dag.py:3834} INFO - Setting next_dagrun for example_setup_teardown to 2024-07-26 00:00:00+00:00, run_after=2024-07-27 00:00:00+00:00
[2024-07-27T00:00:38.875+0000] {processor.py:183} INFO - Processing /home/airflow/.local/lib/python3.8/site-packages/airflow/example_dags/example_setup_teardown.py took 0.060 seconds
[2024-07-27T00:01:08.943+0000] {processor.py:161} INFO - Started process (PID=13776) to work on /home/airflow/.local/lib/python3.8/site-packages/airflow/example_dags/example_setup_teardown.py
[2024-07-27T00:01:08.944+0000] {processor.py:830} INFO - Processing file /home/airflow/.local/lib/python3.8/site-packages/airflow/example_dags/example_setup_teardown.py for tasks to queue
[2024-07-27T00:01:08.945+0000] {logging_mixin.py:188} INFO - [2024-07-27T00:01:08.945+0000] {dagbag.py:540} INFO - Filling up the DagBag from /home/airflow/.local/lib/python3.8/site-packages/airflow/example_dags/example_setup_teardown.py
[2024-07-27T00:01:08.950+0000] {processor.py:840} INFO - DAG(s) 'example_setup_teardown' retrieved from /home/airflow/.local/lib/python3.8/site-packages/airflow/example_dags/example_setup_teardown.py
[2024-07-27T00:01:08.965+0000] {logging_mixin.py:188} INFO - [2024-07-27T00:01:08.964+0000] {dag.py:3047} INFO - Sync 1 DAGs
[2024-07-27T00:01:08.985+0000] {logging_mixin.py:188} INFO - [2024-07-27T00:01:08.985+0000] {dag.py:3834} INFO - Setting next_dagrun for example_setup_teardown to 2024-07-26 00:00:00+00:00, run_after=2024-07-27 00:00:00+00:00
[2024-07-27T00:01:09.001+0000] {processor.py:183} INFO - Processing /home/airflow/.local/lib/python3.8/site-packages/airflow/example_dags/example_setup_teardown.py took 0.060 seconds
[2024-07-27T00:01:39.202+0000] {processor.py:161} INFO - Started process (PID=13832) to work on /home/airflow/.local/lib/python3.8/site-packages/airflow/example_dags/example_setup_teardown.py
[2024-07-27T00:01:39.203+0000] {processor.py:830} INFO - Processing file /home/airflow/.local/lib/python3.8/site-packages/airflow/example_dags/example_setup_teardown.py for tasks to queue
[2024-07-27T00:01:39.204+0000] {logging_mixin.py:188} INFO - [2024-07-27T00:01:39.204+0000] {dagbag.py:540} INFO - Filling up the DagBag from /home/airflow/.local/lib/python3.8/site-packages/airflow/example_dags/example_setup_teardown.py
[2024-07-27T00:01:39.209+0000] {processor.py:840} INFO - DAG(s) 'example_setup_teardown' retrieved from /home/airflow/.local/lib/python3.8/site-packages/airflow/example_dags/example_setup_teardown.py
[2024-07-27T00:01:39.227+0000] {logging_mixin.py:188} INFO - [2024-07-27T00:01:39.227+0000] {dag.py:3047} INFO - Sync 1 DAGs
[2024-07-27T00:01:39.247+0000] {logging_mixin.py:188} INFO - [2024-07-27T00:01:39.246+0000] {dag.py:3834} INFO - Setting next_dagrun for example_setup_teardown to 2024-07-26 00:00:00+00:00, run_after=2024-07-27 00:00:00+00:00
[2024-07-27T00:01:39.266+0000] {processor.py:183} INFO - Processing /home/airflow/.local/lib/python3.8/site-packages/airflow/example_dags/example_setup_teardown.py took 0.067 seconds
