[2024-07-27T00:00:09.935+0000] {processor.py:161} INFO - Started process (PID=13669) to work on /home/airflow/.local/lib/python3.8/site-packages/airflow/example_dags/example_python_operator.py
[2024-07-27T00:00:09.936+0000] {processor.py:830} INFO - Processing file /home/airflow/.local/lib/python3.8/site-packages/airflow/example_dags/example_python_operator.py for tasks to queue
[2024-07-27T00:00:09.937+0000] {logging_mixin.py:188} INFO - [2024-07-27T00:00:09.937+0000] {dagbag.py:540} INFO - Filling up the DagBag from /home/airflow/.local/lib/python3.8/site-packages/airflow/example_dags/example_python_operator.py
[2024-07-27T00:00:09.947+0000] {processor.py:840} INFO - DAG(s) 'example_python_operator' retrieved from /home/airflow/.local/lib/python3.8/site-packages/airflow/example_dags/example_python_operator.py
[2024-07-27T00:00:09.967+0000] {logging_mixin.py:188} INFO - [2024-07-27T00:00:09.967+0000] {dag.py:3047} INFO - Sync 1 DAGs
[2024-07-27T00:00:09.978+0000] {logging_mixin.py:188} INFO - [2024-07-27T00:00:09.977+0000] {dag.py:3834} INFO - Setting next_dagrun for example_python_operator to None, run_after=None
[2024-07-27T00:00:09.994+0000] {processor.py:183} INFO - Processing /home/airflow/.local/lib/python3.8/site-packages/airflow/example_dags/example_python_operator.py took 0.061 seconds
[2024-07-27T00:00:40.030+0000] {processor.py:161} INFO - Started process (PID=13725) to work on /home/airflow/.local/lib/python3.8/site-packages/airflow/example_dags/example_python_operator.py
[2024-07-27T00:00:40.031+0000] {processor.py:830} INFO - Processing file /home/airflow/.local/lib/python3.8/site-packages/airflow/example_dags/example_python_operator.py for tasks to queue
[2024-07-27T00:00:40.032+0000] {logging_mixin.py:188} INFO - [2024-07-27T00:00:40.032+0000] {dagbag.py:540} INFO - Filling up the DagBag from /home/airflow/.local/lib/python3.8/site-packages/airflow/example_dags/example_python_operator.py
[2024-07-27T00:00:40.040+0000] {processor.py:840} INFO - DAG(s) 'example_python_operator' retrieved from /home/airflow/.local/lib/python3.8/site-packages/airflow/example_dags/example_python_operator.py
[2024-07-27T00:00:40.057+0000] {logging_mixin.py:188} INFO - [2024-07-27T00:00:40.056+0000] {dag.py:3047} INFO - Sync 1 DAGs
[2024-07-27T00:00:40.067+0000] {logging_mixin.py:188} INFO - [2024-07-27T00:00:40.066+0000] {dag.py:3834} INFO - Setting next_dagrun for example_python_operator to None, run_after=None
[2024-07-27T00:00:40.082+0000] {processor.py:183} INFO - Processing /home/airflow/.local/lib/python3.8/site-packages/airflow/example_dags/example_python_operator.py took 0.054 seconds
[2024-07-27T00:01:10.154+0000] {processor.py:161} INFO - Started process (PID=13781) to work on /home/airflow/.local/lib/python3.8/site-packages/airflow/example_dags/example_python_operator.py
[2024-07-27T00:01:10.155+0000] {processor.py:830} INFO - Processing file /home/airflow/.local/lib/python3.8/site-packages/airflow/example_dags/example_python_operator.py for tasks to queue
[2024-07-27T00:01:10.157+0000] {logging_mixin.py:188} INFO - [2024-07-27T00:01:10.156+0000] {dagbag.py:540} INFO - Filling up the DagBag from /home/airflow/.local/lib/python3.8/site-packages/airflow/example_dags/example_python_operator.py
[2024-07-27T00:01:10.164+0000] {processor.py:840} INFO - DAG(s) 'example_python_operator' retrieved from /home/airflow/.local/lib/python3.8/site-packages/airflow/example_dags/example_python_operator.py
[2024-07-27T00:01:10.183+0000] {logging_mixin.py:188} INFO - [2024-07-27T00:01:10.183+0000] {dag.py:3047} INFO - Sync 1 DAGs
[2024-07-27T00:01:10.192+0000] {logging_mixin.py:188} INFO - [2024-07-27T00:01:10.192+0000] {dag.py:3834} INFO - Setting next_dagrun for example_python_operator to None, run_after=None
[2024-07-27T00:01:10.208+0000] {processor.py:183} INFO - Processing /home/airflow/.local/lib/python3.8/site-packages/airflow/example_dags/example_python_operator.py took 0.056 seconds
[2024-07-27T00:01:40.426+0000] {processor.py:161} INFO - Started process (PID=13837) to work on /home/airflow/.local/lib/python3.8/site-packages/airflow/example_dags/example_python_operator.py
[2024-07-27T00:01:40.428+0000] {processor.py:830} INFO - Processing file /home/airflow/.local/lib/python3.8/site-packages/airflow/example_dags/example_python_operator.py for tasks to queue
[2024-07-27T00:01:40.429+0000] {logging_mixin.py:188} INFO - [2024-07-27T00:01:40.429+0000] {dagbag.py:540} INFO - Filling up the DagBag from /home/airflow/.local/lib/python3.8/site-packages/airflow/example_dags/example_python_operator.py
[2024-07-27T00:01:40.437+0000] {processor.py:840} INFO - DAG(s) 'example_python_operator' retrieved from /home/airflow/.local/lib/python3.8/site-packages/airflow/example_dags/example_python_operator.py
[2024-07-27T00:01:40.453+0000] {logging_mixin.py:188} INFO - [2024-07-27T00:01:40.453+0000] {dag.py:3047} INFO - Sync 1 DAGs
[2024-07-27T00:01:40.462+0000] {logging_mixin.py:188} INFO - [2024-07-27T00:01:40.462+0000] {dag.py:3834} INFO - Setting next_dagrun for example_python_operator to None, run_after=None
[2024-07-27T00:01:40.477+0000] {processor.py:183} INFO - Processing /home/airflow/.local/lib/python3.8/site-packages/airflow/example_dags/example_python_operator.py took 0.054 seconds
