[2024-07-27T00:00:07.410+0000] {processor.py:161} INFO - Started process (PID=13657) to work on /home/airflow/.local/lib/python3.8/site-packages/airflow/example_dags/example_skip_dag.py
[2024-07-27T00:00:07.411+0000] {processor.py:830} INFO - Processing file /home/airflow/.local/lib/python3.8/site-packages/airflow/example_dags/example_skip_dag.py for tasks to queue
[2024-07-27T00:00:07.412+0000] {logging_mixin.py:188} INFO - [2024-07-27T00:00:07.412+0000] {dagbag.py:540} INFO - Filling up the DagBag from /home/airflow/.local/lib/python3.8/site-packages/airflow/example_dags/example_skip_dag.py
[2024-07-27T00:00:07.417+0000] {processor.py:840} INFO - DAG(s) 'example_skip_dag' retrieved from /home/airflow/.local/lib/python3.8/site-packages/airflow/example_dags/example_skip_dag.py
[2024-07-27T00:00:07.436+0000] {logging_mixin.py:188} INFO - [2024-07-27T00:00:07.435+0000] {dag.py:3047} INFO - Sync 1 DAGs
[2024-07-27T00:00:07.456+0000] {logging_mixin.py:188} INFO - [2024-07-27T00:00:07.456+0000] {dag.py:3834} INFO - Setting next_dagrun for example_skip_dag to 2024-07-26 00:00:00+00:00, run_after=2024-07-27 00:00:00+00:00
[2024-07-27T00:00:07.474+0000] {processor.py:183} INFO - Processing /home/airflow/.local/lib/python3.8/site-packages/airflow/example_dags/example_skip_dag.py took 0.066 seconds
[2024-07-27T00:00:37.517+0000] {processor.py:161} INFO - Started process (PID=13712) to work on /home/airflow/.local/lib/python3.8/site-packages/airflow/example_dags/example_skip_dag.py
[2024-07-27T00:00:37.519+0000] {processor.py:830} INFO - Processing file /home/airflow/.local/lib/python3.8/site-packages/airflow/example_dags/example_skip_dag.py for tasks to queue
[2024-07-27T00:00:37.520+0000] {logging_mixin.py:188} INFO - [2024-07-27T00:00:37.520+0000] {dagbag.py:540} INFO - Filling up the DagBag from /home/airflow/.local/lib/python3.8/site-packages/airflow/example_dags/example_skip_dag.py
[2024-07-27T00:00:37.525+0000] {processor.py:840} INFO - DAG(s) 'example_skip_dag' retrieved from /home/airflow/.local/lib/python3.8/site-packages/airflow/example_dags/example_skip_dag.py
[2024-07-27T00:00:37.541+0000] {logging_mixin.py:188} INFO - [2024-07-27T00:00:37.540+0000] {dag.py:3047} INFO - Sync 1 DAGs
[2024-07-27T00:00:37.557+0000] {logging_mixin.py:188} INFO - [2024-07-27T00:00:37.557+0000] {dag.py:3834} INFO - Setting next_dagrun for example_skip_dag to 2024-07-26 00:00:00+00:00, run_after=2024-07-27 00:00:00+00:00
[2024-07-27T00:00:37.572+0000] {processor.py:183} INFO - Processing /home/airflow/.local/lib/python3.8/site-packages/airflow/example_dags/example_skip_dag.py took 0.057 seconds
[2024-07-27T00:01:07.680+0000] {processor.py:161} INFO - Started process (PID=13769) to work on /home/airflow/.local/lib/python3.8/site-packages/airflow/example_dags/example_skip_dag.py
[2024-07-27T00:01:07.680+0000] {processor.py:830} INFO - Processing file /home/airflow/.local/lib/python3.8/site-packages/airflow/example_dags/example_skip_dag.py for tasks to queue
[2024-07-27T00:01:07.682+0000] {logging_mixin.py:188} INFO - [2024-07-27T00:01:07.681+0000] {dagbag.py:540} INFO - Filling up the DagBag from /home/airflow/.local/lib/python3.8/site-packages/airflow/example_dags/example_skip_dag.py
[2024-07-27T00:01:07.686+0000] {processor.py:840} INFO - DAG(s) 'example_skip_dag' retrieved from /home/airflow/.local/lib/python3.8/site-packages/airflow/example_dags/example_skip_dag.py
[2024-07-27T00:01:07.701+0000] {logging_mixin.py:188} INFO - [2024-07-27T00:01:07.701+0000] {dag.py:3047} INFO - Sync 1 DAGs
[2024-07-27T00:01:07.717+0000] {logging_mixin.py:188} INFO - [2024-07-27T00:01:07.717+0000] {dag.py:3834} INFO - Setting next_dagrun for example_skip_dag to 2024-07-26 00:00:00+00:00, run_after=2024-07-27 00:00:00+00:00
[2024-07-27T00:01:07.732+0000] {processor.py:183} INFO - Processing /home/airflow/.local/lib/python3.8/site-packages/airflow/example_dags/example_skip_dag.py took 0.054 seconds
[2024-07-27T00:01:37.871+0000] {processor.py:161} INFO - Started process (PID=13825) to work on /home/airflow/.local/lib/python3.8/site-packages/airflow/example_dags/example_skip_dag.py
[2024-07-27T00:01:37.872+0000] {processor.py:830} INFO - Processing file /home/airflow/.local/lib/python3.8/site-packages/airflow/example_dags/example_skip_dag.py for tasks to queue
[2024-07-27T00:01:37.873+0000] {logging_mixin.py:188} INFO - [2024-07-27T00:01:37.873+0000] {dagbag.py:540} INFO - Filling up the DagBag from /home/airflow/.local/lib/python3.8/site-packages/airflow/example_dags/example_skip_dag.py
[2024-07-27T00:01:37.879+0000] {processor.py:840} INFO - DAG(s) 'example_skip_dag' retrieved from /home/airflow/.local/lib/python3.8/site-packages/airflow/example_dags/example_skip_dag.py
[2024-07-27T00:01:37.897+0000] {logging_mixin.py:188} INFO - [2024-07-27T00:01:37.897+0000] {dag.py:3047} INFO - Sync 1 DAGs
[2024-07-27T00:01:37.917+0000] {logging_mixin.py:188} INFO - [2024-07-27T00:01:37.916+0000] {dag.py:3834} INFO - Setting next_dagrun for example_skip_dag to 2024-07-26 00:00:00+00:00, run_after=2024-07-27 00:00:00+00:00
[2024-07-27T00:01:37.936+0000] {processor.py:183} INFO - Processing /home/airflow/.local/lib/python3.8/site-packages/airflow/example_dags/example_skip_dag.py took 0.067 seconds
