[2024-07-27T00:00:12.600+0000] {processor.py:161} INFO - Started process (PID=13685) to work on /home/airflow/.local/lib/python3.8/site-packages/airflow/example_dags/example_external_task_marker_dag.py
[2024-07-27T00:00:12.601+0000] {processor.py:830} INFO - Processing file /home/airflow/.local/lib/python3.8/site-packages/airflow/example_dags/example_external_task_marker_dag.py for tasks to queue
[2024-07-27T00:00:12.602+0000] {logging_mixin.py:188} INFO - [2024-07-27T00:00:12.602+0000] {dagbag.py:540} INFO - Filling up the DagBag from /home/airflow/.local/lib/python3.8/site-packages/airflow/example_dags/example_external_task_marker_dag.py
[2024-07-27T00:00:12.606+0000] {processor.py:840} INFO - DAG(s) 'example_external_task_marker_child', 'example_external_task_marker_parent' retrieved from /home/airflow/.local/lib/python3.8/site-packages/airflow/example_dags/example_external_task_marker_dag.py
[2024-07-27T00:00:12.629+0000] {logging_mixin.py:188} INFO - [2024-07-27T00:00:12.629+0000] {dag.py:3047} INFO - Sync 2 DAGs
[2024-07-27T00:00:12.640+0000] {logging_mixin.py:188} INFO - [2024-07-27T00:00:12.640+0000] {dag.py:3834} INFO - Setting next_dagrun for example_external_task_marker_child to None, run_after=None
[2024-07-27T00:00:12.643+0000] {logging_mixin.py:188} INFO - [2024-07-27T00:00:12.643+0000] {dag.py:3834} INFO - Setting next_dagrun for example_external_task_marker_parent to None, run_after=None
[2024-07-27T00:00:12.658+0000] {processor.py:183} INFO - Processing /home/airflow/.local/lib/python3.8/site-packages/airflow/example_dags/example_external_task_marker_dag.py took 0.060 seconds
[2024-07-27T00:00:42.774+0000] {processor.py:161} INFO - Started process (PID=13747) to work on /home/airflow/.local/lib/python3.8/site-packages/airflow/example_dags/example_external_task_marker_dag.py
[2024-07-27T00:00:42.775+0000] {processor.py:830} INFO - Processing file /home/airflow/.local/lib/python3.8/site-packages/airflow/example_dags/example_external_task_marker_dag.py for tasks to queue
[2024-07-27T00:00:42.776+0000] {logging_mixin.py:188} INFO - [2024-07-27T00:00:42.775+0000] {dagbag.py:540} INFO - Filling up the DagBag from /home/airflow/.local/lib/python3.8/site-packages/airflow/example_dags/example_external_task_marker_dag.py
[2024-07-27T00:00:42.780+0000] {processor.py:840} INFO - DAG(s) 'example_external_task_marker_parent', 'example_external_task_marker_child' retrieved from /home/airflow/.local/lib/python3.8/site-packages/airflow/example_dags/example_external_task_marker_dag.py
[2024-07-27T00:00:42.799+0000] {logging_mixin.py:188} INFO - [2024-07-27T00:00:42.799+0000] {dag.py:3047} INFO - Sync 2 DAGs
[2024-07-27T00:00:42.809+0000] {logging_mixin.py:188} INFO - [2024-07-27T00:00:42.809+0000] {dag.py:3834} INFO - Setting next_dagrun for example_external_task_marker_child to None, run_after=None
[2024-07-27T00:00:42.812+0000] {logging_mixin.py:188} INFO - [2024-07-27T00:00:42.812+0000] {dag.py:3834} INFO - Setting next_dagrun for example_external_task_marker_parent to None, run_after=None
[2024-07-27T00:00:42.825+0000] {processor.py:183} INFO - Processing /home/airflow/.local/lib/python3.8/site-packages/airflow/example_dags/example_external_task_marker_dag.py took 0.053 seconds
[2024-07-27T00:01:12.882+0000] {processor.py:161} INFO - Started process (PID=13803) to work on /home/airflow/.local/lib/python3.8/site-packages/airflow/example_dags/example_external_task_marker_dag.py
[2024-07-27T00:01:12.882+0000] {processor.py:830} INFO - Processing file /home/airflow/.local/lib/python3.8/site-packages/airflow/example_dags/example_external_task_marker_dag.py for tasks to queue
[2024-07-27T00:01:12.883+0000] {logging_mixin.py:188} INFO - [2024-07-27T00:01:12.883+0000] {dagbag.py:540} INFO - Filling up the DagBag from /home/airflow/.local/lib/python3.8/site-packages/airflow/example_dags/example_external_task_marker_dag.py
[2024-07-27T00:01:12.888+0000] {processor.py:840} INFO - DAG(s) 'example_external_task_marker_parent', 'example_external_task_marker_child' retrieved from /home/airflow/.local/lib/python3.8/site-packages/airflow/example_dags/example_external_task_marker_dag.py
[2024-07-27T00:01:12.908+0000] {logging_mixin.py:188} INFO - [2024-07-27T00:01:12.907+0000] {dag.py:3047} INFO - Sync 2 DAGs
[2024-07-27T00:01:12.919+0000] {logging_mixin.py:188} INFO - [2024-07-27T00:01:12.918+0000] {dag.py:3834} INFO - Setting next_dagrun for example_external_task_marker_child to None, run_after=None
[2024-07-27T00:01:12.922+0000] {logging_mixin.py:188} INFO - [2024-07-27T00:01:12.922+0000] {dag.py:3834} INFO - Setting next_dagrun for example_external_task_marker_parent to None, run_after=None
[2024-07-27T00:01:12.935+0000] {processor.py:183} INFO - Processing /home/airflow/.local/lib/python3.8/site-packages/airflow/example_dags/example_external_task_marker_dag.py took 0.056 seconds
[2024-07-27T00:01:43.007+0000] {processor.py:161} INFO - Started process (PID=13859) to work on /home/airflow/.local/lib/python3.8/site-packages/airflow/example_dags/example_external_task_marker_dag.py
[2024-07-27T00:01:43.008+0000] {processor.py:830} INFO - Processing file /home/airflow/.local/lib/python3.8/site-packages/airflow/example_dags/example_external_task_marker_dag.py for tasks to queue
[2024-07-27T00:01:43.010+0000] {logging_mixin.py:188} INFO - [2024-07-27T00:01:43.010+0000] {dagbag.py:540} INFO - Filling up the DagBag from /home/airflow/.local/lib/python3.8/site-packages/airflow/example_dags/example_external_task_marker_dag.py
[2024-07-27T00:01:43.014+0000] {processor.py:840} INFO - DAG(s) 'example_external_task_marker_child', 'example_external_task_marker_parent' retrieved from /home/airflow/.local/lib/python3.8/site-packages/airflow/example_dags/example_external_task_marker_dag.py
[2024-07-27T00:01:43.033+0000] {logging_mixin.py:188} INFO - [2024-07-27T00:01:43.032+0000] {dag.py:3047} INFO - Sync 2 DAGs
[2024-07-27T00:01:43.043+0000] {logging_mixin.py:188} INFO - [2024-07-27T00:01:43.042+0000] {dag.py:3834} INFO - Setting next_dagrun for example_external_task_marker_child to None, run_after=None
[2024-07-27T00:01:43.045+0000] {logging_mixin.py:188} INFO - [2024-07-27T00:01:43.045+0000] {dag.py:3834} INFO - Setting next_dagrun for example_external_task_marker_parent to None, run_after=None
[2024-07-27T00:01:43.058+0000] {processor.py:183} INFO - Processing /home/airflow/.local/lib/python3.8/site-packages/airflow/example_dags/example_external_task_marker_dag.py took 0.053 seconds
