[2024-07-26T01:02:59.873+0000] {processor.py:161} INFO - Started process (PID=55) to work on /home/airflow/.local/lib/python3.8/site-packages/airflow/example_dags/example_task_group.py
[2024-07-26T01:02:59.875+0000] {processor.py:830} INFO - Processing file /home/airflow/.local/lib/python3.8/site-packages/airflow/example_dags/example_task_group.py for tasks to queue
[2024-07-26T01:02:59.877+0000] {logging_mixin.py:188} INFO - [2024-07-26T01:02:59.877+0000] {dagbag.py:540} INFO - Filling up the DagBag from /home/airflow/.local/lib/python3.8/site-packages/airflow/example_dags/example_task_group.py
[2024-07-26T01:02:59.888+0000] {processor.py:840} INFO - DAG(s) 'example_task_group' retrieved from /home/airflow/.local/lib/python3.8/site-packages/airflow/example_dags/example_task_group.py
[2024-07-26T01:02:59.903+0000] {logging_mixin.py:188} INFO - [2024-07-26T01:02:59.902+0000] {dag.py:3047} INFO - Sync 1 DAGs
[2024-07-26T01:02:59.924+0000] {logging_mixin.py:188} INFO - [2024-07-26T01:02:59.924+0000] {dag.py:3834} INFO - Setting next_dagrun for example_task_group to 2024-07-25 00:00:00+00:00, run_after=2024-07-26 00:00:00+00:00
[2024-07-26T01:02:59.943+0000] {processor.py:183} INFO - Processing /home/airflow/.local/lib/python3.8/site-packages/airflow/example_dags/example_task_group.py took 0.073 seconds
[2024-07-26T01:03:30.301+0000] {processor.py:161} INFO - Started process (PID=119) to work on /home/airflow/.local/lib/python3.8/site-packages/airflow/example_dags/example_task_group.py
[2024-07-26T01:03:30.301+0000] {processor.py:830} INFO - Processing file /home/airflow/.local/lib/python3.8/site-packages/airflow/example_dags/example_task_group.py for tasks to queue
[2024-07-26T01:03:30.303+0000] {logging_mixin.py:188} INFO - [2024-07-26T01:03:30.303+0000] {dagbag.py:540} INFO - Filling up the DagBag from /home/airflow/.local/lib/python3.8/site-packages/airflow/example_dags/example_task_group.py
[2024-07-26T01:03:30.308+0000] {processor.py:840} INFO - DAG(s) 'example_task_group' retrieved from /home/airflow/.local/lib/python3.8/site-packages/airflow/example_dags/example_task_group.py
[2024-07-26T01:03:30.385+0000] {logging_mixin.py:188} INFO - [2024-07-26T01:03:30.385+0000] {dag.py:3047} INFO - Sync 1 DAGs
[2024-07-26T01:03:30.402+0000] {logging_mixin.py:188} INFO - [2024-07-26T01:03:30.401+0000] {dag.py:3834} INFO - Setting next_dagrun for example_task_group to 2024-07-25 00:00:00+00:00, run_after=2024-07-26 00:00:00+00:00
[2024-07-26T01:03:30.417+0000] {processor.py:183} INFO - Processing /home/airflow/.local/lib/python3.8/site-packages/airflow/example_dags/example_task_group.py took 0.118 seconds
[2024-07-26T01:04:00.470+0000] {processor.py:161} INFO - Started process (PID=175) to work on /home/airflow/.local/lib/python3.8/site-packages/airflow/example_dags/example_task_group.py
[2024-07-26T01:04:00.471+0000] {processor.py:830} INFO - Processing file /home/airflow/.local/lib/python3.8/site-packages/airflow/example_dags/example_task_group.py for tasks to queue
[2024-07-26T01:04:00.472+0000] {logging_mixin.py:188} INFO - [2024-07-26T01:04:00.472+0000] {dagbag.py:540} INFO - Filling up the DagBag from /home/airflow/.local/lib/python3.8/site-packages/airflow/example_dags/example_task_group.py
[2024-07-26T01:04:00.477+0000] {processor.py:840} INFO - DAG(s) 'example_task_group' retrieved from /home/airflow/.local/lib/python3.8/site-packages/airflow/example_dags/example_task_group.py
[2024-07-26T01:04:00.494+0000] {logging_mixin.py:188} INFO - [2024-07-26T01:04:00.494+0000] {dag.py:3047} INFO - Sync 1 DAGs
[2024-07-26T01:04:00.511+0000] {logging_mixin.py:188} INFO - [2024-07-26T01:04:00.510+0000] {dag.py:3834} INFO - Setting next_dagrun for example_task_group to 2024-07-25 00:00:00+00:00, run_after=2024-07-26 00:00:00+00:00
[2024-07-26T01:04:00.526+0000] {processor.py:183} INFO - Processing /home/airflow/.local/lib/python3.8/site-packages/airflow/example_dags/example_task_group.py took 0.058 seconds
[2024-07-26T01:04:30.738+0000] {processor.py:161} INFO - Started process (PID=231) to work on /home/airflow/.local/lib/python3.8/site-packages/airflow/example_dags/example_task_group.py
[2024-07-26T01:04:30.738+0000] {processor.py:830} INFO - Processing file /home/airflow/.local/lib/python3.8/site-packages/airflow/example_dags/example_task_group.py for tasks to queue
[2024-07-26T01:04:30.739+0000] {logging_mixin.py:188} INFO - [2024-07-26T01:04:30.739+0000] {dagbag.py:540} INFO - Filling up the DagBag from /home/airflow/.local/lib/python3.8/site-packages/airflow/example_dags/example_task_group.py
[2024-07-26T01:04:30.744+0000] {processor.py:840} INFO - DAG(s) 'example_task_group' retrieved from /home/airflow/.local/lib/python3.8/site-packages/airflow/example_dags/example_task_group.py
[2024-07-26T01:04:30.760+0000] {logging_mixin.py:188} INFO - [2024-07-26T01:04:30.760+0000] {dag.py:3047} INFO - Sync 1 DAGs
[2024-07-26T01:04:30.776+0000] {logging_mixin.py:188} INFO - [2024-07-26T01:04:30.776+0000] {dag.py:3834} INFO - Setting next_dagrun for example_task_group to 2024-07-25 00:00:00+00:00, run_after=2024-07-26 00:00:00+00:00
[2024-07-26T01:04:30.790+0000] {processor.py:183} INFO - Processing /home/airflow/.local/lib/python3.8/site-packages/airflow/example_dags/example_task_group.py took 0.055 seconds
[2024-07-26T01:05:01.181+0000] {processor.py:161} INFO - Started process (PID=288) to work on /home/airflow/.local/lib/python3.8/site-packages/airflow/example_dags/example_task_group.py
[2024-07-26T01:05:01.182+0000] {processor.py:830} INFO - Processing file /home/airflow/.local/lib/python3.8/site-packages/airflow/example_dags/example_task_group.py for tasks to queue
[2024-07-26T01:05:01.183+0000] {logging_mixin.py:188} INFO - [2024-07-26T01:05:01.183+0000] {dagbag.py:540} INFO - Filling up the DagBag from /home/airflow/.local/lib/python3.8/site-packages/airflow/example_dags/example_task_group.py
[2024-07-26T01:05:01.189+0000] {processor.py:840} INFO - DAG(s) 'example_task_group' retrieved from /home/airflow/.local/lib/python3.8/site-packages/airflow/example_dags/example_task_group.py
[2024-07-26T01:05:01.206+0000] {logging_mixin.py:188} INFO - [2024-07-26T01:05:01.205+0000] {dag.py:3047} INFO - Sync 1 DAGs
[2024-07-26T01:05:01.223+0000] {logging_mixin.py:188} INFO - [2024-07-26T01:05:01.223+0000] {dag.py:3834} INFO - Setting next_dagrun for example_task_group to 2024-07-25 00:00:00+00:00, run_after=2024-07-26 00:00:00+00:00
[2024-07-26T01:05:01.237+0000] {processor.py:183} INFO - Processing /home/airflow/.local/lib/python3.8/site-packages/airflow/example_dags/example_task_group.py took 0.059 seconds
[2024-07-26T01:05:31.474+0000] {processor.py:161} INFO - Started process (PID=344) to work on /home/airflow/.local/lib/python3.8/site-packages/airflow/example_dags/example_task_group.py
[2024-07-26T01:05:31.475+0000] {processor.py:830} INFO - Processing file /home/airflow/.local/lib/python3.8/site-packages/airflow/example_dags/example_task_group.py for tasks to queue
[2024-07-26T01:05:31.476+0000] {logging_mixin.py:188} INFO - [2024-07-26T01:05:31.476+0000] {dagbag.py:540} INFO - Filling up the DagBag from /home/airflow/.local/lib/python3.8/site-packages/airflow/example_dags/example_task_group.py
[2024-07-26T01:05:31.482+0000] {processor.py:840} INFO - DAG(s) 'example_task_group' retrieved from /home/airflow/.local/lib/python3.8/site-packages/airflow/example_dags/example_task_group.py
[2024-07-26T01:05:31.500+0000] {logging_mixin.py:188} INFO - [2024-07-26T01:05:31.500+0000] {dag.py:3047} INFO - Sync 1 DAGs
[2024-07-26T01:05:31.520+0000] {logging_mixin.py:188} INFO - [2024-07-26T01:05:31.520+0000] {dag.py:3834} INFO - Setting next_dagrun for example_task_group to 2024-07-25 00:00:00+00:00, run_after=2024-07-26 00:00:00+00:00
[2024-07-26T01:05:31.535+0000] {processor.py:183} INFO - Processing /home/airflow/.local/lib/python3.8/site-packages/airflow/example_dags/example_task_group.py took 0.064 seconds
[2024-07-26T01:06:01.602+0000] {processor.py:161} INFO - Started process (PID=399) to work on /home/airflow/.local/lib/python3.8/site-packages/airflow/example_dags/example_task_group.py
[2024-07-26T01:06:01.603+0000] {processor.py:830} INFO - Processing file /home/airflow/.local/lib/python3.8/site-packages/airflow/example_dags/example_task_group.py for tasks to queue
[2024-07-26T01:06:01.604+0000] {logging_mixin.py:188} INFO - [2024-07-26T01:06:01.604+0000] {dagbag.py:540} INFO - Filling up the DagBag from /home/airflow/.local/lib/python3.8/site-packages/airflow/example_dags/example_task_group.py
[2024-07-26T01:06:01.610+0000] {processor.py:840} INFO - DAG(s) 'example_task_group' retrieved from /home/airflow/.local/lib/python3.8/site-packages/airflow/example_dags/example_task_group.py
[2024-07-26T01:06:01.626+0000] {logging_mixin.py:188} INFO - [2024-07-26T01:06:01.626+0000] {dag.py:3047} INFO - Sync 1 DAGs
[2024-07-26T01:06:01.642+0000] {logging_mixin.py:188} INFO - [2024-07-26T01:06:01.642+0000] {dag.py:3834} INFO - Setting next_dagrun for example_task_group to 2024-07-25 00:00:00+00:00, run_after=2024-07-26 00:00:00+00:00
[2024-07-26T01:06:01.655+0000] {processor.py:183} INFO - Processing /home/airflow/.local/lib/python3.8/site-packages/airflow/example_dags/example_task_group.py took 0.055 seconds
[2024-07-26T01:06:31.727+0000] {processor.py:161} INFO - Started process (PID=455) to work on /home/airflow/.local/lib/python3.8/site-packages/airflow/example_dags/example_task_group.py
[2024-07-26T01:06:31.727+0000] {processor.py:830} INFO - Processing file /home/airflow/.local/lib/python3.8/site-packages/airflow/example_dags/example_task_group.py for tasks to queue
[2024-07-26T01:06:31.728+0000] {logging_mixin.py:188} INFO - [2024-07-26T01:06:31.728+0000] {dagbag.py:540} INFO - Filling up the DagBag from /home/airflow/.local/lib/python3.8/site-packages/airflow/example_dags/example_task_group.py
[2024-07-26T01:06:31.733+0000] {processor.py:840} INFO - DAG(s) 'example_task_group' retrieved from /home/airflow/.local/lib/python3.8/site-packages/airflow/example_dags/example_task_group.py
[2024-07-26T01:06:31.749+0000] {logging_mixin.py:188} INFO - [2024-07-26T01:06:31.749+0000] {dag.py:3047} INFO - Sync 1 DAGs
[2024-07-26T01:06:31.765+0000] {logging_mixin.py:188} INFO - [2024-07-26T01:06:31.765+0000] {dag.py:3834} INFO - Setting next_dagrun for example_task_group to 2024-07-25 00:00:00+00:00, run_after=2024-07-26 00:00:00+00:00
[2024-07-26T01:06:31.778+0000] {processor.py:183} INFO - Processing /home/airflow/.local/lib/python3.8/site-packages/airflow/example_dags/example_task_group.py took 0.053 seconds
[2024-07-26T01:07:01.858+0000] {processor.py:161} INFO - Started process (PID=511) to work on /home/airflow/.local/lib/python3.8/site-packages/airflow/example_dags/example_task_group.py
[2024-07-26T01:07:01.859+0000] {processor.py:830} INFO - Processing file /home/airflow/.local/lib/python3.8/site-packages/airflow/example_dags/example_task_group.py for tasks to queue
[2024-07-26T01:07:01.861+0000] {logging_mixin.py:188} INFO - [2024-07-26T01:07:01.860+0000] {dagbag.py:540} INFO - Filling up the DagBag from /home/airflow/.local/lib/python3.8/site-packages/airflow/example_dags/example_task_group.py
[2024-07-26T01:07:01.866+0000] {processor.py:840} INFO - DAG(s) 'example_task_group' retrieved from /home/airflow/.local/lib/python3.8/site-packages/airflow/example_dags/example_task_group.py
[2024-07-26T01:07:01.885+0000] {logging_mixin.py:188} INFO - [2024-07-26T01:07:01.885+0000] {dag.py:3047} INFO - Sync 1 DAGs
[2024-07-26T01:07:01.903+0000] {logging_mixin.py:188} INFO - [2024-07-26T01:07:01.903+0000] {dag.py:3834} INFO - Setting next_dagrun for example_task_group to 2024-07-25 00:00:00+00:00, run_after=2024-07-26 00:00:00+00:00
[2024-07-26T01:07:01.918+0000] {processor.py:183} INFO - Processing /home/airflow/.local/lib/python3.8/site-packages/airflow/example_dags/example_task_group.py took 0.062 seconds
[2024-07-26T01:07:32.251+0000] {processor.py:161} INFO - Started process (PID=567) to work on /home/airflow/.local/lib/python3.8/site-packages/airflow/example_dags/example_task_group.py
[2024-07-26T01:07:32.252+0000] {processor.py:830} INFO - Processing file /home/airflow/.local/lib/python3.8/site-packages/airflow/example_dags/example_task_group.py for tasks to queue
[2024-07-26T01:07:32.253+0000] {logging_mixin.py:188} INFO - [2024-07-26T01:07:32.253+0000] {dagbag.py:540} INFO - Filling up the DagBag from /home/airflow/.local/lib/python3.8/site-packages/airflow/example_dags/example_task_group.py
[2024-07-26T01:07:32.259+0000] {processor.py:840} INFO - DAG(s) 'example_task_group' retrieved from /home/airflow/.local/lib/python3.8/site-packages/airflow/example_dags/example_task_group.py
[2024-07-26T01:07:32.276+0000] {logging_mixin.py:188} INFO - [2024-07-26T01:07:32.276+0000] {dag.py:3047} INFO - Sync 1 DAGs
[2024-07-26T01:07:32.294+0000] {logging_mixin.py:188} INFO - [2024-07-26T01:07:32.294+0000] {dag.py:3834} INFO - Setting next_dagrun for example_task_group to 2024-07-25 00:00:00+00:00, run_after=2024-07-26 00:00:00+00:00
[2024-07-26T01:07:32.309+0000] {processor.py:183} INFO - Processing /home/airflow/.local/lib/python3.8/site-packages/airflow/example_dags/example_task_group.py took 0.060 seconds
[2024-07-26T01:08:02.498+0000] {processor.py:161} INFO - Started process (PID=623) to work on /home/airflow/.local/lib/python3.8/site-packages/airflow/example_dags/example_task_group.py
[2024-07-26T01:08:02.499+0000] {processor.py:830} INFO - Processing file /home/airflow/.local/lib/python3.8/site-packages/airflow/example_dags/example_task_group.py for tasks to queue
[2024-07-26T01:08:02.500+0000] {logging_mixin.py:188} INFO - [2024-07-26T01:08:02.500+0000] {dagbag.py:540} INFO - Filling up the DagBag from /home/airflow/.local/lib/python3.8/site-packages/airflow/example_dags/example_task_group.py
[2024-07-26T01:08:02.507+0000] {processor.py:840} INFO - DAG(s) 'example_task_group' retrieved from /home/airflow/.local/lib/python3.8/site-packages/airflow/example_dags/example_task_group.py
[2024-07-26T01:08:02.525+0000] {logging_mixin.py:188} INFO - [2024-07-26T01:08:02.525+0000] {dag.py:3047} INFO - Sync 1 DAGs
[2024-07-26T01:08:02.546+0000] {logging_mixin.py:188} INFO - [2024-07-26T01:08:02.545+0000] {dag.py:3834} INFO - Setting next_dagrun for example_task_group to 2024-07-25 00:00:00+00:00, run_after=2024-07-26 00:00:00+00:00
[2024-07-26T01:08:02.565+0000] {processor.py:183} INFO - Processing /home/airflow/.local/lib/python3.8/site-packages/airflow/example_dags/example_task_group.py took 0.069 seconds
[2024-07-26T01:08:32.697+0000] {processor.py:161} INFO - Started process (PID=679) to work on /home/airflow/.local/lib/python3.8/site-packages/airflow/example_dags/example_task_group.py
[2024-07-26T01:08:32.697+0000] {processor.py:830} INFO - Processing file /home/airflow/.local/lib/python3.8/site-packages/airflow/example_dags/example_task_group.py for tasks to queue
[2024-07-26T01:08:32.698+0000] {logging_mixin.py:188} INFO - [2024-07-26T01:08:32.698+0000] {dagbag.py:540} INFO - Filling up the DagBag from /home/airflow/.local/lib/python3.8/site-packages/airflow/example_dags/example_task_group.py
[2024-07-26T01:08:32.704+0000] {processor.py:840} INFO - DAG(s) 'example_task_group' retrieved from /home/airflow/.local/lib/python3.8/site-packages/airflow/example_dags/example_task_group.py
[2024-07-26T01:08:32.721+0000] {logging_mixin.py:188} INFO - [2024-07-26T01:08:32.721+0000] {dag.py:3047} INFO - Sync 1 DAGs
[2024-07-26T01:08:32.739+0000] {logging_mixin.py:188} INFO - [2024-07-26T01:08:32.739+0000] {dag.py:3834} INFO - Setting next_dagrun for example_task_group to 2024-07-25 00:00:00+00:00, run_after=2024-07-26 00:00:00+00:00
[2024-07-26T01:08:32.755+0000] {processor.py:183} INFO - Processing /home/airflow/.local/lib/python3.8/site-packages/airflow/example_dags/example_task_group.py took 0.061 seconds
[2024-07-26T01:09:03.052+0000] {processor.py:161} INFO - Started process (PID=735) to work on /home/airflow/.local/lib/python3.8/site-packages/airflow/example_dags/example_task_group.py
[2024-07-26T01:09:03.054+0000] {processor.py:830} INFO - Processing file /home/airflow/.local/lib/python3.8/site-packages/airflow/example_dags/example_task_group.py for tasks to queue
[2024-07-26T01:09:03.055+0000] {logging_mixin.py:188} INFO - [2024-07-26T01:09:03.055+0000] {dagbag.py:540} INFO - Filling up the DagBag from /home/airflow/.local/lib/python3.8/site-packages/airflow/example_dags/example_task_group.py
[2024-07-26T01:09:03.061+0000] {processor.py:840} INFO - DAG(s) 'example_task_group' retrieved from /home/airflow/.local/lib/python3.8/site-packages/airflow/example_dags/example_task_group.py
[2024-07-26T01:09:03.082+0000] {logging_mixin.py:188} INFO - [2024-07-26T01:09:03.082+0000] {dag.py:3047} INFO - Sync 1 DAGs
[2024-07-26T01:09:03.102+0000] {logging_mixin.py:188} INFO - [2024-07-26T01:09:03.101+0000] {dag.py:3834} INFO - Setting next_dagrun for example_task_group to 2024-07-25 00:00:00+00:00, run_after=2024-07-26 00:00:00+00:00
[2024-07-26T01:09:03.121+0000] {processor.py:183} INFO - Processing /home/airflow/.local/lib/python3.8/site-packages/airflow/example_dags/example_task_group.py took 0.071 seconds
[2024-07-26T01:09:33.218+0000] {processor.py:161} INFO - Started process (PID=791) to work on /home/airflow/.local/lib/python3.8/site-packages/airflow/example_dags/example_task_group.py
[2024-07-26T01:09:33.219+0000] {processor.py:830} INFO - Processing file /home/airflow/.local/lib/python3.8/site-packages/airflow/example_dags/example_task_group.py for tasks to queue
[2024-07-26T01:09:33.220+0000] {logging_mixin.py:188} INFO - [2024-07-26T01:09:33.220+0000] {dagbag.py:540} INFO - Filling up the DagBag from /home/airflow/.local/lib/python3.8/site-packages/airflow/example_dags/example_task_group.py
[2024-07-26T01:09:33.226+0000] {processor.py:840} INFO - DAG(s) 'example_task_group' retrieved from /home/airflow/.local/lib/python3.8/site-packages/airflow/example_dags/example_task_group.py
[2024-07-26T01:09:33.243+0000] {logging_mixin.py:188} INFO - [2024-07-26T01:09:33.243+0000] {dag.py:3047} INFO - Sync 1 DAGs
[2024-07-26T01:09:33.263+0000] {logging_mixin.py:188} INFO - [2024-07-26T01:09:33.263+0000] {dag.py:3834} INFO - Setting next_dagrun for example_task_group to 2024-07-25 00:00:00+00:00, run_after=2024-07-26 00:00:00+00:00
[2024-07-26T01:09:33.279+0000] {processor.py:183} INFO - Processing /home/airflow/.local/lib/python3.8/site-packages/airflow/example_dags/example_task_group.py took 0.063 seconds
[2024-07-26T01:10:03.502+0000] {processor.py:161} INFO - Started process (PID=847) to work on /home/airflow/.local/lib/python3.8/site-packages/airflow/example_dags/example_task_group.py
[2024-07-26T01:10:03.503+0000] {processor.py:830} INFO - Processing file /home/airflow/.local/lib/python3.8/site-packages/airflow/example_dags/example_task_group.py for tasks to queue
[2024-07-26T01:10:03.504+0000] {logging_mixin.py:188} INFO - [2024-07-26T01:10:03.504+0000] {dagbag.py:540} INFO - Filling up the DagBag from /home/airflow/.local/lib/python3.8/site-packages/airflow/example_dags/example_task_group.py
[2024-07-26T01:10:03.509+0000] {processor.py:840} INFO - DAG(s) 'example_task_group' retrieved from /home/airflow/.local/lib/python3.8/site-packages/airflow/example_dags/example_task_group.py
[2024-07-26T01:10:03.525+0000] {logging_mixin.py:188} INFO - [2024-07-26T01:10:03.525+0000] {dag.py:3047} INFO - Sync 1 DAGs
[2024-07-26T01:10:03.542+0000] {logging_mixin.py:188} INFO - [2024-07-26T01:10:03.542+0000] {dag.py:3834} INFO - Setting next_dagrun for example_task_group to 2024-07-25 00:00:00+00:00, run_after=2024-07-26 00:00:00+00:00
[2024-07-26T01:10:03.556+0000] {processor.py:183} INFO - Processing /home/airflow/.local/lib/python3.8/site-packages/airflow/example_dags/example_task_group.py took 0.057 seconds
[2024-07-26T01:10:33.721+0000] {processor.py:161} INFO - Started process (PID=904) to work on /home/airflow/.local/lib/python3.8/site-packages/airflow/example_dags/example_task_group.py
[2024-07-26T01:10:33.721+0000] {processor.py:830} INFO - Processing file /home/airflow/.local/lib/python3.8/site-packages/airflow/example_dags/example_task_group.py for tasks to queue
[2024-07-26T01:10:33.723+0000] {logging_mixin.py:188} INFO - [2024-07-26T01:10:33.722+0000] {dagbag.py:540} INFO - Filling up the DagBag from /home/airflow/.local/lib/python3.8/site-packages/airflow/example_dags/example_task_group.py
[2024-07-26T01:10:33.729+0000] {processor.py:840} INFO - DAG(s) 'example_task_group' retrieved from /home/airflow/.local/lib/python3.8/site-packages/airflow/example_dags/example_task_group.py
[2024-07-26T01:10:33.747+0000] {logging_mixin.py:188} INFO - [2024-07-26T01:10:33.747+0000] {dag.py:3047} INFO - Sync 1 DAGs
[2024-07-26T01:10:33.769+0000] {logging_mixin.py:188} INFO - [2024-07-26T01:10:33.769+0000] {dag.py:3834} INFO - Setting next_dagrun for example_task_group to 2024-07-25 00:00:00+00:00, run_after=2024-07-26 00:00:00+00:00
[2024-07-26T01:10:33.787+0000] {processor.py:183} INFO - Processing /home/airflow/.local/lib/python3.8/site-packages/airflow/example_dags/example_task_group.py took 0.069 seconds
[2024-07-26T01:11:04.052+0000] {processor.py:161} INFO - Started process (PID=960) to work on /home/airflow/.local/lib/python3.8/site-packages/airflow/example_dags/example_task_group.py
[2024-07-26T01:11:04.053+0000] {processor.py:830} INFO - Processing file /home/airflow/.local/lib/python3.8/site-packages/airflow/example_dags/example_task_group.py for tasks to queue
[2024-07-26T01:11:04.054+0000] {logging_mixin.py:188} INFO - [2024-07-26T01:11:04.054+0000] {dagbag.py:540} INFO - Filling up the DagBag from /home/airflow/.local/lib/python3.8/site-packages/airflow/example_dags/example_task_group.py
[2024-07-26T01:11:04.061+0000] {processor.py:840} INFO - DAG(s) 'example_task_group' retrieved from /home/airflow/.local/lib/python3.8/site-packages/airflow/example_dags/example_task_group.py
[2024-07-26T01:11:04.081+0000] {logging_mixin.py:188} INFO - [2024-07-26T01:11:04.081+0000] {dag.py:3047} INFO - Sync 1 DAGs
[2024-07-26T01:11:04.102+0000] {logging_mixin.py:188} INFO - [2024-07-26T01:11:04.101+0000] {dag.py:3834} INFO - Setting next_dagrun for example_task_group to 2024-07-25 00:00:00+00:00, run_after=2024-07-26 00:00:00+00:00
[2024-07-26T01:11:04.121+0000] {processor.py:183} INFO - Processing /home/airflow/.local/lib/python3.8/site-packages/airflow/example_dags/example_task_group.py took 0.072 seconds
[2024-07-26T01:11:34.303+0000] {processor.py:161} INFO - Started process (PID=1016) to work on /home/airflow/.local/lib/python3.8/site-packages/airflow/example_dags/example_task_group.py
[2024-07-26T01:11:34.303+0000] {processor.py:830} INFO - Processing file /home/airflow/.local/lib/python3.8/site-packages/airflow/example_dags/example_task_group.py for tasks to queue
[2024-07-26T01:11:34.304+0000] {logging_mixin.py:188} INFO - [2024-07-26T01:11:34.304+0000] {dagbag.py:540} INFO - Filling up the DagBag from /home/airflow/.local/lib/python3.8/site-packages/airflow/example_dags/example_task_group.py
[2024-07-26T01:11:34.310+0000] {processor.py:840} INFO - DAG(s) 'example_task_group' retrieved from /home/airflow/.local/lib/python3.8/site-packages/airflow/example_dags/example_task_group.py
[2024-07-26T01:11:34.327+0000] {logging_mixin.py:188} INFO - [2024-07-26T01:11:34.327+0000] {dag.py:3047} INFO - Sync 1 DAGs
[2024-07-26T01:11:34.346+0000] {logging_mixin.py:188} INFO - [2024-07-26T01:11:34.346+0000] {dag.py:3834} INFO - Setting next_dagrun for example_task_group to 2024-07-25 00:00:00+00:00, run_after=2024-07-26 00:00:00+00:00
[2024-07-26T01:11:34.363+0000] {processor.py:183} INFO - Processing /home/airflow/.local/lib/python3.8/site-packages/airflow/example_dags/example_task_group.py took 0.063 seconds
[2024-07-26T01:12:04.462+0000] {processor.py:161} INFO - Started process (PID=1072) to work on /home/airflow/.local/lib/python3.8/site-packages/airflow/example_dags/example_task_group.py
[2024-07-26T01:12:04.463+0000] {processor.py:830} INFO - Processing file /home/airflow/.local/lib/python3.8/site-packages/airflow/example_dags/example_task_group.py for tasks to queue
[2024-07-26T01:12:04.464+0000] {logging_mixin.py:188} INFO - [2024-07-26T01:12:04.464+0000] {dagbag.py:540} INFO - Filling up the DagBag from /home/airflow/.local/lib/python3.8/site-packages/airflow/example_dags/example_task_group.py
[2024-07-26T01:12:04.469+0000] {processor.py:840} INFO - DAG(s) 'example_task_group' retrieved from /home/airflow/.local/lib/python3.8/site-packages/airflow/example_dags/example_task_group.py
[2024-07-26T01:12:04.486+0000] {logging_mixin.py:188} INFO - [2024-07-26T01:12:04.486+0000] {dag.py:3047} INFO - Sync 1 DAGs
[2024-07-26T01:12:04.503+0000] {logging_mixin.py:188} INFO - [2024-07-26T01:12:04.503+0000] {dag.py:3834} INFO - Setting next_dagrun for example_task_group to 2024-07-25 00:00:00+00:00, run_after=2024-07-26 00:00:00+00:00
[2024-07-26T01:12:04.518+0000] {processor.py:183} INFO - Processing /home/airflow/.local/lib/python3.8/site-packages/airflow/example_dags/example_task_group.py took 0.059 seconds
[2024-07-26T01:12:34.855+0000] {processor.py:161} INFO - Started process (PID=1128) to work on /home/airflow/.local/lib/python3.8/site-packages/airflow/example_dags/example_task_group.py
[2024-07-26T01:12:34.855+0000] {processor.py:830} INFO - Processing file /home/airflow/.local/lib/python3.8/site-packages/airflow/example_dags/example_task_group.py for tasks to queue
[2024-07-26T01:12:34.856+0000] {logging_mixin.py:188} INFO - [2024-07-26T01:12:34.856+0000] {dagbag.py:540} INFO - Filling up the DagBag from /home/airflow/.local/lib/python3.8/site-packages/airflow/example_dags/example_task_group.py
[2024-07-26T01:12:34.862+0000] {processor.py:840} INFO - DAG(s) 'example_task_group' retrieved from /home/airflow/.local/lib/python3.8/site-packages/airflow/example_dags/example_task_group.py
[2024-07-26T01:12:34.882+0000] {logging_mixin.py:188} INFO - [2024-07-26T01:12:34.881+0000] {dag.py:3047} INFO - Sync 1 DAGs
[2024-07-26T01:12:34.901+0000] {logging_mixin.py:188} INFO - [2024-07-26T01:12:34.900+0000] {dag.py:3834} INFO - Setting next_dagrun for example_task_group to 2024-07-25 00:00:00+00:00, run_after=2024-07-26 00:00:00+00:00
[2024-07-26T01:12:34.917+0000] {processor.py:183} INFO - Processing /home/airflow/.local/lib/python3.8/site-packages/airflow/example_dags/example_task_group.py took 0.064 seconds
[2024-07-26T01:13:05.019+0000] {processor.py:161} INFO - Started process (PID=1184) to work on /home/airflow/.local/lib/python3.8/site-packages/airflow/example_dags/example_task_group.py
[2024-07-26T01:13:05.020+0000] {processor.py:830} INFO - Processing file /home/airflow/.local/lib/python3.8/site-packages/airflow/example_dags/example_task_group.py for tasks to queue
[2024-07-26T01:13:05.021+0000] {logging_mixin.py:188} INFO - [2024-07-26T01:13:05.021+0000] {dagbag.py:540} INFO - Filling up the DagBag from /home/airflow/.local/lib/python3.8/site-packages/airflow/example_dags/example_task_group.py
[2024-07-26T01:13:05.027+0000] {processor.py:840} INFO - DAG(s) 'example_task_group' retrieved from /home/airflow/.local/lib/python3.8/site-packages/airflow/example_dags/example_task_group.py
[2024-07-26T01:13:05.045+0000] {logging_mixin.py:188} INFO - [2024-07-26T01:13:05.045+0000] {dag.py:3047} INFO - Sync 1 DAGs
[2024-07-26T01:13:05.063+0000] {logging_mixin.py:188} INFO - [2024-07-26T01:13:05.063+0000] {dag.py:3834} INFO - Setting next_dagrun for example_task_group to 2024-07-25 00:00:00+00:00, run_after=2024-07-26 00:00:00+00:00
[2024-07-26T01:13:05.080+0000] {processor.py:183} INFO - Processing /home/airflow/.local/lib/python3.8/site-packages/airflow/example_dags/example_task_group.py took 0.063 seconds
[2024-07-26T01:13:35.416+0000] {processor.py:161} INFO - Started process (PID=1240) to work on /home/airflow/.local/lib/python3.8/site-packages/airflow/example_dags/example_task_group.py
[2024-07-26T01:13:35.416+0000] {processor.py:830} INFO - Processing file /home/airflow/.local/lib/python3.8/site-packages/airflow/example_dags/example_task_group.py for tasks to queue
[2024-07-26T01:13:35.418+0000] {logging_mixin.py:188} INFO - [2024-07-26T01:13:35.417+0000] {dagbag.py:540} INFO - Filling up the DagBag from /home/airflow/.local/lib/python3.8/site-packages/airflow/example_dags/example_task_group.py
[2024-07-26T01:13:35.423+0000] {processor.py:840} INFO - DAG(s) 'example_task_group' retrieved from /home/airflow/.local/lib/python3.8/site-packages/airflow/example_dags/example_task_group.py
[2024-07-26T01:13:35.445+0000] {logging_mixin.py:188} INFO - [2024-07-26T01:13:35.444+0000] {dag.py:3047} INFO - Sync 1 DAGs
[2024-07-26T01:13:35.463+0000] {logging_mixin.py:188} INFO - [2024-07-26T01:13:35.463+0000] {dag.py:3834} INFO - Setting next_dagrun for example_task_group to 2024-07-25 00:00:00+00:00, run_after=2024-07-26 00:00:00+00:00
[2024-07-26T01:13:35.479+0000] {processor.py:183} INFO - Processing /home/airflow/.local/lib/python3.8/site-packages/airflow/example_dags/example_task_group.py took 0.066 seconds
[2024-07-26T01:14:05.607+0000] {processor.py:161} INFO - Started process (PID=1296) to work on /home/airflow/.local/lib/python3.8/site-packages/airflow/example_dags/example_task_group.py
[2024-07-26T01:14:05.608+0000] {processor.py:830} INFO - Processing file /home/airflow/.local/lib/python3.8/site-packages/airflow/example_dags/example_task_group.py for tasks to queue
[2024-07-26T01:14:05.609+0000] {logging_mixin.py:188} INFO - [2024-07-26T01:14:05.609+0000] {dagbag.py:540} INFO - Filling up the DagBag from /home/airflow/.local/lib/python3.8/site-packages/airflow/example_dags/example_task_group.py
[2024-07-26T01:14:05.614+0000] {processor.py:840} INFO - DAG(s) 'example_task_group' retrieved from /home/airflow/.local/lib/python3.8/site-packages/airflow/example_dags/example_task_group.py
[2024-07-26T01:14:05.631+0000] {logging_mixin.py:188} INFO - [2024-07-26T01:14:05.631+0000] {dag.py:3047} INFO - Sync 1 DAGs
[2024-07-26T01:14:05.648+0000] {logging_mixin.py:188} INFO - [2024-07-26T01:14:05.648+0000] {dag.py:3834} INFO - Setting next_dagrun for example_task_group to 2024-07-25 00:00:00+00:00, run_after=2024-07-26 00:00:00+00:00
[2024-07-26T01:14:05.665+0000] {processor.py:183} INFO - Processing /home/airflow/.local/lib/python3.8/site-packages/airflow/example_dags/example_task_group.py took 0.061 seconds
[2024-07-26T01:14:35.964+0000] {processor.py:161} INFO - Started process (PID=1352) to work on /home/airflow/.local/lib/python3.8/site-packages/airflow/example_dags/example_task_group.py
[2024-07-26T01:14:35.965+0000] {processor.py:830} INFO - Processing file /home/airflow/.local/lib/python3.8/site-packages/airflow/example_dags/example_task_group.py for tasks to queue
[2024-07-26T01:14:35.966+0000] {logging_mixin.py:188} INFO - [2024-07-26T01:14:35.966+0000] {dagbag.py:540} INFO - Filling up the DagBag from /home/airflow/.local/lib/python3.8/site-packages/airflow/example_dags/example_task_group.py
[2024-07-26T01:14:35.975+0000] {processor.py:840} INFO - DAG(s) 'example_task_group' retrieved from /home/airflow/.local/lib/python3.8/site-packages/airflow/example_dags/example_task_group.py
[2024-07-26T01:14:35.999+0000] {logging_mixin.py:188} INFO - [2024-07-26T01:14:35.998+0000] {dag.py:3047} INFO - Sync 1 DAGs
[2024-07-26T01:14:36.026+0000] {logging_mixin.py:188} INFO - [2024-07-26T01:14:36.026+0000] {dag.py:3834} INFO - Setting next_dagrun for example_task_group to 2024-07-25 00:00:00+00:00, run_after=2024-07-26 00:00:00+00:00
[2024-07-26T01:14:36.069+0000] {processor.py:183} INFO - Processing /home/airflow/.local/lib/python3.8/site-packages/airflow/example_dags/example_task_group.py took 0.108 seconds
[2024-07-26T01:15:06.284+0000] {processor.py:161} INFO - Started process (PID=1408) to work on /home/airflow/.local/lib/python3.8/site-packages/airflow/example_dags/example_task_group.py
[2024-07-26T01:15:06.285+0000] {processor.py:830} INFO - Processing file /home/airflow/.local/lib/python3.8/site-packages/airflow/example_dags/example_task_group.py for tasks to queue
[2024-07-26T01:15:06.286+0000] {logging_mixin.py:188} INFO - [2024-07-26T01:15:06.286+0000] {dagbag.py:540} INFO - Filling up the DagBag from /home/airflow/.local/lib/python3.8/site-packages/airflow/example_dags/example_task_group.py
[2024-07-26T01:15:06.292+0000] {processor.py:840} INFO - DAG(s) 'example_task_group' retrieved from /home/airflow/.local/lib/python3.8/site-packages/airflow/example_dags/example_task_group.py
[2024-07-26T01:15:06.310+0000] {logging_mixin.py:188} INFO - [2024-07-26T01:15:06.310+0000] {dag.py:3047} INFO - Sync 1 DAGs
[2024-07-26T01:15:06.331+0000] {logging_mixin.py:188} INFO - [2024-07-26T01:15:06.331+0000] {dag.py:3834} INFO - Setting next_dagrun for example_task_group to 2024-07-25 00:00:00+00:00, run_after=2024-07-26 00:00:00+00:00
[2024-07-26T01:15:06.348+0000] {processor.py:183} INFO - Processing /home/airflow/.local/lib/python3.8/site-packages/airflow/example_dags/example_task_group.py took 0.066 seconds
[2024-07-26T01:15:36.602+0000] {processor.py:161} INFO - Started process (PID=1464) to work on /home/airflow/.local/lib/python3.8/site-packages/airflow/example_dags/example_task_group.py
[2024-07-26T01:15:36.603+0000] {processor.py:830} INFO - Processing file /home/airflow/.local/lib/python3.8/site-packages/airflow/example_dags/example_task_group.py for tasks to queue
[2024-07-26T01:15:36.605+0000] {logging_mixin.py:188} INFO - [2024-07-26T01:15:36.604+0000] {dagbag.py:540} INFO - Filling up the DagBag from /home/airflow/.local/lib/python3.8/site-packages/airflow/example_dags/example_task_group.py
[2024-07-26T01:15:36.612+0000] {processor.py:840} INFO - DAG(s) 'example_task_group' retrieved from /home/airflow/.local/lib/python3.8/site-packages/airflow/example_dags/example_task_group.py
[2024-07-26T01:15:36.633+0000] {logging_mixin.py:188} INFO - [2024-07-26T01:15:36.632+0000] {dag.py:3047} INFO - Sync 1 DAGs
[2024-07-26T01:15:36.655+0000] {logging_mixin.py:188} INFO - [2024-07-26T01:15:36.654+0000] {dag.py:3834} INFO - Setting next_dagrun for example_task_group to 2024-07-25 00:00:00+00:00, run_after=2024-07-26 00:00:00+00:00
[2024-07-26T01:15:36.675+0000] {processor.py:183} INFO - Processing /home/airflow/.local/lib/python3.8/site-packages/airflow/example_dags/example_task_group.py took 0.076 seconds
[2024-07-26T01:16:06.850+0000] {processor.py:161} INFO - Started process (PID=1520) to work on /home/airflow/.local/lib/python3.8/site-packages/airflow/example_dags/example_task_group.py
[2024-07-26T01:16:06.851+0000] {processor.py:830} INFO - Processing file /home/airflow/.local/lib/python3.8/site-packages/airflow/example_dags/example_task_group.py for tasks to queue
[2024-07-26T01:16:06.852+0000] {logging_mixin.py:188} INFO - [2024-07-26T01:16:06.852+0000] {dagbag.py:540} INFO - Filling up the DagBag from /home/airflow/.local/lib/python3.8/site-packages/airflow/example_dags/example_task_group.py
[2024-07-26T01:16:06.861+0000] {processor.py:840} INFO - DAG(s) 'example_task_group' retrieved from /home/airflow/.local/lib/python3.8/site-packages/airflow/example_dags/example_task_group.py
[2024-07-26T01:16:06.883+0000] {logging_mixin.py:188} INFO - [2024-07-26T01:16:06.883+0000] {dag.py:3047} INFO - Sync 1 DAGs
[2024-07-26T01:16:06.908+0000] {logging_mixin.py:188} INFO - [2024-07-26T01:16:06.908+0000] {dag.py:3834} INFO - Setting next_dagrun for example_task_group to 2024-07-25 00:00:00+00:00, run_after=2024-07-26 00:00:00+00:00
[2024-07-26T01:16:06.929+0000] {processor.py:183} INFO - Processing /home/airflow/.local/lib/python3.8/site-packages/airflow/example_dags/example_task_group.py took 0.082 seconds
[2024-07-26T01:16:37.302+0000] {processor.py:161} INFO - Started process (PID=1576) to work on /home/airflow/.local/lib/python3.8/site-packages/airflow/example_dags/example_task_group.py
[2024-07-26T01:16:37.303+0000] {processor.py:830} INFO - Processing file /home/airflow/.local/lib/python3.8/site-packages/airflow/example_dags/example_task_group.py for tasks to queue
[2024-07-26T01:16:37.305+0000] {logging_mixin.py:188} INFO - [2024-07-26T01:16:37.305+0000] {dagbag.py:540} INFO - Filling up the DagBag from /home/airflow/.local/lib/python3.8/site-packages/airflow/example_dags/example_task_group.py
[2024-07-26T01:16:37.311+0000] {processor.py:840} INFO - DAG(s) 'example_task_group' retrieved from /home/airflow/.local/lib/python3.8/site-packages/airflow/example_dags/example_task_group.py
[2024-07-26T01:16:37.333+0000] {logging_mixin.py:188} INFO - [2024-07-26T01:16:37.333+0000] {dag.py:3047} INFO - Sync 1 DAGs
[2024-07-26T01:16:37.355+0000] {logging_mixin.py:188} INFO - [2024-07-26T01:16:37.354+0000] {dag.py:3834} INFO - Setting next_dagrun for example_task_group to 2024-07-25 00:00:00+00:00, run_after=2024-07-26 00:00:00+00:00
[2024-07-26T01:16:37.373+0000] {processor.py:183} INFO - Processing /home/airflow/.local/lib/python3.8/site-packages/airflow/example_dags/example_task_group.py took 0.074 seconds
[2024-07-26T01:17:07.742+0000] {processor.py:161} INFO - Started process (PID=1632) to work on /home/airflow/.local/lib/python3.8/site-packages/airflow/example_dags/example_task_group.py
[2024-07-26T01:17:07.743+0000] {processor.py:830} INFO - Processing file /home/airflow/.local/lib/python3.8/site-packages/airflow/example_dags/example_task_group.py for tasks to queue
[2024-07-26T01:17:07.744+0000] {logging_mixin.py:188} INFO - [2024-07-26T01:17:07.744+0000] {dagbag.py:540} INFO - Filling up the DagBag from /home/airflow/.local/lib/python3.8/site-packages/airflow/example_dags/example_task_group.py
[2024-07-26T01:17:07.751+0000] {processor.py:840} INFO - DAG(s) 'example_task_group' retrieved from /home/airflow/.local/lib/python3.8/site-packages/airflow/example_dags/example_task_group.py
[2024-07-26T01:17:07.775+0000] {logging_mixin.py:188} INFO - [2024-07-26T01:17:07.774+0000] {dag.py:3047} INFO - Sync 1 DAGs
[2024-07-26T01:17:07.798+0000] {logging_mixin.py:188} INFO - [2024-07-26T01:17:07.797+0000] {dag.py:3834} INFO - Setting next_dagrun for example_task_group to 2024-07-25 00:00:00+00:00, run_after=2024-07-26 00:00:00+00:00
[2024-07-26T01:17:07.818+0000] {processor.py:183} INFO - Processing /home/airflow/.local/lib/python3.8/site-packages/airflow/example_dags/example_task_group.py took 0.080 seconds
[2024-07-26T01:17:38.120+0000] {processor.py:161} INFO - Started process (PID=1688) to work on /home/airflow/.local/lib/python3.8/site-packages/airflow/example_dags/example_task_group.py
[2024-07-26T01:17:38.121+0000] {processor.py:830} INFO - Processing file /home/airflow/.local/lib/python3.8/site-packages/airflow/example_dags/example_task_group.py for tasks to queue
[2024-07-26T01:17:38.123+0000] {logging_mixin.py:188} INFO - [2024-07-26T01:17:38.122+0000] {dagbag.py:540} INFO - Filling up the DagBag from /home/airflow/.local/lib/python3.8/site-packages/airflow/example_dags/example_task_group.py
[2024-07-26T01:17:38.129+0000] {processor.py:840} INFO - DAG(s) 'example_task_group' retrieved from /home/airflow/.local/lib/python3.8/site-packages/airflow/example_dags/example_task_group.py
[2024-07-26T01:17:38.149+0000] {logging_mixin.py:188} INFO - [2024-07-26T01:17:38.149+0000] {dag.py:3047} INFO - Sync 1 DAGs
[2024-07-26T01:17:38.171+0000] {logging_mixin.py:188} INFO - [2024-07-26T01:17:38.171+0000] {dag.py:3834} INFO - Setting next_dagrun for example_task_group to 2024-07-25 00:00:00+00:00, run_after=2024-07-26 00:00:00+00:00
[2024-07-26T01:17:38.190+0000] {processor.py:183} INFO - Processing /home/airflow/.local/lib/python3.8/site-packages/airflow/example_dags/example_task_group.py took 0.072 seconds
[2024-07-26T01:18:08.651+0000] {processor.py:161} INFO - Started process (PID=1744) to work on /home/airflow/.local/lib/python3.8/site-packages/airflow/example_dags/example_task_group.py
[2024-07-26T01:18:08.652+0000] {processor.py:830} INFO - Processing file /home/airflow/.local/lib/python3.8/site-packages/airflow/example_dags/example_task_group.py for tasks to queue
[2024-07-26T01:18:08.654+0000] {logging_mixin.py:188} INFO - [2024-07-26T01:18:08.653+0000] {dagbag.py:540} INFO - Filling up the DagBag from /home/airflow/.local/lib/python3.8/site-packages/airflow/example_dags/example_task_group.py
[2024-07-26T01:18:08.661+0000] {processor.py:840} INFO - DAG(s) 'example_task_group' retrieved from /home/airflow/.local/lib/python3.8/site-packages/airflow/example_dags/example_task_group.py
[2024-07-26T01:18:08.686+0000] {logging_mixin.py:188} INFO - [2024-07-26T01:18:08.685+0000] {dag.py:3047} INFO - Sync 1 DAGs
[2024-07-26T01:18:08.710+0000] {logging_mixin.py:188} INFO - [2024-07-26T01:18:08.710+0000] {dag.py:3834} INFO - Setting next_dagrun for example_task_group to 2024-07-25 00:00:00+00:00, run_after=2024-07-26 00:00:00+00:00
[2024-07-26T01:18:08.729+0000] {processor.py:183} INFO - Processing /home/airflow/.local/lib/python3.8/site-packages/airflow/example_dags/example_task_group.py took 0.081 seconds
[2024-07-26T01:18:39.074+0000] {processor.py:161} INFO - Started process (PID=1800) to work on /home/airflow/.local/lib/python3.8/site-packages/airflow/example_dags/example_task_group.py
[2024-07-26T01:18:39.075+0000] {processor.py:830} INFO - Processing file /home/airflow/.local/lib/python3.8/site-packages/airflow/example_dags/example_task_group.py for tasks to queue
[2024-07-26T01:18:39.076+0000] {logging_mixin.py:188} INFO - [2024-07-26T01:18:39.076+0000] {dagbag.py:540} INFO - Filling up the DagBag from /home/airflow/.local/lib/python3.8/site-packages/airflow/example_dags/example_task_group.py
[2024-07-26T01:18:39.083+0000] {processor.py:840} INFO - DAG(s) 'example_task_group' retrieved from /home/airflow/.local/lib/python3.8/site-packages/airflow/example_dags/example_task_group.py
[2024-07-26T01:18:39.103+0000] {logging_mixin.py:188} INFO - [2024-07-26T01:18:39.103+0000] {dag.py:3047} INFO - Sync 1 DAGs
[2024-07-26T01:18:39.123+0000] {logging_mixin.py:188} INFO - [2024-07-26T01:18:39.123+0000] {dag.py:3834} INFO - Setting next_dagrun for example_task_group to 2024-07-25 00:00:00+00:00, run_after=2024-07-26 00:00:00+00:00
[2024-07-26T01:18:39.146+0000] {processor.py:183} INFO - Processing /home/airflow/.local/lib/python3.8/site-packages/airflow/example_dags/example_task_group.py took 0.075 seconds
[2024-07-26T01:19:09.270+0000] {processor.py:161} INFO - Started process (PID=1856) to work on /home/airflow/.local/lib/python3.8/site-packages/airflow/example_dags/example_task_group.py
[2024-07-26T01:19:09.271+0000] {processor.py:830} INFO - Processing file /home/airflow/.local/lib/python3.8/site-packages/airflow/example_dags/example_task_group.py for tasks to queue
[2024-07-26T01:19:09.273+0000] {logging_mixin.py:188} INFO - [2024-07-26T01:19:09.272+0000] {dagbag.py:540} INFO - Filling up the DagBag from /home/airflow/.local/lib/python3.8/site-packages/airflow/example_dags/example_task_group.py
[2024-07-26T01:19:09.278+0000] {processor.py:840} INFO - DAG(s) 'example_task_group' retrieved from /home/airflow/.local/lib/python3.8/site-packages/airflow/example_dags/example_task_group.py
[2024-07-26T01:19:09.295+0000] {logging_mixin.py:188} INFO - [2024-07-26T01:19:09.295+0000] {dag.py:3047} INFO - Sync 1 DAGs
[2024-07-26T01:19:09.312+0000] {logging_mixin.py:188} INFO - [2024-07-26T01:19:09.312+0000] {dag.py:3834} INFO - Setting next_dagrun for example_task_group to 2024-07-25 00:00:00+00:00, run_after=2024-07-26 00:00:00+00:00
[2024-07-26T01:19:09.327+0000] {processor.py:183} INFO - Processing /home/airflow/.local/lib/python3.8/site-packages/airflow/example_dags/example_task_group.py took 0.059 seconds
[2024-07-26T02:06:20.238+0000] {processor.py:161} INFO - Started process (PID=55) to work on /home/airflow/.local/lib/python3.8/site-packages/airflow/example_dags/example_task_group.py
[2024-07-26T02:06:20.239+0000] {processor.py:830} INFO - Processing file /home/airflow/.local/lib/python3.8/site-packages/airflow/example_dags/example_task_group.py for tasks to queue
[2024-07-26T02:06:20.240+0000] {logging_mixin.py:188} INFO - [2024-07-26T02:06:20.240+0000] {dagbag.py:540} INFO - Filling up the DagBag from /home/airflow/.local/lib/python3.8/site-packages/airflow/example_dags/example_task_group.py
[2024-07-26T02:06:20.248+0000] {processor.py:840} INFO - DAG(s) 'example_task_group' retrieved from /home/airflow/.local/lib/python3.8/site-packages/airflow/example_dags/example_task_group.py
[2024-07-26T02:06:20.257+0000] {logging_mixin.py:188} INFO - [2024-07-26T02:06:20.257+0000] {dag.py:3047} INFO - Sync 1 DAGs
[2024-07-26T02:06:20.281+0000] {logging_mixin.py:188} INFO - [2024-07-26T02:06:20.281+0000] {dag.py:3834} INFO - Setting next_dagrun for example_task_group to 2024-07-25 00:00:00+00:00, run_after=2024-07-26 00:00:00+00:00
[2024-07-26T02:06:20.300+0000] {processor.py:183} INFO - Processing /home/airflow/.local/lib/python3.8/site-packages/airflow/example_dags/example_task_group.py took 0.065 seconds
[2024-07-26T02:06:50.658+0000] {processor.py:161} INFO - Started process (PID=111) to work on /home/airflow/.local/lib/python3.8/site-packages/airflow/example_dags/example_task_group.py
[2024-07-26T02:06:50.659+0000] {processor.py:830} INFO - Processing file /home/airflow/.local/lib/python3.8/site-packages/airflow/example_dags/example_task_group.py for tasks to queue
[2024-07-26T02:06:50.660+0000] {logging_mixin.py:188} INFO - [2024-07-26T02:06:50.660+0000] {dagbag.py:540} INFO - Filling up the DagBag from /home/airflow/.local/lib/python3.8/site-packages/airflow/example_dags/example_task_group.py
[2024-07-26T02:06:50.666+0000] {processor.py:840} INFO - DAG(s) 'example_task_group' retrieved from /home/airflow/.local/lib/python3.8/site-packages/airflow/example_dags/example_task_group.py
[2024-07-26T02:06:50.745+0000] {logging_mixin.py:188} INFO - [2024-07-26T02:06:50.745+0000] {dag.py:3047} INFO - Sync 1 DAGs
[2024-07-26T02:06:50.762+0000] {logging_mixin.py:188} INFO - [2024-07-26T02:06:50.761+0000] {dag.py:3834} INFO - Setting next_dagrun for example_task_group to 2024-07-25 00:00:00+00:00, run_after=2024-07-26 00:00:00+00:00
[2024-07-26T02:06:50.777+0000] {processor.py:183} INFO - Processing /home/airflow/.local/lib/python3.8/site-packages/airflow/example_dags/example_task_group.py took 0.121 seconds
[2024-07-26T02:07:20.901+0000] {processor.py:161} INFO - Started process (PID=175) to work on /home/airflow/.local/lib/python3.8/site-packages/airflow/example_dags/example_task_group.py
[2024-07-26T02:07:20.902+0000] {processor.py:830} INFO - Processing file /home/airflow/.local/lib/python3.8/site-packages/airflow/example_dags/example_task_group.py for tasks to queue
[2024-07-26T02:07:20.903+0000] {logging_mixin.py:188} INFO - [2024-07-26T02:07:20.903+0000] {dagbag.py:540} INFO - Filling up the DagBag from /home/airflow/.local/lib/python3.8/site-packages/airflow/example_dags/example_task_group.py
[2024-07-26T02:07:20.908+0000] {processor.py:840} INFO - DAG(s) 'example_task_group' retrieved from /home/airflow/.local/lib/python3.8/site-packages/airflow/example_dags/example_task_group.py
[2024-07-26T02:07:20.926+0000] {logging_mixin.py:188} INFO - [2024-07-26T02:07:20.926+0000] {dag.py:3047} INFO - Sync 1 DAGs
[2024-07-26T02:07:20.945+0000] {logging_mixin.py:188} INFO - [2024-07-26T02:07:20.945+0000] {dag.py:3834} INFO - Setting next_dagrun for example_task_group to 2024-07-25 00:00:00+00:00, run_after=2024-07-26 00:00:00+00:00
[2024-07-26T02:07:20.965+0000] {processor.py:183} INFO - Processing /home/airflow/.local/lib/python3.8/site-packages/airflow/example_dags/example_task_group.py took 0.066 seconds
