[2024-07-26T01:03:00.962+0000] {processor.py:161} INFO - Started process (PID=81) to work on /home/airflow/.local/lib/python3.8/site-packages/airflow/example_dags/example_task_group_decorator.py
[2024-07-26T01:03:00.964+0000] {processor.py:830} INFO - Processing file /home/airflow/.local/lib/python3.8/site-packages/airflow/example_dags/example_task_group_decorator.py for tasks to queue
[2024-07-26T01:03:00.966+0000] {logging_mixin.py:188} INFO - [2024-07-26T01:03:00.966+0000] {dagbag.py:540} INFO - Filling up the DagBag from /home/airflow/.local/lib/python3.8/site-packages/airflow/example_dags/example_task_group_decorator.py
[2024-07-26T01:03:00.985+0000] {processor.py:840} INFO - DAG(s) 'example_task_group_decorator' retrieved from /home/airflow/.local/lib/python3.8/site-packages/airflow/example_dags/example_task_group_decorator.py
[2024-07-26T01:03:00.998+0000] {logging_mixin.py:188} INFO - [2024-07-26T01:03:00.998+0000] {dag.py:3047} INFO - Sync 1 DAGs
[2024-07-26T01:03:01.024+0000] {logging_mixin.py:188} INFO - [2024-07-26T01:03:01.024+0000] {dag.py:3834} INFO - Setting next_dagrun for example_task_group_decorator to 2024-07-25 00:00:00+00:00, run_after=2024-07-26 00:00:00+00:00
[2024-07-26T01:03:01.043+0000] {processor.py:183} INFO - Processing /home/airflow/.local/lib/python3.8/site-packages/airflow/example_dags/example_task_group_decorator.py took 0.085 seconds
[2024-07-26T01:03:31.868+0000] {processor.py:161} INFO - Started process (PID=142) to work on /home/airflow/.local/lib/python3.8/site-packages/airflow/example_dags/example_task_group_decorator.py
[2024-07-26T01:03:31.868+0000] {processor.py:830} INFO - Processing file /home/airflow/.local/lib/python3.8/site-packages/airflow/example_dags/example_task_group_decorator.py for tasks to queue
[2024-07-26T01:03:31.869+0000] {logging_mixin.py:188} INFO - [2024-07-26T01:03:31.869+0000] {dagbag.py:540} INFO - Filling up the DagBag from /home/airflow/.local/lib/python3.8/site-packages/airflow/example_dags/example_task_group_decorator.py
[2024-07-26T01:03:31.880+0000] {processor.py:840} INFO - DAG(s) 'example_task_group_decorator' retrieved from /home/airflow/.local/lib/python3.8/site-packages/airflow/example_dags/example_task_group_decorator.py
[2024-07-26T01:03:31.962+0000] {logging_mixin.py:188} INFO - [2024-07-26T01:03:31.961+0000] {dag.py:3047} INFO - Sync 1 DAGs
[2024-07-26T01:03:31.978+0000] {logging_mixin.py:188} INFO - [2024-07-26T01:03:31.978+0000] {dag.py:3834} INFO - Setting next_dagrun for example_task_group_decorator to 2024-07-25 00:00:00+00:00, run_after=2024-07-26 00:00:00+00:00
[2024-07-26T01:03:32.018+0000] {processor.py:183} INFO - Processing /home/airflow/.local/lib/python3.8/site-packages/airflow/example_dags/example_task_group_decorator.py took 0.152 seconds
[2024-07-26T01:04:02.533+0000] {processor.py:161} INFO - Started process (PID=198) to work on /home/airflow/.local/lib/python3.8/site-packages/airflow/example_dags/example_task_group_decorator.py
[2024-07-26T01:04:02.534+0000] {processor.py:830} INFO - Processing file /home/airflow/.local/lib/python3.8/site-packages/airflow/example_dags/example_task_group_decorator.py for tasks to queue
[2024-07-26T01:04:02.535+0000] {logging_mixin.py:188} INFO - [2024-07-26T01:04:02.535+0000] {dagbag.py:540} INFO - Filling up the DagBag from /home/airflow/.local/lib/python3.8/site-packages/airflow/example_dags/example_task_group_decorator.py
[2024-07-26T01:04:02.547+0000] {processor.py:840} INFO - DAG(s) 'example_task_group_decorator' retrieved from /home/airflow/.local/lib/python3.8/site-packages/airflow/example_dags/example_task_group_decorator.py
[2024-07-26T01:04:02.570+0000] {logging_mixin.py:188} INFO - [2024-07-26T01:04:02.570+0000] {dag.py:3047} INFO - Sync 1 DAGs
[2024-07-26T01:04:02.590+0000] {logging_mixin.py:188} INFO - [2024-07-26T01:04:02.590+0000] {dag.py:3834} INFO - Setting next_dagrun for example_task_group_decorator to 2024-07-25 00:00:00+00:00, run_after=2024-07-26 00:00:00+00:00
[2024-07-26T01:04:02.609+0000] {processor.py:183} INFO - Processing /home/airflow/.local/lib/python3.8/site-packages/airflow/example_dags/example_task_group_decorator.py took 0.079 seconds
[2024-07-26T01:04:32.724+0000] {processor.py:161} INFO - Started process (PID=254) to work on /home/airflow/.local/lib/python3.8/site-packages/airflow/example_dags/example_task_group_decorator.py
[2024-07-26T01:04:32.725+0000] {processor.py:830} INFO - Processing file /home/airflow/.local/lib/python3.8/site-packages/airflow/example_dags/example_task_group_decorator.py for tasks to queue
[2024-07-26T01:04:32.726+0000] {logging_mixin.py:188} INFO - [2024-07-26T01:04:32.726+0000] {dagbag.py:540} INFO - Filling up the DagBag from /home/airflow/.local/lib/python3.8/site-packages/airflow/example_dags/example_task_group_decorator.py
[2024-07-26T01:04:32.738+0000] {processor.py:840} INFO - DAG(s) 'example_task_group_decorator' retrieved from /home/airflow/.local/lib/python3.8/site-packages/airflow/example_dags/example_task_group_decorator.py
[2024-07-26T01:04:32.762+0000] {logging_mixin.py:188} INFO - [2024-07-26T01:04:32.762+0000] {dag.py:3047} INFO - Sync 1 DAGs
[2024-07-26T01:04:32.783+0000] {logging_mixin.py:188} INFO - [2024-07-26T01:04:32.782+0000] {dag.py:3834} INFO - Setting next_dagrun for example_task_group_decorator to 2024-07-25 00:00:00+00:00, run_after=2024-07-26 00:00:00+00:00
[2024-07-26T01:04:32.803+0000] {processor.py:183} INFO - Processing /home/airflow/.local/lib/python3.8/site-packages/airflow/example_dags/example_task_group_decorator.py took 0.081 seconds
[2024-07-26T01:05:03.048+0000] {processor.py:161} INFO - Started process (PID=310) to work on /home/airflow/.local/lib/python3.8/site-packages/airflow/example_dags/example_task_group_decorator.py
[2024-07-26T01:05:03.049+0000] {processor.py:830} INFO - Processing file /home/airflow/.local/lib/python3.8/site-packages/airflow/example_dags/example_task_group_decorator.py for tasks to queue
[2024-07-26T01:05:03.050+0000] {logging_mixin.py:188} INFO - [2024-07-26T01:05:03.050+0000] {dagbag.py:540} INFO - Filling up the DagBag from /home/airflow/.local/lib/python3.8/site-packages/airflow/example_dags/example_task_group_decorator.py
[2024-07-26T01:05:03.064+0000] {processor.py:840} INFO - DAG(s) 'example_task_group_decorator' retrieved from /home/airflow/.local/lib/python3.8/site-packages/airflow/example_dags/example_task_group_decorator.py
[2024-07-26T01:05:03.085+0000] {logging_mixin.py:188} INFO - [2024-07-26T01:05:03.085+0000] {dag.py:3047} INFO - Sync 1 DAGs
[2024-07-26T01:05:03.104+0000] {logging_mixin.py:188} INFO - [2024-07-26T01:05:03.104+0000] {dag.py:3834} INFO - Setting next_dagrun for example_task_group_decorator to 2024-07-25 00:00:00+00:00, run_after=2024-07-26 00:00:00+00:00
[2024-07-26T01:05:03.121+0000] {processor.py:183} INFO - Processing /home/airflow/.local/lib/python3.8/site-packages/airflow/example_dags/example_task_group_decorator.py took 0.076 seconds
[2024-07-26T01:05:33.372+0000] {processor.py:161} INFO - Started process (PID=366) to work on /home/airflow/.local/lib/python3.8/site-packages/airflow/example_dags/example_task_group_decorator.py
[2024-07-26T01:05:33.373+0000] {processor.py:830} INFO - Processing file /home/airflow/.local/lib/python3.8/site-packages/airflow/example_dags/example_task_group_decorator.py for tasks to queue
[2024-07-26T01:05:33.374+0000] {logging_mixin.py:188} INFO - [2024-07-26T01:05:33.374+0000] {dagbag.py:540} INFO - Filling up the DagBag from /home/airflow/.local/lib/python3.8/site-packages/airflow/example_dags/example_task_group_decorator.py
[2024-07-26T01:05:33.386+0000] {processor.py:840} INFO - DAG(s) 'example_task_group_decorator' retrieved from /home/airflow/.local/lib/python3.8/site-packages/airflow/example_dags/example_task_group_decorator.py
[2024-07-26T01:05:33.406+0000] {logging_mixin.py:188} INFO - [2024-07-26T01:05:33.406+0000] {dag.py:3047} INFO - Sync 1 DAGs
[2024-07-26T01:05:33.425+0000] {logging_mixin.py:188} INFO - [2024-07-26T01:05:33.425+0000] {dag.py:3834} INFO - Setting next_dagrun for example_task_group_decorator to 2024-07-25 00:00:00+00:00, run_after=2024-07-26 00:00:00+00:00
[2024-07-26T01:05:33.442+0000] {processor.py:183} INFO - Processing /home/airflow/.local/lib/python3.8/site-packages/airflow/example_dags/example_task_group_decorator.py took 0.072 seconds
[2024-07-26T01:06:03.544+0000] {processor.py:161} INFO - Started process (PID=422) to work on /home/airflow/.local/lib/python3.8/site-packages/airflow/example_dags/example_task_group_decorator.py
[2024-07-26T01:06:03.544+0000] {processor.py:830} INFO - Processing file /home/airflow/.local/lib/python3.8/site-packages/airflow/example_dags/example_task_group_decorator.py for tasks to queue
[2024-07-26T01:06:03.546+0000] {logging_mixin.py:188} INFO - [2024-07-26T01:06:03.545+0000] {dagbag.py:540} INFO - Filling up the DagBag from /home/airflow/.local/lib/python3.8/site-packages/airflow/example_dags/example_task_group_decorator.py
[2024-07-26T01:06:03.557+0000] {processor.py:840} INFO - DAG(s) 'example_task_group_decorator' retrieved from /home/airflow/.local/lib/python3.8/site-packages/airflow/example_dags/example_task_group_decorator.py
[2024-07-26T01:06:03.577+0000] {logging_mixin.py:188} INFO - [2024-07-26T01:06:03.577+0000] {dag.py:3047} INFO - Sync 1 DAGs
[2024-07-26T01:06:03.597+0000] {logging_mixin.py:188} INFO - [2024-07-26T01:06:03.597+0000] {dag.py:3834} INFO - Setting next_dagrun for example_task_group_decorator to 2024-07-25 00:00:00+00:00, run_after=2024-07-26 00:00:00+00:00
[2024-07-26T01:06:03.614+0000] {processor.py:183} INFO - Processing /home/airflow/.local/lib/python3.8/site-packages/airflow/example_dags/example_task_group_decorator.py took 0.072 seconds
[2024-07-26T01:06:33.744+0000] {processor.py:161} INFO - Started process (PID=478) to work on /home/airflow/.local/lib/python3.8/site-packages/airflow/example_dags/example_task_group_decorator.py
[2024-07-26T01:06:33.745+0000] {processor.py:830} INFO - Processing file /home/airflow/.local/lib/python3.8/site-packages/airflow/example_dags/example_task_group_decorator.py for tasks to queue
[2024-07-26T01:06:33.746+0000] {logging_mixin.py:188} INFO - [2024-07-26T01:06:33.746+0000] {dagbag.py:540} INFO - Filling up the DagBag from /home/airflow/.local/lib/python3.8/site-packages/airflow/example_dags/example_task_group_decorator.py
[2024-07-26T01:06:33.758+0000] {processor.py:840} INFO - DAG(s) 'example_task_group_decorator' retrieved from /home/airflow/.local/lib/python3.8/site-packages/airflow/example_dags/example_task_group_decorator.py
[2024-07-26T01:06:33.777+0000] {logging_mixin.py:188} INFO - [2024-07-26T01:06:33.776+0000] {dag.py:3047} INFO - Sync 1 DAGs
[2024-07-26T01:06:33.792+0000] {logging_mixin.py:188} INFO - [2024-07-26T01:06:33.792+0000] {dag.py:3834} INFO - Setting next_dagrun for example_task_group_decorator to 2024-07-25 00:00:00+00:00, run_after=2024-07-26 00:00:00+00:00
[2024-07-26T01:06:33.809+0000] {processor.py:183} INFO - Processing /home/airflow/.local/lib/python3.8/site-packages/airflow/example_dags/example_task_group_decorator.py took 0.067 seconds
[2024-07-26T01:07:03.866+0000] {processor.py:161} INFO - Started process (PID=534) to work on /home/airflow/.local/lib/python3.8/site-packages/airflow/example_dags/example_task_group_decorator.py
[2024-07-26T01:07:03.866+0000] {processor.py:830} INFO - Processing file /home/airflow/.local/lib/python3.8/site-packages/airflow/example_dags/example_task_group_decorator.py for tasks to queue
[2024-07-26T01:07:03.868+0000] {logging_mixin.py:188} INFO - [2024-07-26T01:07:03.867+0000] {dagbag.py:540} INFO - Filling up the DagBag from /home/airflow/.local/lib/python3.8/site-packages/airflow/example_dags/example_task_group_decorator.py
[2024-07-26T01:07:03.879+0000] {processor.py:840} INFO - DAG(s) 'example_task_group_decorator' retrieved from /home/airflow/.local/lib/python3.8/site-packages/airflow/example_dags/example_task_group_decorator.py
[2024-07-26T01:07:03.898+0000] {logging_mixin.py:188} INFO - [2024-07-26T01:07:03.898+0000] {dag.py:3047} INFO - Sync 1 DAGs
[2024-07-26T01:07:03.914+0000] {logging_mixin.py:188} INFO - [2024-07-26T01:07:03.914+0000] {dag.py:3834} INFO - Setting next_dagrun for example_task_group_decorator to 2024-07-25 00:00:00+00:00, run_after=2024-07-26 00:00:00+00:00
[2024-07-26T01:07:03.928+0000] {processor.py:183} INFO - Processing /home/airflow/.local/lib/python3.8/site-packages/airflow/example_dags/example_task_group_decorator.py took 0.065 seconds
[2024-07-26T01:07:34.407+0000] {processor.py:161} INFO - Started process (PID=590) to work on /home/airflow/.local/lib/python3.8/site-packages/airflow/example_dags/example_task_group_decorator.py
[2024-07-26T01:07:34.407+0000] {processor.py:830} INFO - Processing file /home/airflow/.local/lib/python3.8/site-packages/airflow/example_dags/example_task_group_decorator.py for tasks to queue
[2024-07-26T01:07:34.409+0000] {logging_mixin.py:188} INFO - [2024-07-26T01:07:34.409+0000] {dagbag.py:540} INFO - Filling up the DagBag from /home/airflow/.local/lib/python3.8/site-packages/airflow/example_dags/example_task_group_decorator.py
[2024-07-26T01:07:34.422+0000] {processor.py:840} INFO - DAG(s) 'example_task_group_decorator' retrieved from /home/airflow/.local/lib/python3.8/site-packages/airflow/example_dags/example_task_group_decorator.py
[2024-07-26T01:07:34.446+0000] {logging_mixin.py:188} INFO - [2024-07-26T01:07:34.445+0000] {dag.py:3047} INFO - Sync 1 DAGs
[2024-07-26T01:07:34.470+0000] {logging_mixin.py:188} INFO - [2024-07-26T01:07:34.470+0000] {dag.py:3834} INFO - Setting next_dagrun for example_task_group_decorator to 2024-07-25 00:00:00+00:00, run_after=2024-07-26 00:00:00+00:00
[2024-07-26T01:07:34.490+0000] {processor.py:183} INFO - Processing /home/airflow/.local/lib/python3.8/site-packages/airflow/example_dags/example_task_group_decorator.py took 0.086 seconds
[2024-07-26T01:08:04.573+0000] {processor.py:161} INFO - Started process (PID=646) to work on /home/airflow/.local/lib/python3.8/site-packages/airflow/example_dags/example_task_group_decorator.py
[2024-07-26T01:08:04.574+0000] {processor.py:830} INFO - Processing file /home/airflow/.local/lib/python3.8/site-packages/airflow/example_dags/example_task_group_decorator.py for tasks to queue
[2024-07-26T01:08:04.575+0000] {logging_mixin.py:188} INFO - [2024-07-26T01:08:04.575+0000] {dagbag.py:540} INFO - Filling up the DagBag from /home/airflow/.local/lib/python3.8/site-packages/airflow/example_dags/example_task_group_decorator.py
[2024-07-26T01:08:04.587+0000] {processor.py:840} INFO - DAG(s) 'example_task_group_decorator' retrieved from /home/airflow/.local/lib/python3.8/site-packages/airflow/example_dags/example_task_group_decorator.py
[2024-07-26T01:08:04.618+0000] {logging_mixin.py:188} INFO - [2024-07-26T01:08:04.617+0000] {dag.py:3047} INFO - Sync 1 DAGs
[2024-07-26T01:08:04.639+0000] {logging_mixin.py:188} INFO - [2024-07-26T01:08:04.639+0000] {dag.py:3834} INFO - Setting next_dagrun for example_task_group_decorator to 2024-07-25 00:00:00+00:00, run_after=2024-07-26 00:00:00+00:00
[2024-07-26T01:08:04.660+0000] {processor.py:183} INFO - Processing /home/airflow/.local/lib/python3.8/site-packages/airflow/example_dags/example_task_group_decorator.py took 0.090 seconds
[2024-07-26T01:08:34.814+0000] {processor.py:161} INFO - Started process (PID=702) to work on /home/airflow/.local/lib/python3.8/site-packages/airflow/example_dags/example_task_group_decorator.py
[2024-07-26T01:08:34.815+0000] {processor.py:830} INFO - Processing file /home/airflow/.local/lib/python3.8/site-packages/airflow/example_dags/example_task_group_decorator.py for tasks to queue
[2024-07-26T01:08:34.816+0000] {logging_mixin.py:188} INFO - [2024-07-26T01:08:34.815+0000] {dagbag.py:540} INFO - Filling up the DagBag from /home/airflow/.local/lib/python3.8/site-packages/airflow/example_dags/example_task_group_decorator.py
[2024-07-26T01:08:34.827+0000] {processor.py:840} INFO - DAG(s) 'example_task_group_decorator' retrieved from /home/airflow/.local/lib/python3.8/site-packages/airflow/example_dags/example_task_group_decorator.py
[2024-07-26T01:08:34.847+0000] {logging_mixin.py:188} INFO - [2024-07-26T01:08:34.847+0000] {dag.py:3047} INFO - Sync 1 DAGs
[2024-07-26T01:08:34.864+0000] {logging_mixin.py:188} INFO - [2024-07-26T01:08:34.864+0000] {dag.py:3834} INFO - Setting next_dagrun for example_task_group_decorator to 2024-07-25 00:00:00+00:00, run_after=2024-07-26 00:00:00+00:00
[2024-07-26T01:08:34.879+0000] {processor.py:183} INFO - Processing /home/airflow/.local/lib/python3.8/site-packages/airflow/example_dags/example_task_group_decorator.py took 0.068 seconds
[2024-07-26T01:09:05.073+0000] {processor.py:161} INFO - Started process (PID=758) to work on /home/airflow/.local/lib/python3.8/site-packages/airflow/example_dags/example_task_group_decorator.py
[2024-07-26T01:09:05.074+0000] {processor.py:830} INFO - Processing file /home/airflow/.local/lib/python3.8/site-packages/airflow/example_dags/example_task_group_decorator.py for tasks to queue
[2024-07-26T01:09:05.075+0000] {logging_mixin.py:188} INFO - [2024-07-26T01:09:05.075+0000] {dagbag.py:540} INFO - Filling up the DagBag from /home/airflow/.local/lib/python3.8/site-packages/airflow/example_dags/example_task_group_decorator.py
[2024-07-26T01:09:05.086+0000] {processor.py:840} INFO - DAG(s) 'example_task_group_decorator' retrieved from /home/airflow/.local/lib/python3.8/site-packages/airflow/example_dags/example_task_group_decorator.py
[2024-07-26T01:09:05.106+0000] {logging_mixin.py:188} INFO - [2024-07-26T01:09:05.106+0000] {dag.py:3047} INFO - Sync 1 DAGs
[2024-07-26T01:09:05.125+0000] {logging_mixin.py:188} INFO - [2024-07-26T01:09:05.125+0000] {dag.py:3834} INFO - Setting next_dagrun for example_task_group_decorator to 2024-07-25 00:00:00+00:00, run_after=2024-07-26 00:00:00+00:00
[2024-07-26T01:09:05.143+0000] {processor.py:183} INFO - Processing /home/airflow/.local/lib/python3.8/site-packages/airflow/example_dags/example_task_group_decorator.py took 0.072 seconds
[2024-07-26T01:09:35.341+0000] {processor.py:161} INFO - Started process (PID=814) to work on /home/airflow/.local/lib/python3.8/site-packages/airflow/example_dags/example_task_group_decorator.py
[2024-07-26T01:09:35.342+0000] {processor.py:830} INFO - Processing file /home/airflow/.local/lib/python3.8/site-packages/airflow/example_dags/example_task_group_decorator.py for tasks to queue
[2024-07-26T01:09:35.343+0000] {logging_mixin.py:188} INFO - [2024-07-26T01:09:35.343+0000] {dagbag.py:540} INFO - Filling up the DagBag from /home/airflow/.local/lib/python3.8/site-packages/airflow/example_dags/example_task_group_decorator.py
[2024-07-26T01:09:35.355+0000] {processor.py:840} INFO - DAG(s) 'example_task_group_decorator' retrieved from /home/airflow/.local/lib/python3.8/site-packages/airflow/example_dags/example_task_group_decorator.py
[2024-07-26T01:09:35.375+0000] {logging_mixin.py:188} INFO - [2024-07-26T01:09:35.375+0000] {dag.py:3047} INFO - Sync 1 DAGs
[2024-07-26T01:09:35.392+0000] {logging_mixin.py:188} INFO - [2024-07-26T01:09:35.392+0000] {dag.py:3834} INFO - Setting next_dagrun for example_task_group_decorator to 2024-07-25 00:00:00+00:00, run_after=2024-07-26 00:00:00+00:00
[2024-07-26T01:09:35.410+0000] {processor.py:183} INFO - Processing /home/airflow/.local/lib/python3.8/site-packages/airflow/example_dags/example_task_group_decorator.py took 0.072 seconds
[2024-07-26T01:10:05.481+0000] {processor.py:161} INFO - Started process (PID=870) to work on /home/airflow/.local/lib/python3.8/site-packages/airflow/example_dags/example_task_group_decorator.py
[2024-07-26T01:10:05.482+0000] {processor.py:830} INFO - Processing file /home/airflow/.local/lib/python3.8/site-packages/airflow/example_dags/example_task_group_decorator.py for tasks to queue
[2024-07-26T01:10:05.483+0000] {logging_mixin.py:188} INFO - [2024-07-26T01:10:05.482+0000] {dagbag.py:540} INFO - Filling up the DagBag from /home/airflow/.local/lib/python3.8/site-packages/airflow/example_dags/example_task_group_decorator.py
[2024-07-26T01:10:05.495+0000] {processor.py:840} INFO - DAG(s) 'example_task_group_decorator' retrieved from /home/airflow/.local/lib/python3.8/site-packages/airflow/example_dags/example_task_group_decorator.py
[2024-07-26T01:10:05.515+0000] {logging_mixin.py:188} INFO - [2024-07-26T01:10:05.515+0000] {dag.py:3047} INFO - Sync 1 DAGs
[2024-07-26T01:10:05.534+0000] {logging_mixin.py:188} INFO - [2024-07-26T01:10:05.534+0000] {dag.py:3834} INFO - Setting next_dagrun for example_task_group_decorator to 2024-07-25 00:00:00+00:00, run_after=2024-07-26 00:00:00+00:00
[2024-07-26T01:10:05.548+0000] {processor.py:183} INFO - Processing /home/airflow/.local/lib/python3.8/site-packages/airflow/example_dags/example_task_group_decorator.py took 0.070 seconds
[2024-07-26T01:10:35.725+0000] {processor.py:161} INFO - Started process (PID=927) to work on /home/airflow/.local/lib/python3.8/site-packages/airflow/example_dags/example_task_group_decorator.py
[2024-07-26T01:10:35.725+0000] {processor.py:830} INFO - Processing file /home/airflow/.local/lib/python3.8/site-packages/airflow/example_dags/example_task_group_decorator.py for tasks to queue
[2024-07-26T01:10:35.727+0000] {logging_mixin.py:188} INFO - [2024-07-26T01:10:35.727+0000] {dagbag.py:540} INFO - Filling up the DagBag from /home/airflow/.local/lib/python3.8/site-packages/airflow/example_dags/example_task_group_decorator.py
[2024-07-26T01:10:35.738+0000] {processor.py:840} INFO - DAG(s) 'example_task_group_decorator' retrieved from /home/airflow/.local/lib/python3.8/site-packages/airflow/example_dags/example_task_group_decorator.py
[2024-07-26T01:10:35.758+0000] {logging_mixin.py:188} INFO - [2024-07-26T01:10:35.757+0000] {dag.py:3047} INFO - Sync 1 DAGs
[2024-07-26T01:10:35.774+0000] {logging_mixin.py:188} INFO - [2024-07-26T01:10:35.773+0000] {dag.py:3834} INFO - Setting next_dagrun for example_task_group_decorator to 2024-07-25 00:00:00+00:00, run_after=2024-07-26 00:00:00+00:00
[2024-07-26T01:10:35.790+0000] {processor.py:183} INFO - Processing /home/airflow/.local/lib/python3.8/site-packages/airflow/example_dags/example_task_group_decorator.py took 0.067 seconds
[2024-07-26T01:11:06.137+0000] {processor.py:161} INFO - Started process (PID=983) to work on /home/airflow/.local/lib/python3.8/site-packages/airflow/example_dags/example_task_group_decorator.py
[2024-07-26T01:11:06.138+0000] {processor.py:830} INFO - Processing file /home/airflow/.local/lib/python3.8/site-packages/airflow/example_dags/example_task_group_decorator.py for tasks to queue
[2024-07-26T01:11:06.140+0000] {logging_mixin.py:188} INFO - [2024-07-26T01:11:06.139+0000] {dagbag.py:540} INFO - Filling up the DagBag from /home/airflow/.local/lib/python3.8/site-packages/airflow/example_dags/example_task_group_decorator.py
[2024-07-26T01:11:06.152+0000] {processor.py:840} INFO - DAG(s) 'example_task_group_decorator' retrieved from /home/airflow/.local/lib/python3.8/site-packages/airflow/example_dags/example_task_group_decorator.py
[2024-07-26T01:11:06.175+0000] {logging_mixin.py:188} INFO - [2024-07-26T01:11:06.174+0000] {dag.py:3047} INFO - Sync 1 DAGs
[2024-07-26T01:11:06.194+0000] {logging_mixin.py:188} INFO - [2024-07-26T01:11:06.194+0000] {dag.py:3834} INFO - Setting next_dagrun for example_task_group_decorator to 2024-07-25 00:00:00+00:00, run_after=2024-07-26 00:00:00+00:00
[2024-07-26T01:11:06.210+0000] {processor.py:183} INFO - Processing /home/airflow/.local/lib/python3.8/site-packages/airflow/example_dags/example_task_group_decorator.py took 0.075 seconds
[2024-07-26T01:11:36.340+0000] {processor.py:161} INFO - Started process (PID=1039) to work on /home/airflow/.local/lib/python3.8/site-packages/airflow/example_dags/example_task_group_decorator.py
[2024-07-26T01:11:36.341+0000] {processor.py:830} INFO - Processing file /home/airflow/.local/lib/python3.8/site-packages/airflow/example_dags/example_task_group_decorator.py for tasks to queue
[2024-07-26T01:11:36.343+0000] {logging_mixin.py:188} INFO - [2024-07-26T01:11:36.342+0000] {dagbag.py:540} INFO - Filling up the DagBag from /home/airflow/.local/lib/python3.8/site-packages/airflow/example_dags/example_task_group_decorator.py
[2024-07-26T01:11:36.354+0000] {processor.py:840} INFO - DAG(s) 'example_task_group_decorator' retrieved from /home/airflow/.local/lib/python3.8/site-packages/airflow/example_dags/example_task_group_decorator.py
[2024-07-26T01:11:36.376+0000] {logging_mixin.py:188} INFO - [2024-07-26T01:11:36.375+0000] {dag.py:3047} INFO - Sync 1 DAGs
[2024-07-26T01:11:36.396+0000] {logging_mixin.py:188} INFO - [2024-07-26T01:11:36.396+0000] {dag.py:3834} INFO - Setting next_dagrun for example_task_group_decorator to 2024-07-25 00:00:00+00:00, run_after=2024-07-26 00:00:00+00:00
[2024-07-26T01:11:36.413+0000] {processor.py:183} INFO - Processing /home/airflow/.local/lib/python3.8/site-packages/airflow/example_dags/example_task_group_decorator.py took 0.075 seconds
[2024-07-26T01:12:06.700+0000] {processor.py:161} INFO - Started process (PID=1095) to work on /home/airflow/.local/lib/python3.8/site-packages/airflow/example_dags/example_task_group_decorator.py
[2024-07-26T01:12:06.701+0000] {processor.py:830} INFO - Processing file /home/airflow/.local/lib/python3.8/site-packages/airflow/example_dags/example_task_group_decorator.py for tasks to queue
[2024-07-26T01:12:06.702+0000] {logging_mixin.py:188} INFO - [2024-07-26T01:12:06.702+0000] {dagbag.py:540} INFO - Filling up the DagBag from /home/airflow/.local/lib/python3.8/site-packages/airflow/example_dags/example_task_group_decorator.py
[2024-07-26T01:12:06.714+0000] {processor.py:840} INFO - DAG(s) 'example_task_group_decorator' retrieved from /home/airflow/.local/lib/python3.8/site-packages/airflow/example_dags/example_task_group_decorator.py
[2024-07-26T01:12:06.737+0000] {logging_mixin.py:188} INFO - [2024-07-26T01:12:06.736+0000] {dag.py:3047} INFO - Sync 1 DAGs
[2024-07-26T01:12:06.755+0000] {logging_mixin.py:188} INFO - [2024-07-26T01:12:06.755+0000] {dag.py:3834} INFO - Setting next_dagrun for example_task_group_decorator to 2024-07-25 00:00:00+00:00, run_after=2024-07-26 00:00:00+00:00
[2024-07-26T01:12:06.774+0000] {processor.py:183} INFO - Processing /home/airflow/.local/lib/python3.8/site-packages/airflow/example_dags/example_task_group_decorator.py took 0.076 seconds
[2024-07-26T01:12:36.902+0000] {processor.py:161} INFO - Started process (PID=1151) to work on /home/airflow/.local/lib/python3.8/site-packages/airflow/example_dags/example_task_group_decorator.py
[2024-07-26T01:12:36.902+0000] {processor.py:830} INFO - Processing file /home/airflow/.local/lib/python3.8/site-packages/airflow/example_dags/example_task_group_decorator.py for tasks to queue
[2024-07-26T01:12:36.903+0000] {logging_mixin.py:188} INFO - [2024-07-26T01:12:36.903+0000] {dagbag.py:540} INFO - Filling up the DagBag from /home/airflow/.local/lib/python3.8/site-packages/airflow/example_dags/example_task_group_decorator.py
[2024-07-26T01:12:36.914+0000] {processor.py:840} INFO - DAG(s) 'example_task_group_decorator' retrieved from /home/airflow/.local/lib/python3.8/site-packages/airflow/example_dags/example_task_group_decorator.py
[2024-07-26T01:12:36.934+0000] {logging_mixin.py:188} INFO - [2024-07-26T01:12:36.934+0000] {dag.py:3047} INFO - Sync 1 DAGs
[2024-07-26T01:12:36.951+0000] {logging_mixin.py:188} INFO - [2024-07-26T01:12:36.950+0000] {dag.py:3834} INFO - Setting next_dagrun for example_task_group_decorator to 2024-07-25 00:00:00+00:00, run_after=2024-07-26 00:00:00+00:00
[2024-07-26T01:12:36.965+0000] {processor.py:183} INFO - Processing /home/airflow/.local/lib/python3.8/site-packages/airflow/example_dags/example_task_group_decorator.py took 0.065 seconds
[2024-07-26T01:13:07.961+0000] {processor.py:161} INFO - Started process (PID=1207) to work on /home/airflow/.local/lib/python3.8/site-packages/airflow/example_dags/example_task_group_decorator.py
[2024-07-26T01:13:07.962+0000] {processor.py:830} INFO - Processing file /home/airflow/.local/lib/python3.8/site-packages/airflow/example_dags/example_task_group_decorator.py for tasks to queue
[2024-07-26T01:13:07.963+0000] {logging_mixin.py:188} INFO - [2024-07-26T01:13:07.963+0000] {dagbag.py:540} INFO - Filling up the DagBag from /home/airflow/.local/lib/python3.8/site-packages/airflow/example_dags/example_task_group_decorator.py
[2024-07-26T01:13:07.976+0000] {processor.py:840} INFO - DAG(s) 'example_task_group_decorator' retrieved from /home/airflow/.local/lib/python3.8/site-packages/airflow/example_dags/example_task_group_decorator.py
[2024-07-26T01:13:07.997+0000] {logging_mixin.py:188} INFO - [2024-07-26T01:13:07.996+0000] {dag.py:3047} INFO - Sync 1 DAGs
[2024-07-26T01:13:08.015+0000] {logging_mixin.py:188} INFO - [2024-07-26T01:13:08.014+0000] {dag.py:3834} INFO - Setting next_dagrun for example_task_group_decorator to 2024-07-25 00:00:00+00:00, run_after=2024-07-26 00:00:00+00:00
[2024-07-26T01:13:08.031+0000] {processor.py:183} INFO - Processing /home/airflow/.local/lib/python3.8/site-packages/airflow/example_dags/example_task_group_decorator.py took 0.072 seconds
[2024-07-26T01:13:38.420+0000] {processor.py:161} INFO - Started process (PID=1263) to work on /home/airflow/.local/lib/python3.8/site-packages/airflow/example_dags/example_task_group_decorator.py
[2024-07-26T01:13:38.421+0000] {processor.py:830} INFO - Processing file /home/airflow/.local/lib/python3.8/site-packages/airflow/example_dags/example_task_group_decorator.py for tasks to queue
[2024-07-26T01:13:38.423+0000] {logging_mixin.py:188} INFO - [2024-07-26T01:13:38.422+0000] {dagbag.py:540} INFO - Filling up the DagBag from /home/airflow/.local/lib/python3.8/site-packages/airflow/example_dags/example_task_group_decorator.py
[2024-07-26T01:13:38.440+0000] {processor.py:840} INFO - DAG(s) 'example_task_group_decorator' retrieved from /home/airflow/.local/lib/python3.8/site-packages/airflow/example_dags/example_task_group_decorator.py
[2024-07-26T01:13:38.465+0000] {logging_mixin.py:188} INFO - [2024-07-26T01:13:38.464+0000] {dag.py:3047} INFO - Sync 1 DAGs
[2024-07-26T01:13:38.486+0000] {logging_mixin.py:188} INFO - [2024-07-26T01:13:38.486+0000] {dag.py:3834} INFO - Setting next_dagrun for example_task_group_decorator to 2024-07-25 00:00:00+00:00, run_after=2024-07-26 00:00:00+00:00
[2024-07-26T01:13:38.503+0000] {processor.py:183} INFO - Processing /home/airflow/.local/lib/python3.8/site-packages/airflow/example_dags/example_task_group_decorator.py took 0.085 seconds
[2024-07-26T01:14:08.561+0000] {processor.py:161} INFO - Started process (PID=1319) to work on /home/airflow/.local/lib/python3.8/site-packages/airflow/example_dags/example_task_group_decorator.py
[2024-07-26T01:14:08.562+0000] {processor.py:830} INFO - Processing file /home/airflow/.local/lib/python3.8/site-packages/airflow/example_dags/example_task_group_decorator.py for tasks to queue
[2024-07-26T01:14:08.564+0000] {logging_mixin.py:188} INFO - [2024-07-26T01:14:08.563+0000] {dagbag.py:540} INFO - Filling up the DagBag from /home/airflow/.local/lib/python3.8/site-packages/airflow/example_dags/example_task_group_decorator.py
[2024-07-26T01:14:08.578+0000] {processor.py:840} INFO - DAG(s) 'example_task_group_decorator' retrieved from /home/airflow/.local/lib/python3.8/site-packages/airflow/example_dags/example_task_group_decorator.py
[2024-07-26T01:14:08.600+0000] {logging_mixin.py:188} INFO - [2024-07-26T01:14:08.600+0000] {dag.py:3047} INFO - Sync 1 DAGs
[2024-07-26T01:14:08.619+0000] {logging_mixin.py:188} INFO - [2024-07-26T01:14:08.618+0000] {dag.py:3834} INFO - Setting next_dagrun for example_task_group_decorator to 2024-07-25 00:00:00+00:00, run_after=2024-07-26 00:00:00+00:00
[2024-07-26T01:14:08.637+0000] {processor.py:183} INFO - Processing /home/airflow/.local/lib/python3.8/site-packages/airflow/example_dags/example_task_group_decorator.py took 0.078 seconds
[2024-07-26T01:14:39.219+0000] {processor.py:161} INFO - Started process (PID=1375) to work on /home/airflow/.local/lib/python3.8/site-packages/airflow/example_dags/example_task_group_decorator.py
[2024-07-26T01:14:39.220+0000] {processor.py:830} INFO - Processing file /home/airflow/.local/lib/python3.8/site-packages/airflow/example_dags/example_task_group_decorator.py for tasks to queue
[2024-07-26T01:14:39.221+0000] {logging_mixin.py:188} INFO - [2024-07-26T01:14:39.221+0000] {dagbag.py:540} INFO - Filling up the DagBag from /home/airflow/.local/lib/python3.8/site-packages/airflow/example_dags/example_task_group_decorator.py
[2024-07-26T01:14:39.237+0000] {processor.py:840} INFO - DAG(s) 'example_task_group_decorator' retrieved from /home/airflow/.local/lib/python3.8/site-packages/airflow/example_dags/example_task_group_decorator.py
[2024-07-26T01:14:39.263+0000] {logging_mixin.py:188} INFO - [2024-07-26T01:14:39.263+0000] {dag.py:3047} INFO - Sync 1 DAGs
[2024-07-26T01:14:39.288+0000] {logging_mixin.py:188} INFO - [2024-07-26T01:14:39.288+0000] {dag.py:3834} INFO - Setting next_dagrun for example_task_group_decorator to 2024-07-25 00:00:00+00:00, run_after=2024-07-26 00:00:00+00:00
[2024-07-26T01:14:39.311+0000] {processor.py:183} INFO - Processing /home/airflow/.local/lib/python3.8/site-packages/airflow/example_dags/example_task_group_decorator.py took 0.094 seconds
[2024-07-26T01:15:10.281+0000] {processor.py:161} INFO - Started process (PID=1431) to work on /home/airflow/.local/lib/python3.8/site-packages/airflow/example_dags/example_task_group_decorator.py
[2024-07-26T01:15:10.282+0000] {processor.py:830} INFO - Processing file /home/airflow/.local/lib/python3.8/site-packages/airflow/example_dags/example_task_group_decorator.py for tasks to queue
[2024-07-26T01:15:10.283+0000] {logging_mixin.py:188} INFO - [2024-07-26T01:15:10.282+0000] {dagbag.py:540} INFO - Filling up the DagBag from /home/airflow/.local/lib/python3.8/site-packages/airflow/example_dags/example_task_group_decorator.py
[2024-07-26T01:15:10.294+0000] {processor.py:840} INFO - DAG(s) 'example_task_group_decorator' retrieved from /home/airflow/.local/lib/python3.8/site-packages/airflow/example_dags/example_task_group_decorator.py
[2024-07-26T01:15:10.313+0000] {logging_mixin.py:188} INFO - [2024-07-26T01:15:10.312+0000] {dag.py:3047} INFO - Sync 1 DAGs
[2024-07-26T01:15:10.329+0000] {logging_mixin.py:188} INFO - [2024-07-26T01:15:10.329+0000] {dag.py:3834} INFO - Setting next_dagrun for example_task_group_decorator to 2024-07-25 00:00:00+00:00, run_after=2024-07-26 00:00:00+00:00
[2024-07-26T01:15:10.344+0000] {processor.py:183} INFO - Processing /home/airflow/.local/lib/python3.8/site-packages/airflow/example_dags/example_task_group_decorator.py took 0.066 seconds
[2024-07-26T01:15:40.632+0000] {processor.py:161} INFO - Started process (PID=1487) to work on /home/airflow/.local/lib/python3.8/site-packages/airflow/example_dags/example_task_group_decorator.py
[2024-07-26T01:15:40.633+0000] {processor.py:830} INFO - Processing file /home/airflow/.local/lib/python3.8/site-packages/airflow/example_dags/example_task_group_decorator.py for tasks to queue
[2024-07-26T01:15:40.634+0000] {logging_mixin.py:188} INFO - [2024-07-26T01:15:40.634+0000] {dagbag.py:540} INFO - Filling up the DagBag from /home/airflow/.local/lib/python3.8/site-packages/airflow/example_dags/example_task_group_decorator.py
[2024-07-26T01:15:40.647+0000] {processor.py:840} INFO - DAG(s) 'example_task_group_decorator' retrieved from /home/airflow/.local/lib/python3.8/site-packages/airflow/example_dags/example_task_group_decorator.py
[2024-07-26T01:15:40.669+0000] {logging_mixin.py:188} INFO - [2024-07-26T01:15:40.668+0000] {dag.py:3047} INFO - Sync 1 DAGs
[2024-07-26T01:15:40.688+0000] {logging_mixin.py:188} INFO - [2024-07-26T01:15:40.688+0000] {dag.py:3834} INFO - Setting next_dagrun for example_task_group_decorator to 2024-07-25 00:00:00+00:00, run_after=2024-07-26 00:00:00+00:00
[2024-07-26T01:15:40.706+0000] {processor.py:183} INFO - Processing /home/airflow/.local/lib/python3.8/site-packages/airflow/example_dags/example_task_group_decorator.py took 0.076 seconds
[2024-07-26T01:16:11.083+0000] {processor.py:161} INFO - Started process (PID=1543) to work on /home/airflow/.local/lib/python3.8/site-packages/airflow/example_dags/example_task_group_decorator.py
[2024-07-26T01:16:11.084+0000] {processor.py:830} INFO - Processing file /home/airflow/.local/lib/python3.8/site-packages/airflow/example_dags/example_task_group_decorator.py for tasks to queue
[2024-07-26T01:16:11.086+0000] {logging_mixin.py:188} INFO - [2024-07-26T01:16:11.086+0000] {dagbag.py:540} INFO - Filling up the DagBag from /home/airflow/.local/lib/python3.8/site-packages/airflow/example_dags/example_task_group_decorator.py
[2024-07-26T01:16:11.099+0000] {processor.py:840} INFO - DAG(s) 'example_task_group_decorator' retrieved from /home/airflow/.local/lib/python3.8/site-packages/airflow/example_dags/example_task_group_decorator.py
[2024-07-26T01:16:11.122+0000] {logging_mixin.py:188} INFO - [2024-07-26T01:16:11.122+0000] {dag.py:3047} INFO - Sync 1 DAGs
[2024-07-26T01:16:11.143+0000] {logging_mixin.py:188} INFO - [2024-07-26T01:16:11.142+0000] {dag.py:3834} INFO - Setting next_dagrun for example_task_group_decorator to 2024-07-25 00:00:00+00:00, run_after=2024-07-26 00:00:00+00:00
[2024-07-26T01:16:11.163+0000] {processor.py:183} INFO - Processing /home/airflow/.local/lib/python3.8/site-packages/airflow/example_dags/example_task_group_decorator.py took 0.084 seconds
[2024-07-26T01:16:41.428+0000] {processor.py:161} INFO - Started process (PID=1599) to work on /home/airflow/.local/lib/python3.8/site-packages/airflow/example_dags/example_task_group_decorator.py
[2024-07-26T01:16:41.428+0000] {processor.py:830} INFO - Processing file /home/airflow/.local/lib/python3.8/site-packages/airflow/example_dags/example_task_group_decorator.py for tasks to queue
[2024-07-26T01:16:41.430+0000] {logging_mixin.py:188} INFO - [2024-07-26T01:16:41.429+0000] {dagbag.py:540} INFO - Filling up the DagBag from /home/airflow/.local/lib/python3.8/site-packages/airflow/example_dags/example_task_group_decorator.py
[2024-07-26T01:16:41.443+0000] {processor.py:840} INFO - DAG(s) 'example_task_group_decorator' retrieved from /home/airflow/.local/lib/python3.8/site-packages/airflow/example_dags/example_task_group_decorator.py
[2024-07-26T01:16:41.466+0000] {logging_mixin.py:188} INFO - [2024-07-26T01:16:41.465+0000] {dag.py:3047} INFO - Sync 1 DAGs
[2024-07-26T01:16:41.486+0000] {logging_mixin.py:188} INFO - [2024-07-26T01:16:41.486+0000] {dag.py:3834} INFO - Setting next_dagrun for example_task_group_decorator to 2024-07-25 00:00:00+00:00, run_after=2024-07-26 00:00:00+00:00
[2024-07-26T01:16:41.504+0000] {processor.py:183} INFO - Processing /home/airflow/.local/lib/python3.8/site-packages/airflow/example_dags/example_task_group_decorator.py took 0.080 seconds
[2024-07-26T01:17:11.875+0000] {processor.py:161} INFO - Started process (PID=1655) to work on /home/airflow/.local/lib/python3.8/site-packages/airflow/example_dags/example_task_group_decorator.py
[2024-07-26T01:17:11.876+0000] {processor.py:830} INFO - Processing file /home/airflow/.local/lib/python3.8/site-packages/airflow/example_dags/example_task_group_decorator.py for tasks to queue
[2024-07-26T01:17:11.878+0000] {logging_mixin.py:188} INFO - [2024-07-26T01:17:11.877+0000] {dagbag.py:540} INFO - Filling up the DagBag from /home/airflow/.local/lib/python3.8/site-packages/airflow/example_dags/example_task_group_decorator.py
[2024-07-26T01:17:11.890+0000] {processor.py:840} INFO - DAG(s) 'example_task_group_decorator' retrieved from /home/airflow/.local/lib/python3.8/site-packages/airflow/example_dags/example_task_group_decorator.py
[2024-07-26T01:17:11.915+0000] {logging_mixin.py:188} INFO - [2024-07-26T01:17:11.915+0000] {dag.py:3047} INFO - Sync 1 DAGs
[2024-07-26T01:17:11.938+0000] {logging_mixin.py:188} INFO - [2024-07-26T01:17:11.937+0000] {dag.py:3834} INFO - Setting next_dagrun for example_task_group_decorator to 2024-07-25 00:00:00+00:00, run_after=2024-07-26 00:00:00+00:00
[2024-07-26T01:17:11.956+0000] {processor.py:183} INFO - Processing /home/airflow/.local/lib/python3.8/site-packages/airflow/example_dags/example_task_group_decorator.py took 0.084 seconds
[2024-07-26T01:17:42.370+0000] {processor.py:161} INFO - Started process (PID=1711) to work on /home/airflow/.local/lib/python3.8/site-packages/airflow/example_dags/example_task_group_decorator.py
[2024-07-26T01:17:42.371+0000] {processor.py:830} INFO - Processing file /home/airflow/.local/lib/python3.8/site-packages/airflow/example_dags/example_task_group_decorator.py for tasks to queue
[2024-07-26T01:17:42.372+0000] {logging_mixin.py:188} INFO - [2024-07-26T01:17:42.372+0000] {dagbag.py:540} INFO - Filling up the DagBag from /home/airflow/.local/lib/python3.8/site-packages/airflow/example_dags/example_task_group_decorator.py
[2024-07-26T01:17:42.388+0000] {processor.py:840} INFO - DAG(s) 'example_task_group_decorator' retrieved from /home/airflow/.local/lib/python3.8/site-packages/airflow/example_dags/example_task_group_decorator.py
[2024-07-26T01:17:42.411+0000] {logging_mixin.py:188} INFO - [2024-07-26T01:17:42.411+0000] {dag.py:3047} INFO - Sync 1 DAGs
[2024-07-26T01:17:42.440+0000] {logging_mixin.py:188} INFO - [2024-07-26T01:17:42.440+0000] {dag.py:3834} INFO - Setting next_dagrun for example_task_group_decorator to 2024-07-25 00:00:00+00:00, run_after=2024-07-26 00:00:00+00:00
[2024-07-26T01:17:42.462+0000] {processor.py:183} INFO - Processing /home/airflow/.local/lib/python3.8/site-packages/airflow/example_dags/example_task_group_decorator.py took 0.095 seconds
[2024-07-26T01:18:12.837+0000] {processor.py:161} INFO - Started process (PID=1767) to work on /home/airflow/.local/lib/python3.8/site-packages/airflow/example_dags/example_task_group_decorator.py
[2024-07-26T01:18:12.838+0000] {processor.py:830} INFO - Processing file /home/airflow/.local/lib/python3.8/site-packages/airflow/example_dags/example_task_group_decorator.py for tasks to queue
[2024-07-26T01:18:12.839+0000] {logging_mixin.py:188} INFO - [2024-07-26T01:18:12.839+0000] {dagbag.py:540} INFO - Filling up the DagBag from /home/airflow/.local/lib/python3.8/site-packages/airflow/example_dags/example_task_group_decorator.py
[2024-07-26T01:18:12.852+0000] {processor.py:840} INFO - DAG(s) 'example_task_group_decorator' retrieved from /home/airflow/.local/lib/python3.8/site-packages/airflow/example_dags/example_task_group_decorator.py
[2024-07-26T01:18:12.874+0000] {logging_mixin.py:188} INFO - [2024-07-26T01:18:12.873+0000] {dag.py:3047} INFO - Sync 1 DAGs
[2024-07-26T01:18:12.894+0000] {logging_mixin.py:188} INFO - [2024-07-26T01:18:12.893+0000] {dag.py:3834} INFO - Setting next_dagrun for example_task_group_decorator to 2024-07-25 00:00:00+00:00, run_after=2024-07-26 00:00:00+00:00
[2024-07-26T01:18:12.919+0000] {processor.py:183} INFO - Processing /home/airflow/.local/lib/python3.8/site-packages/airflow/example_dags/example_task_group_decorator.py took 0.086 seconds
[2024-07-26T01:18:43.106+0000] {processor.py:161} INFO - Started process (PID=1823) to work on /home/airflow/.local/lib/python3.8/site-packages/airflow/example_dags/example_task_group_decorator.py
[2024-07-26T01:18:43.107+0000] {processor.py:830} INFO - Processing file /home/airflow/.local/lib/python3.8/site-packages/airflow/example_dags/example_task_group_decorator.py for tasks to queue
[2024-07-26T01:18:43.108+0000] {logging_mixin.py:188} INFO - [2024-07-26T01:18:43.108+0000] {dagbag.py:540} INFO - Filling up the DagBag from /home/airflow/.local/lib/python3.8/site-packages/airflow/example_dags/example_task_group_decorator.py
[2024-07-26T01:18:43.121+0000] {processor.py:840} INFO - DAG(s) 'example_task_group_decorator' retrieved from /home/airflow/.local/lib/python3.8/site-packages/airflow/example_dags/example_task_group_decorator.py
[2024-07-26T01:18:43.142+0000] {logging_mixin.py:188} INFO - [2024-07-26T01:18:43.141+0000] {dag.py:3047} INFO - Sync 1 DAGs
[2024-07-26T01:18:43.159+0000] {logging_mixin.py:188} INFO - [2024-07-26T01:18:43.158+0000] {dag.py:3834} INFO - Setting next_dagrun for example_task_group_decorator to 2024-07-25 00:00:00+00:00, run_after=2024-07-26 00:00:00+00:00
[2024-07-26T01:18:43.174+0000] {processor.py:183} INFO - Processing /home/airflow/.local/lib/python3.8/site-packages/airflow/example_dags/example_task_group_decorator.py took 0.070 seconds
[2024-07-26T02:06:21.276+0000] {processor.py:161} INFO - Started process (PID=77) to work on /home/airflow/.local/lib/python3.8/site-packages/airflow/example_dags/example_task_group_decorator.py
[2024-07-26T02:06:21.277+0000] {processor.py:830} INFO - Processing file /home/airflow/.local/lib/python3.8/site-packages/airflow/example_dags/example_task_group_decorator.py for tasks to queue
[2024-07-26T02:06:21.279+0000] {logging_mixin.py:188} INFO - [2024-07-26T02:06:21.279+0000] {dagbag.py:540} INFO - Filling up the DagBag from /home/airflow/.local/lib/python3.8/site-packages/airflow/example_dags/example_task_group_decorator.py
[2024-07-26T02:06:21.295+0000] {processor.py:840} INFO - DAG(s) 'example_task_group_decorator' retrieved from /home/airflow/.local/lib/python3.8/site-packages/airflow/example_dags/example_task_group_decorator.py
[2024-07-26T02:06:21.305+0000] {logging_mixin.py:188} INFO - [2024-07-26T02:06:21.304+0000] {dag.py:3047} INFO - Sync 1 DAGs
[2024-07-26T02:06:21.327+0000] {logging_mixin.py:188} INFO - [2024-07-26T02:06:21.327+0000] {dag.py:3834} INFO - Setting next_dagrun for example_task_group_decorator to 2024-07-25 00:00:00+00:00, run_after=2024-07-26 00:00:00+00:00
[2024-07-26T02:06:21.346+0000] {processor.py:183} INFO - Processing /home/airflow/.local/lib/python3.8/site-packages/airflow/example_dags/example_task_group_decorator.py took 0.073 seconds
[2024-07-26T02:06:52.357+0000] {processor.py:161} INFO - Started process (PID=133) to work on /home/airflow/.local/lib/python3.8/site-packages/airflow/example_dags/example_task_group_decorator.py
[2024-07-26T02:06:52.358+0000] {processor.py:830} INFO - Processing file /home/airflow/.local/lib/python3.8/site-packages/airflow/example_dags/example_task_group_decorator.py for tasks to queue
[2024-07-26T02:06:52.359+0000] {logging_mixin.py:188} INFO - [2024-07-26T02:06:52.359+0000] {dagbag.py:540} INFO - Filling up the DagBag from /home/airflow/.local/lib/python3.8/site-packages/airflow/example_dags/example_task_group_decorator.py
[2024-07-26T02:06:52.371+0000] {processor.py:840} INFO - DAG(s) 'example_task_group_decorator' retrieved from /home/airflow/.local/lib/python3.8/site-packages/airflow/example_dags/example_task_group_decorator.py
[2024-07-26T02:06:52.469+0000] {logging_mixin.py:188} INFO - [2024-07-26T02:06:52.468+0000] {dag.py:3047} INFO - Sync 1 DAGs
[2024-07-26T02:06:52.486+0000] {logging_mixin.py:188} INFO - [2024-07-26T02:06:52.486+0000] {dag.py:3834} INFO - Setting next_dagrun for example_task_group_decorator to 2024-07-25 00:00:00+00:00, run_after=2024-07-26 00:00:00+00:00
[2024-07-26T02:06:52.507+0000] {processor.py:183} INFO - Processing /home/airflow/.local/lib/python3.8/site-packages/airflow/example_dags/example_task_group_decorator.py took 0.153 seconds
[2024-07-26T02:07:23.039+0000] {processor.py:161} INFO - Started process (PID=197) to work on /home/airflow/.local/lib/python3.8/site-packages/airflow/example_dags/example_task_group_decorator.py
[2024-07-26T02:07:23.040+0000] {processor.py:830} INFO - Processing file /home/airflow/.local/lib/python3.8/site-packages/airflow/example_dags/example_task_group_decorator.py for tasks to queue
[2024-07-26T02:07:23.041+0000] {logging_mixin.py:188} INFO - [2024-07-26T02:07:23.041+0000] {dagbag.py:540} INFO - Filling up the DagBag from /home/airflow/.local/lib/python3.8/site-packages/airflow/example_dags/example_task_group_decorator.py
[2024-07-26T02:07:23.052+0000] {processor.py:840} INFO - DAG(s) 'example_task_group_decorator' retrieved from /home/airflow/.local/lib/python3.8/site-packages/airflow/example_dags/example_task_group_decorator.py
[2024-07-26T02:07:23.072+0000] {logging_mixin.py:188} INFO - [2024-07-26T02:07:23.071+0000] {dag.py:3047} INFO - Sync 1 DAGs
[2024-07-26T02:07:23.090+0000] {logging_mixin.py:188} INFO - [2024-07-26T02:07:23.090+0000] {dag.py:3834} INFO - Setting next_dagrun for example_task_group_decorator to 2024-07-25 00:00:00+00:00, run_after=2024-07-26 00:00:00+00:00
[2024-07-26T02:07:23.105+0000] {processor.py:183} INFO - Processing /home/airflow/.local/lib/python3.8/site-packages/airflow/example_dags/example_task_group_decorator.py took 0.069 seconds
