[2024-07-26T01:03:01.060+0000] {processor.py:161} INFO - Started process (PID=83) to work on /home/airflow/.local/lib/python3.8/site-packages/airflow/example_dags/example_local_kubernetes_executor.py
[2024-07-26T01:03:01.061+0000] {processor.py:830} INFO - Processing file /home/airflow/.local/lib/python3.8/site-packages/airflow/example_dags/example_local_kubernetes_executor.py for tasks to queue
[2024-07-26T01:03:01.062+0000] {logging_mixin.py:188} INFO - [2024-07-26T01:03:01.062+0000] {dagbag.py:540} INFO - Filling up the DagBag from /home/airflow/.local/lib/python3.8/site-packages/airflow/example_dags/example_local_kubernetes_executor.py
[2024-07-26T01:03:01.072+0000] {processor.py:840} INFO - DAG(s) 'example_local_kubernetes_executor' retrieved from /home/airflow/.local/lib/python3.8/site-packages/airflow/example_dags/example_local_kubernetes_executor.py
[2024-07-26T01:03:01.083+0000] {logging_mixin.py:188} INFO - [2024-07-26T01:03:01.082+0000] {dag.py:3047} INFO - Sync 1 DAGs
[2024-07-26T01:03:01.096+0000] {logging_mixin.py:188} INFO - [2024-07-26T01:03:01.096+0000] {dag.py:3834} INFO - Setting next_dagrun for example_local_kubernetes_executor to None, run_after=None
[2024-07-26T01:03:01.114+0000] {processor.py:183} INFO - Processing /home/airflow/.local/lib/python3.8/site-packages/airflow/example_dags/example_local_kubernetes_executor.py took 0.057 seconds
[2024-07-26T01:03:32.032+0000] {processor.py:161} INFO - Started process (PID=144) to work on /home/airflow/.local/lib/python3.8/site-packages/airflow/example_dags/example_local_kubernetes_executor.py
[2024-07-26T01:03:32.033+0000] {processor.py:830} INFO - Processing file /home/airflow/.local/lib/python3.8/site-packages/airflow/example_dags/example_local_kubernetes_executor.py for tasks to queue
[2024-07-26T01:03:32.034+0000] {logging_mixin.py:188} INFO - [2024-07-26T01:03:32.034+0000] {dagbag.py:540} INFO - Filling up the DagBag from /home/airflow/.local/lib/python3.8/site-packages/airflow/example_dags/example_local_kubernetes_executor.py
[2024-07-26T01:03:32.039+0000] {processor.py:840} INFO - DAG(s) 'example_local_kubernetes_executor' retrieved from /home/airflow/.local/lib/python3.8/site-packages/airflow/example_dags/example_local_kubernetes_executor.py
[2024-07-26T01:03:32.133+0000] {logging_mixin.py:188} INFO - [2024-07-26T01:03:32.132+0000] {dag.py:3047} INFO - Sync 1 DAGs
[2024-07-26T01:03:32.141+0000] {logging_mixin.py:188} INFO - [2024-07-26T01:03:32.141+0000] {dag.py:3834} INFO - Setting next_dagrun for example_local_kubernetes_executor to None, run_after=None
[2024-07-26T01:03:32.159+0000] {processor.py:183} INFO - Processing /home/airflow/.local/lib/python3.8/site-packages/airflow/example_dags/example_local_kubernetes_executor.py took 0.129 seconds
[2024-07-26T01:04:02.626+0000] {processor.py:161} INFO - Started process (PID=200) to work on /home/airflow/.local/lib/python3.8/site-packages/airflow/example_dags/example_local_kubernetes_executor.py
[2024-07-26T01:04:02.628+0000] {processor.py:830} INFO - Processing file /home/airflow/.local/lib/python3.8/site-packages/airflow/example_dags/example_local_kubernetes_executor.py for tasks to queue
[2024-07-26T01:04:02.629+0000] {logging_mixin.py:188} INFO - [2024-07-26T01:04:02.629+0000] {dagbag.py:540} INFO - Filling up the DagBag from /home/airflow/.local/lib/python3.8/site-packages/airflow/example_dags/example_local_kubernetes_executor.py
[2024-07-26T01:04:02.635+0000] {processor.py:840} INFO - DAG(s) 'example_local_kubernetes_executor' retrieved from /home/airflow/.local/lib/python3.8/site-packages/airflow/example_dags/example_local_kubernetes_executor.py
[2024-07-26T01:04:02.667+0000] {logging_mixin.py:188} INFO - [2024-07-26T01:04:02.666+0000] {dag.py:3047} INFO - Sync 1 DAGs
[2024-07-26T01:04:02.676+0000] {logging_mixin.py:188} INFO - [2024-07-26T01:04:02.676+0000] {dag.py:3834} INFO - Setting next_dagrun for example_local_kubernetes_executor to None, run_after=None
[2024-07-26T01:04:02.695+0000] {processor.py:183} INFO - Processing /home/airflow/.local/lib/python3.8/site-packages/airflow/example_dags/example_local_kubernetes_executor.py took 0.072 seconds
[2024-07-26T01:04:32.820+0000] {processor.py:161} INFO - Started process (PID=256) to work on /home/airflow/.local/lib/python3.8/site-packages/airflow/example_dags/example_local_kubernetes_executor.py
[2024-07-26T01:04:32.820+0000] {processor.py:830} INFO - Processing file /home/airflow/.local/lib/python3.8/site-packages/airflow/example_dags/example_local_kubernetes_executor.py for tasks to queue
[2024-07-26T01:04:32.822+0000] {logging_mixin.py:188} INFO - [2024-07-26T01:04:32.822+0000] {dagbag.py:540} INFO - Filling up the DagBag from /home/airflow/.local/lib/python3.8/site-packages/airflow/example_dags/example_local_kubernetes_executor.py
[2024-07-26T01:04:32.829+0000] {processor.py:840} INFO - DAG(s) 'example_local_kubernetes_executor' retrieved from /home/airflow/.local/lib/python3.8/site-packages/airflow/example_dags/example_local_kubernetes_executor.py
[2024-07-26T01:04:32.858+0000] {logging_mixin.py:188} INFO - [2024-07-26T01:04:32.857+0000] {dag.py:3047} INFO - Sync 1 DAGs
[2024-07-26T01:04:32.869+0000] {logging_mixin.py:188} INFO - [2024-07-26T01:04:32.869+0000] {dag.py:3834} INFO - Setting next_dagrun for example_local_kubernetes_executor to None, run_after=None
[2024-07-26T01:04:32.886+0000] {processor.py:183} INFO - Processing /home/airflow/.local/lib/python3.8/site-packages/airflow/example_dags/example_local_kubernetes_executor.py took 0.070 seconds
[2024-07-26T01:05:03.137+0000] {processor.py:161} INFO - Started process (PID=312) to work on /home/airflow/.local/lib/python3.8/site-packages/airflow/example_dags/example_local_kubernetes_executor.py
[2024-07-26T01:05:03.138+0000] {processor.py:830} INFO - Processing file /home/airflow/.local/lib/python3.8/site-packages/airflow/example_dags/example_local_kubernetes_executor.py for tasks to queue
[2024-07-26T01:05:03.140+0000] {logging_mixin.py:188} INFO - [2024-07-26T01:05:03.139+0000] {dagbag.py:540} INFO - Filling up the DagBag from /home/airflow/.local/lib/python3.8/site-packages/airflow/example_dags/example_local_kubernetes_executor.py
[2024-07-26T01:05:03.145+0000] {processor.py:840} INFO - DAG(s) 'example_local_kubernetes_executor' retrieved from /home/airflow/.local/lib/python3.8/site-packages/airflow/example_dags/example_local_kubernetes_executor.py
[2024-07-26T01:05:03.173+0000] {logging_mixin.py:188} INFO - [2024-07-26T01:05:03.173+0000] {dag.py:3047} INFO - Sync 1 DAGs
[2024-07-26T01:05:03.183+0000] {logging_mixin.py:188} INFO - [2024-07-26T01:05:03.183+0000] {dag.py:3834} INFO - Setting next_dagrun for example_local_kubernetes_executor to None, run_after=None
[2024-07-26T01:05:03.202+0000] {processor.py:183} INFO - Processing /home/airflow/.local/lib/python3.8/site-packages/airflow/example_dags/example_local_kubernetes_executor.py took 0.067 seconds
[2024-07-26T01:05:33.459+0000] {processor.py:161} INFO - Started process (PID=368) to work on /home/airflow/.local/lib/python3.8/site-packages/airflow/example_dags/example_local_kubernetes_executor.py
[2024-07-26T01:05:33.460+0000] {processor.py:830} INFO - Processing file /home/airflow/.local/lib/python3.8/site-packages/airflow/example_dags/example_local_kubernetes_executor.py for tasks to queue
[2024-07-26T01:05:33.462+0000] {logging_mixin.py:188} INFO - [2024-07-26T01:05:33.462+0000] {dagbag.py:540} INFO - Filling up the DagBag from /home/airflow/.local/lib/python3.8/site-packages/airflow/example_dags/example_local_kubernetes_executor.py
[2024-07-26T01:05:33.470+0000] {processor.py:840} INFO - DAG(s) 'example_local_kubernetes_executor' retrieved from /home/airflow/.local/lib/python3.8/site-packages/airflow/example_dags/example_local_kubernetes_executor.py
[2024-07-26T01:05:33.499+0000] {logging_mixin.py:188} INFO - [2024-07-26T01:05:33.499+0000] {dag.py:3047} INFO - Sync 1 DAGs
[2024-07-26T01:05:33.509+0000] {logging_mixin.py:188} INFO - [2024-07-26T01:05:33.509+0000] {dag.py:3834} INFO - Setting next_dagrun for example_local_kubernetes_executor to None, run_after=None
[2024-07-26T01:05:33.527+0000] {processor.py:183} INFO - Processing /home/airflow/.local/lib/python3.8/site-packages/airflow/example_dags/example_local_kubernetes_executor.py took 0.071 seconds
[2024-07-26T01:06:03.630+0000] {processor.py:161} INFO - Started process (PID=424) to work on /home/airflow/.local/lib/python3.8/site-packages/airflow/example_dags/example_local_kubernetes_executor.py
[2024-07-26T01:06:03.631+0000] {processor.py:830} INFO - Processing file /home/airflow/.local/lib/python3.8/site-packages/airflow/example_dags/example_local_kubernetes_executor.py for tasks to queue
[2024-07-26T01:06:03.632+0000] {logging_mixin.py:188} INFO - [2024-07-26T01:06:03.632+0000] {dagbag.py:540} INFO - Filling up the DagBag from /home/airflow/.local/lib/python3.8/site-packages/airflow/example_dags/example_local_kubernetes_executor.py
[2024-07-26T01:06:03.638+0000] {processor.py:840} INFO - DAG(s) 'example_local_kubernetes_executor' retrieved from /home/airflow/.local/lib/python3.8/site-packages/airflow/example_dags/example_local_kubernetes_executor.py
[2024-07-26T01:06:03.667+0000] {logging_mixin.py:188} INFO - [2024-07-26T01:06:03.666+0000] {dag.py:3047} INFO - Sync 1 DAGs
[2024-07-26T01:06:03.676+0000] {logging_mixin.py:188} INFO - [2024-07-26T01:06:03.676+0000] {dag.py:3834} INFO - Setting next_dagrun for example_local_kubernetes_executor to None, run_after=None
[2024-07-26T01:06:03.693+0000] {processor.py:183} INFO - Processing /home/airflow/.local/lib/python3.8/site-packages/airflow/example_dags/example_local_kubernetes_executor.py took 0.065 seconds
[2024-07-26T01:06:33.828+0000] {processor.py:161} INFO - Started process (PID=480) to work on /home/airflow/.local/lib/python3.8/site-packages/airflow/example_dags/example_local_kubernetes_executor.py
[2024-07-26T01:06:33.829+0000] {processor.py:830} INFO - Processing file /home/airflow/.local/lib/python3.8/site-packages/airflow/example_dags/example_local_kubernetes_executor.py for tasks to queue
[2024-07-26T01:06:33.830+0000] {logging_mixin.py:188} INFO - [2024-07-26T01:06:33.830+0000] {dagbag.py:540} INFO - Filling up the DagBag from /home/airflow/.local/lib/python3.8/site-packages/airflow/example_dags/example_local_kubernetes_executor.py
[2024-07-26T01:06:33.839+0000] {processor.py:840} INFO - DAG(s) 'example_local_kubernetes_executor' retrieved from /home/airflow/.local/lib/python3.8/site-packages/airflow/example_dags/example_local_kubernetes_executor.py
[2024-07-26T01:06:33.874+0000] {logging_mixin.py:188} INFO - [2024-07-26T01:06:33.873+0000] {dag.py:3047} INFO - Sync 1 DAGs
[2024-07-26T01:06:33.884+0000] {logging_mixin.py:188} INFO - [2024-07-26T01:06:33.883+0000] {dag.py:3834} INFO - Setting next_dagrun for example_local_kubernetes_executor to None, run_after=None
[2024-07-26T01:06:33.901+0000] {processor.py:183} INFO - Processing /home/airflow/.local/lib/python3.8/site-packages/airflow/example_dags/example_local_kubernetes_executor.py took 0.076 seconds
[2024-07-26T01:07:03.942+0000] {processor.py:161} INFO - Started process (PID=536) to work on /home/airflow/.local/lib/python3.8/site-packages/airflow/example_dags/example_local_kubernetes_executor.py
[2024-07-26T01:07:03.943+0000] {processor.py:830} INFO - Processing file /home/airflow/.local/lib/python3.8/site-packages/airflow/example_dags/example_local_kubernetes_executor.py for tasks to queue
[2024-07-26T01:07:03.944+0000] {logging_mixin.py:188} INFO - [2024-07-26T01:07:03.944+0000] {dagbag.py:540} INFO - Filling up the DagBag from /home/airflow/.local/lib/python3.8/site-packages/airflow/example_dags/example_local_kubernetes_executor.py
[2024-07-26T01:07:03.950+0000] {processor.py:840} INFO - DAG(s) 'example_local_kubernetes_executor' retrieved from /home/airflow/.local/lib/python3.8/site-packages/airflow/example_dags/example_local_kubernetes_executor.py
[2024-07-26T01:07:03.975+0000] {logging_mixin.py:188} INFO - [2024-07-26T01:07:03.975+0000] {dag.py:3047} INFO - Sync 1 DAGs
[2024-07-26T01:07:03.985+0000] {logging_mixin.py:188} INFO - [2024-07-26T01:07:03.985+0000] {dag.py:3834} INFO - Setting next_dagrun for example_local_kubernetes_executor to None, run_after=None
[2024-07-26T01:07:04.000+0000] {processor.py:183} INFO - Processing /home/airflow/.local/lib/python3.8/site-packages/airflow/example_dags/example_local_kubernetes_executor.py took 0.059 seconds
[2024-07-26T01:07:34.510+0000] {processor.py:161} INFO - Started process (PID=592) to work on /home/airflow/.local/lib/python3.8/site-packages/airflow/example_dags/example_local_kubernetes_executor.py
[2024-07-26T01:07:34.511+0000] {processor.py:830} INFO - Processing file /home/airflow/.local/lib/python3.8/site-packages/airflow/example_dags/example_local_kubernetes_executor.py for tasks to queue
[2024-07-26T01:07:34.512+0000] {logging_mixin.py:188} INFO - [2024-07-26T01:07:34.512+0000] {dagbag.py:540} INFO - Filling up the DagBag from /home/airflow/.local/lib/python3.8/site-packages/airflow/example_dags/example_local_kubernetes_executor.py
[2024-07-26T01:07:34.520+0000] {processor.py:840} INFO - DAG(s) 'example_local_kubernetes_executor' retrieved from /home/airflow/.local/lib/python3.8/site-packages/airflow/example_dags/example_local_kubernetes_executor.py
[2024-07-26T01:07:34.553+0000] {logging_mixin.py:188} INFO - [2024-07-26T01:07:34.552+0000] {dag.py:3047} INFO - Sync 1 DAGs
[2024-07-26T01:07:34.563+0000] {logging_mixin.py:188} INFO - [2024-07-26T01:07:34.563+0000] {dag.py:3834} INFO - Setting next_dagrun for example_local_kubernetes_executor to None, run_after=None
[2024-07-26T01:07:34.588+0000] {processor.py:183} INFO - Processing /home/airflow/.local/lib/python3.8/site-packages/airflow/example_dags/example_local_kubernetes_executor.py took 0.080 seconds
[2024-07-26T01:08:04.678+0000] {processor.py:161} INFO - Started process (PID=648) to work on /home/airflow/.local/lib/python3.8/site-packages/airflow/example_dags/example_local_kubernetes_executor.py
[2024-07-26T01:08:04.679+0000] {processor.py:830} INFO - Processing file /home/airflow/.local/lib/python3.8/site-packages/airflow/example_dags/example_local_kubernetes_executor.py for tasks to queue
[2024-07-26T01:08:04.680+0000] {logging_mixin.py:188} INFO - [2024-07-26T01:08:04.680+0000] {dagbag.py:540} INFO - Filling up the DagBag from /home/airflow/.local/lib/python3.8/site-packages/airflow/example_dags/example_local_kubernetes_executor.py
[2024-07-26T01:08:04.686+0000] {processor.py:840} INFO - DAG(s) 'example_local_kubernetes_executor' retrieved from /home/airflow/.local/lib/python3.8/site-packages/airflow/example_dags/example_local_kubernetes_executor.py
[2024-07-26T01:08:04.714+0000] {logging_mixin.py:188} INFO - [2024-07-26T01:08:04.714+0000] {dag.py:3047} INFO - Sync 1 DAGs
[2024-07-26T01:08:04.725+0000] {logging_mixin.py:188} INFO - [2024-07-26T01:08:04.725+0000] {dag.py:3834} INFO - Setting next_dagrun for example_local_kubernetes_executor to None, run_after=None
[2024-07-26T01:08:04.743+0000] {processor.py:183} INFO - Processing /home/airflow/.local/lib/python3.8/site-packages/airflow/example_dags/example_local_kubernetes_executor.py took 0.068 seconds
[2024-07-26T01:08:34.894+0000] {processor.py:161} INFO - Started process (PID=704) to work on /home/airflow/.local/lib/python3.8/site-packages/airflow/example_dags/example_local_kubernetes_executor.py
[2024-07-26T01:08:34.894+0000] {processor.py:830} INFO - Processing file /home/airflow/.local/lib/python3.8/site-packages/airflow/example_dags/example_local_kubernetes_executor.py for tasks to queue
[2024-07-26T01:08:34.895+0000] {logging_mixin.py:188} INFO - [2024-07-26T01:08:34.895+0000] {dagbag.py:540} INFO - Filling up the DagBag from /home/airflow/.local/lib/python3.8/site-packages/airflow/example_dags/example_local_kubernetes_executor.py
[2024-07-26T01:08:34.901+0000] {processor.py:840} INFO - DAG(s) 'example_local_kubernetes_executor' retrieved from /home/airflow/.local/lib/python3.8/site-packages/airflow/example_dags/example_local_kubernetes_executor.py
[2024-07-26T01:08:34.926+0000] {logging_mixin.py:188} INFO - [2024-07-26T01:08:34.926+0000] {dag.py:3047} INFO - Sync 1 DAGs
[2024-07-26T01:08:34.935+0000] {logging_mixin.py:188} INFO - [2024-07-26T01:08:34.935+0000] {dag.py:3834} INFO - Setting next_dagrun for example_local_kubernetes_executor to None, run_after=None
[2024-07-26T01:08:34.950+0000] {processor.py:183} INFO - Processing /home/airflow/.local/lib/python3.8/site-packages/airflow/example_dags/example_local_kubernetes_executor.py took 0.058 seconds
[2024-07-26T01:09:05.160+0000] {processor.py:161} INFO - Started process (PID=760) to work on /home/airflow/.local/lib/python3.8/site-packages/airflow/example_dags/example_local_kubernetes_executor.py
[2024-07-26T01:09:05.161+0000] {processor.py:830} INFO - Processing file /home/airflow/.local/lib/python3.8/site-packages/airflow/example_dags/example_local_kubernetes_executor.py for tasks to queue
[2024-07-26T01:09:05.162+0000] {logging_mixin.py:188} INFO - [2024-07-26T01:09:05.162+0000] {dagbag.py:540} INFO - Filling up the DagBag from /home/airflow/.local/lib/python3.8/site-packages/airflow/example_dags/example_local_kubernetes_executor.py
[2024-07-26T01:09:05.169+0000] {processor.py:840} INFO - DAG(s) 'example_local_kubernetes_executor' retrieved from /home/airflow/.local/lib/python3.8/site-packages/airflow/example_dags/example_local_kubernetes_executor.py
[2024-07-26T01:09:05.205+0000] {logging_mixin.py:188} INFO - [2024-07-26T01:09:05.205+0000] {dag.py:3047} INFO - Sync 1 DAGs
[2024-07-26T01:09:05.217+0000] {logging_mixin.py:188} INFO - [2024-07-26T01:09:05.217+0000] {dag.py:3834} INFO - Setting next_dagrun for example_local_kubernetes_executor to None, run_after=None
[2024-07-26T01:09:05.239+0000] {processor.py:183} INFO - Processing /home/airflow/.local/lib/python3.8/site-packages/airflow/example_dags/example_local_kubernetes_executor.py took 0.081 seconds
[2024-07-26T01:09:35.508+0000] {processor.py:161} INFO - Started process (PID=816) to work on /home/airflow/.local/lib/python3.8/site-packages/airflow/example_dags/example_local_kubernetes_executor.py
[2024-07-26T01:09:35.509+0000] {processor.py:830} INFO - Processing file /home/airflow/.local/lib/python3.8/site-packages/airflow/example_dags/example_local_kubernetes_executor.py for tasks to queue
[2024-07-26T01:09:35.510+0000] {logging_mixin.py:188} INFO - [2024-07-26T01:09:35.510+0000] {dagbag.py:540} INFO - Filling up the DagBag from /home/airflow/.local/lib/python3.8/site-packages/airflow/example_dags/example_local_kubernetes_executor.py
[2024-07-26T01:09:35.516+0000] {processor.py:840} INFO - DAG(s) 'example_local_kubernetes_executor' retrieved from /home/airflow/.local/lib/python3.8/site-packages/airflow/example_dags/example_local_kubernetes_executor.py
[2024-07-26T01:09:35.544+0000] {logging_mixin.py:188} INFO - [2024-07-26T01:09:35.544+0000] {dag.py:3047} INFO - Sync 1 DAGs
[2024-07-26T01:09:35.554+0000] {logging_mixin.py:188} INFO - [2024-07-26T01:09:35.554+0000] {dag.py:3834} INFO - Setting next_dagrun for example_local_kubernetes_executor to None, run_after=None
[2024-07-26T01:09:35.572+0000] {processor.py:183} INFO - Processing /home/airflow/.local/lib/python3.8/site-packages/airflow/example_dags/example_local_kubernetes_executor.py took 0.067 seconds
[2024-07-26T01:10:05.634+0000] {processor.py:161} INFO - Started process (PID=872) to work on /home/airflow/.local/lib/python3.8/site-packages/airflow/example_dags/example_local_kubernetes_executor.py
[2024-07-26T01:10:05.635+0000] {processor.py:830} INFO - Processing file /home/airflow/.local/lib/python3.8/site-packages/airflow/example_dags/example_local_kubernetes_executor.py for tasks to queue
[2024-07-26T01:10:05.636+0000] {logging_mixin.py:188} INFO - [2024-07-26T01:10:05.636+0000] {dagbag.py:540} INFO - Filling up the DagBag from /home/airflow/.local/lib/python3.8/site-packages/airflow/example_dags/example_local_kubernetes_executor.py
[2024-07-26T01:10:05.641+0000] {processor.py:840} INFO - DAG(s) 'example_local_kubernetes_executor' retrieved from /home/airflow/.local/lib/python3.8/site-packages/airflow/example_dags/example_local_kubernetes_executor.py
[2024-07-26T01:10:05.667+0000] {logging_mixin.py:188} INFO - [2024-07-26T01:10:05.666+0000] {dag.py:3047} INFO - Sync 1 DAGs
[2024-07-26T01:10:05.676+0000] {logging_mixin.py:188} INFO - [2024-07-26T01:10:05.676+0000] {dag.py:3834} INFO - Setting next_dagrun for example_local_kubernetes_executor to None, run_after=None
[2024-07-26T01:10:05.693+0000] {processor.py:183} INFO - Processing /home/airflow/.local/lib/python3.8/site-packages/airflow/example_dags/example_local_kubernetes_executor.py took 0.061 seconds
[2024-07-26T01:10:35.805+0000] {processor.py:161} INFO - Started process (PID=929) to work on /home/airflow/.local/lib/python3.8/site-packages/airflow/example_dags/example_local_kubernetes_executor.py
[2024-07-26T01:10:35.806+0000] {processor.py:830} INFO - Processing file /home/airflow/.local/lib/python3.8/site-packages/airflow/example_dags/example_local_kubernetes_executor.py for tasks to queue
[2024-07-26T01:10:35.807+0000] {logging_mixin.py:188} INFO - [2024-07-26T01:10:35.807+0000] {dagbag.py:540} INFO - Filling up the DagBag from /home/airflow/.local/lib/python3.8/site-packages/airflow/example_dags/example_local_kubernetes_executor.py
[2024-07-26T01:10:35.812+0000] {processor.py:840} INFO - DAG(s) 'example_local_kubernetes_executor' retrieved from /home/airflow/.local/lib/python3.8/site-packages/airflow/example_dags/example_local_kubernetes_executor.py
[2024-07-26T01:10:35.838+0000] {logging_mixin.py:188} INFO - [2024-07-26T01:10:35.838+0000] {dag.py:3047} INFO - Sync 1 DAGs
[2024-07-26T01:10:35.849+0000] {logging_mixin.py:188} INFO - [2024-07-26T01:10:35.849+0000] {dag.py:3834} INFO - Setting next_dagrun for example_local_kubernetes_executor to None, run_after=None
[2024-07-26T01:10:35.864+0000] {processor.py:183} INFO - Processing /home/airflow/.local/lib/python3.8/site-packages/airflow/example_dags/example_local_kubernetes_executor.py took 0.061 seconds
[2024-07-26T01:11:06.226+0000] {processor.py:161} INFO - Started process (PID=985) to work on /home/airflow/.local/lib/python3.8/site-packages/airflow/example_dags/example_local_kubernetes_executor.py
[2024-07-26T01:11:06.227+0000] {processor.py:830} INFO - Processing file /home/airflow/.local/lib/python3.8/site-packages/airflow/example_dags/example_local_kubernetes_executor.py for tasks to queue
[2024-07-26T01:11:06.229+0000] {logging_mixin.py:188} INFO - [2024-07-26T01:11:06.228+0000] {dagbag.py:540} INFO - Filling up the DagBag from /home/airflow/.local/lib/python3.8/site-packages/airflow/example_dags/example_local_kubernetes_executor.py
[2024-07-26T01:11:06.234+0000] {processor.py:840} INFO - DAG(s) 'example_local_kubernetes_executor' retrieved from /home/airflow/.local/lib/python3.8/site-packages/airflow/example_dags/example_local_kubernetes_executor.py
[2024-07-26T01:11:06.263+0000] {logging_mixin.py:188} INFO - [2024-07-26T01:11:06.262+0000] {dag.py:3047} INFO - Sync 1 DAGs
[2024-07-26T01:11:06.273+0000] {logging_mixin.py:188} INFO - [2024-07-26T01:11:06.273+0000] {dag.py:3834} INFO - Setting next_dagrun for example_local_kubernetes_executor to None, run_after=None
[2024-07-26T01:11:06.289+0000] {processor.py:183} INFO - Processing /home/airflow/.local/lib/python3.8/site-packages/airflow/example_dags/example_local_kubernetes_executor.py took 0.066 seconds
[2024-07-26T01:11:36.429+0000] {processor.py:161} INFO - Started process (PID=1041) to work on /home/airflow/.local/lib/python3.8/site-packages/airflow/example_dags/example_local_kubernetes_executor.py
[2024-07-26T01:11:36.429+0000] {processor.py:830} INFO - Processing file /home/airflow/.local/lib/python3.8/site-packages/airflow/example_dags/example_local_kubernetes_executor.py for tasks to queue
[2024-07-26T01:11:36.431+0000] {logging_mixin.py:188} INFO - [2024-07-26T01:11:36.430+0000] {dagbag.py:540} INFO - Filling up the DagBag from /home/airflow/.local/lib/python3.8/site-packages/airflow/example_dags/example_local_kubernetes_executor.py
[2024-07-26T01:11:36.436+0000] {processor.py:840} INFO - DAG(s) 'example_local_kubernetes_executor' retrieved from /home/airflow/.local/lib/python3.8/site-packages/airflow/example_dags/example_local_kubernetes_executor.py
[2024-07-26T01:11:36.464+0000] {logging_mixin.py:188} INFO - [2024-07-26T01:11:36.464+0000] {dag.py:3047} INFO - Sync 1 DAGs
[2024-07-26T01:11:36.475+0000] {logging_mixin.py:188} INFO - [2024-07-26T01:11:36.475+0000] {dag.py:3834} INFO - Setting next_dagrun for example_local_kubernetes_executor to None, run_after=None
[2024-07-26T01:11:36.491+0000] {processor.py:183} INFO - Processing /home/airflow/.local/lib/python3.8/site-packages/airflow/example_dags/example_local_kubernetes_executor.py took 0.065 seconds
[2024-07-26T01:12:06.792+0000] {processor.py:161} INFO - Started process (PID=1097) to work on /home/airflow/.local/lib/python3.8/site-packages/airflow/example_dags/example_local_kubernetes_executor.py
[2024-07-26T01:12:06.793+0000] {processor.py:830} INFO - Processing file /home/airflow/.local/lib/python3.8/site-packages/airflow/example_dags/example_local_kubernetes_executor.py for tasks to queue
[2024-07-26T01:12:06.794+0000] {logging_mixin.py:188} INFO - [2024-07-26T01:12:06.794+0000] {dagbag.py:540} INFO - Filling up the DagBag from /home/airflow/.local/lib/python3.8/site-packages/airflow/example_dags/example_local_kubernetes_executor.py
[2024-07-26T01:12:06.801+0000] {processor.py:840} INFO - DAG(s) 'example_local_kubernetes_executor' retrieved from /home/airflow/.local/lib/python3.8/site-packages/airflow/example_dags/example_local_kubernetes_executor.py
[2024-07-26T01:12:06.829+0000] {logging_mixin.py:188} INFO - [2024-07-26T01:12:06.829+0000] {dag.py:3047} INFO - Sync 1 DAGs
[2024-07-26T01:12:06.840+0000] {logging_mixin.py:188} INFO - [2024-07-26T01:12:06.840+0000] {dag.py:3834} INFO - Setting next_dagrun for example_local_kubernetes_executor to None, run_after=None
[2024-07-26T01:12:06.859+0000] {processor.py:183} INFO - Processing /home/airflow/.local/lib/python3.8/site-packages/airflow/example_dags/example_local_kubernetes_executor.py took 0.070 seconds
[2024-07-26T01:12:36.979+0000] {processor.py:161} INFO - Started process (PID=1153) to work on /home/airflow/.local/lib/python3.8/site-packages/airflow/example_dags/example_local_kubernetes_executor.py
[2024-07-26T01:12:36.980+0000] {processor.py:830} INFO - Processing file /home/airflow/.local/lib/python3.8/site-packages/airflow/example_dags/example_local_kubernetes_executor.py for tasks to queue
[2024-07-26T01:12:36.981+0000] {logging_mixin.py:188} INFO - [2024-07-26T01:12:36.981+0000] {dagbag.py:540} INFO - Filling up the DagBag from /home/airflow/.local/lib/python3.8/site-packages/airflow/example_dags/example_local_kubernetes_executor.py
[2024-07-26T01:12:36.986+0000] {processor.py:840} INFO - DAG(s) 'example_local_kubernetes_executor' retrieved from /home/airflow/.local/lib/python3.8/site-packages/airflow/example_dags/example_local_kubernetes_executor.py
[2024-07-26T01:12:37.012+0000] {logging_mixin.py:188} INFO - [2024-07-26T01:12:37.012+0000] {dag.py:3047} INFO - Sync 1 DAGs
[2024-07-26T01:12:37.021+0000] {logging_mixin.py:188} INFO - [2024-07-26T01:12:37.021+0000] {dag.py:3834} INFO - Setting next_dagrun for example_local_kubernetes_executor to None, run_after=None
[2024-07-26T01:12:37.035+0000] {processor.py:183} INFO - Processing /home/airflow/.local/lib/python3.8/site-packages/airflow/example_dags/example_local_kubernetes_executor.py took 0.058 seconds
[2024-07-26T01:13:08.046+0000] {processor.py:161} INFO - Started process (PID=1209) to work on /home/airflow/.local/lib/python3.8/site-packages/airflow/example_dags/example_local_kubernetes_executor.py
[2024-07-26T01:13:08.047+0000] {processor.py:830} INFO - Processing file /home/airflow/.local/lib/python3.8/site-packages/airflow/example_dags/example_local_kubernetes_executor.py for tasks to queue
[2024-07-26T01:13:08.048+0000] {logging_mixin.py:188} INFO - [2024-07-26T01:13:08.047+0000] {dagbag.py:540} INFO - Filling up the DagBag from /home/airflow/.local/lib/python3.8/site-packages/airflow/example_dags/example_local_kubernetes_executor.py
[2024-07-26T01:13:08.055+0000] {processor.py:840} INFO - DAG(s) 'example_local_kubernetes_executor' retrieved from /home/airflow/.local/lib/python3.8/site-packages/airflow/example_dags/example_local_kubernetes_executor.py
[2024-07-26T01:13:08.081+0000] {logging_mixin.py:188} INFO - [2024-07-26T01:13:08.080+0000] {dag.py:3047} INFO - Sync 1 DAGs
[2024-07-26T01:13:08.090+0000] {logging_mixin.py:188} INFO - [2024-07-26T01:13:08.089+0000] {dag.py:3834} INFO - Setting next_dagrun for example_local_kubernetes_executor to None, run_after=None
[2024-07-26T01:13:08.105+0000] {processor.py:183} INFO - Processing /home/airflow/.local/lib/python3.8/site-packages/airflow/example_dags/example_local_kubernetes_executor.py took 0.061 seconds
[2024-07-26T01:13:38.519+0000] {processor.py:161} INFO - Started process (PID=1265) to work on /home/airflow/.local/lib/python3.8/site-packages/airflow/example_dags/example_local_kubernetes_executor.py
[2024-07-26T01:13:38.520+0000] {processor.py:830} INFO - Processing file /home/airflow/.local/lib/python3.8/site-packages/airflow/example_dags/example_local_kubernetes_executor.py for tasks to queue
[2024-07-26T01:13:38.521+0000] {logging_mixin.py:188} INFO - [2024-07-26T01:13:38.521+0000] {dagbag.py:540} INFO - Filling up the DagBag from /home/airflow/.local/lib/python3.8/site-packages/airflow/example_dags/example_local_kubernetes_executor.py
[2024-07-26T01:13:38.528+0000] {processor.py:840} INFO - DAG(s) 'example_local_kubernetes_executor' retrieved from /home/airflow/.local/lib/python3.8/site-packages/airflow/example_dags/example_local_kubernetes_executor.py
[2024-07-26T01:13:38.557+0000] {logging_mixin.py:188} INFO - [2024-07-26T01:13:38.557+0000] {dag.py:3047} INFO - Sync 1 DAGs
[2024-07-26T01:13:38.568+0000] {logging_mixin.py:188} INFO - [2024-07-26T01:13:38.568+0000] {dag.py:3834} INFO - Setting next_dagrun for example_local_kubernetes_executor to None, run_after=None
[2024-07-26T01:13:38.584+0000] {processor.py:183} INFO - Processing /home/airflow/.local/lib/python3.8/site-packages/airflow/example_dags/example_local_kubernetes_executor.py took 0.068 seconds
[2024-07-26T01:14:08.653+0000] {processor.py:161} INFO - Started process (PID=1321) to work on /home/airflow/.local/lib/python3.8/site-packages/airflow/example_dags/example_local_kubernetes_executor.py
[2024-07-26T01:14:08.653+0000] {processor.py:830} INFO - Processing file /home/airflow/.local/lib/python3.8/site-packages/airflow/example_dags/example_local_kubernetes_executor.py for tasks to queue
[2024-07-26T01:14:08.655+0000] {logging_mixin.py:188} INFO - [2024-07-26T01:14:08.654+0000] {dagbag.py:540} INFO - Filling up the DagBag from /home/airflow/.local/lib/python3.8/site-packages/airflow/example_dags/example_local_kubernetes_executor.py
[2024-07-26T01:14:08.660+0000] {processor.py:840} INFO - DAG(s) 'example_local_kubernetes_executor' retrieved from /home/airflow/.local/lib/python3.8/site-packages/airflow/example_dags/example_local_kubernetes_executor.py
[2024-07-26T01:14:08.687+0000] {logging_mixin.py:188} INFO - [2024-07-26T01:14:08.686+0000] {dag.py:3047} INFO - Sync 1 DAGs
[2024-07-26T01:14:08.695+0000] {logging_mixin.py:188} INFO - [2024-07-26T01:14:08.695+0000] {dag.py:3834} INFO - Setting next_dagrun for example_local_kubernetes_executor to None, run_after=None
[2024-07-26T01:14:08.711+0000] {processor.py:183} INFO - Processing /home/airflow/.local/lib/python3.8/site-packages/airflow/example_dags/example_local_kubernetes_executor.py took 0.061 seconds
[2024-07-26T01:14:39.330+0000] {processor.py:161} INFO - Started process (PID=1377) to work on /home/airflow/.local/lib/python3.8/site-packages/airflow/example_dags/example_local_kubernetes_executor.py
[2024-07-26T01:14:39.330+0000] {processor.py:830} INFO - Processing file /home/airflow/.local/lib/python3.8/site-packages/airflow/example_dags/example_local_kubernetes_executor.py for tasks to queue
[2024-07-26T01:14:39.332+0000] {logging_mixin.py:188} INFO - [2024-07-26T01:14:39.332+0000] {dagbag.py:540} INFO - Filling up the DagBag from /home/airflow/.local/lib/python3.8/site-packages/airflow/example_dags/example_local_kubernetes_executor.py
[2024-07-26T01:14:39.338+0000] {processor.py:840} INFO - DAG(s) 'example_local_kubernetes_executor' retrieved from /home/airflow/.local/lib/python3.8/site-packages/airflow/example_dags/example_local_kubernetes_executor.py
[2024-07-26T01:14:39.374+0000] {logging_mixin.py:188} INFO - [2024-07-26T01:14:39.373+0000] {dag.py:3047} INFO - Sync 1 DAGs
[2024-07-26T01:14:39.389+0000] {logging_mixin.py:188} INFO - [2024-07-26T01:14:39.389+0000] {dag.py:3834} INFO - Setting next_dagrun for example_local_kubernetes_executor to None, run_after=None
[2024-07-26T01:14:39.412+0000] {processor.py:183} INFO - Processing /home/airflow/.local/lib/python3.8/site-packages/airflow/example_dags/example_local_kubernetes_executor.py took 0.085 seconds
[2024-07-26T01:15:10.360+0000] {processor.py:161} INFO - Started process (PID=1433) to work on /home/airflow/.local/lib/python3.8/site-packages/airflow/example_dags/example_local_kubernetes_executor.py
[2024-07-26T01:15:10.361+0000] {processor.py:830} INFO - Processing file /home/airflow/.local/lib/python3.8/site-packages/airflow/example_dags/example_local_kubernetes_executor.py for tasks to queue
[2024-07-26T01:15:10.363+0000] {logging_mixin.py:188} INFO - [2024-07-26T01:15:10.363+0000] {dagbag.py:540} INFO - Filling up the DagBag from /home/airflow/.local/lib/python3.8/site-packages/airflow/example_dags/example_local_kubernetes_executor.py
[2024-07-26T01:15:10.368+0000] {processor.py:840} INFO - DAG(s) 'example_local_kubernetes_executor' retrieved from /home/airflow/.local/lib/python3.8/site-packages/airflow/example_dags/example_local_kubernetes_executor.py
[2024-07-26T01:15:10.393+0000] {logging_mixin.py:188} INFO - [2024-07-26T01:15:10.392+0000] {dag.py:3047} INFO - Sync 1 DAGs
[2024-07-26T01:15:10.402+0000] {logging_mixin.py:188} INFO - [2024-07-26T01:15:10.402+0000] {dag.py:3834} INFO - Setting next_dagrun for example_local_kubernetes_executor to None, run_after=None
[2024-07-26T01:15:10.416+0000] {processor.py:183} INFO - Processing /home/airflow/.local/lib/python3.8/site-packages/airflow/example_dags/example_local_kubernetes_executor.py took 0.059 seconds
[2024-07-26T01:15:40.727+0000] {processor.py:161} INFO - Started process (PID=1489) to work on /home/airflow/.local/lib/python3.8/site-packages/airflow/example_dags/example_local_kubernetes_executor.py
[2024-07-26T01:15:40.727+0000] {processor.py:830} INFO - Processing file /home/airflow/.local/lib/python3.8/site-packages/airflow/example_dags/example_local_kubernetes_executor.py for tasks to queue
[2024-07-26T01:15:40.729+0000] {logging_mixin.py:188} INFO - [2024-07-26T01:15:40.728+0000] {dagbag.py:540} INFO - Filling up the DagBag from /home/airflow/.local/lib/python3.8/site-packages/airflow/example_dags/example_local_kubernetes_executor.py
[2024-07-26T01:15:40.734+0000] {processor.py:840} INFO - DAG(s) 'example_local_kubernetes_executor' retrieved from /home/airflow/.local/lib/python3.8/site-packages/airflow/example_dags/example_local_kubernetes_executor.py
[2024-07-26T01:15:40.760+0000] {logging_mixin.py:188} INFO - [2024-07-26T01:15:40.760+0000] {dag.py:3047} INFO - Sync 1 DAGs
[2024-07-26T01:15:40.771+0000] {logging_mixin.py:188} INFO - [2024-07-26T01:15:40.771+0000] {dag.py:3834} INFO - Setting next_dagrun for example_local_kubernetes_executor to None, run_after=None
[2024-07-26T01:15:40.789+0000] {processor.py:183} INFO - Processing /home/airflow/.local/lib/python3.8/site-packages/airflow/example_dags/example_local_kubernetes_executor.py took 0.065 seconds
[2024-07-26T01:16:11.183+0000] {processor.py:161} INFO - Started process (PID=1545) to work on /home/airflow/.local/lib/python3.8/site-packages/airflow/example_dags/example_local_kubernetes_executor.py
[2024-07-26T01:16:11.185+0000] {processor.py:830} INFO - Processing file /home/airflow/.local/lib/python3.8/site-packages/airflow/example_dags/example_local_kubernetes_executor.py for tasks to queue
[2024-07-26T01:16:11.186+0000] {logging_mixin.py:188} INFO - [2024-07-26T01:16:11.186+0000] {dagbag.py:540} INFO - Filling up the DagBag from /home/airflow/.local/lib/python3.8/site-packages/airflow/example_dags/example_local_kubernetes_executor.py
[2024-07-26T01:16:11.192+0000] {processor.py:840} INFO - DAG(s) 'example_local_kubernetes_executor' retrieved from /home/airflow/.local/lib/python3.8/site-packages/airflow/example_dags/example_local_kubernetes_executor.py
[2024-07-26T01:16:11.222+0000] {logging_mixin.py:188} INFO - [2024-07-26T01:16:11.222+0000] {dag.py:3047} INFO - Sync 1 DAGs
[2024-07-26T01:16:11.238+0000] {logging_mixin.py:188} INFO - [2024-07-26T01:16:11.237+0000] {dag.py:3834} INFO - Setting next_dagrun for example_local_kubernetes_executor to None, run_after=None
[2024-07-26T01:16:11.255+0000] {processor.py:183} INFO - Processing /home/airflow/.local/lib/python3.8/site-packages/airflow/example_dags/example_local_kubernetes_executor.py took 0.075 seconds
[2024-07-26T01:16:41.524+0000] {processor.py:161} INFO - Started process (PID=1601) to work on /home/airflow/.local/lib/python3.8/site-packages/airflow/example_dags/example_local_kubernetes_executor.py
[2024-07-26T01:16:41.524+0000] {processor.py:830} INFO - Processing file /home/airflow/.local/lib/python3.8/site-packages/airflow/example_dags/example_local_kubernetes_executor.py for tasks to queue
[2024-07-26T01:16:41.526+0000] {logging_mixin.py:188} INFO - [2024-07-26T01:16:41.526+0000] {dagbag.py:540} INFO - Filling up the DagBag from /home/airflow/.local/lib/python3.8/site-packages/airflow/example_dags/example_local_kubernetes_executor.py
[2024-07-26T01:16:41.532+0000] {processor.py:840} INFO - DAG(s) 'example_local_kubernetes_executor' retrieved from /home/airflow/.local/lib/python3.8/site-packages/airflow/example_dags/example_local_kubernetes_executor.py
[2024-07-26T01:16:41.564+0000] {logging_mixin.py:188} INFO - [2024-07-26T01:16:41.563+0000] {dag.py:3047} INFO - Sync 1 DAGs
[2024-07-26T01:16:41.576+0000] {logging_mixin.py:188} INFO - [2024-07-26T01:16:41.575+0000] {dag.py:3834} INFO - Setting next_dagrun for example_local_kubernetes_executor to None, run_after=None
[2024-07-26T01:16:41.595+0000] {processor.py:183} INFO - Processing /home/airflow/.local/lib/python3.8/site-packages/airflow/example_dags/example_local_kubernetes_executor.py took 0.075 seconds
[2024-07-26T01:17:11.973+0000] {processor.py:161} INFO - Started process (PID=1657) to work on /home/airflow/.local/lib/python3.8/site-packages/airflow/example_dags/example_local_kubernetes_executor.py
[2024-07-26T01:17:11.974+0000] {processor.py:830} INFO - Processing file /home/airflow/.local/lib/python3.8/site-packages/airflow/example_dags/example_local_kubernetes_executor.py for tasks to queue
[2024-07-26T01:17:11.976+0000] {logging_mixin.py:188} INFO - [2024-07-26T01:17:11.975+0000] {dagbag.py:540} INFO - Filling up the DagBag from /home/airflow/.local/lib/python3.8/site-packages/airflow/example_dags/example_local_kubernetes_executor.py
[2024-07-26T01:17:11.983+0000] {processor.py:840} INFO - DAG(s) 'example_local_kubernetes_executor' retrieved from /home/airflow/.local/lib/python3.8/site-packages/airflow/example_dags/example_local_kubernetes_executor.py
[2024-07-26T01:17:12.018+0000] {logging_mixin.py:188} INFO - [2024-07-26T01:17:12.018+0000] {dag.py:3047} INFO - Sync 1 DAGs
[2024-07-26T01:17:12.029+0000] {logging_mixin.py:188} INFO - [2024-07-26T01:17:12.029+0000] {dag.py:3834} INFO - Setting next_dagrun for example_local_kubernetes_executor to None, run_after=None
[2024-07-26T01:17:12.047+0000] {processor.py:183} INFO - Processing /home/airflow/.local/lib/python3.8/site-packages/airflow/example_dags/example_local_kubernetes_executor.py took 0.077 seconds
[2024-07-26T01:17:42.479+0000] {processor.py:161} INFO - Started process (PID=1713) to work on /home/airflow/.local/lib/python3.8/site-packages/airflow/example_dags/example_local_kubernetes_executor.py
[2024-07-26T01:17:42.479+0000] {processor.py:830} INFO - Processing file /home/airflow/.local/lib/python3.8/site-packages/airflow/example_dags/example_local_kubernetes_executor.py for tasks to queue
[2024-07-26T01:17:42.481+0000] {logging_mixin.py:188} INFO - [2024-07-26T01:17:42.481+0000] {dagbag.py:540} INFO - Filling up the DagBag from /home/airflow/.local/lib/python3.8/site-packages/airflow/example_dags/example_local_kubernetes_executor.py
[2024-07-26T01:17:42.487+0000] {processor.py:840} INFO - DAG(s) 'example_local_kubernetes_executor' retrieved from /home/airflow/.local/lib/python3.8/site-packages/airflow/example_dags/example_local_kubernetes_executor.py
[2024-07-26T01:17:42.520+0000] {logging_mixin.py:188} INFO - [2024-07-26T01:17:42.520+0000] {dag.py:3047} INFO - Sync 1 DAGs
[2024-07-26T01:17:42.532+0000] {logging_mixin.py:188} INFO - [2024-07-26T01:17:42.531+0000] {dag.py:3834} INFO - Setting next_dagrun for example_local_kubernetes_executor to None, run_after=None
[2024-07-26T01:17:42.553+0000] {processor.py:183} INFO - Processing /home/airflow/.local/lib/python3.8/site-packages/airflow/example_dags/example_local_kubernetes_executor.py took 0.076 seconds
[2024-07-26T01:18:12.941+0000] {processor.py:161} INFO - Started process (PID=1769) to work on /home/airflow/.local/lib/python3.8/site-packages/airflow/example_dags/example_local_kubernetes_executor.py
[2024-07-26T01:18:12.942+0000] {processor.py:830} INFO - Processing file /home/airflow/.local/lib/python3.8/site-packages/airflow/example_dags/example_local_kubernetes_executor.py for tasks to queue
[2024-07-26T01:18:12.944+0000] {logging_mixin.py:188} INFO - [2024-07-26T01:18:12.943+0000] {dagbag.py:540} INFO - Filling up the DagBag from /home/airflow/.local/lib/python3.8/site-packages/airflow/example_dags/example_local_kubernetes_executor.py
[2024-07-26T01:18:12.952+0000] {processor.py:840} INFO - DAG(s) 'example_local_kubernetes_executor' retrieved from /home/airflow/.local/lib/python3.8/site-packages/airflow/example_dags/example_local_kubernetes_executor.py
[2024-07-26T01:18:12.985+0000] {logging_mixin.py:188} INFO - [2024-07-26T01:18:12.984+0000] {dag.py:3047} INFO - Sync 1 DAGs
[2024-07-26T01:18:12.996+0000] {logging_mixin.py:188} INFO - [2024-07-26T01:18:12.996+0000] {dag.py:3834} INFO - Setting next_dagrun for example_local_kubernetes_executor to None, run_after=None
[2024-07-26T01:18:13.017+0000] {processor.py:183} INFO - Processing /home/airflow/.local/lib/python3.8/site-packages/airflow/example_dags/example_local_kubernetes_executor.py took 0.079 seconds
[2024-07-26T01:18:43.189+0000] {processor.py:161} INFO - Started process (PID=1825) to work on /home/airflow/.local/lib/python3.8/site-packages/airflow/example_dags/example_local_kubernetes_executor.py
[2024-07-26T01:18:43.189+0000] {processor.py:830} INFO - Processing file /home/airflow/.local/lib/python3.8/site-packages/airflow/example_dags/example_local_kubernetes_executor.py for tasks to queue
[2024-07-26T01:18:43.191+0000] {logging_mixin.py:188} INFO - [2024-07-26T01:18:43.190+0000] {dagbag.py:540} INFO - Filling up the DagBag from /home/airflow/.local/lib/python3.8/site-packages/airflow/example_dags/example_local_kubernetes_executor.py
[2024-07-26T01:18:43.196+0000] {processor.py:840} INFO - DAG(s) 'example_local_kubernetes_executor' retrieved from /home/airflow/.local/lib/python3.8/site-packages/airflow/example_dags/example_local_kubernetes_executor.py
[2024-07-26T01:18:43.223+0000] {logging_mixin.py:188} INFO - [2024-07-26T01:18:43.223+0000] {dag.py:3047} INFO - Sync 1 DAGs
[2024-07-26T01:18:43.233+0000] {logging_mixin.py:188} INFO - [2024-07-26T01:18:43.233+0000] {dag.py:3834} INFO - Setting next_dagrun for example_local_kubernetes_executor to None, run_after=None
[2024-07-26T01:18:43.248+0000] {processor.py:183} INFO - Processing /home/airflow/.local/lib/python3.8/site-packages/airflow/example_dags/example_local_kubernetes_executor.py took 0.061 seconds
[2024-07-26T02:06:21.364+0000] {processor.py:161} INFO - Started process (PID=79) to work on /home/airflow/.local/lib/python3.8/site-packages/airflow/example_dags/example_local_kubernetes_executor.py
[2024-07-26T02:06:21.365+0000] {processor.py:830} INFO - Processing file /home/airflow/.local/lib/python3.8/site-packages/airflow/example_dags/example_local_kubernetes_executor.py for tasks to queue
[2024-07-26T02:06:21.367+0000] {logging_mixin.py:188} INFO - [2024-07-26T02:06:21.366+0000] {dagbag.py:540} INFO - Filling up the DagBag from /home/airflow/.local/lib/python3.8/site-packages/airflow/example_dags/example_local_kubernetes_executor.py
[2024-07-26T02:06:21.381+0000] {processor.py:840} INFO - DAG(s) 'example_local_kubernetes_executor' retrieved from /home/airflow/.local/lib/python3.8/site-packages/airflow/example_dags/example_local_kubernetes_executor.py
[2024-07-26T02:06:21.396+0000] {logging_mixin.py:188} INFO - [2024-07-26T02:06:21.395+0000] {dag.py:3047} INFO - Sync 1 DAGs
[2024-07-26T02:06:21.412+0000] {logging_mixin.py:188} INFO - [2024-07-26T02:06:21.412+0000] {dag.py:3834} INFO - Setting next_dagrun for example_local_kubernetes_executor to None, run_after=None
[2024-07-26T02:06:21.433+0000] {processor.py:183} INFO - Processing /home/airflow/.local/lib/python3.8/site-packages/airflow/example_dags/example_local_kubernetes_executor.py took 0.071 seconds
[2024-07-26T02:06:52.527+0000] {processor.py:161} INFO - Started process (PID=135) to work on /home/airflow/.local/lib/python3.8/site-packages/airflow/example_dags/example_local_kubernetes_executor.py
[2024-07-26T02:06:52.528+0000] {processor.py:830} INFO - Processing file /home/airflow/.local/lib/python3.8/site-packages/airflow/example_dags/example_local_kubernetes_executor.py for tasks to queue
[2024-07-26T02:06:52.529+0000] {logging_mixin.py:188} INFO - [2024-07-26T02:06:52.529+0000] {dagbag.py:540} INFO - Filling up the DagBag from /home/airflow/.local/lib/python3.8/site-packages/airflow/example_dags/example_local_kubernetes_executor.py
[2024-07-26T02:06:52.535+0000] {processor.py:840} INFO - DAG(s) 'example_local_kubernetes_executor' retrieved from /home/airflow/.local/lib/python3.8/site-packages/airflow/example_dags/example_local_kubernetes_executor.py
[2024-07-26T02:06:52.623+0000] {logging_mixin.py:188} INFO - [2024-07-26T02:06:52.623+0000] {dag.py:3047} INFO - Sync 1 DAGs
[2024-07-26T02:06:52.632+0000] {logging_mixin.py:188} INFO - [2024-07-26T02:06:52.631+0000] {dag.py:3834} INFO - Setting next_dagrun for example_local_kubernetes_executor to None, run_after=None
[2024-07-26T02:06:52.647+0000] {processor.py:183} INFO - Processing /home/airflow/.local/lib/python3.8/site-packages/airflow/example_dags/example_local_kubernetes_executor.py took 0.123 seconds
[2024-07-26T02:07:23.119+0000] {processor.py:161} INFO - Started process (PID=199) to work on /home/airflow/.local/lib/python3.8/site-packages/airflow/example_dags/example_local_kubernetes_executor.py
[2024-07-26T02:07:23.119+0000] {processor.py:830} INFO - Processing file /home/airflow/.local/lib/python3.8/site-packages/airflow/example_dags/example_local_kubernetes_executor.py for tasks to queue
[2024-07-26T02:07:23.121+0000] {logging_mixin.py:188} INFO - [2024-07-26T02:07:23.120+0000] {dagbag.py:540} INFO - Filling up the DagBag from /home/airflow/.local/lib/python3.8/site-packages/airflow/example_dags/example_local_kubernetes_executor.py
[2024-07-26T02:07:23.126+0000] {processor.py:840} INFO - DAG(s) 'example_local_kubernetes_executor' retrieved from /home/airflow/.local/lib/python3.8/site-packages/airflow/example_dags/example_local_kubernetes_executor.py
[2024-07-26T02:07:23.151+0000] {logging_mixin.py:188} INFO - [2024-07-26T02:07:23.151+0000] {dag.py:3047} INFO - Sync 1 DAGs
[2024-07-26T02:07:23.160+0000] {logging_mixin.py:188} INFO - [2024-07-26T02:07:23.160+0000] {dag.py:3834} INFO - Setting next_dagrun for example_local_kubernetes_executor to None, run_after=None
[2024-07-26T02:07:23.174+0000] {processor.py:183} INFO - Processing /home/airflow/.local/lib/python3.8/site-packages/airflow/example_dags/example_local_kubernetes_executor.py took 0.058 seconds
