[2024-07-26T01:03:01.389+0000] {processor.py:161} INFO - Started process (PID=91) to work on /home/airflow/.local/lib/python3.8/site-packages/airflow/example_dags/example_xcomargs.py
[2024-07-26T01:03:01.391+0000] {processor.py:830} INFO - Processing file /home/airflow/.local/lib/python3.8/site-packages/airflow/example_dags/example_xcomargs.py for tasks to queue
[2024-07-26T01:03:01.393+0000] {logging_mixin.py:188} INFO - [2024-07-26T01:03:01.392+0000] {dagbag.py:540} INFO - Filling up the DagBag from /home/airflow/.local/lib/python3.8/site-packages/airflow/example_dags/example_xcomargs.py
[2024-07-26T01:03:01.402+0000] {processor.py:840} INFO - DAG(s) 'example_xcom_args_with_operators', 'example_xcom_args' retrieved from /home/airflow/.local/lib/python3.8/site-packages/airflow/example_dags/example_xcomargs.py
[2024-07-26T01:03:01.413+0000] {logging_mixin.py:188} INFO - [2024-07-26T01:03:01.413+0000] {dag.py:3047} INFO - Sync 2 DAGs
[2024-07-26T01:03:01.425+0000] {logging_mixin.py:188} INFO - [2024-07-26T01:03:01.425+0000] {dag.py:3834} INFO - Setting next_dagrun for example_xcom_args to None, run_after=None
[2024-07-26T01:03:01.429+0000] {logging_mixin.py:188} INFO - [2024-07-26T01:03:01.428+0000] {dag.py:3834} INFO - Setting next_dagrun for example_xcom_args_with_operators to None, run_after=None
[2024-07-26T01:03:01.447+0000] {processor.py:183} INFO - Processing /home/airflow/.local/lib/python3.8/site-packages/airflow/example_dags/example_xcomargs.py took 0.060 seconds
[2024-07-26T01:03:32.634+0000] {processor.py:161} INFO - Started process (PID=152) to work on /home/airflow/.local/lib/python3.8/site-packages/airflow/example_dags/example_xcomargs.py
[2024-07-26T01:03:32.635+0000] {processor.py:830} INFO - Processing file /home/airflow/.local/lib/python3.8/site-packages/airflow/example_dags/example_xcomargs.py for tasks to queue
[2024-07-26T01:03:32.636+0000] {logging_mixin.py:188} INFO - [2024-07-26T01:03:32.636+0000] {dagbag.py:540} INFO - Filling up the DagBag from /home/airflow/.local/lib/python3.8/site-packages/airflow/example_dags/example_xcomargs.py
[2024-07-26T01:03:32.642+0000] {processor.py:840} INFO - DAG(s) 'example_xcom_args_with_operators', 'example_xcom_args' retrieved from /home/airflow/.local/lib/python3.8/site-packages/airflow/example_dags/example_xcomargs.py
[2024-07-26T01:03:32.730+0000] {logging_mixin.py:188} INFO - [2024-07-26T01:03:32.729+0000] {dag.py:3047} INFO - Sync 2 DAGs
[2024-07-26T01:03:32.738+0000] {logging_mixin.py:188} INFO - [2024-07-26T01:03:32.738+0000] {dag.py:3834} INFO - Setting next_dagrun for example_xcom_args to None, run_after=None
[2024-07-26T01:03:32.741+0000] {logging_mixin.py:188} INFO - [2024-07-26T01:03:32.741+0000] {dag.py:3834} INFO - Setting next_dagrun for example_xcom_args_with_operators to None, run_after=None
[2024-07-26T01:03:32.755+0000] {processor.py:183} INFO - Processing /home/airflow/.local/lib/python3.8/site-packages/airflow/example_dags/example_xcomargs.py took 0.123 seconds
[2024-07-26T01:04:02.922+0000] {processor.py:161} INFO - Started process (PID=208) to work on /home/airflow/.local/lib/python3.8/site-packages/airflow/example_dags/example_xcomargs.py
[2024-07-26T01:04:02.923+0000] {processor.py:830} INFO - Processing file /home/airflow/.local/lib/python3.8/site-packages/airflow/example_dags/example_xcomargs.py for tasks to queue
[2024-07-26T01:04:02.924+0000] {logging_mixin.py:188} INFO - [2024-07-26T01:04:02.924+0000] {dagbag.py:540} INFO - Filling up the DagBag from /home/airflow/.local/lib/python3.8/site-packages/airflow/example_dags/example_xcomargs.py
[2024-07-26T01:04:02.930+0000] {processor.py:840} INFO - DAG(s) 'example_xcom_args', 'example_xcom_args_with_operators' retrieved from /home/airflow/.local/lib/python3.8/site-packages/airflow/example_dags/example_xcomargs.py
[2024-07-26T01:04:02.947+0000] {logging_mixin.py:188} INFO - [2024-07-26T01:04:02.947+0000] {dag.py:3047} INFO - Sync 2 DAGs
[2024-07-26T01:04:02.956+0000] {logging_mixin.py:188} INFO - [2024-07-26T01:04:02.956+0000] {dag.py:3834} INFO - Setting next_dagrun for example_xcom_args to None, run_after=None
[2024-07-26T01:04:02.959+0000] {logging_mixin.py:188} INFO - [2024-07-26T01:04:02.959+0000] {dag.py:3834} INFO - Setting next_dagrun for example_xcom_args_with_operators to None, run_after=None
[2024-07-26T01:04:02.971+0000] {processor.py:183} INFO - Processing /home/airflow/.local/lib/python3.8/site-packages/airflow/example_dags/example_xcomargs.py took 0.052 seconds
[2024-07-26T01:04:33.138+0000] {processor.py:161} INFO - Started process (PID=264) to work on /home/airflow/.local/lib/python3.8/site-packages/airflow/example_dags/example_xcomargs.py
[2024-07-26T01:04:33.138+0000] {processor.py:830} INFO - Processing file /home/airflow/.local/lib/python3.8/site-packages/airflow/example_dags/example_xcomargs.py for tasks to queue
[2024-07-26T01:04:33.139+0000] {logging_mixin.py:188} INFO - [2024-07-26T01:04:33.139+0000] {dagbag.py:540} INFO - Filling up the DagBag from /home/airflow/.local/lib/python3.8/site-packages/airflow/example_dags/example_xcomargs.py
[2024-07-26T01:04:33.145+0000] {processor.py:840} INFO - DAG(s) 'example_xcom_args', 'example_xcom_args_with_operators' retrieved from /home/airflow/.local/lib/python3.8/site-packages/airflow/example_dags/example_xcomargs.py
[2024-07-26T01:04:33.164+0000] {logging_mixin.py:188} INFO - [2024-07-26T01:04:33.164+0000] {dag.py:3047} INFO - Sync 2 DAGs
[2024-07-26T01:04:33.174+0000] {logging_mixin.py:188} INFO - [2024-07-26T01:04:33.174+0000] {dag.py:3834} INFO - Setting next_dagrun for example_xcom_args to None, run_after=None
[2024-07-26T01:04:33.177+0000] {logging_mixin.py:188} INFO - [2024-07-26T01:04:33.177+0000] {dag.py:3834} INFO - Setting next_dagrun for example_xcom_args_with_operators to None, run_after=None
[2024-07-26T01:04:33.194+0000] {processor.py:183} INFO - Processing /home/airflow/.local/lib/python3.8/site-packages/airflow/example_dags/example_xcomargs.py took 0.059 seconds
[2024-07-26T01:05:03.454+0000] {processor.py:161} INFO - Started process (PID=320) to work on /home/airflow/.local/lib/python3.8/site-packages/airflow/example_dags/example_xcomargs.py
[2024-07-26T01:05:03.454+0000] {processor.py:830} INFO - Processing file /home/airflow/.local/lib/python3.8/site-packages/airflow/example_dags/example_xcomargs.py for tasks to queue
[2024-07-26T01:05:03.456+0000] {logging_mixin.py:188} INFO - [2024-07-26T01:05:03.456+0000] {dagbag.py:540} INFO - Filling up the DagBag from /home/airflow/.local/lib/python3.8/site-packages/airflow/example_dags/example_xcomargs.py
[2024-07-26T01:05:03.462+0000] {processor.py:840} INFO - DAG(s) 'example_xcom_args_with_operators', 'example_xcom_args' retrieved from /home/airflow/.local/lib/python3.8/site-packages/airflow/example_dags/example_xcomargs.py
[2024-07-26T01:05:03.481+0000] {logging_mixin.py:188} INFO - [2024-07-26T01:05:03.481+0000] {dag.py:3047} INFO - Sync 2 DAGs
[2024-07-26T01:05:03.491+0000] {logging_mixin.py:188} INFO - [2024-07-26T01:05:03.491+0000] {dag.py:3834} INFO - Setting next_dagrun for example_xcom_args to None, run_after=None
[2024-07-26T01:05:03.494+0000] {logging_mixin.py:188} INFO - [2024-07-26T01:05:03.494+0000] {dag.py:3834} INFO - Setting next_dagrun for example_xcom_args_with_operators to None, run_after=None
[2024-07-26T01:05:03.510+0000] {processor.py:183} INFO - Processing /home/airflow/.local/lib/python3.8/site-packages/airflow/example_dags/example_xcomargs.py took 0.059 seconds
[2024-07-26T01:05:33.789+0000] {processor.py:161} INFO - Started process (PID=376) to work on /home/airflow/.local/lib/python3.8/site-packages/airflow/example_dags/example_xcomargs.py
[2024-07-26T01:05:33.790+0000] {processor.py:830} INFO - Processing file /home/airflow/.local/lib/python3.8/site-packages/airflow/example_dags/example_xcomargs.py for tasks to queue
[2024-07-26T01:05:33.792+0000] {logging_mixin.py:188} INFO - [2024-07-26T01:05:33.791+0000] {dagbag.py:540} INFO - Filling up the DagBag from /home/airflow/.local/lib/python3.8/site-packages/airflow/example_dags/example_xcomargs.py
[2024-07-26T01:05:33.798+0000] {processor.py:840} INFO - DAG(s) 'example_xcom_args', 'example_xcom_args_with_operators' retrieved from /home/airflow/.local/lib/python3.8/site-packages/airflow/example_dags/example_xcomargs.py
[2024-07-26T01:05:33.817+0000] {logging_mixin.py:188} INFO - [2024-07-26T01:05:33.817+0000] {dag.py:3047} INFO - Sync 2 DAGs
[2024-07-26T01:05:33.827+0000] {logging_mixin.py:188} INFO - [2024-07-26T01:05:33.827+0000] {dag.py:3834} INFO - Setting next_dagrun for example_xcom_args to None, run_after=None
[2024-07-26T01:05:33.830+0000] {logging_mixin.py:188} INFO - [2024-07-26T01:05:33.830+0000] {dag.py:3834} INFO - Setting next_dagrun for example_xcom_args_with_operators to None, run_after=None
[2024-07-26T01:05:33.843+0000] {processor.py:183} INFO - Processing /home/airflow/.local/lib/python3.8/site-packages/airflow/example_dags/example_xcomargs.py took 0.057 seconds
[2024-07-26T01:06:03.937+0000] {processor.py:161} INFO - Started process (PID=432) to work on /home/airflow/.local/lib/python3.8/site-packages/airflow/example_dags/example_xcomargs.py
[2024-07-26T01:06:03.938+0000] {processor.py:830} INFO - Processing file /home/airflow/.local/lib/python3.8/site-packages/airflow/example_dags/example_xcomargs.py for tasks to queue
[2024-07-26T01:06:03.939+0000] {logging_mixin.py:188} INFO - [2024-07-26T01:06:03.938+0000] {dagbag.py:540} INFO - Filling up the DagBag from /home/airflow/.local/lib/python3.8/site-packages/airflow/example_dags/example_xcomargs.py
[2024-07-26T01:06:03.944+0000] {processor.py:840} INFO - DAG(s) 'example_xcom_args', 'example_xcom_args_with_operators' retrieved from /home/airflow/.local/lib/python3.8/site-packages/airflow/example_dags/example_xcomargs.py
[2024-07-26T01:06:03.961+0000] {logging_mixin.py:188} INFO - [2024-07-26T01:06:03.961+0000] {dag.py:3047} INFO - Sync 2 DAGs
[2024-07-26T01:06:03.971+0000] {logging_mixin.py:188} INFO - [2024-07-26T01:06:03.971+0000] {dag.py:3834} INFO - Setting next_dagrun for example_xcom_args to None, run_after=None
[2024-07-26T01:06:03.974+0000] {logging_mixin.py:188} INFO - [2024-07-26T01:06:03.973+0000] {dag.py:3834} INFO - Setting next_dagrun for example_xcom_args_with_operators to None, run_after=None
[2024-07-26T01:06:03.987+0000] {processor.py:183} INFO - Processing /home/airflow/.local/lib/python3.8/site-packages/airflow/example_dags/example_xcomargs.py took 0.052 seconds
[2024-07-26T01:06:34.147+0000] {processor.py:161} INFO - Started process (PID=488) to work on /home/airflow/.local/lib/python3.8/site-packages/airflow/example_dags/example_xcomargs.py
[2024-07-26T01:06:34.148+0000] {processor.py:830} INFO - Processing file /home/airflow/.local/lib/python3.8/site-packages/airflow/example_dags/example_xcomargs.py for tasks to queue
[2024-07-26T01:06:34.149+0000] {logging_mixin.py:188} INFO - [2024-07-26T01:06:34.149+0000] {dagbag.py:540} INFO - Filling up the DagBag from /home/airflow/.local/lib/python3.8/site-packages/airflow/example_dags/example_xcomargs.py
[2024-07-26T01:06:34.155+0000] {processor.py:840} INFO - DAG(s) 'example_xcom_args_with_operators', 'example_xcom_args' retrieved from /home/airflow/.local/lib/python3.8/site-packages/airflow/example_dags/example_xcomargs.py
[2024-07-26T01:06:34.174+0000] {logging_mixin.py:188} INFO - [2024-07-26T01:06:34.174+0000] {dag.py:3047} INFO - Sync 2 DAGs
[2024-07-26T01:06:34.183+0000] {logging_mixin.py:188} INFO - [2024-07-26T01:06:34.183+0000] {dag.py:3834} INFO - Setting next_dagrun for example_xcom_args to None, run_after=None
[2024-07-26T01:06:34.187+0000] {logging_mixin.py:188} INFO - [2024-07-26T01:06:34.186+0000] {dag.py:3834} INFO - Setting next_dagrun for example_xcom_args_with_operators to None, run_after=None
[2024-07-26T01:06:34.199+0000] {processor.py:183} INFO - Processing /home/airflow/.local/lib/python3.8/site-packages/airflow/example_dags/example_xcomargs.py took 0.054 seconds
[2024-07-26T01:07:04.227+0000] {processor.py:161} INFO - Started process (PID=544) to work on /home/airflow/.local/lib/python3.8/site-packages/airflow/example_dags/example_xcomargs.py
[2024-07-26T01:07:04.228+0000] {processor.py:830} INFO - Processing file /home/airflow/.local/lib/python3.8/site-packages/airflow/example_dags/example_xcomargs.py for tasks to queue
[2024-07-26T01:07:04.229+0000] {logging_mixin.py:188} INFO - [2024-07-26T01:07:04.229+0000] {dagbag.py:540} INFO - Filling up the DagBag from /home/airflow/.local/lib/python3.8/site-packages/airflow/example_dags/example_xcomargs.py
[2024-07-26T01:07:04.236+0000] {processor.py:840} INFO - DAG(s) 'example_xcom_args', 'example_xcom_args_with_operators' retrieved from /home/airflow/.local/lib/python3.8/site-packages/airflow/example_dags/example_xcomargs.py
[2024-07-26T01:07:04.257+0000] {logging_mixin.py:188} INFO - [2024-07-26T01:07:04.257+0000] {dag.py:3047} INFO - Sync 2 DAGs
[2024-07-26T01:07:04.267+0000] {logging_mixin.py:188} INFO - [2024-07-26T01:07:04.267+0000] {dag.py:3834} INFO - Setting next_dagrun for example_xcom_args to None, run_after=None
[2024-07-26T01:07:04.270+0000] {logging_mixin.py:188} INFO - [2024-07-26T01:07:04.270+0000] {dag.py:3834} INFO - Setting next_dagrun for example_xcom_args_with_operators to None, run_after=None
[2024-07-26T01:07:04.286+0000] {processor.py:183} INFO - Processing /home/airflow/.local/lib/python3.8/site-packages/airflow/example_dags/example_xcomargs.py took 0.061 seconds
[2024-07-26T01:07:34.837+0000] {processor.py:161} INFO - Started process (PID=600) to work on /home/airflow/.local/lib/python3.8/site-packages/airflow/example_dags/example_xcomargs.py
[2024-07-26T01:07:34.838+0000] {processor.py:830} INFO - Processing file /home/airflow/.local/lib/python3.8/site-packages/airflow/example_dags/example_xcomargs.py for tasks to queue
[2024-07-26T01:07:34.839+0000] {logging_mixin.py:188} INFO - [2024-07-26T01:07:34.839+0000] {dagbag.py:540} INFO - Filling up the DagBag from /home/airflow/.local/lib/python3.8/site-packages/airflow/example_dags/example_xcomargs.py
[2024-07-26T01:07:34.845+0000] {processor.py:840} INFO - DAG(s) 'example_xcom_args', 'example_xcom_args_with_operators' retrieved from /home/airflow/.local/lib/python3.8/site-packages/airflow/example_dags/example_xcomargs.py
[2024-07-26T01:07:34.863+0000] {logging_mixin.py:188} INFO - [2024-07-26T01:07:34.863+0000] {dag.py:3047} INFO - Sync 2 DAGs
[2024-07-26T01:07:34.873+0000] {logging_mixin.py:188} INFO - [2024-07-26T01:07:34.873+0000] {dag.py:3834} INFO - Setting next_dagrun for example_xcom_args to None, run_after=None
[2024-07-26T01:07:34.876+0000] {logging_mixin.py:188} INFO - [2024-07-26T01:07:34.876+0000] {dag.py:3834} INFO - Setting next_dagrun for example_xcom_args_with_operators to None, run_after=None
[2024-07-26T01:07:34.890+0000] {processor.py:183} INFO - Processing /home/airflow/.local/lib/python3.8/site-packages/airflow/example_dags/example_xcomargs.py took 0.055 seconds
[2024-07-26T01:08:05.020+0000] {processor.py:161} INFO - Started process (PID=656) to work on /home/airflow/.local/lib/python3.8/site-packages/airflow/example_dags/example_xcomargs.py
[2024-07-26T01:08:05.021+0000] {processor.py:830} INFO - Processing file /home/airflow/.local/lib/python3.8/site-packages/airflow/example_dags/example_xcomargs.py for tasks to queue
[2024-07-26T01:08:05.023+0000] {logging_mixin.py:188} INFO - [2024-07-26T01:08:05.022+0000] {dagbag.py:540} INFO - Filling up the DagBag from /home/airflow/.local/lib/python3.8/site-packages/airflow/example_dags/example_xcomargs.py
[2024-07-26T01:08:05.030+0000] {processor.py:840} INFO - DAG(s) 'example_xcom_args_with_operators', 'example_xcom_args' retrieved from /home/airflow/.local/lib/python3.8/site-packages/airflow/example_dags/example_xcomargs.py
[2024-07-26T01:08:05.051+0000] {logging_mixin.py:188} INFO - [2024-07-26T01:08:05.051+0000] {dag.py:3047} INFO - Sync 2 DAGs
[2024-07-26T01:08:05.062+0000] {logging_mixin.py:188} INFO - [2024-07-26T01:08:05.062+0000] {dag.py:3834} INFO - Setting next_dagrun for example_xcom_args to None, run_after=None
[2024-07-26T01:08:05.065+0000] {logging_mixin.py:188} INFO - [2024-07-26T01:08:05.065+0000] {dag.py:3834} INFO - Setting next_dagrun for example_xcom_args_with_operators to None, run_after=None
[2024-07-26T01:08:05.081+0000] {processor.py:183} INFO - Processing /home/airflow/.local/lib/python3.8/site-packages/airflow/example_dags/example_xcomargs.py took 0.064 seconds
[2024-07-26T01:08:35.199+0000] {processor.py:161} INFO - Started process (PID=712) to work on /home/airflow/.local/lib/python3.8/site-packages/airflow/example_dags/example_xcomargs.py
[2024-07-26T01:08:35.200+0000] {processor.py:830} INFO - Processing file /home/airflow/.local/lib/python3.8/site-packages/airflow/example_dags/example_xcomargs.py for tasks to queue
[2024-07-26T01:08:35.201+0000] {logging_mixin.py:188} INFO - [2024-07-26T01:08:35.201+0000] {dagbag.py:540} INFO - Filling up the DagBag from /home/airflow/.local/lib/python3.8/site-packages/airflow/example_dags/example_xcomargs.py
[2024-07-26T01:08:35.208+0000] {processor.py:840} INFO - DAG(s) 'example_xcom_args', 'example_xcom_args_with_operators' retrieved from /home/airflow/.local/lib/python3.8/site-packages/airflow/example_dags/example_xcomargs.py
[2024-07-26T01:08:35.231+0000] {logging_mixin.py:188} INFO - [2024-07-26T01:08:35.231+0000] {dag.py:3047} INFO - Sync 2 DAGs
[2024-07-26T01:08:35.243+0000] {logging_mixin.py:188} INFO - [2024-07-26T01:08:35.243+0000] {dag.py:3834} INFO - Setting next_dagrun for example_xcom_args to None, run_after=None
[2024-07-26T01:08:35.248+0000] {logging_mixin.py:188} INFO - [2024-07-26T01:08:35.247+0000] {dag.py:3834} INFO - Setting next_dagrun for example_xcom_args_with_operators to None, run_after=None
[2024-07-26T01:08:35.265+0000] {processor.py:183} INFO - Processing /home/airflow/.local/lib/python3.8/site-packages/airflow/example_dags/example_xcomargs.py took 0.068 seconds
[2024-07-26T01:09:05.524+0000] {processor.py:161} INFO - Started process (PID=768) to work on /home/airflow/.local/lib/python3.8/site-packages/airflow/example_dags/example_xcomargs.py
[2024-07-26T01:09:05.525+0000] {processor.py:830} INFO - Processing file /home/airflow/.local/lib/python3.8/site-packages/airflow/example_dags/example_xcomargs.py for tasks to queue
[2024-07-26T01:09:05.527+0000] {logging_mixin.py:188} INFO - [2024-07-26T01:09:05.526+0000] {dagbag.py:540} INFO - Filling up the DagBag from /home/airflow/.local/lib/python3.8/site-packages/airflow/example_dags/example_xcomargs.py
[2024-07-26T01:09:05.534+0000] {processor.py:840} INFO - DAG(s) 'example_xcom_args', 'example_xcom_args_with_operators' retrieved from /home/airflow/.local/lib/python3.8/site-packages/airflow/example_dags/example_xcomargs.py
[2024-07-26T01:09:05.555+0000] {logging_mixin.py:188} INFO - [2024-07-26T01:09:05.555+0000] {dag.py:3047} INFO - Sync 2 DAGs
[2024-07-26T01:09:05.566+0000] {logging_mixin.py:188} INFO - [2024-07-26T01:09:05.565+0000] {dag.py:3834} INFO - Setting next_dagrun for example_xcom_args to None, run_after=None
[2024-07-26T01:09:05.569+0000] {logging_mixin.py:188} INFO - [2024-07-26T01:09:05.568+0000] {dag.py:3834} INFO - Setting next_dagrun for example_xcom_args_with_operators to None, run_after=None
[2024-07-26T01:09:05.585+0000] {processor.py:183} INFO - Processing /home/airflow/.local/lib/python3.8/site-packages/airflow/example_dags/example_xcomargs.py took 0.065 seconds
[2024-07-26T01:09:35.909+0000] {processor.py:161} INFO - Started process (PID=825) to work on /home/airflow/.local/lib/python3.8/site-packages/airflow/example_dags/example_xcomargs.py
[2024-07-26T01:09:35.909+0000] {processor.py:830} INFO - Processing file /home/airflow/.local/lib/python3.8/site-packages/airflow/example_dags/example_xcomargs.py for tasks to queue
[2024-07-26T01:09:35.911+0000] {logging_mixin.py:188} INFO - [2024-07-26T01:09:35.910+0000] {dagbag.py:540} INFO - Filling up the DagBag from /home/airflow/.local/lib/python3.8/site-packages/airflow/example_dags/example_xcomargs.py
[2024-07-26T01:09:35.918+0000] {processor.py:840} INFO - DAG(s) 'example_xcom_args', 'example_xcom_args_with_operators' retrieved from /home/airflow/.local/lib/python3.8/site-packages/airflow/example_dags/example_xcomargs.py
[2024-07-26T01:09:35.939+0000] {logging_mixin.py:188} INFO - [2024-07-26T01:09:35.938+0000] {dag.py:3047} INFO - Sync 2 DAGs
[2024-07-26T01:09:35.949+0000] {logging_mixin.py:188} INFO - [2024-07-26T01:09:35.948+0000] {dag.py:3834} INFO - Setting next_dagrun for example_xcom_args to None, run_after=None
[2024-07-26T01:09:35.951+0000] {logging_mixin.py:188} INFO - [2024-07-26T01:09:35.951+0000] {dag.py:3834} INFO - Setting next_dagrun for example_xcom_args_with_operators to None, run_after=None
[2024-07-26T01:09:35.964+0000] {processor.py:183} INFO - Processing /home/airflow/.local/lib/python3.8/site-packages/airflow/example_dags/example_xcomargs.py took 0.058 seconds
[2024-07-26T01:10:06.003+0000] {processor.py:161} INFO - Started process (PID=881) to work on /home/airflow/.local/lib/python3.8/site-packages/airflow/example_dags/example_xcomargs.py
[2024-07-26T01:10:06.004+0000] {processor.py:830} INFO - Processing file /home/airflow/.local/lib/python3.8/site-packages/airflow/example_dags/example_xcomargs.py for tasks to queue
[2024-07-26T01:10:06.005+0000] {logging_mixin.py:188} INFO - [2024-07-26T01:10:06.005+0000] {dagbag.py:540} INFO - Filling up the DagBag from /home/airflow/.local/lib/python3.8/site-packages/airflow/example_dags/example_xcomargs.py
[2024-07-26T01:10:06.012+0000] {processor.py:840} INFO - DAG(s) 'example_xcom_args', 'example_xcom_args_with_operators' retrieved from /home/airflow/.local/lib/python3.8/site-packages/airflow/example_dags/example_xcomargs.py
[2024-07-26T01:10:06.032+0000] {logging_mixin.py:188} INFO - [2024-07-26T01:10:06.032+0000] {dag.py:3047} INFO - Sync 2 DAGs
[2024-07-26T01:10:06.043+0000] {logging_mixin.py:188} INFO - [2024-07-26T01:10:06.042+0000] {dag.py:3834} INFO - Setting next_dagrun for example_xcom_args to None, run_after=None
[2024-07-26T01:10:06.046+0000] {logging_mixin.py:188} INFO - [2024-07-26T01:10:06.046+0000] {dag.py:3834} INFO - Setting next_dagrun for example_xcom_args_with_operators to None, run_after=None
[2024-07-26T01:10:06.062+0000] {processor.py:183} INFO - Processing /home/airflow/.local/lib/python3.8/site-packages/airflow/example_dags/example_xcomargs.py took 0.061 seconds
[2024-07-26T01:10:36.105+0000] {processor.py:161} INFO - Started process (PID=937) to work on /home/airflow/.local/lib/python3.8/site-packages/airflow/example_dags/example_xcomargs.py
[2024-07-26T01:10:36.106+0000] {processor.py:830} INFO - Processing file /home/airflow/.local/lib/python3.8/site-packages/airflow/example_dags/example_xcomargs.py for tasks to queue
[2024-07-26T01:10:36.107+0000] {logging_mixin.py:188} INFO - [2024-07-26T01:10:36.107+0000] {dagbag.py:540} INFO - Filling up the DagBag from /home/airflow/.local/lib/python3.8/site-packages/airflow/example_dags/example_xcomargs.py
[2024-07-26T01:10:36.113+0000] {processor.py:840} INFO - DAG(s) 'example_xcom_args', 'example_xcom_args_with_operators' retrieved from /home/airflow/.local/lib/python3.8/site-packages/airflow/example_dags/example_xcomargs.py
[2024-07-26T01:10:36.136+0000] {logging_mixin.py:188} INFO - [2024-07-26T01:10:36.135+0000] {dag.py:3047} INFO - Sync 2 DAGs
[2024-07-26T01:10:36.146+0000] {logging_mixin.py:188} INFO - [2024-07-26T01:10:36.146+0000] {dag.py:3834} INFO - Setting next_dagrun for example_xcom_args to None, run_after=None
[2024-07-26T01:10:36.149+0000] {logging_mixin.py:188} INFO - [2024-07-26T01:10:36.149+0000] {dag.py:3834} INFO - Setting next_dagrun for example_xcom_args_with_operators to None, run_after=None
[2024-07-26T01:10:36.165+0000] {processor.py:183} INFO - Processing /home/airflow/.local/lib/python3.8/site-packages/airflow/example_dags/example_xcomargs.py took 0.062 seconds
[2024-07-26T01:11:06.546+0000] {processor.py:161} INFO - Started process (PID=993) to work on /home/airflow/.local/lib/python3.8/site-packages/airflow/example_dags/example_xcomargs.py
[2024-07-26T01:11:06.547+0000] {processor.py:830} INFO - Processing file /home/airflow/.local/lib/python3.8/site-packages/airflow/example_dags/example_xcomargs.py for tasks to queue
[2024-07-26T01:11:06.548+0000] {logging_mixin.py:188} INFO - [2024-07-26T01:11:06.548+0000] {dagbag.py:540} INFO - Filling up the DagBag from /home/airflow/.local/lib/python3.8/site-packages/airflow/example_dags/example_xcomargs.py
[2024-07-26T01:11:06.554+0000] {processor.py:840} INFO - DAG(s) 'example_xcom_args_with_operators', 'example_xcom_args' retrieved from /home/airflow/.local/lib/python3.8/site-packages/airflow/example_dags/example_xcomargs.py
[2024-07-26T01:11:06.574+0000] {logging_mixin.py:188} INFO - [2024-07-26T01:11:06.573+0000] {dag.py:3047} INFO - Sync 2 DAGs
[2024-07-26T01:11:06.584+0000] {logging_mixin.py:188} INFO - [2024-07-26T01:11:06.584+0000] {dag.py:3834} INFO - Setting next_dagrun for example_xcom_args to None, run_after=None
[2024-07-26T01:11:06.590+0000] {logging_mixin.py:188} INFO - [2024-07-26T01:11:06.590+0000] {dag.py:3834} INFO - Setting next_dagrun for example_xcom_args_with_operators to None, run_after=None
[2024-07-26T01:11:06.607+0000] {processor.py:183} INFO - Processing /home/airflow/.local/lib/python3.8/site-packages/airflow/example_dags/example_xcomargs.py took 0.064 seconds
[2024-07-26T01:11:36.756+0000] {processor.py:161} INFO - Started process (PID=1049) to work on /home/airflow/.local/lib/python3.8/site-packages/airflow/example_dags/example_xcomargs.py
[2024-07-26T01:11:36.757+0000] {processor.py:830} INFO - Processing file /home/airflow/.local/lib/python3.8/site-packages/airflow/example_dags/example_xcomargs.py for tasks to queue
[2024-07-26T01:11:36.758+0000] {logging_mixin.py:188} INFO - [2024-07-26T01:11:36.758+0000] {dagbag.py:540} INFO - Filling up the DagBag from /home/airflow/.local/lib/python3.8/site-packages/airflow/example_dags/example_xcomargs.py
[2024-07-26T01:11:36.766+0000] {processor.py:840} INFO - DAG(s) 'example_xcom_args', 'example_xcom_args_with_operators' retrieved from /home/airflow/.local/lib/python3.8/site-packages/airflow/example_dags/example_xcomargs.py
[2024-07-26T01:11:36.788+0000] {logging_mixin.py:188} INFO - [2024-07-26T01:11:36.788+0000] {dag.py:3047} INFO - Sync 2 DAGs
[2024-07-26T01:11:36.799+0000] {logging_mixin.py:188} INFO - [2024-07-26T01:11:36.799+0000] {dag.py:3834} INFO - Setting next_dagrun for example_xcom_args to None, run_after=None
[2024-07-26T01:11:36.803+0000] {logging_mixin.py:188} INFO - [2024-07-26T01:11:36.803+0000] {dag.py:3834} INFO - Setting next_dagrun for example_xcom_args_with_operators to None, run_after=None
[2024-07-26T01:11:36.820+0000] {processor.py:183} INFO - Processing /home/airflow/.local/lib/python3.8/site-packages/airflow/example_dags/example_xcomargs.py took 0.066 seconds
[2024-07-26T01:12:07.108+0000] {processor.py:161} INFO - Started process (PID=1105) to work on /home/airflow/.local/lib/python3.8/site-packages/airflow/example_dags/example_xcomargs.py
[2024-07-26T01:12:07.112+0000] {processor.py:830} INFO - Processing file /home/airflow/.local/lib/python3.8/site-packages/airflow/example_dags/example_xcomargs.py for tasks to queue
[2024-07-26T01:12:07.113+0000] {logging_mixin.py:188} INFO - [2024-07-26T01:12:07.113+0000] {dagbag.py:540} INFO - Filling up the DagBag from /home/airflow/.local/lib/python3.8/site-packages/airflow/example_dags/example_xcomargs.py
[2024-07-26T01:12:07.119+0000] {processor.py:840} INFO - DAG(s) 'example_xcom_args_with_operators', 'example_xcom_args' retrieved from /home/airflow/.local/lib/python3.8/site-packages/airflow/example_dags/example_xcomargs.py
[2024-07-26T01:12:07.139+0000] {logging_mixin.py:188} INFO - [2024-07-26T01:12:07.139+0000] {dag.py:3047} INFO - Sync 2 DAGs
[2024-07-26T01:12:07.150+0000] {logging_mixin.py:188} INFO - [2024-07-26T01:12:07.150+0000] {dag.py:3834} INFO - Setting next_dagrun for example_xcom_args to None, run_after=None
[2024-07-26T01:12:07.153+0000] {logging_mixin.py:188} INFO - [2024-07-26T01:12:07.153+0000] {dag.py:3834} INFO - Setting next_dagrun for example_xcom_args_with_operators to None, run_after=None
[2024-07-26T01:12:07.168+0000] {processor.py:183} INFO - Processing /home/airflow/.local/lib/python3.8/site-packages/airflow/example_dags/example_xcomargs.py took 0.063 seconds
[2024-07-26T01:12:37.291+0000] {processor.py:161} INFO - Started process (PID=1161) to work on /home/airflow/.local/lib/python3.8/site-packages/airflow/example_dags/example_xcomargs.py
[2024-07-26T01:12:37.292+0000] {processor.py:830} INFO - Processing file /home/airflow/.local/lib/python3.8/site-packages/airflow/example_dags/example_xcomargs.py for tasks to queue
[2024-07-26T01:12:37.293+0000] {logging_mixin.py:188} INFO - [2024-07-26T01:12:37.293+0000] {dagbag.py:540} INFO - Filling up the DagBag from /home/airflow/.local/lib/python3.8/site-packages/airflow/example_dags/example_xcomargs.py
[2024-07-26T01:12:37.299+0000] {processor.py:840} INFO - DAG(s) 'example_xcom_args', 'example_xcom_args_with_operators' retrieved from /home/airflow/.local/lib/python3.8/site-packages/airflow/example_dags/example_xcomargs.py
[2024-07-26T01:12:37.318+0000] {logging_mixin.py:188} INFO - [2024-07-26T01:12:37.318+0000] {dag.py:3047} INFO - Sync 2 DAGs
[2024-07-26T01:12:37.327+0000] {logging_mixin.py:188} INFO - [2024-07-26T01:12:37.327+0000] {dag.py:3834} INFO - Setting next_dagrun for example_xcom_args to None, run_after=None
[2024-07-26T01:12:37.330+0000] {logging_mixin.py:188} INFO - [2024-07-26T01:12:37.330+0000] {dag.py:3834} INFO - Setting next_dagrun for example_xcom_args_with_operators to None, run_after=None
[2024-07-26T01:12:37.343+0000] {processor.py:183} INFO - Processing /home/airflow/.local/lib/python3.8/site-packages/airflow/example_dags/example_xcomargs.py took 0.054 seconds
[2024-07-26T01:13:08.332+0000] {processor.py:161} INFO - Started process (PID=1217) to work on /home/airflow/.local/lib/python3.8/site-packages/airflow/example_dags/example_xcomargs.py
[2024-07-26T01:13:08.333+0000] {processor.py:830} INFO - Processing file /home/airflow/.local/lib/python3.8/site-packages/airflow/example_dags/example_xcomargs.py for tasks to queue
[2024-07-26T01:13:08.335+0000] {logging_mixin.py:188} INFO - [2024-07-26T01:13:08.334+0000] {dagbag.py:540} INFO - Filling up the DagBag from /home/airflow/.local/lib/python3.8/site-packages/airflow/example_dags/example_xcomargs.py
[2024-07-26T01:13:08.341+0000] {processor.py:840} INFO - DAG(s) 'example_xcom_args_with_operators', 'example_xcom_args' retrieved from /home/airflow/.local/lib/python3.8/site-packages/airflow/example_dags/example_xcomargs.py
[2024-07-26T01:13:08.360+0000] {logging_mixin.py:188} INFO - [2024-07-26T01:13:08.359+0000] {dag.py:3047} INFO - Sync 2 DAGs
[2024-07-26T01:13:08.369+0000] {logging_mixin.py:188} INFO - [2024-07-26T01:13:08.369+0000] {dag.py:3834} INFO - Setting next_dagrun for example_xcom_args to None, run_after=None
[2024-07-26T01:13:08.372+0000] {logging_mixin.py:188} INFO - [2024-07-26T01:13:08.372+0000] {dag.py:3834} INFO - Setting next_dagrun for example_xcom_args_with_operators to None, run_after=None
[2024-07-26T01:13:08.387+0000] {processor.py:183} INFO - Processing /home/airflow/.local/lib/python3.8/site-packages/airflow/example_dags/example_xcomargs.py took 0.057 seconds
[2024-07-26T01:13:38.889+0000] {processor.py:161} INFO - Started process (PID=1273) to work on /home/airflow/.local/lib/python3.8/site-packages/airflow/example_dags/example_xcomargs.py
[2024-07-26T01:13:38.890+0000] {processor.py:830} INFO - Processing file /home/airflow/.local/lib/python3.8/site-packages/airflow/example_dags/example_xcomargs.py for tasks to queue
[2024-07-26T01:13:38.891+0000] {logging_mixin.py:188} INFO - [2024-07-26T01:13:38.891+0000] {dagbag.py:540} INFO - Filling up the DagBag from /home/airflow/.local/lib/python3.8/site-packages/airflow/example_dags/example_xcomargs.py
[2024-07-26T01:13:38.898+0000] {processor.py:840} INFO - DAG(s) 'example_xcom_args_with_operators', 'example_xcom_args' retrieved from /home/airflow/.local/lib/python3.8/site-packages/airflow/example_dags/example_xcomargs.py
[2024-07-26T01:13:38.919+0000] {logging_mixin.py:188} INFO - [2024-07-26T01:13:38.919+0000] {dag.py:3047} INFO - Sync 2 DAGs
[2024-07-26T01:13:38.930+0000] {logging_mixin.py:188} INFO - [2024-07-26T01:13:38.929+0000] {dag.py:3834} INFO - Setting next_dagrun for example_xcom_args to None, run_after=None
[2024-07-26T01:13:38.934+0000] {logging_mixin.py:188} INFO - [2024-07-26T01:13:38.933+0000] {dag.py:3834} INFO - Setting next_dagrun for example_xcom_args_with_operators to None, run_after=None
[2024-07-26T01:13:38.950+0000] {processor.py:183} INFO - Processing /home/airflow/.local/lib/python3.8/site-packages/airflow/example_dags/example_xcomargs.py took 0.064 seconds
[2024-07-26T01:14:09.008+0000] {processor.py:161} INFO - Started process (PID=1329) to work on /home/airflow/.local/lib/python3.8/site-packages/airflow/example_dags/example_xcomargs.py
[2024-07-26T01:14:09.009+0000] {processor.py:830} INFO - Processing file /home/airflow/.local/lib/python3.8/site-packages/airflow/example_dags/example_xcomargs.py for tasks to queue
[2024-07-26T01:14:09.010+0000] {logging_mixin.py:188} INFO - [2024-07-26T01:14:09.010+0000] {dagbag.py:540} INFO - Filling up the DagBag from /home/airflow/.local/lib/python3.8/site-packages/airflow/example_dags/example_xcomargs.py
[2024-07-26T01:14:09.016+0000] {processor.py:840} INFO - DAG(s) 'example_xcom_args_with_operators', 'example_xcom_args' retrieved from /home/airflow/.local/lib/python3.8/site-packages/airflow/example_dags/example_xcomargs.py
[2024-07-26T01:14:09.036+0000] {logging_mixin.py:188} INFO - [2024-07-26T01:14:09.036+0000] {dag.py:3047} INFO - Sync 2 DAGs
[2024-07-26T01:14:09.046+0000] {logging_mixin.py:188} INFO - [2024-07-26T01:14:09.046+0000] {dag.py:3834} INFO - Setting next_dagrun for example_xcom_args to None, run_after=None
[2024-07-26T01:14:09.050+0000] {logging_mixin.py:188} INFO - [2024-07-26T01:14:09.050+0000] {dag.py:3834} INFO - Setting next_dagrun for example_xcom_args_with_operators to None, run_after=None
[2024-07-26T01:14:09.064+0000] {processor.py:183} INFO - Processing /home/airflow/.local/lib/python3.8/site-packages/airflow/example_dags/example_xcomargs.py took 0.059 seconds
[2024-07-26T01:14:39.713+0000] {processor.py:161} INFO - Started process (PID=1385) to work on /home/airflow/.local/lib/python3.8/site-packages/airflow/example_dags/example_xcomargs.py
[2024-07-26T01:14:39.714+0000] {processor.py:830} INFO - Processing file /home/airflow/.local/lib/python3.8/site-packages/airflow/example_dags/example_xcomargs.py for tasks to queue
[2024-07-26T01:14:39.716+0000] {logging_mixin.py:188} INFO - [2024-07-26T01:14:39.715+0000] {dagbag.py:540} INFO - Filling up the DagBag from /home/airflow/.local/lib/python3.8/site-packages/airflow/example_dags/example_xcomargs.py
[2024-07-26T01:14:39.724+0000] {processor.py:840} INFO - DAG(s) 'example_xcom_args', 'example_xcom_args_with_operators' retrieved from /home/airflow/.local/lib/python3.8/site-packages/airflow/example_dags/example_xcomargs.py
[2024-07-26T01:14:39.756+0000] {logging_mixin.py:188} INFO - [2024-07-26T01:14:39.755+0000] {dag.py:3047} INFO - Sync 2 DAGs
[2024-07-26T01:14:39.775+0000] {logging_mixin.py:188} INFO - [2024-07-26T01:14:39.775+0000] {dag.py:3834} INFO - Setting next_dagrun for example_xcom_args to None, run_after=None
[2024-07-26T01:14:39.780+0000] {logging_mixin.py:188} INFO - [2024-07-26T01:14:39.780+0000] {dag.py:3834} INFO - Setting next_dagrun for example_xcom_args_with_operators to None, run_after=None
[2024-07-26T01:14:39.810+0000] {processor.py:183} INFO - Processing /home/airflow/.local/lib/python3.8/site-packages/airflow/example_dags/example_xcomargs.py took 0.101 seconds
[2024-07-26T01:15:10.719+0000] {processor.py:161} INFO - Started process (PID=1441) to work on /home/airflow/.local/lib/python3.8/site-packages/airflow/example_dags/example_xcomargs.py
[2024-07-26T01:15:10.720+0000] {processor.py:830} INFO - Processing file /home/airflow/.local/lib/python3.8/site-packages/airflow/example_dags/example_xcomargs.py for tasks to queue
[2024-07-26T01:15:10.721+0000] {logging_mixin.py:188} INFO - [2024-07-26T01:15:10.721+0000] {dagbag.py:540} INFO - Filling up the DagBag from /home/airflow/.local/lib/python3.8/site-packages/airflow/example_dags/example_xcomargs.py
[2024-07-26T01:15:10.728+0000] {processor.py:840} INFO - DAG(s) 'example_xcom_args_with_operators', 'example_xcom_args' retrieved from /home/airflow/.local/lib/python3.8/site-packages/airflow/example_dags/example_xcomargs.py
[2024-07-26T01:15:10.746+0000] {logging_mixin.py:188} INFO - [2024-07-26T01:15:10.746+0000] {dag.py:3047} INFO - Sync 2 DAGs
[2024-07-26T01:15:10.756+0000] {logging_mixin.py:188} INFO - [2024-07-26T01:15:10.756+0000] {dag.py:3834} INFO - Setting next_dagrun for example_xcom_args to None, run_after=None
[2024-07-26T01:15:10.759+0000] {logging_mixin.py:188} INFO - [2024-07-26T01:15:10.759+0000] {dag.py:3834} INFO - Setting next_dagrun for example_xcom_args_with_operators to None, run_after=None
[2024-07-26T01:15:10.773+0000] {processor.py:183} INFO - Processing /home/airflow/.local/lib/python3.8/site-packages/airflow/example_dags/example_xcomargs.py took 0.055 seconds
[2024-07-26T01:15:41.136+0000] {processor.py:161} INFO - Started process (PID=1497) to work on /home/airflow/.local/lib/python3.8/site-packages/airflow/example_dags/example_xcomargs.py
[2024-07-26T01:15:41.136+0000] {processor.py:830} INFO - Processing file /home/airflow/.local/lib/python3.8/site-packages/airflow/example_dags/example_xcomargs.py for tasks to queue
[2024-07-26T01:15:41.138+0000] {logging_mixin.py:188} INFO - [2024-07-26T01:15:41.137+0000] {dagbag.py:540} INFO - Filling up the DagBag from /home/airflow/.local/lib/python3.8/site-packages/airflow/example_dags/example_xcomargs.py
[2024-07-26T01:15:41.144+0000] {processor.py:840} INFO - DAG(s) 'example_xcom_args_with_operators', 'example_xcom_args' retrieved from /home/airflow/.local/lib/python3.8/site-packages/airflow/example_dags/example_xcomargs.py
[2024-07-26T01:15:41.166+0000] {logging_mixin.py:188} INFO - [2024-07-26T01:15:41.166+0000] {dag.py:3047} INFO - Sync 2 DAGs
[2024-07-26T01:15:41.178+0000] {logging_mixin.py:188} INFO - [2024-07-26T01:15:41.177+0000] {dag.py:3834} INFO - Setting next_dagrun for example_xcom_args to None, run_after=None
[2024-07-26T01:15:41.181+0000] {logging_mixin.py:188} INFO - [2024-07-26T01:15:41.181+0000] {dag.py:3834} INFO - Setting next_dagrun for example_xcom_args_with_operators to None, run_after=None
[2024-07-26T01:15:41.197+0000] {processor.py:183} INFO - Processing /home/airflow/.local/lib/python3.8/site-packages/airflow/example_dags/example_xcomargs.py took 0.064 seconds
[2024-07-26T01:16:11.533+0000] {processor.py:161} INFO - Started process (PID=1553) to work on /home/airflow/.local/lib/python3.8/site-packages/airflow/example_dags/example_xcomargs.py
[2024-07-26T01:16:11.534+0000] {processor.py:830} INFO - Processing file /home/airflow/.local/lib/python3.8/site-packages/airflow/example_dags/example_xcomargs.py for tasks to queue
[2024-07-26T01:16:11.536+0000] {logging_mixin.py:188} INFO - [2024-07-26T01:16:11.536+0000] {dagbag.py:540} INFO - Filling up the DagBag from /home/airflow/.local/lib/python3.8/site-packages/airflow/example_dags/example_xcomargs.py
[2024-07-26T01:16:11.542+0000] {processor.py:840} INFO - DAG(s) 'example_xcom_args', 'example_xcom_args_with_operators' retrieved from /home/airflow/.local/lib/python3.8/site-packages/airflow/example_dags/example_xcomargs.py
[2024-07-26T01:16:11.566+0000] {logging_mixin.py:188} INFO - [2024-07-26T01:16:11.565+0000] {dag.py:3047} INFO - Sync 2 DAGs
[2024-07-26T01:16:11.577+0000] {logging_mixin.py:188} INFO - [2024-07-26T01:16:11.577+0000] {dag.py:3834} INFO - Setting next_dagrun for example_xcom_args to None, run_after=None
[2024-07-26T01:16:11.582+0000] {logging_mixin.py:188} INFO - [2024-07-26T01:16:11.581+0000] {dag.py:3834} INFO - Setting next_dagrun for example_xcom_args_with_operators to None, run_after=None
[2024-07-26T01:16:11.601+0000] {processor.py:183} INFO - Processing /home/airflow/.local/lib/python3.8/site-packages/airflow/example_dags/example_xcomargs.py took 0.071 seconds
[2024-07-26T01:16:41.940+0000] {processor.py:161} INFO - Started process (PID=1610) to work on /home/airflow/.local/lib/python3.8/site-packages/airflow/example_dags/example_xcomargs.py
[2024-07-26T01:16:41.941+0000] {processor.py:830} INFO - Processing file /home/airflow/.local/lib/python3.8/site-packages/airflow/example_dags/example_xcomargs.py for tasks to queue
[2024-07-26T01:16:41.942+0000] {logging_mixin.py:188} INFO - [2024-07-26T01:16:41.942+0000] {dagbag.py:540} INFO - Filling up the DagBag from /home/airflow/.local/lib/python3.8/site-packages/airflow/example_dags/example_xcomargs.py
[2024-07-26T01:16:41.950+0000] {processor.py:840} INFO - DAG(s) 'example_xcom_args', 'example_xcom_args_with_operators' retrieved from /home/airflow/.local/lib/python3.8/site-packages/airflow/example_dags/example_xcomargs.py
[2024-07-26T01:16:41.971+0000] {logging_mixin.py:188} INFO - [2024-07-26T01:16:41.970+0000] {dag.py:3047} INFO - Sync 2 DAGs
[2024-07-26T01:16:41.984+0000] {logging_mixin.py:188} INFO - [2024-07-26T01:16:41.983+0000] {dag.py:3834} INFO - Setting next_dagrun for example_xcom_args to None, run_after=None
[2024-07-26T01:16:41.987+0000] {logging_mixin.py:188} INFO - [2024-07-26T01:16:41.987+0000] {dag.py:3834} INFO - Setting next_dagrun for example_xcom_args_with_operators to None, run_after=None
[2024-07-26T01:16:42.006+0000] {processor.py:183} INFO - Processing /home/airflow/.local/lib/python3.8/site-packages/airflow/example_dags/example_xcomargs.py took 0.068 seconds
[2024-07-26T01:17:12.354+0000] {processor.py:161} INFO - Started process (PID=1665) to work on /home/airflow/.local/lib/python3.8/site-packages/airflow/example_dags/example_xcomargs.py
[2024-07-26T01:17:12.355+0000] {processor.py:830} INFO - Processing file /home/airflow/.local/lib/python3.8/site-packages/airflow/example_dags/example_xcomargs.py for tasks to queue
[2024-07-26T01:17:12.357+0000] {logging_mixin.py:188} INFO - [2024-07-26T01:17:12.357+0000] {dagbag.py:540} INFO - Filling up the DagBag from /home/airflow/.local/lib/python3.8/site-packages/airflow/example_dags/example_xcomargs.py
[2024-07-26T01:17:12.366+0000] {processor.py:840} INFO - DAG(s) 'example_xcom_args', 'example_xcom_args_with_operators' retrieved from /home/airflow/.local/lib/python3.8/site-packages/airflow/example_dags/example_xcomargs.py
[2024-07-26T01:17:12.394+0000] {logging_mixin.py:188} INFO - [2024-07-26T01:17:12.394+0000] {dag.py:3047} INFO - Sync 2 DAGs
[2024-07-26T01:17:12.406+0000] {logging_mixin.py:188} INFO - [2024-07-26T01:17:12.406+0000] {dag.py:3834} INFO - Setting next_dagrun for example_xcom_args to None, run_after=None
[2024-07-26T01:17:12.409+0000] {logging_mixin.py:188} INFO - [2024-07-26T01:17:12.409+0000] {dag.py:3834} INFO - Setting next_dagrun for example_xcom_args_with_operators to None, run_after=None
[2024-07-26T01:17:12.429+0000] {processor.py:183} INFO - Processing /home/airflow/.local/lib/python3.8/site-packages/airflow/example_dags/example_xcomargs.py took 0.080 seconds
[2024-07-26T01:17:42.866+0000] {processor.py:161} INFO - Started process (PID=1721) to work on /home/airflow/.local/lib/python3.8/site-packages/airflow/example_dags/example_xcomargs.py
[2024-07-26T01:17:42.867+0000] {processor.py:830} INFO - Processing file /home/airflow/.local/lib/python3.8/site-packages/airflow/example_dags/example_xcomargs.py for tasks to queue
[2024-07-26T01:17:42.869+0000] {logging_mixin.py:188} INFO - [2024-07-26T01:17:42.869+0000] {dagbag.py:540} INFO - Filling up the DagBag from /home/airflow/.local/lib/python3.8/site-packages/airflow/example_dags/example_xcomargs.py
[2024-07-26T01:17:42.877+0000] {processor.py:840} INFO - DAG(s) 'example_xcom_args_with_operators', 'example_xcom_args' retrieved from /home/airflow/.local/lib/python3.8/site-packages/airflow/example_dags/example_xcomargs.py
[2024-07-26T01:17:42.903+0000] {logging_mixin.py:188} INFO - [2024-07-26T01:17:42.903+0000] {dag.py:3047} INFO - Sync 2 DAGs
[2024-07-26T01:17:42.916+0000] {logging_mixin.py:188} INFO - [2024-07-26T01:17:42.916+0000] {dag.py:3834} INFO - Setting next_dagrun for example_xcom_args to None, run_after=None
[2024-07-26T01:17:42.919+0000] {logging_mixin.py:188} INFO - [2024-07-26T01:17:42.919+0000] {dag.py:3834} INFO - Setting next_dagrun for example_xcom_args_with_operators to None, run_after=None
[2024-07-26T01:17:42.935+0000] {processor.py:183} INFO - Processing /home/airflow/.local/lib/python3.8/site-packages/airflow/example_dags/example_xcomargs.py took 0.072 seconds
[2024-07-26T01:18:13.369+0000] {processor.py:161} INFO - Started process (PID=1777) to work on /home/airflow/.local/lib/python3.8/site-packages/airflow/example_dags/example_xcomargs.py
[2024-07-26T01:18:13.370+0000] {processor.py:830} INFO - Processing file /home/airflow/.local/lib/python3.8/site-packages/airflow/example_dags/example_xcomargs.py for tasks to queue
[2024-07-26T01:18:13.371+0000] {logging_mixin.py:188} INFO - [2024-07-26T01:18:13.371+0000] {dagbag.py:540} INFO - Filling up the DagBag from /home/airflow/.local/lib/python3.8/site-packages/airflow/example_dags/example_xcomargs.py
[2024-07-26T01:18:13.378+0000] {processor.py:840} INFO - DAG(s) 'example_xcom_args', 'example_xcom_args_with_operators' retrieved from /home/airflow/.local/lib/python3.8/site-packages/airflow/example_dags/example_xcomargs.py
[2024-07-26T01:18:13.398+0000] {logging_mixin.py:188} INFO - [2024-07-26T01:18:13.398+0000] {dag.py:3047} INFO - Sync 2 DAGs
[2024-07-26T01:18:13.415+0000] {logging_mixin.py:188} INFO - [2024-07-26T01:18:13.414+0000] {dag.py:3834} INFO - Setting next_dagrun for example_xcom_args to None, run_after=None
[2024-07-26T01:18:13.418+0000] {logging_mixin.py:188} INFO - [2024-07-26T01:18:13.418+0000] {dag.py:3834} INFO - Setting next_dagrun for example_xcom_args_with_operators to None, run_after=None
[2024-07-26T01:18:13.434+0000] {processor.py:183} INFO - Processing /home/airflow/.local/lib/python3.8/site-packages/airflow/example_dags/example_xcomargs.py took 0.068 seconds
[2024-07-26T01:18:43.567+0000] {processor.py:161} INFO - Started process (PID=1833) to work on /home/airflow/.local/lib/python3.8/site-packages/airflow/example_dags/example_xcomargs.py
[2024-07-26T01:18:43.567+0000] {processor.py:830} INFO - Processing file /home/airflow/.local/lib/python3.8/site-packages/airflow/example_dags/example_xcomargs.py for tasks to queue
[2024-07-26T01:18:43.569+0000] {logging_mixin.py:188} INFO - [2024-07-26T01:18:43.568+0000] {dagbag.py:540} INFO - Filling up the DagBag from /home/airflow/.local/lib/python3.8/site-packages/airflow/example_dags/example_xcomargs.py
[2024-07-26T01:18:43.575+0000] {processor.py:840} INFO - DAG(s) 'example_xcom_args', 'example_xcom_args_with_operators' retrieved from /home/airflow/.local/lib/python3.8/site-packages/airflow/example_dags/example_xcomargs.py
[2024-07-26T01:18:43.594+0000] {logging_mixin.py:188} INFO - [2024-07-26T01:18:43.594+0000] {dag.py:3047} INFO - Sync 2 DAGs
[2024-07-26T01:18:43.605+0000] {logging_mixin.py:188} INFO - [2024-07-26T01:18:43.605+0000] {dag.py:3834} INFO - Setting next_dagrun for example_xcom_args to None, run_after=None
[2024-07-26T01:18:43.608+0000] {logging_mixin.py:188} INFO - [2024-07-26T01:18:43.608+0000] {dag.py:3834} INFO - Setting next_dagrun for example_xcom_args_with_operators to None, run_after=None
[2024-07-26T01:18:43.622+0000] {processor.py:183} INFO - Processing /home/airflow/.local/lib/python3.8/site-packages/airflow/example_dags/example_xcomargs.py took 0.058 seconds
[2024-07-26T02:06:21.771+0000] {processor.py:161} INFO - Started process (PID=87) to work on /home/airflow/.local/lib/python3.8/site-packages/airflow/example_dags/example_xcomargs.py
[2024-07-26T02:06:21.773+0000] {processor.py:830} INFO - Processing file /home/airflow/.local/lib/python3.8/site-packages/airflow/example_dags/example_xcomargs.py for tasks to queue
[2024-07-26T02:06:21.774+0000] {logging_mixin.py:188} INFO - [2024-07-26T02:06:21.774+0000] {dagbag.py:540} INFO - Filling up the DagBag from /home/airflow/.local/lib/python3.8/site-packages/airflow/example_dags/example_xcomargs.py
[2024-07-26T02:06:21.784+0000] {processor.py:840} INFO - DAG(s) 'example_xcom_args_with_operators', 'example_xcom_args' retrieved from /home/airflow/.local/lib/python3.8/site-packages/airflow/example_dags/example_xcomargs.py
[2024-07-26T02:06:21.795+0000] {logging_mixin.py:188} INFO - [2024-07-26T02:06:21.795+0000] {dag.py:3047} INFO - Sync 2 DAGs
[2024-07-26T02:06:21.807+0000] {logging_mixin.py:188} INFO - [2024-07-26T02:06:21.807+0000] {dag.py:3834} INFO - Setting next_dagrun for example_xcom_args to None, run_after=None
[2024-07-26T02:06:21.811+0000] {logging_mixin.py:188} INFO - [2024-07-26T02:06:21.811+0000] {dag.py:3834} INFO - Setting next_dagrun for example_xcom_args_with_operators to None, run_after=None
[2024-07-26T02:06:21.827+0000] {processor.py:183} INFO - Processing /home/airflow/.local/lib/python3.8/site-packages/airflow/example_dags/example_xcomargs.py took 0.059 seconds
[2024-07-26T02:06:53.066+0000] {processor.py:161} INFO - Started process (PID=143) to work on /home/airflow/.local/lib/python3.8/site-packages/airflow/example_dags/example_xcomargs.py
[2024-07-26T02:06:53.067+0000] {processor.py:830} INFO - Processing file /home/airflow/.local/lib/python3.8/site-packages/airflow/example_dags/example_xcomargs.py for tasks to queue
[2024-07-26T02:06:53.068+0000] {logging_mixin.py:188} INFO - [2024-07-26T02:06:53.068+0000] {dagbag.py:540} INFO - Filling up the DagBag from /home/airflow/.local/lib/python3.8/site-packages/airflow/example_dags/example_xcomargs.py
[2024-07-26T02:06:53.075+0000] {processor.py:840} INFO - DAG(s) 'example_xcom_args', 'example_xcom_args_with_operators' retrieved from /home/airflow/.local/lib/python3.8/site-packages/airflow/example_dags/example_xcomargs.py
[2024-07-26T02:06:53.169+0000] {logging_mixin.py:188} INFO - [2024-07-26T02:06:53.169+0000] {dag.py:3047} INFO - Sync 2 DAGs
[2024-07-26T02:06:53.178+0000] {logging_mixin.py:188} INFO - [2024-07-26T02:06:53.178+0000] {dag.py:3834} INFO - Setting next_dagrun for example_xcom_args to None, run_after=None
[2024-07-26T02:06:53.181+0000] {logging_mixin.py:188} INFO - [2024-07-26T02:06:53.180+0000] {dag.py:3834} INFO - Setting next_dagrun for example_xcom_args_with_operators to None, run_after=None
[2024-07-26T02:06:53.196+0000] {processor.py:183} INFO - Processing /home/airflow/.local/lib/python3.8/site-packages/airflow/example_dags/example_xcomargs.py took 0.132 seconds
[2024-07-26T02:07:23.419+0000] {processor.py:161} INFO - Started process (PID=207) to work on /home/airflow/.local/lib/python3.8/site-packages/airflow/example_dags/example_xcomargs.py
[2024-07-26T02:07:23.420+0000] {processor.py:830} INFO - Processing file /home/airflow/.local/lib/python3.8/site-packages/airflow/example_dags/example_xcomargs.py for tasks to queue
[2024-07-26T02:07:23.421+0000] {logging_mixin.py:188} INFO - [2024-07-26T02:07:23.421+0000] {dagbag.py:540} INFO - Filling up the DagBag from /home/airflow/.local/lib/python3.8/site-packages/airflow/example_dags/example_xcomargs.py
[2024-07-26T02:07:23.427+0000] {processor.py:840} INFO - DAG(s) 'example_xcom_args_with_operators', 'example_xcom_args' retrieved from /home/airflow/.local/lib/python3.8/site-packages/airflow/example_dags/example_xcomargs.py
[2024-07-26T02:07:23.445+0000] {logging_mixin.py:188} INFO - [2024-07-26T02:07:23.445+0000] {dag.py:3047} INFO - Sync 2 DAGs
[2024-07-26T02:07:23.454+0000] {logging_mixin.py:188} INFO - [2024-07-26T02:07:23.454+0000] {dag.py:3834} INFO - Setting next_dagrun for example_xcom_args to None, run_after=None
[2024-07-26T02:07:23.457+0000] {logging_mixin.py:188} INFO - [2024-07-26T02:07:23.457+0000] {dag.py:3834} INFO - Setting next_dagrun for example_xcom_args_with_operators to None, run_after=None
[2024-07-26T02:07:23.471+0000] {processor.py:183} INFO - Processing /home/airflow/.local/lib/python3.8/site-packages/airflow/example_dags/example_xcomargs.py took 0.054 seconds
