[2024-07-26T01:03:01.290+0000] {processor.py:161} INFO - Started process (PID=89) to work on /home/airflow/.local/lib/python3.8/site-packages/airflow/example_dags/example_subdag_operator.py
[2024-07-26T01:03:01.291+0000] {processor.py:830} INFO - Processing file /home/airflow/.local/lib/python3.8/site-packages/airflow/example_dags/example_subdag_operator.py for tasks to queue
[2024-07-26T01:03:01.292+0000] {logging_mixin.py:188} INFO - [2024-07-26T01:03:01.292+0000] {dagbag.py:540} INFO - Filling up the DagBag from /home/airflow/.local/lib/python3.8/site-packages/airflow/example_dags/example_subdag_operator.py
[2024-07-26T01:03:01.314+0000] {processor.py:840} INFO - DAG(s) 'example_subdag_operator.section-1', 'example_subdag_operator.section-2', 'example_subdag_operator' retrieved from /home/airflow/.local/lib/python3.8/site-packages/airflow/example_dags/example_subdag_operator.py
[2024-07-26T01:03:01.318+0000] {logging_mixin.py:188} INFO - [2024-07-26T01:03:01.317+0000] {dag.py:3047} INFO - Sync 3 DAGs
[2024-07-26T01:03:01.338+0000] {logging_mixin.py:188} INFO - [2024-07-26T01:03:01.338+0000] {dag.py:3834} INFO - Setting next_dagrun for example_subdag_operator to 2022-01-01 00:00:00+00:00, run_after=2022-01-01 00:00:00+00:00
[2024-07-26T01:03:01.343+0000] {logging_mixin.py:188} INFO - [2024-07-26T01:03:01.343+0000] {dag.py:3834} INFO - Setting next_dagrun for example_subdag_operator.section-1 to None, run_after=None
[2024-07-26T01:03:01.345+0000] {logging_mixin.py:188} INFO - [2024-07-26T01:03:01.344+0000] {dag.py:3834} INFO - Setting next_dagrun for example_subdag_operator.section-2 to None, run_after=None
[2024-07-26T01:03:01.354+0000] {logging_mixin.py:188} INFO - [2024-07-26T01:03:01.353+0000] {dag.py:3047} INFO - Sync 2 DAGs
[2024-07-26T01:03:01.358+0000] {logging_mixin.py:188} INFO - [2024-07-26T01:03:01.358+0000] {dag.py:3834} INFO - Setting next_dagrun for example_subdag_operator.section-1 to None, run_after=None
[2024-07-26T01:03:01.359+0000] {logging_mixin.py:188} INFO - [2024-07-26T01:03:01.358+0000] {dag.py:3834} INFO - Setting next_dagrun for example_subdag_operator.section-2 to None, run_after=None
[2024-07-26T01:03:01.372+0000] {processor.py:183} INFO - Processing /home/airflow/.local/lib/python3.8/site-packages/airflow/example_dags/example_subdag_operator.py took 0.085 seconds
[2024-07-26T01:03:32.475+0000] {processor.py:161} INFO - Started process (PID=150) to work on /home/airflow/.local/lib/python3.8/site-packages/airflow/example_dags/example_subdag_operator.py
[2024-07-26T01:03:32.476+0000] {processor.py:830} INFO - Processing file /home/airflow/.local/lib/python3.8/site-packages/airflow/example_dags/example_subdag_operator.py for tasks to queue
[2024-07-26T01:03:32.477+0000] {logging_mixin.py:188} INFO - [2024-07-26T01:03:32.477+0000] {dagbag.py:540} INFO - Filling up the DagBag from /home/airflow/.local/lib/python3.8/site-packages/airflow/example_dags/example_subdag_operator.py
[2024-07-26T01:03:32.496+0000] {processor.py:840} INFO - DAG(s) 'example_subdag_operator.section-1', 'example_subdag_operator.section-2', 'example_subdag_operator' retrieved from /home/airflow/.local/lib/python3.8/site-packages/airflow/example_dags/example_subdag_operator.py
[2024-07-26T01:03:32.582+0000] {logging_mixin.py:188} INFO - [2024-07-26T01:03:32.581+0000] {dag.py:3047} INFO - Sync 3 DAGs
[2024-07-26T01:03:32.598+0000] {logging_mixin.py:188} INFO - [2024-07-26T01:03:32.597+0000] {dag.py:3834} INFO - Setting next_dagrun for example_subdag_operator to 2022-01-01 00:00:00+00:00, run_after=2022-01-01 00:00:00+00:00
[2024-07-26T01:03:32.600+0000] {logging_mixin.py:188} INFO - [2024-07-26T01:03:32.600+0000] {dag.py:3834} INFO - Setting next_dagrun for example_subdag_operator.section-1 to None, run_after=None
[2024-07-26T01:03:32.601+0000] {logging_mixin.py:188} INFO - [2024-07-26T01:03:32.601+0000] {dag.py:3834} INFO - Setting next_dagrun for example_subdag_operator.section-2 to None, run_after=None
[2024-07-26T01:03:32.607+0000] {logging_mixin.py:188} INFO - [2024-07-26T01:03:32.607+0000] {dag.py:3047} INFO - Sync 2 DAGs
[2024-07-26T01:03:32.611+0000] {logging_mixin.py:188} INFO - [2024-07-26T01:03:32.611+0000] {dag.py:3834} INFO - Setting next_dagrun for example_subdag_operator.section-1 to None, run_after=None
[2024-07-26T01:03:32.611+0000] {logging_mixin.py:188} INFO - [2024-07-26T01:03:32.611+0000] {dag.py:3834} INFO - Setting next_dagrun for example_subdag_operator.section-2 to None, run_after=None
[2024-07-26T01:03:32.620+0000] {processor.py:183} INFO - Processing /home/airflow/.local/lib/python3.8/site-packages/airflow/example_dags/example_subdag_operator.py took 0.148 seconds
[2024-07-26T01:04:02.838+0000] {processor.py:161} INFO - Started process (PID=206) to work on /home/airflow/.local/lib/python3.8/site-packages/airflow/example_dags/example_subdag_operator.py
[2024-07-26T01:04:02.839+0000] {processor.py:830} INFO - Processing file /home/airflow/.local/lib/python3.8/site-packages/airflow/example_dags/example_subdag_operator.py for tasks to queue
[2024-07-26T01:04:02.840+0000] {logging_mixin.py:188} INFO - [2024-07-26T01:04:02.839+0000] {dagbag.py:540} INFO - Filling up the DagBag from /home/airflow/.local/lib/python3.8/site-packages/airflow/example_dags/example_subdag_operator.py
[2024-07-26T01:04:02.857+0000] {processor.py:840} INFO - DAG(s) 'example_subdag_operator.section-1', 'example_subdag_operator.section-2', 'example_subdag_operator' retrieved from /home/airflow/.local/lib/python3.8/site-packages/airflow/example_dags/example_subdag_operator.py
[2024-07-26T01:04:02.870+0000] {logging_mixin.py:188} INFO - [2024-07-26T01:04:02.870+0000] {dag.py:3047} INFO - Sync 3 DAGs
[2024-07-26T01:04:02.886+0000] {logging_mixin.py:188} INFO - [2024-07-26T01:04:02.886+0000] {dag.py:3834} INFO - Setting next_dagrun for example_subdag_operator to 2022-01-01 00:00:00+00:00, run_after=2022-01-01 00:00:00+00:00
[2024-07-26T01:04:02.888+0000] {logging_mixin.py:188} INFO - [2024-07-26T01:04:02.888+0000] {dag.py:3834} INFO - Setting next_dagrun for example_subdag_operator.section-1 to None, run_after=None
[2024-07-26T01:04:02.889+0000] {logging_mixin.py:188} INFO - [2024-07-26T01:04:02.889+0000] {dag.py:3834} INFO - Setting next_dagrun for example_subdag_operator.section-2 to None, run_after=None
[2024-07-26T01:04:02.895+0000] {logging_mixin.py:188} INFO - [2024-07-26T01:04:02.895+0000] {dag.py:3047} INFO - Sync 2 DAGs
[2024-07-26T01:04:02.899+0000] {logging_mixin.py:188} INFO - [2024-07-26T01:04:02.898+0000] {dag.py:3834} INFO - Setting next_dagrun for example_subdag_operator.section-1 to None, run_after=None
[2024-07-26T01:04:02.899+0000] {logging_mixin.py:188} INFO - [2024-07-26T01:04:02.899+0000] {dag.py:3834} INFO - Setting next_dagrun for example_subdag_operator.section-2 to None, run_after=None
[2024-07-26T01:04:02.909+0000] {processor.py:183} INFO - Processing /home/airflow/.local/lib/python3.8/site-packages/airflow/example_dags/example_subdag_operator.py took 0.073 seconds
[2024-07-26T01:04:33.043+0000] {processor.py:161} INFO - Started process (PID=262) to work on /home/airflow/.local/lib/python3.8/site-packages/airflow/example_dags/example_subdag_operator.py
[2024-07-26T01:04:33.043+0000] {processor.py:830} INFO - Processing file /home/airflow/.local/lib/python3.8/site-packages/airflow/example_dags/example_subdag_operator.py for tasks to queue
[2024-07-26T01:04:33.045+0000] {logging_mixin.py:188} INFO - [2024-07-26T01:04:33.044+0000] {dagbag.py:540} INFO - Filling up the DagBag from /home/airflow/.local/lib/python3.8/site-packages/airflow/example_dags/example_subdag_operator.py
[2024-07-26T01:04:33.064+0000] {processor.py:840} INFO - DAG(s) 'example_subdag_operator.section-1', 'example_subdag_operator.section-2', 'example_subdag_operator' retrieved from /home/airflow/.local/lib/python3.8/site-packages/airflow/example_dags/example_subdag_operator.py
[2024-07-26T01:04:33.077+0000] {logging_mixin.py:188} INFO - [2024-07-26T01:04:33.077+0000] {dag.py:3047} INFO - Sync 3 DAGs
[2024-07-26T01:04:33.096+0000] {logging_mixin.py:188} INFO - [2024-07-26T01:04:33.096+0000] {dag.py:3834} INFO - Setting next_dagrun for example_subdag_operator to 2022-01-01 00:00:00+00:00, run_after=2022-01-01 00:00:00+00:00
[2024-07-26T01:04:33.100+0000] {logging_mixin.py:188} INFO - [2024-07-26T01:04:33.099+0000] {dag.py:3834} INFO - Setting next_dagrun for example_subdag_operator.section-1 to None, run_after=None
[2024-07-26T01:04:33.101+0000] {logging_mixin.py:188} INFO - [2024-07-26T01:04:33.101+0000] {dag.py:3834} INFO - Setting next_dagrun for example_subdag_operator.section-2 to None, run_after=None
[2024-07-26T01:04:33.107+0000] {logging_mixin.py:188} INFO - [2024-07-26T01:04:33.107+0000] {dag.py:3047} INFO - Sync 2 DAGs
[2024-07-26T01:04:33.112+0000] {logging_mixin.py:188} INFO - [2024-07-26T01:04:33.112+0000] {dag.py:3834} INFO - Setting next_dagrun for example_subdag_operator.section-1 to None, run_after=None
[2024-07-26T01:04:33.112+0000] {logging_mixin.py:188} INFO - [2024-07-26T01:04:33.112+0000] {dag.py:3834} INFO - Setting next_dagrun for example_subdag_operator.section-2 to None, run_after=None
[2024-07-26T01:04:33.122+0000] {processor.py:183} INFO - Processing /home/airflow/.local/lib/python3.8/site-packages/airflow/example_dags/example_subdag_operator.py took 0.082 seconds
[2024-07-26T01:05:03.357+0000] {processor.py:161} INFO - Started process (PID=318) to work on /home/airflow/.local/lib/python3.8/site-packages/airflow/example_dags/example_subdag_operator.py
[2024-07-26T01:05:03.358+0000] {processor.py:830} INFO - Processing file /home/airflow/.local/lib/python3.8/site-packages/airflow/example_dags/example_subdag_operator.py for tasks to queue
[2024-07-26T01:05:03.359+0000] {logging_mixin.py:188} INFO - [2024-07-26T01:05:03.359+0000] {dagbag.py:540} INFO - Filling up the DagBag from /home/airflow/.local/lib/python3.8/site-packages/airflow/example_dags/example_subdag_operator.py
[2024-07-26T01:05:03.378+0000] {processor.py:840} INFO - DAG(s) 'example_subdag_operator.section-1', 'example_subdag_operator.section-2', 'example_subdag_operator' retrieved from /home/airflow/.local/lib/python3.8/site-packages/airflow/example_dags/example_subdag_operator.py
[2024-07-26T01:05:03.392+0000] {logging_mixin.py:188} INFO - [2024-07-26T01:05:03.391+0000] {dag.py:3047} INFO - Sync 3 DAGs
[2024-07-26T01:05:03.410+0000] {logging_mixin.py:188} INFO - [2024-07-26T01:05:03.409+0000] {dag.py:3834} INFO - Setting next_dagrun for example_subdag_operator to 2022-01-01 00:00:00+00:00, run_after=2022-01-01 00:00:00+00:00
[2024-07-26T01:05:03.413+0000] {logging_mixin.py:188} INFO - [2024-07-26T01:05:03.412+0000] {dag.py:3834} INFO - Setting next_dagrun for example_subdag_operator.section-1 to None, run_after=None
[2024-07-26T01:05:03.414+0000] {logging_mixin.py:188} INFO - [2024-07-26T01:05:03.414+0000] {dag.py:3834} INFO - Setting next_dagrun for example_subdag_operator.section-2 to None, run_after=None
[2024-07-26T01:05:03.420+0000] {logging_mixin.py:188} INFO - [2024-07-26T01:05:03.419+0000] {dag.py:3047} INFO - Sync 2 DAGs
[2024-07-26T01:05:03.424+0000] {logging_mixin.py:188} INFO - [2024-07-26T01:05:03.424+0000] {dag.py:3834} INFO - Setting next_dagrun for example_subdag_operator.section-1 to None, run_after=None
[2024-07-26T01:05:03.425+0000] {logging_mixin.py:188} INFO - [2024-07-26T01:05:03.425+0000] {dag.py:3834} INFO - Setting next_dagrun for example_subdag_operator.section-2 to None, run_after=None
[2024-07-26T01:05:03.437+0000] {processor.py:183} INFO - Processing /home/airflow/.local/lib/python3.8/site-packages/airflow/example_dags/example_subdag_operator.py took 0.083 seconds
[2024-07-26T01:05:33.692+0000] {processor.py:161} INFO - Started process (PID=374) to work on /home/airflow/.local/lib/python3.8/site-packages/airflow/example_dags/example_subdag_operator.py
[2024-07-26T01:05:33.693+0000] {processor.py:830} INFO - Processing file /home/airflow/.local/lib/python3.8/site-packages/airflow/example_dags/example_subdag_operator.py for tasks to queue
[2024-07-26T01:05:33.694+0000] {logging_mixin.py:188} INFO - [2024-07-26T01:05:33.694+0000] {dagbag.py:540} INFO - Filling up the DagBag from /home/airflow/.local/lib/python3.8/site-packages/airflow/example_dags/example_subdag_operator.py
[2024-07-26T01:05:33.715+0000] {processor.py:840} INFO - DAG(s) 'example_subdag_operator.section-1', 'example_subdag_operator.section-2', 'example_subdag_operator' retrieved from /home/airflow/.local/lib/python3.8/site-packages/airflow/example_dags/example_subdag_operator.py
[2024-07-26T01:05:33.731+0000] {logging_mixin.py:188} INFO - [2024-07-26T01:05:33.731+0000] {dag.py:3047} INFO - Sync 3 DAGs
[2024-07-26T01:05:33.749+0000] {logging_mixin.py:188} INFO - [2024-07-26T01:05:33.748+0000] {dag.py:3834} INFO - Setting next_dagrun for example_subdag_operator to 2022-01-01 00:00:00+00:00, run_after=2022-01-01 00:00:00+00:00
[2024-07-26T01:05:33.752+0000] {logging_mixin.py:188} INFO - [2024-07-26T01:05:33.752+0000] {dag.py:3834} INFO - Setting next_dagrun for example_subdag_operator.section-1 to None, run_after=None
[2024-07-26T01:05:33.753+0000] {logging_mixin.py:188} INFO - [2024-07-26T01:05:33.753+0000] {dag.py:3834} INFO - Setting next_dagrun for example_subdag_operator.section-2 to None, run_after=None
[2024-07-26T01:05:33.759+0000] {logging_mixin.py:188} INFO - [2024-07-26T01:05:33.759+0000] {dag.py:3047} INFO - Sync 2 DAGs
[2024-07-26T01:05:33.764+0000] {logging_mixin.py:188} INFO - [2024-07-26T01:05:33.763+0000] {dag.py:3834} INFO - Setting next_dagrun for example_subdag_operator.section-1 to None, run_after=None
[2024-07-26T01:05:33.764+0000] {logging_mixin.py:188} INFO - [2024-07-26T01:05:33.764+0000] {dag.py:3834} INFO - Setting next_dagrun for example_subdag_operator.section-2 to None, run_after=None
[2024-07-26T01:05:33.775+0000] {processor.py:183} INFO - Processing /home/airflow/.local/lib/python3.8/site-packages/airflow/example_dags/example_subdag_operator.py took 0.086 seconds
[2024-07-26T01:06:03.850+0000] {processor.py:161} INFO - Started process (PID=430) to work on /home/airflow/.local/lib/python3.8/site-packages/airflow/example_dags/example_subdag_operator.py
[2024-07-26T01:06:03.851+0000] {processor.py:830} INFO - Processing file /home/airflow/.local/lib/python3.8/site-packages/airflow/example_dags/example_subdag_operator.py for tasks to queue
[2024-07-26T01:06:03.853+0000] {logging_mixin.py:188} INFO - [2024-07-26T01:06:03.852+0000] {dagbag.py:540} INFO - Filling up the DagBag from /home/airflow/.local/lib/python3.8/site-packages/airflow/example_dags/example_subdag_operator.py
[2024-07-26T01:06:03.871+0000] {processor.py:840} INFO - DAG(s) 'example_subdag_operator.section-1', 'example_subdag_operator.section-2', 'example_subdag_operator' retrieved from /home/airflow/.local/lib/python3.8/site-packages/airflow/example_dags/example_subdag_operator.py
[2024-07-26T01:06:03.884+0000] {logging_mixin.py:188} INFO - [2024-07-26T01:06:03.884+0000] {dag.py:3047} INFO - Sync 3 DAGs
[2024-07-26T01:06:03.900+0000] {logging_mixin.py:188} INFO - [2024-07-26T01:06:03.900+0000] {dag.py:3834} INFO - Setting next_dagrun for example_subdag_operator to 2022-01-01 00:00:00+00:00, run_after=2022-01-01 00:00:00+00:00
[2024-07-26T01:06:03.903+0000] {logging_mixin.py:188} INFO - [2024-07-26T01:06:03.902+0000] {dag.py:3834} INFO - Setting next_dagrun for example_subdag_operator.section-1 to None, run_after=None
[2024-07-26T01:06:03.903+0000] {logging_mixin.py:188} INFO - [2024-07-26T01:06:03.903+0000] {dag.py:3834} INFO - Setting next_dagrun for example_subdag_operator.section-2 to None, run_after=None
[2024-07-26T01:06:03.909+0000] {logging_mixin.py:188} INFO - [2024-07-26T01:06:03.909+0000] {dag.py:3047} INFO - Sync 2 DAGs
[2024-07-26T01:06:03.913+0000] {logging_mixin.py:188} INFO - [2024-07-26T01:06:03.912+0000] {dag.py:3834} INFO - Setting next_dagrun for example_subdag_operator.section-1 to None, run_after=None
[2024-07-26T01:06:03.913+0000] {logging_mixin.py:188} INFO - [2024-07-26T01:06:03.913+0000] {dag.py:3834} INFO - Setting next_dagrun for example_subdag_operator.section-2 to None, run_after=None
[2024-07-26T01:06:03.922+0000] {processor.py:183} INFO - Processing /home/airflow/.local/lib/python3.8/site-packages/airflow/example_dags/example_subdag_operator.py took 0.075 seconds
[2024-07-26T01:06:34.051+0000] {processor.py:161} INFO - Started process (PID=486) to work on /home/airflow/.local/lib/python3.8/site-packages/airflow/example_dags/example_subdag_operator.py
[2024-07-26T01:06:34.051+0000] {processor.py:830} INFO - Processing file /home/airflow/.local/lib/python3.8/site-packages/airflow/example_dags/example_subdag_operator.py for tasks to queue
[2024-07-26T01:06:34.053+0000] {logging_mixin.py:188} INFO - [2024-07-26T01:06:34.052+0000] {dagbag.py:540} INFO - Filling up the DagBag from /home/airflow/.local/lib/python3.8/site-packages/airflow/example_dags/example_subdag_operator.py
[2024-07-26T01:06:34.073+0000] {processor.py:840} INFO - DAG(s) 'example_subdag_operator.section-1', 'example_subdag_operator.section-2', 'example_subdag_operator' retrieved from /home/airflow/.local/lib/python3.8/site-packages/airflow/example_dags/example_subdag_operator.py
[2024-07-26T01:06:34.089+0000] {logging_mixin.py:188} INFO - [2024-07-26T01:06:34.088+0000] {dag.py:3047} INFO - Sync 3 DAGs
[2024-07-26T01:06:34.108+0000] {logging_mixin.py:188} INFO - [2024-07-26T01:06:34.108+0000] {dag.py:3834} INFO - Setting next_dagrun for example_subdag_operator to 2022-01-01 00:00:00+00:00, run_after=2022-01-01 00:00:00+00:00
[2024-07-26T01:06:34.111+0000] {logging_mixin.py:188} INFO - [2024-07-26T01:06:34.111+0000] {dag.py:3834} INFO - Setting next_dagrun for example_subdag_operator.section-1 to None, run_after=None
[2024-07-26T01:06:34.112+0000] {logging_mixin.py:188} INFO - [2024-07-26T01:06:34.112+0000] {dag.py:3834} INFO - Setting next_dagrun for example_subdag_operator.section-2 to None, run_after=None
[2024-07-26T01:06:34.119+0000] {logging_mixin.py:188} INFO - [2024-07-26T01:06:34.119+0000] {dag.py:3047} INFO - Sync 2 DAGs
[2024-07-26T01:06:34.124+0000] {logging_mixin.py:188} INFO - [2024-07-26T01:06:34.124+0000] {dag.py:3834} INFO - Setting next_dagrun for example_subdag_operator.section-1 to None, run_after=None
[2024-07-26T01:06:34.124+0000] {logging_mixin.py:188} INFO - [2024-07-26T01:06:34.124+0000] {dag.py:3834} INFO - Setting next_dagrun for example_subdag_operator.section-2 to None, run_after=None
[2024-07-26T01:06:34.135+0000] {processor.py:183} INFO - Processing /home/airflow/.local/lib/python3.8/site-packages/airflow/example_dags/example_subdag_operator.py took 0.087 seconds
[2024-07-26T01:07:04.184+0000] {processor.py:161} INFO - Started process (PID=543) to work on /home/airflow/.local/lib/python3.8/site-packages/airflow/example_dags/example_subdag_operator.py
[2024-07-26T01:07:04.185+0000] {processor.py:830} INFO - Processing file /home/airflow/.local/lib/python3.8/site-packages/airflow/example_dags/example_subdag_operator.py for tasks to queue
[2024-07-26T01:07:04.186+0000] {logging_mixin.py:188} INFO - [2024-07-26T01:07:04.186+0000] {dagbag.py:540} INFO - Filling up the DagBag from /home/airflow/.local/lib/python3.8/site-packages/airflow/example_dags/example_subdag_operator.py
[2024-07-26T01:07:04.206+0000] {processor.py:840} INFO - DAG(s) 'example_subdag_operator.section-1', 'example_subdag_operator.section-2', 'example_subdag_operator' retrieved from /home/airflow/.local/lib/python3.8/site-packages/airflow/example_dags/example_subdag_operator.py
[2024-07-26T01:07:04.221+0000] {logging_mixin.py:188} INFO - [2024-07-26T01:07:04.220+0000] {dag.py:3047} INFO - Sync 3 DAGs
[2024-07-26T01:07:04.241+0000] {logging_mixin.py:188} INFO - [2024-07-26T01:07:04.241+0000] {dag.py:3834} INFO - Setting next_dagrun for example_subdag_operator to 2022-01-01 00:00:00+00:00, run_after=2022-01-01 00:00:00+00:00
[2024-07-26T01:07:04.244+0000] {logging_mixin.py:188} INFO - [2024-07-26T01:07:04.244+0000] {dag.py:3834} INFO - Setting next_dagrun for example_subdag_operator.section-1 to None, run_after=None
[2024-07-26T01:07:04.246+0000] {logging_mixin.py:188} INFO - [2024-07-26T01:07:04.246+0000] {dag.py:3834} INFO - Setting next_dagrun for example_subdag_operator.section-2 to None, run_after=None
[2024-07-26T01:07:04.252+0000] {logging_mixin.py:188} INFO - [2024-07-26T01:07:04.252+0000] {dag.py:3047} INFO - Sync 2 DAGs
[2024-07-26T01:07:04.256+0000] {logging_mixin.py:188} INFO - [2024-07-26T01:07:04.256+0000] {dag.py:3834} INFO - Setting next_dagrun for example_subdag_operator.section-1 to None, run_after=None
[2024-07-26T01:07:04.256+0000] {logging_mixin.py:188} INFO - [2024-07-26T01:07:04.256+0000] {dag.py:3834} INFO - Setting next_dagrun for example_subdag_operator.section-2 to None, run_after=None
[2024-07-26T01:07:04.267+0000] {processor.py:183} INFO - Processing /home/airflow/.local/lib/python3.8/site-packages/airflow/example_dags/example_subdag_operator.py took 0.085 seconds
[2024-07-26T01:07:34.749+0000] {processor.py:161} INFO - Started process (PID=598) to work on /home/airflow/.local/lib/python3.8/site-packages/airflow/example_dags/example_subdag_operator.py
[2024-07-26T01:07:34.749+0000] {processor.py:830} INFO - Processing file /home/airflow/.local/lib/python3.8/site-packages/airflow/example_dags/example_subdag_operator.py for tasks to queue
[2024-07-26T01:07:34.750+0000] {logging_mixin.py:188} INFO - [2024-07-26T01:07:34.750+0000] {dagbag.py:540} INFO - Filling up the DagBag from /home/airflow/.local/lib/python3.8/site-packages/airflow/example_dags/example_subdag_operator.py
[2024-07-26T01:07:34.769+0000] {processor.py:840} INFO - DAG(s) 'example_subdag_operator.section-1', 'example_subdag_operator.section-2', 'example_subdag_operator' retrieved from /home/airflow/.local/lib/python3.8/site-packages/airflow/example_dags/example_subdag_operator.py
[2024-07-26T01:07:34.783+0000] {logging_mixin.py:188} INFO - [2024-07-26T01:07:34.783+0000] {dag.py:3047} INFO - Sync 3 DAGs
[2024-07-26T01:07:34.800+0000] {logging_mixin.py:188} INFO - [2024-07-26T01:07:34.800+0000] {dag.py:3834} INFO - Setting next_dagrun for example_subdag_operator to 2022-01-01 00:00:00+00:00, run_after=2022-01-01 00:00:00+00:00
[2024-07-26T01:07:34.803+0000] {logging_mixin.py:188} INFO - [2024-07-26T01:07:34.802+0000] {dag.py:3834} INFO - Setting next_dagrun for example_subdag_operator.section-1 to None, run_after=None
[2024-07-26T01:07:34.803+0000] {logging_mixin.py:188} INFO - [2024-07-26T01:07:34.803+0000] {dag.py:3834} INFO - Setting next_dagrun for example_subdag_operator.section-2 to None, run_after=None
[2024-07-26T01:07:34.809+0000] {logging_mixin.py:188} INFO - [2024-07-26T01:07:34.808+0000] {dag.py:3047} INFO - Sync 2 DAGs
[2024-07-26T01:07:34.813+0000] {logging_mixin.py:188} INFO - [2024-07-26T01:07:34.813+0000] {dag.py:3834} INFO - Setting next_dagrun for example_subdag_operator.section-1 to None, run_after=None
[2024-07-26T01:07:34.813+0000] {logging_mixin.py:188} INFO - [2024-07-26T01:07:34.813+0000] {dag.py:3834} INFO - Setting next_dagrun for example_subdag_operator.section-2 to None, run_after=None
[2024-07-26T01:07:34.822+0000] {processor.py:183} INFO - Processing /home/airflow/.local/lib/python3.8/site-packages/airflow/example_dags/example_subdag_operator.py took 0.076 seconds
[2024-07-26T01:08:04.920+0000] {processor.py:161} INFO - Started process (PID=654) to work on /home/airflow/.local/lib/python3.8/site-packages/airflow/example_dags/example_subdag_operator.py
[2024-07-26T01:08:04.921+0000] {processor.py:830} INFO - Processing file /home/airflow/.local/lib/python3.8/site-packages/airflow/example_dags/example_subdag_operator.py for tasks to queue
[2024-07-26T01:08:04.923+0000] {logging_mixin.py:188} INFO - [2024-07-26T01:08:04.922+0000] {dagbag.py:540} INFO - Filling up the DagBag from /home/airflow/.local/lib/python3.8/site-packages/airflow/example_dags/example_subdag_operator.py
[2024-07-26T01:08:04.943+0000] {processor.py:840} INFO - DAG(s) 'example_subdag_operator.section-1', 'example_subdag_operator.section-2', 'example_subdag_operator' retrieved from /home/airflow/.local/lib/python3.8/site-packages/airflow/example_dags/example_subdag_operator.py
[2024-07-26T01:08:04.958+0000] {logging_mixin.py:188} INFO - [2024-07-26T01:08:04.957+0000] {dag.py:3047} INFO - Sync 3 DAGs
[2024-07-26T01:08:04.976+0000] {logging_mixin.py:188} INFO - [2024-07-26T01:08:04.975+0000] {dag.py:3834} INFO - Setting next_dagrun for example_subdag_operator to 2022-01-01 00:00:00+00:00, run_after=2022-01-01 00:00:00+00:00
[2024-07-26T01:08:04.978+0000] {logging_mixin.py:188} INFO - [2024-07-26T01:08:04.978+0000] {dag.py:3834} INFO - Setting next_dagrun for example_subdag_operator.section-1 to None, run_after=None
[2024-07-26T01:08:04.980+0000] {logging_mixin.py:188} INFO - [2024-07-26T01:08:04.980+0000] {dag.py:3834} INFO - Setting next_dagrun for example_subdag_operator.section-2 to None, run_after=None
[2024-07-26T01:08:04.986+0000] {logging_mixin.py:188} INFO - [2024-07-26T01:08:04.985+0000] {dag.py:3047} INFO - Sync 2 DAGs
[2024-07-26T01:08:04.991+0000] {logging_mixin.py:188} INFO - [2024-07-26T01:08:04.991+0000] {dag.py:3834} INFO - Setting next_dagrun for example_subdag_operator.section-1 to None, run_after=None
[2024-07-26T01:08:04.991+0000] {logging_mixin.py:188} INFO - [2024-07-26T01:08:04.991+0000] {dag.py:3834} INFO - Setting next_dagrun for example_subdag_operator.section-2 to None, run_after=None
[2024-07-26T01:08:05.002+0000] {processor.py:183} INFO - Processing /home/airflow/.local/lib/python3.8/site-packages/airflow/example_dags/example_subdag_operator.py took 0.085 seconds
[2024-07-26T01:08:35.090+0000] {processor.py:161} INFO - Started process (PID=710) to work on /home/airflow/.local/lib/python3.8/site-packages/airflow/example_dags/example_subdag_operator.py
[2024-07-26T01:08:35.090+0000] {processor.py:830} INFO - Processing file /home/airflow/.local/lib/python3.8/site-packages/airflow/example_dags/example_subdag_operator.py for tasks to queue
[2024-07-26T01:08:35.092+0000] {logging_mixin.py:188} INFO - [2024-07-26T01:08:35.092+0000] {dagbag.py:540} INFO - Filling up the DagBag from /home/airflow/.local/lib/python3.8/site-packages/airflow/example_dags/example_subdag_operator.py
[2024-07-26T01:08:35.112+0000] {processor.py:840} INFO - DAG(s) 'example_subdag_operator.section-1', 'example_subdag_operator.section-2', 'example_subdag_operator' retrieved from /home/airflow/.local/lib/python3.8/site-packages/airflow/example_dags/example_subdag_operator.py
[2024-07-26T01:08:35.132+0000] {logging_mixin.py:188} INFO - [2024-07-26T01:08:35.131+0000] {dag.py:3047} INFO - Sync 3 DAGs
[2024-07-26T01:08:35.153+0000] {logging_mixin.py:188} INFO - [2024-07-26T01:08:35.153+0000] {dag.py:3834} INFO - Setting next_dagrun for example_subdag_operator to 2022-01-01 00:00:00+00:00, run_after=2022-01-01 00:00:00+00:00
[2024-07-26T01:08:35.157+0000] {logging_mixin.py:188} INFO - [2024-07-26T01:08:35.156+0000] {dag.py:3834} INFO - Setting next_dagrun for example_subdag_operator.section-1 to None, run_after=None
[2024-07-26T01:08:35.158+0000] {logging_mixin.py:188} INFO - [2024-07-26T01:08:35.158+0000] {dag.py:3834} INFO - Setting next_dagrun for example_subdag_operator.section-2 to None, run_after=None
[2024-07-26T01:08:35.166+0000] {logging_mixin.py:188} INFO - [2024-07-26T01:08:35.166+0000] {dag.py:3047} INFO - Sync 2 DAGs
[2024-07-26T01:08:35.172+0000] {logging_mixin.py:188} INFO - [2024-07-26T01:08:35.171+0000] {dag.py:3834} INFO - Setting next_dagrun for example_subdag_operator.section-1 to None, run_after=None
[2024-07-26T01:08:35.172+0000] {logging_mixin.py:188} INFO - [2024-07-26T01:08:35.172+0000] {dag.py:3834} INFO - Setting next_dagrun for example_subdag_operator.section-2 to None, run_after=None
[2024-07-26T01:08:35.183+0000] {processor.py:183} INFO - Processing /home/airflow/.local/lib/python3.8/site-packages/airflow/example_dags/example_subdag_operator.py took 0.097 seconds
[2024-07-26T01:09:05.418+0000] {processor.py:161} INFO - Started process (PID=766) to work on /home/airflow/.local/lib/python3.8/site-packages/airflow/example_dags/example_subdag_operator.py
[2024-07-26T01:09:05.419+0000] {processor.py:830} INFO - Processing file /home/airflow/.local/lib/python3.8/site-packages/airflow/example_dags/example_subdag_operator.py for tasks to queue
[2024-07-26T01:09:05.420+0000] {logging_mixin.py:188} INFO - [2024-07-26T01:09:05.420+0000] {dagbag.py:540} INFO - Filling up the DagBag from /home/airflow/.local/lib/python3.8/site-packages/airflow/example_dags/example_subdag_operator.py
[2024-07-26T01:09:05.441+0000] {processor.py:840} INFO - DAG(s) 'example_subdag_operator.section-1', 'example_subdag_operator.section-2', 'example_subdag_operator' retrieved from /home/airflow/.local/lib/python3.8/site-packages/airflow/example_dags/example_subdag_operator.py
[2024-07-26T01:09:05.458+0000] {logging_mixin.py:188} INFO - [2024-07-26T01:09:05.457+0000] {dag.py:3047} INFO - Sync 3 DAGs
[2024-07-26T01:09:05.476+0000] {logging_mixin.py:188} INFO - [2024-07-26T01:09:05.476+0000] {dag.py:3834} INFO - Setting next_dagrun for example_subdag_operator to 2022-01-01 00:00:00+00:00, run_after=2022-01-01 00:00:00+00:00
[2024-07-26T01:09:05.480+0000] {logging_mixin.py:188} INFO - [2024-07-26T01:09:05.479+0000] {dag.py:3834} INFO - Setting next_dagrun for example_subdag_operator.section-1 to None, run_after=None
[2024-07-26T01:09:05.481+0000] {logging_mixin.py:188} INFO - [2024-07-26T01:09:05.481+0000] {dag.py:3834} INFO - Setting next_dagrun for example_subdag_operator.section-2 to None, run_after=None
[2024-07-26T01:09:05.487+0000] {logging_mixin.py:188} INFO - [2024-07-26T01:09:05.487+0000] {dag.py:3047} INFO - Sync 2 DAGs
[2024-07-26T01:09:05.492+0000] {logging_mixin.py:188} INFO - [2024-07-26T01:09:05.492+0000] {dag.py:3834} INFO - Setting next_dagrun for example_subdag_operator.section-1 to None, run_after=None
[2024-07-26T01:09:05.492+0000] {logging_mixin.py:188} INFO - [2024-07-26T01:09:05.492+0000] {dag.py:3834} INFO - Setting next_dagrun for example_subdag_operator.section-2 to None, run_after=None
[2024-07-26T01:09:05.505+0000] {processor.py:183} INFO - Processing /home/airflow/.local/lib/python3.8/site-packages/airflow/example_dags/example_subdag_operator.py took 0.090 seconds
[2024-07-26T01:09:35.806+0000] {processor.py:161} INFO - Started process (PID=822) to work on /home/airflow/.local/lib/python3.8/site-packages/airflow/example_dags/example_subdag_operator.py
[2024-07-26T01:09:35.807+0000] {processor.py:830} INFO - Processing file /home/airflow/.local/lib/python3.8/site-packages/airflow/example_dags/example_subdag_operator.py for tasks to queue
[2024-07-26T01:09:35.808+0000] {logging_mixin.py:188} INFO - [2024-07-26T01:09:35.808+0000] {dagbag.py:540} INFO - Filling up the DagBag from /home/airflow/.local/lib/python3.8/site-packages/airflow/example_dags/example_subdag_operator.py
[2024-07-26T01:09:35.830+0000] {processor.py:840} INFO - DAG(s) 'example_subdag_operator.section-1', 'example_subdag_operator.section-2', 'example_subdag_operator' retrieved from /home/airflow/.local/lib/python3.8/site-packages/airflow/example_dags/example_subdag_operator.py
[2024-07-26T01:09:35.844+0000] {logging_mixin.py:188} INFO - [2024-07-26T01:09:35.844+0000] {dag.py:3047} INFO - Sync 3 DAGs
[2024-07-26T01:09:35.865+0000] {logging_mixin.py:188} INFO - [2024-07-26T01:09:35.864+0000] {dag.py:3834} INFO - Setting next_dagrun for example_subdag_operator to 2022-01-01 00:00:00+00:00, run_after=2022-01-01 00:00:00+00:00
[2024-07-26T01:09:35.868+0000] {logging_mixin.py:188} INFO - [2024-07-26T01:09:35.867+0000] {dag.py:3834} INFO - Setting next_dagrun for example_subdag_operator.section-1 to None, run_after=None
[2024-07-26T01:09:35.869+0000] {logging_mixin.py:188} INFO - [2024-07-26T01:09:35.869+0000] {dag.py:3834} INFO - Setting next_dagrun for example_subdag_operator.section-2 to None, run_after=None
[2024-07-26T01:09:35.876+0000] {logging_mixin.py:188} INFO - [2024-07-26T01:09:35.875+0000] {dag.py:3047} INFO - Sync 2 DAGs
[2024-07-26T01:09:35.880+0000] {logging_mixin.py:188} INFO - [2024-07-26T01:09:35.880+0000] {dag.py:3834} INFO - Setting next_dagrun for example_subdag_operator.section-1 to None, run_after=None
[2024-07-26T01:09:35.881+0000] {logging_mixin.py:188} INFO - [2024-07-26T01:09:35.881+0000] {dag.py:3834} INFO - Setting next_dagrun for example_subdag_operator.section-2 to None, run_after=None
[2024-07-26T01:09:35.892+0000] {processor.py:183} INFO - Processing /home/airflow/.local/lib/python3.8/site-packages/airflow/example_dags/example_subdag_operator.py took 0.088 seconds
[2024-07-26T01:10:05.914+0000] {processor.py:161} INFO - Started process (PID=878) to work on /home/airflow/.local/lib/python3.8/site-packages/airflow/example_dags/example_subdag_operator.py
[2024-07-26T01:10:05.915+0000] {processor.py:830} INFO - Processing file /home/airflow/.local/lib/python3.8/site-packages/airflow/example_dags/example_subdag_operator.py for tasks to queue
[2024-07-26T01:10:05.917+0000] {logging_mixin.py:188} INFO - [2024-07-26T01:10:05.916+0000] {dagbag.py:540} INFO - Filling up the DagBag from /home/airflow/.local/lib/python3.8/site-packages/airflow/example_dags/example_subdag_operator.py
[2024-07-26T01:10:05.935+0000] {processor.py:840} INFO - DAG(s) 'example_subdag_operator.section-1', 'example_subdag_operator.section-2', 'example_subdag_operator' retrieved from /home/airflow/.local/lib/python3.8/site-packages/airflow/example_dags/example_subdag_operator.py
[2024-07-26T01:10:05.947+0000] {logging_mixin.py:188} INFO - [2024-07-26T01:10:05.947+0000] {dag.py:3047} INFO - Sync 3 DAGs
[2024-07-26T01:10:05.963+0000] {logging_mixin.py:188} INFO - [2024-07-26T01:10:05.963+0000] {dag.py:3834} INFO - Setting next_dagrun for example_subdag_operator to 2022-01-01 00:00:00+00:00, run_after=2022-01-01 00:00:00+00:00
[2024-07-26T01:10:05.965+0000] {logging_mixin.py:188} INFO - [2024-07-26T01:10:05.965+0000] {dag.py:3834} INFO - Setting next_dagrun for example_subdag_operator.section-1 to None, run_after=None
[2024-07-26T01:10:05.967+0000] {logging_mixin.py:188} INFO - [2024-07-26T01:10:05.966+0000] {dag.py:3834} INFO - Setting next_dagrun for example_subdag_operator.section-2 to None, run_after=None
[2024-07-26T01:10:05.973+0000] {logging_mixin.py:188} INFO - [2024-07-26T01:10:05.973+0000] {dag.py:3047} INFO - Sync 2 DAGs
[2024-07-26T01:10:05.977+0000] {logging_mixin.py:188} INFO - [2024-07-26T01:10:05.977+0000] {dag.py:3834} INFO - Setting next_dagrun for example_subdag_operator.section-1 to None, run_after=None
[2024-07-26T01:10:05.977+0000] {logging_mixin.py:188} INFO - [2024-07-26T01:10:05.977+0000] {dag.py:3834} INFO - Setting next_dagrun for example_subdag_operator.section-2 to None, run_after=None
[2024-07-26T01:10:05.988+0000] {processor.py:183} INFO - Processing /home/airflow/.local/lib/python3.8/site-packages/airflow/example_dags/example_subdag_operator.py took 0.075 seconds
[2024-07-26T01:10:36.010+0000] {processor.py:161} INFO - Started process (PID=935) to work on /home/airflow/.local/lib/python3.8/site-packages/airflow/example_dags/example_subdag_operator.py
[2024-07-26T01:10:36.011+0000] {processor.py:830} INFO - Processing file /home/airflow/.local/lib/python3.8/site-packages/airflow/example_dags/example_subdag_operator.py for tasks to queue
[2024-07-26T01:10:36.012+0000] {logging_mixin.py:188} INFO - [2024-07-26T01:10:36.012+0000] {dagbag.py:540} INFO - Filling up the DagBag from /home/airflow/.local/lib/python3.8/site-packages/airflow/example_dags/example_subdag_operator.py
[2024-07-26T01:10:36.031+0000] {processor.py:840} INFO - DAG(s) 'example_subdag_operator.section-1', 'example_subdag_operator.section-2', 'example_subdag_operator' retrieved from /home/airflow/.local/lib/python3.8/site-packages/airflow/example_dags/example_subdag_operator.py
[2024-07-26T01:10:36.045+0000] {logging_mixin.py:188} INFO - [2024-07-26T01:10:36.045+0000] {dag.py:3047} INFO - Sync 3 DAGs
[2024-07-26T01:10:36.064+0000] {logging_mixin.py:188} INFO - [2024-07-26T01:10:36.064+0000] {dag.py:3834} INFO - Setting next_dagrun for example_subdag_operator to 2022-01-01 00:00:00+00:00, run_after=2022-01-01 00:00:00+00:00
[2024-07-26T01:10:36.067+0000] {logging_mixin.py:188} INFO - [2024-07-26T01:10:36.067+0000] {dag.py:3834} INFO - Setting next_dagrun for example_subdag_operator.section-1 to None, run_after=None
[2024-07-26T01:10:36.068+0000] {logging_mixin.py:188} INFO - [2024-07-26T01:10:36.068+0000] {dag.py:3834} INFO - Setting next_dagrun for example_subdag_operator.section-2 to None, run_after=None
[2024-07-26T01:10:36.074+0000] {logging_mixin.py:188} INFO - [2024-07-26T01:10:36.073+0000] {dag.py:3047} INFO - Sync 2 DAGs
[2024-07-26T01:10:36.079+0000] {logging_mixin.py:188} INFO - [2024-07-26T01:10:36.079+0000] {dag.py:3834} INFO - Setting next_dagrun for example_subdag_operator.section-1 to None, run_after=None
[2024-07-26T01:10:36.079+0000] {logging_mixin.py:188} INFO - [2024-07-26T01:10:36.079+0000] {dag.py:3834} INFO - Setting next_dagrun for example_subdag_operator.section-2 to None, run_after=None
[2024-07-26T01:10:36.090+0000] {processor.py:183} INFO - Processing /home/airflow/.local/lib/python3.8/site-packages/airflow/example_dags/example_subdag_operator.py took 0.083 seconds
[2024-07-26T01:11:06.448+0000] {processor.py:161} INFO - Started process (PID=991) to work on /home/airflow/.local/lib/python3.8/site-packages/airflow/example_dags/example_subdag_operator.py
[2024-07-26T01:11:06.449+0000] {processor.py:830} INFO - Processing file /home/airflow/.local/lib/python3.8/site-packages/airflow/example_dags/example_subdag_operator.py for tasks to queue
[2024-07-26T01:11:06.451+0000] {logging_mixin.py:188} INFO - [2024-07-26T01:11:06.450+0000] {dagbag.py:540} INFO - Filling up the DagBag from /home/airflow/.local/lib/python3.8/site-packages/airflow/example_dags/example_subdag_operator.py
[2024-07-26T01:11:06.473+0000] {processor.py:840} INFO - DAG(s) 'example_subdag_operator.section-1', 'example_subdag_operator.section-2', 'example_subdag_operator' retrieved from /home/airflow/.local/lib/python3.8/site-packages/airflow/example_dags/example_subdag_operator.py
[2024-07-26T01:11:06.487+0000] {logging_mixin.py:188} INFO - [2024-07-26T01:11:06.487+0000] {dag.py:3047} INFO - Sync 3 DAGs
[2024-07-26T01:11:06.504+0000] {logging_mixin.py:188} INFO - [2024-07-26T01:11:06.504+0000] {dag.py:3834} INFO - Setting next_dagrun for example_subdag_operator to 2022-01-01 00:00:00+00:00, run_after=2022-01-01 00:00:00+00:00
[2024-07-26T01:11:06.507+0000] {logging_mixin.py:188} INFO - [2024-07-26T01:11:06.507+0000] {dag.py:3834} INFO - Setting next_dagrun for example_subdag_operator.section-1 to None, run_after=None
[2024-07-26T01:11:06.508+0000] {logging_mixin.py:188} INFO - [2024-07-26T01:11:06.508+0000] {dag.py:3834} INFO - Setting next_dagrun for example_subdag_operator.section-2 to None, run_after=None
[2024-07-26T01:11:06.514+0000] {logging_mixin.py:188} INFO - [2024-07-26T01:11:06.514+0000] {dag.py:3047} INFO - Sync 2 DAGs
[2024-07-26T01:11:06.519+0000] {logging_mixin.py:188} INFO - [2024-07-26T01:11:06.519+0000] {dag.py:3834} INFO - Setting next_dagrun for example_subdag_operator.section-1 to None, run_after=None
[2024-07-26T01:11:06.520+0000] {logging_mixin.py:188} INFO - [2024-07-26T01:11:06.520+0000] {dag.py:3834} INFO - Setting next_dagrun for example_subdag_operator.section-2 to None, run_after=None
[2024-07-26T01:11:06.530+0000] {processor.py:183} INFO - Processing /home/airflow/.local/lib/python3.8/site-packages/airflow/example_dags/example_subdag_operator.py took 0.085 seconds
[2024-07-26T01:11:36.654+0000] {processor.py:161} INFO - Started process (PID=1047) to work on /home/airflow/.local/lib/python3.8/site-packages/airflow/example_dags/example_subdag_operator.py
[2024-07-26T01:11:36.655+0000] {processor.py:830} INFO - Processing file /home/airflow/.local/lib/python3.8/site-packages/airflow/example_dags/example_subdag_operator.py for tasks to queue
[2024-07-26T01:11:36.656+0000] {logging_mixin.py:188} INFO - [2024-07-26T01:11:36.656+0000] {dagbag.py:540} INFO - Filling up the DagBag from /home/airflow/.local/lib/python3.8/site-packages/airflow/example_dags/example_subdag_operator.py
[2024-07-26T01:11:36.677+0000] {processor.py:840} INFO - DAG(s) 'example_subdag_operator.section-1', 'example_subdag_operator.section-2', 'example_subdag_operator' retrieved from /home/airflow/.local/lib/python3.8/site-packages/airflow/example_dags/example_subdag_operator.py
[2024-07-26T01:11:36.691+0000] {logging_mixin.py:188} INFO - [2024-07-26T01:11:36.691+0000] {dag.py:3047} INFO - Sync 3 DAGs
[2024-07-26T01:11:36.712+0000] {logging_mixin.py:188} INFO - [2024-07-26T01:11:36.712+0000] {dag.py:3834} INFO - Setting next_dagrun for example_subdag_operator to 2022-01-01 00:00:00+00:00, run_after=2022-01-01 00:00:00+00:00
[2024-07-26T01:11:36.715+0000] {logging_mixin.py:188} INFO - [2024-07-26T01:11:36.715+0000] {dag.py:3834} INFO - Setting next_dagrun for example_subdag_operator.section-1 to None, run_after=None
[2024-07-26T01:11:36.716+0000] {logging_mixin.py:188} INFO - [2024-07-26T01:11:36.716+0000] {dag.py:3834} INFO - Setting next_dagrun for example_subdag_operator.section-2 to None, run_after=None
[2024-07-26T01:11:36.723+0000] {logging_mixin.py:188} INFO - [2024-07-26T01:11:36.723+0000] {dag.py:3047} INFO - Sync 2 DAGs
[2024-07-26T01:11:36.728+0000] {logging_mixin.py:188} INFO - [2024-07-26T01:11:36.728+0000] {dag.py:3834} INFO - Setting next_dagrun for example_subdag_operator.section-1 to None, run_after=None
[2024-07-26T01:11:36.728+0000] {logging_mixin.py:188} INFO - [2024-07-26T01:11:36.728+0000] {dag.py:3834} INFO - Setting next_dagrun for example_subdag_operator.section-2 to None, run_after=None
[2024-07-26T01:11:36.740+0000] {processor.py:183} INFO - Processing /home/airflow/.local/lib/python3.8/site-packages/airflow/example_dags/example_subdag_operator.py took 0.088 seconds
[2024-07-26T01:12:07.014+0000] {processor.py:161} INFO - Started process (PID=1103) to work on /home/airflow/.local/lib/python3.8/site-packages/airflow/example_dags/example_subdag_operator.py
[2024-07-26T01:12:07.015+0000] {processor.py:830} INFO - Processing file /home/airflow/.local/lib/python3.8/site-packages/airflow/example_dags/example_subdag_operator.py for tasks to queue
[2024-07-26T01:12:07.016+0000] {logging_mixin.py:188} INFO - [2024-07-26T01:12:07.016+0000] {dagbag.py:540} INFO - Filling up the DagBag from /home/airflow/.local/lib/python3.8/site-packages/airflow/example_dags/example_subdag_operator.py
[2024-07-26T01:12:07.035+0000] {processor.py:840} INFO - DAG(s) 'example_subdag_operator.section-1', 'example_subdag_operator.section-2', 'example_subdag_operator' retrieved from /home/airflow/.local/lib/python3.8/site-packages/airflow/example_dags/example_subdag_operator.py
[2024-07-26T01:12:07.048+0000] {logging_mixin.py:188} INFO - [2024-07-26T01:12:07.048+0000] {dag.py:3047} INFO - Sync 3 DAGs
[2024-07-26T01:12:07.066+0000] {logging_mixin.py:188} INFO - [2024-07-26T01:12:07.065+0000] {dag.py:3834} INFO - Setting next_dagrun for example_subdag_operator to 2022-01-01 00:00:00+00:00, run_after=2022-01-01 00:00:00+00:00
[2024-07-26T01:12:07.069+0000] {logging_mixin.py:188} INFO - [2024-07-26T01:12:07.068+0000] {dag.py:3834} INFO - Setting next_dagrun for example_subdag_operator.section-1 to None, run_after=None
[2024-07-26T01:12:07.070+0000] {logging_mixin.py:188} INFO - [2024-07-26T01:12:07.069+0000] {dag.py:3834} INFO - Setting next_dagrun for example_subdag_operator.section-2 to None, run_after=None
[2024-07-26T01:12:07.076+0000] {logging_mixin.py:188} INFO - [2024-07-26T01:12:07.075+0000] {dag.py:3047} INFO - Sync 2 DAGs
[2024-07-26T01:12:07.080+0000] {logging_mixin.py:188} INFO - [2024-07-26T01:12:07.080+0000] {dag.py:3834} INFO - Setting next_dagrun for example_subdag_operator.section-1 to None, run_after=None
[2024-07-26T01:12:07.080+0000] {logging_mixin.py:188} INFO - [2024-07-26T01:12:07.080+0000] {dag.py:3834} INFO - Setting next_dagrun for example_subdag_operator.section-2 to None, run_after=None
[2024-07-26T01:12:07.091+0000] {processor.py:183} INFO - Processing /home/airflow/.local/lib/python3.8/site-packages/airflow/example_dags/example_subdag_operator.py took 0.080 seconds
[2024-07-26T01:12:37.193+0000] {processor.py:161} INFO - Started process (PID=1159) to work on /home/airflow/.local/lib/python3.8/site-packages/airflow/example_dags/example_subdag_operator.py
[2024-07-26T01:12:37.194+0000] {processor.py:830} INFO - Processing file /home/airflow/.local/lib/python3.8/site-packages/airflow/example_dags/example_subdag_operator.py for tasks to queue
[2024-07-26T01:12:37.195+0000] {logging_mixin.py:188} INFO - [2024-07-26T01:12:37.195+0000] {dagbag.py:540} INFO - Filling up the DagBag from /home/airflow/.local/lib/python3.8/site-packages/airflow/example_dags/example_subdag_operator.py
[2024-07-26T01:12:37.216+0000] {processor.py:840} INFO - DAG(s) 'example_subdag_operator.section-1', 'example_subdag_operator.section-2', 'example_subdag_operator' retrieved from /home/airflow/.local/lib/python3.8/site-packages/airflow/example_dags/example_subdag_operator.py
[2024-07-26T01:12:37.230+0000] {logging_mixin.py:188} INFO - [2024-07-26T01:12:37.230+0000] {dag.py:3047} INFO - Sync 3 DAGs
[2024-07-26T01:12:37.249+0000] {logging_mixin.py:188} INFO - [2024-07-26T01:12:37.248+0000] {dag.py:3834} INFO - Setting next_dagrun for example_subdag_operator to 2022-01-01 00:00:00+00:00, run_after=2022-01-01 00:00:00+00:00
[2024-07-26T01:12:37.252+0000] {logging_mixin.py:188} INFO - [2024-07-26T01:12:37.252+0000] {dag.py:3834} INFO - Setting next_dagrun for example_subdag_operator.section-1 to None, run_after=None
[2024-07-26T01:12:37.254+0000] {logging_mixin.py:188} INFO - [2024-07-26T01:12:37.254+0000] {dag.py:3834} INFO - Setting next_dagrun for example_subdag_operator.section-2 to None, run_after=None
[2024-07-26T01:12:37.261+0000] {logging_mixin.py:188} INFO - [2024-07-26T01:12:37.260+0000] {dag.py:3047} INFO - Sync 2 DAGs
[2024-07-26T01:12:37.265+0000] {logging_mixin.py:188} INFO - [2024-07-26T01:12:37.265+0000] {dag.py:3834} INFO - Setting next_dagrun for example_subdag_operator.section-1 to None, run_after=None
[2024-07-26T01:12:37.265+0000] {logging_mixin.py:188} INFO - [2024-07-26T01:12:37.265+0000] {dag.py:3834} INFO - Setting next_dagrun for example_subdag_operator.section-2 to None, run_after=None
[2024-07-26T01:12:37.276+0000] {processor.py:183} INFO - Processing /home/airflow/.local/lib/python3.8/site-packages/airflow/example_dags/example_subdag_operator.py took 0.086 seconds
[2024-07-26T01:13:08.247+0000] {processor.py:161} INFO - Started process (PID=1215) to work on /home/airflow/.local/lib/python3.8/site-packages/airflow/example_dags/example_subdag_operator.py
[2024-07-26T01:13:08.248+0000] {processor.py:830} INFO - Processing file /home/airflow/.local/lib/python3.8/site-packages/airflow/example_dags/example_subdag_operator.py for tasks to queue
[2024-07-26T01:13:08.249+0000] {logging_mixin.py:188} INFO - [2024-07-26T01:13:08.248+0000] {dagbag.py:540} INFO - Filling up the DagBag from /home/airflow/.local/lib/python3.8/site-packages/airflow/example_dags/example_subdag_operator.py
[2024-07-26T01:13:08.266+0000] {processor.py:840} INFO - DAG(s) 'example_subdag_operator.section-1', 'example_subdag_operator.section-2', 'example_subdag_operator' retrieved from /home/airflow/.local/lib/python3.8/site-packages/airflow/example_dags/example_subdag_operator.py
[2024-07-26T01:13:08.279+0000] {logging_mixin.py:188} INFO - [2024-07-26T01:13:08.278+0000] {dag.py:3047} INFO - Sync 3 DAGs
[2024-07-26T01:13:08.295+0000] {logging_mixin.py:188} INFO - [2024-07-26T01:13:08.295+0000] {dag.py:3834} INFO - Setting next_dagrun for example_subdag_operator to 2022-01-01 00:00:00+00:00, run_after=2022-01-01 00:00:00+00:00
[2024-07-26T01:13:08.298+0000] {logging_mixin.py:188} INFO - [2024-07-26T01:13:08.297+0000] {dag.py:3834} INFO - Setting next_dagrun for example_subdag_operator.section-1 to None, run_after=None
[2024-07-26T01:13:08.299+0000] {logging_mixin.py:188} INFO - [2024-07-26T01:13:08.298+0000] {dag.py:3834} INFO - Setting next_dagrun for example_subdag_operator.section-2 to None, run_after=None
[2024-07-26T01:13:08.304+0000] {logging_mixin.py:188} INFO - [2024-07-26T01:13:08.303+0000] {dag.py:3047} INFO - Sync 2 DAGs
[2024-07-26T01:13:08.307+0000] {logging_mixin.py:188} INFO - [2024-07-26T01:13:08.307+0000] {dag.py:3834} INFO - Setting next_dagrun for example_subdag_operator.section-1 to None, run_after=None
[2024-07-26T01:13:08.308+0000] {logging_mixin.py:188} INFO - [2024-07-26T01:13:08.308+0000] {dag.py:3834} INFO - Setting next_dagrun for example_subdag_operator.section-2 to None, run_after=None
[2024-07-26T01:13:08.318+0000] {processor.py:183} INFO - Processing /home/airflow/.local/lib/python3.8/site-packages/airflow/example_dags/example_subdag_operator.py took 0.073 seconds
[2024-07-26T01:13:38.816+0000] {processor.py:161} INFO - Started process (PID=1271) to work on /home/airflow/.local/lib/python3.8/site-packages/airflow/example_dags/example_subdag_operator.py
[2024-07-26T01:13:38.817+0000] {processor.py:830} INFO - Processing file /home/airflow/.local/lib/python3.8/site-packages/airflow/example_dags/example_subdag_operator.py for tasks to queue
[2024-07-26T01:13:38.818+0000] {logging_mixin.py:188} INFO - [2024-07-26T01:13:38.818+0000] {dagbag.py:540} INFO - Filling up the DagBag from /home/airflow/.local/lib/python3.8/site-packages/airflow/example_dags/example_subdag_operator.py
[2024-07-26T01:13:38.839+0000] {processor.py:840} INFO - DAG(s) 'example_subdag_operator.section-1', 'example_subdag_operator.section-2', 'example_subdag_operator' retrieved from /home/airflow/.local/lib/python3.8/site-packages/airflow/example_dags/example_subdag_operator.py
[2024-07-26T01:13:38.853+0000] {logging_mixin.py:188} INFO - [2024-07-26T01:13:38.853+0000] {dag.py:3047} INFO - Sync 3 DAGs
[2024-07-26T01:13:38.871+0000] {logging_mixin.py:188} INFO - [2024-07-26T01:13:38.871+0000] {dag.py:3834} INFO - Setting next_dagrun for example_subdag_operator to 2022-01-01 00:00:00+00:00, run_after=2022-01-01 00:00:00+00:00
[2024-07-26T01:13:38.875+0000] {logging_mixin.py:188} INFO - [2024-07-26T01:13:38.874+0000] {dag.py:3834} INFO - Setting next_dagrun for example_subdag_operator.section-1 to None, run_after=None
[2024-07-26T01:13:38.876+0000] {logging_mixin.py:188} INFO - [2024-07-26T01:13:38.875+0000] {dag.py:3834} INFO - Setting next_dagrun for example_subdag_operator.section-2 to None, run_after=None
[2024-07-26T01:13:38.881+0000] {logging_mixin.py:188} INFO - [2024-07-26T01:13:38.881+0000] {dag.py:3047} INFO - Sync 2 DAGs
[2024-07-26T01:13:38.885+0000] {logging_mixin.py:188} INFO - [2024-07-26T01:13:38.885+0000] {dag.py:3834} INFO - Setting next_dagrun for example_subdag_operator.section-1 to None, run_after=None
[2024-07-26T01:13:38.886+0000] {logging_mixin.py:188} INFO - [2024-07-26T01:13:38.886+0000] {dag.py:3834} INFO - Setting next_dagrun for example_subdag_operator.section-2 to None, run_after=None
[2024-07-26T01:13:38.896+0000] {processor.py:183} INFO - Processing /home/airflow/.local/lib/python3.8/site-packages/airflow/example_dags/example_subdag_operator.py took 0.083 seconds
[2024-07-26T01:14:08.937+0000] {processor.py:161} INFO - Started process (PID=1327) to work on /home/airflow/.local/lib/python3.8/site-packages/airflow/example_dags/example_subdag_operator.py
[2024-07-26T01:14:08.938+0000] {processor.py:830} INFO - Processing file /home/airflow/.local/lib/python3.8/site-packages/airflow/example_dags/example_subdag_operator.py for tasks to queue
[2024-07-26T01:14:08.939+0000] {logging_mixin.py:188} INFO - [2024-07-26T01:14:08.939+0000] {dagbag.py:540} INFO - Filling up the DagBag from /home/airflow/.local/lib/python3.8/site-packages/airflow/example_dags/example_subdag_operator.py
[2024-07-26T01:14:08.959+0000] {processor.py:840} INFO - DAG(s) 'example_subdag_operator.section-1', 'example_subdag_operator.section-2', 'example_subdag_operator' retrieved from /home/airflow/.local/lib/python3.8/site-packages/airflow/example_dags/example_subdag_operator.py
[2024-07-26T01:14:08.971+0000] {logging_mixin.py:188} INFO - [2024-07-26T01:14:08.971+0000] {dag.py:3047} INFO - Sync 3 DAGs
[2024-07-26T01:14:08.988+0000] {logging_mixin.py:188} INFO - [2024-07-26T01:14:08.988+0000] {dag.py:3834} INFO - Setting next_dagrun for example_subdag_operator to 2022-01-01 00:00:00+00:00, run_after=2022-01-01 00:00:00+00:00
[2024-07-26T01:14:08.991+0000] {logging_mixin.py:188} INFO - [2024-07-26T01:14:08.990+0000] {dag.py:3834} INFO - Setting next_dagrun for example_subdag_operator.section-1 to None, run_after=None
[2024-07-26T01:14:08.992+0000] {logging_mixin.py:188} INFO - [2024-07-26T01:14:08.992+0000] {dag.py:3834} INFO - Setting next_dagrun for example_subdag_operator.section-2 to None, run_after=None
[2024-07-26T01:14:08.997+0000] {logging_mixin.py:188} INFO - [2024-07-26T01:14:08.997+0000] {dag.py:3047} INFO - Sync 2 DAGs
[2024-07-26T01:14:09.002+0000] {logging_mixin.py:188} INFO - [2024-07-26T01:14:09.001+0000] {dag.py:3834} INFO - Setting next_dagrun for example_subdag_operator.section-1 to None, run_after=None
[2024-07-26T01:14:09.002+0000] {logging_mixin.py:188} INFO - [2024-07-26T01:14:09.002+0000] {dag.py:3834} INFO - Setting next_dagrun for example_subdag_operator.section-2 to None, run_after=None
[2024-07-26T01:14:09.012+0000] {processor.py:183} INFO - Processing /home/airflow/.local/lib/python3.8/site-packages/airflow/example_dags/example_subdag_operator.py took 0.077 seconds
[2024-07-26T01:14:39.603+0000] {processor.py:161} INFO - Started process (PID=1383) to work on /home/airflow/.local/lib/python3.8/site-packages/airflow/example_dags/example_subdag_operator.py
[2024-07-26T01:14:39.604+0000] {processor.py:830} INFO - Processing file /home/airflow/.local/lib/python3.8/site-packages/airflow/example_dags/example_subdag_operator.py for tasks to queue
[2024-07-26T01:14:39.605+0000] {logging_mixin.py:188} INFO - [2024-07-26T01:14:39.605+0000] {dagbag.py:540} INFO - Filling up the DagBag from /home/airflow/.local/lib/python3.8/site-packages/airflow/example_dags/example_subdag_operator.py
[2024-07-26T01:14:39.628+0000] {processor.py:840} INFO - DAG(s) 'example_subdag_operator.section-1', 'example_subdag_operator.section-2', 'example_subdag_operator' retrieved from /home/airflow/.local/lib/python3.8/site-packages/airflow/example_dags/example_subdag_operator.py
[2024-07-26T01:14:39.644+0000] {logging_mixin.py:188} INFO - [2024-07-26T01:14:39.643+0000] {dag.py:3047} INFO - Sync 3 DAGs
[2024-07-26T01:14:39.666+0000] {logging_mixin.py:188} INFO - [2024-07-26T01:14:39.665+0000] {dag.py:3834} INFO - Setting next_dagrun for example_subdag_operator to 2022-01-01 00:00:00+00:00, run_after=2022-01-01 00:00:00+00:00
[2024-07-26T01:14:39.669+0000] {logging_mixin.py:188} INFO - [2024-07-26T01:14:39.669+0000] {dag.py:3834} INFO - Setting next_dagrun for example_subdag_operator.section-1 to None, run_after=None
[2024-07-26T01:14:39.670+0000] {logging_mixin.py:188} INFO - [2024-07-26T01:14:39.670+0000] {dag.py:3834} INFO - Setting next_dagrun for example_subdag_operator.section-2 to None, run_after=None
[2024-07-26T01:14:39.677+0000] {logging_mixin.py:188} INFO - [2024-07-26T01:14:39.677+0000] {dag.py:3047} INFO - Sync 2 DAGs
[2024-07-26T01:14:39.683+0000] {logging_mixin.py:188} INFO - [2024-07-26T01:14:39.682+0000] {dag.py:3834} INFO - Setting next_dagrun for example_subdag_operator.section-1 to None, run_after=None
[2024-07-26T01:14:39.683+0000] {logging_mixin.py:188} INFO - [2024-07-26T01:14:39.683+0000] {dag.py:3834} INFO - Setting next_dagrun for example_subdag_operator.section-2 to None, run_after=None
[2024-07-26T01:14:39.695+0000] {processor.py:183} INFO - Processing /home/airflow/.local/lib/python3.8/site-packages/airflow/example_dags/example_subdag_operator.py took 0.095 seconds
[2024-07-26T01:15:10.627+0000] {processor.py:161} INFO - Started process (PID=1439) to work on /home/airflow/.local/lib/python3.8/site-packages/airflow/example_dags/example_subdag_operator.py
[2024-07-26T01:15:10.628+0000] {processor.py:830} INFO - Processing file /home/airflow/.local/lib/python3.8/site-packages/airflow/example_dags/example_subdag_operator.py for tasks to queue
[2024-07-26T01:15:10.630+0000] {logging_mixin.py:188} INFO - [2024-07-26T01:15:10.630+0000] {dagbag.py:540} INFO - Filling up the DagBag from /home/airflow/.local/lib/python3.8/site-packages/airflow/example_dags/example_subdag_operator.py
[2024-07-26T01:15:10.653+0000] {processor.py:840} INFO - DAG(s) 'example_subdag_operator.section-1', 'example_subdag_operator.section-2', 'example_subdag_operator' retrieved from /home/airflow/.local/lib/python3.8/site-packages/airflow/example_dags/example_subdag_operator.py
[2024-07-26T01:15:10.671+0000] {logging_mixin.py:188} INFO - [2024-07-26T01:15:10.670+0000] {dag.py:3047} INFO - Sync 3 DAGs
[2024-07-26T01:15:10.688+0000] {logging_mixin.py:188} INFO - [2024-07-26T01:15:10.687+0000] {dag.py:3834} INFO - Setting next_dagrun for example_subdag_operator to 2022-01-01 00:00:00+00:00, run_after=2022-01-01 00:00:00+00:00
[2024-07-26T01:15:10.691+0000] {logging_mixin.py:188} INFO - [2024-07-26T01:15:10.691+0000] {dag.py:3834} INFO - Setting next_dagrun for example_subdag_operator.section-1 to None, run_after=None
[2024-07-26T01:15:10.692+0000] {logging_mixin.py:188} INFO - [2024-07-26T01:15:10.692+0000] {dag.py:3834} INFO - Setting next_dagrun for example_subdag_operator.section-2 to None, run_after=None
[2024-07-26T01:15:10.697+0000] {logging_mixin.py:188} INFO - [2024-07-26T01:15:10.697+0000] {dag.py:3047} INFO - Sync 2 DAGs
[2024-07-26T01:15:10.702+0000] {logging_mixin.py:188} INFO - [2024-07-26T01:15:10.701+0000] {dag.py:3834} INFO - Setting next_dagrun for example_subdag_operator.section-1 to None, run_after=None
[2024-07-26T01:15:10.702+0000] {logging_mixin.py:188} INFO - [2024-07-26T01:15:10.702+0000] {dag.py:3834} INFO - Setting next_dagrun for example_subdag_operator.section-2 to None, run_after=None
[2024-07-26T01:15:10.711+0000] {processor.py:183} INFO - Processing /home/airflow/.local/lib/python3.8/site-packages/airflow/example_dags/example_subdag_operator.py took 0.086 seconds
[2024-07-26T01:15:41.035+0000] {processor.py:161} INFO - Started process (PID=1495) to work on /home/airflow/.local/lib/python3.8/site-packages/airflow/example_dags/example_subdag_operator.py
[2024-07-26T01:15:41.036+0000] {processor.py:830} INFO - Processing file /home/airflow/.local/lib/python3.8/site-packages/airflow/example_dags/example_subdag_operator.py for tasks to queue
[2024-07-26T01:15:41.038+0000] {logging_mixin.py:188} INFO - [2024-07-26T01:15:41.037+0000] {dagbag.py:540} INFO - Filling up the DagBag from /home/airflow/.local/lib/python3.8/site-packages/airflow/example_dags/example_subdag_operator.py
[2024-07-26T01:15:41.060+0000] {processor.py:840} INFO - DAG(s) 'example_subdag_operator.section-1', 'example_subdag_operator.section-2', 'example_subdag_operator' retrieved from /home/airflow/.local/lib/python3.8/site-packages/airflow/example_dags/example_subdag_operator.py
[2024-07-26T01:15:41.074+0000] {logging_mixin.py:188} INFO - [2024-07-26T01:15:41.074+0000] {dag.py:3047} INFO - Sync 3 DAGs
[2024-07-26T01:15:41.092+0000] {logging_mixin.py:188} INFO - [2024-07-26T01:15:41.092+0000] {dag.py:3834} INFO - Setting next_dagrun for example_subdag_operator to 2022-01-01 00:00:00+00:00, run_after=2022-01-01 00:00:00+00:00
[2024-07-26T01:15:41.096+0000] {logging_mixin.py:188} INFO - [2024-07-26T01:15:41.095+0000] {dag.py:3834} INFO - Setting next_dagrun for example_subdag_operator.section-1 to None, run_after=None
[2024-07-26T01:15:41.097+0000] {logging_mixin.py:188} INFO - [2024-07-26T01:15:41.097+0000] {dag.py:3834} INFO - Setting next_dagrun for example_subdag_operator.section-2 to None, run_after=None
[2024-07-26T01:15:41.104+0000] {logging_mixin.py:188} INFO - [2024-07-26T01:15:41.103+0000] {dag.py:3047} INFO - Sync 2 DAGs
[2024-07-26T01:15:41.108+0000] {logging_mixin.py:188} INFO - [2024-07-26T01:15:41.108+0000] {dag.py:3834} INFO - Setting next_dagrun for example_subdag_operator.section-1 to None, run_after=None
[2024-07-26T01:15:41.108+0000] {logging_mixin.py:188} INFO - [2024-07-26T01:15:41.108+0000] {dag.py:3834} INFO - Setting next_dagrun for example_subdag_operator.section-2 to None, run_after=None
[2024-07-26T01:15:41.120+0000] {processor.py:183} INFO - Processing /home/airflow/.local/lib/python3.8/site-packages/airflow/example_dags/example_subdag_operator.py took 0.086 seconds
[2024-07-26T01:16:11.427+0000] {processor.py:161} INFO - Started process (PID=1551) to work on /home/airflow/.local/lib/python3.8/site-packages/airflow/example_dags/example_subdag_operator.py
[2024-07-26T01:16:11.429+0000] {processor.py:830} INFO - Processing file /home/airflow/.local/lib/python3.8/site-packages/airflow/example_dags/example_subdag_operator.py for tasks to queue
[2024-07-26T01:16:11.431+0000] {logging_mixin.py:188} INFO - [2024-07-26T01:16:11.430+0000] {dagbag.py:540} INFO - Filling up the DagBag from /home/airflow/.local/lib/python3.8/site-packages/airflow/example_dags/example_subdag_operator.py
[2024-07-26T01:16:11.454+0000] {processor.py:840} INFO - DAG(s) 'example_subdag_operator.section-1', 'example_subdag_operator.section-2', 'example_subdag_operator' retrieved from /home/airflow/.local/lib/python3.8/site-packages/airflow/example_dags/example_subdag_operator.py
[2024-07-26T01:16:11.470+0000] {logging_mixin.py:188} INFO - [2024-07-26T01:16:11.469+0000] {dag.py:3047} INFO - Sync 3 DAGs
[2024-07-26T01:16:11.491+0000] {logging_mixin.py:188} INFO - [2024-07-26T01:16:11.491+0000] {dag.py:3834} INFO - Setting next_dagrun for example_subdag_operator to 2022-01-01 00:00:00+00:00, run_after=2022-01-01 00:00:00+00:00
[2024-07-26T01:16:11.495+0000] {logging_mixin.py:188} INFO - [2024-07-26T01:16:11.494+0000] {dag.py:3834} INFO - Setting next_dagrun for example_subdag_operator.section-1 to None, run_after=None
[2024-07-26T01:16:11.496+0000] {logging_mixin.py:188} INFO - [2024-07-26T01:16:11.496+0000] {dag.py:3834} INFO - Setting next_dagrun for example_subdag_operator.section-2 to None, run_after=None
[2024-07-26T01:16:11.504+0000] {logging_mixin.py:188} INFO - [2024-07-26T01:16:11.504+0000] {dag.py:3047} INFO - Sync 2 DAGs
[2024-07-26T01:16:11.510+0000] {logging_mixin.py:188} INFO - [2024-07-26T01:16:11.509+0000] {dag.py:3834} INFO - Setting next_dagrun for example_subdag_operator.section-1 to None, run_after=None
[2024-07-26T01:16:11.510+0000] {logging_mixin.py:188} INFO - [2024-07-26T01:16:11.510+0000] {dag.py:3834} INFO - Setting next_dagrun for example_subdag_operator.section-2 to None, run_after=None
[2024-07-26T01:16:11.524+0000] {processor.py:183} INFO - Processing /home/airflow/.local/lib/python3.8/site-packages/airflow/example_dags/example_subdag_operator.py took 0.099 seconds
[2024-07-26T01:16:41.790+0000] {processor.py:161} INFO - Started process (PID=1607) to work on /home/airflow/.local/lib/python3.8/site-packages/airflow/example_dags/example_subdag_operator.py
[2024-07-26T01:16:41.791+0000] {processor.py:830} INFO - Processing file /home/airflow/.local/lib/python3.8/site-packages/airflow/example_dags/example_subdag_operator.py for tasks to queue
[2024-07-26T01:16:41.792+0000] {logging_mixin.py:188} INFO - [2024-07-26T01:16:41.792+0000] {dagbag.py:540} INFO - Filling up the DagBag from /home/airflow/.local/lib/python3.8/site-packages/airflow/example_dags/example_subdag_operator.py
[2024-07-26T01:16:41.814+0000] {processor.py:840} INFO - DAG(s) 'example_subdag_operator.section-1', 'example_subdag_operator.section-2', 'example_subdag_operator' retrieved from /home/airflow/.local/lib/python3.8/site-packages/airflow/example_dags/example_subdag_operator.py
[2024-07-26T01:16:41.833+0000] {logging_mixin.py:188} INFO - [2024-07-26T01:16:41.832+0000] {dag.py:3047} INFO - Sync 3 DAGs
[2024-07-26T01:16:41.855+0000] {logging_mixin.py:188} INFO - [2024-07-26T01:16:41.855+0000] {dag.py:3834} INFO - Setting next_dagrun for example_subdag_operator to 2022-01-01 00:00:00+00:00, run_after=2022-01-01 00:00:00+00:00
[2024-07-26T01:16:41.859+0000] {logging_mixin.py:188} INFO - [2024-07-26T01:16:41.859+0000] {dag.py:3834} INFO - Setting next_dagrun for example_subdag_operator.section-1 to None, run_after=None
[2024-07-26T01:16:41.861+0000] {logging_mixin.py:188} INFO - [2024-07-26T01:16:41.861+0000] {dag.py:3834} INFO - Setting next_dagrun for example_subdag_operator.section-2 to None, run_after=None
[2024-07-26T01:16:41.869+0000] {logging_mixin.py:188} INFO - [2024-07-26T01:16:41.869+0000] {dag.py:3047} INFO - Sync 2 DAGs
[2024-07-26T01:16:41.875+0000] {logging_mixin.py:188} INFO - [2024-07-26T01:16:41.874+0000] {dag.py:3834} INFO - Setting next_dagrun for example_subdag_operator.section-1 to None, run_after=None
[2024-07-26T01:16:41.875+0000] {logging_mixin.py:188} INFO - [2024-07-26T01:16:41.875+0000] {dag.py:3834} INFO - Setting next_dagrun for example_subdag_operator.section-2 to None, run_after=None
[2024-07-26T01:16:41.887+0000] {processor.py:183} INFO - Processing /home/airflow/.local/lib/python3.8/site-packages/airflow/example_dags/example_subdag_operator.py took 0.100 seconds
[2024-07-26T01:17:12.268+0000] {processor.py:161} INFO - Started process (PID=1663) to work on /home/airflow/.local/lib/python3.8/site-packages/airflow/example_dags/example_subdag_operator.py
[2024-07-26T01:17:12.269+0000] {processor.py:830} INFO - Processing file /home/airflow/.local/lib/python3.8/site-packages/airflow/example_dags/example_subdag_operator.py for tasks to queue
[2024-07-26T01:17:12.271+0000] {logging_mixin.py:188} INFO - [2024-07-26T01:17:12.270+0000] {dagbag.py:540} INFO - Filling up the DagBag from /home/airflow/.local/lib/python3.8/site-packages/airflow/example_dags/example_subdag_operator.py
[2024-07-26T01:17:12.291+0000] {processor.py:840} INFO - DAG(s) 'example_subdag_operator.section-1', 'example_subdag_operator.section-2', 'example_subdag_operator' retrieved from /home/airflow/.local/lib/python3.8/site-packages/airflow/example_dags/example_subdag_operator.py
[2024-07-26T01:17:12.310+0000] {logging_mixin.py:188} INFO - [2024-07-26T01:17:12.309+0000] {dag.py:3047} INFO - Sync 3 DAGs
[2024-07-26T01:17:12.327+0000] {logging_mixin.py:188} INFO - [2024-07-26T01:17:12.326+0000] {dag.py:3834} INFO - Setting next_dagrun for example_subdag_operator to 2022-01-01 00:00:00+00:00, run_after=2022-01-01 00:00:00+00:00
[2024-07-26T01:17:12.329+0000] {logging_mixin.py:188} INFO - [2024-07-26T01:17:12.329+0000] {dag.py:3834} INFO - Setting next_dagrun for example_subdag_operator.section-1 to None, run_after=None
[2024-07-26T01:17:12.331+0000] {logging_mixin.py:188} INFO - [2024-07-26T01:17:12.330+0000] {dag.py:3834} INFO - Setting next_dagrun for example_subdag_operator.section-2 to None, run_after=None
[2024-07-26T01:17:12.339+0000] {logging_mixin.py:188} INFO - [2024-07-26T01:17:12.338+0000] {dag.py:3047} INFO - Sync 2 DAGs
[2024-07-26T01:17:12.345+0000] {logging_mixin.py:188} INFO - [2024-07-26T01:17:12.345+0000] {dag.py:3834} INFO - Setting next_dagrun for example_subdag_operator.section-1 to None, run_after=None
[2024-07-26T01:17:12.346+0000] {logging_mixin.py:188} INFO - [2024-07-26T01:17:12.345+0000] {dag.py:3834} INFO - Setting next_dagrun for example_subdag_operator.section-2 to None, run_after=None
[2024-07-26T01:17:12.366+0000] {processor.py:183} INFO - Processing /home/airflow/.local/lib/python3.8/site-packages/airflow/example_dags/example_subdag_operator.py took 0.100 seconds
[2024-07-26T01:17:42.746+0000] {processor.py:161} INFO - Started process (PID=1719) to work on /home/airflow/.local/lib/python3.8/site-packages/airflow/example_dags/example_subdag_operator.py
[2024-07-26T01:17:42.747+0000] {processor.py:830} INFO - Processing file /home/airflow/.local/lib/python3.8/site-packages/airflow/example_dags/example_subdag_operator.py for tasks to queue
[2024-07-26T01:17:42.748+0000] {logging_mixin.py:188} INFO - [2024-07-26T01:17:42.748+0000] {dagbag.py:540} INFO - Filling up the DagBag from /home/airflow/.local/lib/python3.8/site-packages/airflow/example_dags/example_subdag_operator.py
[2024-07-26T01:17:42.774+0000] {processor.py:840} INFO - DAG(s) 'example_subdag_operator.section-1', 'example_subdag_operator.section-2', 'example_subdag_operator' retrieved from /home/airflow/.local/lib/python3.8/site-packages/airflow/example_dags/example_subdag_operator.py
[2024-07-26T01:17:42.789+0000] {logging_mixin.py:188} INFO - [2024-07-26T01:17:42.789+0000] {dag.py:3047} INFO - Sync 3 DAGs
[2024-07-26T01:17:42.811+0000] {logging_mixin.py:188} INFO - [2024-07-26T01:17:42.810+0000] {dag.py:3834} INFO - Setting next_dagrun for example_subdag_operator to 2022-01-01 00:00:00+00:00, run_after=2022-01-01 00:00:00+00:00
[2024-07-26T01:17:42.815+0000] {logging_mixin.py:188} INFO - [2024-07-26T01:17:42.814+0000] {dag.py:3834} INFO - Setting next_dagrun for example_subdag_operator.section-1 to None, run_after=None
[2024-07-26T01:17:42.816+0000] {logging_mixin.py:188} INFO - [2024-07-26T01:17:42.816+0000] {dag.py:3834} INFO - Setting next_dagrun for example_subdag_operator.section-2 to None, run_after=None
[2024-07-26T01:17:42.825+0000] {logging_mixin.py:188} INFO - [2024-07-26T01:17:42.825+0000] {dag.py:3047} INFO - Sync 2 DAGs
[2024-07-26T01:17:42.832+0000] {logging_mixin.py:188} INFO - [2024-07-26T01:17:42.832+0000] {dag.py:3834} INFO - Setting next_dagrun for example_subdag_operator.section-1 to None, run_after=None
[2024-07-26T01:17:42.833+0000] {logging_mixin.py:188} INFO - [2024-07-26T01:17:42.833+0000] {dag.py:3834} INFO - Setting next_dagrun for example_subdag_operator.section-2 to None, run_after=None
[2024-07-26T01:17:42.847+0000] {processor.py:183} INFO - Processing /home/airflow/.local/lib/python3.8/site-packages/airflow/example_dags/example_subdag_operator.py took 0.103 seconds
[2024-07-26T01:18:13.269+0000] {processor.py:161} INFO - Started process (PID=1775) to work on /home/airflow/.local/lib/python3.8/site-packages/airflow/example_dags/example_subdag_operator.py
[2024-07-26T01:18:13.270+0000] {processor.py:830} INFO - Processing file /home/airflow/.local/lib/python3.8/site-packages/airflow/example_dags/example_subdag_operator.py for tasks to queue
[2024-07-26T01:18:13.271+0000] {logging_mixin.py:188} INFO - [2024-07-26T01:18:13.271+0000] {dagbag.py:540} INFO - Filling up the DagBag from /home/airflow/.local/lib/python3.8/site-packages/airflow/example_dags/example_subdag_operator.py
[2024-07-26T01:18:13.292+0000] {processor.py:840} INFO - DAG(s) 'example_subdag_operator.section-1', 'example_subdag_operator.section-2', 'example_subdag_operator' retrieved from /home/airflow/.local/lib/python3.8/site-packages/airflow/example_dags/example_subdag_operator.py
[2024-07-26T01:18:13.306+0000] {logging_mixin.py:188} INFO - [2024-07-26T01:18:13.306+0000] {dag.py:3047} INFO - Sync 3 DAGs
[2024-07-26T01:18:13.324+0000] {logging_mixin.py:188} INFO - [2024-07-26T01:18:13.324+0000] {dag.py:3834} INFO - Setting next_dagrun for example_subdag_operator to 2022-01-01 00:00:00+00:00, run_after=2022-01-01 00:00:00+00:00
[2024-07-26T01:18:13.327+0000] {logging_mixin.py:188} INFO - [2024-07-26T01:18:13.327+0000] {dag.py:3834} INFO - Setting next_dagrun for example_subdag_operator.section-1 to None, run_after=None
[2024-07-26T01:18:13.328+0000] {logging_mixin.py:188} INFO - [2024-07-26T01:18:13.328+0000] {dag.py:3834} INFO - Setting next_dagrun for example_subdag_operator.section-2 to None, run_after=None
[2024-07-26T01:18:13.334+0000] {logging_mixin.py:188} INFO - [2024-07-26T01:18:13.334+0000] {dag.py:3047} INFO - Sync 2 DAGs
[2024-07-26T01:18:13.339+0000] {logging_mixin.py:188} INFO - [2024-07-26T01:18:13.339+0000] {dag.py:3834} INFO - Setting next_dagrun for example_subdag_operator.section-1 to None, run_after=None
[2024-07-26T01:18:13.340+0000] {logging_mixin.py:188} INFO - [2024-07-26T01:18:13.340+0000] {dag.py:3834} INFO - Setting next_dagrun for example_subdag_operator.section-2 to None, run_after=None
[2024-07-26T01:18:13.354+0000] {processor.py:183} INFO - Processing /home/airflow/.local/lib/python3.8/site-packages/airflow/example_dags/example_subdag_operator.py took 0.087 seconds
[2024-07-26T01:18:43.466+0000] {processor.py:161} INFO - Started process (PID=1831) to work on /home/airflow/.local/lib/python3.8/site-packages/airflow/example_dags/example_subdag_operator.py
[2024-07-26T01:18:43.467+0000] {processor.py:830} INFO - Processing file /home/airflow/.local/lib/python3.8/site-packages/airflow/example_dags/example_subdag_operator.py for tasks to queue
[2024-07-26T01:18:43.468+0000] {logging_mixin.py:188} INFO - [2024-07-26T01:18:43.468+0000] {dagbag.py:540} INFO - Filling up the DagBag from /home/airflow/.local/lib/python3.8/site-packages/airflow/example_dags/example_subdag_operator.py
[2024-07-26T01:18:43.491+0000] {processor.py:840} INFO - DAG(s) 'example_subdag_operator.section-1', 'example_subdag_operator.section-2', 'example_subdag_operator' retrieved from /home/airflow/.local/lib/python3.8/site-packages/airflow/example_dags/example_subdag_operator.py
[2024-07-26T01:18:43.506+0000] {logging_mixin.py:188} INFO - [2024-07-26T01:18:43.505+0000] {dag.py:3047} INFO - Sync 3 DAGs
[2024-07-26T01:18:43.524+0000] {logging_mixin.py:188} INFO - [2024-07-26T01:18:43.524+0000] {dag.py:3834} INFO - Setting next_dagrun for example_subdag_operator to 2022-01-01 00:00:00+00:00, run_after=2022-01-01 00:00:00+00:00
[2024-07-26T01:18:43.527+0000] {logging_mixin.py:188} INFO - [2024-07-26T01:18:43.527+0000] {dag.py:3834} INFO - Setting next_dagrun for example_subdag_operator.section-1 to None, run_after=None
[2024-07-26T01:18:43.528+0000] {logging_mixin.py:188} INFO - [2024-07-26T01:18:43.528+0000] {dag.py:3834} INFO - Setting next_dagrun for example_subdag_operator.section-2 to None, run_after=None
[2024-07-26T01:18:43.535+0000] {logging_mixin.py:188} INFO - [2024-07-26T01:18:43.534+0000] {dag.py:3047} INFO - Sync 2 DAGs
[2024-07-26T01:18:43.539+0000] {logging_mixin.py:188} INFO - [2024-07-26T01:18:43.539+0000] {dag.py:3834} INFO - Setting next_dagrun for example_subdag_operator.section-1 to None, run_after=None
[2024-07-26T01:18:43.540+0000] {logging_mixin.py:188} INFO - [2024-07-26T01:18:43.539+0000] {dag.py:3834} INFO - Setting next_dagrun for example_subdag_operator.section-2 to None, run_after=None
[2024-07-26T01:18:43.551+0000] {processor.py:183} INFO - Processing /home/airflow/.local/lib/python3.8/site-packages/airflow/example_dags/example_subdag_operator.py took 0.088 seconds
