[2024-07-26T01:03:00.066+0000] {processor.py:161} INFO - Started process (PID=57) to work on /home/airflow/.local/lib/python3.8/site-packages/airflow/example_dags/example_complex.py
[2024-07-26T01:03:00.067+0000] {processor.py:830} INFO - Processing file /home/airflow/.local/lib/python3.8/site-packages/airflow/example_dags/example_complex.py for tasks to queue
[2024-07-26T01:03:00.069+0000] {logging_mixin.py:188} INFO - [2024-07-26T01:03:00.068+0000] {dagbag.py:540} INFO - Filling up the DagBag from /home/airflow/.local/lib/python3.8/site-packages/airflow/example_dags/example_complex.py
[2024-07-26T01:03:00.081+0000] {processor.py:840} INFO - DAG(s) 'example_complex' retrieved from /home/airflow/.local/lib/python3.8/site-packages/airflow/example_dags/example_complex.py
[2024-07-26T01:03:00.091+0000] {logging_mixin.py:188} INFO - [2024-07-26T01:03:00.091+0000] {dag.py:3047} INFO - Sync 1 DAGs
[2024-07-26T01:03:00.103+0000] {logging_mixin.py:188} INFO - [2024-07-26T01:03:00.103+0000] {dag.py:3834} INFO - Setting next_dagrun for example_complex to None, run_after=None
[2024-07-26T01:03:00.121+0000] {processor.py:183} INFO - Processing /home/airflow/.local/lib/python3.8/site-packages/airflow/example_dags/example_complex.py took 0.059 seconds
[2024-07-26T01:03:30.527+0000] {processor.py:161} INFO - Started process (PID=122) to work on /home/airflow/.local/lib/python3.8/site-packages/airflow/example_dags/example_complex.py
[2024-07-26T01:03:30.528+0000] {processor.py:830} INFO - Processing file /home/airflow/.local/lib/python3.8/site-packages/airflow/example_dags/example_complex.py for tasks to queue
[2024-07-26T01:03:30.529+0000] {logging_mixin.py:188} INFO - [2024-07-26T01:03:30.529+0000] {dagbag.py:540} INFO - Filling up the DagBag from /home/airflow/.local/lib/python3.8/site-packages/airflow/example_dags/example_complex.py
[2024-07-26T01:03:30.539+0000] {processor.py:840} INFO - DAG(s) 'example_complex' retrieved from /home/airflow/.local/lib/python3.8/site-packages/airflow/example_dags/example_complex.py
[2024-07-26T01:03:30.624+0000] {logging_mixin.py:188} INFO - [2024-07-26T01:03:30.624+0000] {dag.py:3047} INFO - Sync 1 DAGs
[2024-07-26T01:03:30.633+0000] {logging_mixin.py:188} INFO - [2024-07-26T01:03:30.632+0000] {dag.py:3834} INFO - Setting next_dagrun for example_complex to None, run_after=None
[2024-07-26T01:03:30.648+0000] {processor.py:183} INFO - Processing /home/airflow/.local/lib/python3.8/site-packages/airflow/example_dags/example_complex.py took 0.124 seconds
[2024-07-26T01:04:00.728+0000] {processor.py:161} INFO - Started process (PID=178) to work on /home/airflow/.local/lib/python3.8/site-packages/airflow/example_dags/example_complex.py
[2024-07-26T01:04:00.729+0000] {processor.py:830} INFO - Processing file /home/airflow/.local/lib/python3.8/site-packages/airflow/example_dags/example_complex.py for tasks to queue
[2024-07-26T01:04:00.730+0000] {logging_mixin.py:188} INFO - [2024-07-26T01:04:00.730+0000] {dagbag.py:540} INFO - Filling up the DagBag from /home/airflow/.local/lib/python3.8/site-packages/airflow/example_dags/example_complex.py
[2024-07-26T01:04:00.739+0000] {processor.py:840} INFO - DAG(s) 'example_complex' retrieved from /home/airflow/.local/lib/python3.8/site-packages/airflow/example_dags/example_complex.py
[2024-07-26T01:04:00.763+0000] {logging_mixin.py:188} INFO - [2024-07-26T01:04:00.763+0000] {dag.py:3047} INFO - Sync 1 DAGs
[2024-07-26T01:04:00.772+0000] {logging_mixin.py:188} INFO - [2024-07-26T01:04:00.772+0000] {dag.py:3834} INFO - Setting next_dagrun for example_complex to None, run_after=None
[2024-07-26T01:04:00.787+0000] {processor.py:183} INFO - Processing /home/airflow/.local/lib/python3.8/site-packages/airflow/example_dags/example_complex.py took 0.062 seconds
[2024-07-26T01:04:30.809+0000] {processor.py:161} INFO - Started process (PID=233) to work on /home/airflow/.local/lib/python3.8/site-packages/airflow/example_dags/example_complex.py
[2024-07-26T01:04:30.810+0000] {processor.py:830} INFO - Processing file /home/airflow/.local/lib/python3.8/site-packages/airflow/example_dags/example_complex.py for tasks to queue
[2024-07-26T01:04:30.811+0000] {logging_mixin.py:188} INFO - [2024-07-26T01:04:30.811+0000] {dagbag.py:540} INFO - Filling up the DagBag from /home/airflow/.local/lib/python3.8/site-packages/airflow/example_dags/example_complex.py
[2024-07-26T01:04:30.820+0000] {processor.py:840} INFO - DAG(s) 'example_complex' retrieved from /home/airflow/.local/lib/python3.8/site-packages/airflow/example_dags/example_complex.py
[2024-07-26T01:04:30.845+0000] {logging_mixin.py:188} INFO - [2024-07-26T01:04:30.844+0000] {dag.py:3047} INFO - Sync 1 DAGs
[2024-07-26T01:04:30.855+0000] {logging_mixin.py:188} INFO - [2024-07-26T01:04:30.854+0000] {dag.py:3834} INFO - Setting next_dagrun for example_complex to None, run_after=None
[2024-07-26T01:04:30.869+0000] {processor.py:183} INFO - Processing /home/airflow/.local/lib/python3.8/site-packages/airflow/example_dags/example_complex.py took 0.062 seconds
[2024-07-26T01:05:01.343+0000] {processor.py:161} INFO - Started process (PID=290) to work on /home/airflow/.local/lib/python3.8/site-packages/airflow/example_dags/example_complex.py
[2024-07-26T01:05:01.344+0000] {processor.py:830} INFO - Processing file /home/airflow/.local/lib/python3.8/site-packages/airflow/example_dags/example_complex.py for tasks to queue
[2024-07-26T01:05:01.345+0000] {logging_mixin.py:188} INFO - [2024-07-26T01:05:01.345+0000] {dagbag.py:540} INFO - Filling up the DagBag from /home/airflow/.local/lib/python3.8/site-packages/airflow/example_dags/example_complex.py
[2024-07-26T01:05:01.354+0000] {processor.py:840} INFO - DAG(s) 'example_complex' retrieved from /home/airflow/.local/lib/python3.8/site-packages/airflow/example_dags/example_complex.py
[2024-07-26T01:05:01.378+0000] {logging_mixin.py:188} INFO - [2024-07-26T01:05:01.378+0000] {dag.py:3047} INFO - Sync 1 DAGs
[2024-07-26T01:05:01.387+0000] {logging_mixin.py:188} INFO - [2024-07-26T01:05:01.387+0000] {dag.py:3834} INFO - Setting next_dagrun for example_complex to None, run_after=None
[2024-07-26T01:05:01.403+0000] {processor.py:183} INFO - Processing /home/airflow/.local/lib/python3.8/site-packages/airflow/example_dags/example_complex.py took 0.063 seconds
[2024-07-26T01:05:31.648+0000] {processor.py:161} INFO - Started process (PID=346) to work on /home/airflow/.local/lib/python3.8/site-packages/airflow/example_dags/example_complex.py
[2024-07-26T01:05:31.649+0000] {processor.py:830} INFO - Processing file /home/airflow/.local/lib/python3.8/site-packages/airflow/example_dags/example_complex.py for tasks to queue
[2024-07-26T01:05:31.651+0000] {logging_mixin.py:188} INFO - [2024-07-26T01:05:31.651+0000] {dagbag.py:540} INFO - Filling up the DagBag from /home/airflow/.local/lib/python3.8/site-packages/airflow/example_dags/example_complex.py
[2024-07-26T01:05:31.660+0000] {processor.py:840} INFO - DAG(s) 'example_complex' retrieved from /home/airflow/.local/lib/python3.8/site-packages/airflow/example_dags/example_complex.py
[2024-07-26T01:05:31.684+0000] {logging_mixin.py:188} INFO - [2024-07-26T01:05:31.684+0000] {dag.py:3047} INFO - Sync 1 DAGs
[2024-07-26T01:05:31.694+0000] {logging_mixin.py:188} INFO - [2024-07-26T01:05:31.694+0000] {dag.py:3834} INFO - Setting next_dagrun for example_complex to None, run_after=None
[2024-07-26T01:05:31.709+0000] {processor.py:183} INFO - Processing /home/airflow/.local/lib/python3.8/site-packages/airflow/example_dags/example_complex.py took 0.063 seconds
[2024-07-26T01:06:01.773+0000] {processor.py:161} INFO - Started process (PID=402) to work on /home/airflow/.local/lib/python3.8/site-packages/airflow/example_dags/example_complex.py
[2024-07-26T01:06:01.774+0000] {processor.py:830} INFO - Processing file /home/airflow/.local/lib/python3.8/site-packages/airflow/example_dags/example_complex.py for tasks to queue
[2024-07-26T01:06:01.775+0000] {logging_mixin.py:188} INFO - [2024-07-26T01:06:01.775+0000] {dagbag.py:540} INFO - Filling up the DagBag from /home/airflow/.local/lib/python3.8/site-packages/airflow/example_dags/example_complex.py
[2024-07-26T01:06:01.784+0000] {processor.py:840} INFO - DAG(s) 'example_complex' retrieved from /home/airflow/.local/lib/python3.8/site-packages/airflow/example_dags/example_complex.py
[2024-07-26T01:06:01.811+0000] {logging_mixin.py:188} INFO - [2024-07-26T01:06:01.811+0000] {dag.py:3047} INFO - Sync 1 DAGs
[2024-07-26T01:06:01.820+0000] {logging_mixin.py:188} INFO - [2024-07-26T01:06:01.820+0000] {dag.py:3834} INFO - Setting next_dagrun for example_complex to None, run_after=None
[2024-07-26T01:06:01.835+0000] {processor.py:183} INFO - Processing /home/airflow/.local/lib/python3.8/site-packages/airflow/example_dags/example_complex.py took 0.064 seconds
[2024-07-26T01:06:31.893+0000] {processor.py:161} INFO - Started process (PID=458) to work on /home/airflow/.local/lib/python3.8/site-packages/airflow/example_dags/example_complex.py
[2024-07-26T01:06:31.893+0000] {processor.py:830} INFO - Processing file /home/airflow/.local/lib/python3.8/site-packages/airflow/example_dags/example_complex.py for tasks to queue
[2024-07-26T01:06:31.894+0000] {logging_mixin.py:188} INFO - [2024-07-26T01:06:31.894+0000] {dagbag.py:540} INFO - Filling up the DagBag from /home/airflow/.local/lib/python3.8/site-packages/airflow/example_dags/example_complex.py
[2024-07-26T01:06:31.903+0000] {processor.py:840} INFO - DAG(s) 'example_complex' retrieved from /home/airflow/.local/lib/python3.8/site-packages/airflow/example_dags/example_complex.py
[2024-07-26T01:06:31.927+0000] {logging_mixin.py:188} INFO - [2024-07-26T01:06:31.927+0000] {dag.py:3047} INFO - Sync 1 DAGs
[2024-07-26T01:06:31.937+0000] {logging_mixin.py:188} INFO - [2024-07-26T01:06:31.936+0000] {dag.py:3834} INFO - Setting next_dagrun for example_complex to None, run_after=None
[2024-07-26T01:06:31.952+0000] {processor.py:183} INFO - Processing /home/airflow/.local/lib/python3.8/site-packages/airflow/example_dags/example_complex.py took 0.061 seconds
[2024-07-26T01:07:01.994+0000] {processor.py:161} INFO - Started process (PID=513) to work on /home/airflow/.local/lib/python3.8/site-packages/airflow/example_dags/example_complex.py
[2024-07-26T01:07:01.995+0000] {processor.py:830} INFO - Processing file /home/airflow/.local/lib/python3.8/site-packages/airflow/example_dags/example_complex.py for tasks to queue
[2024-07-26T01:07:01.996+0000] {logging_mixin.py:188} INFO - [2024-07-26T01:07:01.996+0000] {dagbag.py:540} INFO - Filling up the DagBag from /home/airflow/.local/lib/python3.8/site-packages/airflow/example_dags/example_complex.py
[2024-07-26T01:07:02.009+0000] {processor.py:840} INFO - DAG(s) 'example_complex' retrieved from /home/airflow/.local/lib/python3.8/site-packages/airflow/example_dags/example_complex.py
[2024-07-26T01:07:02.034+0000] {logging_mixin.py:188} INFO - [2024-07-26T01:07:02.034+0000] {dag.py:3047} INFO - Sync 1 DAGs
[2024-07-26T01:07:02.044+0000] {logging_mixin.py:188} INFO - [2024-07-26T01:07:02.044+0000] {dag.py:3834} INFO - Setting next_dagrun for example_complex to None, run_after=None
[2024-07-26T01:07:02.059+0000] {processor.py:183} INFO - Processing /home/airflow/.local/lib/python3.8/site-packages/airflow/example_dags/example_complex.py took 0.067 seconds
[2024-07-26T01:07:32.325+0000] {processor.py:161} INFO - Started process (PID=569) to work on /home/airflow/.local/lib/python3.8/site-packages/airflow/example_dags/example_complex.py
[2024-07-26T01:07:32.326+0000] {processor.py:830} INFO - Processing file /home/airflow/.local/lib/python3.8/site-packages/airflow/example_dags/example_complex.py for tasks to queue
[2024-07-26T01:07:32.327+0000] {logging_mixin.py:188} INFO - [2024-07-26T01:07:32.327+0000] {dagbag.py:540} INFO - Filling up the DagBag from /home/airflow/.local/lib/python3.8/site-packages/airflow/example_dags/example_complex.py
[2024-07-26T01:07:32.340+0000] {processor.py:840} INFO - DAG(s) 'example_complex' retrieved from /home/airflow/.local/lib/python3.8/site-packages/airflow/example_dags/example_complex.py
[2024-07-26T01:07:32.366+0000] {logging_mixin.py:188} INFO - [2024-07-26T01:07:32.366+0000] {dag.py:3047} INFO - Sync 1 DAGs
[2024-07-26T01:07:32.376+0000] {logging_mixin.py:188} INFO - [2024-07-26T01:07:32.376+0000] {dag.py:3834} INFO - Setting next_dagrun for example_complex to None, run_after=None
[2024-07-26T01:07:32.392+0000] {processor.py:183} INFO - Processing /home/airflow/.local/lib/python3.8/site-packages/airflow/example_dags/example_complex.py took 0.069 seconds
[2024-07-26T01:08:02.692+0000] {processor.py:161} INFO - Started process (PID=625) to work on /home/airflow/.local/lib/python3.8/site-packages/airflow/example_dags/example_complex.py
[2024-07-26T01:08:02.693+0000] {processor.py:830} INFO - Processing file /home/airflow/.local/lib/python3.8/site-packages/airflow/example_dags/example_complex.py for tasks to queue
[2024-07-26T01:08:02.694+0000] {logging_mixin.py:188} INFO - [2024-07-26T01:08:02.694+0000] {dagbag.py:540} INFO - Filling up the DagBag from /home/airflow/.local/lib/python3.8/site-packages/airflow/example_dags/example_complex.py
[2024-07-26T01:08:02.703+0000] {processor.py:840} INFO - DAG(s) 'example_complex' retrieved from /home/airflow/.local/lib/python3.8/site-packages/airflow/example_dags/example_complex.py
[2024-07-26T01:08:02.729+0000] {logging_mixin.py:188} INFO - [2024-07-26T01:08:02.729+0000] {dag.py:3047} INFO - Sync 1 DAGs
[2024-07-26T01:08:02.739+0000] {logging_mixin.py:188} INFO - [2024-07-26T01:08:02.739+0000] {dag.py:3834} INFO - Setting next_dagrun for example_complex to None, run_after=None
[2024-07-26T01:08:02.754+0000] {processor.py:183} INFO - Processing /home/airflow/.local/lib/python3.8/site-packages/airflow/example_dags/example_complex.py took 0.064 seconds
[2024-07-26T01:08:32.771+0000] {processor.py:161} INFO - Started process (PID=681) to work on /home/airflow/.local/lib/python3.8/site-packages/airflow/example_dags/example_complex.py
[2024-07-26T01:08:32.771+0000] {processor.py:830} INFO - Processing file /home/airflow/.local/lib/python3.8/site-packages/airflow/example_dags/example_complex.py for tasks to queue
[2024-07-26T01:08:32.772+0000] {logging_mixin.py:188} INFO - [2024-07-26T01:08:32.772+0000] {dagbag.py:540} INFO - Filling up the DagBag from /home/airflow/.local/lib/python3.8/site-packages/airflow/example_dags/example_complex.py
[2024-07-26T01:08:32.781+0000] {processor.py:840} INFO - DAG(s) 'example_complex' retrieved from /home/airflow/.local/lib/python3.8/site-packages/airflow/example_dags/example_complex.py
[2024-07-26T01:08:32.807+0000] {logging_mixin.py:188} INFO - [2024-07-26T01:08:32.807+0000] {dag.py:3047} INFO - Sync 1 DAGs
[2024-07-26T01:08:32.816+0000] {logging_mixin.py:188} INFO - [2024-07-26T01:08:32.816+0000] {dag.py:3834} INFO - Setting next_dagrun for example_complex to None, run_after=None
[2024-07-26T01:08:32.832+0000] {processor.py:183} INFO - Processing /home/airflow/.local/lib/python3.8/site-packages/airflow/example_dags/example_complex.py took 0.063 seconds
[2024-07-26T01:09:03.141+0000] {processor.py:161} INFO - Started process (PID=737) to work on /home/airflow/.local/lib/python3.8/site-packages/airflow/example_dags/example_complex.py
[2024-07-26T01:09:03.142+0000] {processor.py:830} INFO - Processing file /home/airflow/.local/lib/python3.8/site-packages/airflow/example_dags/example_complex.py for tasks to queue
[2024-07-26T01:09:03.144+0000] {logging_mixin.py:188} INFO - [2024-07-26T01:09:03.143+0000] {dagbag.py:540} INFO - Filling up the DagBag from /home/airflow/.local/lib/python3.8/site-packages/airflow/example_dags/example_complex.py
[2024-07-26T01:09:03.157+0000] {processor.py:840} INFO - DAG(s) 'example_complex' retrieved from /home/airflow/.local/lib/python3.8/site-packages/airflow/example_dags/example_complex.py
[2024-07-26T01:09:03.185+0000] {logging_mixin.py:188} INFO - [2024-07-26T01:09:03.185+0000] {dag.py:3047} INFO - Sync 1 DAGs
[2024-07-26T01:09:03.196+0000] {logging_mixin.py:188} INFO - [2024-07-26T01:09:03.196+0000] {dag.py:3834} INFO - Setting next_dagrun for example_complex to None, run_after=None
[2024-07-26T01:09:03.218+0000] {processor.py:183} INFO - Processing /home/airflow/.local/lib/python3.8/site-packages/airflow/example_dags/example_complex.py took 0.081 seconds
[2024-07-26T01:09:33.295+0000] {processor.py:161} INFO - Started process (PID=793) to work on /home/airflow/.local/lib/python3.8/site-packages/airflow/example_dags/example_complex.py
[2024-07-26T01:09:33.296+0000] {processor.py:830} INFO - Processing file /home/airflow/.local/lib/python3.8/site-packages/airflow/example_dags/example_complex.py for tasks to queue
[2024-07-26T01:09:33.297+0000] {logging_mixin.py:188} INFO - [2024-07-26T01:09:33.297+0000] {dagbag.py:540} INFO - Filling up the DagBag from /home/airflow/.local/lib/python3.8/site-packages/airflow/example_dags/example_complex.py
[2024-07-26T01:09:33.306+0000] {processor.py:840} INFO - DAG(s) 'example_complex' retrieved from /home/airflow/.local/lib/python3.8/site-packages/airflow/example_dags/example_complex.py
[2024-07-26T01:09:33.332+0000] {logging_mixin.py:188} INFO - [2024-07-26T01:09:33.332+0000] {dag.py:3047} INFO - Sync 1 DAGs
[2024-07-26T01:09:33.343+0000] {logging_mixin.py:188} INFO - [2024-07-26T01:09:33.342+0000] {dag.py:3834} INFO - Setting next_dagrun for example_complex to None, run_after=None
[2024-07-26T01:09:33.360+0000] {processor.py:183} INFO - Processing /home/airflow/.local/lib/python3.8/site-packages/airflow/example_dags/example_complex.py took 0.067 seconds
[2024-07-26T01:10:03.576+0000] {processor.py:161} INFO - Started process (PID=849) to work on /home/airflow/.local/lib/python3.8/site-packages/airflow/example_dags/example_complex.py
[2024-07-26T01:10:03.577+0000] {processor.py:830} INFO - Processing file /home/airflow/.local/lib/python3.8/site-packages/airflow/example_dags/example_complex.py for tasks to queue
[2024-07-26T01:10:03.578+0000] {logging_mixin.py:188} INFO - [2024-07-26T01:10:03.578+0000] {dagbag.py:540} INFO - Filling up the DagBag from /home/airflow/.local/lib/python3.8/site-packages/airflow/example_dags/example_complex.py
[2024-07-26T01:10:03.587+0000] {processor.py:840} INFO - DAG(s) 'example_complex' retrieved from /home/airflow/.local/lib/python3.8/site-packages/airflow/example_dags/example_complex.py
[2024-07-26T01:10:03.613+0000] {logging_mixin.py:188} INFO - [2024-07-26T01:10:03.613+0000] {dag.py:3047} INFO - Sync 1 DAGs
[2024-07-26T01:10:03.622+0000] {logging_mixin.py:188} INFO - [2024-07-26T01:10:03.622+0000] {dag.py:3834} INFO - Setting next_dagrun for example_complex to None, run_after=None
[2024-07-26T01:10:03.639+0000] {processor.py:183} INFO - Processing /home/airflow/.local/lib/python3.8/site-packages/airflow/example_dags/example_complex.py took 0.065 seconds
[2024-07-26T01:10:33.807+0000] {processor.py:161} INFO - Started process (PID=906) to work on /home/airflow/.local/lib/python3.8/site-packages/airflow/example_dags/example_complex.py
[2024-07-26T01:10:33.808+0000] {processor.py:830} INFO - Processing file /home/airflow/.local/lib/python3.8/site-packages/airflow/example_dags/example_complex.py for tasks to queue
[2024-07-26T01:10:33.809+0000] {logging_mixin.py:188} INFO - [2024-07-26T01:10:33.809+0000] {dagbag.py:540} INFO - Filling up the DagBag from /home/airflow/.local/lib/python3.8/site-packages/airflow/example_dags/example_complex.py
[2024-07-26T01:10:33.821+0000] {processor.py:840} INFO - DAG(s) 'example_complex' retrieved from /home/airflow/.local/lib/python3.8/site-packages/airflow/example_dags/example_complex.py
[2024-07-26T01:10:33.848+0000] {logging_mixin.py:188} INFO - [2024-07-26T01:10:33.847+0000] {dag.py:3047} INFO - Sync 1 DAGs
[2024-07-26T01:10:33.859+0000] {logging_mixin.py:188} INFO - [2024-07-26T01:10:33.859+0000] {dag.py:3834} INFO - Setting next_dagrun for example_complex to None, run_after=None
[2024-07-26T01:10:33.877+0000] {processor.py:183} INFO - Processing /home/airflow/.local/lib/python3.8/site-packages/airflow/example_dags/example_complex.py took 0.072 seconds
[2024-07-26T01:11:04.255+0000] {processor.py:161} INFO - Started process (PID=962) to work on /home/airflow/.local/lib/python3.8/site-packages/airflow/example_dags/example_complex.py
[2024-07-26T01:11:04.256+0000] {processor.py:830} INFO - Processing file /home/airflow/.local/lib/python3.8/site-packages/airflow/example_dags/example_complex.py for tasks to queue
[2024-07-26T01:11:04.258+0000] {logging_mixin.py:188} INFO - [2024-07-26T01:11:04.257+0000] {dagbag.py:540} INFO - Filling up the DagBag from /home/airflow/.local/lib/python3.8/site-packages/airflow/example_dags/example_complex.py
[2024-07-26T01:11:04.267+0000] {processor.py:840} INFO - DAG(s) 'example_complex' retrieved from /home/airflow/.local/lib/python3.8/site-packages/airflow/example_dags/example_complex.py
[2024-07-26T01:11:04.296+0000] {logging_mixin.py:188} INFO - [2024-07-26T01:11:04.296+0000] {dag.py:3047} INFO - Sync 1 DAGs
[2024-07-26T01:11:04.307+0000] {logging_mixin.py:188} INFO - [2024-07-26T01:11:04.307+0000] {dag.py:3834} INFO - Setting next_dagrun for example_complex to None, run_after=None
[2024-07-26T01:11:04.326+0000] {processor.py:183} INFO - Processing /home/airflow/.local/lib/python3.8/site-packages/airflow/example_dags/example_complex.py took 0.073 seconds
[2024-07-26T01:11:34.379+0000] {processor.py:161} INFO - Started process (PID=1018) to work on /home/airflow/.local/lib/python3.8/site-packages/airflow/example_dags/example_complex.py
[2024-07-26T01:11:34.380+0000] {processor.py:830} INFO - Processing file /home/airflow/.local/lib/python3.8/site-packages/airflow/example_dags/example_complex.py for tasks to queue
[2024-07-26T01:11:34.381+0000] {logging_mixin.py:188} INFO - [2024-07-26T01:11:34.381+0000] {dagbag.py:540} INFO - Filling up the DagBag from /home/airflow/.local/lib/python3.8/site-packages/airflow/example_dags/example_complex.py
[2024-07-26T01:11:34.390+0000] {processor.py:840} INFO - DAG(s) 'example_complex' retrieved from /home/airflow/.local/lib/python3.8/site-packages/airflow/example_dags/example_complex.py
[2024-07-26T01:11:34.420+0000] {logging_mixin.py:188} INFO - [2024-07-26T01:11:34.420+0000] {dag.py:3047} INFO - Sync 1 DAGs
[2024-07-26T01:11:34.430+0000] {logging_mixin.py:188} INFO - [2024-07-26T01:11:34.430+0000] {dag.py:3834} INFO - Setting next_dagrun for example_complex to None, run_after=None
[2024-07-26T01:11:34.448+0000] {processor.py:183} INFO - Processing /home/airflow/.local/lib/python3.8/site-packages/airflow/example_dags/example_complex.py took 0.071 seconds
[2024-07-26T01:12:04.534+0000] {processor.py:161} INFO - Started process (PID=1074) to work on /home/airflow/.local/lib/python3.8/site-packages/airflow/example_dags/example_complex.py
[2024-07-26T01:12:04.535+0000] {processor.py:830} INFO - Processing file /home/airflow/.local/lib/python3.8/site-packages/airflow/example_dags/example_complex.py for tasks to queue
[2024-07-26T01:12:04.536+0000] {logging_mixin.py:188} INFO - [2024-07-26T01:12:04.536+0000] {dagbag.py:540} INFO - Filling up the DagBag from /home/airflow/.local/lib/python3.8/site-packages/airflow/example_dags/example_complex.py
[2024-07-26T01:12:04.545+0000] {processor.py:840} INFO - DAG(s) 'example_complex' retrieved from /home/airflow/.local/lib/python3.8/site-packages/airflow/example_dags/example_complex.py
[2024-07-26T01:12:04.569+0000] {logging_mixin.py:188} INFO - [2024-07-26T01:12:04.569+0000] {dag.py:3047} INFO - Sync 1 DAGs
[2024-07-26T01:12:04.579+0000] {logging_mixin.py:188} INFO - [2024-07-26T01:12:04.579+0000] {dag.py:3834} INFO - Setting next_dagrun for example_complex to None, run_after=None
[2024-07-26T01:12:04.595+0000] {processor.py:183} INFO - Processing /home/airflow/.local/lib/python3.8/site-packages/airflow/example_dags/example_complex.py took 0.064 seconds
[2024-07-26T01:12:34.931+0000] {processor.py:161} INFO - Started process (PID=1130) to work on /home/airflow/.local/lib/python3.8/site-packages/airflow/example_dags/example_complex.py
[2024-07-26T01:12:34.932+0000] {processor.py:830} INFO - Processing file /home/airflow/.local/lib/python3.8/site-packages/airflow/example_dags/example_complex.py for tasks to queue
[2024-07-26T01:12:34.933+0000] {logging_mixin.py:188} INFO - [2024-07-26T01:12:34.933+0000] {dagbag.py:540} INFO - Filling up the DagBag from /home/airflow/.local/lib/python3.8/site-packages/airflow/example_dags/example_complex.py
[2024-07-26T01:12:34.942+0000] {processor.py:840} INFO - DAG(s) 'example_complex' retrieved from /home/airflow/.local/lib/python3.8/site-packages/airflow/example_dags/example_complex.py
[2024-07-26T01:12:34.967+0000] {logging_mixin.py:188} INFO - [2024-07-26T01:12:34.967+0000] {dag.py:3047} INFO - Sync 1 DAGs
[2024-07-26T01:12:34.977+0000] {logging_mixin.py:188} INFO - [2024-07-26T01:12:34.976+0000] {dag.py:3834} INFO - Setting next_dagrun for example_complex to None, run_after=None
[2024-07-26T01:12:34.993+0000] {processor.py:183} INFO - Processing /home/airflow/.local/lib/python3.8/site-packages/airflow/example_dags/example_complex.py took 0.064 seconds
[2024-07-26T01:13:05.097+0000] {processor.py:161} INFO - Started process (PID=1186) to work on /home/airflow/.local/lib/python3.8/site-packages/airflow/example_dags/example_complex.py
[2024-07-26T01:13:05.098+0000] {processor.py:830} INFO - Processing file /home/airflow/.local/lib/python3.8/site-packages/airflow/example_dags/example_complex.py for tasks to queue
[2024-07-26T01:13:05.100+0000] {logging_mixin.py:188} INFO - [2024-07-26T01:13:05.099+0000] {dagbag.py:540} INFO - Filling up the DagBag from /home/airflow/.local/lib/python3.8/site-packages/airflow/example_dags/example_complex.py
[2024-07-26T01:13:05.109+0000] {processor.py:840} INFO - DAG(s) 'example_complex' retrieved from /home/airflow/.local/lib/python3.8/site-packages/airflow/example_dags/example_complex.py
[2024-07-26T01:13:05.134+0000] {logging_mixin.py:188} INFO - [2024-07-26T01:13:05.134+0000] {dag.py:3047} INFO - Sync 1 DAGs
[2024-07-26T01:13:05.143+0000] {logging_mixin.py:188} INFO - [2024-07-26T01:13:05.143+0000] {dag.py:3834} INFO - Setting next_dagrun for example_complex to None, run_after=None
[2024-07-26T01:13:05.159+0000] {processor.py:183} INFO - Processing /home/airflow/.local/lib/python3.8/site-packages/airflow/example_dags/example_complex.py took 0.064 seconds
[2024-07-26T01:13:35.496+0000] {processor.py:161} INFO - Started process (PID=1242) to work on /home/airflow/.local/lib/python3.8/site-packages/airflow/example_dags/example_complex.py
[2024-07-26T01:13:35.496+0000] {processor.py:830} INFO - Processing file /home/airflow/.local/lib/python3.8/site-packages/airflow/example_dags/example_complex.py for tasks to queue
[2024-07-26T01:13:35.497+0000] {logging_mixin.py:188} INFO - [2024-07-26T01:13:35.497+0000] {dagbag.py:540} INFO - Filling up the DagBag from /home/airflow/.local/lib/python3.8/site-packages/airflow/example_dags/example_complex.py
[2024-07-26T01:13:35.506+0000] {processor.py:840} INFO - DAG(s) 'example_complex' retrieved from /home/airflow/.local/lib/python3.8/site-packages/airflow/example_dags/example_complex.py
[2024-07-26T01:13:35.534+0000] {logging_mixin.py:188} INFO - [2024-07-26T01:13:35.534+0000] {dag.py:3047} INFO - Sync 1 DAGs
[2024-07-26T01:13:35.543+0000] {logging_mixin.py:188} INFO - [2024-07-26T01:13:35.543+0000] {dag.py:3834} INFO - Setting next_dagrun for example_complex to None, run_after=None
[2024-07-26T01:13:35.562+0000] {processor.py:183} INFO - Processing /home/airflow/.local/lib/python3.8/site-packages/airflow/example_dags/example_complex.py took 0.069 seconds
[2024-07-26T01:14:05.680+0000] {processor.py:161} INFO - Started process (PID=1298) to work on /home/airflow/.local/lib/python3.8/site-packages/airflow/example_dags/example_complex.py
[2024-07-26T01:14:05.681+0000] {processor.py:830} INFO - Processing file /home/airflow/.local/lib/python3.8/site-packages/airflow/example_dags/example_complex.py for tasks to queue
[2024-07-26T01:14:05.683+0000] {logging_mixin.py:188} INFO - [2024-07-26T01:14:05.682+0000] {dagbag.py:540} INFO - Filling up the DagBag from /home/airflow/.local/lib/python3.8/site-packages/airflow/example_dags/example_complex.py
[2024-07-26T01:14:05.691+0000] {processor.py:840} INFO - DAG(s) 'example_complex' retrieved from /home/airflow/.local/lib/python3.8/site-packages/airflow/example_dags/example_complex.py
[2024-07-26T01:14:05.716+0000] {logging_mixin.py:188} INFO - [2024-07-26T01:14:05.716+0000] {dag.py:3047} INFO - Sync 1 DAGs
[2024-07-26T01:14:05.726+0000] {logging_mixin.py:188} INFO - [2024-07-26T01:14:05.726+0000] {dag.py:3834} INFO - Setting next_dagrun for example_complex to None, run_after=None
[2024-07-26T01:14:05.742+0000] {processor.py:183} INFO - Processing /home/airflow/.local/lib/python3.8/site-packages/airflow/example_dags/example_complex.py took 0.064 seconds
[2024-07-26T01:14:36.089+0000] {processor.py:161} INFO - Started process (PID=1354) to work on /home/airflow/.local/lib/python3.8/site-packages/airflow/example_dags/example_complex.py
[2024-07-26T01:14:36.090+0000] {processor.py:830} INFO - Processing file /home/airflow/.local/lib/python3.8/site-packages/airflow/example_dags/example_complex.py for tasks to queue
[2024-07-26T01:14:36.091+0000] {logging_mixin.py:188} INFO - [2024-07-26T01:14:36.091+0000] {dagbag.py:540} INFO - Filling up the DagBag from /home/airflow/.local/lib/python3.8/site-packages/airflow/example_dags/example_complex.py
[2024-07-26T01:14:36.103+0000] {processor.py:840} INFO - DAG(s) 'example_complex' retrieved from /home/airflow/.local/lib/python3.8/site-packages/airflow/example_dags/example_complex.py
[2024-07-26T01:14:36.138+0000] {logging_mixin.py:188} INFO - [2024-07-26T01:14:36.137+0000] {dag.py:3047} INFO - Sync 1 DAGs
[2024-07-26T01:14:36.150+0000] {logging_mixin.py:188} INFO - [2024-07-26T01:14:36.150+0000] {dag.py:3834} INFO - Setting next_dagrun for example_complex to None, run_after=None
[2024-07-26T01:14:36.175+0000] {processor.py:183} INFO - Processing /home/airflow/.local/lib/python3.8/site-packages/airflow/example_dags/example_complex.py took 0.088 seconds
[2024-07-26T01:15:06.366+0000] {processor.py:161} INFO - Started process (PID=1410) to work on /home/airflow/.local/lib/python3.8/site-packages/airflow/example_dags/example_complex.py
[2024-07-26T01:15:06.366+0000] {processor.py:830} INFO - Processing file /home/airflow/.local/lib/python3.8/site-packages/airflow/example_dags/example_complex.py for tasks to queue
[2024-07-26T01:15:06.368+0000] {logging_mixin.py:188} INFO - [2024-07-26T01:15:06.367+0000] {dagbag.py:540} INFO - Filling up the DagBag from /home/airflow/.local/lib/python3.8/site-packages/airflow/example_dags/example_complex.py
[2024-07-26T01:15:06.377+0000] {processor.py:840} INFO - DAG(s) 'example_complex' retrieved from /home/airflow/.local/lib/python3.8/site-packages/airflow/example_dags/example_complex.py
[2024-07-26T01:15:06.402+0000] {logging_mixin.py:188} INFO - [2024-07-26T01:15:06.401+0000] {dag.py:3047} INFO - Sync 1 DAGs
[2024-07-26T01:15:06.411+0000] {logging_mixin.py:188} INFO - [2024-07-26T01:15:06.411+0000] {dag.py:3834} INFO - Setting next_dagrun for example_complex to None, run_after=None
[2024-07-26T01:15:06.427+0000] {processor.py:183} INFO - Processing /home/airflow/.local/lib/python3.8/site-packages/airflow/example_dags/example_complex.py took 0.064 seconds
[2024-07-26T01:15:36.694+0000] {processor.py:161} INFO - Started process (PID=1466) to work on /home/airflow/.local/lib/python3.8/site-packages/airflow/example_dags/example_complex.py
[2024-07-26T01:15:36.695+0000] {processor.py:830} INFO - Processing file /home/airflow/.local/lib/python3.8/site-packages/airflow/example_dags/example_complex.py for tasks to queue
[2024-07-26T01:15:36.697+0000] {logging_mixin.py:188} INFO - [2024-07-26T01:15:36.696+0000] {dagbag.py:540} INFO - Filling up the DagBag from /home/airflow/.local/lib/python3.8/site-packages/airflow/example_dags/example_complex.py
[2024-07-26T01:15:36.710+0000] {processor.py:840} INFO - DAG(s) 'example_complex' retrieved from /home/airflow/.local/lib/python3.8/site-packages/airflow/example_dags/example_complex.py
[2024-07-26T01:15:36.743+0000] {logging_mixin.py:188} INFO - [2024-07-26T01:15:36.743+0000] {dag.py:3047} INFO - Sync 1 DAGs
[2024-07-26T01:15:36.758+0000] {logging_mixin.py:188} INFO - [2024-07-26T01:15:36.757+0000] {dag.py:3834} INFO - Setting next_dagrun for example_complex to None, run_after=None
[2024-07-26T01:15:36.780+0000] {processor.py:183} INFO - Processing /home/airflow/.local/lib/python3.8/site-packages/airflow/example_dags/example_complex.py took 0.088 seconds
[2024-07-26T01:16:06.957+0000] {processor.py:161} INFO - Started process (PID=1522) to work on /home/airflow/.local/lib/python3.8/site-packages/airflow/example_dags/example_complex.py
[2024-07-26T01:16:06.959+0000] {processor.py:830} INFO - Processing file /home/airflow/.local/lib/python3.8/site-packages/airflow/example_dags/example_complex.py for tasks to queue
[2024-07-26T01:16:06.960+0000] {logging_mixin.py:188} INFO - [2024-07-26T01:16:06.960+0000] {dagbag.py:540} INFO - Filling up the DagBag from /home/airflow/.local/lib/python3.8/site-packages/airflow/example_dags/example_complex.py
[2024-07-26T01:16:06.973+0000] {processor.py:840} INFO - DAG(s) 'example_complex' retrieved from /home/airflow/.local/lib/python3.8/site-packages/airflow/example_dags/example_complex.py
[2024-07-26T01:16:07.011+0000] {logging_mixin.py:188} INFO - [2024-07-26T01:16:07.010+0000] {dag.py:3047} INFO - Sync 1 DAGs
[2024-07-26T01:16:07.025+0000] {logging_mixin.py:188} INFO - [2024-07-26T01:16:07.024+0000] {dag.py:3834} INFO - Setting next_dagrun for example_complex to None, run_after=None
[2024-07-26T01:16:07.046+0000] {processor.py:183} INFO - Processing /home/airflow/.local/lib/python3.8/site-packages/airflow/example_dags/example_complex.py took 0.091 seconds
[2024-07-26T01:16:37.392+0000] {processor.py:161} INFO - Started process (PID=1578) to work on /home/airflow/.local/lib/python3.8/site-packages/airflow/example_dags/example_complex.py
[2024-07-26T01:16:37.393+0000] {processor.py:830} INFO - Processing file /home/airflow/.local/lib/python3.8/site-packages/airflow/example_dags/example_complex.py for tasks to queue
[2024-07-26T01:16:37.395+0000] {logging_mixin.py:188} INFO - [2024-07-26T01:16:37.395+0000] {dagbag.py:540} INFO - Filling up the DagBag from /home/airflow/.local/lib/python3.8/site-packages/airflow/example_dags/example_complex.py
[2024-07-26T01:16:37.409+0000] {processor.py:840} INFO - DAG(s) 'example_complex' retrieved from /home/airflow/.local/lib/python3.8/site-packages/airflow/example_dags/example_complex.py
[2024-07-26T01:16:37.440+0000] {logging_mixin.py:188} INFO - [2024-07-26T01:16:37.439+0000] {dag.py:3047} INFO - Sync 1 DAGs
[2024-07-26T01:16:37.451+0000] {logging_mixin.py:188} INFO - [2024-07-26T01:16:37.451+0000] {dag.py:3834} INFO - Setting next_dagrun for example_complex to None, run_after=None
[2024-07-26T01:16:37.471+0000] {processor.py:183} INFO - Processing /home/airflow/.local/lib/python3.8/site-packages/airflow/example_dags/example_complex.py took 0.082 seconds
[2024-07-26T01:17:07.837+0000] {processor.py:161} INFO - Started process (PID=1634) to work on /home/airflow/.local/lib/python3.8/site-packages/airflow/example_dags/example_complex.py
[2024-07-26T01:17:07.839+0000] {processor.py:830} INFO - Processing file /home/airflow/.local/lib/python3.8/site-packages/airflow/example_dags/example_complex.py for tasks to queue
[2024-07-26T01:17:07.840+0000] {logging_mixin.py:188} INFO - [2024-07-26T01:17:07.840+0000] {dagbag.py:540} INFO - Filling up the DagBag from /home/airflow/.local/lib/python3.8/site-packages/airflow/example_dags/example_complex.py
[2024-07-26T01:17:07.852+0000] {processor.py:840} INFO - DAG(s) 'example_complex' retrieved from /home/airflow/.local/lib/python3.8/site-packages/airflow/example_dags/example_complex.py
[2024-07-26T01:17:07.883+0000] {logging_mixin.py:188} INFO - [2024-07-26T01:17:07.882+0000] {dag.py:3047} INFO - Sync 1 DAGs
[2024-07-26T01:17:07.896+0000] {logging_mixin.py:188} INFO - [2024-07-26T01:17:07.895+0000] {dag.py:3834} INFO - Setting next_dagrun for example_complex to None, run_after=None
[2024-07-26T01:17:07.917+0000] {processor.py:183} INFO - Processing /home/airflow/.local/lib/python3.8/site-packages/airflow/example_dags/example_complex.py took 0.083 seconds
[2024-07-26T01:17:38.211+0000] {processor.py:161} INFO - Started process (PID=1690) to work on /home/airflow/.local/lib/python3.8/site-packages/airflow/example_dags/example_complex.py
[2024-07-26T01:17:38.211+0000] {processor.py:830} INFO - Processing file /home/airflow/.local/lib/python3.8/site-packages/airflow/example_dags/example_complex.py for tasks to queue
[2024-07-26T01:17:38.213+0000] {logging_mixin.py:188} INFO - [2024-07-26T01:17:38.213+0000] {dagbag.py:540} INFO - Filling up the DagBag from /home/airflow/.local/lib/python3.8/site-packages/airflow/example_dags/example_complex.py
[2024-07-26T01:17:38.225+0000] {processor.py:840} INFO - DAG(s) 'example_complex' retrieved from /home/airflow/.local/lib/python3.8/site-packages/airflow/example_dags/example_complex.py
[2024-07-26T01:17:38.256+0000] {logging_mixin.py:188} INFO - [2024-07-26T01:17:38.256+0000] {dag.py:3047} INFO - Sync 1 DAGs
[2024-07-26T01:17:38.268+0000] {logging_mixin.py:188} INFO - [2024-07-26T01:17:38.268+0000] {dag.py:3834} INFO - Setting next_dagrun for example_complex to None, run_after=None
[2024-07-26T01:17:38.288+0000] {processor.py:183} INFO - Processing /home/airflow/.local/lib/python3.8/site-packages/airflow/example_dags/example_complex.py took 0.081 seconds
[2024-07-26T01:18:08.750+0000] {processor.py:161} INFO - Started process (PID=1746) to work on /home/airflow/.local/lib/python3.8/site-packages/airflow/example_dags/example_complex.py
[2024-07-26T01:18:08.751+0000] {processor.py:830} INFO - Processing file /home/airflow/.local/lib/python3.8/site-packages/airflow/example_dags/example_complex.py for tasks to queue
[2024-07-26T01:18:08.753+0000] {logging_mixin.py:188} INFO - [2024-07-26T01:18:08.752+0000] {dagbag.py:540} INFO - Filling up the DagBag from /home/airflow/.local/lib/python3.8/site-packages/airflow/example_dags/example_complex.py
[2024-07-26T01:18:08.766+0000] {processor.py:840} INFO - DAG(s) 'example_complex' retrieved from /home/airflow/.local/lib/python3.8/site-packages/airflow/example_dags/example_complex.py
[2024-07-26T01:18:08.804+0000] {logging_mixin.py:188} INFO - [2024-07-26T01:18:08.803+0000] {dag.py:3047} INFO - Sync 1 DAGs
[2024-07-26T01:18:08.815+0000] {logging_mixin.py:188} INFO - [2024-07-26T01:18:08.815+0000] {dag.py:3834} INFO - Setting next_dagrun for example_complex to None, run_after=None
[2024-07-26T01:18:08.838+0000] {processor.py:183} INFO - Processing /home/airflow/.local/lib/python3.8/site-packages/airflow/example_dags/example_complex.py took 0.091 seconds
[2024-07-26T01:18:39.170+0000] {processor.py:161} INFO - Started process (PID=1802) to work on /home/airflow/.local/lib/python3.8/site-packages/airflow/example_dags/example_complex.py
[2024-07-26T01:18:39.171+0000] {processor.py:830} INFO - Processing file /home/airflow/.local/lib/python3.8/site-packages/airflow/example_dags/example_complex.py for tasks to queue
[2024-07-26T01:18:39.173+0000] {logging_mixin.py:188} INFO - [2024-07-26T01:18:39.173+0000] {dagbag.py:540} INFO - Filling up the DagBag from /home/airflow/.local/lib/python3.8/site-packages/airflow/example_dags/example_complex.py
[2024-07-26T01:18:39.185+0000] {processor.py:840} INFO - DAG(s) 'example_complex' retrieved from /home/airflow/.local/lib/python3.8/site-packages/airflow/example_dags/example_complex.py
[2024-07-26T01:18:39.219+0000] {logging_mixin.py:188} INFO - [2024-07-26T01:18:39.219+0000] {dag.py:3047} INFO - Sync 1 DAGs
[2024-07-26T01:18:39.230+0000] {logging_mixin.py:188} INFO - [2024-07-26T01:18:39.230+0000] {dag.py:3834} INFO - Setting next_dagrun for example_complex to None, run_after=None
[2024-07-26T01:18:39.249+0000] {processor.py:183} INFO - Processing /home/airflow/.local/lib/python3.8/site-packages/airflow/example_dags/example_complex.py took 0.083 seconds
[2024-07-26T01:19:09.287+0000] {processor.py:161} INFO - Started process (PID=1857) to work on /home/airflow/.local/lib/python3.8/site-packages/airflow/example_dags/example_complex.py
[2024-07-26T01:19:09.288+0000] {processor.py:830} INFO - Processing file /home/airflow/.local/lib/python3.8/site-packages/airflow/example_dags/example_complex.py for tasks to queue
[2024-07-26T01:19:09.290+0000] {logging_mixin.py:188} INFO - [2024-07-26T01:19:09.290+0000] {dagbag.py:540} INFO - Filling up the DagBag from /home/airflow/.local/lib/python3.8/site-packages/airflow/example_dags/example_complex.py
[2024-07-26T01:19:09.300+0000] {processor.py:840} INFO - DAG(s) 'example_complex' retrieved from /home/airflow/.local/lib/python3.8/site-packages/airflow/example_dags/example_complex.py
[2024-07-26T01:19:09.325+0000] {logging_mixin.py:188} INFO - [2024-07-26T01:19:09.325+0000] {dag.py:3047} INFO - Sync 1 DAGs
[2024-07-26T01:19:09.335+0000] {logging_mixin.py:188} INFO - [2024-07-26T01:19:09.335+0000] {dag.py:3834} INFO - Setting next_dagrun for example_complex to None, run_after=None
[2024-07-26T01:19:09.351+0000] {processor.py:183} INFO - Processing /home/airflow/.local/lib/python3.8/site-packages/airflow/example_dags/example_complex.py took 0.066 seconds
