[2024-07-26T01:03:00.992+0000] {processor.py:161} INFO - Started process (PID=82) to work on /home/airflow/.local/lib/python3.8/site-packages/airflow/example_dags/example_branch_python_dop_operator_3.py
[2024-07-26T01:03:00.993+0000] {processor.py:830} INFO - Processing file /home/airflow/.local/lib/python3.8/site-packages/airflow/example_dags/example_branch_python_dop_operator_3.py for tasks to queue
[2024-07-26T01:03:00.995+0000] {logging_mixin.py:188} INFO - [2024-07-26T01:03:00.995+0000] {dagbag.py:540} INFO - Filling up the DagBag from /home/airflow/.local/lib/python3.8/site-packages/airflow/example_dags/example_branch_python_dop_operator_3.py
[2024-07-26T01:03:01.011+0000] {processor.py:840} INFO - DAG(s) 'example_branch_dop_operator_v3' retrieved from /home/airflow/.local/lib/python3.8/site-packages/airflow/example_dags/example_branch_python_dop_operator_3.py
[2024-07-26T01:03:01.024+0000] {logging_mixin.py:188} INFO - [2024-07-26T01:03:01.023+0000] {dag.py:3047} INFO - Sync 1 DAGs
[2024-07-26T01:03:01.050+0000] {logging_mixin.py:188} INFO - [2024-07-26T01:03:01.049+0000] {dag.py:3834} INFO - Setting next_dagrun for example_branch_dop_operator_v3 to 2024-07-26 01:02:00+00:00, run_after=2024-07-26 01:03:00+00:00
[2024-07-26T01:03:01.070+0000] {processor.py:183} INFO - Processing /home/airflow/.local/lib/python3.8/site-packages/airflow/example_dags/example_branch_python_dop_operator_3.py took 0.083 seconds
[2024-07-26T01:03:31.971+0000] {processor.py:161} INFO - Started process (PID=143) to work on /home/airflow/.local/lib/python3.8/site-packages/airflow/example_dags/example_branch_python_dop_operator_3.py
[2024-07-26T01:03:31.972+0000] {processor.py:830} INFO - Processing file /home/airflow/.local/lib/python3.8/site-packages/airflow/example_dags/example_branch_python_dop_operator_3.py for tasks to queue
[2024-07-26T01:03:31.974+0000] {logging_mixin.py:188} INFO - [2024-07-26T01:03:31.974+0000] {dagbag.py:540} INFO - Filling up the DagBag from /home/airflow/.local/lib/python3.8/site-packages/airflow/example_dags/example_branch_python_dop_operator_3.py
[2024-07-26T01:03:31.981+0000] {processor.py:840} INFO - DAG(s) 'example_branch_dop_operator_v3' retrieved from /home/airflow/.local/lib/python3.8/site-packages/airflow/example_dags/example_branch_python_dop_operator_3.py
[2024-07-26T01:03:32.067+0000] {logging_mixin.py:188} INFO - [2024-07-26T01:03:32.067+0000] {dag.py:3047} INFO - Sync 1 DAGs
[2024-07-26T01:03:32.089+0000] {logging_mixin.py:188} INFO - [2024-07-26T01:03:32.089+0000] {dag.py:3834} INFO - Setting next_dagrun for example_branch_dop_operator_v3 to 2024-07-26 01:02:00+00:00, run_after=2024-07-26 01:03:00+00:00
[2024-07-26T01:03:32.104+0000] {processor.py:183} INFO - Processing /home/airflow/.local/lib/python3.8/site-packages/airflow/example_dags/example_branch_python_dop_operator_3.py took 0.136 seconds
[2024-07-26T01:04:02.562+0000] {processor.py:161} INFO - Started process (PID=199) to work on /home/airflow/.local/lib/python3.8/site-packages/airflow/example_dags/example_branch_python_dop_operator_3.py
[2024-07-26T01:04:02.563+0000] {processor.py:830} INFO - Processing file /home/airflow/.local/lib/python3.8/site-packages/airflow/example_dags/example_branch_python_dop_operator_3.py for tasks to queue
[2024-07-26T01:04:02.564+0000] {logging_mixin.py:188} INFO - [2024-07-26T01:04:02.564+0000] {dagbag.py:540} INFO - Filling up the DagBag from /home/airflow/.local/lib/python3.8/site-packages/airflow/example_dags/example_branch_python_dop_operator_3.py
[2024-07-26T01:04:02.573+0000] {processor.py:840} INFO - DAG(s) 'example_branch_dop_operator_v3' retrieved from /home/airflow/.local/lib/python3.8/site-packages/airflow/example_dags/example_branch_python_dop_operator_3.py
[2024-07-26T01:04:02.594+0000] {logging_mixin.py:188} INFO - [2024-07-26T01:04:02.594+0000] {dag.py:3047} INFO - Sync 1 DAGs
[2024-07-26T01:04:02.617+0000] {logging_mixin.py:188} INFO - [2024-07-26T01:04:02.617+0000] {dag.py:3834} INFO - Setting next_dagrun for example_branch_dop_operator_v3 to 2024-07-26 01:03:00+00:00, run_after=2024-07-26 01:04:00+00:00
[2024-07-26T01:04:02.638+0000] {processor.py:183} INFO - Processing /home/airflow/.local/lib/python3.8/site-packages/airflow/example_dags/example_branch_python_dop_operator_3.py took 0.078 seconds
[2024-07-26T01:04:32.748+0000] {processor.py:161} INFO - Started process (PID=255) to work on /home/airflow/.local/lib/python3.8/site-packages/airflow/example_dags/example_branch_python_dop_operator_3.py
[2024-07-26T01:04:32.749+0000] {processor.py:830} INFO - Processing file /home/airflow/.local/lib/python3.8/site-packages/airflow/example_dags/example_branch_python_dop_operator_3.py for tasks to queue
[2024-07-26T01:04:32.750+0000] {logging_mixin.py:188} INFO - [2024-07-26T01:04:32.750+0000] {dagbag.py:540} INFO - Filling up the DagBag from /home/airflow/.local/lib/python3.8/site-packages/airflow/example_dags/example_branch_python_dop_operator_3.py
[2024-07-26T01:04:32.758+0000] {processor.py:840} INFO - DAG(s) 'example_branch_dop_operator_v3' retrieved from /home/airflow/.local/lib/python3.8/site-packages/airflow/example_dags/example_branch_python_dop_operator_3.py
[2024-07-26T01:04:32.776+0000] {logging_mixin.py:188} INFO - [2024-07-26T01:04:32.775+0000] {dag.py:3047} INFO - Sync 1 DAGs
[2024-07-26T01:04:32.801+0000] {logging_mixin.py:188} INFO - [2024-07-26T01:04:32.801+0000] {dag.py:3834} INFO - Setting next_dagrun for example_branch_dop_operator_v3 to 2024-07-26 01:03:00+00:00, run_after=2024-07-26 01:04:00+00:00
[2024-07-26T01:04:32.820+0000] {processor.py:183} INFO - Processing /home/airflow/.local/lib/python3.8/site-packages/airflow/example_dags/example_branch_python_dop_operator_3.py took 0.074 seconds
[2024-07-26T01:05:03.072+0000] {processor.py:161} INFO - Started process (PID=311) to work on /home/airflow/.local/lib/python3.8/site-packages/airflow/example_dags/example_branch_python_dop_operator_3.py
[2024-07-26T01:05:03.073+0000] {processor.py:830} INFO - Processing file /home/airflow/.local/lib/python3.8/site-packages/airflow/example_dags/example_branch_python_dop_operator_3.py for tasks to queue
[2024-07-26T01:05:03.075+0000] {logging_mixin.py:188} INFO - [2024-07-26T01:05:03.074+0000] {dagbag.py:540} INFO - Filling up the DagBag from /home/airflow/.local/lib/python3.8/site-packages/airflow/example_dags/example_branch_python_dop_operator_3.py
[2024-07-26T01:05:03.082+0000] {processor.py:840} INFO - DAG(s) 'example_branch_dop_operator_v3' retrieved from /home/airflow/.local/lib/python3.8/site-packages/airflow/example_dags/example_branch_python_dop_operator_3.py
[2024-07-26T01:05:03.100+0000] {logging_mixin.py:188} INFO - [2024-07-26T01:05:03.099+0000] {dag.py:3047} INFO - Sync 1 DAGs
[2024-07-26T01:05:03.123+0000] {logging_mixin.py:188} INFO - [2024-07-26T01:05:03.123+0000] {dag.py:3834} INFO - Setting next_dagrun for example_branch_dop_operator_v3 to 2024-07-26 01:04:00+00:00, run_after=2024-07-26 01:05:00+00:00
[2024-07-26T01:05:03.142+0000] {processor.py:183} INFO - Processing /home/airflow/.local/lib/python3.8/site-packages/airflow/example_dags/example_branch_python_dop_operator_3.py took 0.073 seconds
[2024-07-26T01:05:33.400+0000] {processor.py:161} INFO - Started process (PID=367) to work on /home/airflow/.local/lib/python3.8/site-packages/airflow/example_dags/example_branch_python_dop_operator_3.py
[2024-07-26T01:05:33.401+0000] {processor.py:830} INFO - Processing file /home/airflow/.local/lib/python3.8/site-packages/airflow/example_dags/example_branch_python_dop_operator_3.py for tasks to queue
[2024-07-26T01:05:33.402+0000] {logging_mixin.py:188} INFO - [2024-07-26T01:05:33.402+0000] {dagbag.py:540} INFO - Filling up the DagBag from /home/airflow/.local/lib/python3.8/site-packages/airflow/example_dags/example_branch_python_dop_operator_3.py
[2024-07-26T01:05:33.409+0000] {processor.py:840} INFO - DAG(s) 'example_branch_dop_operator_v3' retrieved from /home/airflow/.local/lib/python3.8/site-packages/airflow/example_dags/example_branch_python_dop_operator_3.py
[2024-07-26T01:05:33.425+0000] {logging_mixin.py:188} INFO - [2024-07-26T01:05:33.425+0000] {dag.py:3047} INFO - Sync 1 DAGs
[2024-07-26T01:05:33.449+0000] {logging_mixin.py:188} INFO - [2024-07-26T01:05:33.449+0000] {dag.py:3834} INFO - Setting next_dagrun for example_branch_dop_operator_v3 to 2024-07-26 01:04:00+00:00, run_after=2024-07-26 01:05:00+00:00
[2024-07-26T01:05:33.470+0000] {processor.py:183} INFO - Processing /home/airflow/.local/lib/python3.8/site-packages/airflow/example_dags/example_branch_python_dop_operator_3.py took 0.073 seconds
[2024-07-26T01:06:03.568+0000] {processor.py:161} INFO - Started process (PID=423) to work on /home/airflow/.local/lib/python3.8/site-packages/airflow/example_dags/example_branch_python_dop_operator_3.py
[2024-07-26T01:06:03.569+0000] {processor.py:830} INFO - Processing file /home/airflow/.local/lib/python3.8/site-packages/airflow/example_dags/example_branch_python_dop_operator_3.py for tasks to queue
[2024-07-26T01:06:03.570+0000] {logging_mixin.py:188} INFO - [2024-07-26T01:06:03.570+0000] {dagbag.py:540} INFO - Filling up the DagBag from /home/airflow/.local/lib/python3.8/site-packages/airflow/example_dags/example_branch_python_dop_operator_3.py
[2024-07-26T01:06:03.577+0000] {processor.py:840} INFO - DAG(s) 'example_branch_dop_operator_v3' retrieved from /home/airflow/.local/lib/python3.8/site-packages/airflow/example_dags/example_branch_python_dop_operator_3.py
[2024-07-26T01:06:03.593+0000] {logging_mixin.py:188} INFO - [2024-07-26T01:06:03.593+0000] {dag.py:3047} INFO - Sync 1 DAGs
[2024-07-26T01:06:03.615+0000] {logging_mixin.py:188} INFO - [2024-07-26T01:06:03.615+0000] {dag.py:3834} INFO - Setting next_dagrun for example_branch_dop_operator_v3 to 2024-07-26 01:05:00+00:00, run_after=2024-07-26 01:06:00+00:00
[2024-07-26T01:06:03.633+0000] {processor.py:183} INFO - Processing /home/airflow/.local/lib/python3.8/site-packages/airflow/example_dags/example_branch_python_dop_operator_3.py took 0.067 seconds
[2024-07-26T01:06:33.765+0000] {processor.py:161} INFO - Started process (PID=479) to work on /home/airflow/.local/lib/python3.8/site-packages/airflow/example_dags/example_branch_python_dop_operator_3.py
[2024-07-26T01:06:33.765+0000] {processor.py:830} INFO - Processing file /home/airflow/.local/lib/python3.8/site-packages/airflow/example_dags/example_branch_python_dop_operator_3.py for tasks to queue
[2024-07-26T01:06:33.766+0000] {logging_mixin.py:188} INFO - [2024-07-26T01:06:33.766+0000] {dagbag.py:540} INFO - Filling up the DagBag from /home/airflow/.local/lib/python3.8/site-packages/airflow/example_dags/example_branch_python_dop_operator_3.py
[2024-07-26T01:06:33.773+0000] {processor.py:840} INFO - DAG(s) 'example_branch_dop_operator_v3' retrieved from /home/airflow/.local/lib/python3.8/site-packages/airflow/example_dags/example_branch_python_dop_operator_3.py
[2024-07-26T01:06:33.788+0000] {logging_mixin.py:188} INFO - [2024-07-26T01:06:33.788+0000] {dag.py:3047} INFO - Sync 1 DAGs
[2024-07-26T01:06:33.810+0000] {logging_mixin.py:188} INFO - [2024-07-26T01:06:33.810+0000] {dag.py:3834} INFO - Setting next_dagrun for example_branch_dop_operator_v3 to 2024-07-26 01:05:00+00:00, run_after=2024-07-26 01:06:00+00:00
[2024-07-26T01:06:33.831+0000] {processor.py:183} INFO - Processing /home/airflow/.local/lib/python3.8/site-packages/airflow/example_dags/example_branch_python_dop_operator_3.py took 0.069 seconds
[2024-07-26T01:07:03.895+0000] {processor.py:161} INFO - Started process (PID=535) to work on /home/airflow/.local/lib/python3.8/site-packages/airflow/example_dags/example_branch_python_dop_operator_3.py
[2024-07-26T01:07:03.896+0000] {processor.py:830} INFO - Processing file /home/airflow/.local/lib/python3.8/site-packages/airflow/example_dags/example_branch_python_dop_operator_3.py for tasks to queue
[2024-07-26T01:07:03.897+0000] {logging_mixin.py:188} INFO - [2024-07-26T01:07:03.897+0000] {dagbag.py:540} INFO - Filling up the DagBag from /home/airflow/.local/lib/python3.8/site-packages/airflow/example_dags/example_branch_python_dop_operator_3.py
[2024-07-26T01:07:03.903+0000] {processor.py:840} INFO - DAG(s) 'example_branch_dop_operator_v3' retrieved from /home/airflow/.local/lib/python3.8/site-packages/airflow/example_dags/example_branch_python_dop_operator_3.py
[2024-07-26T01:07:03.918+0000] {logging_mixin.py:188} INFO - [2024-07-26T01:07:03.918+0000] {dag.py:3047} INFO - Sync 1 DAGs
[2024-07-26T01:07:03.938+0000] {logging_mixin.py:188} INFO - [2024-07-26T01:07:03.938+0000] {dag.py:3834} INFO - Setting next_dagrun for example_branch_dop_operator_v3 to 2024-07-26 01:06:00+00:00, run_after=2024-07-26 01:07:00+00:00
[2024-07-26T01:07:03.953+0000] {processor.py:183} INFO - Processing /home/airflow/.local/lib/python3.8/site-packages/airflow/example_dags/example_branch_python_dop_operator_3.py took 0.060 seconds
[2024-07-26T01:07:34.463+0000] {processor.py:161} INFO - Started process (PID=591) to work on /home/airflow/.local/lib/python3.8/site-packages/airflow/example_dags/example_branch_python_dop_operator_3.py
[2024-07-26T01:07:34.464+0000] {processor.py:830} INFO - Processing file /home/airflow/.local/lib/python3.8/site-packages/airflow/example_dags/example_branch_python_dop_operator_3.py for tasks to queue
[2024-07-26T01:07:34.465+0000] {logging_mixin.py:188} INFO - [2024-07-26T01:07:34.465+0000] {dagbag.py:540} INFO - Filling up the DagBag from /home/airflow/.local/lib/python3.8/site-packages/airflow/example_dags/example_branch_python_dop_operator_3.py
[2024-07-26T01:07:34.473+0000] {processor.py:840} INFO - DAG(s) 'example_branch_dop_operator_v3' retrieved from /home/airflow/.local/lib/python3.8/site-packages/airflow/example_dags/example_branch_python_dop_operator_3.py
[2024-07-26T01:07:34.491+0000] {logging_mixin.py:188} INFO - [2024-07-26T01:07:34.490+0000] {dag.py:3047} INFO - Sync 1 DAGs
[2024-07-26T01:07:34.521+0000] {logging_mixin.py:188} INFO - [2024-07-26T01:07:34.520+0000] {dag.py:3834} INFO - Setting next_dagrun for example_branch_dop_operator_v3 to 2024-07-26 01:06:00+00:00, run_after=2024-07-26 01:07:00+00:00
[2024-07-26T01:07:34.543+0000] {processor.py:183} INFO - Processing /home/airflow/.local/lib/python3.8/site-packages/airflow/example_dags/example_branch_python_dop_operator_3.py took 0.083 seconds
[2024-07-26T01:08:04.611+0000] {processor.py:161} INFO - Started process (PID=647) to work on /home/airflow/.local/lib/python3.8/site-packages/airflow/example_dags/example_branch_python_dop_operator_3.py
[2024-07-26T01:08:04.613+0000] {processor.py:830} INFO - Processing file /home/airflow/.local/lib/python3.8/site-packages/airflow/example_dags/example_branch_python_dop_operator_3.py for tasks to queue
[2024-07-26T01:08:04.615+0000] {logging_mixin.py:188} INFO - [2024-07-26T01:08:04.614+0000] {dagbag.py:540} INFO - Filling up the DagBag from /home/airflow/.local/lib/python3.8/site-packages/airflow/example_dags/example_branch_python_dop_operator_3.py
[2024-07-26T01:08:04.623+0000] {processor.py:840} INFO - DAG(s) 'example_branch_dop_operator_v3' retrieved from /home/airflow/.local/lib/python3.8/site-packages/airflow/example_dags/example_branch_python_dop_operator_3.py
[2024-07-26T01:08:04.642+0000] {logging_mixin.py:188} INFO - [2024-07-26T01:08:04.641+0000] {dag.py:3047} INFO - Sync 1 DAGs
[2024-07-26T01:08:04.668+0000] {logging_mixin.py:188} INFO - [2024-07-26T01:08:04.668+0000] {dag.py:3834} INFO - Setting next_dagrun for example_branch_dop_operator_v3 to 2024-07-26 01:07:00+00:00, run_after=2024-07-26 01:08:00+00:00
[2024-07-26T01:08:04.686+0000] {processor.py:183} INFO - Processing /home/airflow/.local/lib/python3.8/site-packages/airflow/example_dags/example_branch_python_dop_operator_3.py took 0.080 seconds
[2024-07-26T01:08:34.845+0000] {processor.py:161} INFO - Started process (PID=703) to work on /home/airflow/.local/lib/python3.8/site-packages/airflow/example_dags/example_branch_python_dop_operator_3.py
[2024-07-26T01:08:34.846+0000] {processor.py:830} INFO - Processing file /home/airflow/.local/lib/python3.8/site-packages/airflow/example_dags/example_branch_python_dop_operator_3.py for tasks to queue
[2024-07-26T01:08:34.847+0000] {logging_mixin.py:188} INFO - [2024-07-26T01:08:34.847+0000] {dagbag.py:540} INFO - Filling up the DagBag from /home/airflow/.local/lib/python3.8/site-packages/airflow/example_dags/example_branch_python_dop_operator_3.py
[2024-07-26T01:08:34.853+0000] {processor.py:840} INFO - DAG(s) 'example_branch_dop_operator_v3' retrieved from /home/airflow/.local/lib/python3.8/site-packages/airflow/example_dags/example_branch_python_dop_operator_3.py
[2024-07-26T01:08:34.869+0000] {logging_mixin.py:188} INFO - [2024-07-26T01:08:34.868+0000] {dag.py:3047} INFO - Sync 1 DAGs
[2024-07-26T01:08:34.889+0000] {logging_mixin.py:188} INFO - [2024-07-26T01:08:34.889+0000] {dag.py:3834} INFO - Setting next_dagrun for example_branch_dop_operator_v3 to 2024-07-26 01:07:00+00:00, run_after=2024-07-26 01:08:00+00:00
[2024-07-26T01:08:34.904+0000] {processor.py:183} INFO - Processing /home/airflow/.local/lib/python3.8/site-packages/airflow/example_dags/example_branch_python_dop_operator_3.py took 0.061 seconds
[2024-07-26T01:09:05.110+0000] {processor.py:161} INFO - Started process (PID=759) to work on /home/airflow/.local/lib/python3.8/site-packages/airflow/example_dags/example_branch_python_dop_operator_3.py
[2024-07-26T01:09:05.111+0000] {processor.py:830} INFO - Processing file /home/airflow/.local/lib/python3.8/site-packages/airflow/example_dags/example_branch_python_dop_operator_3.py for tasks to queue
[2024-07-26T01:09:05.113+0000] {logging_mixin.py:188} INFO - [2024-07-26T01:09:05.113+0000] {dagbag.py:540} INFO - Filling up the DagBag from /home/airflow/.local/lib/python3.8/site-packages/airflow/example_dags/example_branch_python_dop_operator_3.py
[2024-07-26T01:09:05.120+0000] {processor.py:840} INFO - DAG(s) 'example_branch_dop_operator_v3' retrieved from /home/airflow/.local/lib/python3.8/site-packages/airflow/example_dags/example_branch_python_dop_operator_3.py
[2024-07-26T01:09:05.138+0000] {logging_mixin.py:188} INFO - [2024-07-26T01:09:05.137+0000] {dag.py:3047} INFO - Sync 1 DAGs
[2024-07-26T01:09:05.161+0000] {logging_mixin.py:188} INFO - [2024-07-26T01:09:05.160+0000] {dag.py:3834} INFO - Setting next_dagrun for example_branch_dop_operator_v3 to 2024-07-26 01:08:00+00:00, run_after=2024-07-26 01:09:00+00:00
[2024-07-26T01:09:05.182+0000] {processor.py:183} INFO - Processing /home/airflow/.local/lib/python3.8/site-packages/airflow/example_dags/example_branch_python_dop_operator_3.py took 0.074 seconds
[2024-07-26T01:09:35.425+0000] {processor.py:161} INFO - Started process (PID=815) to work on /home/airflow/.local/lib/python3.8/site-packages/airflow/example_dags/example_branch_python_dop_operator_3.py
[2024-07-26T01:09:35.425+0000] {processor.py:830} INFO - Processing file /home/airflow/.local/lib/python3.8/site-packages/airflow/example_dags/example_branch_python_dop_operator_3.py for tasks to queue
[2024-07-26T01:09:35.427+0000] {logging_mixin.py:188} INFO - [2024-07-26T01:09:35.427+0000] {dagbag.py:540} INFO - Filling up the DagBag from /home/airflow/.local/lib/python3.8/site-packages/airflow/example_dags/example_branch_python_dop_operator_3.py
[2024-07-26T01:09:35.434+0000] {processor.py:840} INFO - DAG(s) 'example_branch_dop_operator_v3' retrieved from /home/airflow/.local/lib/python3.8/site-packages/airflow/example_dags/example_branch_python_dop_operator_3.py
[2024-07-26T01:09:35.451+0000] {logging_mixin.py:188} INFO - [2024-07-26T01:09:35.450+0000] {dag.py:3047} INFO - Sync 1 DAGs
[2024-07-26T01:09:35.476+0000] {logging_mixin.py:188} INFO - [2024-07-26T01:09:35.476+0000] {dag.py:3834} INFO - Setting next_dagrun for example_branch_dop_operator_v3 to 2024-07-26 01:08:00+00:00, run_after=2024-07-26 01:09:00+00:00
[2024-07-26T01:09:35.493+0000] {processor.py:183} INFO - Processing /home/airflow/.local/lib/python3.8/site-packages/airflow/example_dags/example_branch_python_dop_operator_3.py took 0.071 seconds
[2024-07-26T01:10:05.563+0000] {processor.py:161} INFO - Started process (PID=871) to work on /home/airflow/.local/lib/python3.8/site-packages/airflow/example_dags/example_branch_python_dop_operator_3.py
[2024-07-26T01:10:05.564+0000] {processor.py:830} INFO - Processing file /home/airflow/.local/lib/python3.8/site-packages/airflow/example_dags/example_branch_python_dop_operator_3.py for tasks to queue
[2024-07-26T01:10:05.565+0000] {logging_mixin.py:188} INFO - [2024-07-26T01:10:05.565+0000] {dagbag.py:540} INFO - Filling up the DagBag from /home/airflow/.local/lib/python3.8/site-packages/airflow/example_dags/example_branch_python_dop_operator_3.py
[2024-07-26T01:10:05.571+0000] {processor.py:840} INFO - DAG(s) 'example_branch_dop_operator_v3' retrieved from /home/airflow/.local/lib/python3.8/site-packages/airflow/example_dags/example_branch_python_dop_operator_3.py
[2024-07-26T01:10:05.586+0000] {logging_mixin.py:188} INFO - [2024-07-26T01:10:05.586+0000] {dag.py:3047} INFO - Sync 1 DAGs
[2024-07-26T01:10:05.606+0000] {logging_mixin.py:188} INFO - [2024-07-26T01:10:05.606+0000] {dag.py:3834} INFO - Setting next_dagrun for example_branch_dop_operator_v3 to 2024-07-26 01:09:00+00:00, run_after=2024-07-26 01:10:00+00:00
[2024-07-26T01:10:05.620+0000] {processor.py:183} INFO - Processing /home/airflow/.local/lib/python3.8/site-packages/airflow/example_dags/example_branch_python_dop_operator_3.py took 0.060 seconds
[2024-07-26T01:10:35.750+0000] {processor.py:161} INFO - Started process (PID=928) to work on /home/airflow/.local/lib/python3.8/site-packages/airflow/example_dags/example_branch_python_dop_operator_3.py
[2024-07-26T01:10:35.751+0000] {processor.py:830} INFO - Processing file /home/airflow/.local/lib/python3.8/site-packages/airflow/example_dags/example_branch_python_dop_operator_3.py for tasks to queue
[2024-07-26T01:10:35.752+0000] {logging_mixin.py:188} INFO - [2024-07-26T01:10:35.752+0000] {dagbag.py:540} INFO - Filling up the DagBag from /home/airflow/.local/lib/python3.8/site-packages/airflow/example_dags/example_branch_python_dop_operator_3.py
[2024-07-26T01:10:35.758+0000] {processor.py:840} INFO - DAG(s) 'example_branch_dop_operator_v3' retrieved from /home/airflow/.local/lib/python3.8/site-packages/airflow/example_dags/example_branch_python_dop_operator_3.py
[2024-07-26T01:10:35.774+0000] {logging_mixin.py:188} INFO - [2024-07-26T01:10:35.774+0000] {dag.py:3047} INFO - Sync 1 DAGs
[2024-07-26T01:10:35.794+0000] {logging_mixin.py:188} INFO - [2024-07-26T01:10:35.793+0000] {dag.py:3834} INFO - Setting next_dagrun for example_branch_dop_operator_v3 to 2024-07-26 01:09:00+00:00, run_after=2024-07-26 01:10:00+00:00
[2024-07-26T01:10:35.809+0000] {processor.py:183} INFO - Processing /home/airflow/.local/lib/python3.8/site-packages/airflow/example_dags/example_branch_python_dop_operator_3.py took 0.061 seconds
[2024-07-26T01:11:06.177+0000] {processor.py:161} INFO - Started process (PID=984) to work on /home/airflow/.local/lib/python3.8/site-packages/airflow/example_dags/example_branch_python_dop_operator_3.py
[2024-07-26T01:11:06.178+0000] {processor.py:830} INFO - Processing file /home/airflow/.local/lib/python3.8/site-packages/airflow/example_dags/example_branch_python_dop_operator_3.py for tasks to queue
[2024-07-26T01:11:06.179+0000] {logging_mixin.py:188} INFO - [2024-07-26T01:11:06.179+0000] {dagbag.py:540} INFO - Filling up the DagBag from /home/airflow/.local/lib/python3.8/site-packages/airflow/example_dags/example_branch_python_dop_operator_3.py
[2024-07-26T01:11:06.186+0000] {processor.py:840} INFO - DAG(s) 'example_branch_dop_operator_v3' retrieved from /home/airflow/.local/lib/python3.8/site-packages/airflow/example_dags/example_branch_python_dop_operator_3.py
[2024-07-26T01:11:06.202+0000] {logging_mixin.py:188} INFO - [2024-07-26T01:11:06.202+0000] {dag.py:3047} INFO - Sync 1 DAGs
[2024-07-26T01:11:06.224+0000] {logging_mixin.py:188} INFO - [2024-07-26T01:11:06.224+0000] {dag.py:3834} INFO - Setting next_dagrun for example_branch_dop_operator_v3 to 2024-07-26 01:10:00+00:00, run_after=2024-07-26 01:11:00+00:00
[2024-07-26T01:11:06.241+0000] {processor.py:183} INFO - Processing /home/airflow/.local/lib/python3.8/site-packages/airflow/example_dags/example_branch_python_dop_operator_3.py took 0.067 seconds
[2024-07-26T01:11:36.386+0000] {processor.py:161} INFO - Started process (PID=1040) to work on /home/airflow/.local/lib/python3.8/site-packages/airflow/example_dags/example_branch_python_dop_operator_3.py
[2024-07-26T01:11:36.387+0000] {processor.py:830} INFO - Processing file /home/airflow/.local/lib/python3.8/site-packages/airflow/example_dags/example_branch_python_dop_operator_3.py for tasks to queue
[2024-07-26T01:11:36.388+0000] {logging_mixin.py:188} INFO - [2024-07-26T01:11:36.388+0000] {dagbag.py:540} INFO - Filling up the DagBag from /home/airflow/.local/lib/python3.8/site-packages/airflow/example_dags/example_branch_python_dop_operator_3.py
[2024-07-26T01:11:36.395+0000] {processor.py:840} INFO - DAG(s) 'example_branch_dop_operator_v3' retrieved from /home/airflow/.local/lib/python3.8/site-packages/airflow/example_dags/example_branch_python_dop_operator_3.py
[2024-07-26T01:11:36.411+0000] {logging_mixin.py:188} INFO - [2024-07-26T01:11:36.411+0000] {dag.py:3047} INFO - Sync 1 DAGs
[2024-07-26T01:11:36.434+0000] {logging_mixin.py:188} INFO - [2024-07-26T01:11:36.434+0000] {dag.py:3834} INFO - Setting next_dagrun for example_branch_dop_operator_v3 to 2024-07-26 01:10:00+00:00, run_after=2024-07-26 01:11:00+00:00
[2024-07-26T01:11:36.450+0000] {processor.py:183} INFO - Processing /home/airflow/.local/lib/python3.8/site-packages/airflow/example_dags/example_branch_python_dop_operator_3.py took 0.066 seconds
[2024-07-26T01:12:06.762+0000] {processor.py:161} INFO - Started process (PID=1096) to work on /home/airflow/.local/lib/python3.8/site-packages/airflow/example_dags/example_branch_python_dop_operator_3.py
[2024-07-26T01:12:06.763+0000] {processor.py:830} INFO - Processing file /home/airflow/.local/lib/python3.8/site-packages/airflow/example_dags/example_branch_python_dop_operator_3.py for tasks to queue
[2024-07-26T01:12:06.764+0000] {logging_mixin.py:188} INFO - [2024-07-26T01:12:06.764+0000] {dagbag.py:540} INFO - Filling up the DagBag from /home/airflow/.local/lib/python3.8/site-packages/airflow/example_dags/example_branch_python_dop_operator_3.py
[2024-07-26T01:12:06.772+0000] {processor.py:840} INFO - DAG(s) 'example_branch_dop_operator_v3' retrieved from /home/airflow/.local/lib/python3.8/site-packages/airflow/example_dags/example_branch_python_dop_operator_3.py
[2024-07-26T01:12:06.790+0000] {logging_mixin.py:188} INFO - [2024-07-26T01:12:06.789+0000] {dag.py:3047} INFO - Sync 1 DAGs
[2024-07-26T01:12:06.816+0000] {logging_mixin.py:188} INFO - [2024-07-26T01:12:06.815+0000] {dag.py:3834} INFO - Setting next_dagrun for example_branch_dop_operator_v3 to 2024-07-26 01:11:00+00:00, run_after=2024-07-26 01:12:00+00:00
[2024-07-26T01:12:06.834+0000] {processor.py:183} INFO - Processing /home/airflow/.local/lib/python3.8/site-packages/airflow/example_dags/example_branch_python_dop_operator_3.py took 0.074 seconds
[2024-07-26T01:12:36.927+0000] {processor.py:161} INFO - Started process (PID=1152) to work on /home/airflow/.local/lib/python3.8/site-packages/airflow/example_dags/example_branch_python_dop_operator_3.py
[2024-07-26T01:12:36.928+0000] {processor.py:830} INFO - Processing file /home/airflow/.local/lib/python3.8/site-packages/airflow/example_dags/example_branch_python_dop_operator_3.py for tasks to queue
[2024-07-26T01:12:36.929+0000] {logging_mixin.py:188} INFO - [2024-07-26T01:12:36.928+0000] {dagbag.py:540} INFO - Filling up the DagBag from /home/airflow/.local/lib/python3.8/site-packages/airflow/example_dags/example_branch_python_dop_operator_3.py
[2024-07-26T01:12:36.935+0000] {processor.py:840} INFO - DAG(s) 'example_branch_dop_operator_v3' retrieved from /home/airflow/.local/lib/python3.8/site-packages/airflow/example_dags/example_branch_python_dop_operator_3.py
[2024-07-26T01:12:36.950+0000] {logging_mixin.py:188} INFO - [2024-07-26T01:12:36.950+0000] {dag.py:3047} INFO - Sync 1 DAGs
[2024-07-26T01:12:36.970+0000] {logging_mixin.py:188} INFO - [2024-07-26T01:12:36.969+0000] {dag.py:3834} INFO - Setting next_dagrun for example_branch_dop_operator_v3 to 2024-07-26 01:11:00+00:00, run_after=2024-07-26 01:12:00+00:00
[2024-07-26T01:12:36.984+0000] {processor.py:183} INFO - Processing /home/airflow/.local/lib/python3.8/site-packages/airflow/example_dags/example_branch_python_dop_operator_3.py took 0.059 seconds
[2024-07-26T01:13:08.003+0000] {processor.py:161} INFO - Started process (PID=1208) to work on /home/airflow/.local/lib/python3.8/site-packages/airflow/example_dags/example_branch_python_dop_operator_3.py
[2024-07-26T01:13:08.004+0000] {processor.py:830} INFO - Processing file /home/airflow/.local/lib/python3.8/site-packages/airflow/example_dags/example_branch_python_dop_operator_3.py for tasks to queue
[2024-07-26T01:13:08.005+0000] {logging_mixin.py:188} INFO - [2024-07-26T01:13:08.005+0000] {dagbag.py:540} INFO - Filling up the DagBag from /home/airflow/.local/lib/python3.8/site-packages/airflow/example_dags/example_branch_python_dop_operator_3.py
[2024-07-26T01:13:08.013+0000] {processor.py:840} INFO - DAG(s) 'example_branch_dop_operator_v3' retrieved from /home/airflow/.local/lib/python3.8/site-packages/airflow/example_dags/example_branch_python_dop_operator_3.py
[2024-07-26T01:13:08.029+0000] {logging_mixin.py:188} INFO - [2024-07-26T01:13:08.028+0000] {dag.py:3047} INFO - Sync 1 DAGs
[2024-07-26T01:13:08.052+0000] {logging_mixin.py:188} INFO - [2024-07-26T01:13:08.052+0000] {dag.py:3834} INFO - Setting next_dagrun for example_branch_dop_operator_v3 to 2024-07-26 01:12:00+00:00, run_after=2024-07-26 01:13:00+00:00
[2024-07-26T01:13:08.069+0000] {processor.py:183} INFO - Processing /home/airflow/.local/lib/python3.8/site-packages/airflow/example_dags/example_branch_python_dop_operator_3.py took 0.069 seconds
[2024-07-26T01:13:38.451+0000] {processor.py:161} INFO - Started process (PID=1264) to work on /home/airflow/.local/lib/python3.8/site-packages/airflow/example_dags/example_branch_python_dop_operator_3.py
[2024-07-26T01:13:38.452+0000] {processor.py:830} INFO - Processing file /home/airflow/.local/lib/python3.8/site-packages/airflow/example_dags/example_branch_python_dop_operator_3.py for tasks to queue
[2024-07-26T01:13:38.453+0000] {logging_mixin.py:188} INFO - [2024-07-26T01:13:38.453+0000] {dagbag.py:540} INFO - Filling up the DagBag from /home/airflow/.local/lib/python3.8/site-packages/airflow/example_dags/example_branch_python_dop_operator_3.py
[2024-07-26T01:13:38.460+0000] {processor.py:840} INFO - DAG(s) 'example_branch_dop_operator_v3' retrieved from /home/airflow/.local/lib/python3.8/site-packages/airflow/example_dags/example_branch_python_dop_operator_3.py
[2024-07-26T01:13:38.476+0000] {logging_mixin.py:188} INFO - [2024-07-26T01:13:38.476+0000] {dag.py:3047} INFO - Sync 1 DAGs
[2024-07-26T01:13:38.498+0000] {logging_mixin.py:188} INFO - [2024-07-26T01:13:38.498+0000] {dag.py:3834} INFO - Setting next_dagrun for example_branch_dop_operator_v3 to 2024-07-26 01:12:00+00:00, run_after=2024-07-26 01:13:00+00:00
[2024-07-26T01:13:38.515+0000] {processor.py:183} INFO - Processing /home/airflow/.local/lib/python3.8/site-packages/airflow/example_dags/example_branch_python_dop_operator_3.py took 0.066 seconds
[2024-07-26T01:14:08.589+0000] {processor.py:161} INFO - Started process (PID=1320) to work on /home/airflow/.local/lib/python3.8/site-packages/airflow/example_dags/example_branch_python_dop_operator_3.py
[2024-07-26T01:14:08.590+0000] {processor.py:830} INFO - Processing file /home/airflow/.local/lib/python3.8/site-packages/airflow/example_dags/example_branch_python_dop_operator_3.py for tasks to queue
[2024-07-26T01:14:08.591+0000] {logging_mixin.py:188} INFO - [2024-07-26T01:14:08.591+0000] {dagbag.py:540} INFO - Filling up the DagBag from /home/airflow/.local/lib/python3.8/site-packages/airflow/example_dags/example_branch_python_dop_operator_3.py
[2024-07-26T01:14:08.598+0000] {processor.py:840} INFO - DAG(s) 'example_branch_dop_operator_v3' retrieved from /home/airflow/.local/lib/python3.8/site-packages/airflow/example_dags/example_branch_python_dop_operator_3.py
[2024-07-26T01:14:08.616+0000] {logging_mixin.py:188} INFO - [2024-07-26T01:14:08.616+0000] {dag.py:3047} INFO - Sync 1 DAGs
[2024-07-26T01:14:08.639+0000] {logging_mixin.py:188} INFO - [2024-07-26T01:14:08.639+0000] {dag.py:3834} INFO - Setting next_dagrun for example_branch_dop_operator_v3 to 2024-07-26 01:13:00+00:00, run_after=2024-07-26 01:14:00+00:00
[2024-07-26T01:14:08.656+0000] {processor.py:183} INFO - Processing /home/airflow/.local/lib/python3.8/site-packages/airflow/example_dags/example_branch_python_dop_operator_3.py took 0.070 seconds
[2024-07-26T01:14:39.271+0000] {processor.py:161} INFO - Started process (PID=1376) to work on /home/airflow/.local/lib/python3.8/site-packages/airflow/example_dags/example_branch_python_dop_operator_3.py
[2024-07-26T01:14:39.272+0000] {processor.py:830} INFO - Processing file /home/airflow/.local/lib/python3.8/site-packages/airflow/example_dags/example_branch_python_dop_operator_3.py for tasks to queue
[2024-07-26T01:14:39.273+0000] {logging_mixin.py:188} INFO - [2024-07-26T01:14:39.273+0000] {dagbag.py:540} INFO - Filling up the DagBag from /home/airflow/.local/lib/python3.8/site-packages/airflow/example_dags/example_branch_python_dop_operator_3.py
[2024-07-26T01:14:39.281+0000] {processor.py:840} INFO - DAG(s) 'example_branch_dop_operator_v3' retrieved from /home/airflow/.local/lib/python3.8/site-packages/airflow/example_dags/example_branch_python_dop_operator_3.py
[2024-07-26T01:14:39.303+0000] {logging_mixin.py:188} INFO - [2024-07-26T01:14:39.302+0000] {dag.py:3047} INFO - Sync 1 DAGs
[2024-07-26T01:14:39.330+0000] {logging_mixin.py:188} INFO - [2024-07-26T01:14:39.330+0000] {dag.py:3834} INFO - Setting next_dagrun for example_branch_dop_operator_v3 to 2024-07-26 01:13:00+00:00, run_after=2024-07-26 01:14:00+00:00
[2024-07-26T01:14:39.351+0000] {processor.py:183} INFO - Processing /home/airflow/.local/lib/python3.8/site-packages/airflow/example_dags/example_branch_python_dop_operator_3.py took 0.082 seconds
[2024-07-26T01:15:10.289+0000] {processor.py:161} INFO - Started process (PID=1432) to work on /home/airflow/.local/lib/python3.8/site-packages/airflow/example_dags/example_branch_python_dop_operator_3.py
[2024-07-26T01:15:10.290+0000] {processor.py:830} INFO - Processing file /home/airflow/.local/lib/python3.8/site-packages/airflow/example_dags/example_branch_python_dop_operator_3.py for tasks to queue
[2024-07-26T01:15:10.291+0000] {logging_mixin.py:188} INFO - [2024-07-26T01:15:10.291+0000] {dagbag.py:540} INFO - Filling up the DagBag from /home/airflow/.local/lib/python3.8/site-packages/airflow/example_dags/example_branch_python_dop_operator_3.py
[2024-07-26T01:15:10.298+0000] {processor.py:840} INFO - DAG(s) 'example_branch_dop_operator_v3' retrieved from /home/airflow/.local/lib/python3.8/site-packages/airflow/example_dags/example_branch_python_dop_operator_3.py
[2024-07-26T01:15:10.313+0000] {logging_mixin.py:188} INFO - [2024-07-26T01:15:10.312+0000] {dag.py:3047} INFO - Sync 1 DAGs
[2024-07-26T01:15:10.333+0000] {logging_mixin.py:188} INFO - [2024-07-26T01:15:10.333+0000] {dag.py:3834} INFO - Setting next_dagrun for example_branch_dop_operator_v3 to 2024-07-26 01:14:00+00:00, run_after=2024-07-26 01:15:00+00:00
[2024-07-26T01:15:10.349+0000] {processor.py:183} INFO - Processing /home/airflow/.local/lib/python3.8/site-packages/airflow/example_dags/example_branch_python_dop_operator_3.py took 0.062 seconds
[2024-07-26T01:15:40.722+0000] {processor.py:161} INFO - Started process (PID=1488) to work on /home/airflow/.local/lib/python3.8/site-packages/airflow/example_dags/example_branch_python_dop_operator_3.py
[2024-07-26T01:15:40.723+0000] {processor.py:830} INFO - Processing file /home/airflow/.local/lib/python3.8/site-packages/airflow/example_dags/example_branch_python_dop_operator_3.py for tasks to queue
[2024-07-26T01:15:40.724+0000] {logging_mixin.py:188} INFO - [2024-07-26T01:15:40.724+0000] {dagbag.py:540} INFO - Filling up the DagBag from /home/airflow/.local/lib/python3.8/site-packages/airflow/example_dags/example_branch_python_dop_operator_3.py
[2024-07-26T01:15:40.733+0000] {processor.py:840} INFO - DAG(s) 'example_branch_dop_operator_v3' retrieved from /home/airflow/.local/lib/python3.8/site-packages/airflow/example_dags/example_branch_python_dop_operator_3.py
[2024-07-26T01:15:40.751+0000] {logging_mixin.py:188} INFO - [2024-07-26T01:15:40.751+0000] {dag.py:3047} INFO - Sync 1 DAGs
[2024-07-26T01:15:40.773+0000] {logging_mixin.py:188} INFO - [2024-07-26T01:15:40.773+0000] {dag.py:3834} INFO - Setting next_dagrun for example_branch_dop_operator_v3 to 2024-07-26 01:14:00+00:00, run_after=2024-07-26 01:15:00+00:00
[2024-07-26T01:15:40.792+0000] {processor.py:183} INFO - Processing /home/airflow/.local/lib/python3.8/site-packages/airflow/example_dags/example_branch_python_dop_operator_3.py took 0.074 seconds
[2024-07-26T01:16:11.098+0000] {processor.py:161} INFO - Started process (PID=1544) to work on /home/airflow/.local/lib/python3.8/site-packages/airflow/example_dags/example_branch_python_dop_operator_3.py
[2024-07-26T01:16:11.099+0000] {processor.py:830} INFO - Processing file /home/airflow/.local/lib/python3.8/site-packages/airflow/example_dags/example_branch_python_dop_operator_3.py for tasks to queue
[2024-07-26T01:16:11.102+0000] {logging_mixin.py:188} INFO - [2024-07-26T01:16:11.101+0000] {dagbag.py:540} INFO - Filling up the DagBag from /home/airflow/.local/lib/python3.8/site-packages/airflow/example_dags/example_branch_python_dop_operator_3.py
[2024-07-26T01:16:11.109+0000] {processor.py:840} INFO - DAG(s) 'example_branch_dop_operator_v3' retrieved from /home/airflow/.local/lib/python3.8/site-packages/airflow/example_dags/example_branch_python_dop_operator_3.py
[2024-07-26T01:16:11.131+0000] {logging_mixin.py:188} INFO - [2024-07-26T01:16:11.130+0000] {dag.py:3047} INFO - Sync 1 DAGs
[2024-07-26T01:16:11.157+0000] {logging_mixin.py:188} INFO - [2024-07-26T01:16:11.157+0000] {dag.py:3834} INFO - Setting next_dagrun for example_branch_dop_operator_v3 to 2024-07-26 01:15:00+00:00, run_after=2024-07-26 01:16:00+00:00
[2024-07-26T01:16:11.178+0000] {processor.py:183} INFO - Processing /home/airflow/.local/lib/python3.8/site-packages/airflow/example_dags/example_branch_python_dop_operator_3.py took 0.083 seconds
[2024-07-26T01:16:41.443+0000] {processor.py:161} INFO - Started process (PID=1600) to work on /home/airflow/.local/lib/python3.8/site-packages/airflow/example_dags/example_branch_python_dop_operator_3.py
[2024-07-26T01:16:41.443+0000] {processor.py:830} INFO - Processing file /home/airflow/.local/lib/python3.8/site-packages/airflow/example_dags/example_branch_python_dop_operator_3.py for tasks to queue
[2024-07-26T01:16:41.444+0000] {logging_mixin.py:188} INFO - [2024-07-26T01:16:41.444+0000] {dagbag.py:540} INFO - Filling up the DagBag from /home/airflow/.local/lib/python3.8/site-packages/airflow/example_dags/example_branch_python_dop_operator_3.py
[2024-07-26T01:16:41.452+0000] {processor.py:840} INFO - DAG(s) 'example_branch_dop_operator_v3' retrieved from /home/airflow/.local/lib/python3.8/site-packages/airflow/example_dags/example_branch_python_dop_operator_3.py
[2024-07-26T01:16:41.471+0000] {logging_mixin.py:188} INFO - [2024-07-26T01:16:41.470+0000] {dag.py:3047} INFO - Sync 1 DAGs
[2024-07-26T01:16:41.494+0000] {logging_mixin.py:188} INFO - [2024-07-26T01:16:41.494+0000] {dag.py:3834} INFO - Setting next_dagrun for example_branch_dop_operator_v3 to 2024-07-26 01:15:00+00:00, run_after=2024-07-26 01:16:00+00:00
[2024-07-26T01:16:41.514+0000] {processor.py:183} INFO - Processing /home/airflow/.local/lib/python3.8/site-packages/airflow/example_dags/example_branch_python_dop_operator_3.py took 0.074 seconds
[2024-07-26T01:17:11.888+0000] {processor.py:161} INFO - Started process (PID=1656) to work on /home/airflow/.local/lib/python3.8/site-packages/airflow/example_dags/example_branch_python_dop_operator_3.py
[2024-07-26T01:17:11.889+0000] {processor.py:830} INFO - Processing file /home/airflow/.local/lib/python3.8/site-packages/airflow/example_dags/example_branch_python_dop_operator_3.py for tasks to queue
[2024-07-26T01:17:11.890+0000] {logging_mixin.py:188} INFO - [2024-07-26T01:17:11.890+0000] {dagbag.py:540} INFO - Filling up the DagBag from /home/airflow/.local/lib/python3.8/site-packages/airflow/example_dags/example_branch_python_dop_operator_3.py
[2024-07-26T01:17:11.899+0000] {processor.py:840} INFO - DAG(s) 'example_branch_dop_operator_v3' retrieved from /home/airflow/.local/lib/python3.8/site-packages/airflow/example_dags/example_branch_python_dop_operator_3.py
[2024-07-26T01:17:11.919+0000] {logging_mixin.py:188} INFO - [2024-07-26T01:17:11.919+0000] {dag.py:3047} INFO - Sync 1 DAGs
[2024-07-26T01:17:11.942+0000] {logging_mixin.py:188} INFO - [2024-07-26T01:17:11.942+0000] {dag.py:3834} INFO - Setting next_dagrun for example_branch_dop_operator_v3 to 2024-07-26 01:16:00+00:00, run_after=2024-07-26 01:17:00+00:00
[2024-07-26T01:17:11.963+0000] {processor.py:183} INFO - Processing /home/airflow/.local/lib/python3.8/site-packages/airflow/example_dags/example_branch_python_dop_operator_3.py took 0.079 seconds
[2024-07-26T01:17:42.386+0000] {processor.py:161} INFO - Started process (PID=1712) to work on /home/airflow/.local/lib/python3.8/site-packages/airflow/example_dags/example_branch_python_dop_operator_3.py
[2024-07-26T01:17:42.387+0000] {processor.py:830} INFO - Processing file /home/airflow/.local/lib/python3.8/site-packages/airflow/example_dags/example_branch_python_dop_operator_3.py for tasks to queue
[2024-07-26T01:17:42.389+0000] {logging_mixin.py:188} INFO - [2024-07-26T01:17:42.389+0000] {dagbag.py:540} INFO - Filling up the DagBag from /home/airflow/.local/lib/python3.8/site-packages/airflow/example_dags/example_branch_python_dop_operator_3.py
[2024-07-26T01:17:42.398+0000] {processor.py:840} INFO - DAG(s) 'example_branch_dop_operator_v3' retrieved from /home/airflow/.local/lib/python3.8/site-packages/airflow/example_dags/example_branch_python_dop_operator_3.py
[2024-07-26T01:17:42.417+0000] {logging_mixin.py:188} INFO - [2024-07-26T01:17:42.417+0000] {dag.py:3047} INFO - Sync 1 DAGs
[2024-07-26T01:17:42.450+0000] {logging_mixin.py:188} INFO - [2024-07-26T01:17:42.450+0000] {dag.py:3834} INFO - Setting next_dagrun for example_branch_dop_operator_v3 to 2024-07-26 01:16:00+00:00, run_after=2024-07-26 01:17:00+00:00
[2024-07-26T01:17:42.471+0000] {processor.py:183} INFO - Processing /home/airflow/.local/lib/python3.8/site-packages/airflow/example_dags/example_branch_python_dop_operator_3.py took 0.087 seconds
[2024-07-26T01:18:12.935+0000] {processor.py:161} INFO - Started process (PID=1768) to work on /home/airflow/.local/lib/python3.8/site-packages/airflow/example_dags/example_branch_python_dop_operator_3.py
[2024-07-26T01:18:12.936+0000] {processor.py:830} INFO - Processing file /home/airflow/.local/lib/python3.8/site-packages/airflow/example_dags/example_branch_python_dop_operator_3.py for tasks to queue
[2024-07-26T01:18:12.938+0000] {logging_mixin.py:188} INFO - [2024-07-26T01:18:12.938+0000] {dagbag.py:540} INFO - Filling up the DagBag from /home/airflow/.local/lib/python3.8/site-packages/airflow/example_dags/example_branch_python_dop_operator_3.py
[2024-07-26T01:18:12.948+0000] {processor.py:840} INFO - DAG(s) 'example_branch_dop_operator_v3' retrieved from /home/airflow/.local/lib/python3.8/site-packages/airflow/example_dags/example_branch_python_dop_operator_3.py
[2024-07-26T01:18:12.969+0000] {logging_mixin.py:188} INFO - [2024-07-26T01:18:12.968+0000] {dag.py:3047} INFO - Sync 1 DAGs
[2024-07-26T01:18:12.997+0000] {logging_mixin.py:188} INFO - [2024-07-26T01:18:12.997+0000] {dag.py:3834} INFO - Setting next_dagrun for example_branch_dop_operator_v3 to 2024-07-26 01:17:00+00:00, run_after=2024-07-26 01:18:00+00:00
[2024-07-26T01:18:13.020+0000] {processor.py:183} INFO - Processing /home/airflow/.local/lib/python3.8/site-packages/airflow/example_dags/example_branch_python_dop_operator_3.py took 0.088 seconds
[2024-07-26T01:18:43.115+0000] {processor.py:161} INFO - Started process (PID=1824) to work on /home/airflow/.local/lib/python3.8/site-packages/airflow/example_dags/example_branch_python_dop_operator_3.py
[2024-07-26T01:18:43.116+0000] {processor.py:830} INFO - Processing file /home/airflow/.local/lib/python3.8/site-packages/airflow/example_dags/example_branch_python_dop_operator_3.py for tasks to queue
[2024-07-26T01:18:43.117+0000] {logging_mixin.py:188} INFO - [2024-07-26T01:18:43.117+0000] {dagbag.py:540} INFO - Filling up the DagBag from /home/airflow/.local/lib/python3.8/site-packages/airflow/example_dags/example_branch_python_dop_operator_3.py
[2024-07-26T01:18:43.124+0000] {processor.py:840} INFO - DAG(s) 'example_branch_dop_operator_v3' retrieved from /home/airflow/.local/lib/python3.8/site-packages/airflow/example_dags/example_branch_python_dop_operator_3.py
[2024-07-26T01:18:43.140+0000] {logging_mixin.py:188} INFO - [2024-07-26T01:18:43.140+0000] {dag.py:3047} INFO - Sync 1 DAGs
[2024-07-26T01:18:43.162+0000] {logging_mixin.py:188} INFO - [2024-07-26T01:18:43.162+0000] {dag.py:3834} INFO - Setting next_dagrun for example_branch_dop_operator_v3 to 2024-07-26 01:17:00+00:00, run_after=2024-07-26 01:18:00+00:00
[2024-07-26T01:18:43.178+0000] {processor.py:183} INFO - Processing /home/airflow/.local/lib/python3.8/site-packages/airflow/example_dags/example_branch_python_dop_operator_3.py took 0.065 seconds
[2024-07-26T02:06:21.330+0000] {processor.py:161} INFO - Started process (PID=78) to work on /home/airflow/.local/lib/python3.8/site-packages/airflow/example_dags/example_branch_python_dop_operator_3.py
[2024-07-26T02:06:21.331+0000] {processor.py:830} INFO - Processing file /home/airflow/.local/lib/python3.8/site-packages/airflow/example_dags/example_branch_python_dop_operator_3.py for tasks to queue
[2024-07-26T02:06:21.333+0000] {logging_mixin.py:188} INFO - [2024-07-26T02:06:21.332+0000] {dagbag.py:540} INFO - Filling up the DagBag from /home/airflow/.local/lib/python3.8/site-packages/airflow/example_dags/example_branch_python_dop_operator_3.py
[2024-07-26T02:06:21.342+0000] {processor.py:840} INFO - DAG(s) 'example_branch_dop_operator_v3' retrieved from /home/airflow/.local/lib/python3.8/site-packages/airflow/example_dags/example_branch_python_dop_operator_3.py
[2024-07-26T02:06:21.354+0000] {logging_mixin.py:188} INFO - [2024-07-26T02:06:21.353+0000] {dag.py:3047} INFO - Sync 1 DAGs
[2024-07-26T02:06:21.393+0000] {logging_mixin.py:188} INFO - [2024-07-26T02:06:21.393+0000] {dag.py:3834} INFO - Setting next_dagrun for example_branch_dop_operator_v3 to 2024-07-26 02:05:00+00:00, run_after=2024-07-26 02:06:00+00:00
[2024-07-26T02:06:21.417+0000] {processor.py:183} INFO - Processing /home/airflow/.local/lib/python3.8/site-packages/airflow/example_dags/example_branch_python_dop_operator_3.py took 0.090 seconds
[2024-07-26T02:06:52.462+0000] {processor.py:161} INFO - Started process (PID=134) to work on /home/airflow/.local/lib/python3.8/site-packages/airflow/example_dags/example_branch_python_dop_operator_3.py
[2024-07-26T02:06:52.463+0000] {processor.py:830} INFO - Processing file /home/airflow/.local/lib/python3.8/site-packages/airflow/example_dags/example_branch_python_dop_operator_3.py for tasks to queue
[2024-07-26T02:06:52.464+0000] {logging_mixin.py:188} INFO - [2024-07-26T02:06:52.464+0000] {dagbag.py:540} INFO - Filling up the DagBag from /home/airflow/.local/lib/python3.8/site-packages/airflow/example_dags/example_branch_python_dop_operator_3.py
[2024-07-26T02:06:52.471+0000] {processor.py:840} INFO - DAG(s) 'example_branch_dop_operator_v3' retrieved from /home/airflow/.local/lib/python3.8/site-packages/airflow/example_dags/example_branch_python_dop_operator_3.py
[2024-07-26T02:06:52.562+0000] {logging_mixin.py:188} INFO - [2024-07-26T02:06:52.562+0000] {dag.py:3047} INFO - Sync 1 DAGs
[2024-07-26T02:06:52.582+0000] {logging_mixin.py:188} INFO - [2024-07-26T02:06:52.581+0000] {dag.py:3834} INFO - Setting next_dagrun for example_branch_dop_operator_v3 to 2024-07-26 02:05:00+00:00, run_after=2024-07-26 02:06:00+00:00
[2024-07-26T02:06:52.599+0000] {processor.py:183} INFO - Processing /home/airflow/.local/lib/python3.8/site-packages/airflow/example_dags/example_branch_python_dop_operator_3.py took 0.140 seconds
[2024-07-26T02:07:23.085+0000] {processor.py:161} INFO - Started process (PID=198) to work on /home/airflow/.local/lib/python3.8/site-packages/airflow/example_dags/example_branch_python_dop_operator_3.py
[2024-07-26T02:07:23.085+0000] {processor.py:830} INFO - Processing file /home/airflow/.local/lib/python3.8/site-packages/airflow/example_dags/example_branch_python_dop_operator_3.py for tasks to queue
[2024-07-26T02:07:23.087+0000] {logging_mixin.py:188} INFO - [2024-07-26T02:07:23.086+0000] {dagbag.py:540} INFO - Filling up the DagBag from /home/airflow/.local/lib/python3.8/site-packages/airflow/example_dags/example_branch_python_dop_operator_3.py
[2024-07-26T02:07:23.093+0000] {processor.py:840} INFO - DAG(s) 'example_branch_dop_operator_v3' retrieved from /home/airflow/.local/lib/python3.8/site-packages/airflow/example_dags/example_branch_python_dop_operator_3.py
[2024-07-26T02:07:23.109+0000] {logging_mixin.py:188} INFO - [2024-07-26T02:07:23.108+0000] {dag.py:3047} INFO - Sync 1 DAGs
[2024-07-26T02:07:23.129+0000] {logging_mixin.py:188} INFO - [2024-07-26T02:07:23.129+0000] {dag.py:3834} INFO - Setting next_dagrun for example_branch_dop_operator_v3 to 2024-07-26 02:06:00+00:00, run_after=2024-07-26 02:07:00+00:00
[2024-07-26T02:07:23.144+0000] {processor.py:183} INFO - Processing /home/airflow/.local/lib/python3.8/site-packages/airflow/example_dags/example_branch_python_dop_operator_3.py took 0.062 seconds
