[2024-07-26T01:03:00.468+0000] {processor.py:161} INFO - Started process (PID=70) to work on /home/airflow/.local/lib/python3.8/site-packages/airflow/example_dags/example_short_circuit_decorator.py
[2024-07-26T01:03:00.469+0000] {processor.py:830} INFO - Processing file /home/airflow/.local/lib/python3.8/site-packages/airflow/example_dags/example_short_circuit_decorator.py for tasks to queue
[2024-07-26T01:03:00.470+0000] {logging_mixin.py:188} INFO - [2024-07-26T01:03:00.470+0000] {dagbag.py:540} INFO - Filling up the DagBag from /home/airflow/.local/lib/python3.8/site-packages/airflow/example_dags/example_short_circuit_decorator.py
[2024-07-26T01:03:00.483+0000] {processor.py:840} INFO - DAG(s) 'example_short_circuit_decorator' retrieved from /home/airflow/.local/lib/python3.8/site-packages/airflow/example_dags/example_short_circuit_decorator.py
[2024-07-26T01:03:00.496+0000] {logging_mixin.py:188} INFO - [2024-07-26T01:03:00.495+0000] {dag.py:3047} INFO - Sync 1 DAGs
[2024-07-26T01:03:00.520+0000] {logging_mixin.py:188} INFO - [2024-07-26T01:03:00.520+0000] {dag.py:3834} INFO - Setting next_dagrun for example_short_circuit_decorator to 2024-07-25 00:00:00+00:00, run_after=2024-07-26 00:00:00+00:00
[2024-07-26T01:03:00.540+0000] {processor.py:183} INFO - Processing /home/airflow/.local/lib/python3.8/site-packages/airflow/example_dags/example_short_circuit_decorator.py took 0.075 seconds
[2024-07-26T01:03:31.162+0000] {processor.py:161} INFO - Started process (PID=131) to work on /home/airflow/.local/lib/python3.8/site-packages/airflow/example_dags/example_short_circuit_decorator.py
[2024-07-26T01:03:31.163+0000] {processor.py:830} INFO - Processing file /home/airflow/.local/lib/python3.8/site-packages/airflow/example_dags/example_short_circuit_decorator.py for tasks to queue
[2024-07-26T01:03:31.164+0000] {logging_mixin.py:188} INFO - [2024-07-26T01:03:31.164+0000] {dagbag.py:540} INFO - Filling up the DagBag from /home/airflow/.local/lib/python3.8/site-packages/airflow/example_dags/example_short_circuit_decorator.py
[2024-07-26T01:03:31.171+0000] {processor.py:840} INFO - DAG(s) 'example_short_circuit_decorator' retrieved from /home/airflow/.local/lib/python3.8/site-packages/airflow/example_dags/example_short_circuit_decorator.py
[2024-07-26T01:03:31.250+0000] {logging_mixin.py:188} INFO - [2024-07-26T01:03:31.250+0000] {dag.py:3047} INFO - Sync 1 DAGs
[2024-07-26T01:03:31.265+0000] {logging_mixin.py:188} INFO - [2024-07-26T01:03:31.265+0000] {dag.py:3834} INFO - Setting next_dagrun for example_short_circuit_decorator to 2024-07-25 00:00:00+00:00, run_after=2024-07-26 00:00:00+00:00
[2024-07-26T01:03:31.280+0000] {processor.py:183} INFO - Processing /home/airflow/.local/lib/python3.8/site-packages/airflow/example_dags/example_short_circuit_decorator.py took 0.120 seconds
[2024-07-26T01:04:02.074+0000] {processor.py:161} INFO - Started process (PID=187) to work on /home/airflow/.local/lib/python3.8/site-packages/airflow/example_dags/example_short_circuit_decorator.py
[2024-07-26T01:04:02.075+0000] {processor.py:830} INFO - Processing file /home/airflow/.local/lib/python3.8/site-packages/airflow/example_dags/example_short_circuit_decorator.py for tasks to queue
[2024-07-26T01:04:02.076+0000] {logging_mixin.py:188} INFO - [2024-07-26T01:04:02.076+0000] {dagbag.py:540} INFO - Filling up the DagBag from /home/airflow/.local/lib/python3.8/site-packages/airflow/example_dags/example_short_circuit_decorator.py
[2024-07-26T01:04:02.083+0000] {processor.py:840} INFO - DAG(s) 'example_short_circuit_decorator' retrieved from /home/airflow/.local/lib/python3.8/site-packages/airflow/example_dags/example_short_circuit_decorator.py
[2024-07-26T01:04:02.100+0000] {logging_mixin.py:188} INFO - [2024-07-26T01:04:02.100+0000] {dag.py:3047} INFO - Sync 1 DAGs
[2024-07-26T01:04:02.118+0000] {logging_mixin.py:188} INFO - [2024-07-26T01:04:02.118+0000] {dag.py:3834} INFO - Setting next_dagrun for example_short_circuit_decorator to 2024-07-25 00:00:00+00:00, run_after=2024-07-26 00:00:00+00:00
[2024-07-26T01:04:02.132+0000] {processor.py:183} INFO - Processing /home/airflow/.local/lib/python3.8/site-packages/airflow/example_dags/example_short_circuit_decorator.py took 0.060 seconds
[2024-07-26T01:04:32.258+0000] {processor.py:161} INFO - Started process (PID=243) to work on /home/airflow/.local/lib/python3.8/site-packages/airflow/example_dags/example_short_circuit_decorator.py
[2024-07-26T01:04:32.258+0000] {processor.py:830} INFO - Processing file /home/airflow/.local/lib/python3.8/site-packages/airflow/example_dags/example_short_circuit_decorator.py for tasks to queue
[2024-07-26T01:04:32.260+0000] {logging_mixin.py:188} INFO - [2024-07-26T01:04:32.260+0000] {dagbag.py:540} INFO - Filling up the DagBag from /home/airflow/.local/lib/python3.8/site-packages/airflow/example_dags/example_short_circuit_decorator.py
[2024-07-26T01:04:32.269+0000] {processor.py:840} INFO - DAG(s) 'example_short_circuit_decorator' retrieved from /home/airflow/.local/lib/python3.8/site-packages/airflow/example_dags/example_short_circuit_decorator.py
[2024-07-26T01:04:32.288+0000] {logging_mixin.py:188} INFO - [2024-07-26T01:04:32.288+0000] {dag.py:3047} INFO - Sync 1 DAGs
[2024-07-26T01:04:32.309+0000] {logging_mixin.py:188} INFO - [2024-07-26T01:04:32.309+0000] {dag.py:3834} INFO - Setting next_dagrun for example_short_circuit_decorator to 2024-07-25 00:00:00+00:00, run_after=2024-07-26 00:00:00+00:00
[2024-07-26T01:04:32.326+0000] {processor.py:183} INFO - Processing /home/airflow/.local/lib/python3.8/site-packages/airflow/example_dags/example_short_circuit_decorator.py took 0.071 seconds
[2024-07-26T01:05:02.634+0000] {processor.py:161} INFO - Started process (PID=299) to work on /home/airflow/.local/lib/python3.8/site-packages/airflow/example_dags/example_short_circuit_decorator.py
[2024-07-26T01:05:02.635+0000] {processor.py:830} INFO - Processing file /home/airflow/.local/lib/python3.8/site-packages/airflow/example_dags/example_short_circuit_decorator.py for tasks to queue
[2024-07-26T01:05:02.636+0000] {logging_mixin.py:188} INFO - [2024-07-26T01:05:02.636+0000] {dagbag.py:540} INFO - Filling up the DagBag from /home/airflow/.local/lib/python3.8/site-packages/airflow/example_dags/example_short_circuit_decorator.py
[2024-07-26T01:05:02.643+0000] {processor.py:840} INFO - DAG(s) 'example_short_circuit_decorator' retrieved from /home/airflow/.local/lib/python3.8/site-packages/airflow/example_dags/example_short_circuit_decorator.py
[2024-07-26T01:05:02.661+0000] {logging_mixin.py:188} INFO - [2024-07-26T01:05:02.661+0000] {dag.py:3047} INFO - Sync 1 DAGs
[2024-07-26T01:05:02.678+0000] {logging_mixin.py:188} INFO - [2024-07-26T01:05:02.678+0000] {dag.py:3834} INFO - Setting next_dagrun for example_short_circuit_decorator to 2024-07-25 00:00:00+00:00, run_after=2024-07-26 00:00:00+00:00
[2024-07-26T01:05:02.692+0000] {processor.py:183} INFO - Processing /home/airflow/.local/lib/python3.8/site-packages/airflow/example_dags/example_short_circuit_decorator.py took 0.060 seconds
[2024-07-26T01:05:32.961+0000] {processor.py:161} INFO - Started process (PID=355) to work on /home/airflow/.local/lib/python3.8/site-packages/airflow/example_dags/example_short_circuit_decorator.py
[2024-07-26T01:05:32.962+0000] {processor.py:830} INFO - Processing file /home/airflow/.local/lib/python3.8/site-packages/airflow/example_dags/example_short_circuit_decorator.py for tasks to queue
[2024-07-26T01:05:32.963+0000] {logging_mixin.py:188} INFO - [2024-07-26T01:05:32.963+0000] {dagbag.py:540} INFO - Filling up the DagBag from /home/airflow/.local/lib/python3.8/site-packages/airflow/example_dags/example_short_circuit_decorator.py
[2024-07-26T01:05:32.970+0000] {processor.py:840} INFO - DAG(s) 'example_short_circuit_decorator' retrieved from /home/airflow/.local/lib/python3.8/site-packages/airflow/example_dags/example_short_circuit_decorator.py
[2024-07-26T01:05:32.987+0000] {logging_mixin.py:188} INFO - [2024-07-26T01:05:32.987+0000] {dag.py:3047} INFO - Sync 1 DAGs
[2024-07-26T01:05:33.004+0000] {logging_mixin.py:188} INFO - [2024-07-26T01:05:33.004+0000] {dag.py:3834} INFO - Setting next_dagrun for example_short_circuit_decorator to 2024-07-25 00:00:00+00:00, run_after=2024-07-26 00:00:00+00:00
[2024-07-26T01:05:33.018+0000] {processor.py:183} INFO - Processing /home/airflow/.local/lib/python3.8/site-packages/airflow/example_dags/example_short_circuit_decorator.py took 0.060 seconds
[2024-07-26T01:06:03.135+0000] {processor.py:161} INFO - Started process (PID=411) to work on /home/airflow/.local/lib/python3.8/site-packages/airflow/example_dags/example_short_circuit_decorator.py
[2024-07-26T01:06:03.136+0000] {processor.py:830} INFO - Processing file /home/airflow/.local/lib/python3.8/site-packages/airflow/example_dags/example_short_circuit_decorator.py for tasks to queue
[2024-07-26T01:06:03.138+0000] {logging_mixin.py:188} INFO - [2024-07-26T01:06:03.137+0000] {dagbag.py:540} INFO - Filling up the DagBag from /home/airflow/.local/lib/python3.8/site-packages/airflow/example_dags/example_short_circuit_decorator.py
[2024-07-26T01:06:03.145+0000] {processor.py:840} INFO - DAG(s) 'example_short_circuit_decorator' retrieved from /home/airflow/.local/lib/python3.8/site-packages/airflow/example_dags/example_short_circuit_decorator.py
[2024-07-26T01:06:03.164+0000] {logging_mixin.py:188} INFO - [2024-07-26T01:06:03.164+0000] {dag.py:3047} INFO - Sync 1 DAGs
[2024-07-26T01:06:03.182+0000] {logging_mixin.py:188} INFO - [2024-07-26T01:06:03.182+0000] {dag.py:3834} INFO - Setting next_dagrun for example_short_circuit_decorator to 2024-07-25 00:00:00+00:00, run_after=2024-07-26 00:00:00+00:00
[2024-07-26T01:06:03.198+0000] {processor.py:183} INFO - Processing /home/airflow/.local/lib/python3.8/site-packages/airflow/example_dags/example_short_circuit_decorator.py took 0.065 seconds
[2024-07-26T01:06:33.310+0000] {processor.py:161} INFO - Started process (PID=467) to work on /home/airflow/.local/lib/python3.8/site-packages/airflow/example_dags/example_short_circuit_decorator.py
[2024-07-26T01:06:33.311+0000] {processor.py:830} INFO - Processing file /home/airflow/.local/lib/python3.8/site-packages/airflow/example_dags/example_short_circuit_decorator.py for tasks to queue
[2024-07-26T01:06:33.312+0000] {logging_mixin.py:188} INFO - [2024-07-26T01:06:33.312+0000] {dagbag.py:540} INFO - Filling up the DagBag from /home/airflow/.local/lib/python3.8/site-packages/airflow/example_dags/example_short_circuit_decorator.py
[2024-07-26T01:06:33.319+0000] {processor.py:840} INFO - DAG(s) 'example_short_circuit_decorator' retrieved from /home/airflow/.local/lib/python3.8/site-packages/airflow/example_dags/example_short_circuit_decorator.py
[2024-07-26T01:06:33.339+0000] {logging_mixin.py:188} INFO - [2024-07-26T01:06:33.338+0000] {dag.py:3047} INFO - Sync 1 DAGs
[2024-07-26T01:06:33.357+0000] {logging_mixin.py:188} INFO - [2024-07-26T01:06:33.357+0000] {dag.py:3834} INFO - Setting next_dagrun for example_short_circuit_decorator to 2024-07-25 00:00:00+00:00, run_after=2024-07-26 00:00:00+00:00
[2024-07-26T01:06:33.372+0000] {processor.py:183} INFO - Processing /home/airflow/.local/lib/python3.8/site-packages/airflow/example_dags/example_short_circuit_decorator.py took 0.064 seconds
[2024-07-26T01:07:03.447+0000] {processor.py:161} INFO - Started process (PID=523) to work on /home/airflow/.local/lib/python3.8/site-packages/airflow/example_dags/example_short_circuit_decorator.py
[2024-07-26T01:07:03.448+0000] {processor.py:830} INFO - Processing file /home/airflow/.local/lib/python3.8/site-packages/airflow/example_dags/example_short_circuit_decorator.py for tasks to queue
[2024-07-26T01:07:03.449+0000] {logging_mixin.py:188} INFO - [2024-07-26T01:07:03.449+0000] {dagbag.py:540} INFO - Filling up the DagBag from /home/airflow/.local/lib/python3.8/site-packages/airflow/example_dags/example_short_circuit_decorator.py
[2024-07-26T01:07:03.456+0000] {processor.py:840} INFO - DAG(s) 'example_short_circuit_decorator' retrieved from /home/airflow/.local/lib/python3.8/site-packages/airflow/example_dags/example_short_circuit_decorator.py
[2024-07-26T01:07:03.475+0000] {logging_mixin.py:188} INFO - [2024-07-26T01:07:03.475+0000] {dag.py:3047} INFO - Sync 1 DAGs
[2024-07-26T01:07:03.494+0000] {logging_mixin.py:188} INFO - [2024-07-26T01:07:03.493+0000] {dag.py:3834} INFO - Setting next_dagrun for example_short_circuit_decorator to 2024-07-25 00:00:00+00:00, run_after=2024-07-26 00:00:00+00:00
[2024-07-26T01:07:03.511+0000] {processor.py:183} INFO - Processing /home/airflow/.local/lib/python3.8/site-packages/airflow/example_dags/example_short_circuit_decorator.py took 0.066 seconds
[2024-07-26T01:07:33.914+0000] {processor.py:161} INFO - Started process (PID=579) to work on /home/airflow/.local/lib/python3.8/site-packages/airflow/example_dags/example_short_circuit_decorator.py
[2024-07-26T01:07:33.915+0000] {processor.py:830} INFO - Processing file /home/airflow/.local/lib/python3.8/site-packages/airflow/example_dags/example_short_circuit_decorator.py for tasks to queue
[2024-07-26T01:07:33.916+0000] {logging_mixin.py:188} INFO - [2024-07-26T01:07:33.916+0000] {dagbag.py:540} INFO - Filling up the DagBag from /home/airflow/.local/lib/python3.8/site-packages/airflow/example_dags/example_short_circuit_decorator.py
[2024-07-26T01:07:33.923+0000] {processor.py:840} INFO - DAG(s) 'example_short_circuit_decorator' retrieved from /home/airflow/.local/lib/python3.8/site-packages/airflow/example_dags/example_short_circuit_decorator.py
[2024-07-26T01:07:33.942+0000] {logging_mixin.py:188} INFO - [2024-07-26T01:07:33.942+0000] {dag.py:3047} INFO - Sync 1 DAGs
[2024-07-26T01:07:33.964+0000] {logging_mixin.py:188} INFO - [2024-07-26T01:07:33.964+0000] {dag.py:3834} INFO - Setting next_dagrun for example_short_circuit_decorator to 2024-07-25 00:00:00+00:00, run_after=2024-07-26 00:00:00+00:00
[2024-07-26T01:07:33.985+0000] {processor.py:183} INFO - Processing /home/airflow/.local/lib/python3.8/site-packages/airflow/example_dags/example_short_circuit_decorator.py took 0.073 seconds
[2024-07-26T01:08:04.134+0000] {processor.py:161} INFO - Started process (PID=635) to work on /home/airflow/.local/lib/python3.8/site-packages/airflow/example_dags/example_short_circuit_decorator.py
[2024-07-26T01:08:04.135+0000] {processor.py:830} INFO - Processing file /home/airflow/.local/lib/python3.8/site-packages/airflow/example_dags/example_short_circuit_decorator.py for tasks to queue
[2024-07-26T01:08:04.136+0000] {logging_mixin.py:188} INFO - [2024-07-26T01:08:04.136+0000] {dagbag.py:540} INFO - Filling up the DagBag from /home/airflow/.local/lib/python3.8/site-packages/airflow/example_dags/example_short_circuit_decorator.py
[2024-07-26T01:08:04.144+0000] {processor.py:840} INFO - DAG(s) 'example_short_circuit_decorator' retrieved from /home/airflow/.local/lib/python3.8/site-packages/airflow/example_dags/example_short_circuit_decorator.py
[2024-07-26T01:08:04.168+0000] {logging_mixin.py:188} INFO - [2024-07-26T01:08:04.167+0000] {dag.py:3047} INFO - Sync 1 DAGs
[2024-07-26T01:08:04.185+0000] {logging_mixin.py:188} INFO - [2024-07-26T01:08:04.185+0000] {dag.py:3834} INFO - Setting next_dagrun for example_short_circuit_decorator to 2024-07-25 00:00:00+00:00, run_after=2024-07-26 00:00:00+00:00
[2024-07-26T01:08:04.202+0000] {processor.py:183} INFO - Processing /home/airflow/.local/lib/python3.8/site-packages/airflow/example_dags/example_short_circuit_decorator.py took 0.071 seconds
[2024-07-26T01:08:34.377+0000] {processor.py:161} INFO - Started process (PID=691) to work on /home/airflow/.local/lib/python3.8/site-packages/airflow/example_dags/example_short_circuit_decorator.py
[2024-07-26T01:08:34.378+0000] {processor.py:830} INFO - Processing file /home/airflow/.local/lib/python3.8/site-packages/airflow/example_dags/example_short_circuit_decorator.py for tasks to queue
[2024-07-26T01:08:34.379+0000] {logging_mixin.py:188} INFO - [2024-07-26T01:08:34.379+0000] {dagbag.py:540} INFO - Filling up the DagBag from /home/airflow/.local/lib/python3.8/site-packages/airflow/example_dags/example_short_circuit_decorator.py
[2024-07-26T01:08:34.387+0000] {processor.py:840} INFO - DAG(s) 'example_short_circuit_decorator' retrieved from /home/airflow/.local/lib/python3.8/site-packages/airflow/example_dags/example_short_circuit_decorator.py
[2024-07-26T01:08:34.407+0000] {logging_mixin.py:188} INFO - [2024-07-26T01:08:34.407+0000] {dag.py:3047} INFO - Sync 1 DAGs
[2024-07-26T01:08:34.425+0000] {logging_mixin.py:188} INFO - [2024-07-26T01:08:34.425+0000] {dag.py:3834} INFO - Setting next_dagrun for example_short_circuit_decorator to 2024-07-25 00:00:00+00:00, run_after=2024-07-26 00:00:00+00:00
[2024-07-26T01:08:34.442+0000] {processor.py:183} INFO - Processing /home/airflow/.local/lib/python3.8/site-packages/airflow/example_dags/example_short_circuit_decorator.py took 0.068 seconds
[2024-07-26T01:09:04.644+0000] {processor.py:161} INFO - Started process (PID=747) to work on /home/airflow/.local/lib/python3.8/site-packages/airflow/example_dags/example_short_circuit_decorator.py
[2024-07-26T01:09:04.646+0000] {processor.py:830} INFO - Processing file /home/airflow/.local/lib/python3.8/site-packages/airflow/example_dags/example_short_circuit_decorator.py for tasks to queue
[2024-07-26T01:09:04.647+0000] {logging_mixin.py:188} INFO - [2024-07-26T01:09:04.647+0000] {dagbag.py:540} INFO - Filling up the DagBag from /home/airflow/.local/lib/python3.8/site-packages/airflow/example_dags/example_short_circuit_decorator.py
[2024-07-26T01:09:04.654+0000] {processor.py:840} INFO - DAG(s) 'example_short_circuit_decorator' retrieved from /home/airflow/.local/lib/python3.8/site-packages/airflow/example_dags/example_short_circuit_decorator.py
[2024-07-26T01:09:04.681+0000] {logging_mixin.py:188} INFO - [2024-07-26T01:09:04.680+0000] {dag.py:3047} INFO - Sync 1 DAGs
[2024-07-26T01:09:04.700+0000] {logging_mixin.py:188} INFO - [2024-07-26T01:09:04.700+0000] {dag.py:3834} INFO - Setting next_dagrun for example_short_circuit_decorator to 2024-07-25 00:00:00+00:00, run_after=2024-07-26 00:00:00+00:00
[2024-07-26T01:09:04.717+0000] {processor.py:183} INFO - Processing /home/airflow/.local/lib/python3.8/site-packages/airflow/example_dags/example_short_circuit_decorator.py took 0.075 seconds
[2024-07-26T01:09:34.812+0000] {processor.py:161} INFO - Started process (PID=803) to work on /home/airflow/.local/lib/python3.8/site-packages/airflow/example_dags/example_short_circuit_decorator.py
[2024-07-26T01:09:34.812+0000] {processor.py:830} INFO - Processing file /home/airflow/.local/lib/python3.8/site-packages/airflow/example_dags/example_short_circuit_decorator.py for tasks to queue
[2024-07-26T01:09:34.814+0000] {logging_mixin.py:188} INFO - [2024-07-26T01:09:34.813+0000] {dagbag.py:540} INFO - Filling up the DagBag from /home/airflow/.local/lib/python3.8/site-packages/airflow/example_dags/example_short_circuit_decorator.py
[2024-07-26T01:09:34.822+0000] {processor.py:840} INFO - DAG(s) 'example_short_circuit_decorator' retrieved from /home/airflow/.local/lib/python3.8/site-packages/airflow/example_dags/example_short_circuit_decorator.py
[2024-07-26T01:09:34.841+0000] {logging_mixin.py:188} INFO - [2024-07-26T01:09:34.841+0000] {dag.py:3047} INFO - Sync 1 DAGs
[2024-07-26T01:09:34.859+0000] {logging_mixin.py:188} INFO - [2024-07-26T01:09:34.858+0000] {dag.py:3834} INFO - Setting next_dagrun for example_short_circuit_decorator to 2024-07-25 00:00:00+00:00, run_after=2024-07-26 00:00:00+00:00
[2024-07-26T01:09:34.875+0000] {processor.py:183} INFO - Processing /home/airflow/.local/lib/python3.8/site-packages/airflow/example_dags/example_short_circuit_decorator.py took 0.066 seconds
[2024-07-26T01:10:05.052+0000] {processor.py:161} INFO - Started process (PID=859) to work on /home/airflow/.local/lib/python3.8/site-packages/airflow/example_dags/example_short_circuit_decorator.py
[2024-07-26T01:10:05.053+0000] {processor.py:830} INFO - Processing file /home/airflow/.local/lib/python3.8/site-packages/airflow/example_dags/example_short_circuit_decorator.py for tasks to queue
[2024-07-26T01:10:05.054+0000] {logging_mixin.py:188} INFO - [2024-07-26T01:10:05.054+0000] {dagbag.py:540} INFO - Filling up the DagBag from /home/airflow/.local/lib/python3.8/site-packages/airflow/example_dags/example_short_circuit_decorator.py
[2024-07-26T01:10:05.061+0000] {processor.py:840} INFO - DAG(s) 'example_short_circuit_decorator' retrieved from /home/airflow/.local/lib/python3.8/site-packages/airflow/example_dags/example_short_circuit_decorator.py
[2024-07-26T01:10:05.079+0000] {logging_mixin.py:188} INFO - [2024-07-26T01:10:05.079+0000] {dag.py:3047} INFO - Sync 1 DAGs
[2024-07-26T01:10:05.097+0000] {logging_mixin.py:188} INFO - [2024-07-26T01:10:05.097+0000] {dag.py:3834} INFO - Setting next_dagrun for example_short_circuit_decorator to 2024-07-25 00:00:00+00:00, run_after=2024-07-26 00:00:00+00:00
[2024-07-26T01:10:05.113+0000] {processor.py:183} INFO - Processing /home/airflow/.local/lib/python3.8/site-packages/airflow/example_dags/example_short_circuit_decorator.py took 0.063 seconds
[2024-07-26T01:10:35.303+0000] {processor.py:161} INFO - Started process (PID=916) to work on /home/airflow/.local/lib/python3.8/site-packages/airflow/example_dags/example_short_circuit_decorator.py
[2024-07-26T01:10:35.303+0000] {processor.py:830} INFO - Processing file /home/airflow/.local/lib/python3.8/site-packages/airflow/example_dags/example_short_circuit_decorator.py for tasks to queue
[2024-07-26T01:10:35.305+0000] {logging_mixin.py:188} INFO - [2024-07-26T01:10:35.304+0000] {dagbag.py:540} INFO - Filling up the DagBag from /home/airflow/.local/lib/python3.8/site-packages/airflow/example_dags/example_short_circuit_decorator.py
[2024-07-26T01:10:35.312+0000] {processor.py:840} INFO - DAG(s) 'example_short_circuit_decorator' retrieved from /home/airflow/.local/lib/python3.8/site-packages/airflow/example_dags/example_short_circuit_decorator.py
[2024-07-26T01:10:35.332+0000] {logging_mixin.py:188} INFO - [2024-07-26T01:10:35.332+0000] {dag.py:3047} INFO - Sync 1 DAGs
[2024-07-26T01:10:35.352+0000] {logging_mixin.py:188} INFO - [2024-07-26T01:10:35.352+0000] {dag.py:3834} INFO - Setting next_dagrun for example_short_circuit_decorator to 2024-07-25 00:00:00+00:00, run_after=2024-07-26 00:00:00+00:00
[2024-07-26T01:10:35.367+0000] {processor.py:183} INFO - Processing /home/airflow/.local/lib/python3.8/site-packages/airflow/example_dags/example_short_circuit_decorator.py took 0.067 seconds
[2024-07-26T01:11:05.696+0000] {processor.py:161} INFO - Started process (PID=972) to work on /home/airflow/.local/lib/python3.8/site-packages/airflow/example_dags/example_short_circuit_decorator.py
[2024-07-26T01:11:05.697+0000] {processor.py:830} INFO - Processing file /home/airflow/.local/lib/python3.8/site-packages/airflow/example_dags/example_short_circuit_decorator.py for tasks to queue
[2024-07-26T01:11:05.698+0000] {logging_mixin.py:188} INFO - [2024-07-26T01:11:05.698+0000] {dagbag.py:540} INFO - Filling up the DagBag from /home/airflow/.local/lib/python3.8/site-packages/airflow/example_dags/example_short_circuit_decorator.py
[2024-07-26T01:11:05.705+0000] {processor.py:840} INFO - DAG(s) 'example_short_circuit_decorator' retrieved from /home/airflow/.local/lib/python3.8/site-packages/airflow/example_dags/example_short_circuit_decorator.py
[2024-07-26T01:11:05.726+0000] {logging_mixin.py:188} INFO - [2024-07-26T01:11:05.726+0000] {dag.py:3047} INFO - Sync 1 DAGs
[2024-07-26T01:11:05.745+0000] {logging_mixin.py:188} INFO - [2024-07-26T01:11:05.744+0000] {dag.py:3834} INFO - Setting next_dagrun for example_short_circuit_decorator to 2024-07-25 00:00:00+00:00, run_after=2024-07-26 00:00:00+00:00
[2024-07-26T01:11:05.761+0000] {processor.py:183} INFO - Processing /home/airflow/.local/lib/python3.8/site-packages/airflow/example_dags/example_short_circuit_decorator.py took 0.068 seconds
[2024-07-26T01:11:35.911+0000] {processor.py:161} INFO - Started process (PID=1028) to work on /home/airflow/.local/lib/python3.8/site-packages/airflow/example_dags/example_short_circuit_decorator.py
[2024-07-26T01:11:35.912+0000] {processor.py:830} INFO - Processing file /home/airflow/.local/lib/python3.8/site-packages/airflow/example_dags/example_short_circuit_decorator.py for tasks to queue
[2024-07-26T01:11:35.913+0000] {logging_mixin.py:188} INFO - [2024-07-26T01:11:35.913+0000] {dagbag.py:540} INFO - Filling up the DagBag from /home/airflow/.local/lib/python3.8/site-packages/airflow/example_dags/example_short_circuit_decorator.py
[2024-07-26T01:11:35.920+0000] {processor.py:840} INFO - DAG(s) 'example_short_circuit_decorator' retrieved from /home/airflow/.local/lib/python3.8/site-packages/airflow/example_dags/example_short_circuit_decorator.py
[2024-07-26T01:11:35.940+0000] {logging_mixin.py:188} INFO - [2024-07-26T01:11:35.939+0000] {dag.py:3047} INFO - Sync 1 DAGs
[2024-07-26T01:11:35.959+0000] {logging_mixin.py:188} INFO - [2024-07-26T01:11:35.959+0000] {dag.py:3834} INFO - Setting next_dagrun for example_short_circuit_decorator to 2024-07-25 00:00:00+00:00, run_after=2024-07-26 00:00:00+00:00
[2024-07-26T01:11:35.976+0000] {processor.py:183} INFO - Processing /home/airflow/.local/lib/python3.8/site-packages/airflow/example_dags/example_short_circuit_decorator.py took 0.067 seconds
[2024-07-26T01:12:06.190+0000] {processor.py:161} INFO - Started process (PID=1084) to work on /home/airflow/.local/lib/python3.8/site-packages/airflow/example_dags/example_short_circuit_decorator.py
[2024-07-26T01:12:06.191+0000] {processor.py:830} INFO - Processing file /home/airflow/.local/lib/python3.8/site-packages/airflow/example_dags/example_short_circuit_decorator.py for tasks to queue
[2024-07-26T01:12:06.193+0000] {logging_mixin.py:188} INFO - [2024-07-26T01:12:06.192+0000] {dagbag.py:540} INFO - Filling up the DagBag from /home/airflow/.local/lib/python3.8/site-packages/airflow/example_dags/example_short_circuit_decorator.py
[2024-07-26T01:12:06.201+0000] {processor.py:840} INFO - DAG(s) 'example_short_circuit_decorator' retrieved from /home/airflow/.local/lib/python3.8/site-packages/airflow/example_dags/example_short_circuit_decorator.py
[2024-07-26T01:12:06.222+0000] {logging_mixin.py:188} INFO - [2024-07-26T01:12:06.221+0000] {dag.py:3047} INFO - Sync 1 DAGs
[2024-07-26T01:12:06.242+0000] {logging_mixin.py:188} INFO - [2024-07-26T01:12:06.242+0000] {dag.py:3834} INFO - Setting next_dagrun for example_short_circuit_decorator to 2024-07-25 00:00:00+00:00, run_after=2024-07-26 00:00:00+00:00
[2024-07-26T01:12:06.263+0000] {processor.py:183} INFO - Processing /home/airflow/.local/lib/python3.8/site-packages/airflow/example_dags/example_short_circuit_decorator.py took 0.076 seconds
[2024-07-26T01:12:36.470+0000] {processor.py:161} INFO - Started process (PID=1140) to work on /home/airflow/.local/lib/python3.8/site-packages/airflow/example_dags/example_short_circuit_decorator.py
[2024-07-26T01:12:36.470+0000] {processor.py:830} INFO - Processing file /home/airflow/.local/lib/python3.8/site-packages/airflow/example_dags/example_short_circuit_decorator.py for tasks to queue
[2024-07-26T01:12:36.471+0000] {logging_mixin.py:188} INFO - [2024-07-26T01:12:36.471+0000] {dagbag.py:540} INFO - Filling up the DagBag from /home/airflow/.local/lib/python3.8/site-packages/airflow/example_dags/example_short_circuit_decorator.py
[2024-07-26T01:12:36.480+0000] {processor.py:840} INFO - DAG(s) 'example_short_circuit_decorator' retrieved from /home/airflow/.local/lib/python3.8/site-packages/airflow/example_dags/example_short_circuit_decorator.py
[2024-07-26T01:12:36.501+0000] {logging_mixin.py:188} INFO - [2024-07-26T01:12:36.500+0000] {dag.py:3047} INFO - Sync 1 DAGs
[2024-07-26T01:12:36.521+0000] {logging_mixin.py:188} INFO - [2024-07-26T01:12:36.521+0000] {dag.py:3834} INFO - Setting next_dagrun for example_short_circuit_decorator to 2024-07-25 00:00:00+00:00, run_after=2024-07-26 00:00:00+00:00
[2024-07-26T01:12:36.539+0000] {processor.py:183} INFO - Processing /home/airflow/.local/lib/python3.8/site-packages/airflow/example_dags/example_short_circuit_decorator.py took 0.072 seconds
[2024-07-26T01:13:07.484+0000] {processor.py:161} INFO - Started process (PID=1196) to work on /home/airflow/.local/lib/python3.8/site-packages/airflow/example_dags/example_short_circuit_decorator.py
[2024-07-26T01:13:07.485+0000] {processor.py:830} INFO - Processing file /home/airflow/.local/lib/python3.8/site-packages/airflow/example_dags/example_short_circuit_decorator.py for tasks to queue
[2024-07-26T01:13:07.487+0000] {logging_mixin.py:188} INFO - [2024-07-26T01:13:07.486+0000] {dagbag.py:540} INFO - Filling up the DagBag from /home/airflow/.local/lib/python3.8/site-packages/airflow/example_dags/example_short_circuit_decorator.py
[2024-07-26T01:13:07.495+0000] {processor.py:840} INFO - DAG(s) 'example_short_circuit_decorator' retrieved from /home/airflow/.local/lib/python3.8/site-packages/airflow/example_dags/example_short_circuit_decorator.py
[2024-07-26T01:13:07.514+0000] {logging_mixin.py:188} INFO - [2024-07-26T01:13:07.514+0000] {dag.py:3047} INFO - Sync 1 DAGs
[2024-07-26T01:13:07.533+0000] {logging_mixin.py:188} INFO - [2024-07-26T01:13:07.532+0000] {dag.py:3834} INFO - Setting next_dagrun for example_short_circuit_decorator to 2024-07-25 00:00:00+00:00, run_after=2024-07-26 00:00:00+00:00
[2024-07-26T01:13:07.549+0000] {processor.py:183} INFO - Processing /home/airflow/.local/lib/python3.8/site-packages/airflow/example_dags/example_short_circuit_decorator.py took 0.067 seconds
[2024-07-26T01:13:37.924+0000] {processor.py:161} INFO - Started process (PID=1252) to work on /home/airflow/.local/lib/python3.8/site-packages/airflow/example_dags/example_short_circuit_decorator.py
[2024-07-26T01:13:37.925+0000] {processor.py:830} INFO - Processing file /home/airflow/.local/lib/python3.8/site-packages/airflow/example_dags/example_short_circuit_decorator.py for tasks to queue
[2024-07-26T01:13:37.927+0000] {logging_mixin.py:188} INFO - [2024-07-26T01:13:37.926+0000] {dagbag.py:540} INFO - Filling up the DagBag from /home/airflow/.local/lib/python3.8/site-packages/airflow/example_dags/example_short_circuit_decorator.py
[2024-07-26T01:13:37.936+0000] {processor.py:840} INFO - DAG(s) 'example_short_circuit_decorator' retrieved from /home/airflow/.local/lib/python3.8/site-packages/airflow/example_dags/example_short_circuit_decorator.py
[2024-07-26T01:13:37.956+0000] {logging_mixin.py:188} INFO - [2024-07-26T01:13:37.956+0000] {dag.py:3047} INFO - Sync 1 DAGs
[2024-07-26T01:13:37.974+0000] {logging_mixin.py:188} INFO - [2024-07-26T01:13:37.974+0000] {dag.py:3834} INFO - Setting next_dagrun for example_short_circuit_decorator to 2024-07-25 00:00:00+00:00, run_after=2024-07-26 00:00:00+00:00
[2024-07-26T01:13:37.990+0000] {processor.py:183} INFO - Processing /home/airflow/.local/lib/python3.8/site-packages/airflow/example_dags/example_short_circuit_decorator.py took 0.068 seconds
[2024-07-26T01:14:08.022+0000] {processor.py:161} INFO - Started process (PID=1307) to work on /home/airflow/.local/lib/python3.8/site-packages/airflow/example_dags/example_short_circuit_decorator.py
[2024-07-26T01:14:08.024+0000] {processor.py:830} INFO - Processing file /home/airflow/.local/lib/python3.8/site-packages/airflow/example_dags/example_short_circuit_decorator.py for tasks to queue
[2024-07-26T01:14:08.026+0000] {logging_mixin.py:188} INFO - [2024-07-26T01:14:08.025+0000] {dagbag.py:540} INFO - Filling up the DagBag from /home/airflow/.local/lib/python3.8/site-packages/airflow/example_dags/example_short_circuit_decorator.py
[2024-07-26T01:14:08.034+0000] {processor.py:840} INFO - DAG(s) 'example_short_circuit_decorator' retrieved from /home/airflow/.local/lib/python3.8/site-packages/airflow/example_dags/example_short_circuit_decorator.py
[2024-07-26T01:14:08.055+0000] {logging_mixin.py:188} INFO - [2024-07-26T01:14:08.055+0000] {dag.py:3047} INFO - Sync 1 DAGs
[2024-07-26T01:14:08.077+0000] {logging_mixin.py:188} INFO - [2024-07-26T01:14:08.077+0000] {dag.py:3834} INFO - Setting next_dagrun for example_short_circuit_decorator to 2024-07-25 00:00:00+00:00, run_after=2024-07-26 00:00:00+00:00
[2024-07-26T01:14:08.094+0000] {processor.py:183} INFO - Processing /home/airflow/.local/lib/python3.8/site-packages/airflow/example_dags/example_short_circuit_decorator.py took 0.074 seconds
[2024-07-26T01:14:38.606+0000] {processor.py:161} INFO - Started process (PID=1364) to work on /home/airflow/.local/lib/python3.8/site-packages/airflow/example_dags/example_short_circuit_decorator.py
[2024-07-26T01:14:38.607+0000] {processor.py:830} INFO - Processing file /home/airflow/.local/lib/python3.8/site-packages/airflow/example_dags/example_short_circuit_decorator.py for tasks to queue
[2024-07-26T01:14:38.609+0000] {logging_mixin.py:188} INFO - [2024-07-26T01:14:38.609+0000] {dagbag.py:540} INFO - Filling up the DagBag from /home/airflow/.local/lib/python3.8/site-packages/airflow/example_dags/example_short_circuit_decorator.py
[2024-07-26T01:14:38.619+0000] {processor.py:840} INFO - DAG(s) 'example_short_circuit_decorator' retrieved from /home/airflow/.local/lib/python3.8/site-packages/airflow/example_dags/example_short_circuit_decorator.py
[2024-07-26T01:14:38.644+0000] {logging_mixin.py:188} INFO - [2024-07-26T01:14:38.644+0000] {dag.py:3047} INFO - Sync 1 DAGs
[2024-07-26T01:14:38.666+0000] {logging_mixin.py:188} INFO - [2024-07-26T01:14:38.666+0000] {dag.py:3834} INFO - Setting next_dagrun for example_short_circuit_decorator to 2024-07-25 00:00:00+00:00, run_after=2024-07-26 00:00:00+00:00
[2024-07-26T01:14:38.685+0000] {processor.py:183} INFO - Processing /home/airflow/.local/lib/python3.8/site-packages/airflow/example_dags/example_short_circuit_decorator.py took 0.081 seconds
[2024-07-26T01:15:08.728+0000] {processor.py:161} INFO - Started process (PID=1419) to work on /home/airflow/.local/lib/python3.8/site-packages/airflow/example_dags/example_short_circuit_decorator.py
[2024-07-26T01:15:08.729+0000] {processor.py:830} INFO - Processing file /home/airflow/.local/lib/python3.8/site-packages/airflow/example_dags/example_short_circuit_decorator.py for tasks to queue
[2024-07-26T01:15:08.730+0000] {logging_mixin.py:188} INFO - [2024-07-26T01:15:08.730+0000] {dagbag.py:540} INFO - Filling up the DagBag from /home/airflow/.local/lib/python3.8/site-packages/airflow/example_dags/example_short_circuit_decorator.py
[2024-07-26T01:15:08.737+0000] {processor.py:840} INFO - DAG(s) 'example_short_circuit_decorator' retrieved from /home/airflow/.local/lib/python3.8/site-packages/airflow/example_dags/example_short_circuit_decorator.py
[2024-07-26T01:15:08.755+0000] {logging_mixin.py:188} INFO - [2024-07-26T01:15:08.755+0000] {dag.py:3047} INFO - Sync 1 DAGs
[2024-07-26T01:15:08.772+0000] {logging_mixin.py:188} INFO - [2024-07-26T01:15:08.772+0000] {dag.py:3834} INFO - Setting next_dagrun for example_short_circuit_decorator to 2024-07-25 00:00:00+00:00, run_after=2024-07-26 00:00:00+00:00
[2024-07-26T01:15:08.788+0000] {processor.py:183} INFO - Processing /home/airflow/.local/lib/python3.8/site-packages/airflow/example_dags/example_short_circuit_decorator.py took 0.062 seconds
[2024-07-26T01:15:39.131+0000] {processor.py:161} INFO - Started process (PID=1476) to work on /home/airflow/.local/lib/python3.8/site-packages/airflow/example_dags/example_short_circuit_decorator.py
[2024-07-26T01:15:39.132+0000] {processor.py:830} INFO - Processing file /home/airflow/.local/lib/python3.8/site-packages/airflow/example_dags/example_short_circuit_decorator.py for tasks to queue
[2024-07-26T01:15:39.133+0000] {logging_mixin.py:188} INFO - [2024-07-26T01:15:39.133+0000] {dagbag.py:540} INFO - Filling up the DagBag from /home/airflow/.local/lib/python3.8/site-packages/airflow/example_dags/example_short_circuit_decorator.py
[2024-07-26T01:15:39.141+0000] {processor.py:840} INFO - DAG(s) 'example_short_circuit_decorator' retrieved from /home/airflow/.local/lib/python3.8/site-packages/airflow/example_dags/example_short_circuit_decorator.py
[2024-07-26T01:15:39.164+0000] {logging_mixin.py:188} INFO - [2024-07-26T01:15:39.164+0000] {dag.py:3047} INFO - Sync 1 DAGs
[2024-07-26T01:15:39.183+0000] {logging_mixin.py:188} INFO - [2024-07-26T01:15:39.183+0000] {dag.py:3834} INFO - Setting next_dagrun for example_short_circuit_decorator to 2024-07-25 00:00:00+00:00, run_after=2024-07-26 00:00:00+00:00
[2024-07-26T01:15:39.201+0000] {processor.py:183} INFO - Processing /home/airflow/.local/lib/python3.8/site-packages/airflow/example_dags/example_short_circuit_decorator.py took 0.072 seconds
[2024-07-26T01:16:09.501+0000] {processor.py:161} INFO - Started process (PID=1532) to work on /home/airflow/.local/lib/python3.8/site-packages/airflow/example_dags/example_short_circuit_decorator.py
[2024-07-26T01:16:09.502+0000] {processor.py:830} INFO - Processing file /home/airflow/.local/lib/python3.8/site-packages/airflow/example_dags/example_short_circuit_decorator.py for tasks to queue
[2024-07-26T01:16:09.504+0000] {logging_mixin.py:188} INFO - [2024-07-26T01:16:09.504+0000] {dagbag.py:540} INFO - Filling up the DagBag from /home/airflow/.local/lib/python3.8/site-packages/airflow/example_dags/example_short_circuit_decorator.py
[2024-07-26T01:16:09.512+0000] {processor.py:840} INFO - DAG(s) 'example_short_circuit_decorator' retrieved from /home/airflow/.local/lib/python3.8/site-packages/airflow/example_dags/example_short_circuit_decorator.py
[2024-07-26T01:16:09.536+0000] {logging_mixin.py:188} INFO - [2024-07-26T01:16:09.536+0000] {dag.py:3047} INFO - Sync 1 DAGs
[2024-07-26T01:16:09.556+0000] {logging_mixin.py:188} INFO - [2024-07-26T01:16:09.556+0000] {dag.py:3834} INFO - Setting next_dagrun for example_short_circuit_decorator to 2024-07-25 00:00:00+00:00, run_after=2024-07-26 00:00:00+00:00
[2024-07-26T01:16:09.576+0000] {processor.py:183} INFO - Processing /home/airflow/.local/lib/python3.8/site-packages/airflow/example_dags/example_short_circuit_decorator.py took 0.079 seconds
[2024-07-26T01:16:39.846+0000] {processor.py:161} INFO - Started process (PID=1588) to work on /home/airflow/.local/lib/python3.8/site-packages/airflow/example_dags/example_short_circuit_decorator.py
[2024-07-26T01:16:39.847+0000] {processor.py:830} INFO - Processing file /home/airflow/.local/lib/python3.8/site-packages/airflow/example_dags/example_short_circuit_decorator.py for tasks to queue
[2024-07-26T01:16:39.849+0000] {logging_mixin.py:188} INFO - [2024-07-26T01:16:39.848+0000] {dagbag.py:540} INFO - Filling up the DagBag from /home/airflow/.local/lib/python3.8/site-packages/airflow/example_dags/example_short_circuit_decorator.py
[2024-07-26T01:16:39.860+0000] {processor.py:840} INFO - DAG(s) 'example_short_circuit_decorator' retrieved from /home/airflow/.local/lib/python3.8/site-packages/airflow/example_dags/example_short_circuit_decorator.py
[2024-07-26T01:16:39.885+0000] {logging_mixin.py:188} INFO - [2024-07-26T01:16:39.884+0000] {dag.py:3047} INFO - Sync 1 DAGs
[2024-07-26T01:16:39.911+0000] {logging_mixin.py:188} INFO - [2024-07-26T01:16:39.911+0000] {dag.py:3834} INFO - Setting next_dagrun for example_short_circuit_decorator to 2024-07-25 00:00:00+00:00, run_after=2024-07-26 00:00:00+00:00
[2024-07-26T01:16:39.933+0000] {processor.py:183} INFO - Processing /home/airflow/.local/lib/python3.8/site-packages/airflow/example_dags/example_short_circuit_decorator.py took 0.090 seconds
[2024-07-26T01:17:10.309+0000] {processor.py:161} INFO - Started process (PID=1644) to work on /home/airflow/.local/lib/python3.8/site-packages/airflow/example_dags/example_short_circuit_decorator.py
[2024-07-26T01:17:10.309+0000] {processor.py:830} INFO - Processing file /home/airflow/.local/lib/python3.8/site-packages/airflow/example_dags/example_short_circuit_decorator.py for tasks to queue
[2024-07-26T01:17:10.311+0000] {logging_mixin.py:188} INFO - [2024-07-26T01:17:10.311+0000] {dagbag.py:540} INFO - Filling up the DagBag from /home/airflow/.local/lib/python3.8/site-packages/airflow/example_dags/example_short_circuit_decorator.py
[2024-07-26T01:17:10.318+0000] {processor.py:840} INFO - DAG(s) 'example_short_circuit_decorator' retrieved from /home/airflow/.local/lib/python3.8/site-packages/airflow/example_dags/example_short_circuit_decorator.py
[2024-07-26T01:17:10.340+0000] {logging_mixin.py:188} INFO - [2024-07-26T01:17:10.340+0000] {dag.py:3047} INFO - Sync 1 DAGs
[2024-07-26T01:17:10.359+0000] {logging_mixin.py:188} INFO - [2024-07-26T01:17:10.359+0000] {dag.py:3834} INFO - Setting next_dagrun for example_short_circuit_decorator to 2024-07-25 00:00:00+00:00, run_after=2024-07-26 00:00:00+00:00
[2024-07-26T01:17:10.379+0000] {processor.py:183} INFO - Processing /home/airflow/.local/lib/python3.8/site-packages/airflow/example_dags/example_short_circuit_decorator.py took 0.073 seconds
[2024-07-26T01:17:40.761+0000] {processor.py:161} INFO - Started process (PID=1700) to work on /home/airflow/.local/lib/python3.8/site-packages/airflow/example_dags/example_short_circuit_decorator.py
[2024-07-26T01:17:40.761+0000] {processor.py:830} INFO - Processing file /home/airflow/.local/lib/python3.8/site-packages/airflow/example_dags/example_short_circuit_decorator.py for tasks to queue
[2024-07-26T01:17:40.763+0000] {logging_mixin.py:188} INFO - [2024-07-26T01:17:40.763+0000] {dagbag.py:540} INFO - Filling up the DagBag from /home/airflow/.local/lib/python3.8/site-packages/airflow/example_dags/example_short_circuit_decorator.py
[2024-07-26T01:17:40.773+0000] {processor.py:840} INFO - DAG(s) 'example_short_circuit_decorator' retrieved from /home/airflow/.local/lib/python3.8/site-packages/airflow/example_dags/example_short_circuit_decorator.py
[2024-07-26T01:17:40.799+0000] {logging_mixin.py:188} INFO - [2024-07-26T01:17:40.798+0000] {dag.py:3047} INFO - Sync 1 DAGs
[2024-07-26T01:17:40.820+0000] {logging_mixin.py:188} INFO - [2024-07-26T01:17:40.819+0000] {dag.py:3834} INFO - Setting next_dagrun for example_short_circuit_decorator to 2024-07-25 00:00:00+00:00, run_after=2024-07-26 00:00:00+00:00
[2024-07-26T01:17:40.841+0000] {processor.py:183} INFO - Processing /home/airflow/.local/lib/python3.8/site-packages/airflow/example_dags/example_short_circuit_decorator.py took 0.084 seconds
[2024-07-26T01:18:11.204+0000] {processor.py:161} INFO - Started process (PID=1756) to work on /home/airflow/.local/lib/python3.8/site-packages/airflow/example_dags/example_short_circuit_decorator.py
[2024-07-26T01:18:11.205+0000] {processor.py:830} INFO - Processing file /home/airflow/.local/lib/python3.8/site-packages/airflow/example_dags/example_short_circuit_decorator.py for tasks to queue
[2024-07-26T01:18:11.207+0000] {logging_mixin.py:188} INFO - [2024-07-26T01:18:11.206+0000] {dagbag.py:540} INFO - Filling up the DagBag from /home/airflow/.local/lib/python3.8/site-packages/airflow/example_dags/example_short_circuit_decorator.py
[2024-07-26T01:18:11.215+0000] {processor.py:840} INFO - DAG(s) 'example_short_circuit_decorator' retrieved from /home/airflow/.local/lib/python3.8/site-packages/airflow/example_dags/example_short_circuit_decorator.py
[2024-07-26T01:18:11.232+0000] {logging_mixin.py:188} INFO - [2024-07-26T01:18:11.232+0000] {dag.py:3047} INFO - Sync 1 DAGs
[2024-07-26T01:18:11.250+0000] {logging_mixin.py:188} INFO - [2024-07-26T01:18:11.250+0000] {dag.py:3834} INFO - Setting next_dagrun for example_short_circuit_decorator to 2024-07-25 00:00:00+00:00, run_after=2024-07-26 00:00:00+00:00
[2024-07-26T01:18:11.264+0000] {processor.py:183} INFO - Processing /home/airflow/.local/lib/python3.8/site-packages/airflow/example_dags/example_short_circuit_decorator.py took 0.062 seconds
[2024-07-26T01:18:41.646+0000] {processor.py:161} INFO - Started process (PID=1812) to work on /home/airflow/.local/lib/python3.8/site-packages/airflow/example_dags/example_short_circuit_decorator.py
[2024-07-26T01:18:41.646+0000] {processor.py:830} INFO - Processing file /home/airflow/.local/lib/python3.8/site-packages/airflow/example_dags/example_short_circuit_decorator.py for tasks to queue
[2024-07-26T01:18:41.648+0000] {logging_mixin.py:188} INFO - [2024-07-26T01:18:41.648+0000] {dagbag.py:540} INFO - Filling up the DagBag from /home/airflow/.local/lib/python3.8/site-packages/airflow/example_dags/example_short_circuit_decorator.py
[2024-07-26T01:18:41.655+0000] {processor.py:840} INFO - DAG(s) 'example_short_circuit_decorator' retrieved from /home/airflow/.local/lib/python3.8/site-packages/airflow/example_dags/example_short_circuit_decorator.py
[2024-07-26T01:18:41.674+0000] {logging_mixin.py:188} INFO - [2024-07-26T01:18:41.673+0000] {dag.py:3047} INFO - Sync 1 DAGs
[2024-07-26T01:18:41.690+0000] {logging_mixin.py:188} INFO - [2024-07-26T01:18:41.690+0000] {dag.py:3834} INFO - Setting next_dagrun for example_short_circuit_decorator to 2024-07-25 00:00:00+00:00, run_after=2024-07-26 00:00:00+00:00
[2024-07-26T01:18:41.706+0000] {processor.py:183} INFO - Processing /home/airflow/.local/lib/python3.8/site-packages/airflow/example_dags/example_short_circuit_decorator.py took 0.063 seconds
