[2024-07-26T01:02:59.863+0000] {processor.py:161} INFO - Started process (PID=54) to work on /home/airflow/.local/lib/python3.8/site-packages/airflow/example_dags/example_dag_decorator.py
[2024-07-26T01:02:59.863+0000] {processor.py:830} INFO - Processing file /home/airflow/.local/lib/python3.8/site-packages/airflow/example_dags/example_dag_decorator.py for tasks to queue
[2024-07-26T01:02:59.865+0000] {logging_mixin.py:188} INFO - [2024-07-26T01:02:59.864+0000] {dagbag.py:540} INFO - Filling up the DagBag from /home/airflow/.local/lib/python3.8/site-packages/airflow/example_dags/example_dag_decorator.py
[2024-07-26T01:03:00.051+0000] {processor.py:840} INFO - DAG(s) 'example_dag_decorator' retrieved from /home/airflow/.local/lib/python3.8/site-packages/airflow/example_dags/example_dag_decorator.py
[2024-07-26T01:03:00.061+0000] {logging_mixin.py:188} INFO - [2024-07-26T01:03:00.060+0000] {dag.py:3047} INFO - Sync 1 DAGs
[2024-07-26T01:03:00.075+0000] {logging_mixin.py:188} INFO - [2024-07-26T01:03:00.074+0000] {dag.py:3834} INFO - Setting next_dagrun for example_dag_decorator to None, run_after=None
[2024-07-26T01:03:00.092+0000] {processor.py:183} INFO - Processing /home/airflow/.local/lib/python3.8/site-packages/airflow/example_dags/example_dag_decorator.py took 0.232 seconds
[2024-07-26T01:03:30.335+0000] {processor.py:161} INFO - Started process (PID=120) to work on /home/airflow/.local/lib/python3.8/site-packages/airflow/example_dags/example_dag_decorator.py
[2024-07-26T01:03:30.336+0000] {processor.py:830} INFO - Processing file /home/airflow/.local/lib/python3.8/site-packages/airflow/example_dags/example_dag_decorator.py for tasks to queue
[2024-07-26T01:03:30.337+0000] {logging_mixin.py:188} INFO - [2024-07-26T01:03:30.337+0000] {dagbag.py:540} INFO - Filling up the DagBag from /home/airflow/.local/lib/python3.8/site-packages/airflow/example_dags/example_dag_decorator.py
[2024-07-26T01:03:30.405+0000] {processor.py:840} INFO - DAG(s) 'example_dag_decorator' retrieved from /home/airflow/.local/lib/python3.8/site-packages/airflow/example_dags/example_dag_decorator.py
[2024-07-26T01:03:30.487+0000] {logging_mixin.py:188} INFO - [2024-07-26T01:03:30.486+0000] {dag.py:3047} INFO - Sync 1 DAGs
[2024-07-26T01:03:30.494+0000] {logging_mixin.py:188} INFO - [2024-07-26T01:03:30.494+0000] {dag.py:3834} INFO - Setting next_dagrun for example_dag_decorator to None, run_after=None
[2024-07-26T01:03:30.511+0000] {processor.py:183} INFO - Processing /home/airflow/.local/lib/python3.8/site-packages/airflow/example_dags/example_dag_decorator.py took 0.177 seconds
[2024-07-26T01:04:00.540+0000] {processor.py:161} INFO - Started process (PID=176) to work on /home/airflow/.local/lib/python3.8/site-packages/airflow/example_dags/example_dag_decorator.py
[2024-07-26T01:04:00.541+0000] {processor.py:830} INFO - Processing file /home/airflow/.local/lib/python3.8/site-packages/airflow/example_dags/example_dag_decorator.py for tasks to queue
[2024-07-26T01:04:00.542+0000] {logging_mixin.py:188} INFO - [2024-07-26T01:04:00.542+0000] {dagbag.py:540} INFO - Filling up the DagBag from /home/airflow/.local/lib/python3.8/site-packages/airflow/example_dags/example_dag_decorator.py
[2024-07-26T01:04:00.610+0000] {processor.py:840} INFO - DAG(s) 'example_dag_decorator' retrieved from /home/airflow/.local/lib/python3.8/site-packages/airflow/example_dags/example_dag_decorator.py
[2024-07-26T01:04:00.688+0000] {logging_mixin.py:188} INFO - [2024-07-26T01:04:00.687+0000] {dag.py:3047} INFO - Sync 1 DAGs
[2024-07-26T01:04:00.695+0000] {logging_mixin.py:188} INFO - [2024-07-26T01:04:00.695+0000] {dag.py:3834} INFO - Setting next_dagrun for example_dag_decorator to None, run_after=None
[2024-07-26T01:04:00.709+0000] {processor.py:183} INFO - Processing /home/airflow/.local/lib/python3.8/site-packages/airflow/example_dags/example_dag_decorator.py took 0.171 seconds
[2024-07-26T01:04:30.804+0000] {processor.py:161} INFO - Started process (PID=232) to work on /home/airflow/.local/lib/python3.8/site-packages/airflow/example_dags/example_dag_decorator.py
[2024-07-26T01:04:30.805+0000] {processor.py:830} INFO - Processing file /home/airflow/.local/lib/python3.8/site-packages/airflow/example_dags/example_dag_decorator.py for tasks to queue
[2024-07-26T01:04:30.806+0000] {logging_mixin.py:188} INFO - [2024-07-26T01:04:30.806+0000] {dagbag.py:540} INFO - Filling up the DagBag from /home/airflow/.local/lib/python3.8/site-packages/airflow/example_dags/example_dag_decorator.py
[2024-07-26T01:04:30.879+0000] {processor.py:840} INFO - DAG(s) 'example_dag_decorator' retrieved from /home/airflow/.local/lib/python3.8/site-packages/airflow/example_dags/example_dag_decorator.py
[2024-07-26T01:04:30.959+0000] {logging_mixin.py:188} INFO - [2024-07-26T01:04:30.958+0000] {dag.py:3047} INFO - Sync 1 DAGs
[2024-07-26T01:04:30.968+0000] {logging_mixin.py:188} INFO - [2024-07-26T01:04:30.968+0000] {dag.py:3834} INFO - Setting next_dagrun for example_dag_decorator to None, run_after=None
[2024-07-26T01:04:30.984+0000] {processor.py:183} INFO - Processing /home/airflow/.local/lib/python3.8/site-packages/airflow/example_dags/example_dag_decorator.py took 0.182 seconds
[2024-07-26T01:05:01.153+0000] {processor.py:161} INFO - Started process (PID=287) to work on /home/airflow/.local/lib/python3.8/site-packages/airflow/example_dags/example_dag_decorator.py
[2024-07-26T01:05:01.154+0000] {processor.py:830} INFO - Processing file /home/airflow/.local/lib/python3.8/site-packages/airflow/example_dags/example_dag_decorator.py for tasks to queue
[2024-07-26T01:05:01.155+0000] {logging_mixin.py:188} INFO - [2024-07-26T01:05:01.155+0000] {dagbag.py:540} INFO - Filling up the DagBag from /home/airflow/.local/lib/python3.8/site-packages/airflow/example_dags/example_dag_decorator.py
[2024-07-26T01:05:01.226+0000] {processor.py:840} INFO - DAG(s) 'example_dag_decorator' retrieved from /home/airflow/.local/lib/python3.8/site-packages/airflow/example_dags/example_dag_decorator.py
[2024-07-26T01:05:01.304+0000] {logging_mixin.py:188} INFO - [2024-07-26T01:05:01.303+0000] {dag.py:3047} INFO - Sync 1 DAGs
[2024-07-26T01:05:01.312+0000] {logging_mixin.py:188} INFO - [2024-07-26T01:05:01.312+0000] {dag.py:3834} INFO - Setting next_dagrun for example_dag_decorator to None, run_after=None
[2024-07-26T01:05:01.327+0000] {processor.py:183} INFO - Processing /home/airflow/.local/lib/python3.8/site-packages/airflow/example_dags/example_dag_decorator.py took 0.176 seconds
[2024-07-26T01:05:31.438+0000] {processor.py:161} INFO - Started process (PID=343) to work on /home/airflow/.local/lib/python3.8/site-packages/airflow/example_dags/example_dag_decorator.py
[2024-07-26T01:05:31.439+0000] {processor.py:830} INFO - Processing file /home/airflow/.local/lib/python3.8/site-packages/airflow/example_dags/example_dag_decorator.py for tasks to queue
[2024-07-26T01:05:31.440+0000] {logging_mixin.py:188} INFO - [2024-07-26T01:05:31.440+0000] {dagbag.py:540} INFO - Filling up the DagBag from /home/airflow/.local/lib/python3.8/site-packages/airflow/example_dags/example_dag_decorator.py
[2024-07-26T01:05:31.518+0000] {processor.py:840} INFO - DAG(s) 'example_dag_decorator' retrieved from /home/airflow/.local/lib/python3.8/site-packages/airflow/example_dags/example_dag_decorator.py
[2024-07-26T01:05:31.605+0000] {logging_mixin.py:188} INFO - [2024-07-26T01:05:31.604+0000] {dag.py:3047} INFO - Sync 1 DAGs
[2024-07-26T01:05:31.615+0000] {logging_mixin.py:188} INFO - [2024-07-26T01:05:31.614+0000] {dag.py:3834} INFO - Setting next_dagrun for example_dag_decorator to None, run_after=None
[2024-07-26T01:05:31.631+0000] {processor.py:183} INFO - Processing /home/airflow/.local/lib/python3.8/site-packages/airflow/example_dags/example_dag_decorator.py took 0.195 seconds
[2024-07-26T01:06:01.668+0000] {processor.py:161} INFO - Started process (PID=400) to work on /home/airflow/.local/lib/python3.8/site-packages/airflow/example_dags/example_dag_decorator.py
[2024-07-26T01:06:01.669+0000] {processor.py:830} INFO - Processing file /home/airflow/.local/lib/python3.8/site-packages/airflow/example_dags/example_dag_decorator.py for tasks to queue
[2024-07-26T01:06:01.670+0000] {logging_mixin.py:188} INFO - [2024-07-26T01:06:01.670+0000] {dagbag.py:540} INFO - Filling up the DagBag from /home/airflow/.local/lib/python3.8/site-packages/airflow/example_dags/example_dag_decorator.py
[2024-07-26T01:06:01.740+0000] {processor.py:840} INFO - DAG(s) 'example_dag_decorator' retrieved from /home/airflow/.local/lib/python3.8/site-packages/airflow/example_dags/example_dag_decorator.py
[2024-07-26T01:06:01.823+0000] {logging_mixin.py:188} INFO - [2024-07-26T01:06:01.823+0000] {dag.py:3047} INFO - Sync 1 DAGs
[2024-07-26T01:06:01.832+0000] {logging_mixin.py:188} INFO - [2024-07-26T01:06:01.832+0000] {dag.py:3834} INFO - Setting next_dagrun for example_dag_decorator to None, run_after=None
[2024-07-26T01:06:01.847+0000] {processor.py:183} INFO - Processing /home/airflow/.local/lib/python3.8/site-packages/airflow/example_dags/example_dag_decorator.py took 0.181 seconds
[2024-07-26T01:06:31.887+0000] {processor.py:161} INFO - Started process (PID=457) to work on /home/airflow/.local/lib/python3.8/site-packages/airflow/example_dags/example_dag_decorator.py
[2024-07-26T01:06:31.888+0000] {processor.py:830} INFO - Processing file /home/airflow/.local/lib/python3.8/site-packages/airflow/example_dags/example_dag_decorator.py for tasks to queue
[2024-07-26T01:06:31.889+0000] {logging_mixin.py:188} INFO - [2024-07-26T01:06:31.889+0000] {dagbag.py:540} INFO - Filling up the DagBag from /home/airflow/.local/lib/python3.8/site-packages/airflow/example_dags/example_dag_decorator.py
[2024-07-26T01:06:31.957+0000] {processor.py:840} INFO - DAG(s) 'example_dag_decorator' retrieved from /home/airflow/.local/lib/python3.8/site-packages/airflow/example_dags/example_dag_decorator.py
[2024-07-26T01:06:32.034+0000] {logging_mixin.py:188} INFO - [2024-07-26T01:06:32.034+0000] {dag.py:3047} INFO - Sync 1 DAGs
[2024-07-26T01:06:32.043+0000] {logging_mixin.py:188} INFO - [2024-07-26T01:06:32.043+0000] {dag.py:3834} INFO - Setting next_dagrun for example_dag_decorator to None, run_after=None
[2024-07-26T01:06:32.058+0000] {processor.py:183} INFO - Processing /home/airflow/.local/lib/python3.8/site-packages/airflow/example_dags/example_dag_decorator.py took 0.173 seconds
[2024-07-26T01:07:02.073+0000] {processor.py:161} INFO - Started process (PID=514) to work on /home/airflow/.local/lib/python3.8/site-packages/airflow/example_dags/example_dag_decorator.py
[2024-07-26T01:07:02.074+0000] {processor.py:830} INFO - Processing file /home/airflow/.local/lib/python3.8/site-packages/airflow/example_dags/example_dag_decorator.py for tasks to queue
[2024-07-26T01:07:02.075+0000] {logging_mixin.py:188} INFO - [2024-07-26T01:07:02.075+0000] {dagbag.py:540} INFO - Filling up the DagBag from /home/airflow/.local/lib/python3.8/site-packages/airflow/example_dags/example_dag_decorator.py
[2024-07-26T01:07:02.151+0000] {processor.py:840} INFO - DAG(s) 'example_dag_decorator' retrieved from /home/airflow/.local/lib/python3.8/site-packages/airflow/example_dags/example_dag_decorator.py
[2024-07-26T01:07:02.239+0000] {logging_mixin.py:188} INFO - [2024-07-26T01:07:02.238+0000] {dag.py:3047} INFO - Sync 1 DAGs
[2024-07-26T01:07:02.249+0000] {logging_mixin.py:188} INFO - [2024-07-26T01:07:02.249+0000] {dag.py:3834} INFO - Setting next_dagrun for example_dag_decorator to None, run_after=None
[2024-07-26T01:07:02.268+0000] {processor.py:183} INFO - Processing /home/airflow/.local/lib/python3.8/site-packages/airflow/example_dags/example_dag_decorator.py took 0.198 seconds
[2024-07-26T01:07:32.402+0000] {processor.py:161} INFO - Started process (PID=570) to work on /home/airflow/.local/lib/python3.8/site-packages/airflow/example_dags/example_dag_decorator.py
[2024-07-26T01:07:32.403+0000] {processor.py:830} INFO - Processing file /home/airflow/.local/lib/python3.8/site-packages/airflow/example_dags/example_dag_decorator.py for tasks to queue
[2024-07-26T01:07:32.404+0000] {logging_mixin.py:188} INFO - [2024-07-26T01:07:32.404+0000] {dagbag.py:540} INFO - Filling up the DagBag from /home/airflow/.local/lib/python3.8/site-packages/airflow/example_dags/example_dag_decorator.py
[2024-07-26T01:07:32.497+0000] {processor.py:840} INFO - DAG(s) 'example_dag_decorator' retrieved from /home/airflow/.local/lib/python3.8/site-packages/airflow/example_dags/example_dag_decorator.py
[2024-07-26T01:07:32.608+0000] {logging_mixin.py:188} INFO - [2024-07-26T01:07:32.607+0000] {dag.py:3047} INFO - Sync 1 DAGs
[2024-07-26T01:07:32.617+0000] {logging_mixin.py:188} INFO - [2024-07-26T01:07:32.617+0000] {dag.py:3834} INFO - Setting next_dagrun for example_dag_decorator to None, run_after=None
[2024-07-26T01:07:32.634+0000] {processor.py:183} INFO - Processing /home/airflow/.local/lib/python3.8/site-packages/airflow/example_dags/example_dag_decorator.py took 0.235 seconds
[2024-07-26T01:08:02.767+0000] {processor.py:161} INFO - Started process (PID=626) to work on /home/airflow/.local/lib/python3.8/site-packages/airflow/example_dags/example_dag_decorator.py
[2024-07-26T01:08:02.768+0000] {processor.py:830} INFO - Processing file /home/airflow/.local/lib/python3.8/site-packages/airflow/example_dags/example_dag_decorator.py for tasks to queue
[2024-07-26T01:08:02.770+0000] {logging_mixin.py:188} INFO - [2024-07-26T01:08:02.769+0000] {dagbag.py:540} INFO - Filling up the DagBag from /home/airflow/.local/lib/python3.8/site-packages/airflow/example_dags/example_dag_decorator.py
[2024-07-26T01:08:02.840+0000] {processor.py:840} INFO - DAG(s) 'example_dag_decorator' retrieved from /home/airflow/.local/lib/python3.8/site-packages/airflow/example_dags/example_dag_decorator.py
[2024-07-26T01:08:02.916+0000] {logging_mixin.py:188} INFO - [2024-07-26T01:08:02.916+0000] {dag.py:3047} INFO - Sync 1 DAGs
[2024-07-26T01:08:02.925+0000] {logging_mixin.py:188} INFO - [2024-07-26T01:08:02.925+0000] {dag.py:3834} INFO - Setting next_dagrun for example_dag_decorator to None, run_after=None
[2024-07-26T01:08:02.939+0000] {processor.py:183} INFO - Processing /home/airflow/.local/lib/python3.8/site-packages/airflow/example_dags/example_dag_decorator.py took 0.174 seconds
[2024-07-26T01:08:32.985+0000] {processor.py:161} INFO - Started process (PID=684) to work on /home/airflow/.local/lib/python3.8/site-packages/airflow/example_dags/example_dag_decorator.py
[2024-07-26T01:08:32.986+0000] {processor.py:830} INFO - Processing file /home/airflow/.local/lib/python3.8/site-packages/airflow/example_dags/example_dag_decorator.py for tasks to queue
[2024-07-26T01:08:32.987+0000] {logging_mixin.py:188} INFO - [2024-07-26T01:08:32.987+0000] {dagbag.py:540} INFO - Filling up the DagBag from /home/airflow/.local/lib/python3.8/site-packages/airflow/example_dags/example_dag_decorator.py
[2024-07-26T01:08:33.053+0000] {processor.py:840} INFO - DAG(s) 'example_dag_decorator' retrieved from /home/airflow/.local/lib/python3.8/site-packages/airflow/example_dags/example_dag_decorator.py
[2024-07-26T01:08:33.127+0000] {logging_mixin.py:188} INFO - [2024-07-26T01:08:33.127+0000] {dag.py:3047} INFO - Sync 1 DAGs
[2024-07-26T01:08:33.136+0000] {logging_mixin.py:188} INFO - [2024-07-26T01:08:33.136+0000] {dag.py:3834} INFO - Setting next_dagrun for example_dag_decorator to None, run_after=None
[2024-07-26T01:08:33.149+0000] {processor.py:183} INFO - Processing /home/airflow/.local/lib/python3.8/site-packages/airflow/example_dags/example_dag_decorator.py took 0.166 seconds
[2024-07-26T01:09:03.327+0000] {processor.py:161} INFO - Started process (PID=739) to work on /home/airflow/.local/lib/python3.8/site-packages/airflow/example_dags/example_dag_decorator.py
[2024-07-26T01:09:03.328+0000] {processor.py:830} INFO - Processing file /home/airflow/.local/lib/python3.8/site-packages/airflow/example_dags/example_dag_decorator.py for tasks to queue
[2024-07-26T01:09:03.330+0000] {logging_mixin.py:188} INFO - [2024-07-26T01:09:03.330+0000] {dagbag.py:540} INFO - Filling up the DagBag from /home/airflow/.local/lib/python3.8/site-packages/airflow/example_dags/example_dag_decorator.py
[2024-07-26T01:09:03.418+0000] {processor.py:840} INFO - DAG(s) 'example_dag_decorator' retrieved from /home/airflow/.local/lib/python3.8/site-packages/airflow/example_dags/example_dag_decorator.py
[2024-07-26T01:09:03.519+0000] {logging_mixin.py:188} INFO - [2024-07-26T01:09:03.518+0000] {dag.py:3047} INFO - Sync 1 DAGs
[2024-07-26T01:09:03.532+0000] {logging_mixin.py:188} INFO - [2024-07-26T01:09:03.531+0000] {dag.py:3834} INFO - Setting next_dagrun for example_dag_decorator to None, run_after=None
[2024-07-26T01:09:03.553+0000] {processor.py:183} INFO - Processing /home/airflow/.local/lib/python3.8/site-packages/airflow/example_dags/example_dag_decorator.py took 0.230 seconds
[2024-07-26T01:09:34.461+0000] {processor.py:161} INFO - Started process (PID=796) to work on /home/airflow/.local/lib/python3.8/site-packages/airflow/example_dags/example_dag_decorator.py
[2024-07-26T01:09:34.461+0000] {processor.py:830} INFO - Processing file /home/airflow/.local/lib/python3.8/site-packages/airflow/example_dags/example_dag_decorator.py for tasks to queue
[2024-07-26T01:09:34.463+0000] {logging_mixin.py:188} INFO - [2024-07-26T01:09:34.462+0000] {dagbag.py:540} INFO - Filling up the DagBag from /home/airflow/.local/lib/python3.8/site-packages/airflow/example_dags/example_dag_decorator.py
[2024-07-26T01:09:34.544+0000] {processor.py:840} INFO - DAG(s) 'example_dag_decorator' retrieved from /home/airflow/.local/lib/python3.8/site-packages/airflow/example_dags/example_dag_decorator.py
[2024-07-26T01:09:34.630+0000] {logging_mixin.py:188} INFO - [2024-07-26T01:09:34.630+0000] {dag.py:3047} INFO - Sync 1 DAGs
[2024-07-26T01:09:34.639+0000] {logging_mixin.py:188} INFO - [2024-07-26T01:09:34.639+0000] {dag.py:3834} INFO - Setting next_dagrun for example_dag_decorator to None, run_after=None
[2024-07-26T01:09:34.656+0000] {processor.py:183} INFO - Processing /home/airflow/.local/lib/python3.8/site-packages/airflow/example_dags/example_dag_decorator.py took 0.197 seconds
[2024-07-26T01:10:04.740+0000] {processor.py:161} INFO - Started process (PID=852) to work on /home/airflow/.local/lib/python3.8/site-packages/airflow/example_dags/example_dag_decorator.py
[2024-07-26T01:10:04.741+0000] {processor.py:830} INFO - Processing file /home/airflow/.local/lib/python3.8/site-packages/airflow/example_dags/example_dag_decorator.py for tasks to queue
[2024-07-26T01:10:04.743+0000] {logging_mixin.py:188} INFO - [2024-07-26T01:10:04.743+0000] {dagbag.py:540} INFO - Filling up the DagBag from /home/airflow/.local/lib/python3.8/site-packages/airflow/example_dags/example_dag_decorator.py
[2024-07-26T01:10:04.820+0000] {processor.py:840} INFO - DAG(s) 'example_dag_decorator' retrieved from /home/airflow/.local/lib/python3.8/site-packages/airflow/example_dags/example_dag_decorator.py
[2024-07-26T01:10:04.899+0000] {logging_mixin.py:188} INFO - [2024-07-26T01:10:04.898+0000] {dag.py:3047} INFO - Sync 1 DAGs
[2024-07-26T01:10:04.908+0000] {logging_mixin.py:188} INFO - [2024-07-26T01:10:04.908+0000] {dag.py:3834} INFO - Setting next_dagrun for example_dag_decorator to None, run_after=None
[2024-07-26T01:10:04.928+0000] {processor.py:183} INFO - Processing /home/airflow/.local/lib/python3.8/site-packages/airflow/example_dags/example_dag_decorator.py took 0.191 seconds
[2024-07-26T01:10:34.972+0000] {processor.py:161} INFO - Started process (PID=909) to work on /home/airflow/.local/lib/python3.8/site-packages/airflow/example_dags/example_dag_decorator.py
[2024-07-26T01:10:34.973+0000] {processor.py:830} INFO - Processing file /home/airflow/.local/lib/python3.8/site-packages/airflow/example_dags/example_dag_decorator.py for tasks to queue
[2024-07-26T01:10:34.974+0000] {logging_mixin.py:188} INFO - [2024-07-26T01:10:34.974+0000] {dagbag.py:540} INFO - Filling up the DagBag from /home/airflow/.local/lib/python3.8/site-packages/airflow/example_dags/example_dag_decorator.py
[2024-07-26T01:10:35.046+0000] {processor.py:840} INFO - DAG(s) 'example_dag_decorator' retrieved from /home/airflow/.local/lib/python3.8/site-packages/airflow/example_dags/example_dag_decorator.py
[2024-07-26T01:10:35.142+0000] {logging_mixin.py:188} INFO - [2024-07-26T01:10:35.141+0000] {dag.py:3047} INFO - Sync 1 DAGs
[2024-07-26T01:10:35.152+0000] {logging_mixin.py:188} INFO - [2024-07-26T01:10:35.152+0000] {dag.py:3834} INFO - Setting next_dagrun for example_dag_decorator to None, run_after=None
[2024-07-26T01:10:35.172+0000] {processor.py:183} INFO - Processing /home/airflow/.local/lib/python3.8/site-packages/airflow/example_dags/example_dag_decorator.py took 0.201 seconds
[2024-07-26T01:11:05.353+0000] {processor.py:161} INFO - Started process (PID=965) to work on /home/airflow/.local/lib/python3.8/site-packages/airflow/example_dags/example_dag_decorator.py
[2024-07-26T01:11:05.354+0000] {processor.py:830} INFO - Processing file /home/airflow/.local/lib/python3.8/site-packages/airflow/example_dags/example_dag_decorator.py for tasks to queue
[2024-07-26T01:11:05.355+0000] {logging_mixin.py:188} INFO - [2024-07-26T01:11:05.355+0000] {dagbag.py:540} INFO - Filling up the DagBag from /home/airflow/.local/lib/python3.8/site-packages/airflow/example_dags/example_dag_decorator.py
[2024-07-26T01:11:05.439+0000] {processor.py:840} INFO - DAG(s) 'example_dag_decorator' retrieved from /home/airflow/.local/lib/python3.8/site-packages/airflow/example_dags/example_dag_decorator.py
[2024-07-26T01:11:05.529+0000] {logging_mixin.py:188} INFO - [2024-07-26T01:11:05.528+0000] {dag.py:3047} INFO - Sync 1 DAGs
[2024-07-26T01:11:05.538+0000] {logging_mixin.py:188} INFO - [2024-07-26T01:11:05.538+0000] {dag.py:3834} INFO - Setting next_dagrun for example_dag_decorator to None, run_after=None
[2024-07-26T01:11:05.555+0000] {processor.py:183} INFO - Processing /home/airflow/.local/lib/python3.8/site-packages/airflow/example_dags/example_dag_decorator.py took 0.204 seconds
[2024-07-26T01:11:35.634+0000] {processor.py:161} INFO - Started process (PID=1022) to work on /home/airflow/.local/lib/python3.8/site-packages/airflow/example_dags/example_dag_decorator.py
[2024-07-26T01:11:35.635+0000] {processor.py:830} INFO - Processing file /home/airflow/.local/lib/python3.8/site-packages/airflow/example_dags/example_dag_decorator.py for tasks to queue
[2024-07-26T01:11:35.636+0000] {logging_mixin.py:188} INFO - [2024-07-26T01:11:35.636+0000] {dagbag.py:540} INFO - Filling up the DagBag from /home/airflow/.local/lib/python3.8/site-packages/airflow/example_dags/example_dag_decorator.py
[2024-07-26T01:11:35.711+0000] {processor.py:840} INFO - DAG(s) 'example_dag_decorator' retrieved from /home/airflow/.local/lib/python3.8/site-packages/airflow/example_dags/example_dag_decorator.py
[2024-07-26T01:11:35.799+0000] {logging_mixin.py:188} INFO - [2024-07-26T01:11:35.799+0000] {dag.py:3047} INFO - Sync 1 DAGs
[2024-07-26T01:11:35.810+0000] {logging_mixin.py:188} INFO - [2024-07-26T01:11:35.810+0000] {dag.py:3834} INFO - Setting next_dagrun for example_dag_decorator to None, run_after=None
[2024-07-26T01:11:35.828+0000] {processor.py:183} INFO - Processing /home/airflow/.local/lib/python3.8/site-packages/airflow/example_dags/example_dag_decorator.py took 0.197 seconds
[2024-07-26T01:12:05.867+0000] {processor.py:161} INFO - Started process (PID=1079) to work on /home/airflow/.local/lib/python3.8/site-packages/airflow/example_dags/example_dag_decorator.py
[2024-07-26T01:12:05.869+0000] {processor.py:830} INFO - Processing file /home/airflow/.local/lib/python3.8/site-packages/airflow/example_dags/example_dag_decorator.py for tasks to queue
[2024-07-26T01:12:05.870+0000] {logging_mixin.py:188} INFO - [2024-07-26T01:12:05.870+0000] {dagbag.py:540} INFO - Filling up the DagBag from /home/airflow/.local/lib/python3.8/site-packages/airflow/example_dags/example_dag_decorator.py
[2024-07-26T01:12:05.953+0000] {processor.py:840} INFO - DAG(s) 'example_dag_decorator' retrieved from /home/airflow/.local/lib/python3.8/site-packages/airflow/example_dags/example_dag_decorator.py
[2024-07-26T01:12:06.055+0000] {logging_mixin.py:188} INFO - [2024-07-26T01:12:06.055+0000] {dag.py:3047} INFO - Sync 1 DAGs
[2024-07-26T01:12:06.068+0000] {logging_mixin.py:188} INFO - [2024-07-26T01:12:06.068+0000] {dag.py:3834} INFO - Setting next_dagrun for example_dag_decorator to None, run_after=None
[2024-07-26T01:12:06.087+0000] {processor.py:183} INFO - Processing /home/airflow/.local/lib/python3.8/site-packages/airflow/example_dags/example_dag_decorator.py took 0.223 seconds
[2024-07-26T01:12:36.271+0000] {processor.py:161} INFO - Started process (PID=1137) to work on /home/airflow/.local/lib/python3.8/site-packages/airflow/example_dags/example_dag_decorator.py
[2024-07-26T01:12:36.271+0000] {processor.py:830} INFO - Processing file /home/airflow/.local/lib/python3.8/site-packages/airflow/example_dags/example_dag_decorator.py for tasks to queue
[2024-07-26T01:12:36.273+0000] {logging_mixin.py:188} INFO - [2024-07-26T01:12:36.272+0000] {dagbag.py:540} INFO - Filling up the DagBag from /home/airflow/.local/lib/python3.8/site-packages/airflow/example_dags/example_dag_decorator.py
[2024-07-26T01:12:36.370+0000] {processor.py:840} INFO - DAG(s) 'example_dag_decorator' retrieved from /home/airflow/.local/lib/python3.8/site-packages/airflow/example_dags/example_dag_decorator.py
[2024-07-26T01:12:36.467+0000] {logging_mixin.py:188} INFO - [2024-07-26T01:12:36.467+0000] {dag.py:3047} INFO - Sync 1 DAGs
[2024-07-26T01:12:36.478+0000] {logging_mixin.py:188} INFO - [2024-07-26T01:12:36.477+0000] {dag.py:3834} INFO - Setting next_dagrun for example_dag_decorator to None, run_after=None
[2024-07-26T01:12:36.497+0000] {processor.py:183} INFO - Processing /home/airflow/.local/lib/python3.8/site-packages/airflow/example_dags/example_dag_decorator.py took 0.229 seconds
[2024-07-26T01:13:07.407+0000] {processor.py:161} INFO - Started process (PID=1194) to work on /home/airflow/.local/lib/python3.8/site-packages/airflow/example_dags/example_dag_decorator.py
[2024-07-26T01:13:07.408+0000] {processor.py:830} INFO - Processing file /home/airflow/.local/lib/python3.8/site-packages/airflow/example_dags/example_dag_decorator.py for tasks to queue
[2024-07-26T01:13:07.410+0000] {logging_mixin.py:188} INFO - [2024-07-26T01:13:07.409+0000] {dagbag.py:540} INFO - Filling up the DagBag from /home/airflow/.local/lib/python3.8/site-packages/airflow/example_dags/example_dag_decorator.py
[2024-07-26T01:13:07.487+0000] {processor.py:840} INFO - DAG(s) 'example_dag_decorator' retrieved from /home/airflow/.local/lib/python3.8/site-packages/airflow/example_dags/example_dag_decorator.py
[2024-07-26T01:13:07.576+0000] {logging_mixin.py:188} INFO - [2024-07-26T01:13:07.576+0000] {dag.py:3047} INFO - Sync 1 DAGs
[2024-07-26T01:13:07.586+0000] {logging_mixin.py:188} INFO - [2024-07-26T01:13:07.586+0000] {dag.py:3834} INFO - Setting next_dagrun for example_dag_decorator to None, run_after=None
[2024-07-26T01:13:07.605+0000] {processor.py:183} INFO - Processing /home/airflow/.local/lib/python3.8/site-packages/airflow/example_dags/example_dag_decorator.py took 0.200 seconds
[2024-07-26T01:13:37.834+0000] {processor.py:161} INFO - Started process (PID=1250) to work on /home/airflow/.local/lib/python3.8/site-packages/airflow/example_dags/example_dag_decorator.py
[2024-07-26T01:13:37.835+0000] {processor.py:830} INFO - Processing file /home/airflow/.local/lib/python3.8/site-packages/airflow/example_dags/example_dag_decorator.py for tasks to queue
[2024-07-26T01:13:37.837+0000] {logging_mixin.py:188} INFO - [2024-07-26T01:13:37.836+0000] {dagbag.py:540} INFO - Filling up the DagBag from /home/airflow/.local/lib/python3.8/site-packages/airflow/example_dags/example_dag_decorator.py
[2024-07-26T01:13:37.915+0000] {processor.py:840} INFO - DAG(s) 'example_dag_decorator' retrieved from /home/airflow/.local/lib/python3.8/site-packages/airflow/example_dags/example_dag_decorator.py
[2024-07-26T01:13:38.001+0000] {logging_mixin.py:188} INFO - [2024-07-26T01:13:38.000+0000] {dag.py:3047} INFO - Sync 1 DAGs
[2024-07-26T01:13:38.010+0000] {logging_mixin.py:188} INFO - [2024-07-26T01:13:38.010+0000] {dag.py:3834} INFO - Setting next_dagrun for example_dag_decorator to None, run_after=None
[2024-07-26T01:13:38.027+0000] {processor.py:183} INFO - Processing /home/airflow/.local/lib/python3.8/site-packages/airflow/example_dags/example_dag_decorator.py took 0.196 seconds
[2024-07-26T01:14:08.073+0000] {processor.py:161} INFO - Started process (PID=1308) to work on /home/airflow/.local/lib/python3.8/site-packages/airflow/example_dags/example_dag_decorator.py
[2024-07-26T01:14:08.074+0000] {processor.py:830} INFO - Processing file /home/airflow/.local/lib/python3.8/site-packages/airflow/example_dags/example_dag_decorator.py for tasks to queue
[2024-07-26T01:14:08.076+0000] {logging_mixin.py:188} INFO - [2024-07-26T01:14:08.075+0000] {dagbag.py:540} INFO - Filling up the DagBag from /home/airflow/.local/lib/python3.8/site-packages/airflow/example_dags/example_dag_decorator.py
[2024-07-26T01:14:08.155+0000] {processor.py:840} INFO - DAG(s) 'example_dag_decorator' retrieved from /home/airflow/.local/lib/python3.8/site-packages/airflow/example_dags/example_dag_decorator.py
[2024-07-26T01:14:08.236+0000] {logging_mixin.py:188} INFO - [2024-07-26T01:14:08.236+0000] {dag.py:3047} INFO - Sync 1 DAGs
[2024-07-26T01:14:08.245+0000] {logging_mixin.py:188} INFO - [2024-07-26T01:14:08.245+0000] {dag.py:3834} INFO - Setting next_dagrun for example_dag_decorator to None, run_after=None
[2024-07-26T01:14:08.261+0000] {processor.py:183} INFO - Processing /home/airflow/.local/lib/python3.8/site-packages/airflow/example_dags/example_dag_decorator.py took 0.190 seconds
[2024-07-26T01:14:38.513+0000] {processor.py:161} INFO - Started process (PID=1362) to work on /home/airflow/.local/lib/python3.8/site-packages/airflow/example_dags/example_dag_decorator.py
[2024-07-26T01:14:38.514+0000] {processor.py:830} INFO - Processing file /home/airflow/.local/lib/python3.8/site-packages/airflow/example_dags/example_dag_decorator.py for tasks to queue
[2024-07-26T01:14:38.515+0000] {logging_mixin.py:188} INFO - [2024-07-26T01:14:38.515+0000] {dagbag.py:540} INFO - Filling up the DagBag from /home/airflow/.local/lib/python3.8/site-packages/airflow/example_dags/example_dag_decorator.py
[2024-07-26T01:14:38.609+0000] {processor.py:840} INFO - DAG(s) 'example_dag_decorator' retrieved from /home/airflow/.local/lib/python3.8/site-packages/airflow/example_dags/example_dag_decorator.py
[2024-07-26T01:14:38.717+0000] {logging_mixin.py:188} INFO - [2024-07-26T01:14:38.717+0000] {dag.py:3047} INFO - Sync 1 DAGs
[2024-07-26T01:14:38.727+0000] {logging_mixin.py:188} INFO - [2024-07-26T01:14:38.727+0000] {dag.py:3834} INFO - Setting next_dagrun for example_dag_decorator to None, run_after=None
[2024-07-26T01:14:38.750+0000] {processor.py:183} INFO - Processing /home/airflow/.local/lib/python3.8/site-packages/airflow/example_dags/example_dag_decorator.py took 0.240 seconds
[2024-07-26T01:15:08.765+0000] {processor.py:161} INFO - Started process (PID=1420) to work on /home/airflow/.local/lib/python3.8/site-packages/airflow/example_dags/example_dag_decorator.py
[2024-07-26T01:15:08.766+0000] {processor.py:830} INFO - Processing file /home/airflow/.local/lib/python3.8/site-packages/airflow/example_dags/example_dag_decorator.py for tasks to queue
[2024-07-26T01:15:08.767+0000] {logging_mixin.py:188} INFO - [2024-07-26T01:15:08.767+0000] {dagbag.py:540} INFO - Filling up the DagBag from /home/airflow/.local/lib/python3.8/site-packages/airflow/example_dags/example_dag_decorator.py
[2024-07-26T01:15:08.836+0000] {processor.py:840} INFO - DAG(s) 'example_dag_decorator' retrieved from /home/airflow/.local/lib/python3.8/site-packages/airflow/example_dags/example_dag_decorator.py
[2024-07-26T01:15:08.916+0000] {logging_mixin.py:188} INFO - [2024-07-26T01:15:08.915+0000] {dag.py:3047} INFO - Sync 1 DAGs
[2024-07-26T01:15:08.925+0000] {logging_mixin.py:188} INFO - [2024-07-26T01:15:08.925+0000] {dag.py:3834} INFO - Setting next_dagrun for example_dag_decorator to None, run_after=None
[2024-07-26T01:15:08.956+0000] {processor.py:183} INFO - Processing /home/airflow/.local/lib/python3.8/site-packages/airflow/example_dags/example_dag_decorator.py took 0.193 seconds
[2024-07-26T01:15:39.049+0000] {processor.py:161} INFO - Started process (PID=1474) to work on /home/airflow/.local/lib/python3.8/site-packages/airflow/example_dags/example_dag_decorator.py
[2024-07-26T01:15:39.050+0000] {processor.py:830} INFO - Processing file /home/airflow/.local/lib/python3.8/site-packages/airflow/example_dags/example_dag_decorator.py for tasks to queue
[2024-07-26T01:15:39.051+0000] {logging_mixin.py:188} INFO - [2024-07-26T01:15:39.050+0000] {dagbag.py:540} INFO - Filling up the DagBag from /home/airflow/.local/lib/python3.8/site-packages/airflow/example_dags/example_dag_decorator.py
[2024-07-26T01:15:39.136+0000] {processor.py:840} INFO - DAG(s) 'example_dag_decorator' retrieved from /home/airflow/.local/lib/python3.8/site-packages/airflow/example_dags/example_dag_decorator.py
[2024-07-26T01:15:39.228+0000] {logging_mixin.py:188} INFO - [2024-07-26T01:15:39.228+0000] {dag.py:3047} INFO - Sync 1 DAGs
[2024-07-26T01:15:39.237+0000] {logging_mixin.py:188} INFO - [2024-07-26T01:15:39.237+0000] {dag.py:3834} INFO - Setting next_dagrun for example_dag_decorator to None, run_after=None
[2024-07-26T01:15:39.259+0000] {processor.py:183} INFO - Processing /home/airflow/.local/lib/python3.8/site-packages/airflow/example_dags/example_dag_decorator.py took 0.212 seconds
[2024-07-26T01:16:09.408+0000] {processor.py:161} INFO - Started process (PID=1530) to work on /home/airflow/.local/lib/python3.8/site-packages/airflow/example_dags/example_dag_decorator.py
[2024-07-26T01:16:09.410+0000] {processor.py:830} INFO - Processing file /home/airflow/.local/lib/python3.8/site-packages/airflow/example_dags/example_dag_decorator.py for tasks to queue
[2024-07-26T01:16:09.411+0000] {logging_mixin.py:188} INFO - [2024-07-26T01:16:09.411+0000] {dagbag.py:540} INFO - Filling up the DagBag from /home/airflow/.local/lib/python3.8/site-packages/airflow/example_dags/example_dag_decorator.py
[2024-07-26T01:16:09.498+0000] {processor.py:840} INFO - DAG(s) 'example_dag_decorator' retrieved from /home/airflow/.local/lib/python3.8/site-packages/airflow/example_dags/example_dag_decorator.py
[2024-07-26T01:16:09.522+0000] {logging_mixin.py:188} INFO - [2024-07-26T01:16:09.521+0000] {dag.py:3047} INFO - Sync 1 DAGs
[2024-07-26T01:16:09.535+0000] {logging_mixin.py:188} INFO - [2024-07-26T01:16:09.535+0000] {dag.py:3834} INFO - Setting next_dagrun for example_dag_decorator to None, run_after=None
[2024-07-26T01:16:09.556+0000] {processor.py:183} INFO - Processing /home/airflow/.local/lib/python3.8/site-packages/airflow/example_dags/example_dag_decorator.py took 0.151 seconds
[2024-07-26T01:16:39.755+0000] {processor.py:161} INFO - Started process (PID=1586) to work on /home/airflow/.local/lib/python3.8/site-packages/airflow/example_dags/example_dag_decorator.py
[2024-07-26T01:16:39.755+0000] {processor.py:830} INFO - Processing file /home/airflow/.local/lib/python3.8/site-packages/airflow/example_dags/example_dag_decorator.py for tasks to queue
[2024-07-26T01:16:39.757+0000] {logging_mixin.py:188} INFO - [2024-07-26T01:16:39.757+0000] {dagbag.py:540} INFO - Filling up the DagBag from /home/airflow/.local/lib/python3.8/site-packages/airflow/example_dags/example_dag_decorator.py
[2024-07-26T01:16:39.850+0000] {processor.py:840} INFO - DAG(s) 'example_dag_decorator' retrieved from /home/airflow/.local/lib/python3.8/site-packages/airflow/example_dags/example_dag_decorator.py
[2024-07-26T01:16:39.875+0000] {logging_mixin.py:188} INFO - [2024-07-26T01:16:39.874+0000] {dag.py:3047} INFO - Sync 1 DAGs
[2024-07-26T01:16:39.885+0000] {logging_mixin.py:188} INFO - [2024-07-26T01:16:39.885+0000] {dag.py:3834} INFO - Setting next_dagrun for example_dag_decorator to None, run_after=None
[2024-07-26T01:16:39.908+0000] {processor.py:183} INFO - Processing /home/airflow/.local/lib/python3.8/site-packages/airflow/example_dags/example_dag_decorator.py took 0.156 seconds
[2024-07-26T01:17:10.219+0000] {processor.py:161} INFO - Started process (PID=1642) to work on /home/airflow/.local/lib/python3.8/site-packages/airflow/example_dags/example_dag_decorator.py
[2024-07-26T01:17:10.224+0000] {processor.py:830} INFO - Processing file /home/airflow/.local/lib/python3.8/site-packages/airflow/example_dags/example_dag_decorator.py for tasks to queue
[2024-07-26T01:17:10.225+0000] {logging_mixin.py:188} INFO - [2024-07-26T01:17:10.225+0000] {dagbag.py:540} INFO - Filling up the DagBag from /home/airflow/.local/lib/python3.8/site-packages/airflow/example_dags/example_dag_decorator.py
[2024-07-26T01:17:10.308+0000] {processor.py:840} INFO - DAG(s) 'example_dag_decorator' retrieved from /home/airflow/.local/lib/python3.8/site-packages/airflow/example_dags/example_dag_decorator.py
[2024-07-26T01:17:10.404+0000] {logging_mixin.py:188} INFO - [2024-07-26T01:17:10.404+0000] {dag.py:3047} INFO - Sync 1 DAGs
[2024-07-26T01:17:10.416+0000] {logging_mixin.py:188} INFO - [2024-07-26T01:17:10.415+0000] {dag.py:3834} INFO - Setting next_dagrun for example_dag_decorator to None, run_after=None
[2024-07-26T01:17:10.436+0000] {processor.py:183} INFO - Processing /home/airflow/.local/lib/python3.8/site-packages/airflow/example_dags/example_dag_decorator.py took 0.219 seconds
[2024-07-26T01:17:40.656+0000] {processor.py:161} INFO - Started process (PID=1698) to work on /home/airflow/.local/lib/python3.8/site-packages/airflow/example_dags/example_dag_decorator.py
[2024-07-26T01:17:40.657+0000] {processor.py:830} INFO - Processing file /home/airflow/.local/lib/python3.8/site-packages/airflow/example_dags/example_dag_decorator.py for tasks to queue
[2024-07-26T01:17:40.659+0000] {logging_mixin.py:188} INFO - [2024-07-26T01:17:40.658+0000] {dagbag.py:540} INFO - Filling up the DagBag from /home/airflow/.local/lib/python3.8/site-packages/airflow/example_dags/example_dag_decorator.py
[2024-07-26T01:17:40.750+0000] {processor.py:840} INFO - DAG(s) 'example_dag_decorator' retrieved from /home/airflow/.local/lib/python3.8/site-packages/airflow/example_dags/example_dag_decorator.py
[2024-07-26T01:17:40.776+0000] {logging_mixin.py:188} INFO - [2024-07-26T01:17:40.775+0000] {dag.py:3047} INFO - Sync 1 DAGs
[2024-07-26T01:17:40.789+0000] {logging_mixin.py:188} INFO - [2024-07-26T01:17:40.788+0000] {dag.py:3834} INFO - Setting next_dagrun for example_dag_decorator to None, run_after=None
[2024-07-26T01:17:40.810+0000] {processor.py:183} INFO - Processing /home/airflow/.local/lib/python3.8/site-packages/airflow/example_dags/example_dag_decorator.py took 0.156 seconds
[2024-07-26T01:18:11.125+0000] {processor.py:161} INFO - Started process (PID=1754) to work on /home/airflow/.local/lib/python3.8/site-packages/airflow/example_dags/example_dag_decorator.py
[2024-07-26T01:18:11.126+0000] {processor.py:830} INFO - Processing file /home/airflow/.local/lib/python3.8/site-packages/airflow/example_dags/example_dag_decorator.py for tasks to queue
[2024-07-26T01:18:11.129+0000] {logging_mixin.py:188} INFO - [2024-07-26T01:18:11.128+0000] {dagbag.py:540} INFO - Filling up the DagBag from /home/airflow/.local/lib/python3.8/site-packages/airflow/example_dags/example_dag_decorator.py
[2024-07-26T01:18:11.203+0000] {processor.py:840} INFO - DAG(s) 'example_dag_decorator' retrieved from /home/airflow/.local/lib/python3.8/site-packages/airflow/example_dags/example_dag_decorator.py
[2024-07-26T01:18:11.395+0000] {logging_mixin.py:188} INFO - [2024-07-26T01:18:11.395+0000] {dag.py:3047} INFO - Sync 1 DAGs
[2024-07-26T01:18:11.404+0000] {logging_mixin.py:188} INFO - [2024-07-26T01:18:11.403+0000] {dag.py:3834} INFO - Setting next_dagrun for example_dag_decorator to None, run_after=None
[2024-07-26T01:18:11.423+0000] {processor.py:183} INFO - Processing /home/airflow/.local/lib/python3.8/site-packages/airflow/example_dags/example_dag_decorator.py took 0.300 seconds
[2024-07-26T01:18:41.569+0000] {processor.py:161} INFO - Started process (PID=1810) to work on /home/airflow/.local/lib/python3.8/site-packages/airflow/example_dags/example_dag_decorator.py
[2024-07-26T01:18:41.570+0000] {processor.py:830} INFO - Processing file /home/airflow/.local/lib/python3.8/site-packages/airflow/example_dags/example_dag_decorator.py for tasks to queue
[2024-07-26T01:18:41.571+0000] {logging_mixin.py:188} INFO - [2024-07-26T01:18:41.571+0000] {dagbag.py:540} INFO - Filling up the DagBag from /home/airflow/.local/lib/python3.8/site-packages/airflow/example_dags/example_dag_decorator.py
[2024-07-26T01:18:41.642+0000] {processor.py:840} INFO - DAG(s) 'example_dag_decorator' retrieved from /home/airflow/.local/lib/python3.8/site-packages/airflow/example_dags/example_dag_decorator.py
[2024-07-26T01:18:41.663+0000] {logging_mixin.py:188} INFO - [2024-07-26T01:18:41.663+0000] {dag.py:3047} INFO - Sync 1 DAGs
[2024-07-26T01:18:41.673+0000] {logging_mixin.py:188} INFO - [2024-07-26T01:18:41.673+0000] {dag.py:3834} INFO - Setting next_dagrun for example_dag_decorator to None, run_after=None
[2024-07-26T01:18:41.688+0000] {processor.py:183} INFO - Processing /home/airflow/.local/lib/python3.8/site-packages/airflow/example_dags/example_dag_decorator.py took 0.121 seconds
[2024-07-26T02:06:20.183+0000] {processor.py:161} INFO - Started process (PID=54) to work on /home/airflow/.local/lib/python3.8/site-packages/airflow/example_dags/example_dag_decorator.py
[2024-07-26T02:06:20.184+0000] {processor.py:830} INFO - Processing file /home/airflow/.local/lib/python3.8/site-packages/airflow/example_dags/example_dag_decorator.py for tasks to queue
[2024-07-26T02:06:20.186+0000] {logging_mixin.py:188} INFO - [2024-07-26T02:06:20.186+0000] {dagbag.py:540} INFO - Filling up the DagBag from /home/airflow/.local/lib/python3.8/site-packages/airflow/example_dags/example_dag_decorator.py
[2024-07-26T02:06:20.368+0000] {processor.py:840} INFO - DAG(s) 'example_dag_decorator' retrieved from /home/airflow/.local/lib/python3.8/site-packages/airflow/example_dags/example_dag_decorator.py
[2024-07-26T02:06:20.380+0000] {logging_mixin.py:188} INFO - [2024-07-26T02:06:20.380+0000] {dag.py:3047} INFO - Sync 1 DAGs
[2024-07-26T02:06:20.396+0000] {logging_mixin.py:188} INFO - [2024-07-26T02:06:20.396+0000] {dag.py:3834} INFO - Setting next_dagrun for example_dag_decorator to None, run_after=None
[2024-07-26T02:06:20.414+0000] {processor.py:183} INFO - Processing /home/airflow/.local/lib/python3.8/site-packages/airflow/example_dags/example_dag_decorator.py took 0.234 seconds
[2024-07-26T02:06:50.617+0000] {processor.py:161} INFO - Started process (PID=110) to work on /home/airflow/.local/lib/python3.8/site-packages/airflow/example_dags/example_dag_decorator.py
[2024-07-26T02:06:50.618+0000] {processor.py:830} INFO - Processing file /home/airflow/.local/lib/python3.8/site-packages/airflow/example_dags/example_dag_decorator.py for tasks to queue
[2024-07-26T02:06:50.619+0000] {logging_mixin.py:188} INFO - [2024-07-26T02:06:50.619+0000] {dagbag.py:540} INFO - Filling up the DagBag from /home/airflow/.local/lib/python3.8/site-packages/airflow/example_dags/example_dag_decorator.py
[2024-07-26T02:06:50.691+0000] {processor.py:840} INFO - DAG(s) 'example_dag_decorator' retrieved from /home/airflow/.local/lib/python3.8/site-packages/airflow/example_dags/example_dag_decorator.py
[2024-07-26T02:06:50.773+0000] {logging_mixin.py:188} INFO - [2024-07-26T02:06:50.772+0000] {dag.py:3047} INFO - Sync 1 DAGs
[2024-07-26T02:06:50.782+0000] {logging_mixin.py:188} INFO - [2024-07-26T02:06:50.782+0000] {dag.py:3834} INFO - Setting next_dagrun for example_dag_decorator to None, run_after=None
[2024-07-26T02:06:50.799+0000] {processor.py:183} INFO - Processing /home/airflow/.local/lib/python3.8/site-packages/airflow/example_dags/example_dag_decorator.py took 0.185 seconds
[2024-07-26T02:07:20.871+0000] {processor.py:161} INFO - Started process (PID=174) to work on /home/airflow/.local/lib/python3.8/site-packages/airflow/example_dags/example_dag_decorator.py
[2024-07-26T02:07:20.871+0000] {processor.py:830} INFO - Processing file /home/airflow/.local/lib/python3.8/site-packages/airflow/example_dags/example_dag_decorator.py for tasks to queue
[2024-07-26T02:07:20.873+0000] {logging_mixin.py:188} INFO - [2024-07-26T02:07:20.872+0000] {dagbag.py:540} INFO - Filling up the DagBag from /home/airflow/.local/lib/python3.8/site-packages/airflow/example_dags/example_dag_decorator.py
[2024-07-26T02:07:20.945+0000] {processor.py:840} INFO - DAG(s) 'example_dag_decorator' retrieved from /home/airflow/.local/lib/python3.8/site-packages/airflow/example_dags/example_dag_decorator.py
[2024-07-26T02:07:21.036+0000] {logging_mixin.py:188} INFO - [2024-07-26T02:07:21.036+0000] {dag.py:3047} INFO - Sync 1 DAGs
[2024-07-26T02:07:21.046+0000] {logging_mixin.py:188} INFO - [2024-07-26T02:07:21.046+0000] {dag.py:3834} INFO - Setting next_dagrun for example_dag_decorator to None, run_after=None
[2024-07-26T02:07:21.065+0000] {processor.py:183} INFO - Processing /home/airflow/.local/lib/python3.8/site-packages/airflow/example_dags/example_dag_decorator.py took 0.196 seconds
