[2024-06-29T23:00:24.187+0000] {processor.py:161} INFO - Started process (PID=61) to work on /home/airflow/.local/lib/python3.8/site-packages/airflow/example_dags/example_short_circuit_decorator.py
[2024-06-29T23:00:24.188+0000] {processor.py:830} INFO - Processing file /home/airflow/.local/lib/python3.8/site-packages/airflow/example_dags/example_short_circuit_decorator.py for tasks to queue
[2024-06-29T23:00:24.190+0000] {logging_mixin.py:188} INFO - [2024-06-29T23:00:24.189+0000] {dagbag.py:540} INFO - Filling up the DagBag from /home/airflow/.local/lib/python3.8/site-packages/airflow/example_dags/example_short_circuit_decorator.py
[2024-06-29T23:00:24.201+0000] {processor.py:840} INFO - DAG(s) 'example_short_circuit_decorator' retrieved from /home/airflow/.local/lib/python3.8/site-packages/airflow/example_dags/example_short_circuit_decorator.py
[2024-06-29T23:00:24.211+0000] {logging_mixin.py:188} INFO - [2024-06-29T23:00:24.210+0000] {dag.py:3047} INFO - Sync 1 DAGs
[2024-06-29T23:00:24.236+0000] {logging_mixin.py:188} INFO - [2024-06-29T23:00:24.236+0000] {dag.py:3834} INFO - Setting next_dagrun for example_short_circuit_decorator to 2024-06-28 00:00:00+00:00, run_after=2024-06-29 00:00:00+00:00
[2024-06-29T23:00:24.258+0000] {processor.py:183} INFO - Processing /home/airflow/.local/lib/python3.8/site-packages/airflow/example_dags/example_short_circuit_decorator.py took 0.073 seconds
[2024-06-29T23:00:55.072+0000] {processor.py:161} INFO - Started process (PID=117) to work on /home/airflow/.local/lib/python3.8/site-packages/airflow/example_dags/example_short_circuit_decorator.py
[2024-06-29T23:00:55.073+0000] {processor.py:830} INFO - Processing file /home/airflow/.local/lib/python3.8/site-packages/airflow/example_dags/example_short_circuit_decorator.py for tasks to queue
[2024-06-29T23:00:55.074+0000] {logging_mixin.py:188} INFO - [2024-06-29T23:00:55.074+0000] {dagbag.py:540} INFO - Filling up the DagBag from /home/airflow/.local/lib/python3.8/site-packages/airflow/example_dags/example_short_circuit_decorator.py
[2024-06-29T23:00:55.083+0000] {processor.py:840} INFO - DAG(s) 'example_short_circuit_decorator' retrieved from /home/airflow/.local/lib/python3.8/site-packages/airflow/example_dags/example_short_circuit_decorator.py
[2024-06-29T23:00:55.172+0000] {logging_mixin.py:188} INFO - [2024-06-29T23:00:55.171+0000] {dag.py:3047} INFO - Sync 1 DAGs
[2024-06-29T23:00:55.188+0000] {logging_mixin.py:188} INFO - [2024-06-29T23:00:55.188+0000] {dag.py:3834} INFO - Setting next_dagrun for example_short_circuit_decorator to 2024-06-28 00:00:00+00:00, run_after=2024-06-29 00:00:00+00:00
[2024-06-29T23:00:55.204+0000] {processor.py:183} INFO - Processing /home/airflow/.local/lib/python3.8/site-packages/airflow/example_dags/example_short_circuit_decorator.py took 0.136 seconds
[2024-06-29T23:01:26.167+0000] {processor.py:161} INFO - Started process (PID=173) to work on /home/airflow/.local/lib/python3.8/site-packages/airflow/example_dags/example_short_circuit_decorator.py
[2024-06-29T23:01:26.168+0000] {processor.py:830} INFO - Processing file /home/airflow/.local/lib/python3.8/site-packages/airflow/example_dags/example_short_circuit_decorator.py for tasks to queue
[2024-06-29T23:01:26.169+0000] {logging_mixin.py:188} INFO - [2024-06-29T23:01:26.168+0000] {dagbag.py:540} INFO - Filling up the DagBag from /home/airflow/.local/lib/python3.8/site-packages/airflow/example_dags/example_short_circuit_decorator.py
[2024-06-29T23:01:26.176+0000] {processor.py:840} INFO - DAG(s) 'example_short_circuit_decorator' retrieved from /home/airflow/.local/lib/python3.8/site-packages/airflow/example_dags/example_short_circuit_decorator.py
[2024-06-29T23:01:26.198+0000] {logging_mixin.py:188} INFO - [2024-06-29T23:01:26.197+0000] {dag.py:3047} INFO - Sync 1 DAGs
[2024-06-29T23:01:26.217+0000] {logging_mixin.py:188} INFO - [2024-06-29T23:01:26.217+0000] {dag.py:3834} INFO - Setting next_dagrun for example_short_circuit_decorator to 2024-06-28 00:00:00+00:00, run_after=2024-06-29 00:00:00+00:00
[2024-06-29T23:01:26.234+0000] {processor.py:183} INFO - Processing /home/airflow/.local/lib/python3.8/site-packages/airflow/example_dags/example_short_circuit_decorator.py took 0.070 seconds
[2024-06-29T23:01:57.224+0000] {processor.py:161} INFO - Started process (PID=229) to work on /home/airflow/.local/lib/python3.8/site-packages/airflow/example_dags/example_short_circuit_decorator.py
[2024-06-29T23:01:57.225+0000] {processor.py:830} INFO - Processing file /home/airflow/.local/lib/python3.8/site-packages/airflow/example_dags/example_short_circuit_decorator.py for tasks to queue
[2024-06-29T23:01:57.226+0000] {logging_mixin.py:188} INFO - [2024-06-29T23:01:57.226+0000] {dagbag.py:540} INFO - Filling up the DagBag from /home/airflow/.local/lib/python3.8/site-packages/airflow/example_dags/example_short_circuit_decorator.py
[2024-06-29T23:01:57.234+0000] {processor.py:840} INFO - DAG(s) 'example_short_circuit_decorator' retrieved from /home/airflow/.local/lib/python3.8/site-packages/airflow/example_dags/example_short_circuit_decorator.py
[2024-06-29T23:01:57.252+0000] {logging_mixin.py:188} INFO - [2024-06-29T23:01:57.252+0000] {dag.py:3047} INFO - Sync 1 DAGs
[2024-06-29T23:01:57.270+0000] {logging_mixin.py:188} INFO - [2024-06-29T23:01:57.270+0000] {dag.py:3834} INFO - Setting next_dagrun for example_short_circuit_decorator to 2024-06-28 00:00:00+00:00, run_after=2024-06-29 00:00:00+00:00
[2024-06-29T23:01:57.284+0000] {processor.py:183} INFO - Processing /home/airflow/.local/lib/python3.8/site-packages/airflow/example_dags/example_short_circuit_decorator.py took 0.063 seconds
[2024-06-29T23:02:27.689+0000] {processor.py:161} INFO - Started process (PID=285) to work on /home/airflow/.local/lib/python3.8/site-packages/airflow/example_dags/example_short_circuit_decorator.py
[2024-06-29T23:02:27.689+0000] {processor.py:830} INFO - Processing file /home/airflow/.local/lib/python3.8/site-packages/airflow/example_dags/example_short_circuit_decorator.py for tasks to queue
[2024-06-29T23:02:27.691+0000] {logging_mixin.py:188} INFO - [2024-06-29T23:02:27.690+0000] {dagbag.py:540} INFO - Filling up the DagBag from /home/airflow/.local/lib/python3.8/site-packages/airflow/example_dags/example_short_circuit_decorator.py
[2024-06-29T23:02:27.698+0000] {processor.py:840} INFO - DAG(s) 'example_short_circuit_decorator' retrieved from /home/airflow/.local/lib/python3.8/site-packages/airflow/example_dags/example_short_circuit_decorator.py
[2024-06-29T23:02:27.717+0000] {logging_mixin.py:188} INFO - [2024-06-29T23:02:27.717+0000] {dag.py:3047} INFO - Sync 1 DAGs
[2024-06-29T23:02:27.736+0000] {logging_mixin.py:188} INFO - [2024-06-29T23:02:27.736+0000] {dag.py:3834} INFO - Setting next_dagrun for example_short_circuit_decorator to 2024-06-28 00:00:00+00:00, run_after=2024-06-29 00:00:00+00:00
[2024-06-29T23:02:27.752+0000] {processor.py:183} INFO - Processing /home/airflow/.local/lib/python3.8/site-packages/airflow/example_dags/example_short_circuit_decorator.py took 0.066 seconds
[2024-06-29T23:02:57.786+0000] {processor.py:161} INFO - Started process (PID=341) to work on /home/airflow/.local/lib/python3.8/site-packages/airflow/example_dags/example_short_circuit_decorator.py
[2024-06-29T23:02:57.787+0000] {processor.py:830} INFO - Processing file /home/airflow/.local/lib/python3.8/site-packages/airflow/example_dags/example_short_circuit_decorator.py for tasks to queue
[2024-06-29T23:02:57.788+0000] {logging_mixin.py:188} INFO - [2024-06-29T23:02:57.787+0000] {dagbag.py:540} INFO - Filling up the DagBag from /home/airflow/.local/lib/python3.8/site-packages/airflow/example_dags/example_short_circuit_decorator.py
[2024-06-29T23:02:57.794+0000] {processor.py:840} INFO - DAG(s) 'example_short_circuit_decorator' retrieved from /home/airflow/.local/lib/python3.8/site-packages/airflow/example_dags/example_short_circuit_decorator.py
[2024-06-29T23:02:57.812+0000] {logging_mixin.py:188} INFO - [2024-06-29T23:02:57.811+0000] {dag.py:3047} INFO - Sync 1 DAGs
[2024-06-29T23:02:57.828+0000] {logging_mixin.py:188} INFO - [2024-06-29T23:02:57.828+0000] {dag.py:3834} INFO - Setting next_dagrun for example_short_circuit_decorator to 2024-06-28 00:00:00+00:00, run_after=2024-06-29 00:00:00+00:00
[2024-06-29T23:02:57.843+0000] {processor.py:183} INFO - Processing /home/airflow/.local/lib/python3.8/site-packages/airflow/example_dags/example_short_circuit_decorator.py took 0.059 seconds
[2024-06-29T23:03:28.079+0000] {processor.py:161} INFO - Started process (PID=397) to work on /home/airflow/.local/lib/python3.8/site-packages/airflow/example_dags/example_short_circuit_decorator.py
[2024-06-29T23:03:28.080+0000] {processor.py:830} INFO - Processing file /home/airflow/.local/lib/python3.8/site-packages/airflow/example_dags/example_short_circuit_decorator.py for tasks to queue
[2024-06-29T23:03:28.083+0000] {logging_mixin.py:188} INFO - [2024-06-29T23:03:28.082+0000] {dagbag.py:540} INFO - Filling up the DagBag from /home/airflow/.local/lib/python3.8/site-packages/airflow/example_dags/example_short_circuit_decorator.py
[2024-06-29T23:03:28.095+0000] {processor.py:840} INFO - DAG(s) 'example_short_circuit_decorator' retrieved from /home/airflow/.local/lib/python3.8/site-packages/airflow/example_dags/example_short_circuit_decorator.py
[2024-06-29T23:03:28.123+0000] {logging_mixin.py:188} INFO - [2024-06-29T23:03:28.123+0000] {dag.py:3047} INFO - Sync 1 DAGs
[2024-06-29T23:03:28.144+0000] {logging_mixin.py:188} INFO - [2024-06-29T23:03:28.144+0000] {dag.py:3834} INFO - Setting next_dagrun for example_short_circuit_decorator to 2024-06-28 00:00:00+00:00, run_after=2024-06-29 00:00:00+00:00
[2024-06-29T23:03:28.168+0000] {processor.py:183} INFO - Processing /home/airflow/.local/lib/python3.8/site-packages/airflow/example_dags/example_short_circuit_decorator.py took 0.093 seconds
[2024-06-29T23:03:58.368+0000] {processor.py:161} INFO - Started process (PID=454) to work on /home/airflow/.local/lib/python3.8/site-packages/airflow/example_dags/example_short_circuit_decorator.py
[2024-06-29T23:03:58.369+0000] {processor.py:830} INFO - Processing file /home/airflow/.local/lib/python3.8/site-packages/airflow/example_dags/example_short_circuit_decorator.py for tasks to queue
[2024-06-29T23:03:58.370+0000] {logging_mixin.py:188} INFO - [2024-06-29T23:03:58.370+0000] {dagbag.py:540} INFO - Filling up the DagBag from /home/airflow/.local/lib/python3.8/site-packages/airflow/example_dags/example_short_circuit_decorator.py
[2024-06-29T23:03:58.377+0000] {processor.py:840} INFO - DAG(s) 'example_short_circuit_decorator' retrieved from /home/airflow/.local/lib/python3.8/site-packages/airflow/example_dags/example_short_circuit_decorator.py
[2024-06-29T23:03:58.401+0000] {logging_mixin.py:188} INFO - [2024-06-29T23:03:58.401+0000] {dag.py:3047} INFO - Sync 1 DAGs
[2024-06-29T23:03:58.418+0000] {logging_mixin.py:188} INFO - [2024-06-29T23:03:58.417+0000] {dag.py:3834} INFO - Setting next_dagrun for example_short_circuit_decorator to 2024-06-28 00:00:00+00:00, run_after=2024-06-29 00:00:00+00:00
[2024-06-29T23:03:58.432+0000] {processor.py:183} INFO - Processing /home/airflow/.local/lib/python3.8/site-packages/airflow/example_dags/example_short_circuit_decorator.py took 0.066 seconds
[2024-06-29T23:04:28.604+0000] {processor.py:161} INFO - Started process (PID=510) to work on /home/airflow/.local/lib/python3.8/site-packages/airflow/example_dags/example_short_circuit_decorator.py
[2024-06-29T23:04:28.605+0000] {processor.py:830} INFO - Processing file /home/airflow/.local/lib/python3.8/site-packages/airflow/example_dags/example_short_circuit_decorator.py for tasks to queue
[2024-06-29T23:04:28.606+0000] {logging_mixin.py:188} INFO - [2024-06-29T23:04:28.605+0000] {dagbag.py:540} INFO - Filling up the DagBag from /home/airflow/.local/lib/python3.8/site-packages/airflow/example_dags/example_short_circuit_decorator.py
[2024-06-29T23:04:28.613+0000] {processor.py:840} INFO - DAG(s) 'example_short_circuit_decorator' retrieved from /home/airflow/.local/lib/python3.8/site-packages/airflow/example_dags/example_short_circuit_decorator.py
[2024-06-29T23:04:28.630+0000] {logging_mixin.py:188} INFO - [2024-06-29T23:04:28.630+0000] {dag.py:3047} INFO - Sync 1 DAGs
[2024-06-29T23:04:28.646+0000] {logging_mixin.py:188} INFO - [2024-06-29T23:04:28.646+0000] {dag.py:3834} INFO - Setting next_dagrun for example_short_circuit_decorator to 2024-06-28 00:00:00+00:00, run_after=2024-06-29 00:00:00+00:00
[2024-06-29T23:04:28.660+0000] {processor.py:183} INFO - Processing /home/airflow/.local/lib/python3.8/site-packages/airflow/example_dags/example_short_circuit_decorator.py took 0.059 seconds
[2024-06-29T23:04:58.700+0000] {processor.py:161} INFO - Started process (PID=567) to work on /home/airflow/.local/lib/python3.8/site-packages/airflow/example_dags/example_short_circuit_decorator.py
[2024-06-29T23:04:58.701+0000] {processor.py:830} INFO - Processing file /home/airflow/.local/lib/python3.8/site-packages/airflow/example_dags/example_short_circuit_decorator.py for tasks to queue
[2024-06-29T23:04:58.702+0000] {logging_mixin.py:188} INFO - [2024-06-29T23:04:58.702+0000] {dagbag.py:540} INFO - Filling up the DagBag from /home/airflow/.local/lib/python3.8/site-packages/airflow/example_dags/example_short_circuit_decorator.py
[2024-06-29T23:04:58.709+0000] {processor.py:840} INFO - DAG(s) 'example_short_circuit_decorator' retrieved from /home/airflow/.local/lib/python3.8/site-packages/airflow/example_dags/example_short_circuit_decorator.py
[2024-06-29T23:04:58.728+0000] {logging_mixin.py:188} INFO - [2024-06-29T23:04:58.727+0000] {dag.py:3047} INFO - Sync 1 DAGs
[2024-06-29T23:04:58.746+0000] {logging_mixin.py:188} INFO - [2024-06-29T23:04:58.746+0000] {dag.py:3834} INFO - Setting next_dagrun for example_short_circuit_decorator to 2024-06-28 00:00:00+00:00, run_after=2024-06-29 00:00:00+00:00
[2024-06-29T23:04:58.763+0000] {processor.py:183} INFO - Processing /home/airflow/.local/lib/python3.8/site-packages/airflow/example_dags/example_short_circuit_decorator.py took 0.065 seconds
[2024-06-29T23:05:28.828+0000] {processor.py:161} INFO - Started process (PID=623) to work on /home/airflow/.local/lib/python3.8/site-packages/airflow/example_dags/example_short_circuit_decorator.py
[2024-06-29T23:05:28.830+0000] {processor.py:830} INFO - Processing file /home/airflow/.local/lib/python3.8/site-packages/airflow/example_dags/example_short_circuit_decorator.py for tasks to queue
[2024-06-29T23:05:28.831+0000] {logging_mixin.py:188} INFO - [2024-06-29T23:05:28.831+0000] {dagbag.py:540} INFO - Filling up the DagBag from /home/airflow/.local/lib/python3.8/site-packages/airflow/example_dags/example_short_circuit_decorator.py
[2024-06-29T23:05:28.838+0000] {processor.py:840} INFO - DAG(s) 'example_short_circuit_decorator' retrieved from /home/airflow/.local/lib/python3.8/site-packages/airflow/example_dags/example_short_circuit_decorator.py
[2024-06-29T23:05:28.855+0000] {logging_mixin.py:188} INFO - [2024-06-29T23:05:28.855+0000] {dag.py:3047} INFO - Sync 1 DAGs
[2024-06-29T23:05:28.870+0000] {logging_mixin.py:188} INFO - [2024-06-29T23:05:28.870+0000] {dag.py:3834} INFO - Setting next_dagrun for example_short_circuit_decorator to 2024-06-28 00:00:00+00:00, run_after=2024-06-29 00:00:00+00:00
[2024-06-29T23:05:28.886+0000] {processor.py:183} INFO - Processing /home/airflow/.local/lib/python3.8/site-packages/airflow/example_dags/example_short_circuit_decorator.py took 0.060 seconds
[2024-06-29T23:05:58.930+0000] {processor.py:161} INFO - Started process (PID=679) to work on /home/airflow/.local/lib/python3.8/site-packages/airflow/example_dags/example_short_circuit_decorator.py
[2024-06-29T23:05:58.931+0000] {processor.py:830} INFO - Processing file /home/airflow/.local/lib/python3.8/site-packages/airflow/example_dags/example_short_circuit_decorator.py for tasks to queue
[2024-06-29T23:05:58.932+0000] {logging_mixin.py:188} INFO - [2024-06-29T23:05:58.932+0000] {dagbag.py:540} INFO - Filling up the DagBag from /home/airflow/.local/lib/python3.8/site-packages/airflow/example_dags/example_short_circuit_decorator.py
[2024-06-29T23:05:58.939+0000] {processor.py:840} INFO - DAG(s) 'example_short_circuit_decorator' retrieved from /home/airflow/.local/lib/python3.8/site-packages/airflow/example_dags/example_short_circuit_decorator.py
[2024-06-29T23:05:58.958+0000] {logging_mixin.py:188} INFO - [2024-06-29T23:05:58.958+0000] {dag.py:3047} INFO - Sync 1 DAGs
[2024-06-29T23:05:58.977+0000] {logging_mixin.py:188} INFO - [2024-06-29T23:05:58.977+0000] {dag.py:3834} INFO - Setting next_dagrun for example_short_circuit_decorator to 2024-06-28 00:00:00+00:00, run_after=2024-06-29 00:00:00+00:00
[2024-06-29T23:05:58.994+0000] {processor.py:183} INFO - Processing /home/airflow/.local/lib/python3.8/site-packages/airflow/example_dags/example_short_circuit_decorator.py took 0.067 seconds
[2024-06-29T23:06:29.073+0000] {processor.py:161} INFO - Started process (PID=735) to work on /home/airflow/.local/lib/python3.8/site-packages/airflow/example_dags/example_short_circuit_decorator.py
[2024-06-29T23:06:29.074+0000] {processor.py:830} INFO - Processing file /home/airflow/.local/lib/python3.8/site-packages/airflow/example_dags/example_short_circuit_decorator.py for tasks to queue
[2024-06-29T23:06:29.075+0000] {logging_mixin.py:188} INFO - [2024-06-29T23:06:29.075+0000] {dagbag.py:540} INFO - Filling up the DagBag from /home/airflow/.local/lib/python3.8/site-packages/airflow/example_dags/example_short_circuit_decorator.py
[2024-06-29T23:06:29.084+0000] {processor.py:840} INFO - DAG(s) 'example_short_circuit_decorator' retrieved from /home/airflow/.local/lib/python3.8/site-packages/airflow/example_dags/example_short_circuit_decorator.py
[2024-06-29T23:06:29.106+0000] {logging_mixin.py:188} INFO - [2024-06-29T23:06:29.105+0000] {dag.py:3047} INFO - Sync 1 DAGs
[2024-06-29T23:06:29.125+0000] {logging_mixin.py:188} INFO - [2024-06-29T23:06:29.125+0000] {dag.py:3834} INFO - Setting next_dagrun for example_short_circuit_decorator to 2024-06-28 00:00:00+00:00, run_after=2024-06-29 00:00:00+00:00
[2024-06-29T23:06:29.141+0000] {processor.py:183} INFO - Processing /home/airflow/.local/lib/python3.8/site-packages/airflow/example_dags/example_short_circuit_decorator.py took 0.071 seconds
[2024-06-29T23:06:59.199+0000] {processor.py:161} INFO - Started process (PID=791) to work on /home/airflow/.local/lib/python3.8/site-packages/airflow/example_dags/example_short_circuit_decorator.py
[2024-06-29T23:06:59.199+0000] {processor.py:830} INFO - Processing file /home/airflow/.local/lib/python3.8/site-packages/airflow/example_dags/example_short_circuit_decorator.py for tasks to queue
[2024-06-29T23:06:59.200+0000] {logging_mixin.py:188} INFO - [2024-06-29T23:06:59.200+0000] {dagbag.py:540} INFO - Filling up the DagBag from /home/airflow/.local/lib/python3.8/site-packages/airflow/example_dags/example_short_circuit_decorator.py
[2024-06-29T23:06:59.207+0000] {processor.py:840} INFO - DAG(s) 'example_short_circuit_decorator' retrieved from /home/airflow/.local/lib/python3.8/site-packages/airflow/example_dags/example_short_circuit_decorator.py
[2024-06-29T23:06:59.225+0000] {logging_mixin.py:188} INFO - [2024-06-29T23:06:59.225+0000] {dag.py:3047} INFO - Sync 1 DAGs
[2024-06-29T23:06:59.242+0000] {logging_mixin.py:188} INFO - [2024-06-29T23:06:59.242+0000] {dag.py:3834} INFO - Setting next_dagrun for example_short_circuit_decorator to 2024-06-28 00:00:00+00:00, run_after=2024-06-29 00:00:00+00:00
[2024-06-29T23:06:59.258+0000] {processor.py:183} INFO - Processing /home/airflow/.local/lib/python3.8/site-packages/airflow/example_dags/example_short_circuit_decorator.py took 0.062 seconds
[2024-06-29T23:07:29.276+0000] {processor.py:161} INFO - Started process (PID=846) to work on /home/airflow/.local/lib/python3.8/site-packages/airflow/example_dags/example_short_circuit_decorator.py
[2024-06-29T23:07:29.276+0000] {processor.py:830} INFO - Processing file /home/airflow/.local/lib/python3.8/site-packages/airflow/example_dags/example_short_circuit_decorator.py for tasks to queue
[2024-06-29T23:07:29.277+0000] {logging_mixin.py:188} INFO - [2024-06-29T23:07:29.277+0000] {dagbag.py:540} INFO - Filling up the DagBag from /home/airflow/.local/lib/python3.8/site-packages/airflow/example_dags/example_short_circuit_decorator.py
[2024-06-29T23:07:29.284+0000] {processor.py:840} INFO - DAG(s) 'example_short_circuit_decorator' retrieved from /home/airflow/.local/lib/python3.8/site-packages/airflow/example_dags/example_short_circuit_decorator.py
[2024-06-29T23:07:29.301+0000] {logging_mixin.py:188} INFO - [2024-06-29T23:07:29.301+0000] {dag.py:3047} INFO - Sync 1 DAGs
[2024-06-29T23:07:29.317+0000] {logging_mixin.py:188} INFO - [2024-06-29T23:07:29.317+0000] {dag.py:3834} INFO - Setting next_dagrun for example_short_circuit_decorator to 2024-06-28 00:00:00+00:00, run_after=2024-06-29 00:00:00+00:00
[2024-06-29T23:07:29.331+0000] {processor.py:183} INFO - Processing /home/airflow/.local/lib/python3.8/site-packages/airflow/example_dags/example_short_circuit_decorator.py took 0.057 seconds
[2024-06-29T23:07:59.516+0000] {processor.py:161} INFO - Started process (PID=902) to work on /home/airflow/.local/lib/python3.8/site-packages/airflow/example_dags/example_short_circuit_decorator.py
[2024-06-29T23:07:59.516+0000] {processor.py:830} INFO - Processing file /home/airflow/.local/lib/python3.8/site-packages/airflow/example_dags/example_short_circuit_decorator.py for tasks to queue
[2024-06-29T23:07:59.517+0000] {logging_mixin.py:188} INFO - [2024-06-29T23:07:59.517+0000] {dagbag.py:540} INFO - Filling up the DagBag from /home/airflow/.local/lib/python3.8/site-packages/airflow/example_dags/example_short_circuit_decorator.py
[2024-06-29T23:07:59.525+0000] {processor.py:840} INFO - DAG(s) 'example_short_circuit_decorator' retrieved from /home/airflow/.local/lib/python3.8/site-packages/airflow/example_dags/example_short_circuit_decorator.py
[2024-06-29T23:07:59.545+0000] {logging_mixin.py:188} INFO - [2024-06-29T23:07:59.544+0000] {dag.py:3047} INFO - Sync 1 DAGs
[2024-06-29T23:07:59.564+0000] {logging_mixin.py:188} INFO - [2024-06-29T23:07:59.563+0000] {dag.py:3834} INFO - Setting next_dagrun for example_short_circuit_decorator to 2024-06-28 00:00:00+00:00, run_after=2024-06-29 00:00:00+00:00
[2024-06-29T23:07:59.582+0000] {processor.py:183} INFO - Processing /home/airflow/.local/lib/python3.8/site-packages/airflow/example_dags/example_short_circuit_decorator.py took 0.069 seconds
[2024-06-29T23:08:29.687+0000] {processor.py:161} INFO - Started process (PID=958) to work on /home/airflow/.local/lib/python3.8/site-packages/airflow/example_dags/example_short_circuit_decorator.py
[2024-06-29T23:08:29.701+0000] {processor.py:830} INFO - Processing file /home/airflow/.local/lib/python3.8/site-packages/airflow/example_dags/example_short_circuit_decorator.py for tasks to queue
[2024-06-29T23:08:29.703+0000] {logging_mixin.py:188} INFO - [2024-06-29T23:08:29.702+0000] {dagbag.py:540} INFO - Filling up the DagBag from /home/airflow/.local/lib/python3.8/site-packages/airflow/example_dags/example_short_circuit_decorator.py
[2024-06-29T23:08:29.709+0000] {processor.py:840} INFO - DAG(s) 'example_short_circuit_decorator' retrieved from /home/airflow/.local/lib/python3.8/site-packages/airflow/example_dags/example_short_circuit_decorator.py
[2024-06-29T23:08:29.727+0000] {logging_mixin.py:188} INFO - [2024-06-29T23:08:29.727+0000] {dag.py:3047} INFO - Sync 1 DAGs
[2024-06-29T23:08:29.744+0000] {logging_mixin.py:188} INFO - [2024-06-29T23:08:29.744+0000] {dag.py:3834} INFO - Setting next_dagrun for example_short_circuit_decorator to 2024-06-28 00:00:00+00:00, run_after=2024-06-29 00:00:00+00:00
[2024-06-29T23:08:29.759+0000] {processor.py:183} INFO - Processing /home/airflow/.local/lib/python3.8/site-packages/airflow/example_dags/example_short_circuit_decorator.py took 0.074 seconds
[2024-06-29T23:08:59.771+0000] {processor.py:161} INFO - Started process (PID=1014) to work on /home/airflow/.local/lib/python3.8/site-packages/airflow/example_dags/example_short_circuit_decorator.py
[2024-06-29T23:08:59.785+0000] {processor.py:830} INFO - Processing file /home/airflow/.local/lib/python3.8/site-packages/airflow/example_dags/example_short_circuit_decorator.py for tasks to queue
[2024-06-29T23:08:59.787+0000] {logging_mixin.py:188} INFO - [2024-06-29T23:08:59.786+0000] {dagbag.py:540} INFO - Filling up the DagBag from /home/airflow/.local/lib/python3.8/site-packages/airflow/example_dags/example_short_circuit_decorator.py
[2024-06-29T23:08:59.793+0000] {processor.py:840} INFO - DAG(s) 'example_short_circuit_decorator' retrieved from /home/airflow/.local/lib/python3.8/site-packages/airflow/example_dags/example_short_circuit_decorator.py
[2024-06-29T23:08:59.810+0000] {logging_mixin.py:188} INFO - [2024-06-29T23:08:59.810+0000] {dag.py:3047} INFO - Sync 1 DAGs
[2024-06-29T23:08:59.826+0000] {logging_mixin.py:188} INFO - [2024-06-29T23:08:59.825+0000] {dag.py:3834} INFO - Setting next_dagrun for example_short_circuit_decorator to 2024-06-28 00:00:00+00:00, run_after=2024-06-29 00:00:00+00:00
[2024-06-29T23:08:59.840+0000] {processor.py:183} INFO - Processing /home/airflow/.local/lib/python3.8/site-packages/airflow/example_dags/example_short_circuit_decorator.py took 0.071 seconds
