[2024-06-29T23:00:23.226+0000] {processor.py:161} INFO - Started process (PID=42) to work on /home/airflow/.local/lib/python3.8/site-packages/airflow/example_dags/example_xcom.py
[2024-06-29T23:00:23.227+0000] {processor.py:830} INFO - Processing file /home/airflow/.local/lib/python3.8/site-packages/airflow/example_dags/example_xcom.py for tasks to queue
[2024-06-29T23:00:23.228+0000] {logging_mixin.py:188} INFO - [2024-06-29T23:00:23.228+0000] {dagbag.py:540} INFO - Filling up the DagBag from /home/airflow/.local/lib/python3.8/site-packages/airflow/example_dags/example_xcom.py
[2024-06-29T23:00:23.236+0000] {processor.py:840} INFO - DAG(s) 'example_xcom' retrieved from /home/airflow/.local/lib/python3.8/site-packages/airflow/example_dags/example_xcom.py
[2024-06-29T23:00:23.244+0000] {logging_mixin.py:188} INFO - [2024-06-29T23:00:23.244+0000] {dag.py:3047} INFO - Sync 1 DAGs
[2024-06-29T23:00:23.263+0000] {logging_mixin.py:188} INFO - [2024-06-29T23:00:23.263+0000] {dag.py:3834} INFO - Setting next_dagrun for example_xcom to 2021-01-01 00:00:00+00:00, run_after=2021-01-01 00:00:00+00:00
[2024-06-29T23:00:23.286+0000] {processor.py:183} INFO - Processing /home/airflow/.local/lib/python3.8/site-packages/airflow/example_dags/example_xcom.py took 0.062 seconds
[2024-06-29T23:00:53.488+0000] {processor.py:161} INFO - Started process (PID=98) to work on /home/airflow/.local/lib/python3.8/site-packages/airflow/example_dags/example_xcom.py
[2024-06-29T23:00:53.489+0000] {processor.py:830} INFO - Processing file /home/airflow/.local/lib/python3.8/site-packages/airflow/example_dags/example_xcom.py for tasks to queue
[2024-06-29T23:00:53.490+0000] {logging_mixin.py:188} INFO - [2024-06-29T23:00:53.489+0000] {dagbag.py:540} INFO - Filling up the DagBag from /home/airflow/.local/lib/python3.8/site-packages/airflow/example_dags/example_xcom.py
[2024-06-29T23:00:53.496+0000] {processor.py:840} INFO - DAG(s) 'example_xcom' retrieved from /home/airflow/.local/lib/python3.8/site-packages/airflow/example_dags/example_xcom.py
[2024-06-29T23:00:53.582+0000] {logging_mixin.py:188} INFO - [2024-06-29T23:00:53.582+0000] {dag.py:3047} INFO - Sync 1 DAGs
[2024-06-29T23:00:53.598+0000] {logging_mixin.py:188} INFO - [2024-06-29T23:00:53.598+0000] {dag.py:3834} INFO - Setting next_dagrun for example_xcom to 2021-01-01 00:00:00+00:00, run_after=2021-01-01 00:00:00+00:00
[2024-06-29T23:00:53.616+0000] {processor.py:183} INFO - Processing /home/airflow/.local/lib/python3.8/site-packages/airflow/example_dags/example_xcom.py took 0.131 seconds
[2024-06-29T23:01:24.339+0000] {processor.py:161} INFO - Started process (PID=154) to work on /home/airflow/.local/lib/python3.8/site-packages/airflow/example_dags/example_xcom.py
[2024-06-29T23:01:24.339+0000] {processor.py:830} INFO - Processing file /home/airflow/.local/lib/python3.8/site-packages/airflow/example_dags/example_xcom.py for tasks to queue
[2024-06-29T23:01:24.340+0000] {logging_mixin.py:188} INFO - [2024-06-29T23:01:24.340+0000] {dagbag.py:540} INFO - Filling up the DagBag from /home/airflow/.local/lib/python3.8/site-packages/airflow/example_dags/example_xcom.py
[2024-06-29T23:01:24.346+0000] {processor.py:840} INFO - DAG(s) 'example_xcom' retrieved from /home/airflow/.local/lib/python3.8/site-packages/airflow/example_dags/example_xcom.py
[2024-06-29T23:01:24.363+0000] {logging_mixin.py:188} INFO - [2024-06-29T23:01:24.362+0000] {dag.py:3047} INFO - Sync 1 DAGs
[2024-06-29T23:01:24.381+0000] {logging_mixin.py:188} INFO - [2024-06-29T23:01:24.381+0000] {dag.py:3834} INFO - Setting next_dagrun for example_xcom to 2021-01-01 00:00:00+00:00, run_after=2021-01-01 00:00:00+00:00
[2024-06-29T23:01:24.397+0000] {processor.py:183} INFO - Processing /home/airflow/.local/lib/python3.8/site-packages/airflow/example_dags/example_xcom.py took 0.061 seconds
[2024-06-29T23:01:54.450+0000] {processor.py:161} INFO - Started process (PID=210) to work on /home/airflow/.local/lib/python3.8/site-packages/airflow/example_dags/example_xcom.py
[2024-06-29T23:01:54.451+0000] {processor.py:830} INFO - Processing file /home/airflow/.local/lib/python3.8/site-packages/airflow/example_dags/example_xcom.py for tasks to queue
[2024-06-29T23:01:54.452+0000] {logging_mixin.py:188} INFO - [2024-06-29T23:01:54.452+0000] {dagbag.py:540} INFO - Filling up the DagBag from /home/airflow/.local/lib/python3.8/site-packages/airflow/example_dags/example_xcom.py
[2024-06-29T23:01:54.457+0000] {processor.py:840} INFO - DAG(s) 'example_xcom' retrieved from /home/airflow/.local/lib/python3.8/site-packages/airflow/example_dags/example_xcom.py
[2024-06-29T23:01:54.474+0000] {logging_mixin.py:188} INFO - [2024-06-29T23:01:54.474+0000] {dag.py:3047} INFO - Sync 1 DAGs
[2024-06-29T23:01:54.492+0000] {logging_mixin.py:188} INFO - [2024-06-29T23:01:54.492+0000] {dag.py:3834} INFO - Setting next_dagrun for example_xcom to 2021-01-01 00:00:00+00:00, run_after=2021-01-01 00:00:00+00:00
[2024-06-29T23:01:54.507+0000] {processor.py:183} INFO - Processing /home/airflow/.local/lib/python3.8/site-packages/airflow/example_dags/example_xcom.py took 0.059 seconds
[2024-06-29T23:02:24.647+0000] {processor.py:161} INFO - Started process (PID=266) to work on /home/airflow/.local/lib/python3.8/site-packages/airflow/example_dags/example_xcom.py
[2024-06-29T23:02:24.648+0000] {processor.py:830} INFO - Processing file /home/airflow/.local/lib/python3.8/site-packages/airflow/example_dags/example_xcom.py for tasks to queue
[2024-06-29T23:02:24.651+0000] {logging_mixin.py:188} INFO - [2024-06-29T23:02:24.651+0000] {dagbag.py:540} INFO - Filling up the DagBag from /home/airflow/.local/lib/python3.8/site-packages/airflow/example_dags/example_xcom.py
[2024-06-29T23:02:24.663+0000] {processor.py:840} INFO - DAG(s) 'example_xcom' retrieved from /home/airflow/.local/lib/python3.8/site-packages/airflow/example_dags/example_xcom.py
[2024-06-29T23:02:24.687+0000] {logging_mixin.py:188} INFO - [2024-06-29T23:02:24.687+0000] {dag.py:3047} INFO - Sync 1 DAGs
[2024-06-29T23:02:24.710+0000] {logging_mixin.py:188} INFO - [2024-06-29T23:02:24.710+0000] {dag.py:3834} INFO - Setting next_dagrun for example_xcom to 2021-01-01 00:00:00+00:00, run_after=2021-01-01 00:00:00+00:00
[2024-06-29T23:02:24.732+0000] {processor.py:183} INFO - Processing /home/airflow/.local/lib/python3.8/site-packages/airflow/example_dags/example_xcom.py took 0.089 seconds
[2024-06-29T23:02:54.840+0000] {processor.py:161} INFO - Started process (PID=322) to work on /home/airflow/.local/lib/python3.8/site-packages/airflow/example_dags/example_xcom.py
[2024-06-29T23:02:54.840+0000] {processor.py:830} INFO - Processing file /home/airflow/.local/lib/python3.8/site-packages/airflow/example_dags/example_xcom.py for tasks to queue
[2024-06-29T23:02:54.841+0000] {logging_mixin.py:188} INFO - [2024-06-29T23:02:54.841+0000] {dagbag.py:540} INFO - Filling up the DagBag from /home/airflow/.local/lib/python3.8/site-packages/airflow/example_dags/example_xcom.py
[2024-06-29T23:02:54.847+0000] {processor.py:840} INFO - DAG(s) 'example_xcom' retrieved from /home/airflow/.local/lib/python3.8/site-packages/airflow/example_dags/example_xcom.py
[2024-06-29T23:02:54.863+0000] {logging_mixin.py:188} INFO - [2024-06-29T23:02:54.863+0000] {dag.py:3047} INFO - Sync 1 DAGs
[2024-06-29T23:02:54.879+0000] {logging_mixin.py:188} INFO - [2024-06-29T23:02:54.879+0000] {dag.py:3834} INFO - Setting next_dagrun for example_xcom to 2021-01-01 00:00:00+00:00, run_after=2021-01-01 00:00:00+00:00
[2024-06-29T23:02:54.894+0000] {processor.py:183} INFO - Processing /home/airflow/.local/lib/python3.8/site-packages/airflow/example_dags/example_xcom.py took 0.056 seconds
[2024-06-29T23:03:25.180+0000] {processor.py:161} INFO - Started process (PID=378) to work on /home/airflow/.local/lib/python3.8/site-packages/airflow/example_dags/example_xcom.py
[2024-06-29T23:03:25.181+0000] {processor.py:830} INFO - Processing file /home/airflow/.local/lib/python3.8/site-packages/airflow/example_dags/example_xcom.py for tasks to queue
[2024-06-29T23:03:25.182+0000] {logging_mixin.py:188} INFO - [2024-06-29T23:03:25.182+0000] {dagbag.py:540} INFO - Filling up the DagBag from /home/airflow/.local/lib/python3.8/site-packages/airflow/example_dags/example_xcom.py
[2024-06-29T23:03:25.188+0000] {processor.py:840} INFO - DAG(s) 'example_xcom' retrieved from /home/airflow/.local/lib/python3.8/site-packages/airflow/example_dags/example_xcom.py
[2024-06-29T23:03:25.206+0000] {logging_mixin.py:188} INFO - [2024-06-29T23:03:25.206+0000] {dag.py:3047} INFO - Sync 1 DAGs
[2024-06-29T23:03:25.224+0000] {logging_mixin.py:188} INFO - [2024-06-29T23:03:25.224+0000] {dag.py:3834} INFO - Setting next_dagrun for example_xcom to 2021-01-01 00:00:00+00:00, run_after=2021-01-01 00:00:00+00:00
[2024-06-29T23:03:25.241+0000] {processor.py:183} INFO - Processing /home/airflow/.local/lib/python3.8/site-packages/airflow/example_dags/example_xcom.py took 0.063 seconds
[2024-06-29T23:03:55.539+0000] {processor.py:161} INFO - Started process (PID=435) to work on /home/airflow/.local/lib/python3.8/site-packages/airflow/example_dags/example_xcom.py
[2024-06-29T23:03:55.540+0000] {processor.py:830} INFO - Processing file /home/airflow/.local/lib/python3.8/site-packages/airflow/example_dags/example_xcom.py for tasks to queue
[2024-06-29T23:03:55.542+0000] {logging_mixin.py:188} INFO - [2024-06-29T23:03:55.541+0000] {dagbag.py:540} INFO - Filling up the DagBag from /home/airflow/.local/lib/python3.8/site-packages/airflow/example_dags/example_xcom.py
[2024-06-29T23:03:55.549+0000] {processor.py:840} INFO - DAG(s) 'example_xcom' retrieved from /home/airflow/.local/lib/python3.8/site-packages/airflow/example_dags/example_xcom.py
[2024-06-29T23:03:55.570+0000] {logging_mixin.py:188} INFO - [2024-06-29T23:03:55.569+0000] {dag.py:3047} INFO - Sync 1 DAGs
[2024-06-29T23:03:55.593+0000] {logging_mixin.py:188} INFO - [2024-06-29T23:03:55.593+0000] {dag.py:3834} INFO - Setting next_dagrun for example_xcom to 2021-01-01 00:00:00+00:00, run_after=2021-01-01 00:00:00+00:00
[2024-06-29T23:03:55.612+0000] {processor.py:183} INFO - Processing /home/airflow/.local/lib/python3.8/site-packages/airflow/example_dags/example_xcom.py took 0.076 seconds
[2024-06-29T23:04:25.656+0000] {processor.py:161} INFO - Started process (PID=491) to work on /home/airflow/.local/lib/python3.8/site-packages/airflow/example_dags/example_xcom.py
[2024-06-29T23:04:25.657+0000] {processor.py:830} INFO - Processing file /home/airflow/.local/lib/python3.8/site-packages/airflow/example_dags/example_xcom.py for tasks to queue
[2024-06-29T23:04:25.659+0000] {logging_mixin.py:188} INFO - [2024-06-29T23:04:25.658+0000] {dagbag.py:540} INFO - Filling up the DagBag from /home/airflow/.local/lib/python3.8/site-packages/airflow/example_dags/example_xcom.py
[2024-06-29T23:04:25.664+0000] {processor.py:840} INFO - DAG(s) 'example_xcom' retrieved from /home/airflow/.local/lib/python3.8/site-packages/airflow/example_dags/example_xcom.py
[2024-06-29T23:04:25.681+0000] {logging_mixin.py:188} INFO - [2024-06-29T23:04:25.681+0000] {dag.py:3047} INFO - Sync 1 DAGs
[2024-06-29T23:04:25.697+0000] {logging_mixin.py:188} INFO - [2024-06-29T23:04:25.697+0000] {dag.py:3834} INFO - Setting next_dagrun for example_xcom to 2021-01-01 00:00:00+00:00, run_after=2021-01-01 00:00:00+00:00
[2024-06-29T23:04:25.714+0000] {processor.py:183} INFO - Processing /home/airflow/.local/lib/python3.8/site-packages/airflow/example_dags/example_xcom.py took 0.060 seconds
[2024-06-29T23:04:55.796+0000] {processor.py:161} INFO - Started process (PID=548) to work on /home/airflow/.local/lib/python3.8/site-packages/airflow/example_dags/example_xcom.py
[2024-06-29T23:04:55.797+0000] {processor.py:830} INFO - Processing file /home/airflow/.local/lib/python3.8/site-packages/airflow/example_dags/example_xcom.py for tasks to queue
[2024-06-29T23:04:55.799+0000] {logging_mixin.py:188} INFO - [2024-06-29T23:04:55.798+0000] {dagbag.py:540} INFO - Filling up the DagBag from /home/airflow/.local/lib/python3.8/site-packages/airflow/example_dags/example_xcom.py
[2024-06-29T23:04:55.804+0000] {processor.py:840} INFO - DAG(s) 'example_xcom' retrieved from /home/airflow/.local/lib/python3.8/site-packages/airflow/example_dags/example_xcom.py
[2024-06-29T23:04:55.819+0000] {logging_mixin.py:188} INFO - [2024-06-29T23:04:55.818+0000] {dag.py:3047} INFO - Sync 1 DAGs
[2024-06-29T23:04:55.834+0000] {logging_mixin.py:188} INFO - [2024-06-29T23:04:55.834+0000] {dag.py:3834} INFO - Setting next_dagrun for example_xcom to 2021-01-01 00:00:00+00:00, run_after=2021-01-01 00:00:00+00:00
[2024-06-29T23:04:55.848+0000] {processor.py:183} INFO - Processing /home/airflow/.local/lib/python3.8/site-packages/airflow/example_dags/example_xcom.py took 0.054 seconds
[2024-06-29T23:05:25.969+0000] {processor.py:161} INFO - Started process (PID=604) to work on /home/airflow/.local/lib/python3.8/site-packages/airflow/example_dags/example_xcom.py
[2024-06-29T23:05:25.970+0000] {processor.py:830} INFO - Processing file /home/airflow/.local/lib/python3.8/site-packages/airflow/example_dags/example_xcom.py for tasks to queue
[2024-06-29T23:05:25.971+0000] {logging_mixin.py:188} INFO - [2024-06-29T23:05:25.971+0000] {dagbag.py:540} INFO - Filling up the DagBag from /home/airflow/.local/lib/python3.8/site-packages/airflow/example_dags/example_xcom.py
[2024-06-29T23:05:25.976+0000] {processor.py:840} INFO - DAG(s) 'example_xcom' retrieved from /home/airflow/.local/lib/python3.8/site-packages/airflow/example_dags/example_xcom.py
[2024-06-29T23:05:25.991+0000] {logging_mixin.py:188} INFO - [2024-06-29T23:05:25.991+0000] {dag.py:3047} INFO - Sync 1 DAGs
[2024-06-29T23:05:26.007+0000] {logging_mixin.py:188} INFO - [2024-06-29T23:05:26.007+0000] {dag.py:3834} INFO - Setting next_dagrun for example_xcom to 2021-01-01 00:00:00+00:00, run_after=2021-01-01 00:00:00+00:00
[2024-06-29T23:05:26.022+0000] {processor.py:183} INFO - Processing /home/airflow/.local/lib/python3.8/site-packages/airflow/example_dags/example_xcom.py took 0.055 seconds
[2024-06-29T23:05:56.099+0000] {processor.py:161} INFO - Started process (PID=660) to work on /home/airflow/.local/lib/python3.8/site-packages/airflow/example_dags/example_xcom.py
[2024-06-29T23:05:56.100+0000] {processor.py:830} INFO - Processing file /home/airflow/.local/lib/python3.8/site-packages/airflow/example_dags/example_xcom.py for tasks to queue
[2024-06-29T23:05:56.101+0000] {logging_mixin.py:188} INFO - [2024-06-29T23:05:56.101+0000] {dagbag.py:540} INFO - Filling up the DagBag from /home/airflow/.local/lib/python3.8/site-packages/airflow/example_dags/example_xcom.py
[2024-06-29T23:05:56.106+0000] {processor.py:840} INFO - DAG(s) 'example_xcom' retrieved from /home/airflow/.local/lib/python3.8/site-packages/airflow/example_dags/example_xcom.py
[2024-06-29T23:05:56.122+0000] {logging_mixin.py:188} INFO - [2024-06-29T23:05:56.122+0000] {dag.py:3047} INFO - Sync 1 DAGs
[2024-06-29T23:05:56.139+0000] {logging_mixin.py:188} INFO - [2024-06-29T23:05:56.139+0000] {dag.py:3834} INFO - Setting next_dagrun for example_xcom to 2021-01-01 00:00:00+00:00, run_after=2021-01-01 00:00:00+00:00
[2024-06-29T23:05:56.154+0000] {processor.py:183} INFO - Processing /home/airflow/.local/lib/python3.8/site-packages/airflow/example_dags/example_xcom.py took 0.057 seconds
[2024-06-29T23:06:26.289+0000] {processor.py:161} INFO - Started process (PID=716) to work on /home/airflow/.local/lib/python3.8/site-packages/airflow/example_dags/example_xcom.py
[2024-06-29T23:06:26.290+0000] {processor.py:830} INFO - Processing file /home/airflow/.local/lib/python3.8/site-packages/airflow/example_dags/example_xcom.py for tasks to queue
[2024-06-29T23:06:26.291+0000] {logging_mixin.py:188} INFO - [2024-06-29T23:06:26.291+0000] {dagbag.py:540} INFO - Filling up the DagBag from /home/airflow/.local/lib/python3.8/site-packages/airflow/example_dags/example_xcom.py
[2024-06-29T23:06:26.296+0000] {processor.py:840} INFO - DAG(s) 'example_xcom' retrieved from /home/airflow/.local/lib/python3.8/site-packages/airflow/example_dags/example_xcom.py
[2024-06-29T23:06:26.316+0000] {logging_mixin.py:188} INFO - [2024-06-29T23:06:26.316+0000] {dag.py:3047} INFO - Sync 1 DAGs
[2024-06-29T23:06:26.335+0000] {logging_mixin.py:188} INFO - [2024-06-29T23:06:26.335+0000] {dag.py:3834} INFO - Setting next_dagrun for example_xcom to 2021-01-01 00:00:00+00:00, run_after=2021-01-01 00:00:00+00:00
[2024-06-29T23:06:26.353+0000] {processor.py:183} INFO - Processing /home/airflow/.local/lib/python3.8/site-packages/airflow/example_dags/example_xcom.py took 0.066 seconds
[2024-06-29T23:06:56.517+0000] {processor.py:161} INFO - Started process (PID=772) to work on /home/airflow/.local/lib/python3.8/site-packages/airflow/example_dags/example_xcom.py
[2024-06-29T23:06:56.518+0000] {processor.py:830} INFO - Processing file /home/airflow/.local/lib/python3.8/site-packages/airflow/example_dags/example_xcom.py for tasks to queue
[2024-06-29T23:06:56.519+0000] {logging_mixin.py:188} INFO - [2024-06-29T23:06:56.519+0000] {dagbag.py:540} INFO - Filling up the DagBag from /home/airflow/.local/lib/python3.8/site-packages/airflow/example_dags/example_xcom.py
[2024-06-29T23:06:56.525+0000] {processor.py:840} INFO - DAG(s) 'example_xcom' retrieved from /home/airflow/.local/lib/python3.8/site-packages/airflow/example_dags/example_xcom.py
[2024-06-29T23:06:56.540+0000] {logging_mixin.py:188} INFO - [2024-06-29T23:06:56.540+0000] {dag.py:3047} INFO - Sync 1 DAGs
[2024-06-29T23:06:56.559+0000] {logging_mixin.py:188} INFO - [2024-06-29T23:06:56.558+0000] {dag.py:3834} INFO - Setting next_dagrun for example_xcom to 2021-01-01 00:00:00+00:00, run_after=2021-01-01 00:00:00+00:00
[2024-06-29T23:06:56.573+0000] {processor.py:183} INFO - Processing /home/airflow/.local/lib/python3.8/site-packages/airflow/example_dags/example_xcom.py took 0.058 seconds
[2024-06-29T23:07:26.623+0000] {processor.py:161} INFO - Started process (PID=828) to work on /home/airflow/.local/lib/python3.8/site-packages/airflow/example_dags/example_xcom.py
[2024-06-29T23:07:26.624+0000] {processor.py:830} INFO - Processing file /home/airflow/.local/lib/python3.8/site-packages/airflow/example_dags/example_xcom.py for tasks to queue
[2024-06-29T23:07:26.625+0000] {logging_mixin.py:188} INFO - [2024-06-29T23:07:26.625+0000] {dagbag.py:540} INFO - Filling up the DagBag from /home/airflow/.local/lib/python3.8/site-packages/airflow/example_dags/example_xcom.py
[2024-06-29T23:07:26.630+0000] {processor.py:840} INFO - DAG(s) 'example_xcom' retrieved from /home/airflow/.local/lib/python3.8/site-packages/airflow/example_dags/example_xcom.py
[2024-06-29T23:07:26.647+0000] {logging_mixin.py:188} INFO - [2024-06-29T23:07:26.647+0000] {dag.py:3047} INFO - Sync 1 DAGs
[2024-06-29T23:07:26.665+0000] {logging_mixin.py:188} INFO - [2024-06-29T23:07:26.665+0000] {dag.py:3834} INFO - Setting next_dagrun for example_xcom to 2021-01-01 00:00:00+00:00, run_after=2021-01-01 00:00:00+00:00
[2024-06-29T23:07:26.682+0000] {processor.py:183} INFO - Processing /home/airflow/.local/lib/python3.8/site-packages/airflow/example_dags/example_xcom.py took 0.061 seconds
[2024-06-29T23:07:56.861+0000] {processor.py:161} INFO - Started process (PID=884) to work on /home/airflow/.local/lib/python3.8/site-packages/airflow/example_dags/example_xcom.py
[2024-06-29T23:07:56.862+0000] {processor.py:830} INFO - Processing file /home/airflow/.local/lib/python3.8/site-packages/airflow/example_dags/example_xcom.py for tasks to queue
[2024-06-29T23:07:56.863+0000] {logging_mixin.py:188} INFO - [2024-06-29T23:07:56.863+0000] {dagbag.py:540} INFO - Filling up the DagBag from /home/airflow/.local/lib/python3.8/site-packages/airflow/example_dags/example_xcom.py
[2024-06-29T23:07:56.868+0000] {processor.py:840} INFO - DAG(s) 'example_xcom' retrieved from /home/airflow/.local/lib/python3.8/site-packages/airflow/example_dags/example_xcom.py
[2024-06-29T23:07:56.883+0000] {logging_mixin.py:188} INFO - [2024-06-29T23:07:56.883+0000] {dag.py:3047} INFO - Sync 1 DAGs
[2024-06-29T23:07:56.899+0000] {logging_mixin.py:188} INFO - [2024-06-29T23:07:56.899+0000] {dag.py:3834} INFO - Setting next_dagrun for example_xcom to 2021-01-01 00:00:00+00:00, run_after=2021-01-01 00:00:00+00:00
[2024-06-29T23:07:56.913+0000] {processor.py:183} INFO - Processing /home/airflow/.local/lib/python3.8/site-packages/airflow/example_dags/example_xcom.py took 0.054 seconds
[2024-06-29T23:08:26.999+0000] {processor.py:161} INFO - Started process (PID=940) to work on /home/airflow/.local/lib/python3.8/site-packages/airflow/example_dags/example_xcom.py
[2024-06-29T23:08:27.000+0000] {processor.py:830} INFO - Processing file /home/airflow/.local/lib/python3.8/site-packages/airflow/example_dags/example_xcom.py for tasks to queue
[2024-06-29T23:08:27.001+0000] {logging_mixin.py:188} INFO - [2024-06-29T23:08:27.001+0000] {dagbag.py:540} INFO - Filling up the DagBag from /home/airflow/.local/lib/python3.8/site-packages/airflow/example_dags/example_xcom.py
[2024-06-29T23:08:27.007+0000] {processor.py:840} INFO - DAG(s) 'example_xcom' retrieved from /home/airflow/.local/lib/python3.8/site-packages/airflow/example_dags/example_xcom.py
[2024-06-29T23:08:27.023+0000] {logging_mixin.py:188} INFO - [2024-06-29T23:08:27.023+0000] {dag.py:3047} INFO - Sync 1 DAGs
[2024-06-29T23:08:27.040+0000] {logging_mixin.py:188} INFO - [2024-06-29T23:08:27.040+0000] {dag.py:3834} INFO - Setting next_dagrun for example_xcom to 2021-01-01 00:00:00+00:00, run_after=2021-01-01 00:00:00+00:00
[2024-06-29T23:08:27.055+0000] {processor.py:183} INFO - Processing /home/airflow/.local/lib/python3.8/site-packages/airflow/example_dags/example_xcom.py took 0.057 seconds
[2024-06-29T23:08:57.129+0000] {processor.py:161} INFO - Started process (PID=996) to work on /home/airflow/.local/lib/python3.8/site-packages/airflow/example_dags/example_xcom.py
[2024-06-29T23:08:57.130+0000] {processor.py:830} INFO - Processing file /home/airflow/.local/lib/python3.8/site-packages/airflow/example_dags/example_xcom.py for tasks to queue
[2024-06-29T23:08:57.131+0000] {logging_mixin.py:188} INFO - [2024-06-29T23:08:57.131+0000] {dagbag.py:540} INFO - Filling up the DagBag from /home/airflow/.local/lib/python3.8/site-packages/airflow/example_dags/example_xcom.py
[2024-06-29T23:08:57.137+0000] {processor.py:840} INFO - DAG(s) 'example_xcom' retrieved from /home/airflow/.local/lib/python3.8/site-packages/airflow/example_dags/example_xcom.py
[2024-06-29T23:08:57.152+0000] {logging_mixin.py:188} INFO - [2024-06-29T23:08:57.152+0000] {dag.py:3047} INFO - Sync 1 DAGs
[2024-06-29T23:08:57.169+0000] {logging_mixin.py:188} INFO - [2024-06-29T23:08:57.169+0000] {dag.py:3834} INFO - Setting next_dagrun for example_xcom to 2021-01-01 00:00:00+00:00, run_after=2021-01-01 00:00:00+00:00
[2024-06-29T23:08:57.183+0000] {processor.py:183} INFO - Processing /home/airflow/.local/lib/python3.8/site-packages/airflow/example_dags/example_xcom.py took 0.056 seconds
