[2024-06-29T23:00:24.885+0000] {processor.py:161} INFO - Started process (PID=78) to work on /home/airflow/.local/lib/python3.8/site-packages/airflow/example_dags/example_trigger_target_dag.py
[2024-06-29T23:00:24.885+0000] {processor.py:830} INFO - Processing file /home/airflow/.local/lib/python3.8/site-packages/airflow/example_dags/example_trigger_target_dag.py for tasks to queue
[2024-06-29T23:00:24.886+0000] {logging_mixin.py:188} INFO - [2024-06-29T23:00:24.886+0000] {dagbag.py:540} INFO - Filling up the DagBag from /home/airflow/.local/lib/python3.8/site-packages/airflow/example_dags/example_trigger_target_dag.py
[2024-06-29T23:00:24.892+0000] {processor.py:840} INFO - DAG(s) 'example_trigger_target_dag' retrieved from /home/airflow/.local/lib/python3.8/site-packages/airflow/example_dags/example_trigger_target_dag.py
[2024-06-29T23:00:24.902+0000] {logging_mixin.py:188} INFO - [2024-06-29T23:00:24.902+0000] {dag.py:3047} INFO - Sync 1 DAGs
[2024-06-29T23:00:24.916+0000] {logging_mixin.py:188} INFO - [2024-06-29T23:00:24.916+0000] {dag.py:3834} INFO - Setting next_dagrun for example_trigger_target_dag to None, run_after=None
[2024-06-29T23:00:24.934+0000] {processor.py:183} INFO - Processing /home/airflow/.local/lib/python3.8/site-packages/airflow/example_dags/example_trigger_target_dag.py took 0.052 seconds
[2024-06-29T23:00:56.356+0000] {processor.py:161} INFO - Started process (PID=134) to work on /home/airflow/.local/lib/python3.8/site-packages/airflow/example_dags/example_trigger_target_dag.py
[2024-06-29T23:00:56.357+0000] {processor.py:830} INFO - Processing file /home/airflow/.local/lib/python3.8/site-packages/airflow/example_dags/example_trigger_target_dag.py for tasks to queue
[2024-06-29T23:00:56.358+0000] {logging_mixin.py:188} INFO - [2024-06-29T23:00:56.358+0000] {dagbag.py:540} INFO - Filling up the DagBag from /home/airflow/.local/lib/python3.8/site-packages/airflow/example_dags/example_trigger_target_dag.py
[2024-06-29T23:00:56.364+0000] {processor.py:840} INFO - DAG(s) 'example_trigger_target_dag' retrieved from /home/airflow/.local/lib/python3.8/site-packages/airflow/example_dags/example_trigger_target_dag.py
[2024-06-29T23:00:56.455+0000] {logging_mixin.py:188} INFO - [2024-06-29T23:00:56.454+0000] {dag.py:3047} INFO - Sync 1 DAGs
[2024-06-29T23:00:56.464+0000] {logging_mixin.py:188} INFO - [2024-06-29T23:00:56.463+0000] {dag.py:3834} INFO - Setting next_dagrun for example_trigger_target_dag to None, run_after=None
[2024-06-29T23:00:56.483+0000] {processor.py:183} INFO - Processing /home/airflow/.local/lib/python3.8/site-packages/airflow/example_dags/example_trigger_target_dag.py took 0.130 seconds
[2024-06-29T23:01:26.872+0000] {processor.py:161} INFO - Started process (PID=190) to work on /home/airflow/.local/lib/python3.8/site-packages/airflow/example_dags/example_trigger_target_dag.py
[2024-06-29T23:01:26.872+0000] {processor.py:830} INFO - Processing file /home/airflow/.local/lib/python3.8/site-packages/airflow/example_dags/example_trigger_target_dag.py for tasks to queue
[2024-06-29T23:01:26.874+0000] {logging_mixin.py:188} INFO - [2024-06-29T23:01:26.873+0000] {dagbag.py:540} INFO - Filling up the DagBag from /home/airflow/.local/lib/python3.8/site-packages/airflow/example_dags/example_trigger_target_dag.py
[2024-06-29T23:01:26.879+0000] {processor.py:840} INFO - DAG(s) 'example_trigger_target_dag' retrieved from /home/airflow/.local/lib/python3.8/site-packages/airflow/example_dags/example_trigger_target_dag.py
[2024-06-29T23:01:26.898+0000] {logging_mixin.py:188} INFO - [2024-06-29T23:01:26.898+0000] {dag.py:3047} INFO - Sync 1 DAGs
[2024-06-29T23:01:26.907+0000] {logging_mixin.py:188} INFO - [2024-06-29T23:01:26.907+0000] {dag.py:3834} INFO - Setting next_dagrun for example_trigger_target_dag to None, run_after=None
[2024-06-29T23:01:26.923+0000] {processor.py:183} INFO - Processing /home/airflow/.local/lib/python3.8/site-packages/airflow/example_dags/example_trigger_target_dag.py took 0.054 seconds
[2024-06-29T23:01:57.902+0000] {processor.py:161} INFO - Started process (PID=246) to work on /home/airflow/.local/lib/python3.8/site-packages/airflow/example_dags/example_trigger_target_dag.py
[2024-06-29T23:01:57.903+0000] {processor.py:830} INFO - Processing file /home/airflow/.local/lib/python3.8/site-packages/airflow/example_dags/example_trigger_target_dag.py for tasks to queue
[2024-06-29T23:01:57.904+0000] {logging_mixin.py:188} INFO - [2024-06-29T23:01:57.904+0000] {dagbag.py:540} INFO - Filling up the DagBag from /home/airflow/.local/lib/python3.8/site-packages/airflow/example_dags/example_trigger_target_dag.py
[2024-06-29T23:01:57.908+0000] {processor.py:840} INFO - DAG(s) 'example_trigger_target_dag' retrieved from /home/airflow/.local/lib/python3.8/site-packages/airflow/example_dags/example_trigger_target_dag.py
[2024-06-29T23:01:57.922+0000] {logging_mixin.py:188} INFO - [2024-06-29T23:01:57.922+0000] {dag.py:3047} INFO - Sync 1 DAGs
[2024-06-29T23:01:57.932+0000] {logging_mixin.py:188} INFO - [2024-06-29T23:01:57.932+0000] {dag.py:3834} INFO - Setting next_dagrun for example_trigger_target_dag to None, run_after=None
[2024-06-29T23:01:57.947+0000] {processor.py:183} INFO - Processing /home/airflow/.local/lib/python3.8/site-packages/airflow/example_dags/example_trigger_target_dag.py took 0.048 seconds
[2024-06-29T23:02:28.369+0000] {processor.py:161} INFO - Started process (PID=302) to work on /home/airflow/.local/lib/python3.8/site-packages/airflow/example_dags/example_trigger_target_dag.py
[2024-06-29T23:02:28.370+0000] {processor.py:830} INFO - Processing file /home/airflow/.local/lib/python3.8/site-packages/airflow/example_dags/example_trigger_target_dag.py for tasks to queue
[2024-06-29T23:02:28.371+0000] {logging_mixin.py:188} INFO - [2024-06-29T23:02:28.371+0000] {dagbag.py:540} INFO - Filling up the DagBag from /home/airflow/.local/lib/python3.8/site-packages/airflow/example_dags/example_trigger_target_dag.py
[2024-06-29T23:02:28.375+0000] {processor.py:840} INFO - DAG(s) 'example_trigger_target_dag' retrieved from /home/airflow/.local/lib/python3.8/site-packages/airflow/example_dags/example_trigger_target_dag.py
[2024-06-29T23:02:28.389+0000] {logging_mixin.py:188} INFO - [2024-06-29T23:02:28.389+0000] {dag.py:3047} INFO - Sync 1 DAGs
[2024-06-29T23:02:28.399+0000] {logging_mixin.py:188} INFO - [2024-06-29T23:02:28.399+0000] {dag.py:3834} INFO - Setting next_dagrun for example_trigger_target_dag to None, run_after=None
[2024-06-29T23:02:28.417+0000] {processor.py:183} INFO - Processing /home/airflow/.local/lib/python3.8/site-packages/airflow/example_dags/example_trigger_target_dag.py took 0.050 seconds
[2024-06-29T23:02:58.615+0000] {processor.py:161} INFO - Started process (PID=358) to work on /home/airflow/.local/lib/python3.8/site-packages/airflow/example_dags/example_trigger_target_dag.py
[2024-06-29T23:02:58.616+0000] {processor.py:830} INFO - Processing file /home/airflow/.local/lib/python3.8/site-packages/airflow/example_dags/example_trigger_target_dag.py for tasks to queue
[2024-06-29T23:02:58.618+0000] {logging_mixin.py:188} INFO - [2024-06-29T23:02:58.617+0000] {dagbag.py:540} INFO - Filling up the DagBag from /home/airflow/.local/lib/python3.8/site-packages/airflow/example_dags/example_trigger_target_dag.py
[2024-06-29T23:02:58.622+0000] {processor.py:840} INFO - DAG(s) 'example_trigger_target_dag' retrieved from /home/airflow/.local/lib/python3.8/site-packages/airflow/example_dags/example_trigger_target_dag.py
[2024-06-29T23:02:58.638+0000] {logging_mixin.py:188} INFO - [2024-06-29T23:02:58.638+0000] {dag.py:3047} INFO - Sync 1 DAGs
[2024-06-29T23:02:58.649+0000] {logging_mixin.py:188} INFO - [2024-06-29T23:02:58.649+0000] {dag.py:3834} INFO - Setting next_dagrun for example_trigger_target_dag to None, run_after=None
[2024-06-29T23:02:58.669+0000] {processor.py:183} INFO - Processing /home/airflow/.local/lib/python3.8/site-packages/airflow/example_dags/example_trigger_target_dag.py took 0.057 seconds
[2024-06-29T23:03:28.974+0000] {processor.py:161} INFO - Started process (PID=414) to work on /home/airflow/.local/lib/python3.8/site-packages/airflow/example_dags/example_trigger_target_dag.py
[2024-06-29T23:03:28.975+0000] {processor.py:830} INFO - Processing file /home/airflow/.local/lib/python3.8/site-packages/airflow/example_dags/example_trigger_target_dag.py for tasks to queue
[2024-06-29T23:03:28.977+0000] {logging_mixin.py:188} INFO - [2024-06-29T23:03:28.976+0000] {dagbag.py:540} INFO - Filling up the DagBag from /home/airflow/.local/lib/python3.8/site-packages/airflow/example_dags/example_trigger_target_dag.py
[2024-06-29T23:03:28.981+0000] {processor.py:840} INFO - DAG(s) 'example_trigger_target_dag' retrieved from /home/airflow/.local/lib/python3.8/site-packages/airflow/example_dags/example_trigger_target_dag.py
[2024-06-29T23:03:28.999+0000] {logging_mixin.py:188} INFO - [2024-06-29T23:03:28.998+0000] {dag.py:3047} INFO - Sync 1 DAGs
[2024-06-29T23:03:29.010+0000] {logging_mixin.py:188} INFO - [2024-06-29T23:03:29.010+0000] {dag.py:3834} INFO - Setting next_dagrun for example_trigger_target_dag to None, run_after=None
[2024-06-29T23:03:29.029+0000] {processor.py:183} INFO - Processing /home/airflow/.local/lib/python3.8/site-packages/airflow/example_dags/example_trigger_target_dag.py took 0.057 seconds
[2024-06-29T23:03:59.059+0000] {processor.py:161} INFO - Started process (PID=471) to work on /home/airflow/.local/lib/python3.8/site-packages/airflow/example_dags/example_trigger_target_dag.py
[2024-06-29T23:03:59.060+0000] {processor.py:830} INFO - Processing file /home/airflow/.local/lib/python3.8/site-packages/airflow/example_dags/example_trigger_target_dag.py for tasks to queue
[2024-06-29T23:03:59.061+0000] {logging_mixin.py:188} INFO - [2024-06-29T23:03:59.061+0000] {dagbag.py:540} INFO - Filling up the DagBag from /home/airflow/.local/lib/python3.8/site-packages/airflow/example_dags/example_trigger_target_dag.py
[2024-06-29T23:03:59.065+0000] {processor.py:840} INFO - DAG(s) 'example_trigger_target_dag' retrieved from /home/airflow/.local/lib/python3.8/site-packages/airflow/example_dags/example_trigger_target_dag.py
[2024-06-29T23:03:59.080+0000] {logging_mixin.py:188} INFO - [2024-06-29T23:03:59.080+0000] {dag.py:3047} INFO - Sync 1 DAGs
[2024-06-29T23:03:59.089+0000] {logging_mixin.py:188} INFO - [2024-06-29T23:03:59.088+0000] {dag.py:3834} INFO - Setting next_dagrun for example_trigger_target_dag to None, run_after=None
[2024-06-29T23:03:59.104+0000] {processor.py:183} INFO - Processing /home/airflow/.local/lib/python3.8/site-packages/airflow/example_dags/example_trigger_target_dag.py took 0.047 seconds
[2024-06-29T23:04:29.283+0000] {processor.py:161} INFO - Started process (PID=527) to work on /home/airflow/.local/lib/python3.8/site-packages/airflow/example_dags/example_trigger_target_dag.py
[2024-06-29T23:04:29.284+0000] {processor.py:830} INFO - Processing file /home/airflow/.local/lib/python3.8/site-packages/airflow/example_dags/example_trigger_target_dag.py for tasks to queue
[2024-06-29T23:04:29.285+0000] {logging_mixin.py:188} INFO - [2024-06-29T23:04:29.285+0000] {dagbag.py:540} INFO - Filling up the DagBag from /home/airflow/.local/lib/python3.8/site-packages/airflow/example_dags/example_trigger_target_dag.py
[2024-06-29T23:04:29.289+0000] {processor.py:840} INFO - DAG(s) 'example_trigger_target_dag' retrieved from /home/airflow/.local/lib/python3.8/site-packages/airflow/example_dags/example_trigger_target_dag.py
[2024-06-29T23:04:29.303+0000] {logging_mixin.py:188} INFO - [2024-06-29T23:04:29.303+0000] {dag.py:3047} INFO - Sync 1 DAGs
[2024-06-29T23:04:29.312+0000] {logging_mixin.py:188} INFO - [2024-06-29T23:04:29.312+0000] {dag.py:3834} INFO - Setting next_dagrun for example_trigger_target_dag to None, run_after=None
[2024-06-29T23:04:29.328+0000] {processor.py:183} INFO - Processing /home/airflow/.local/lib/python3.8/site-packages/airflow/example_dags/example_trigger_target_dag.py took 0.047 seconds
[2024-06-29T23:04:59.427+0000] {processor.py:161} INFO - Started process (PID=584) to work on /home/airflow/.local/lib/python3.8/site-packages/airflow/example_dags/example_trigger_target_dag.py
[2024-06-29T23:04:59.429+0000] {processor.py:830} INFO - Processing file /home/airflow/.local/lib/python3.8/site-packages/airflow/example_dags/example_trigger_target_dag.py for tasks to queue
[2024-06-29T23:04:59.431+0000] {logging_mixin.py:188} INFO - [2024-06-29T23:04:59.430+0000] {dagbag.py:540} INFO - Filling up the DagBag from /home/airflow/.local/lib/python3.8/site-packages/airflow/example_dags/example_trigger_target_dag.py
[2024-06-29T23:04:59.437+0000] {processor.py:840} INFO - DAG(s) 'example_trigger_target_dag' retrieved from /home/airflow/.local/lib/python3.8/site-packages/airflow/example_dags/example_trigger_target_dag.py
[2024-06-29T23:04:59.455+0000] {logging_mixin.py:188} INFO - [2024-06-29T23:04:59.454+0000] {dag.py:3047} INFO - Sync 1 DAGs
[2024-06-29T23:04:59.465+0000] {logging_mixin.py:188} INFO - [2024-06-29T23:04:59.465+0000] {dag.py:3834} INFO - Setting next_dagrun for example_trigger_target_dag to None, run_after=None
[2024-06-29T23:04:59.482+0000] {processor.py:183} INFO - Processing /home/airflow/.local/lib/python3.8/site-packages/airflow/example_dags/example_trigger_target_dag.py took 0.058 seconds
[2024-06-29T23:05:29.556+0000] {processor.py:161} INFO - Started process (PID=640) to work on /home/airflow/.local/lib/python3.8/site-packages/airflow/example_dags/example_trigger_target_dag.py
[2024-06-29T23:05:29.557+0000] {processor.py:830} INFO - Processing file /home/airflow/.local/lib/python3.8/site-packages/airflow/example_dags/example_trigger_target_dag.py for tasks to queue
[2024-06-29T23:05:29.558+0000] {logging_mixin.py:188} INFO - [2024-06-29T23:05:29.558+0000] {dagbag.py:540} INFO - Filling up the DagBag from /home/airflow/.local/lib/python3.8/site-packages/airflow/example_dags/example_trigger_target_dag.py
[2024-06-29T23:05:29.563+0000] {processor.py:840} INFO - DAG(s) 'example_trigger_target_dag' retrieved from /home/airflow/.local/lib/python3.8/site-packages/airflow/example_dags/example_trigger_target_dag.py
[2024-06-29T23:05:29.580+0000] {logging_mixin.py:188} INFO - [2024-06-29T23:05:29.580+0000] {dag.py:3047} INFO - Sync 1 DAGs
[2024-06-29T23:05:29.589+0000] {logging_mixin.py:188} INFO - [2024-06-29T23:05:29.589+0000] {dag.py:3834} INFO - Setting next_dagrun for example_trigger_target_dag to None, run_after=None
[2024-06-29T23:05:29.606+0000] {processor.py:183} INFO - Processing /home/airflow/.local/lib/python3.8/site-packages/airflow/example_dags/example_trigger_target_dag.py took 0.052 seconds
[2024-06-29T23:05:59.754+0000] {processor.py:161} INFO - Started process (PID=696) to work on /home/airflow/.local/lib/python3.8/site-packages/airflow/example_dags/example_trigger_target_dag.py
[2024-06-29T23:05:59.755+0000] {processor.py:830} INFO - Processing file /home/airflow/.local/lib/python3.8/site-packages/airflow/example_dags/example_trigger_target_dag.py for tasks to queue
[2024-06-29T23:05:59.757+0000] {logging_mixin.py:188} INFO - [2024-06-29T23:05:59.756+0000] {dagbag.py:540} INFO - Filling up the DagBag from /home/airflow/.local/lib/python3.8/site-packages/airflow/example_dags/example_trigger_target_dag.py
[2024-06-29T23:05:59.761+0000] {processor.py:840} INFO - DAG(s) 'example_trigger_target_dag' retrieved from /home/airflow/.local/lib/python3.8/site-packages/airflow/example_dags/example_trigger_target_dag.py
[2024-06-29T23:05:59.777+0000] {logging_mixin.py:188} INFO - [2024-06-29T23:05:59.777+0000] {dag.py:3047} INFO - Sync 1 DAGs
[2024-06-29T23:05:59.788+0000] {logging_mixin.py:188} INFO - [2024-06-29T23:05:59.788+0000] {dag.py:3834} INFO - Setting next_dagrun for example_trigger_target_dag to None, run_after=None
[2024-06-29T23:05:59.805+0000] {processor.py:183} INFO - Processing /home/airflow/.local/lib/python3.8/site-packages/airflow/example_dags/example_trigger_target_dag.py took 0.053 seconds
[2024-06-29T23:06:29.932+0000] {processor.py:161} INFO - Started process (PID=752) to work on /home/airflow/.local/lib/python3.8/site-packages/airflow/example_dags/example_trigger_target_dag.py
[2024-06-29T23:06:29.933+0000] {processor.py:830} INFO - Processing file /home/airflow/.local/lib/python3.8/site-packages/airflow/example_dags/example_trigger_target_dag.py for tasks to queue
[2024-06-29T23:06:29.935+0000] {logging_mixin.py:188} INFO - [2024-06-29T23:06:29.934+0000] {dagbag.py:540} INFO - Filling up the DagBag from /home/airflow/.local/lib/python3.8/site-packages/airflow/example_dags/example_trigger_target_dag.py
[2024-06-29T23:06:29.940+0000] {processor.py:840} INFO - DAG(s) 'example_trigger_target_dag' retrieved from /home/airflow/.local/lib/python3.8/site-packages/airflow/example_dags/example_trigger_target_dag.py
[2024-06-29T23:06:29.956+0000] {logging_mixin.py:188} INFO - [2024-06-29T23:06:29.956+0000] {dag.py:3047} INFO - Sync 1 DAGs
[2024-06-29T23:06:29.966+0000] {logging_mixin.py:188} INFO - [2024-06-29T23:06:29.966+0000] {dag.py:3834} INFO - Setting next_dagrun for example_trigger_target_dag to None, run_after=None
[2024-06-29T23:06:29.984+0000] {processor.py:183} INFO - Processing /home/airflow/.local/lib/python3.8/site-packages/airflow/example_dags/example_trigger_target_dag.py took 0.055 seconds
[2024-06-29T23:07:00.915+0000] {processor.py:161} INFO - Started process (PID=808) to work on /home/airflow/.local/lib/python3.8/site-packages/airflow/example_dags/example_trigger_target_dag.py
[2024-06-29T23:07:00.916+0000] {processor.py:830} INFO - Processing file /home/airflow/.local/lib/python3.8/site-packages/airflow/example_dags/example_trigger_target_dag.py for tasks to queue
[2024-06-29T23:07:00.917+0000] {logging_mixin.py:188} INFO - [2024-06-29T23:07:00.917+0000] {dagbag.py:540} INFO - Filling up the DagBag from /home/airflow/.local/lib/python3.8/site-packages/airflow/example_dags/example_trigger_target_dag.py
[2024-06-29T23:07:00.921+0000] {processor.py:840} INFO - DAG(s) 'example_trigger_target_dag' retrieved from /home/airflow/.local/lib/python3.8/site-packages/airflow/example_dags/example_trigger_target_dag.py
[2024-06-29T23:07:00.934+0000] {logging_mixin.py:188} INFO - [2024-06-29T23:07:00.934+0000] {dag.py:3047} INFO - Sync 1 DAGs
[2024-06-29T23:07:00.944+0000] {logging_mixin.py:188} INFO - [2024-06-29T23:07:00.944+0000] {dag.py:3834} INFO - Setting next_dagrun for example_trigger_target_dag to None, run_after=None
[2024-06-29T23:07:00.957+0000] {processor.py:183} INFO - Processing /home/airflow/.local/lib/python3.8/site-packages/airflow/example_dags/example_trigger_target_dag.py took 0.044 seconds
[2024-06-29T23:07:31.309+0000] {processor.py:161} INFO - Started process (PID=864) to work on /home/airflow/.local/lib/python3.8/site-packages/airflow/example_dags/example_trigger_target_dag.py
[2024-06-29T23:07:31.309+0000] {processor.py:830} INFO - Processing file /home/airflow/.local/lib/python3.8/site-packages/airflow/example_dags/example_trigger_target_dag.py for tasks to queue
[2024-06-29T23:07:31.310+0000] {logging_mixin.py:188} INFO - [2024-06-29T23:07:31.310+0000] {dagbag.py:540} INFO - Filling up the DagBag from /home/airflow/.local/lib/python3.8/site-packages/airflow/example_dags/example_trigger_target_dag.py
[2024-06-29T23:07:31.315+0000] {processor.py:840} INFO - DAG(s) 'example_trigger_target_dag' retrieved from /home/airflow/.local/lib/python3.8/site-packages/airflow/example_dags/example_trigger_target_dag.py
[2024-06-29T23:07:31.333+0000] {logging_mixin.py:188} INFO - [2024-06-29T23:07:31.333+0000] {dag.py:3047} INFO - Sync 1 DAGs
[2024-06-29T23:07:31.343+0000] {logging_mixin.py:188} INFO - [2024-06-29T23:07:31.343+0000] {dag.py:3834} INFO - Setting next_dagrun for example_trigger_target_dag to None, run_after=None
[2024-06-29T23:07:31.359+0000] {processor.py:183} INFO - Processing /home/airflow/.local/lib/python3.8/site-packages/airflow/example_dags/example_trigger_target_dag.py took 0.053 seconds
[2024-06-29T23:08:01.424+0000] {processor.py:161} INFO - Started process (PID=920) to work on /home/airflow/.local/lib/python3.8/site-packages/airflow/example_dags/example_trigger_target_dag.py
[2024-06-29T23:08:01.425+0000] {processor.py:830} INFO - Processing file /home/airflow/.local/lib/python3.8/site-packages/airflow/example_dags/example_trigger_target_dag.py for tasks to queue
[2024-06-29T23:08:01.426+0000] {logging_mixin.py:188} INFO - [2024-06-29T23:08:01.426+0000] {dagbag.py:540} INFO - Filling up the DagBag from /home/airflow/.local/lib/python3.8/site-packages/airflow/example_dags/example_trigger_target_dag.py
[2024-06-29T23:08:01.430+0000] {processor.py:840} INFO - DAG(s) 'example_trigger_target_dag' retrieved from /home/airflow/.local/lib/python3.8/site-packages/airflow/example_dags/example_trigger_target_dag.py
[2024-06-29T23:08:01.446+0000] {logging_mixin.py:188} INFO - [2024-06-29T23:08:01.446+0000] {dag.py:3047} INFO - Sync 1 DAGs
[2024-06-29T23:08:01.457+0000] {logging_mixin.py:188} INFO - [2024-06-29T23:08:01.456+0000] {dag.py:3834} INFO - Setting next_dagrun for example_trigger_target_dag to None, run_after=None
[2024-06-29T23:08:01.476+0000] {processor.py:183} INFO - Processing /home/airflow/.local/lib/python3.8/site-packages/airflow/example_dags/example_trigger_target_dag.py took 0.054 seconds
[2024-06-29T23:08:31.632+0000] {processor.py:161} INFO - Started process (PID=976) to work on /home/airflow/.local/lib/python3.8/site-packages/airflow/example_dags/example_trigger_target_dag.py
[2024-06-29T23:08:31.633+0000] {processor.py:830} INFO - Processing file /home/airflow/.local/lib/python3.8/site-packages/airflow/example_dags/example_trigger_target_dag.py for tasks to queue
[2024-06-29T23:08:31.634+0000] {logging_mixin.py:188} INFO - [2024-06-29T23:08:31.634+0000] {dagbag.py:540} INFO - Filling up the DagBag from /home/airflow/.local/lib/python3.8/site-packages/airflow/example_dags/example_trigger_target_dag.py
[2024-06-29T23:08:31.638+0000] {processor.py:840} INFO - DAG(s) 'example_trigger_target_dag' retrieved from /home/airflow/.local/lib/python3.8/site-packages/airflow/example_dags/example_trigger_target_dag.py
[2024-06-29T23:08:31.653+0000] {logging_mixin.py:188} INFO - [2024-06-29T23:08:31.652+0000] {dag.py:3047} INFO - Sync 1 DAGs
[2024-06-29T23:08:31.662+0000] {logging_mixin.py:188} INFO - [2024-06-29T23:08:31.662+0000] {dag.py:3834} INFO - Setting next_dagrun for example_trigger_target_dag to None, run_after=None
[2024-06-29T23:08:31.675+0000] {processor.py:183} INFO - Processing /home/airflow/.local/lib/python3.8/site-packages/airflow/example_dags/example_trigger_target_dag.py took 0.045 seconds
[2024-06-29T23:09:02.542+0000] {processor.py:161} INFO - Started process (PID=1032) to work on /home/airflow/.local/lib/python3.8/site-packages/airflow/example_dags/example_trigger_target_dag.py
[2024-06-29T23:09:02.543+0000] {processor.py:830} INFO - Processing file /home/airflow/.local/lib/python3.8/site-packages/airflow/example_dags/example_trigger_target_dag.py for tasks to queue
[2024-06-29T23:09:02.544+0000] {logging_mixin.py:188} INFO - [2024-06-29T23:09:02.544+0000] {dagbag.py:540} INFO - Filling up the DagBag from /home/airflow/.local/lib/python3.8/site-packages/airflow/example_dags/example_trigger_target_dag.py
[2024-06-29T23:09:02.548+0000] {processor.py:840} INFO - DAG(s) 'example_trigger_target_dag' retrieved from /home/airflow/.local/lib/python3.8/site-packages/airflow/example_dags/example_trigger_target_dag.py
[2024-06-29T23:09:02.565+0000] {logging_mixin.py:188} INFO - [2024-06-29T23:09:02.565+0000] {dag.py:3047} INFO - Sync 1 DAGs
[2024-06-29T23:09:02.574+0000] {logging_mixin.py:188} INFO - [2024-06-29T23:09:02.574+0000] {dag.py:3834} INFO - Setting next_dagrun for example_trigger_target_dag to None, run_after=None
[2024-06-29T23:09:02.588+0000] {processor.py:183} INFO - Processing /home/airflow/.local/lib/python3.8/site-packages/airflow/example_dags/example_trigger_target_dag.py took 0.049 seconds
