[2024-06-29T23:00:24.955+0000] {processor.py:161} INFO - Started process (PID=80) to work on /home/airflow/.local/lib/python3.8/site-packages/airflow/example_dags/example_subdag_operator.py
[2024-06-29T23:00:24.955+0000] {processor.py:830} INFO - Processing file /home/airflow/.local/lib/python3.8/site-packages/airflow/example_dags/example_subdag_operator.py for tasks to queue
[2024-06-29T23:00:24.956+0000] {logging_mixin.py:188} INFO - [2024-06-29T23:00:24.956+0000] {dagbag.py:540} INFO - Filling up the DagBag from /home/airflow/.local/lib/python3.8/site-packages/airflow/example_dags/example_subdag_operator.py
[2024-06-29T23:00:24.977+0000] {processor.py:840} INFO - DAG(s) 'example_subdag_operator.section-1', 'example_subdag_operator.section-2', 'example_subdag_operator' retrieved from /home/airflow/.local/lib/python3.8/site-packages/airflow/example_dags/example_subdag_operator.py
[2024-06-29T23:00:24.980+0000] {logging_mixin.py:188} INFO - [2024-06-29T23:00:24.980+0000] {dag.py:3047} INFO - Sync 3 DAGs
[2024-06-29T23:00:25.001+0000] {logging_mixin.py:188} INFO - [2024-06-29T23:00:25.001+0000] {dag.py:3834} INFO - Setting next_dagrun for example_subdag_operator to 2022-01-01 00:00:00+00:00, run_after=2022-01-01 00:00:00+00:00
[2024-06-29T23:00:25.006+0000] {logging_mixin.py:188} INFO - [2024-06-29T23:00:25.005+0000] {dag.py:3834} INFO - Setting next_dagrun for example_subdag_operator.section-1 to None, run_after=None
[2024-06-29T23:00:25.007+0000] {logging_mixin.py:188} INFO - [2024-06-29T23:00:25.007+0000] {dag.py:3834} INFO - Setting next_dagrun for example_subdag_operator.section-2 to None, run_after=None
[2024-06-29T23:00:25.014+0000] {logging_mixin.py:188} INFO - [2024-06-29T23:00:25.013+0000] {dag.py:3047} INFO - Sync 2 DAGs
[2024-06-29T23:00:25.018+0000] {logging_mixin.py:188} INFO - [2024-06-29T23:00:25.017+0000] {dag.py:3834} INFO - Setting next_dagrun for example_subdag_operator.section-1 to None, run_after=None
[2024-06-29T23:00:25.018+0000] {logging_mixin.py:188} INFO - [2024-06-29T23:00:25.018+0000] {dag.py:3834} INFO - Setting next_dagrun for example_subdag_operator.section-2 to None, run_after=None
[2024-06-29T23:00:25.029+0000] {processor.py:183} INFO - Processing /home/airflow/.local/lib/python3.8/site-packages/airflow/example_dags/example_subdag_operator.py took 0.078 seconds
[2024-06-29T23:00:56.504+0000] {processor.py:161} INFO - Started process (PID=136) to work on /home/airflow/.local/lib/python3.8/site-packages/airflow/example_dags/example_subdag_operator.py
[2024-06-29T23:00:56.505+0000] {processor.py:830} INFO - Processing file /home/airflow/.local/lib/python3.8/site-packages/airflow/example_dags/example_subdag_operator.py for tasks to queue
[2024-06-29T23:00:56.506+0000] {logging_mixin.py:188} INFO - [2024-06-29T23:00:56.506+0000] {dagbag.py:540} INFO - Filling up the DagBag from /home/airflow/.local/lib/python3.8/site-packages/airflow/example_dags/example_subdag_operator.py
[2024-06-29T23:00:56.526+0000] {processor.py:840} INFO - DAG(s) 'example_subdag_operator.section-1', 'example_subdag_operator.section-2', 'example_subdag_operator' retrieved from /home/airflow/.local/lib/python3.8/site-packages/airflow/example_dags/example_subdag_operator.py
[2024-06-29T23:00:56.612+0000] {logging_mixin.py:188} INFO - [2024-06-29T23:00:56.612+0000] {dag.py:3047} INFO - Sync 3 DAGs
[2024-06-29T23:00:56.631+0000] {logging_mixin.py:188} INFO - [2024-06-29T23:00:56.630+0000] {dag.py:3834} INFO - Setting next_dagrun for example_subdag_operator to 2022-01-01 00:00:00+00:00, run_after=2022-01-01 00:00:00+00:00
[2024-06-29T23:00:56.634+0000] {logging_mixin.py:188} INFO - [2024-06-29T23:00:56.633+0000] {dag.py:3834} INFO - Setting next_dagrun for example_subdag_operator.section-1 to None, run_after=None
[2024-06-29T23:00:56.635+0000] {logging_mixin.py:188} INFO - [2024-06-29T23:00:56.635+0000] {dag.py:3834} INFO - Setting next_dagrun for example_subdag_operator.section-2 to None, run_after=None
[2024-06-29T23:00:56.642+0000] {logging_mixin.py:188} INFO - [2024-06-29T23:00:56.642+0000] {dag.py:3047} INFO - Sync 2 DAGs
[2024-06-29T23:00:56.646+0000] {logging_mixin.py:188} INFO - [2024-06-29T23:00:56.646+0000] {dag.py:3834} INFO - Setting next_dagrun for example_subdag_operator.section-1 to None, run_after=None
[2024-06-29T23:00:56.647+0000] {logging_mixin.py:188} INFO - [2024-06-29T23:00:56.646+0000] {dag.py:3834} INFO - Setting next_dagrun for example_subdag_operator.section-2 to None, run_after=None
[2024-06-29T23:00:56.658+0000] {processor.py:183} INFO - Processing /home/airflow/.local/lib/python3.8/site-packages/airflow/example_dags/example_subdag_operator.py took 0.157 seconds
[2024-06-29T23:01:26.938+0000] {processor.py:161} INFO - Started process (PID=192) to work on /home/airflow/.local/lib/python3.8/site-packages/airflow/example_dags/example_subdag_operator.py
[2024-06-29T23:01:26.939+0000] {processor.py:830} INFO - Processing file /home/airflow/.local/lib/python3.8/site-packages/airflow/example_dags/example_subdag_operator.py for tasks to queue
[2024-06-29T23:01:26.940+0000] {logging_mixin.py:188} INFO - [2024-06-29T23:01:26.940+0000] {dagbag.py:540} INFO - Filling up the DagBag from /home/airflow/.local/lib/python3.8/site-packages/airflow/example_dags/example_subdag_operator.py
[2024-06-29T23:01:26.959+0000] {processor.py:840} INFO - DAG(s) 'example_subdag_operator.section-1', 'example_subdag_operator.section-2', 'example_subdag_operator' retrieved from /home/airflow/.local/lib/python3.8/site-packages/airflow/example_dags/example_subdag_operator.py
[2024-06-29T23:01:26.972+0000] {logging_mixin.py:188} INFO - [2024-06-29T23:01:26.972+0000] {dag.py:3047} INFO - Sync 3 DAGs
[2024-06-29T23:01:26.989+0000] {logging_mixin.py:188} INFO - [2024-06-29T23:01:26.989+0000] {dag.py:3834} INFO - Setting next_dagrun for example_subdag_operator to 2022-01-01 00:00:00+00:00, run_after=2022-01-01 00:00:00+00:00
[2024-06-29T23:01:26.992+0000] {logging_mixin.py:188} INFO - [2024-06-29T23:01:26.992+0000] {dag.py:3834} INFO - Setting next_dagrun for example_subdag_operator.section-1 to None, run_after=None
[2024-06-29T23:01:26.993+0000] {logging_mixin.py:188} INFO - [2024-06-29T23:01:26.993+0000] {dag.py:3834} INFO - Setting next_dagrun for example_subdag_operator.section-2 to None, run_after=None
[2024-06-29T23:01:26.999+0000] {logging_mixin.py:188} INFO - [2024-06-29T23:01:26.999+0000] {dag.py:3047} INFO - Sync 2 DAGs
[2024-06-29T23:01:27.004+0000] {logging_mixin.py:188} INFO - [2024-06-29T23:01:27.004+0000] {dag.py:3834} INFO - Setting next_dagrun for example_subdag_operator.section-1 to None, run_after=None
[2024-06-29T23:01:27.004+0000] {logging_mixin.py:188} INFO - [2024-06-29T23:01:27.004+0000] {dag.py:3834} INFO - Setting next_dagrun for example_subdag_operator.section-2 to None, run_after=None
[2024-06-29T23:01:27.014+0000] {processor.py:183} INFO - Processing /home/airflow/.local/lib/python3.8/site-packages/airflow/example_dags/example_subdag_operator.py took 0.078 seconds
[2024-06-29T23:01:57.964+0000] {processor.py:161} INFO - Started process (PID=248) to work on /home/airflow/.local/lib/python3.8/site-packages/airflow/example_dags/example_subdag_operator.py
[2024-06-29T23:01:57.965+0000] {processor.py:830} INFO - Processing file /home/airflow/.local/lib/python3.8/site-packages/airflow/example_dags/example_subdag_operator.py for tasks to queue
[2024-06-29T23:01:57.966+0000] {logging_mixin.py:188} INFO - [2024-06-29T23:01:57.966+0000] {dagbag.py:540} INFO - Filling up the DagBag from /home/airflow/.local/lib/python3.8/site-packages/airflow/example_dags/example_subdag_operator.py
[2024-06-29T23:01:57.984+0000] {processor.py:840} INFO - DAG(s) 'example_subdag_operator.section-1', 'example_subdag_operator.section-2', 'example_subdag_operator' retrieved from /home/airflow/.local/lib/python3.8/site-packages/airflow/example_dags/example_subdag_operator.py
[2024-06-29T23:01:57.998+0000] {logging_mixin.py:188} INFO - [2024-06-29T23:01:57.997+0000] {dag.py:3047} INFO - Sync 3 DAGs
[2024-06-29T23:01:58.017+0000] {logging_mixin.py:188} INFO - [2024-06-29T23:01:58.017+0000] {dag.py:3834} INFO - Setting next_dagrun for example_subdag_operator to 2022-01-01 00:00:00+00:00, run_after=2022-01-01 00:00:00+00:00
[2024-06-29T23:01:58.020+0000] {logging_mixin.py:188} INFO - [2024-06-29T23:01:58.020+0000] {dag.py:3834} INFO - Setting next_dagrun for example_subdag_operator.section-1 to None, run_after=None
[2024-06-29T23:01:58.021+0000] {logging_mixin.py:188} INFO - [2024-06-29T23:01:58.021+0000] {dag.py:3834} INFO - Setting next_dagrun for example_subdag_operator.section-2 to None, run_after=None
[2024-06-29T23:01:58.026+0000] {logging_mixin.py:188} INFO - [2024-06-29T23:01:58.026+0000] {dag.py:3047} INFO - Sync 2 DAGs
[2024-06-29T23:01:58.030+0000] {logging_mixin.py:188} INFO - [2024-06-29T23:01:58.030+0000] {dag.py:3834} INFO - Setting next_dagrun for example_subdag_operator.section-1 to None, run_after=None
[2024-06-29T23:01:58.031+0000] {logging_mixin.py:188} INFO - [2024-06-29T23:01:58.030+0000] {dag.py:3834} INFO - Setting next_dagrun for example_subdag_operator.section-2 to None, run_after=None
[2024-06-29T23:01:58.045+0000] {processor.py:183} INFO - Processing /home/airflow/.local/lib/python3.8/site-packages/airflow/example_dags/example_subdag_operator.py took 0.083 seconds
[2024-06-29T23:02:28.432+0000] {processor.py:161} INFO - Started process (PID=304) to work on /home/airflow/.local/lib/python3.8/site-packages/airflow/example_dags/example_subdag_operator.py
[2024-06-29T23:02:28.433+0000] {processor.py:830} INFO - Processing file /home/airflow/.local/lib/python3.8/site-packages/airflow/example_dags/example_subdag_operator.py for tasks to queue
[2024-06-29T23:02:28.434+0000] {logging_mixin.py:188} INFO - [2024-06-29T23:02:28.434+0000] {dagbag.py:540} INFO - Filling up the DagBag from /home/airflow/.local/lib/python3.8/site-packages/airflow/example_dags/example_subdag_operator.py
[2024-06-29T23:02:28.453+0000] {processor.py:840} INFO - DAG(s) 'example_subdag_operator.section-1', 'example_subdag_operator.section-2', 'example_subdag_operator' retrieved from /home/airflow/.local/lib/python3.8/site-packages/airflow/example_dags/example_subdag_operator.py
[2024-06-29T23:02:28.466+0000] {logging_mixin.py:188} INFO - [2024-06-29T23:02:28.466+0000] {dag.py:3047} INFO - Sync 3 DAGs
[2024-06-29T23:02:28.483+0000] {logging_mixin.py:188} INFO - [2024-06-29T23:02:28.483+0000] {dag.py:3834} INFO - Setting next_dagrun for example_subdag_operator to 2022-01-01 00:00:00+00:00, run_after=2022-01-01 00:00:00+00:00
[2024-06-29T23:02:28.487+0000] {logging_mixin.py:188} INFO - [2024-06-29T23:02:28.486+0000] {dag.py:3834} INFO - Setting next_dagrun for example_subdag_operator.section-1 to None, run_after=None
[2024-06-29T23:02:28.488+0000] {logging_mixin.py:188} INFO - [2024-06-29T23:02:28.487+0000] {dag.py:3834} INFO - Setting next_dagrun for example_subdag_operator.section-2 to None, run_after=None
[2024-06-29T23:02:28.493+0000] {logging_mixin.py:188} INFO - [2024-06-29T23:02:28.493+0000] {dag.py:3047} INFO - Sync 2 DAGs
[2024-06-29T23:02:28.499+0000] {logging_mixin.py:188} INFO - [2024-06-29T23:02:28.498+0000] {dag.py:3834} INFO - Setting next_dagrun for example_subdag_operator.section-1 to None, run_after=None
[2024-06-29T23:02:28.499+0000] {logging_mixin.py:188} INFO - [2024-06-29T23:02:28.499+0000] {dag.py:3834} INFO - Setting next_dagrun for example_subdag_operator.section-2 to None, run_after=None
[2024-06-29T23:02:28.508+0000] {processor.py:183} INFO - Processing /home/airflow/.local/lib/python3.8/site-packages/airflow/example_dags/example_subdag_operator.py took 0.078 seconds
[2024-06-29T23:02:58.754+0000] {processor.py:161} INFO - Started process (PID=360) to work on /home/airflow/.local/lib/python3.8/site-packages/airflow/example_dags/example_subdag_operator.py
[2024-06-29T23:02:58.755+0000] {processor.py:830} INFO - Processing file /home/airflow/.local/lib/python3.8/site-packages/airflow/example_dags/example_subdag_operator.py for tasks to queue
[2024-06-29T23:02:58.756+0000] {logging_mixin.py:188} INFO - [2024-06-29T23:02:58.756+0000] {dagbag.py:540} INFO - Filling up the DagBag from /home/airflow/.local/lib/python3.8/site-packages/airflow/example_dags/example_subdag_operator.py
[2024-06-29T23:02:58.776+0000] {processor.py:840} INFO - DAG(s) 'example_subdag_operator.section-1', 'example_subdag_operator.section-2', 'example_subdag_operator' retrieved from /home/airflow/.local/lib/python3.8/site-packages/airflow/example_dags/example_subdag_operator.py
[2024-06-29T23:02:58.792+0000] {logging_mixin.py:188} INFO - [2024-06-29T23:02:58.791+0000] {dag.py:3047} INFO - Sync 3 DAGs
[2024-06-29T23:02:58.810+0000] {logging_mixin.py:188} INFO - [2024-06-29T23:02:58.810+0000] {dag.py:3834} INFO - Setting next_dagrun for example_subdag_operator to 2022-01-01 00:00:00+00:00, run_after=2022-01-01 00:00:00+00:00
[2024-06-29T23:02:58.813+0000] {logging_mixin.py:188} INFO - [2024-06-29T23:02:58.813+0000] {dag.py:3834} INFO - Setting next_dagrun for example_subdag_operator.section-1 to None, run_after=None
[2024-06-29T23:02:58.814+0000] {logging_mixin.py:188} INFO - [2024-06-29T23:02:58.814+0000] {dag.py:3834} INFO - Setting next_dagrun for example_subdag_operator.section-2 to None, run_after=None
[2024-06-29T23:02:58.820+0000] {logging_mixin.py:188} INFO - [2024-06-29T23:02:58.820+0000] {dag.py:3047} INFO - Sync 2 DAGs
[2024-06-29T23:02:58.824+0000] {logging_mixin.py:188} INFO - [2024-06-29T23:02:58.824+0000] {dag.py:3834} INFO - Setting next_dagrun for example_subdag_operator.section-1 to None, run_after=None
[2024-06-29T23:02:58.824+0000] {logging_mixin.py:188} INFO - [2024-06-29T23:02:58.824+0000] {dag.py:3834} INFO - Setting next_dagrun for example_subdag_operator.section-2 to None, run_after=None
[2024-06-29T23:02:58.836+0000] {processor.py:183} INFO - Processing /home/airflow/.local/lib/python3.8/site-packages/airflow/example_dags/example_subdag_operator.py took 0.085 seconds
[2024-06-29T23:03:29.046+0000] {processor.py:161} INFO - Started process (PID=416) to work on /home/airflow/.local/lib/python3.8/site-packages/airflow/example_dags/example_subdag_operator.py
[2024-06-29T23:03:29.046+0000] {processor.py:830} INFO - Processing file /home/airflow/.local/lib/python3.8/site-packages/airflow/example_dags/example_subdag_operator.py for tasks to queue
[2024-06-29T23:03:29.048+0000] {logging_mixin.py:188} INFO - [2024-06-29T23:03:29.047+0000] {dagbag.py:540} INFO - Filling up the DagBag from /home/airflow/.local/lib/python3.8/site-packages/airflow/example_dags/example_subdag_operator.py
[2024-06-29T23:03:29.069+0000] {processor.py:840} INFO - DAG(s) 'example_subdag_operator.section-1', 'example_subdag_operator.section-2', 'example_subdag_operator' retrieved from /home/airflow/.local/lib/python3.8/site-packages/airflow/example_dags/example_subdag_operator.py
[2024-06-29T23:03:29.085+0000] {logging_mixin.py:188} INFO - [2024-06-29T23:03:29.085+0000] {dag.py:3047} INFO - Sync 3 DAGs
[2024-06-29T23:03:29.105+0000] {logging_mixin.py:188} INFO - [2024-06-29T23:03:29.105+0000] {dag.py:3834} INFO - Setting next_dagrun for example_subdag_operator to 2022-01-01 00:00:00+00:00, run_after=2022-01-01 00:00:00+00:00
[2024-06-29T23:03:29.108+0000] {logging_mixin.py:188} INFO - [2024-06-29T23:03:29.108+0000] {dag.py:3834} INFO - Setting next_dagrun for example_subdag_operator.section-1 to None, run_after=None
[2024-06-29T23:03:29.110+0000] {logging_mixin.py:188} INFO - [2024-06-29T23:03:29.110+0000] {dag.py:3834} INFO - Setting next_dagrun for example_subdag_operator.section-2 to None, run_after=None
[2024-06-29T23:03:29.117+0000] {logging_mixin.py:188} INFO - [2024-06-29T23:03:29.117+0000] {dag.py:3047} INFO - Sync 2 DAGs
[2024-06-29T23:03:29.122+0000] {logging_mixin.py:188} INFO - [2024-06-29T23:03:29.122+0000] {dag.py:3834} INFO - Setting next_dagrun for example_subdag_operator.section-1 to None, run_after=None
[2024-06-29T23:03:29.123+0000] {logging_mixin.py:188} INFO - [2024-06-29T23:03:29.123+0000] {dag.py:3834} INFO - Setting next_dagrun for example_subdag_operator.section-2 to None, run_after=None
[2024-06-29T23:03:29.134+0000] {processor.py:183} INFO - Processing /home/airflow/.local/lib/python3.8/site-packages/airflow/example_dags/example_subdag_operator.py took 0.091 seconds
[2024-06-29T23:03:59.184+0000] {processor.py:161} INFO - Started process (PID=473) to work on /home/airflow/.local/lib/python3.8/site-packages/airflow/example_dags/example_subdag_operator.py
[2024-06-29T23:03:59.185+0000] {processor.py:830} INFO - Processing file /home/airflow/.local/lib/python3.8/site-packages/airflow/example_dags/example_subdag_operator.py for tasks to queue
[2024-06-29T23:03:59.186+0000] {logging_mixin.py:188} INFO - [2024-06-29T23:03:59.186+0000] {dagbag.py:540} INFO - Filling up the DagBag from /home/airflow/.local/lib/python3.8/site-packages/airflow/example_dags/example_subdag_operator.py
[2024-06-29T23:03:59.204+0000] {processor.py:840} INFO - DAG(s) 'example_subdag_operator.section-1', 'example_subdag_operator.section-2', 'example_subdag_operator' retrieved from /home/airflow/.local/lib/python3.8/site-packages/airflow/example_dags/example_subdag_operator.py
[2024-06-29T23:03:59.216+0000] {logging_mixin.py:188} INFO - [2024-06-29T23:03:59.215+0000] {dag.py:3047} INFO - Sync 3 DAGs
[2024-06-29T23:03:59.231+0000] {logging_mixin.py:188} INFO - [2024-06-29T23:03:59.231+0000] {dag.py:3834} INFO - Setting next_dagrun for example_subdag_operator to 2022-01-01 00:00:00+00:00, run_after=2022-01-01 00:00:00+00:00
[2024-06-29T23:03:59.234+0000] {logging_mixin.py:188} INFO - [2024-06-29T23:03:59.234+0000] {dag.py:3834} INFO - Setting next_dagrun for example_subdag_operator.section-1 to None, run_after=None
[2024-06-29T23:03:59.235+0000] {logging_mixin.py:188} INFO - [2024-06-29T23:03:59.235+0000] {dag.py:3834} INFO - Setting next_dagrun for example_subdag_operator.section-2 to None, run_after=None
[2024-06-29T23:03:59.240+0000] {logging_mixin.py:188} INFO - [2024-06-29T23:03:59.240+0000] {dag.py:3047} INFO - Sync 2 DAGs
[2024-06-29T23:03:59.245+0000] {logging_mixin.py:188} INFO - [2024-06-29T23:03:59.245+0000] {dag.py:3834} INFO - Setting next_dagrun for example_subdag_operator.section-1 to None, run_after=None
[2024-06-29T23:03:59.245+0000] {logging_mixin.py:188} INFO - [2024-06-29T23:03:59.245+0000] {dag.py:3834} INFO - Setting next_dagrun for example_subdag_operator.section-2 to None, run_after=None
[2024-06-29T23:03:59.255+0000] {processor.py:183} INFO - Processing /home/airflow/.local/lib/python3.8/site-packages/airflow/example_dags/example_subdag_operator.py took 0.073 seconds
[2024-06-29T23:04:29.344+0000] {processor.py:161} INFO - Started process (PID=529) to work on /home/airflow/.local/lib/python3.8/site-packages/airflow/example_dags/example_subdag_operator.py
[2024-06-29T23:04:29.344+0000] {processor.py:830} INFO - Processing file /home/airflow/.local/lib/python3.8/site-packages/airflow/example_dags/example_subdag_operator.py for tasks to queue
[2024-06-29T23:04:29.345+0000] {logging_mixin.py:188} INFO - [2024-06-29T23:04:29.345+0000] {dagbag.py:540} INFO - Filling up the DagBag from /home/airflow/.local/lib/python3.8/site-packages/airflow/example_dags/example_subdag_operator.py
[2024-06-29T23:04:29.364+0000] {processor.py:840} INFO - DAG(s) 'example_subdag_operator.section-1', 'example_subdag_operator.section-2', 'example_subdag_operator' retrieved from /home/airflow/.local/lib/python3.8/site-packages/airflow/example_dags/example_subdag_operator.py
[2024-06-29T23:04:29.377+0000] {logging_mixin.py:188} INFO - [2024-06-29T23:04:29.376+0000] {dag.py:3047} INFO - Sync 3 DAGs
[2024-06-29T23:04:29.395+0000] {logging_mixin.py:188} INFO - [2024-06-29T23:04:29.394+0000] {dag.py:3834} INFO - Setting next_dagrun for example_subdag_operator to 2022-01-01 00:00:00+00:00, run_after=2022-01-01 00:00:00+00:00
[2024-06-29T23:04:29.397+0000] {logging_mixin.py:188} INFO - [2024-06-29T23:04:29.397+0000] {dag.py:3834} INFO - Setting next_dagrun for example_subdag_operator.section-1 to None, run_after=None
[2024-06-29T23:04:29.398+0000] {logging_mixin.py:188} INFO - [2024-06-29T23:04:29.398+0000] {dag.py:3834} INFO - Setting next_dagrun for example_subdag_operator.section-2 to None, run_after=None
[2024-06-29T23:04:29.404+0000] {logging_mixin.py:188} INFO - [2024-06-29T23:04:29.404+0000] {dag.py:3047} INFO - Sync 2 DAGs
[2024-06-29T23:04:29.409+0000] {logging_mixin.py:188} INFO - [2024-06-29T23:04:29.408+0000] {dag.py:3834} INFO - Setting next_dagrun for example_subdag_operator.section-1 to None, run_after=None
[2024-06-29T23:04:29.409+0000] {logging_mixin.py:188} INFO - [2024-06-29T23:04:29.409+0000] {dag.py:3834} INFO - Setting next_dagrun for example_subdag_operator.section-2 to None, run_after=None
[2024-06-29T23:04:29.419+0000] {processor.py:183} INFO - Processing /home/airflow/.local/lib/python3.8/site-packages/airflow/example_dags/example_subdag_operator.py took 0.078 seconds
[2024-06-29T23:04:59.501+0000] {processor.py:161} INFO - Started process (PID=586) to work on /home/airflow/.local/lib/python3.8/site-packages/airflow/example_dags/example_subdag_operator.py
[2024-06-29T23:04:59.502+0000] {processor.py:830} INFO - Processing file /home/airflow/.local/lib/python3.8/site-packages/airflow/example_dags/example_subdag_operator.py for tasks to queue
[2024-06-29T23:04:59.503+0000] {logging_mixin.py:188} INFO - [2024-06-29T23:04:59.503+0000] {dagbag.py:540} INFO - Filling up the DagBag from /home/airflow/.local/lib/python3.8/site-packages/airflow/example_dags/example_subdag_operator.py
[2024-06-29T23:04:59.521+0000] {processor.py:840} INFO - DAG(s) 'example_subdag_operator.section-1', 'example_subdag_operator.section-2', 'example_subdag_operator' retrieved from /home/airflow/.local/lib/python3.8/site-packages/airflow/example_dags/example_subdag_operator.py
[2024-06-29T23:04:59.537+0000] {logging_mixin.py:188} INFO - [2024-06-29T23:04:59.537+0000] {dag.py:3047} INFO - Sync 3 DAGs
[2024-06-29T23:04:59.557+0000] {logging_mixin.py:188} INFO - [2024-06-29T23:04:59.557+0000] {dag.py:3834} INFO - Setting next_dagrun for example_subdag_operator to 2022-01-01 00:00:00+00:00, run_after=2022-01-01 00:00:00+00:00
[2024-06-29T23:04:59.561+0000] {logging_mixin.py:188} INFO - [2024-06-29T23:04:59.561+0000] {dag.py:3834} INFO - Setting next_dagrun for example_subdag_operator.section-1 to None, run_after=None
[2024-06-29T23:04:59.562+0000] {logging_mixin.py:188} INFO - [2024-06-29T23:04:59.562+0000] {dag.py:3834} INFO - Setting next_dagrun for example_subdag_operator.section-2 to None, run_after=None
[2024-06-29T23:04:59.569+0000] {logging_mixin.py:188} INFO - [2024-06-29T23:04:59.569+0000] {dag.py:3047} INFO - Sync 2 DAGs
[2024-06-29T23:04:59.575+0000] {logging_mixin.py:188} INFO - [2024-06-29T23:04:59.574+0000] {dag.py:3834} INFO - Setting next_dagrun for example_subdag_operator.section-1 to None, run_after=None
[2024-06-29T23:04:59.575+0000] {logging_mixin.py:188} INFO - [2024-06-29T23:04:59.575+0000] {dag.py:3834} INFO - Setting next_dagrun for example_subdag_operator.section-2 to None, run_after=None
[2024-06-29T23:04:59.586+0000] {processor.py:183} INFO - Processing /home/airflow/.local/lib/python3.8/site-packages/airflow/example_dags/example_subdag_operator.py took 0.089 seconds
[2024-06-29T23:05:29.625+0000] {processor.py:161} INFO - Started process (PID=642) to work on /home/airflow/.local/lib/python3.8/site-packages/airflow/example_dags/example_subdag_operator.py
[2024-06-29T23:05:29.626+0000] {processor.py:830} INFO - Processing file /home/airflow/.local/lib/python3.8/site-packages/airflow/example_dags/example_subdag_operator.py for tasks to queue
[2024-06-29T23:05:29.627+0000] {logging_mixin.py:188} INFO - [2024-06-29T23:05:29.627+0000] {dagbag.py:540} INFO - Filling up the DagBag from /home/airflow/.local/lib/python3.8/site-packages/airflow/example_dags/example_subdag_operator.py
[2024-06-29T23:05:29.646+0000] {processor.py:840} INFO - DAG(s) 'example_subdag_operator.section-1', 'example_subdag_operator.section-2', 'example_subdag_operator' retrieved from /home/airflow/.local/lib/python3.8/site-packages/airflow/example_dags/example_subdag_operator.py
[2024-06-29T23:05:29.661+0000] {logging_mixin.py:188} INFO - [2024-06-29T23:05:29.661+0000] {dag.py:3047} INFO - Sync 3 DAGs
[2024-06-29T23:05:29.680+0000] {logging_mixin.py:188} INFO - [2024-06-29T23:05:29.680+0000] {dag.py:3834} INFO - Setting next_dagrun for example_subdag_operator to 2022-01-01 00:00:00+00:00, run_after=2022-01-01 00:00:00+00:00
[2024-06-29T23:05:29.684+0000] {logging_mixin.py:188} INFO - [2024-06-29T23:05:29.683+0000] {dag.py:3834} INFO - Setting next_dagrun for example_subdag_operator.section-1 to None, run_after=None
[2024-06-29T23:05:29.685+0000] {logging_mixin.py:188} INFO - [2024-06-29T23:05:29.685+0000] {dag.py:3834} INFO - Setting next_dagrun for example_subdag_operator.section-2 to None, run_after=None
[2024-06-29T23:05:29.693+0000] {logging_mixin.py:188} INFO - [2024-06-29T23:05:29.693+0000] {dag.py:3047} INFO - Sync 2 DAGs
[2024-06-29T23:05:29.697+0000] {logging_mixin.py:188} INFO - [2024-06-29T23:05:29.697+0000] {dag.py:3834} INFO - Setting next_dagrun for example_subdag_operator.section-1 to None, run_after=None
[2024-06-29T23:05:29.697+0000] {logging_mixin.py:188} INFO - [2024-06-29T23:05:29.697+0000] {dag.py:3834} INFO - Setting next_dagrun for example_subdag_operator.section-2 to None, run_after=None
[2024-06-29T23:05:29.710+0000] {processor.py:183} INFO - Processing /home/airflow/.local/lib/python3.8/site-packages/airflow/example_dags/example_subdag_operator.py took 0.089 seconds
[2024-06-29T23:05:59.822+0000] {processor.py:161} INFO - Started process (PID=698) to work on /home/airflow/.local/lib/python3.8/site-packages/airflow/example_dags/example_subdag_operator.py
[2024-06-29T23:05:59.823+0000] {processor.py:830} INFO - Processing file /home/airflow/.local/lib/python3.8/site-packages/airflow/example_dags/example_subdag_operator.py for tasks to queue
[2024-06-29T23:05:59.824+0000] {logging_mixin.py:188} INFO - [2024-06-29T23:05:59.824+0000] {dagbag.py:540} INFO - Filling up the DagBag from /home/airflow/.local/lib/python3.8/site-packages/airflow/example_dags/example_subdag_operator.py
[2024-06-29T23:05:59.845+0000] {processor.py:840} INFO - DAG(s) 'example_subdag_operator.section-1', 'example_subdag_operator.section-2', 'example_subdag_operator' retrieved from /home/airflow/.local/lib/python3.8/site-packages/airflow/example_dags/example_subdag_operator.py
[2024-06-29T23:05:59.859+0000] {logging_mixin.py:188} INFO - [2024-06-29T23:05:59.859+0000] {dag.py:3047} INFO - Sync 3 DAGs
[2024-06-29T23:05:59.879+0000] {logging_mixin.py:188} INFO - [2024-06-29T23:05:59.879+0000] {dag.py:3834} INFO - Setting next_dagrun for example_subdag_operator to 2022-01-01 00:00:00+00:00, run_after=2022-01-01 00:00:00+00:00
[2024-06-29T23:05:59.883+0000] {logging_mixin.py:188} INFO - [2024-06-29T23:05:59.882+0000] {dag.py:3834} INFO - Setting next_dagrun for example_subdag_operator.section-1 to None, run_after=None
[2024-06-29T23:05:59.884+0000] {logging_mixin.py:188} INFO - [2024-06-29T23:05:59.884+0000] {dag.py:3834} INFO - Setting next_dagrun for example_subdag_operator.section-2 to None, run_after=None
[2024-06-29T23:05:59.890+0000] {logging_mixin.py:188} INFO - [2024-06-29T23:05:59.890+0000] {dag.py:3047} INFO - Sync 2 DAGs
[2024-06-29T23:05:59.895+0000] {logging_mixin.py:188} INFO - [2024-06-29T23:05:59.894+0000] {dag.py:3834} INFO - Setting next_dagrun for example_subdag_operator.section-1 to None, run_after=None
[2024-06-29T23:05:59.895+0000] {logging_mixin.py:188} INFO - [2024-06-29T23:05:59.895+0000] {dag.py:3834} INFO - Setting next_dagrun for example_subdag_operator.section-2 to None, run_after=None
[2024-06-29T23:05:59.906+0000] {processor.py:183} INFO - Processing /home/airflow/.local/lib/python3.8/site-packages/airflow/example_dags/example_subdag_operator.py took 0.086 seconds
[2024-06-29T23:06:30.068+0000] {processor.py:161} INFO - Started process (PID=754) to work on /home/airflow/.local/lib/python3.8/site-packages/airflow/example_dags/example_subdag_operator.py
[2024-06-29T23:06:30.069+0000] {processor.py:830} INFO - Processing file /home/airflow/.local/lib/python3.8/site-packages/airflow/example_dags/example_subdag_operator.py for tasks to queue
[2024-06-29T23:06:30.070+0000] {logging_mixin.py:188} INFO - [2024-06-29T23:06:30.070+0000] {dagbag.py:540} INFO - Filling up the DagBag from /home/airflow/.local/lib/python3.8/site-packages/airflow/example_dags/example_subdag_operator.py
[2024-06-29T23:06:30.090+0000] {processor.py:840} INFO - DAG(s) 'example_subdag_operator.section-1', 'example_subdag_operator.section-2', 'example_subdag_operator' retrieved from /home/airflow/.local/lib/python3.8/site-packages/airflow/example_dags/example_subdag_operator.py
[2024-06-29T23:06:30.103+0000] {logging_mixin.py:188} INFO - [2024-06-29T23:06:30.103+0000] {dag.py:3047} INFO - Sync 3 DAGs
[2024-06-29T23:06:30.121+0000] {logging_mixin.py:188} INFO - [2024-06-29T23:06:30.121+0000] {dag.py:3834} INFO - Setting next_dagrun for example_subdag_operator to 2022-01-01 00:00:00+00:00, run_after=2022-01-01 00:00:00+00:00
[2024-06-29T23:06:30.124+0000] {logging_mixin.py:188} INFO - [2024-06-29T23:06:30.124+0000] {dag.py:3834} INFO - Setting next_dagrun for example_subdag_operator.section-1 to None, run_after=None
[2024-06-29T23:06:30.125+0000] {logging_mixin.py:188} INFO - [2024-06-29T23:06:30.125+0000] {dag.py:3834} INFO - Setting next_dagrun for example_subdag_operator.section-2 to None, run_after=None
[2024-06-29T23:06:30.132+0000] {logging_mixin.py:188} INFO - [2024-06-29T23:06:30.131+0000] {dag.py:3047} INFO - Sync 2 DAGs
[2024-06-29T23:06:30.135+0000] {logging_mixin.py:188} INFO - [2024-06-29T23:06:30.135+0000] {dag.py:3834} INFO - Setting next_dagrun for example_subdag_operator.section-1 to None, run_after=None
[2024-06-29T23:06:30.136+0000] {logging_mixin.py:188} INFO - [2024-06-29T23:06:30.135+0000] {dag.py:3834} INFO - Setting next_dagrun for example_subdag_operator.section-2 to None, run_after=None
[2024-06-29T23:06:30.146+0000] {processor.py:183} INFO - Processing /home/airflow/.local/lib/python3.8/site-packages/airflow/example_dags/example_subdag_operator.py took 0.079 seconds
[2024-06-29T23:07:00.975+0000] {processor.py:161} INFO - Started process (PID=810) to work on /home/airflow/.local/lib/python3.8/site-packages/airflow/example_dags/example_subdag_operator.py
[2024-06-29T23:07:00.975+0000] {processor.py:830} INFO - Processing file /home/airflow/.local/lib/python3.8/site-packages/airflow/example_dags/example_subdag_operator.py for tasks to queue
[2024-06-29T23:07:00.976+0000] {logging_mixin.py:188} INFO - [2024-06-29T23:07:00.976+0000] {dagbag.py:540} INFO - Filling up the DagBag from /home/airflow/.local/lib/python3.8/site-packages/airflow/example_dags/example_subdag_operator.py
[2024-06-29T23:07:00.993+0000] {processor.py:840} INFO - DAG(s) 'example_subdag_operator.section-1', 'example_subdag_operator.section-2', 'example_subdag_operator' retrieved from /home/airflow/.local/lib/python3.8/site-packages/airflow/example_dags/example_subdag_operator.py
[2024-06-29T23:07:01.005+0000] {logging_mixin.py:188} INFO - [2024-06-29T23:07:01.004+0000] {dag.py:3047} INFO - Sync 3 DAGs
[2024-06-29T23:07:01.021+0000] {logging_mixin.py:188} INFO - [2024-06-29T23:07:01.021+0000] {dag.py:3834} INFO - Setting next_dagrun for example_subdag_operator to 2022-01-01 00:00:00+00:00, run_after=2022-01-01 00:00:00+00:00
[2024-06-29T23:07:01.024+0000] {logging_mixin.py:188} INFO - [2024-06-29T23:07:01.024+0000] {dag.py:3834} INFO - Setting next_dagrun for example_subdag_operator.section-1 to None, run_after=None
[2024-06-29T23:07:01.025+0000] {logging_mixin.py:188} INFO - [2024-06-29T23:07:01.025+0000] {dag.py:3834} INFO - Setting next_dagrun for example_subdag_operator.section-2 to None, run_after=None
[2024-06-29T23:07:01.030+0000] {logging_mixin.py:188} INFO - [2024-06-29T23:07:01.030+0000] {dag.py:3047} INFO - Sync 2 DAGs
[2024-06-29T23:07:01.034+0000] {logging_mixin.py:188} INFO - [2024-06-29T23:07:01.034+0000] {dag.py:3834} INFO - Setting next_dagrun for example_subdag_operator.section-1 to None, run_after=None
[2024-06-29T23:07:01.034+0000] {logging_mixin.py:188} INFO - [2024-06-29T23:07:01.034+0000] {dag.py:3834} INFO - Setting next_dagrun for example_subdag_operator.section-2 to None, run_after=None
[2024-06-29T23:07:01.049+0000] {processor.py:183} INFO - Processing /home/airflow/.local/lib/python3.8/site-packages/airflow/example_dags/example_subdag_operator.py took 0.076 seconds
[2024-06-29T23:07:31.382+0000] {processor.py:161} INFO - Started process (PID=866) to work on /home/airflow/.local/lib/python3.8/site-packages/airflow/example_dags/example_subdag_operator.py
[2024-06-29T23:07:31.383+0000] {processor.py:830} INFO - Processing file /home/airflow/.local/lib/python3.8/site-packages/airflow/example_dags/example_subdag_operator.py for tasks to queue
[2024-06-29T23:07:31.384+0000] {logging_mixin.py:188} INFO - [2024-06-29T23:07:31.384+0000] {dagbag.py:540} INFO - Filling up the DagBag from /home/airflow/.local/lib/python3.8/site-packages/airflow/example_dags/example_subdag_operator.py
[2024-06-29T23:07:31.406+0000] {processor.py:840} INFO - DAG(s) 'example_subdag_operator.section-1', 'example_subdag_operator.section-2', 'example_subdag_operator' retrieved from /home/airflow/.local/lib/python3.8/site-packages/airflow/example_dags/example_subdag_operator.py
[2024-06-29T23:07:31.422+0000] {logging_mixin.py:188} INFO - [2024-06-29T23:07:31.421+0000] {dag.py:3047} INFO - Sync 3 DAGs
[2024-06-29T23:07:31.441+0000] {logging_mixin.py:188} INFO - [2024-06-29T23:07:31.441+0000] {dag.py:3834} INFO - Setting next_dagrun for example_subdag_operator to 2022-01-01 00:00:00+00:00, run_after=2022-01-01 00:00:00+00:00
[2024-06-29T23:07:31.444+0000] {logging_mixin.py:188} INFO - [2024-06-29T23:07:31.444+0000] {dag.py:3834} INFO - Setting next_dagrun for example_subdag_operator.section-1 to None, run_after=None
[2024-06-29T23:07:31.445+0000] {logging_mixin.py:188} INFO - [2024-06-29T23:07:31.445+0000] {dag.py:3834} INFO - Setting next_dagrun for example_subdag_operator.section-2 to None, run_after=None
[2024-06-29T23:07:31.451+0000] {logging_mixin.py:188} INFO - [2024-06-29T23:07:31.451+0000] {dag.py:3047} INFO - Sync 2 DAGs
[2024-06-29T23:07:31.458+0000] {logging_mixin.py:188} INFO - [2024-06-29T23:07:31.458+0000] {dag.py:3834} INFO - Setting next_dagrun for example_subdag_operator.section-1 to None, run_after=None
[2024-06-29T23:07:31.458+0000] {logging_mixin.py:188} INFO - [2024-06-29T23:07:31.458+0000] {dag.py:3834} INFO - Setting next_dagrun for example_subdag_operator.section-2 to None, run_after=None
[2024-06-29T23:07:31.471+0000] {processor.py:183} INFO - Processing /home/airflow/.local/lib/python3.8/site-packages/airflow/example_dags/example_subdag_operator.py took 0.092 seconds
[2024-06-29T23:08:01.502+0000] {processor.py:161} INFO - Started process (PID=922) to work on /home/airflow/.local/lib/python3.8/site-packages/airflow/example_dags/example_subdag_operator.py
[2024-06-29T23:08:01.503+0000] {processor.py:830} INFO - Processing file /home/airflow/.local/lib/python3.8/site-packages/airflow/example_dags/example_subdag_operator.py for tasks to queue
[2024-06-29T23:08:01.504+0000] {logging_mixin.py:188} INFO - [2024-06-29T23:08:01.504+0000] {dagbag.py:540} INFO - Filling up the DagBag from /home/airflow/.local/lib/python3.8/site-packages/airflow/example_dags/example_subdag_operator.py
[2024-06-29T23:08:01.527+0000] {processor.py:840} INFO - DAG(s) 'example_subdag_operator.section-1', 'example_subdag_operator.section-2', 'example_subdag_operator' retrieved from /home/airflow/.local/lib/python3.8/site-packages/airflow/example_dags/example_subdag_operator.py
[2024-06-29T23:08:01.542+0000] {logging_mixin.py:188} INFO - [2024-06-29T23:08:01.541+0000] {dag.py:3047} INFO - Sync 3 DAGs
[2024-06-29T23:08:01.558+0000] {logging_mixin.py:188} INFO - [2024-06-29T23:08:01.558+0000] {dag.py:3834} INFO - Setting next_dagrun for example_subdag_operator to 2022-01-01 00:00:00+00:00, run_after=2022-01-01 00:00:00+00:00
[2024-06-29T23:08:01.561+0000] {logging_mixin.py:188} INFO - [2024-06-29T23:08:01.561+0000] {dag.py:3834} INFO - Setting next_dagrun for example_subdag_operator.section-1 to None, run_after=None
[2024-06-29T23:08:01.563+0000] {logging_mixin.py:188} INFO - [2024-06-29T23:08:01.562+0000] {dag.py:3834} INFO - Setting next_dagrun for example_subdag_operator.section-2 to None, run_after=None
[2024-06-29T23:08:01.568+0000] {logging_mixin.py:188} INFO - [2024-06-29T23:08:01.568+0000] {dag.py:3047} INFO - Sync 2 DAGs
[2024-06-29T23:08:01.572+0000] {logging_mixin.py:188} INFO - [2024-06-29T23:08:01.572+0000] {dag.py:3834} INFO - Setting next_dagrun for example_subdag_operator.section-1 to None, run_after=None
[2024-06-29T23:08:01.573+0000] {logging_mixin.py:188} INFO - [2024-06-29T23:08:01.573+0000] {dag.py:3834} INFO - Setting next_dagrun for example_subdag_operator.section-2 to None, run_after=None
[2024-06-29T23:08:01.583+0000] {processor.py:183} INFO - Processing /home/airflow/.local/lib/python3.8/site-packages/airflow/example_dags/example_subdag_operator.py took 0.084 seconds
[2024-06-29T23:08:31.693+0000] {processor.py:161} INFO - Started process (PID=978) to work on /home/airflow/.local/lib/python3.8/site-packages/airflow/example_dags/example_subdag_operator.py
[2024-06-29T23:08:31.693+0000] {processor.py:830} INFO - Processing file /home/airflow/.local/lib/python3.8/site-packages/airflow/example_dags/example_subdag_operator.py for tasks to queue
[2024-06-29T23:08:31.694+0000] {logging_mixin.py:188} INFO - [2024-06-29T23:08:31.694+0000] {dagbag.py:540} INFO - Filling up the DagBag from /home/airflow/.local/lib/python3.8/site-packages/airflow/example_dags/example_subdag_operator.py
[2024-06-29T23:08:31.711+0000] {processor.py:840} INFO - DAG(s) 'example_subdag_operator.section-1', 'example_subdag_operator.section-2', 'example_subdag_operator' retrieved from /home/airflow/.local/lib/python3.8/site-packages/airflow/example_dags/example_subdag_operator.py
[2024-06-29T23:08:31.724+0000] {logging_mixin.py:188} INFO - [2024-06-29T23:08:31.723+0000] {dag.py:3047} INFO - Sync 3 DAGs
[2024-06-29T23:08:31.740+0000] {logging_mixin.py:188} INFO - [2024-06-29T23:08:31.740+0000] {dag.py:3834} INFO - Setting next_dagrun for example_subdag_operator to 2022-01-01 00:00:00+00:00, run_after=2022-01-01 00:00:00+00:00
[2024-06-29T23:08:31.743+0000] {logging_mixin.py:188} INFO - [2024-06-29T23:08:31.743+0000] {dag.py:3834} INFO - Setting next_dagrun for example_subdag_operator.section-1 to None, run_after=None
[2024-06-29T23:08:31.744+0000] {logging_mixin.py:188} INFO - [2024-06-29T23:08:31.744+0000] {dag.py:3834} INFO - Setting next_dagrun for example_subdag_operator.section-2 to None, run_after=None
[2024-06-29T23:08:31.750+0000] {logging_mixin.py:188} INFO - [2024-06-29T23:08:31.749+0000] {dag.py:3047} INFO - Sync 2 DAGs
[2024-06-29T23:08:31.754+0000] {logging_mixin.py:188} INFO - [2024-06-29T23:08:31.753+0000] {dag.py:3834} INFO - Setting next_dagrun for example_subdag_operator.section-1 to None, run_after=None
[2024-06-29T23:08:31.754+0000] {logging_mixin.py:188} INFO - [2024-06-29T23:08:31.754+0000] {dag.py:3834} INFO - Setting next_dagrun for example_subdag_operator.section-2 to None, run_after=None
[2024-06-29T23:08:31.764+0000] {processor.py:183} INFO - Processing /home/airflow/.local/lib/python3.8/site-packages/airflow/example_dags/example_subdag_operator.py took 0.073 seconds
[2024-06-29T23:09:02.668+0000] {processor.py:161} INFO - Started process (PID=1034) to work on /home/airflow/.local/lib/python3.8/site-packages/airflow/example_dags/example_subdag_operator.py
[2024-06-29T23:09:02.669+0000] {processor.py:830} INFO - Processing file /home/airflow/.local/lib/python3.8/site-packages/airflow/example_dags/example_subdag_operator.py for tasks to queue
[2024-06-29T23:09:02.670+0000] {logging_mixin.py:188} INFO - [2024-06-29T23:09:02.669+0000] {dagbag.py:540} INFO - Filling up the DagBag from /home/airflow/.local/lib/python3.8/site-packages/airflow/example_dags/example_subdag_operator.py
[2024-06-29T23:09:02.687+0000] {processor.py:840} INFO - DAG(s) 'example_subdag_operator.section-1', 'example_subdag_operator.section-2', 'example_subdag_operator' retrieved from /home/airflow/.local/lib/python3.8/site-packages/airflow/example_dags/example_subdag_operator.py
[2024-06-29T23:09:02.699+0000] {logging_mixin.py:188} INFO - [2024-06-29T23:09:02.698+0000] {dag.py:3047} INFO - Sync 3 DAGs
[2024-06-29T23:09:02.715+0000] {logging_mixin.py:188} INFO - [2024-06-29T23:09:02.715+0000] {dag.py:3834} INFO - Setting next_dagrun for example_subdag_operator to 2022-01-01 00:00:00+00:00, run_after=2022-01-01 00:00:00+00:00
[2024-06-29T23:09:02.717+0000] {logging_mixin.py:188} INFO - [2024-06-29T23:09:02.717+0000] {dag.py:3834} INFO - Setting next_dagrun for example_subdag_operator.section-1 to None, run_after=None
[2024-06-29T23:09:02.718+0000] {logging_mixin.py:188} INFO - [2024-06-29T23:09:02.718+0000] {dag.py:3834} INFO - Setting next_dagrun for example_subdag_operator.section-2 to None, run_after=None
[2024-06-29T23:09:02.724+0000] {logging_mixin.py:188} INFO - [2024-06-29T23:09:02.724+0000] {dag.py:3047} INFO - Sync 2 DAGs
[2024-06-29T23:09:02.729+0000] {logging_mixin.py:188} INFO - [2024-06-29T23:09:02.728+0000] {dag.py:3834} INFO - Setting next_dagrun for example_subdag_operator.section-1 to None, run_after=None
[2024-06-29T23:09:02.729+0000] {logging_mixin.py:188} INFO - [2024-06-29T23:09:02.729+0000] {dag.py:3834} INFO - Setting next_dagrun for example_subdag_operator.section-2 to None, run_after=None
[2024-06-29T23:09:02.739+0000] {processor.py:183} INFO - Processing /home/airflow/.local/lib/python3.8/site-packages/airflow/example_dags/example_subdag_operator.py took 0.073 seconds
