[2024-06-29T23:00:23.777+0000] {processor.py:161} INFO - Started process (PID=52) to work on /home/airflow/.local/lib/python3.8/site-packages/airflow/example_dags/example_complex.py
[2024-06-29T23:00:23.777+0000] {processor.py:830} INFO - Processing file /home/airflow/.local/lib/python3.8/site-packages/airflow/example_dags/example_complex.py for tasks to queue
[2024-06-29T23:00:23.779+0000] {logging_mixin.py:188} INFO - [2024-06-29T23:00:23.778+0000] {dagbag.py:540} INFO - Filling up the DagBag from /home/airflow/.local/lib/python3.8/site-packages/airflow/example_dags/example_complex.py
[2024-06-29T23:00:23.790+0000] {processor.py:840} INFO - DAG(s) 'example_complex' retrieved from /home/airflow/.local/lib/python3.8/site-packages/airflow/example_dags/example_complex.py
[2024-06-29T23:00:23.799+0000] {logging_mixin.py:188} INFO - [2024-06-29T23:00:23.799+0000] {dag.py:3047} INFO - Sync 1 DAGs
[2024-06-29T23:00:23.809+0000] {logging_mixin.py:188} INFO - [2024-06-29T23:00:23.809+0000] {dag.py:3834} INFO - Setting next_dagrun for example_complex to None, run_after=None
[2024-06-29T23:00:23.825+0000] {processor.py:183} INFO - Processing /home/airflow/.local/lib/python3.8/site-packages/airflow/example_dags/example_complex.py took 0.051 seconds
[2024-06-29T23:00:54.283+0000] {processor.py:161} INFO - Started process (PID=108) to work on /home/airflow/.local/lib/python3.8/site-packages/airflow/example_dags/example_complex.py
[2024-06-29T23:00:54.284+0000] {processor.py:830} INFO - Processing file /home/airflow/.local/lib/python3.8/site-packages/airflow/example_dags/example_complex.py for tasks to queue
[2024-06-29T23:00:54.285+0000] {logging_mixin.py:188} INFO - [2024-06-29T23:00:54.285+0000] {dagbag.py:540} INFO - Filling up the DagBag from /home/airflow/.local/lib/python3.8/site-packages/airflow/example_dags/example_complex.py
[2024-06-29T23:00:54.299+0000] {processor.py:840} INFO - DAG(s) 'example_complex' retrieved from /home/airflow/.local/lib/python3.8/site-packages/airflow/example_dags/example_complex.py
[2024-06-29T23:00:54.405+0000] {logging_mixin.py:188} INFO - [2024-06-29T23:00:54.404+0000] {dag.py:3047} INFO - Sync 1 DAGs
[2024-06-29T23:00:54.415+0000] {logging_mixin.py:188} INFO - [2024-06-29T23:00:54.415+0000] {dag.py:3834} INFO - Setting next_dagrun for example_complex to None, run_after=None
[2024-06-29T23:00:54.433+0000] {processor.py:183} INFO - Processing /home/airflow/.local/lib/python3.8/site-packages/airflow/example_dags/example_complex.py took 0.153 seconds
[2024-06-29T23:01:24.803+0000] {processor.py:161} INFO - Started process (PID=164) to work on /home/airflow/.local/lib/python3.8/site-packages/airflow/example_dags/example_complex.py
[2024-06-29T23:01:24.804+0000] {processor.py:830} INFO - Processing file /home/airflow/.local/lib/python3.8/site-packages/airflow/example_dags/example_complex.py for tasks to queue
[2024-06-29T23:01:24.805+0000] {logging_mixin.py:188} INFO - [2024-06-29T23:01:24.805+0000] {dagbag.py:540} INFO - Filling up the DagBag from /home/airflow/.local/lib/python3.8/site-packages/airflow/example_dags/example_complex.py
[2024-06-29T23:01:24.816+0000] {processor.py:840} INFO - DAG(s) 'example_complex' retrieved from /home/airflow/.local/lib/python3.8/site-packages/airflow/example_dags/example_complex.py
[2024-06-29T23:01:24.842+0000] {logging_mixin.py:188} INFO - [2024-06-29T23:01:24.842+0000] {dag.py:3047} INFO - Sync 1 DAGs
[2024-06-29T23:01:24.852+0000] {logging_mixin.py:188} INFO - [2024-06-29T23:01:24.851+0000] {dag.py:3834} INFO - Setting next_dagrun for example_complex to None, run_after=None
[2024-06-29T23:01:24.867+0000] {processor.py:183} INFO - Processing /home/airflow/.local/lib/python3.8/site-packages/airflow/example_dags/example_complex.py took 0.066 seconds
[2024-06-29T23:01:55.841+0000] {processor.py:161} INFO - Started process (PID=220) to work on /home/airflow/.local/lib/python3.8/site-packages/airflow/example_dags/example_complex.py
[2024-06-29T23:01:55.842+0000] {processor.py:830} INFO - Processing file /home/airflow/.local/lib/python3.8/site-packages/airflow/example_dags/example_complex.py for tasks to queue
[2024-06-29T23:01:55.843+0000] {logging_mixin.py:188} INFO - [2024-06-29T23:01:55.843+0000] {dagbag.py:540} INFO - Filling up the DagBag from /home/airflow/.local/lib/python3.8/site-packages/airflow/example_dags/example_complex.py
[2024-06-29T23:01:55.853+0000] {processor.py:840} INFO - DAG(s) 'example_complex' retrieved from /home/airflow/.local/lib/python3.8/site-packages/airflow/example_dags/example_complex.py
[2024-06-29T23:01:55.879+0000] {logging_mixin.py:188} INFO - [2024-06-29T23:01:55.879+0000] {dag.py:3047} INFO - Sync 1 DAGs
[2024-06-29T23:01:55.889+0000] {logging_mixin.py:188} INFO - [2024-06-29T23:01:55.889+0000] {dag.py:3834} INFO - Setting next_dagrun for example_complex to None, run_after=None
[2024-06-29T23:01:55.904+0000] {processor.py:183} INFO - Processing /home/airflow/.local/lib/python3.8/site-packages/airflow/example_dags/example_complex.py took 0.065 seconds
[2024-06-29T23:02:26.252+0000] {processor.py:161} INFO - Started process (PID=276) to work on /home/airflow/.local/lib/python3.8/site-packages/airflow/example_dags/example_complex.py
[2024-06-29T23:02:26.253+0000] {processor.py:830} INFO - Processing file /home/airflow/.local/lib/python3.8/site-packages/airflow/example_dags/example_complex.py for tasks to queue
[2024-06-29T23:02:26.254+0000] {logging_mixin.py:188} INFO - [2024-06-29T23:02:26.254+0000] {dagbag.py:540} INFO - Filling up the DagBag from /home/airflow/.local/lib/python3.8/site-packages/airflow/example_dags/example_complex.py
[2024-06-29T23:02:26.264+0000] {processor.py:840} INFO - DAG(s) 'example_complex' retrieved from /home/airflow/.local/lib/python3.8/site-packages/airflow/example_dags/example_complex.py
[2024-06-29T23:02:26.291+0000] {logging_mixin.py:188} INFO - [2024-06-29T23:02:26.291+0000] {dag.py:3047} INFO - Sync 1 DAGs
[2024-06-29T23:02:26.303+0000] {logging_mixin.py:188} INFO - [2024-06-29T23:02:26.303+0000] {dag.py:3834} INFO - Setting next_dagrun for example_complex to None, run_after=None
[2024-06-29T23:02:26.322+0000] {processor.py:183} INFO - Processing /home/airflow/.local/lib/python3.8/site-packages/airflow/example_dags/example_complex.py took 0.073 seconds
[2024-06-29T23:02:56.367+0000] {processor.py:161} INFO - Started process (PID=332) to work on /home/airflow/.local/lib/python3.8/site-packages/airflow/example_dags/example_complex.py
[2024-06-29T23:02:56.368+0000] {processor.py:830} INFO - Processing file /home/airflow/.local/lib/python3.8/site-packages/airflow/example_dags/example_complex.py for tasks to queue
[2024-06-29T23:02:56.369+0000] {logging_mixin.py:188} INFO - [2024-06-29T23:02:56.369+0000] {dagbag.py:540} INFO - Filling up the DagBag from /home/airflow/.local/lib/python3.8/site-packages/airflow/example_dags/example_complex.py
[2024-06-29T23:02:56.378+0000] {processor.py:840} INFO - DAG(s) 'example_complex' retrieved from /home/airflow/.local/lib/python3.8/site-packages/airflow/example_dags/example_complex.py
[2024-06-29T23:02:56.402+0000] {logging_mixin.py:188} INFO - [2024-06-29T23:02:56.402+0000] {dag.py:3047} INFO - Sync 1 DAGs
[2024-06-29T23:02:56.411+0000] {logging_mixin.py:188} INFO - [2024-06-29T23:02:56.411+0000] {dag.py:3834} INFO - Setting next_dagrun for example_complex to None, run_after=None
[2024-06-29T23:02:56.426+0000] {processor.py:183} INFO - Processing /home/airflow/.local/lib/python3.8/site-packages/airflow/example_dags/example_complex.py took 0.062 seconds
[2024-06-29T23:03:26.519+0000] {processor.py:161} INFO - Started process (PID=387) to work on /home/airflow/.local/lib/python3.8/site-packages/airflow/example_dags/example_complex.py
[2024-06-29T23:03:26.520+0000] {processor.py:830} INFO - Processing file /home/airflow/.local/lib/python3.8/site-packages/airflow/example_dags/example_complex.py for tasks to queue
[2024-06-29T23:03:26.522+0000] {logging_mixin.py:188} INFO - [2024-06-29T23:03:26.521+0000] {dagbag.py:540} INFO - Filling up the DagBag from /home/airflow/.local/lib/python3.8/site-packages/airflow/example_dags/example_complex.py
[2024-06-29T23:03:26.533+0000] {processor.py:840} INFO - DAG(s) 'example_complex' retrieved from /home/airflow/.local/lib/python3.8/site-packages/airflow/example_dags/example_complex.py
[2024-06-29T23:03:26.564+0000] {logging_mixin.py:188} INFO - [2024-06-29T23:03:26.564+0000] {dag.py:3047} INFO - Sync 1 DAGs
[2024-06-29T23:03:26.576+0000] {logging_mixin.py:188} INFO - [2024-06-29T23:03:26.576+0000] {dag.py:3834} INFO - Setting next_dagrun for example_complex to None, run_after=None
[2024-06-29T23:03:26.596+0000] {processor.py:183} INFO - Processing /home/airflow/.local/lib/python3.8/site-packages/airflow/example_dags/example_complex.py took 0.081 seconds
[2024-06-29T23:03:56.853+0000] {processor.py:161} INFO - Started process (PID=444) to work on /home/airflow/.local/lib/python3.8/site-packages/airflow/example_dags/example_complex.py
[2024-06-29T23:03:56.854+0000] {processor.py:830} INFO - Processing file /home/airflow/.local/lib/python3.8/site-packages/airflow/example_dags/example_complex.py for tasks to queue
[2024-06-29T23:03:56.856+0000] {logging_mixin.py:188} INFO - [2024-06-29T23:03:56.855+0000] {dagbag.py:540} INFO - Filling up the DagBag from /home/airflow/.local/lib/python3.8/site-packages/airflow/example_dags/example_complex.py
[2024-06-29T23:03:56.865+0000] {processor.py:840} INFO - DAG(s) 'example_complex' retrieved from /home/airflow/.local/lib/python3.8/site-packages/airflow/example_dags/example_complex.py
[2024-06-29T23:03:56.893+0000] {logging_mixin.py:188} INFO - [2024-06-29T23:03:56.893+0000] {dag.py:3047} INFO - Sync 1 DAGs
[2024-06-29T23:03:56.904+0000] {logging_mixin.py:188} INFO - [2024-06-29T23:03:56.904+0000] {dag.py:3834} INFO - Setting next_dagrun for example_complex to None, run_after=None
[2024-06-29T23:03:56.921+0000] {processor.py:183} INFO - Processing /home/airflow/.local/lib/python3.8/site-packages/airflow/example_dags/example_complex.py took 0.070 seconds
[2024-06-29T23:04:27.028+0000] {processor.py:161} INFO - Started process (PID=500) to work on /home/airflow/.local/lib/python3.8/site-packages/airflow/example_dags/example_complex.py
[2024-06-29T23:04:27.029+0000] {processor.py:830} INFO - Processing file /home/airflow/.local/lib/python3.8/site-packages/airflow/example_dags/example_complex.py for tasks to queue
[2024-06-29T23:04:27.031+0000] {logging_mixin.py:188} INFO - [2024-06-29T23:04:27.030+0000] {dagbag.py:540} INFO - Filling up the DagBag from /home/airflow/.local/lib/python3.8/site-packages/airflow/example_dags/example_complex.py
[2024-06-29T23:04:27.041+0000] {processor.py:840} INFO - DAG(s) 'example_complex' retrieved from /home/airflow/.local/lib/python3.8/site-packages/airflow/example_dags/example_complex.py
[2024-06-29T23:04:27.065+0000] {logging_mixin.py:188} INFO - [2024-06-29T23:04:27.065+0000] {dag.py:3047} INFO - Sync 1 DAGs
[2024-06-29T23:04:27.074+0000] {logging_mixin.py:188} INFO - [2024-06-29T23:04:27.074+0000] {dag.py:3834} INFO - Setting next_dagrun for example_complex to None, run_after=None
[2024-06-29T23:04:27.096+0000] {processor.py:183} INFO - Processing /home/airflow/.local/lib/python3.8/site-packages/airflow/example_dags/example_complex.py took 0.070 seconds
[2024-06-29T23:04:57.122+0000] {processor.py:161} INFO - Started process (PID=556) to work on /home/airflow/.local/lib/python3.8/site-packages/airflow/example_dags/example_complex.py
[2024-06-29T23:04:57.123+0000] {processor.py:830} INFO - Processing file /home/airflow/.local/lib/python3.8/site-packages/airflow/example_dags/example_complex.py for tasks to queue
[2024-06-29T23:04:57.124+0000] {logging_mixin.py:188} INFO - [2024-06-29T23:04:57.124+0000] {dagbag.py:540} INFO - Filling up the DagBag from /home/airflow/.local/lib/python3.8/site-packages/airflow/example_dags/example_complex.py
[2024-06-29T23:04:57.133+0000] {processor.py:840} INFO - DAG(s) 'example_complex' retrieved from /home/airflow/.local/lib/python3.8/site-packages/airflow/example_dags/example_complex.py
[2024-06-29T23:04:57.159+0000] {logging_mixin.py:188} INFO - [2024-06-29T23:04:57.158+0000] {dag.py:3047} INFO - Sync 1 DAGs
[2024-06-29T23:04:57.169+0000] {logging_mixin.py:188} INFO - [2024-06-29T23:04:57.169+0000] {dag.py:3834} INFO - Setting next_dagrun for example_complex to None, run_after=None
[2024-06-29T23:04:57.184+0000] {processor.py:183} INFO - Processing /home/airflow/.local/lib/python3.8/site-packages/airflow/example_dags/example_complex.py took 0.064 seconds
[2024-06-29T23:05:27.233+0000] {processor.py:161} INFO - Started process (PID=612) to work on /home/airflow/.local/lib/python3.8/site-packages/airflow/example_dags/example_complex.py
[2024-06-29T23:05:27.234+0000] {processor.py:830} INFO - Processing file /home/airflow/.local/lib/python3.8/site-packages/airflow/example_dags/example_complex.py for tasks to queue
[2024-06-29T23:05:27.235+0000] {logging_mixin.py:188} INFO - [2024-06-29T23:05:27.234+0000] {dagbag.py:540} INFO - Filling up the DagBag from /home/airflow/.local/lib/python3.8/site-packages/airflow/example_dags/example_complex.py
[2024-06-29T23:05:27.243+0000] {processor.py:840} INFO - DAG(s) 'example_complex' retrieved from /home/airflow/.local/lib/python3.8/site-packages/airflow/example_dags/example_complex.py
[2024-06-29T23:05:27.266+0000] {logging_mixin.py:188} INFO - [2024-06-29T23:05:27.266+0000] {dag.py:3047} INFO - Sync 1 DAGs
[2024-06-29T23:05:27.275+0000] {logging_mixin.py:188} INFO - [2024-06-29T23:05:27.275+0000] {dag.py:3834} INFO - Setting next_dagrun for example_complex to None, run_after=None
[2024-06-29T23:05:27.289+0000] {processor.py:183} INFO - Processing /home/airflow/.local/lib/python3.8/site-packages/airflow/example_dags/example_complex.py took 0.059 seconds
[2024-06-29T23:05:57.371+0000] {processor.py:161} INFO - Started process (PID=668) to work on /home/airflow/.local/lib/python3.8/site-packages/airflow/example_dags/example_complex.py
[2024-06-29T23:05:57.372+0000] {processor.py:830} INFO - Processing file /home/airflow/.local/lib/python3.8/site-packages/airflow/example_dags/example_complex.py for tasks to queue
[2024-06-29T23:05:57.373+0000] {logging_mixin.py:188} INFO - [2024-06-29T23:05:57.373+0000] {dagbag.py:540} INFO - Filling up the DagBag from /home/airflow/.local/lib/python3.8/site-packages/airflow/example_dags/example_complex.py
[2024-06-29T23:05:57.385+0000] {processor.py:840} INFO - DAG(s) 'example_complex' retrieved from /home/airflow/.local/lib/python3.8/site-packages/airflow/example_dags/example_complex.py
[2024-06-29T23:05:57.412+0000] {logging_mixin.py:188} INFO - [2024-06-29T23:05:57.412+0000] {dag.py:3047} INFO - Sync 1 DAGs
[2024-06-29T23:05:57.421+0000] {logging_mixin.py:188} INFO - [2024-06-29T23:05:57.421+0000] {dag.py:3834} INFO - Setting next_dagrun for example_complex to None, run_after=None
[2024-06-29T23:05:57.438+0000] {processor.py:183} INFO - Processing /home/airflow/.local/lib/python3.8/site-packages/airflow/example_dags/example_complex.py took 0.070 seconds
[2024-06-29T23:06:27.591+0000] {processor.py:161} INFO - Started process (PID=725) to work on /home/airflow/.local/lib/python3.8/site-packages/airflow/example_dags/example_complex.py
[2024-06-29T23:06:27.592+0000] {processor.py:830} INFO - Processing file /home/airflow/.local/lib/python3.8/site-packages/airflow/example_dags/example_complex.py for tasks to queue
[2024-06-29T23:06:27.593+0000] {logging_mixin.py:188} INFO - [2024-06-29T23:06:27.593+0000] {dagbag.py:540} INFO - Filling up the DagBag from /home/airflow/.local/lib/python3.8/site-packages/airflow/example_dags/example_complex.py
[2024-06-29T23:06:27.602+0000] {processor.py:840} INFO - DAG(s) 'example_complex' retrieved from /home/airflow/.local/lib/python3.8/site-packages/airflow/example_dags/example_complex.py
[2024-06-29T23:06:27.632+0000] {logging_mixin.py:188} INFO - [2024-06-29T23:06:27.632+0000] {dag.py:3047} INFO - Sync 1 DAGs
[2024-06-29T23:06:27.642+0000] {logging_mixin.py:188} INFO - [2024-06-29T23:06:27.642+0000] {dag.py:3834} INFO - Setting next_dagrun for example_complex to None, run_after=None
[2024-06-29T23:06:27.660+0000] {processor.py:183} INFO - Processing /home/airflow/.local/lib/python3.8/site-packages/airflow/example_dags/example_complex.py took 0.071 seconds
[2024-06-29T23:06:57.778+0000] {processor.py:161} INFO - Started process (PID=781) to work on /home/airflow/.local/lib/python3.8/site-packages/airflow/example_dags/example_complex.py
[2024-06-29T23:06:57.778+0000] {processor.py:830} INFO - Processing file /home/airflow/.local/lib/python3.8/site-packages/airflow/example_dags/example_complex.py for tasks to queue
[2024-06-29T23:06:57.779+0000] {logging_mixin.py:188} INFO - [2024-06-29T23:06:57.779+0000] {dagbag.py:540} INFO - Filling up the DagBag from /home/airflow/.local/lib/python3.8/site-packages/airflow/example_dags/example_complex.py
[2024-06-29T23:06:57.788+0000] {processor.py:840} INFO - DAG(s) 'example_complex' retrieved from /home/airflow/.local/lib/python3.8/site-packages/airflow/example_dags/example_complex.py
[2024-06-29T23:06:57.812+0000] {logging_mixin.py:188} INFO - [2024-06-29T23:06:57.812+0000] {dag.py:3047} INFO - Sync 1 DAGs
[2024-06-29T23:06:57.821+0000] {logging_mixin.py:188} INFO - [2024-06-29T23:06:57.821+0000] {dag.py:3834} INFO - Setting next_dagrun for example_complex to None, run_after=None
[2024-06-29T23:06:57.838+0000] {processor.py:183} INFO - Processing /home/airflow/.local/lib/python3.8/site-packages/airflow/example_dags/example_complex.py took 0.063 seconds
[2024-06-29T23:07:27.903+0000] {processor.py:161} INFO - Started process (PID=837) to work on /home/airflow/.local/lib/python3.8/site-packages/airflow/example_dags/example_complex.py
[2024-06-29T23:07:27.904+0000] {processor.py:830} INFO - Processing file /home/airflow/.local/lib/python3.8/site-packages/airflow/example_dags/example_complex.py for tasks to queue
[2024-06-29T23:07:27.905+0000] {logging_mixin.py:188} INFO - [2024-06-29T23:07:27.905+0000] {dagbag.py:540} INFO - Filling up the DagBag from /home/airflow/.local/lib/python3.8/site-packages/airflow/example_dags/example_complex.py
[2024-06-29T23:07:27.913+0000] {processor.py:840} INFO - DAG(s) 'example_complex' retrieved from /home/airflow/.local/lib/python3.8/site-packages/airflow/example_dags/example_complex.py
[2024-06-29T23:07:27.937+0000] {logging_mixin.py:188} INFO - [2024-06-29T23:07:27.937+0000] {dag.py:3047} INFO - Sync 1 DAGs
[2024-06-29T23:07:27.946+0000] {logging_mixin.py:188} INFO - [2024-06-29T23:07:27.946+0000] {dag.py:3834} INFO - Setting next_dagrun for example_complex to None, run_after=None
[2024-06-29T23:07:27.960+0000] {processor.py:183} INFO - Processing /home/airflow/.local/lib/python3.8/site-packages/airflow/example_dags/example_complex.py took 0.060 seconds
[2024-06-29T23:07:58.123+0000] {processor.py:161} INFO - Started process (PID=893) to work on /home/airflow/.local/lib/python3.8/site-packages/airflow/example_dags/example_complex.py
[2024-06-29T23:07:58.124+0000] {processor.py:830} INFO - Processing file /home/airflow/.local/lib/python3.8/site-packages/airflow/example_dags/example_complex.py for tasks to queue
[2024-06-29T23:07:58.125+0000] {logging_mixin.py:188} INFO - [2024-06-29T23:07:58.125+0000] {dagbag.py:540} INFO - Filling up the DagBag from /home/airflow/.local/lib/python3.8/site-packages/airflow/example_dags/example_complex.py
[2024-06-29T23:07:58.134+0000] {processor.py:840} INFO - DAG(s) 'example_complex' retrieved from /home/airflow/.local/lib/python3.8/site-packages/airflow/example_dags/example_complex.py
[2024-06-29T23:07:58.157+0000] {logging_mixin.py:188} INFO - [2024-06-29T23:07:58.157+0000] {dag.py:3047} INFO - Sync 1 DAGs
[2024-06-29T23:07:58.167+0000] {logging_mixin.py:188} INFO - [2024-06-29T23:07:58.166+0000] {dag.py:3834} INFO - Setting next_dagrun for example_complex to None, run_after=None
[2024-06-29T23:07:58.181+0000] {processor.py:183} INFO - Processing /home/airflow/.local/lib/python3.8/site-packages/airflow/example_dags/example_complex.py took 0.060 seconds
[2024-06-29T23:08:28.279+0000] {processor.py:161} INFO - Started process (PID=949) to work on /home/airflow/.local/lib/python3.8/site-packages/airflow/example_dags/example_complex.py
[2024-06-29T23:08:28.280+0000] {processor.py:830} INFO - Processing file /home/airflow/.local/lib/python3.8/site-packages/airflow/example_dags/example_complex.py for tasks to queue
[2024-06-29T23:08:28.281+0000] {logging_mixin.py:188} INFO - [2024-06-29T23:08:28.281+0000] {dagbag.py:540} INFO - Filling up the DagBag from /home/airflow/.local/lib/python3.8/site-packages/airflow/example_dags/example_complex.py
[2024-06-29T23:08:28.292+0000] {processor.py:840} INFO - DAG(s) 'example_complex' retrieved from /home/airflow/.local/lib/python3.8/site-packages/airflow/example_dags/example_complex.py
[2024-06-29T23:08:28.319+0000] {logging_mixin.py:188} INFO - [2024-06-29T23:08:28.319+0000] {dag.py:3047} INFO - Sync 1 DAGs
[2024-06-29T23:08:28.329+0000] {logging_mixin.py:188} INFO - [2024-06-29T23:08:28.328+0000] {dag.py:3834} INFO - Setting next_dagrun for example_complex to None, run_after=None
[2024-06-29T23:08:28.344+0000] {processor.py:183} INFO - Processing /home/airflow/.local/lib/python3.8/site-packages/airflow/example_dags/example_complex.py took 0.068 seconds
[2024-06-29T23:08:58.398+0000] {processor.py:161} INFO - Started process (PID=1005) to work on /home/airflow/.local/lib/python3.8/site-packages/airflow/example_dags/example_complex.py
[2024-06-29T23:08:58.399+0000] {processor.py:830} INFO - Processing file /home/airflow/.local/lib/python3.8/site-packages/airflow/example_dags/example_complex.py for tasks to queue
[2024-06-29T23:08:58.400+0000] {logging_mixin.py:188} INFO - [2024-06-29T23:08:58.400+0000] {dagbag.py:540} INFO - Filling up the DagBag from /home/airflow/.local/lib/python3.8/site-packages/airflow/example_dags/example_complex.py
[2024-06-29T23:08:58.409+0000] {processor.py:840} INFO - DAG(s) 'example_complex' retrieved from /home/airflow/.local/lib/python3.8/site-packages/airflow/example_dags/example_complex.py
[2024-06-29T23:08:58.434+0000] {logging_mixin.py:188} INFO - [2024-06-29T23:08:58.433+0000] {dag.py:3047} INFO - Sync 1 DAGs
[2024-06-29T23:08:58.442+0000] {logging_mixin.py:188} INFO - [2024-06-29T23:08:58.442+0000] {dag.py:3834} INFO - Setting next_dagrun for example_complex to None, run_after=None
[2024-06-29T23:08:58.457+0000] {processor.py:183} INFO - Processing /home/airflow/.local/lib/python3.8/site-packages/airflow/example_dags/example_complex.py took 0.061 seconds
