[2024-07-18T23:40:53.235+0000] {processor.py:161} INFO - Started process (PID=55) to work on /home/airflow/.local/lib/python3.8/site-packages/airflow/example_dags/example_task_group.py
[2024-07-18T23:40:53.236+0000] {processor.py:830} INFO - Processing file /home/airflow/.local/lib/python3.8/site-packages/airflow/example_dags/example_task_group.py for tasks to queue
[2024-07-18T23:40:53.237+0000] {logging_mixin.py:188} INFO - [2024-07-18T23:40:53.237+0000] {dagbag.py:540} INFO - Filling up the DagBag from /home/airflow/.local/lib/python3.8/site-packages/airflow/example_dags/example_task_group.py
[2024-07-18T23:40:53.245+0000] {processor.py:840} INFO - DAG(s) 'example_task_group' retrieved from /home/airflow/.local/lib/python3.8/site-packages/airflow/example_dags/example_task_group.py
[2024-07-18T23:40:53.254+0000] {logging_mixin.py:188} INFO - [2024-07-18T23:40:53.254+0000] {dag.py:3047} INFO - Sync 1 DAGs
[2024-07-18T23:40:53.274+0000] {logging_mixin.py:188} INFO - [2024-07-18T23:40:53.274+0000] {dag.py:3834} INFO - Setting next_dagrun for example_task_group to 2024-07-17 00:00:00+00:00, run_after=2024-07-18 00:00:00+00:00
[2024-07-18T23:40:53.293+0000] {processor.py:183} INFO - Processing /home/airflow/.local/lib/python3.8/site-packages/airflow/example_dags/example_task_group.py took 0.060 seconds
[2024-07-18T23:41:23.787+0000] {processor.py:161} INFO - Started process (PID=111) to work on /home/airflow/.local/lib/python3.8/site-packages/airflow/example_dags/example_task_group.py
[2024-07-18T23:41:23.788+0000] {processor.py:830} INFO - Processing file /home/airflow/.local/lib/python3.8/site-packages/airflow/example_dags/example_task_group.py for tasks to queue
[2024-07-18T23:41:23.789+0000] {logging_mixin.py:188} INFO - [2024-07-18T23:41:23.789+0000] {dagbag.py:540} INFO - Filling up the DagBag from /home/airflow/.local/lib/python3.8/site-packages/airflow/example_dags/example_task_group.py
[2024-07-18T23:41:23.794+0000] {processor.py:840} INFO - DAG(s) 'example_task_group' retrieved from /home/airflow/.local/lib/python3.8/site-packages/airflow/example_dags/example_task_group.py
[2024-07-18T23:41:23.872+0000] {logging_mixin.py:188} INFO - [2024-07-18T23:41:23.871+0000] {dag.py:3047} INFO - Sync 1 DAGs
[2024-07-18T23:41:23.887+0000] {logging_mixin.py:188} INFO - [2024-07-18T23:41:23.887+0000] {dag.py:3834} INFO - Setting next_dagrun for example_task_group to 2024-07-17 00:00:00+00:00, run_after=2024-07-18 00:00:00+00:00
[2024-07-18T23:41:23.903+0000] {processor.py:183} INFO - Processing /home/airflow/.local/lib/python3.8/site-packages/airflow/example_dags/example_task_group.py took 0.118 seconds
[2024-07-18T23:41:54.073+0000] {processor.py:161} INFO - Started process (PID=166) to work on /home/airflow/.local/lib/python3.8/site-packages/airflow/example_dags/example_task_group.py
[2024-07-18T23:41:54.074+0000] {processor.py:830} INFO - Processing file /home/airflow/.local/lib/python3.8/site-packages/airflow/example_dags/example_task_group.py for tasks to queue
[2024-07-18T23:41:54.075+0000] {logging_mixin.py:188} INFO - [2024-07-18T23:41:54.075+0000] {dagbag.py:540} INFO - Filling up the DagBag from /home/airflow/.local/lib/python3.8/site-packages/airflow/example_dags/example_task_group.py
[2024-07-18T23:41:54.082+0000] {processor.py:840} INFO - DAG(s) 'example_task_group' retrieved from /home/airflow/.local/lib/python3.8/site-packages/airflow/example_dags/example_task_group.py
[2024-07-18T23:41:54.100+0000] {logging_mixin.py:188} INFO - [2024-07-18T23:41:54.100+0000] {dag.py:3047} INFO - Sync 1 DAGs
[2024-07-18T23:41:54.121+0000] {logging_mixin.py:188} INFO - [2024-07-18T23:41:54.121+0000] {dag.py:3834} INFO - Setting next_dagrun for example_task_group to 2024-07-17 00:00:00+00:00, run_after=2024-07-18 00:00:00+00:00
[2024-07-18T23:41:54.138+0000] {processor.py:183} INFO - Processing /home/airflow/.local/lib/python3.8/site-packages/airflow/example_dags/example_task_group.py took 0.068 seconds
[2024-07-18T23:42:24.365+0000] {processor.py:161} INFO - Started process (PID=224) to work on /home/airflow/.local/lib/python3.8/site-packages/airflow/example_dags/example_task_group.py
[2024-07-18T23:42:24.366+0000] {processor.py:830} INFO - Processing file /home/airflow/.local/lib/python3.8/site-packages/airflow/example_dags/example_task_group.py for tasks to queue
[2024-07-18T23:42:24.368+0000] {logging_mixin.py:188} INFO - [2024-07-18T23:42:24.368+0000] {dagbag.py:540} INFO - Filling up the DagBag from /home/airflow/.local/lib/python3.8/site-packages/airflow/example_dags/example_task_group.py
[2024-07-18T23:42:24.373+0000] {processor.py:840} INFO - DAG(s) 'example_task_group' retrieved from /home/airflow/.local/lib/python3.8/site-packages/airflow/example_dags/example_task_group.py
[2024-07-18T23:42:24.390+0000] {logging_mixin.py:188} INFO - [2024-07-18T23:42:24.389+0000] {dag.py:3047} INFO - Sync 1 DAGs
[2024-07-18T23:42:24.408+0000] {logging_mixin.py:188} INFO - [2024-07-18T23:42:24.408+0000] {dag.py:3834} INFO - Setting next_dagrun for example_task_group to 2024-07-17 00:00:00+00:00, run_after=2024-07-18 00:00:00+00:00
[2024-07-18T23:42:24.424+0000] {processor.py:183} INFO - Processing /home/airflow/.local/lib/python3.8/site-packages/airflow/example_dags/example_task_group.py took 0.061 seconds
[2024-07-18T23:42:54.470+0000] {processor.py:161} INFO - Started process (PID=279) to work on /home/airflow/.local/lib/python3.8/site-packages/airflow/example_dags/example_task_group.py
[2024-07-18T23:42:54.471+0000] {processor.py:830} INFO - Processing file /home/airflow/.local/lib/python3.8/site-packages/airflow/example_dags/example_task_group.py for tasks to queue
[2024-07-18T23:42:54.472+0000] {logging_mixin.py:188} INFO - [2024-07-18T23:42:54.472+0000] {dagbag.py:540} INFO - Filling up the DagBag from /home/airflow/.local/lib/python3.8/site-packages/airflow/example_dags/example_task_group.py
[2024-07-18T23:42:54.477+0000] {processor.py:840} INFO - DAG(s) 'example_task_group' retrieved from /home/airflow/.local/lib/python3.8/site-packages/airflow/example_dags/example_task_group.py
[2024-07-18T23:42:54.496+0000] {logging_mixin.py:188} INFO - [2024-07-18T23:42:54.496+0000] {dag.py:3047} INFO - Sync 1 DAGs
[2024-07-18T23:42:54.516+0000] {logging_mixin.py:188} INFO - [2024-07-18T23:42:54.516+0000] {dag.py:3834} INFO - Setting next_dagrun for example_task_group to 2024-07-17 00:00:00+00:00, run_after=2024-07-18 00:00:00+00:00
[2024-07-18T23:42:54.534+0000] {processor.py:183} INFO - Processing /home/airflow/.local/lib/python3.8/site-packages/airflow/example_dags/example_task_group.py took 0.067 seconds
[2024-07-18T23:43:24.711+0000] {processor.py:161} INFO - Started process (PID=335) to work on /home/airflow/.local/lib/python3.8/site-packages/airflow/example_dags/example_task_group.py
[2024-07-18T23:43:24.712+0000] {processor.py:830} INFO - Processing file /home/airflow/.local/lib/python3.8/site-packages/airflow/example_dags/example_task_group.py for tasks to queue
[2024-07-18T23:43:24.713+0000] {logging_mixin.py:188} INFO - [2024-07-18T23:43:24.713+0000] {dagbag.py:540} INFO - Filling up the DagBag from /home/airflow/.local/lib/python3.8/site-packages/airflow/example_dags/example_task_group.py
[2024-07-18T23:43:24.718+0000] {processor.py:840} INFO - DAG(s) 'example_task_group' retrieved from /home/airflow/.local/lib/python3.8/site-packages/airflow/example_dags/example_task_group.py
[2024-07-18T23:43:24.735+0000] {logging_mixin.py:188} INFO - [2024-07-18T23:43:24.735+0000] {dag.py:3047} INFO - Sync 1 DAGs
[2024-07-18T23:43:24.752+0000] {logging_mixin.py:188} INFO - [2024-07-18T23:43:24.752+0000] {dag.py:3834} INFO - Setting next_dagrun for example_task_group to 2024-07-17 00:00:00+00:00, run_after=2024-07-18 00:00:00+00:00
[2024-07-18T23:43:24.766+0000] {processor.py:183} INFO - Processing /home/airflow/.local/lib/python3.8/site-packages/airflow/example_dags/example_task_group.py took 0.058 seconds
[2024-07-18T23:43:54.848+0000] {processor.py:161} INFO - Started process (PID=391) to work on /home/airflow/.local/lib/python3.8/site-packages/airflow/example_dags/example_task_group.py
[2024-07-18T23:43:54.848+0000] {processor.py:830} INFO - Processing file /home/airflow/.local/lib/python3.8/site-packages/airflow/example_dags/example_task_group.py for tasks to queue
[2024-07-18T23:43:54.849+0000] {logging_mixin.py:188} INFO - [2024-07-18T23:43:54.849+0000] {dagbag.py:540} INFO - Filling up the DagBag from /home/airflow/.local/lib/python3.8/site-packages/airflow/example_dags/example_task_group.py
[2024-07-18T23:43:54.855+0000] {processor.py:840} INFO - DAG(s) 'example_task_group' retrieved from /home/airflow/.local/lib/python3.8/site-packages/airflow/example_dags/example_task_group.py
[2024-07-18T23:43:54.871+0000] {logging_mixin.py:188} INFO - [2024-07-18T23:43:54.871+0000] {dag.py:3047} INFO - Sync 1 DAGs
[2024-07-18T23:43:54.887+0000] {logging_mixin.py:188} INFO - [2024-07-18T23:43:54.887+0000] {dag.py:3834} INFO - Setting next_dagrun for example_task_group to 2024-07-17 00:00:00+00:00, run_after=2024-07-18 00:00:00+00:00
[2024-07-18T23:43:54.900+0000] {processor.py:183} INFO - Processing /home/airflow/.local/lib/python3.8/site-packages/airflow/example_dags/example_task_group.py took 0.054 seconds
[2024-07-18T23:44:25.097+0000] {processor.py:161} INFO - Started process (PID=447) to work on /home/airflow/.local/lib/python3.8/site-packages/airflow/example_dags/example_task_group.py
[2024-07-18T23:44:25.098+0000] {processor.py:830} INFO - Processing file /home/airflow/.local/lib/python3.8/site-packages/airflow/example_dags/example_task_group.py for tasks to queue
[2024-07-18T23:44:25.099+0000] {logging_mixin.py:188} INFO - [2024-07-18T23:44:25.099+0000] {dagbag.py:540} INFO - Filling up the DagBag from /home/airflow/.local/lib/python3.8/site-packages/airflow/example_dags/example_task_group.py
[2024-07-18T23:44:25.104+0000] {processor.py:840} INFO - DAG(s) 'example_task_group' retrieved from /home/airflow/.local/lib/python3.8/site-packages/airflow/example_dags/example_task_group.py
[2024-07-18T23:44:25.120+0000] {logging_mixin.py:188} INFO - [2024-07-18T23:44:25.120+0000] {dag.py:3047} INFO - Sync 1 DAGs
[2024-07-18T23:44:25.137+0000] {logging_mixin.py:188} INFO - [2024-07-18T23:44:25.137+0000] {dag.py:3834} INFO - Setting next_dagrun for example_task_group to 2024-07-17 00:00:00+00:00, run_after=2024-07-18 00:00:00+00:00
[2024-07-18T23:44:25.150+0000] {processor.py:183} INFO - Processing /home/airflow/.local/lib/python3.8/site-packages/airflow/example_dags/example_task_group.py took 0.056 seconds
[2024-07-18T23:44:55.407+0000] {processor.py:161} INFO - Started process (PID=503) to work on /home/airflow/.local/lib/python3.8/site-packages/airflow/example_dags/example_task_group.py
[2024-07-18T23:44:55.408+0000] {processor.py:830} INFO - Processing file /home/airflow/.local/lib/python3.8/site-packages/airflow/example_dags/example_task_group.py for tasks to queue
[2024-07-18T23:44:55.410+0000] {logging_mixin.py:188} INFO - [2024-07-18T23:44:55.410+0000] {dagbag.py:540} INFO - Filling up the DagBag from /home/airflow/.local/lib/python3.8/site-packages/airflow/example_dags/example_task_group.py
[2024-07-18T23:44:55.416+0000] {processor.py:840} INFO - DAG(s) 'example_task_group' retrieved from /home/airflow/.local/lib/python3.8/site-packages/airflow/example_dags/example_task_group.py
[2024-07-18T23:44:55.435+0000] {logging_mixin.py:188} INFO - [2024-07-18T23:44:55.434+0000] {dag.py:3047} INFO - Sync 1 DAGs
[2024-07-18T23:44:55.454+0000] {logging_mixin.py:188} INFO - [2024-07-18T23:44:55.454+0000] {dag.py:3834} INFO - Setting next_dagrun for example_task_group to 2024-07-17 00:00:00+00:00, run_after=2024-07-18 00:00:00+00:00
[2024-07-18T23:44:55.477+0000] {processor.py:183} INFO - Processing /home/airflow/.local/lib/python3.8/site-packages/airflow/example_dags/example_task_group.py took 0.072 seconds
[2024-07-18T23:45:25.498+0000] {processor.py:161} INFO - Started process (PID=559) to work on /home/airflow/.local/lib/python3.8/site-packages/airflow/example_dags/example_task_group.py
[2024-07-18T23:45:25.499+0000] {processor.py:830} INFO - Processing file /home/airflow/.local/lib/python3.8/site-packages/airflow/example_dags/example_task_group.py for tasks to queue
[2024-07-18T23:45:25.500+0000] {logging_mixin.py:188} INFO - [2024-07-18T23:45:25.500+0000] {dagbag.py:540} INFO - Filling up the DagBag from /home/airflow/.local/lib/python3.8/site-packages/airflow/example_dags/example_task_group.py
[2024-07-18T23:45:25.506+0000] {processor.py:840} INFO - DAG(s) 'example_task_group' retrieved from /home/airflow/.local/lib/python3.8/site-packages/airflow/example_dags/example_task_group.py
[2024-07-18T23:45:25.521+0000] {logging_mixin.py:188} INFO - [2024-07-18T23:45:25.521+0000] {dag.py:3047} INFO - Sync 1 DAGs
[2024-07-18T23:45:25.538+0000] {logging_mixin.py:188} INFO - [2024-07-18T23:45:25.538+0000] {dag.py:3834} INFO - Setting next_dagrun for example_task_group to 2024-07-17 00:00:00+00:00, run_after=2024-07-18 00:00:00+00:00
[2024-07-18T23:45:25.552+0000] {processor.py:183} INFO - Processing /home/airflow/.local/lib/python3.8/site-packages/airflow/example_dags/example_task_group.py took 0.056 seconds
[2024-07-18T23:47:13.758+0000] {processor.py:161} INFO - Started process (PID=55) to work on /home/airflow/.local/lib/python3.8/site-packages/airflow/example_dags/example_task_group.py
[2024-07-18T23:47:13.759+0000] {processor.py:830} INFO - Processing file /home/airflow/.local/lib/python3.8/site-packages/airflow/example_dags/example_task_group.py for tasks to queue
[2024-07-18T23:47:13.760+0000] {logging_mixin.py:188} INFO - [2024-07-18T23:47:13.760+0000] {dagbag.py:540} INFO - Filling up the DagBag from /home/airflow/.local/lib/python3.8/site-packages/airflow/example_dags/example_task_group.py
[2024-07-18T23:47:13.768+0000] {processor.py:840} INFO - DAG(s) 'example_task_group' retrieved from /home/airflow/.local/lib/python3.8/site-packages/airflow/example_dags/example_task_group.py
[2024-07-18T23:47:13.777+0000] {logging_mixin.py:188} INFO - [2024-07-18T23:47:13.777+0000] {dag.py:3047} INFO - Sync 1 DAGs
[2024-07-18T23:47:13.797+0000] {logging_mixin.py:188} INFO - [2024-07-18T23:47:13.796+0000] {dag.py:3834} INFO - Setting next_dagrun for example_task_group to 2024-07-17 00:00:00+00:00, run_after=2024-07-18 00:00:00+00:00
[2024-07-18T23:47:13.817+0000] {processor.py:183} INFO - Processing /home/airflow/.local/lib/python3.8/site-packages/airflow/example_dags/example_task_group.py took 0.062 seconds
[2024-07-18T23:47:44.234+0000] {processor.py:161} INFO - Started process (PID=111) to work on /home/airflow/.local/lib/python3.8/site-packages/airflow/example_dags/example_task_group.py
[2024-07-18T23:47:44.234+0000] {processor.py:830} INFO - Processing file /home/airflow/.local/lib/python3.8/site-packages/airflow/example_dags/example_task_group.py for tasks to queue
[2024-07-18T23:47:44.235+0000] {logging_mixin.py:188} INFO - [2024-07-18T23:47:44.235+0000] {dagbag.py:540} INFO - Filling up the DagBag from /home/airflow/.local/lib/python3.8/site-packages/airflow/example_dags/example_task_group.py
[2024-07-18T23:47:44.241+0000] {processor.py:840} INFO - DAG(s) 'example_task_group' retrieved from /home/airflow/.local/lib/python3.8/site-packages/airflow/example_dags/example_task_group.py
[2024-07-18T23:47:44.327+0000] {logging_mixin.py:188} INFO - [2024-07-18T23:47:44.327+0000] {dag.py:3047} INFO - Sync 1 DAGs
[2024-07-18T23:47:44.346+0000] {logging_mixin.py:188} INFO - [2024-07-18T23:47:44.346+0000] {dag.py:3834} INFO - Setting next_dagrun for example_task_group to 2024-07-17 00:00:00+00:00, run_after=2024-07-18 00:00:00+00:00
[2024-07-18T23:47:44.361+0000] {processor.py:183} INFO - Processing /home/airflow/.local/lib/python3.8/site-packages/airflow/example_dags/example_task_group.py took 0.129 seconds
[2024-07-18T23:48:14.709+0000] {processor.py:161} INFO - Started process (PID=167) to work on /home/airflow/.local/lib/python3.8/site-packages/airflow/example_dags/example_task_group.py
[2024-07-18T23:48:14.710+0000] {processor.py:830} INFO - Processing file /home/airflow/.local/lib/python3.8/site-packages/airflow/example_dags/example_task_group.py for tasks to queue
[2024-07-18T23:48:14.711+0000] {logging_mixin.py:188} INFO - [2024-07-18T23:48:14.711+0000] {dagbag.py:540} INFO - Filling up the DagBag from /home/airflow/.local/lib/python3.8/site-packages/airflow/example_dags/example_task_group.py
[2024-07-18T23:48:14.716+0000] {processor.py:840} INFO - DAG(s) 'example_task_group' retrieved from /home/airflow/.local/lib/python3.8/site-packages/airflow/example_dags/example_task_group.py
[2024-07-18T23:48:14.732+0000] {logging_mixin.py:188} INFO - [2024-07-18T23:48:14.732+0000] {dag.py:3047} INFO - Sync 1 DAGs
[2024-07-18T23:48:14.748+0000] {logging_mixin.py:188} INFO - [2024-07-18T23:48:14.748+0000] {dag.py:3834} INFO - Setting next_dagrun for example_task_group to 2024-07-17 00:00:00+00:00, run_after=2024-07-18 00:00:00+00:00
[2024-07-18T23:48:14.761+0000] {processor.py:183} INFO - Processing /home/airflow/.local/lib/python3.8/site-packages/airflow/example_dags/example_task_group.py took 0.055 seconds
[2024-07-18T23:48:45.056+0000] {processor.py:161} INFO - Started process (PID=223) to work on /home/airflow/.local/lib/python3.8/site-packages/airflow/example_dags/example_task_group.py
[2024-07-18T23:48:45.057+0000] {processor.py:830} INFO - Processing file /home/airflow/.local/lib/python3.8/site-packages/airflow/example_dags/example_task_group.py for tasks to queue
[2024-07-18T23:48:45.058+0000] {logging_mixin.py:188} INFO - [2024-07-18T23:48:45.058+0000] {dagbag.py:540} INFO - Filling up the DagBag from /home/airflow/.local/lib/python3.8/site-packages/airflow/example_dags/example_task_group.py
[2024-07-18T23:48:45.063+0000] {processor.py:840} INFO - DAG(s) 'example_task_group' retrieved from /home/airflow/.local/lib/python3.8/site-packages/airflow/example_dags/example_task_group.py
[2024-07-18T23:48:45.080+0000] {logging_mixin.py:188} INFO - [2024-07-18T23:48:45.080+0000] {dag.py:3047} INFO - Sync 1 DAGs
[2024-07-18T23:48:45.098+0000] {logging_mixin.py:188} INFO - [2024-07-18T23:48:45.098+0000] {dag.py:3834} INFO - Setting next_dagrun for example_task_group to 2024-07-17 00:00:00+00:00, run_after=2024-07-18 00:00:00+00:00
[2024-07-18T23:48:45.114+0000] {processor.py:183} INFO - Processing /home/airflow/.local/lib/python3.8/site-packages/airflow/example_dags/example_task_group.py took 0.060 seconds
[2024-07-18T23:49:15.229+0000] {processor.py:161} INFO - Started process (PID=278) to work on /home/airflow/.local/lib/python3.8/site-packages/airflow/example_dags/example_task_group.py
[2024-07-18T23:49:15.230+0000] {processor.py:830} INFO - Processing file /home/airflow/.local/lib/python3.8/site-packages/airflow/example_dags/example_task_group.py for tasks to queue
[2024-07-18T23:49:15.231+0000] {logging_mixin.py:188} INFO - [2024-07-18T23:49:15.231+0000] {dagbag.py:540} INFO - Filling up the DagBag from /home/airflow/.local/lib/python3.8/site-packages/airflow/example_dags/example_task_group.py
[2024-07-18T23:49:15.237+0000] {processor.py:840} INFO - DAG(s) 'example_task_group' retrieved from /home/airflow/.local/lib/python3.8/site-packages/airflow/example_dags/example_task_group.py
[2024-07-18T23:49:15.253+0000] {logging_mixin.py:188} INFO - [2024-07-18T23:49:15.253+0000] {dag.py:3047} INFO - Sync 1 DAGs
[2024-07-18T23:49:15.271+0000] {logging_mixin.py:188} INFO - [2024-07-18T23:49:15.271+0000] {dag.py:3834} INFO - Setting next_dagrun for example_task_group to 2024-07-17 00:00:00+00:00, run_after=2024-07-18 00:00:00+00:00
[2024-07-18T23:49:15.293+0000] {processor.py:183} INFO - Processing /home/airflow/.local/lib/python3.8/site-packages/airflow/example_dags/example_task_group.py took 0.065 seconds
[2024-07-18T23:49:45.367+0000] {processor.py:161} INFO - Started process (PID=334) to work on /home/airflow/.local/lib/python3.8/site-packages/airflow/example_dags/example_task_group.py
[2024-07-18T23:49:45.368+0000] {processor.py:830} INFO - Processing file /home/airflow/.local/lib/python3.8/site-packages/airflow/example_dags/example_task_group.py for tasks to queue
[2024-07-18T23:49:45.369+0000] {logging_mixin.py:188} INFO - [2024-07-18T23:49:45.369+0000] {dagbag.py:540} INFO - Filling up the DagBag from /home/airflow/.local/lib/python3.8/site-packages/airflow/example_dags/example_task_group.py
[2024-07-18T23:49:45.375+0000] {processor.py:840} INFO - DAG(s) 'example_task_group' retrieved from /home/airflow/.local/lib/python3.8/site-packages/airflow/example_dags/example_task_group.py
[2024-07-18T23:49:45.391+0000] {logging_mixin.py:188} INFO - [2024-07-18T23:49:45.391+0000] {dag.py:3047} INFO - Sync 1 DAGs
[2024-07-18T23:49:45.409+0000] {logging_mixin.py:188} INFO - [2024-07-18T23:49:45.409+0000] {dag.py:3834} INFO - Setting next_dagrun for example_task_group to 2024-07-17 00:00:00+00:00, run_after=2024-07-18 00:00:00+00:00
[2024-07-18T23:49:45.425+0000] {processor.py:183} INFO - Processing /home/airflow/.local/lib/python3.8/site-packages/airflow/example_dags/example_task_group.py took 0.060 seconds
[2024-07-18T23:50:15.492+0000] {processor.py:161} INFO - Started process (PID=390) to work on /home/airflow/.local/lib/python3.8/site-packages/airflow/example_dags/example_task_group.py
[2024-07-18T23:50:15.493+0000] {processor.py:830} INFO - Processing file /home/airflow/.local/lib/python3.8/site-packages/airflow/example_dags/example_task_group.py for tasks to queue
[2024-07-18T23:50:15.495+0000] {logging_mixin.py:188} INFO - [2024-07-18T23:50:15.494+0000] {dagbag.py:540} INFO - Filling up the DagBag from /home/airflow/.local/lib/python3.8/site-packages/airflow/example_dags/example_task_group.py
[2024-07-18T23:50:15.500+0000] {processor.py:840} INFO - DAG(s) 'example_task_group' retrieved from /home/airflow/.local/lib/python3.8/site-packages/airflow/example_dags/example_task_group.py
[2024-07-18T23:50:15.519+0000] {logging_mixin.py:188} INFO - [2024-07-18T23:50:15.519+0000] {dag.py:3047} INFO - Sync 1 DAGs
[2024-07-18T23:50:15.537+0000] {logging_mixin.py:188} INFO - [2024-07-18T23:50:15.537+0000] {dag.py:3834} INFO - Setting next_dagrun for example_task_group to 2024-07-17 00:00:00+00:00, run_after=2024-07-18 00:00:00+00:00
[2024-07-18T23:50:15.555+0000] {processor.py:183} INFO - Processing /home/airflow/.local/lib/python3.8/site-packages/airflow/example_dags/example_task_group.py took 0.065 seconds
[2024-07-18T23:50:45.687+0000] {processor.py:161} INFO - Started process (PID=446) to work on /home/airflow/.local/lib/python3.8/site-packages/airflow/example_dags/example_task_group.py
[2024-07-18T23:50:45.688+0000] {processor.py:830} INFO - Processing file /home/airflow/.local/lib/python3.8/site-packages/airflow/example_dags/example_task_group.py for tasks to queue
[2024-07-18T23:50:45.689+0000] {logging_mixin.py:188} INFO - [2024-07-18T23:50:45.689+0000] {dagbag.py:540} INFO - Filling up the DagBag from /home/airflow/.local/lib/python3.8/site-packages/airflow/example_dags/example_task_group.py
[2024-07-18T23:50:45.695+0000] {processor.py:840} INFO - DAG(s) 'example_task_group' retrieved from /home/airflow/.local/lib/python3.8/site-packages/airflow/example_dags/example_task_group.py
[2024-07-18T23:50:45.713+0000] {logging_mixin.py:188} INFO - [2024-07-18T23:50:45.713+0000] {dag.py:3047} INFO - Sync 1 DAGs
[2024-07-18T23:50:45.730+0000] {logging_mixin.py:188} INFO - [2024-07-18T23:50:45.729+0000] {dag.py:3834} INFO - Setting next_dagrun for example_task_group to 2024-07-17 00:00:00+00:00, run_after=2024-07-18 00:00:00+00:00
[2024-07-18T23:50:45.744+0000] {processor.py:183} INFO - Processing /home/airflow/.local/lib/python3.8/site-packages/airflow/example_dags/example_task_group.py took 0.059 seconds
[2024-07-18T23:51:15.817+0000] {processor.py:161} INFO - Started process (PID=502) to work on /home/airflow/.local/lib/python3.8/site-packages/airflow/example_dags/example_task_group.py
[2024-07-18T23:51:15.818+0000] {processor.py:830} INFO - Processing file /home/airflow/.local/lib/python3.8/site-packages/airflow/example_dags/example_task_group.py for tasks to queue
[2024-07-18T23:51:15.819+0000] {logging_mixin.py:188} INFO - [2024-07-18T23:51:15.819+0000] {dagbag.py:540} INFO - Filling up the DagBag from /home/airflow/.local/lib/python3.8/site-packages/airflow/example_dags/example_task_group.py
[2024-07-18T23:51:15.825+0000] {processor.py:840} INFO - DAG(s) 'example_task_group' retrieved from /home/airflow/.local/lib/python3.8/site-packages/airflow/example_dags/example_task_group.py
[2024-07-18T23:51:15.845+0000] {logging_mixin.py:188} INFO - [2024-07-18T23:51:15.845+0000] {dag.py:3047} INFO - Sync 1 DAGs
[2024-07-18T23:51:15.863+0000] {logging_mixin.py:188} INFO - [2024-07-18T23:51:15.863+0000] {dag.py:3834} INFO - Setting next_dagrun for example_task_group to 2024-07-17 00:00:00+00:00, run_after=2024-07-18 00:00:00+00:00
[2024-07-18T23:51:15.878+0000] {processor.py:183} INFO - Processing /home/airflow/.local/lib/python3.8/site-packages/airflow/example_dags/example_task_group.py took 0.063 seconds
[2024-07-18T23:51:46.000+0000] {processor.py:161} INFO - Started process (PID=558) to work on /home/airflow/.local/lib/python3.8/site-packages/airflow/example_dags/example_task_group.py
[2024-07-18T23:51:46.001+0000] {processor.py:830} INFO - Processing file /home/airflow/.local/lib/python3.8/site-packages/airflow/example_dags/example_task_group.py for tasks to queue
[2024-07-18T23:51:46.002+0000] {logging_mixin.py:188} INFO - [2024-07-18T23:51:46.002+0000] {dagbag.py:540} INFO - Filling up the DagBag from /home/airflow/.local/lib/python3.8/site-packages/airflow/example_dags/example_task_group.py
[2024-07-18T23:51:46.007+0000] {processor.py:840} INFO - DAG(s) 'example_task_group' retrieved from /home/airflow/.local/lib/python3.8/site-packages/airflow/example_dags/example_task_group.py
[2024-07-18T23:51:46.023+0000] {logging_mixin.py:188} INFO - [2024-07-18T23:51:46.023+0000] {dag.py:3047} INFO - Sync 1 DAGs
[2024-07-18T23:51:46.039+0000] {logging_mixin.py:188} INFO - [2024-07-18T23:51:46.039+0000] {dag.py:3834} INFO - Setting next_dagrun for example_task_group to 2024-07-17 00:00:00+00:00, run_after=2024-07-18 00:00:00+00:00
[2024-07-18T23:51:46.053+0000] {processor.py:183} INFO - Processing /home/airflow/.local/lib/python3.8/site-packages/airflow/example_dags/example_task_group.py took 0.055 seconds
[2024-07-18T23:52:16.278+0000] {processor.py:161} INFO - Started process (PID=614) to work on /home/airflow/.local/lib/python3.8/site-packages/airflow/example_dags/example_task_group.py
[2024-07-18T23:52:16.279+0000] {processor.py:830} INFO - Processing file /home/airflow/.local/lib/python3.8/site-packages/airflow/example_dags/example_task_group.py for tasks to queue
[2024-07-18T23:52:16.280+0000] {logging_mixin.py:188} INFO - [2024-07-18T23:52:16.280+0000] {dagbag.py:540} INFO - Filling up the DagBag from /home/airflow/.local/lib/python3.8/site-packages/airflow/example_dags/example_task_group.py
[2024-07-18T23:52:16.285+0000] {processor.py:840} INFO - DAG(s) 'example_task_group' retrieved from /home/airflow/.local/lib/python3.8/site-packages/airflow/example_dags/example_task_group.py
[2024-07-18T23:52:16.302+0000] {logging_mixin.py:188} INFO - [2024-07-18T23:52:16.302+0000] {dag.py:3047} INFO - Sync 1 DAGs
[2024-07-18T23:52:16.319+0000] {logging_mixin.py:188} INFO - [2024-07-18T23:52:16.319+0000] {dag.py:3834} INFO - Setting next_dagrun for example_task_group to 2024-07-17 00:00:00+00:00, run_after=2024-07-18 00:00:00+00:00
[2024-07-18T23:52:16.334+0000] {processor.py:183} INFO - Processing /home/airflow/.local/lib/python3.8/site-packages/airflow/example_dags/example_task_group.py took 0.058 seconds
[2024-07-18T23:52:46.470+0000] {processor.py:161} INFO - Started process (PID=670) to work on /home/airflow/.local/lib/python3.8/site-packages/airflow/example_dags/example_task_group.py
[2024-07-18T23:52:46.470+0000] {processor.py:830} INFO - Processing file /home/airflow/.local/lib/python3.8/site-packages/airflow/example_dags/example_task_group.py for tasks to queue
[2024-07-18T23:52:46.472+0000] {logging_mixin.py:188} INFO - [2024-07-18T23:52:46.471+0000] {dagbag.py:540} INFO - Filling up the DagBag from /home/airflow/.local/lib/python3.8/site-packages/airflow/example_dags/example_task_group.py
[2024-07-18T23:52:46.477+0000] {processor.py:840} INFO - DAG(s) 'example_task_group' retrieved from /home/airflow/.local/lib/python3.8/site-packages/airflow/example_dags/example_task_group.py
[2024-07-18T23:52:46.495+0000] {logging_mixin.py:188} INFO - [2024-07-18T23:52:46.495+0000] {dag.py:3047} INFO - Sync 1 DAGs
[2024-07-18T23:52:46.512+0000] {logging_mixin.py:188} INFO - [2024-07-18T23:52:46.512+0000] {dag.py:3834} INFO - Setting next_dagrun for example_task_group to 2024-07-17 00:00:00+00:00, run_after=2024-07-18 00:00:00+00:00
[2024-07-18T23:52:46.526+0000] {processor.py:183} INFO - Processing /home/airflow/.local/lib/python3.8/site-packages/airflow/example_dags/example_task_group.py took 0.059 seconds
[2024-07-18T23:53:16.690+0000] {processor.py:161} INFO - Started process (PID=726) to work on /home/airflow/.local/lib/python3.8/site-packages/airflow/example_dags/example_task_group.py
[2024-07-18T23:53:16.692+0000] {processor.py:830} INFO - Processing file /home/airflow/.local/lib/python3.8/site-packages/airflow/example_dags/example_task_group.py for tasks to queue
[2024-07-18T23:53:16.693+0000] {logging_mixin.py:188} INFO - [2024-07-18T23:53:16.692+0000] {dagbag.py:540} INFO - Filling up the DagBag from /home/airflow/.local/lib/python3.8/site-packages/airflow/example_dags/example_task_group.py
[2024-07-18T23:53:16.697+0000] {processor.py:840} INFO - DAG(s) 'example_task_group' retrieved from /home/airflow/.local/lib/python3.8/site-packages/airflow/example_dags/example_task_group.py
[2024-07-18T23:53:16.714+0000] {logging_mixin.py:188} INFO - [2024-07-18T23:53:16.714+0000] {dag.py:3047} INFO - Sync 1 DAGs
[2024-07-18T23:53:16.730+0000] {logging_mixin.py:188} INFO - [2024-07-18T23:53:16.730+0000] {dag.py:3834} INFO - Setting next_dagrun for example_task_group to 2024-07-17 00:00:00+00:00, run_after=2024-07-18 00:00:00+00:00
[2024-07-18T23:53:16.744+0000] {processor.py:183} INFO - Processing /home/airflow/.local/lib/python3.8/site-packages/airflow/example_dags/example_task_group.py took 0.056 seconds
[2024-07-18T23:53:46.880+0000] {processor.py:161} INFO - Started process (PID=782) to work on /home/airflow/.local/lib/python3.8/site-packages/airflow/example_dags/example_task_group.py
[2024-07-18T23:53:46.881+0000] {processor.py:830} INFO - Processing file /home/airflow/.local/lib/python3.8/site-packages/airflow/example_dags/example_task_group.py for tasks to queue
[2024-07-18T23:53:46.882+0000] {logging_mixin.py:188} INFO - [2024-07-18T23:53:46.882+0000] {dagbag.py:540} INFO - Filling up the DagBag from /home/airflow/.local/lib/python3.8/site-packages/airflow/example_dags/example_task_group.py
[2024-07-18T23:53:46.887+0000] {processor.py:840} INFO - DAG(s) 'example_task_group' retrieved from /home/airflow/.local/lib/python3.8/site-packages/airflow/example_dags/example_task_group.py
[2024-07-18T23:53:46.903+0000] {logging_mixin.py:188} INFO - [2024-07-18T23:53:46.903+0000] {dag.py:3047} INFO - Sync 1 DAGs
[2024-07-18T23:53:46.919+0000] {logging_mixin.py:188} INFO - [2024-07-18T23:53:46.919+0000] {dag.py:3834} INFO - Setting next_dagrun for example_task_group to 2024-07-17 00:00:00+00:00, run_after=2024-07-18 00:00:00+00:00
[2024-07-18T23:53:46.933+0000] {processor.py:183} INFO - Processing /home/airflow/.local/lib/python3.8/site-packages/airflow/example_dags/example_task_group.py took 0.055 seconds
[2024-07-18T23:54:17.164+0000] {processor.py:161} INFO - Started process (PID=838) to work on /home/airflow/.local/lib/python3.8/site-packages/airflow/example_dags/example_task_group.py
[2024-07-18T23:54:17.165+0000] {processor.py:830} INFO - Processing file /home/airflow/.local/lib/python3.8/site-packages/airflow/example_dags/example_task_group.py for tasks to queue
[2024-07-18T23:54:17.166+0000] {logging_mixin.py:188} INFO - [2024-07-18T23:54:17.166+0000] {dagbag.py:540} INFO - Filling up the DagBag from /home/airflow/.local/lib/python3.8/site-packages/airflow/example_dags/example_task_group.py
[2024-07-18T23:54:17.171+0000] {processor.py:840} INFO - DAG(s) 'example_task_group' retrieved from /home/airflow/.local/lib/python3.8/site-packages/airflow/example_dags/example_task_group.py
[2024-07-18T23:54:17.187+0000] {logging_mixin.py:188} INFO - [2024-07-18T23:54:17.187+0000] {dag.py:3047} INFO - Sync 1 DAGs
[2024-07-18T23:54:17.204+0000] {logging_mixin.py:188} INFO - [2024-07-18T23:54:17.204+0000] {dag.py:3834} INFO - Setting next_dagrun for example_task_group to 2024-07-17 00:00:00+00:00, run_after=2024-07-18 00:00:00+00:00
[2024-07-18T23:54:17.219+0000] {processor.py:183} INFO - Processing /home/airflow/.local/lib/python3.8/site-packages/airflow/example_dags/example_task_group.py took 0.057 seconds
[2024-07-18T23:54:47.427+0000] {processor.py:161} INFO - Started process (PID=894) to work on /home/airflow/.local/lib/python3.8/site-packages/airflow/example_dags/example_task_group.py
[2024-07-18T23:54:47.428+0000] {processor.py:830} INFO - Processing file /home/airflow/.local/lib/python3.8/site-packages/airflow/example_dags/example_task_group.py for tasks to queue
[2024-07-18T23:54:47.429+0000] {logging_mixin.py:188} INFO - [2024-07-18T23:54:47.429+0000] {dagbag.py:540} INFO - Filling up the DagBag from /home/airflow/.local/lib/python3.8/site-packages/airflow/example_dags/example_task_group.py
[2024-07-18T23:54:47.435+0000] {processor.py:840} INFO - DAG(s) 'example_task_group' retrieved from /home/airflow/.local/lib/python3.8/site-packages/airflow/example_dags/example_task_group.py
[2024-07-18T23:54:47.452+0000] {logging_mixin.py:188} INFO - [2024-07-18T23:54:47.451+0000] {dag.py:3047} INFO - Sync 1 DAGs
[2024-07-18T23:54:47.468+0000] {logging_mixin.py:188} INFO - [2024-07-18T23:54:47.468+0000] {dag.py:3834} INFO - Setting next_dagrun for example_task_group to 2024-07-17 00:00:00+00:00, run_after=2024-07-18 00:00:00+00:00
[2024-07-18T23:54:47.483+0000] {processor.py:183} INFO - Processing /home/airflow/.local/lib/python3.8/site-packages/airflow/example_dags/example_task_group.py took 0.058 seconds
[2024-07-18T23:55:17.703+0000] {processor.py:161} INFO - Started process (PID=951) to work on /home/airflow/.local/lib/python3.8/site-packages/airflow/example_dags/example_task_group.py
[2024-07-18T23:55:17.704+0000] {processor.py:830} INFO - Processing file /home/airflow/.local/lib/python3.8/site-packages/airflow/example_dags/example_task_group.py for tasks to queue
[2024-07-18T23:55:17.705+0000] {logging_mixin.py:188} INFO - [2024-07-18T23:55:17.705+0000] {dagbag.py:540} INFO - Filling up the DagBag from /home/airflow/.local/lib/python3.8/site-packages/airflow/example_dags/example_task_group.py
[2024-07-18T23:55:17.711+0000] {processor.py:840} INFO - DAG(s) 'example_task_group' retrieved from /home/airflow/.local/lib/python3.8/site-packages/airflow/example_dags/example_task_group.py
[2024-07-18T23:55:17.727+0000] {logging_mixin.py:188} INFO - [2024-07-18T23:55:17.727+0000] {dag.py:3047} INFO - Sync 1 DAGs
[2024-07-18T23:55:17.743+0000] {logging_mixin.py:188} INFO - [2024-07-18T23:55:17.743+0000] {dag.py:3834} INFO - Setting next_dagrun for example_task_group to 2024-07-17 00:00:00+00:00, run_after=2024-07-18 00:00:00+00:00
[2024-07-18T23:55:17.758+0000] {processor.py:183} INFO - Processing /home/airflow/.local/lib/python3.8/site-packages/airflow/example_dags/example_task_group.py took 0.057 seconds
[2024-07-18T23:55:47.892+0000] {processor.py:161} INFO - Started process (PID=1007) to work on /home/airflow/.local/lib/python3.8/site-packages/airflow/example_dags/example_task_group.py
[2024-07-18T23:55:47.893+0000] {processor.py:830} INFO - Processing file /home/airflow/.local/lib/python3.8/site-packages/airflow/example_dags/example_task_group.py for tasks to queue
[2024-07-18T23:55:47.894+0000] {logging_mixin.py:188} INFO - [2024-07-18T23:55:47.894+0000] {dagbag.py:540} INFO - Filling up the DagBag from /home/airflow/.local/lib/python3.8/site-packages/airflow/example_dags/example_task_group.py
[2024-07-18T23:55:47.899+0000] {processor.py:840} INFO - DAG(s) 'example_task_group' retrieved from /home/airflow/.local/lib/python3.8/site-packages/airflow/example_dags/example_task_group.py
[2024-07-18T23:55:47.915+0000] {logging_mixin.py:188} INFO - [2024-07-18T23:55:47.915+0000] {dag.py:3047} INFO - Sync 1 DAGs
[2024-07-18T23:55:47.931+0000] {logging_mixin.py:188} INFO - [2024-07-18T23:55:47.931+0000] {dag.py:3834} INFO - Setting next_dagrun for example_task_group to 2024-07-17 00:00:00+00:00, run_after=2024-07-18 00:00:00+00:00
[2024-07-18T23:55:47.945+0000] {processor.py:183} INFO - Processing /home/airflow/.local/lib/python3.8/site-packages/airflow/example_dags/example_task_group.py took 0.055 seconds
[2024-07-18T23:56:18.126+0000] {processor.py:161} INFO - Started process (PID=1063) to work on /home/airflow/.local/lib/python3.8/site-packages/airflow/example_dags/example_task_group.py
[2024-07-18T23:56:18.127+0000] {processor.py:830} INFO - Processing file /home/airflow/.local/lib/python3.8/site-packages/airflow/example_dags/example_task_group.py for tasks to queue
[2024-07-18T23:56:18.128+0000] {logging_mixin.py:188} INFO - [2024-07-18T23:56:18.128+0000] {dagbag.py:540} INFO - Filling up the DagBag from /home/airflow/.local/lib/python3.8/site-packages/airflow/example_dags/example_task_group.py
[2024-07-18T23:56:18.133+0000] {processor.py:840} INFO - DAG(s) 'example_task_group' retrieved from /home/airflow/.local/lib/python3.8/site-packages/airflow/example_dags/example_task_group.py
[2024-07-18T23:56:18.149+0000] {logging_mixin.py:188} INFO - [2024-07-18T23:56:18.148+0000] {dag.py:3047} INFO - Sync 1 DAGs
[2024-07-18T23:56:18.165+0000] {logging_mixin.py:188} INFO - [2024-07-18T23:56:18.165+0000] {dag.py:3834} INFO - Setting next_dagrun for example_task_group to 2024-07-17 00:00:00+00:00, run_after=2024-07-18 00:00:00+00:00
[2024-07-18T23:56:18.179+0000] {processor.py:183} INFO - Processing /home/airflow/.local/lib/python3.8/site-packages/airflow/example_dags/example_task_group.py took 0.055 seconds
[2024-07-18T23:56:48.410+0000] {processor.py:161} INFO - Started process (PID=1119) to work on /home/airflow/.local/lib/python3.8/site-packages/airflow/example_dags/example_task_group.py
[2024-07-18T23:56:48.411+0000] {processor.py:830} INFO - Processing file /home/airflow/.local/lib/python3.8/site-packages/airflow/example_dags/example_task_group.py for tasks to queue
[2024-07-18T23:56:48.412+0000] {logging_mixin.py:188} INFO - [2024-07-18T23:56:48.411+0000] {dagbag.py:540} INFO - Filling up the DagBag from /home/airflow/.local/lib/python3.8/site-packages/airflow/example_dags/example_task_group.py
[2024-07-18T23:56:48.417+0000] {processor.py:840} INFO - DAG(s) 'example_task_group' retrieved from /home/airflow/.local/lib/python3.8/site-packages/airflow/example_dags/example_task_group.py
[2024-07-18T23:56:48.433+0000] {logging_mixin.py:188} INFO - [2024-07-18T23:56:48.433+0000] {dag.py:3047} INFO - Sync 1 DAGs
[2024-07-18T23:56:48.449+0000] {logging_mixin.py:188} INFO - [2024-07-18T23:56:48.449+0000] {dag.py:3834} INFO - Setting next_dagrun for example_task_group to 2024-07-17 00:00:00+00:00, run_after=2024-07-18 00:00:00+00:00
[2024-07-18T23:56:48.463+0000] {processor.py:183} INFO - Processing /home/airflow/.local/lib/python3.8/site-packages/airflow/example_dags/example_task_group.py took 0.055 seconds
[2024-07-18T23:57:18.804+0000] {processor.py:161} INFO - Started process (PID=1175) to work on /home/airflow/.local/lib/python3.8/site-packages/airflow/example_dags/example_task_group.py
[2024-07-18T23:57:18.805+0000] {processor.py:830} INFO - Processing file /home/airflow/.local/lib/python3.8/site-packages/airflow/example_dags/example_task_group.py for tasks to queue
[2024-07-18T23:57:18.806+0000] {logging_mixin.py:188} INFO - [2024-07-18T23:57:18.806+0000] {dagbag.py:540} INFO - Filling up the DagBag from /home/airflow/.local/lib/python3.8/site-packages/airflow/example_dags/example_task_group.py
[2024-07-18T23:57:18.811+0000] {processor.py:840} INFO - DAG(s) 'example_task_group' retrieved from /home/airflow/.local/lib/python3.8/site-packages/airflow/example_dags/example_task_group.py
[2024-07-18T23:57:18.828+0000] {logging_mixin.py:188} INFO - [2024-07-18T23:57:18.828+0000] {dag.py:3047} INFO - Sync 1 DAGs
[2024-07-18T23:57:18.847+0000] {logging_mixin.py:188} INFO - [2024-07-18T23:57:18.847+0000] {dag.py:3834} INFO - Setting next_dagrun for example_task_group to 2024-07-17 00:00:00+00:00, run_after=2024-07-18 00:00:00+00:00
[2024-07-18T23:57:18.864+0000] {processor.py:183} INFO - Processing /home/airflow/.local/lib/python3.8/site-packages/airflow/example_dags/example_task_group.py took 0.062 seconds
[2024-07-18T23:57:49.097+0000] {processor.py:161} INFO - Started process (PID=1231) to work on /home/airflow/.local/lib/python3.8/site-packages/airflow/example_dags/example_task_group.py
[2024-07-18T23:57:49.098+0000] {processor.py:830} INFO - Processing file /home/airflow/.local/lib/python3.8/site-packages/airflow/example_dags/example_task_group.py for tasks to queue
[2024-07-18T23:57:49.099+0000] {logging_mixin.py:188} INFO - [2024-07-18T23:57:49.099+0000] {dagbag.py:540} INFO - Filling up the DagBag from /home/airflow/.local/lib/python3.8/site-packages/airflow/example_dags/example_task_group.py
[2024-07-18T23:57:49.105+0000] {processor.py:840} INFO - DAG(s) 'example_task_group' retrieved from /home/airflow/.local/lib/python3.8/site-packages/airflow/example_dags/example_task_group.py
[2024-07-18T23:57:49.122+0000] {logging_mixin.py:188} INFO - [2024-07-18T23:57:49.122+0000] {dag.py:3047} INFO - Sync 1 DAGs
[2024-07-18T23:57:49.139+0000] {logging_mixin.py:188} INFO - [2024-07-18T23:57:49.139+0000] {dag.py:3834} INFO - Setting next_dagrun for example_task_group to 2024-07-17 00:00:00+00:00, run_after=2024-07-18 00:00:00+00:00
[2024-07-18T23:57:49.157+0000] {processor.py:183} INFO - Processing /home/airflow/.local/lib/python3.8/site-packages/airflow/example_dags/example_task_group.py took 0.062 seconds
[2024-07-18T23:58:19.255+0000] {processor.py:161} INFO - Started process (PID=1287) to work on /home/airflow/.local/lib/python3.8/site-packages/airflow/example_dags/example_task_group.py
[2024-07-18T23:58:19.256+0000] {processor.py:830} INFO - Processing file /home/airflow/.local/lib/python3.8/site-packages/airflow/example_dags/example_task_group.py for tasks to queue
[2024-07-18T23:58:19.257+0000] {logging_mixin.py:188} INFO - [2024-07-18T23:58:19.257+0000] {dagbag.py:540} INFO - Filling up the DagBag from /home/airflow/.local/lib/python3.8/site-packages/airflow/example_dags/example_task_group.py
[2024-07-18T23:58:19.262+0000] {processor.py:840} INFO - DAG(s) 'example_task_group' retrieved from /home/airflow/.local/lib/python3.8/site-packages/airflow/example_dags/example_task_group.py
[2024-07-18T23:58:19.278+0000] {logging_mixin.py:188} INFO - [2024-07-18T23:58:19.278+0000] {dag.py:3047} INFO - Sync 1 DAGs
[2024-07-18T23:58:19.295+0000] {logging_mixin.py:188} INFO - [2024-07-18T23:58:19.295+0000] {dag.py:3834} INFO - Setting next_dagrun for example_task_group to 2024-07-17 00:00:00+00:00, run_after=2024-07-18 00:00:00+00:00
[2024-07-18T23:58:19.308+0000] {processor.py:183} INFO - Processing /home/airflow/.local/lib/python3.8/site-packages/airflow/example_dags/example_task_group.py took 0.055 seconds
[2024-07-18T23:58:49.530+0000] {processor.py:161} INFO - Started process (PID=1343) to work on /home/airflow/.local/lib/python3.8/site-packages/airflow/example_dags/example_task_group.py
[2024-07-18T23:58:49.531+0000] {processor.py:830} INFO - Processing file /home/airflow/.local/lib/python3.8/site-packages/airflow/example_dags/example_task_group.py for tasks to queue
[2024-07-18T23:58:49.532+0000] {logging_mixin.py:188} INFO - [2024-07-18T23:58:49.532+0000] {dagbag.py:540} INFO - Filling up the DagBag from /home/airflow/.local/lib/python3.8/site-packages/airflow/example_dags/example_task_group.py
[2024-07-18T23:58:49.538+0000] {processor.py:840} INFO - DAG(s) 'example_task_group' retrieved from /home/airflow/.local/lib/python3.8/site-packages/airflow/example_dags/example_task_group.py
[2024-07-18T23:58:49.554+0000] {logging_mixin.py:188} INFO - [2024-07-18T23:58:49.554+0000] {dag.py:3047} INFO - Sync 1 DAGs
[2024-07-18T23:58:49.571+0000] {logging_mixin.py:188} INFO - [2024-07-18T23:58:49.571+0000] {dag.py:3834} INFO - Setting next_dagrun for example_task_group to 2024-07-17 00:00:00+00:00, run_after=2024-07-18 00:00:00+00:00
[2024-07-18T23:58:49.585+0000] {processor.py:183} INFO - Processing /home/airflow/.local/lib/python3.8/site-packages/airflow/example_dags/example_task_group.py took 0.057 seconds
[2024-07-18T23:59:19.677+0000] {processor.py:161} INFO - Started process (PID=1399) to work on /home/airflow/.local/lib/python3.8/site-packages/airflow/example_dags/example_task_group.py
[2024-07-18T23:59:19.678+0000] {processor.py:830} INFO - Processing file /home/airflow/.local/lib/python3.8/site-packages/airflow/example_dags/example_task_group.py for tasks to queue
[2024-07-18T23:59:19.679+0000] {logging_mixin.py:188} INFO - [2024-07-18T23:59:19.679+0000] {dagbag.py:540} INFO - Filling up the DagBag from /home/airflow/.local/lib/python3.8/site-packages/airflow/example_dags/example_task_group.py
[2024-07-18T23:59:19.684+0000] {processor.py:840} INFO - DAG(s) 'example_task_group' retrieved from /home/airflow/.local/lib/python3.8/site-packages/airflow/example_dags/example_task_group.py
[2024-07-18T23:59:19.701+0000] {logging_mixin.py:188} INFO - [2024-07-18T23:59:19.700+0000] {dag.py:3047} INFO - Sync 1 DAGs
[2024-07-18T23:59:19.716+0000] {logging_mixin.py:188} INFO - [2024-07-18T23:59:19.716+0000] {dag.py:3834} INFO - Setting next_dagrun for example_task_group to 2024-07-17 00:00:00+00:00, run_after=2024-07-18 00:00:00+00:00
[2024-07-18T23:59:19.729+0000] {processor.py:183} INFO - Processing /home/airflow/.local/lib/python3.8/site-packages/airflow/example_dags/example_task_group.py took 0.055 seconds
[2024-07-18T23:59:49.881+0000] {processor.py:161} INFO - Started process (PID=1455) to work on /home/airflow/.local/lib/python3.8/site-packages/airflow/example_dags/example_task_group.py
[2024-07-18T23:59:49.881+0000] {processor.py:830} INFO - Processing file /home/airflow/.local/lib/python3.8/site-packages/airflow/example_dags/example_task_group.py for tasks to queue
[2024-07-18T23:59:49.882+0000] {logging_mixin.py:188} INFO - [2024-07-18T23:59:49.882+0000] {dagbag.py:540} INFO - Filling up the DagBag from /home/airflow/.local/lib/python3.8/site-packages/airflow/example_dags/example_task_group.py
[2024-07-18T23:59:49.887+0000] {processor.py:840} INFO - DAG(s) 'example_task_group' retrieved from /home/airflow/.local/lib/python3.8/site-packages/airflow/example_dags/example_task_group.py
[2024-07-18T23:59:49.903+0000] {logging_mixin.py:188} INFO - [2024-07-18T23:59:49.903+0000] {dag.py:3047} INFO - Sync 1 DAGs
[2024-07-18T23:59:49.919+0000] {logging_mixin.py:188} INFO - [2024-07-18T23:59:49.918+0000] {dag.py:3834} INFO - Setting next_dagrun for example_task_group to 2024-07-17 00:00:00+00:00, run_after=2024-07-18 00:00:00+00:00
[2024-07-18T23:59:49.932+0000] {processor.py:183} INFO - Processing /home/airflow/.local/lib/python3.8/site-packages/airflow/example_dags/example_task_group.py took 0.054 seconds
