[2024-07-18T23:40:54.615+0000] {processor.py:161} INFO - Started process (PID=84) to work on /home/airflow/.local/lib/python3.8/site-packages/airflow/example_dags/example_python_decorator.py
[2024-07-18T23:40:54.617+0000] {processor.py:830} INFO - Processing file /home/airflow/.local/lib/python3.8/site-packages/airflow/example_dags/example_python_decorator.py for tasks to queue
[2024-07-18T23:40:54.618+0000] {logging_mixin.py:188} INFO - [2024-07-18T23:40:54.618+0000] {dagbag.py:540} INFO - Filling up the DagBag from /home/airflow/.local/lib/python3.8/site-packages/airflow/example_dags/example_python_decorator.py
[2024-07-18T23:40:54.635+0000] {processor.py:840} INFO - DAG(s) 'example_python_decorator' retrieved from /home/airflow/.local/lib/python3.8/site-packages/airflow/example_dags/example_python_decorator.py
[2024-07-18T23:40:54.648+0000] {logging_mixin.py:188} INFO - [2024-07-18T23:40:54.648+0000] {dag.py:3047} INFO - Sync 1 DAGs
[2024-07-18T23:40:54.663+0000] {logging_mixin.py:188} INFO - [2024-07-18T23:40:54.662+0000] {dag.py:3834} INFO - Setting next_dagrun for example_python_decorator to None, run_after=None
[2024-07-18T23:40:54.682+0000] {processor.py:183} INFO - Processing /home/airflow/.local/lib/python3.8/site-packages/airflow/example_dags/example_python_decorator.py took 0.073 seconds
[2024-07-18T23:41:26.179+0000] {processor.py:161} INFO - Started process (PID=140) to work on /home/airflow/.local/lib/python3.8/site-packages/airflow/example_dags/example_python_decorator.py
[2024-07-18T23:41:26.180+0000] {processor.py:830} INFO - Processing file /home/airflow/.local/lib/python3.8/site-packages/airflow/example_dags/example_python_decorator.py for tasks to queue
[2024-07-18T23:41:26.181+0000] {logging_mixin.py:188} INFO - [2024-07-18T23:41:26.181+0000] {dagbag.py:540} INFO - Filling up the DagBag from /home/airflow/.local/lib/python3.8/site-packages/airflow/example_dags/example_python_decorator.py
[2024-07-18T23:41:26.191+0000] {processor.py:840} INFO - DAG(s) 'example_python_decorator' retrieved from /home/airflow/.local/lib/python3.8/site-packages/airflow/example_dags/example_python_decorator.py
[2024-07-18T23:41:26.273+0000] {logging_mixin.py:188} INFO - [2024-07-18T23:41:26.272+0000] {dag.py:3047} INFO - Sync 1 DAGs
[2024-07-18T23:41:26.282+0000] {logging_mixin.py:188} INFO - [2024-07-18T23:41:26.281+0000] {dag.py:3834} INFO - Setting next_dagrun for example_python_decorator to None, run_after=None
[2024-07-18T23:41:26.302+0000] {processor.py:183} INFO - Processing /home/airflow/.local/lib/python3.8/site-packages/airflow/example_dags/example_python_decorator.py took 0.126 seconds
[2024-07-18T23:41:56.564+0000] {processor.py:161} INFO - Started process (PID=196) to work on /home/airflow/.local/lib/python3.8/site-packages/airflow/example_dags/example_python_decorator.py
[2024-07-18T23:41:56.564+0000] {processor.py:830} INFO - Processing file /home/airflow/.local/lib/python3.8/site-packages/airflow/example_dags/example_python_decorator.py for tasks to queue
[2024-07-18T23:41:56.565+0000] {logging_mixin.py:188} INFO - [2024-07-18T23:41:56.565+0000] {dagbag.py:540} INFO - Filling up the DagBag from /home/airflow/.local/lib/python3.8/site-packages/airflow/example_dags/example_python_decorator.py
[2024-07-18T23:41:56.574+0000] {processor.py:840} INFO - DAG(s) 'example_python_decorator' retrieved from /home/airflow/.local/lib/python3.8/site-packages/airflow/example_dags/example_python_decorator.py
[2024-07-18T23:41:56.591+0000] {logging_mixin.py:188} INFO - [2024-07-18T23:41:56.590+0000] {dag.py:3047} INFO - Sync 1 DAGs
[2024-07-18T23:41:56.600+0000] {logging_mixin.py:188} INFO - [2024-07-18T23:41:56.600+0000] {dag.py:3834} INFO - Setting next_dagrun for example_python_decorator to None, run_after=None
[2024-07-18T23:41:56.615+0000] {processor.py:183} INFO - Processing /home/airflow/.local/lib/python3.8/site-packages/airflow/example_dags/example_python_decorator.py took 0.053 seconds
[2024-07-18T23:42:26.645+0000] {processor.py:161} INFO - Started process (PID=253) to work on /home/airflow/.local/lib/python3.8/site-packages/airflow/example_dags/example_python_decorator.py
[2024-07-18T23:42:26.646+0000] {processor.py:830} INFO - Processing file /home/airflow/.local/lib/python3.8/site-packages/airflow/example_dags/example_python_decorator.py for tasks to queue
[2024-07-18T23:42:26.647+0000] {logging_mixin.py:188} INFO - [2024-07-18T23:42:26.647+0000] {dagbag.py:540} INFO - Filling up the DagBag from /home/airflow/.local/lib/python3.8/site-packages/airflow/example_dags/example_python_decorator.py
[2024-07-18T23:42:26.657+0000] {processor.py:840} INFO - DAG(s) 'example_python_decorator' retrieved from /home/airflow/.local/lib/python3.8/site-packages/airflow/example_dags/example_python_decorator.py
[2024-07-18T23:42:26.673+0000] {logging_mixin.py:188} INFO - [2024-07-18T23:42:26.673+0000] {dag.py:3047} INFO - Sync 1 DAGs
[2024-07-18T23:42:26.682+0000] {logging_mixin.py:188} INFO - [2024-07-18T23:42:26.682+0000] {dag.py:3834} INFO - Setting next_dagrun for example_python_decorator to None, run_after=None
[2024-07-18T23:42:26.696+0000] {processor.py:183} INFO - Processing /home/airflow/.local/lib/python3.8/site-packages/airflow/example_dags/example_python_decorator.py took 0.053 seconds
[2024-07-18T23:42:56.960+0000] {processor.py:161} INFO - Started process (PID=309) to work on /home/airflow/.local/lib/python3.8/site-packages/airflow/example_dags/example_python_decorator.py
[2024-07-18T23:42:56.961+0000] {processor.py:830} INFO - Processing file /home/airflow/.local/lib/python3.8/site-packages/airflow/example_dags/example_python_decorator.py for tasks to queue
[2024-07-18T23:42:56.963+0000] {logging_mixin.py:188} INFO - [2024-07-18T23:42:56.962+0000] {dagbag.py:540} INFO - Filling up the DagBag from /home/airflow/.local/lib/python3.8/site-packages/airflow/example_dags/example_python_decorator.py
[2024-07-18T23:42:56.975+0000] {processor.py:840} INFO - DAG(s) 'example_python_decorator' retrieved from /home/airflow/.local/lib/python3.8/site-packages/airflow/example_dags/example_python_decorator.py
[2024-07-18T23:42:56.995+0000] {logging_mixin.py:188} INFO - [2024-07-18T23:42:56.995+0000] {dag.py:3047} INFO - Sync 1 DAGs
[2024-07-18T23:42:57.007+0000] {logging_mixin.py:188} INFO - [2024-07-18T23:42:57.006+0000] {dag.py:3834} INFO - Setting next_dagrun for example_python_decorator to None, run_after=None
[2024-07-18T23:42:57.024+0000] {processor.py:183} INFO - Processing /home/airflow/.local/lib/python3.8/site-packages/airflow/example_dags/example_python_decorator.py took 0.067 seconds
[2024-07-18T23:43:27.043+0000] {processor.py:161} INFO - Started process (PID=365) to work on /home/airflow/.local/lib/python3.8/site-packages/airflow/example_dags/example_python_decorator.py
[2024-07-18T23:43:27.044+0000] {processor.py:830} INFO - Processing file /home/airflow/.local/lib/python3.8/site-packages/airflow/example_dags/example_python_decorator.py for tasks to queue
[2024-07-18T23:43:27.045+0000] {logging_mixin.py:188} INFO - [2024-07-18T23:43:27.045+0000] {dagbag.py:540} INFO - Filling up the DagBag from /home/airflow/.local/lib/python3.8/site-packages/airflow/example_dags/example_python_decorator.py
[2024-07-18T23:43:27.055+0000] {processor.py:840} INFO - DAG(s) 'example_python_decorator' retrieved from /home/airflow/.local/lib/python3.8/site-packages/airflow/example_dags/example_python_decorator.py
[2024-07-18T23:43:27.072+0000] {logging_mixin.py:188} INFO - [2024-07-18T23:43:27.072+0000] {dag.py:3047} INFO - Sync 1 DAGs
[2024-07-18T23:43:27.082+0000] {logging_mixin.py:188} INFO - [2024-07-18T23:43:27.081+0000] {dag.py:3834} INFO - Setting next_dagrun for example_python_decorator to None, run_after=None
[2024-07-18T23:43:27.097+0000] {processor.py:183} INFO - Processing /home/airflow/.local/lib/python3.8/site-packages/airflow/example_dags/example_python_decorator.py took 0.057 seconds
[2024-07-18T23:43:57.323+0000] {processor.py:161} INFO - Started process (PID=421) to work on /home/airflow/.local/lib/python3.8/site-packages/airflow/example_dags/example_python_decorator.py
[2024-07-18T23:43:57.324+0000] {processor.py:830} INFO - Processing file /home/airflow/.local/lib/python3.8/site-packages/airflow/example_dags/example_python_decorator.py for tasks to queue
[2024-07-18T23:43:57.325+0000] {logging_mixin.py:188} INFO - [2024-07-18T23:43:57.325+0000] {dagbag.py:540} INFO - Filling up the DagBag from /home/airflow/.local/lib/python3.8/site-packages/airflow/example_dags/example_python_decorator.py
[2024-07-18T23:43:57.335+0000] {processor.py:840} INFO - DAG(s) 'example_python_decorator' retrieved from /home/airflow/.local/lib/python3.8/site-packages/airflow/example_dags/example_python_decorator.py
[2024-07-18T23:43:57.351+0000] {logging_mixin.py:188} INFO - [2024-07-18T23:43:57.351+0000] {dag.py:3047} INFO - Sync 1 DAGs
[2024-07-18T23:43:57.360+0000] {logging_mixin.py:188} INFO - [2024-07-18T23:43:57.360+0000] {dag.py:3834} INFO - Setting next_dagrun for example_python_decorator to None, run_after=None
[2024-07-18T23:43:57.375+0000] {processor.py:183} INFO - Processing /home/airflow/.local/lib/python3.8/site-packages/airflow/example_dags/example_python_decorator.py took 0.054 seconds
[2024-07-18T23:44:27.440+0000] {processor.py:161} INFO - Started process (PID=477) to work on /home/airflow/.local/lib/python3.8/site-packages/airflow/example_dags/example_python_decorator.py
[2024-07-18T23:44:27.441+0000] {processor.py:830} INFO - Processing file /home/airflow/.local/lib/python3.8/site-packages/airflow/example_dags/example_python_decorator.py for tasks to queue
[2024-07-18T23:44:27.442+0000] {logging_mixin.py:188} INFO - [2024-07-18T23:44:27.442+0000] {dagbag.py:540} INFO - Filling up the DagBag from /home/airflow/.local/lib/python3.8/site-packages/airflow/example_dags/example_python_decorator.py
[2024-07-18T23:44:27.452+0000] {processor.py:840} INFO - DAG(s) 'example_python_decorator' retrieved from /home/airflow/.local/lib/python3.8/site-packages/airflow/example_dags/example_python_decorator.py
[2024-07-18T23:44:27.470+0000] {logging_mixin.py:188} INFO - [2024-07-18T23:44:27.469+0000] {dag.py:3047} INFO - Sync 1 DAGs
[2024-07-18T23:44:27.479+0000] {logging_mixin.py:188} INFO - [2024-07-18T23:44:27.479+0000] {dag.py:3834} INFO - Setting next_dagrun for example_python_decorator to None, run_after=None
[2024-07-18T23:44:27.493+0000] {processor.py:183} INFO - Processing /home/airflow/.local/lib/python3.8/site-packages/airflow/example_dags/example_python_decorator.py took 0.055 seconds
[2024-07-18T23:44:57.769+0000] {processor.py:161} INFO - Started process (PID=533) to work on /home/airflow/.local/lib/python3.8/site-packages/airflow/example_dags/example_python_decorator.py
[2024-07-18T23:44:57.770+0000] {processor.py:830} INFO - Processing file /home/airflow/.local/lib/python3.8/site-packages/airflow/example_dags/example_python_decorator.py for tasks to queue
[2024-07-18T23:44:57.771+0000] {logging_mixin.py:188} INFO - [2024-07-18T23:44:57.771+0000] {dagbag.py:540} INFO - Filling up the DagBag from /home/airflow/.local/lib/python3.8/site-packages/airflow/example_dags/example_python_decorator.py
[2024-07-18T23:44:57.781+0000] {processor.py:840} INFO - DAG(s) 'example_python_decorator' retrieved from /home/airflow/.local/lib/python3.8/site-packages/airflow/example_dags/example_python_decorator.py
[2024-07-18T23:44:57.798+0000] {logging_mixin.py:188} INFO - [2024-07-18T23:44:57.797+0000] {dag.py:3047} INFO - Sync 1 DAGs
[2024-07-18T23:44:57.806+0000] {logging_mixin.py:188} INFO - [2024-07-18T23:44:57.806+0000] {dag.py:3834} INFO - Setting next_dagrun for example_python_decorator to None, run_after=None
[2024-07-18T23:44:57.821+0000] {processor.py:183} INFO - Processing /home/airflow/.local/lib/python3.8/site-packages/airflow/example_dags/example_python_decorator.py took 0.054 seconds
[2024-07-18T23:45:28.071+0000] {processor.py:161} INFO - Started process (PID=589) to work on /home/airflow/.local/lib/python3.8/site-packages/airflow/example_dags/example_python_decorator.py
[2024-07-18T23:45:28.072+0000] {processor.py:830} INFO - Processing file /home/airflow/.local/lib/python3.8/site-packages/airflow/example_dags/example_python_decorator.py for tasks to queue
[2024-07-18T23:45:28.074+0000] {logging_mixin.py:188} INFO - [2024-07-18T23:45:28.073+0000] {dagbag.py:540} INFO - Filling up the DagBag from /home/airflow/.local/lib/python3.8/site-packages/airflow/example_dags/example_python_decorator.py
[2024-07-18T23:45:28.084+0000] {processor.py:840} INFO - DAG(s) 'example_python_decorator' retrieved from /home/airflow/.local/lib/python3.8/site-packages/airflow/example_dags/example_python_decorator.py
[2024-07-18T23:45:28.106+0000] {logging_mixin.py:188} INFO - [2024-07-18T23:45:28.105+0000] {dag.py:3047} INFO - Sync 1 DAGs
[2024-07-18T23:45:28.119+0000] {logging_mixin.py:188} INFO - [2024-07-18T23:45:28.119+0000] {dag.py:3834} INFO - Setting next_dagrun for example_python_decorator to None, run_after=None
[2024-07-18T23:45:28.137+0000] {processor.py:183} INFO - Processing /home/airflow/.local/lib/python3.8/site-packages/airflow/example_dags/example_python_decorator.py took 0.068 seconds
[2024-07-18T23:47:15.060+0000] {processor.py:161} INFO - Started process (PID=84) to work on /home/airflow/.local/lib/python3.8/site-packages/airflow/example_dags/example_python_decorator.py
[2024-07-18T23:47:15.061+0000] {processor.py:830} INFO - Processing file /home/airflow/.local/lib/python3.8/site-packages/airflow/example_dags/example_python_decorator.py for tasks to queue
[2024-07-18T23:47:15.062+0000] {logging_mixin.py:188} INFO - [2024-07-18T23:47:15.062+0000] {dagbag.py:540} INFO - Filling up the DagBag from /home/airflow/.local/lib/python3.8/site-packages/airflow/example_dags/example_python_decorator.py
[2024-07-18T23:47:15.077+0000] {processor.py:840} INFO - DAG(s) 'example_python_decorator' retrieved from /home/airflow/.local/lib/python3.8/site-packages/airflow/example_dags/example_python_decorator.py
[2024-07-18T23:47:15.089+0000] {logging_mixin.py:188} INFO - [2024-07-18T23:47:15.089+0000] {dag.py:3047} INFO - Sync 1 DAGs
[2024-07-18T23:47:15.103+0000] {logging_mixin.py:188} INFO - [2024-07-18T23:47:15.102+0000] {dag.py:3834} INFO - Setting next_dagrun for example_python_decorator to None, run_after=None
[2024-07-18T23:47:15.124+0000] {processor.py:183} INFO - Processing /home/airflow/.local/lib/python3.8/site-packages/airflow/example_dags/example_python_decorator.py took 0.068 seconds
[2024-07-18T23:47:46.536+0000] {processor.py:161} INFO - Started process (PID=140) to work on /home/airflow/.local/lib/python3.8/site-packages/airflow/example_dags/example_python_decorator.py
[2024-07-18T23:47:46.537+0000] {processor.py:830} INFO - Processing file /home/airflow/.local/lib/python3.8/site-packages/airflow/example_dags/example_python_decorator.py for tasks to queue
[2024-07-18T23:47:46.538+0000] {logging_mixin.py:188} INFO - [2024-07-18T23:47:46.538+0000] {dagbag.py:540} INFO - Filling up the DagBag from /home/airflow/.local/lib/python3.8/site-packages/airflow/example_dags/example_python_decorator.py
[2024-07-18T23:47:46.548+0000] {processor.py:840} INFO - DAG(s) 'example_python_decorator' retrieved from /home/airflow/.local/lib/python3.8/site-packages/airflow/example_dags/example_python_decorator.py
[2024-07-18T23:47:46.628+0000] {logging_mixin.py:188} INFO - [2024-07-18T23:47:46.627+0000] {dag.py:3047} INFO - Sync 1 DAGs
[2024-07-18T23:47:46.636+0000] {logging_mixin.py:188} INFO - [2024-07-18T23:47:46.636+0000] {dag.py:3834} INFO - Setting next_dagrun for example_python_decorator to None, run_after=None
[2024-07-18T23:47:46.653+0000] {processor.py:183} INFO - Processing /home/airflow/.local/lib/python3.8/site-packages/airflow/example_dags/example_python_decorator.py took 0.119 seconds
[2024-07-18T23:48:17.208+0000] {processor.py:161} INFO - Started process (PID=196) to work on /home/airflow/.local/lib/python3.8/site-packages/airflow/example_dags/example_python_decorator.py
[2024-07-18T23:48:17.209+0000] {processor.py:830} INFO - Processing file /home/airflow/.local/lib/python3.8/site-packages/airflow/example_dags/example_python_decorator.py for tasks to queue
[2024-07-18T23:48:17.210+0000] {logging_mixin.py:188} INFO - [2024-07-18T23:48:17.210+0000] {dagbag.py:540} INFO - Filling up the DagBag from /home/airflow/.local/lib/python3.8/site-packages/airflow/example_dags/example_python_decorator.py
[2024-07-18T23:48:17.219+0000] {processor.py:840} INFO - DAG(s) 'example_python_decorator' retrieved from /home/airflow/.local/lib/python3.8/site-packages/airflow/example_dags/example_python_decorator.py
[2024-07-18T23:48:17.236+0000] {logging_mixin.py:188} INFO - [2024-07-18T23:48:17.236+0000] {dag.py:3047} INFO - Sync 1 DAGs
[2024-07-18T23:48:17.246+0000] {logging_mixin.py:188} INFO - [2024-07-18T23:48:17.246+0000] {dag.py:3834} INFO - Setting next_dagrun for example_python_decorator to None, run_after=None
[2024-07-18T23:48:17.262+0000] {processor.py:183} INFO - Processing /home/airflow/.local/lib/python3.8/site-packages/airflow/example_dags/example_python_decorator.py took 0.056 seconds
[2024-07-18T23:48:47.356+0000] {processor.py:161} INFO - Started process (PID=252) to work on /home/airflow/.local/lib/python3.8/site-packages/airflow/example_dags/example_python_decorator.py
[2024-07-18T23:48:47.357+0000] {processor.py:830} INFO - Processing file /home/airflow/.local/lib/python3.8/site-packages/airflow/example_dags/example_python_decorator.py for tasks to queue
[2024-07-18T23:48:47.358+0000] {logging_mixin.py:188} INFO - [2024-07-18T23:48:47.358+0000] {dagbag.py:540} INFO - Filling up the DagBag from /home/airflow/.local/lib/python3.8/site-packages/airflow/example_dags/example_python_decorator.py
[2024-07-18T23:48:47.367+0000] {processor.py:840} INFO - DAG(s) 'example_python_decorator' retrieved from /home/airflow/.local/lib/python3.8/site-packages/airflow/example_dags/example_python_decorator.py
[2024-07-18T23:48:47.385+0000] {logging_mixin.py:188} INFO - [2024-07-18T23:48:47.384+0000] {dag.py:3047} INFO - Sync 1 DAGs
[2024-07-18T23:48:47.393+0000] {logging_mixin.py:188} INFO - [2024-07-18T23:48:47.393+0000] {dag.py:3834} INFO - Setting next_dagrun for example_python_decorator to None, run_after=None
[2024-07-18T23:48:47.409+0000] {processor.py:183} INFO - Processing /home/airflow/.local/lib/python3.8/site-packages/airflow/example_dags/example_python_decorator.py took 0.055 seconds
[2024-07-18T23:49:17.444+0000] {processor.py:161} INFO - Started process (PID=308) to work on /home/airflow/.local/lib/python3.8/site-packages/airflow/example_dags/example_python_decorator.py
[2024-07-18T23:49:17.445+0000] {processor.py:830} INFO - Processing file /home/airflow/.local/lib/python3.8/site-packages/airflow/example_dags/example_python_decorator.py for tasks to queue
[2024-07-18T23:49:17.446+0000] {logging_mixin.py:188} INFO - [2024-07-18T23:49:17.445+0000] {dagbag.py:540} INFO - Filling up the DagBag from /home/airflow/.local/lib/python3.8/site-packages/airflow/example_dags/example_python_decorator.py
[2024-07-18T23:49:17.455+0000] {processor.py:840} INFO - DAG(s) 'example_python_decorator' retrieved from /home/airflow/.local/lib/python3.8/site-packages/airflow/example_dags/example_python_decorator.py
[2024-07-18T23:49:17.473+0000] {logging_mixin.py:188} INFO - [2024-07-18T23:49:17.472+0000] {dag.py:3047} INFO - Sync 1 DAGs
[2024-07-18T23:49:17.483+0000] {logging_mixin.py:188} INFO - [2024-07-18T23:49:17.483+0000] {dag.py:3834} INFO - Setting next_dagrun for example_python_decorator to None, run_after=None
[2024-07-18T23:49:17.498+0000] {processor.py:183} INFO - Processing /home/airflow/.local/lib/python3.8/site-packages/airflow/example_dags/example_python_decorator.py took 0.056 seconds
[2024-07-18T23:49:47.736+0000] {processor.py:161} INFO - Started process (PID=364) to work on /home/airflow/.local/lib/python3.8/site-packages/airflow/example_dags/example_python_decorator.py
[2024-07-18T23:49:47.737+0000] {processor.py:830} INFO - Processing file /home/airflow/.local/lib/python3.8/site-packages/airflow/example_dags/example_python_decorator.py for tasks to queue
[2024-07-18T23:49:47.738+0000] {logging_mixin.py:188} INFO - [2024-07-18T23:49:47.738+0000] {dagbag.py:540} INFO - Filling up the DagBag from /home/airflow/.local/lib/python3.8/site-packages/airflow/example_dags/example_python_decorator.py
[2024-07-18T23:49:47.747+0000] {processor.py:840} INFO - DAG(s) 'example_python_decorator' retrieved from /home/airflow/.local/lib/python3.8/site-packages/airflow/example_dags/example_python_decorator.py
[2024-07-18T23:49:47.764+0000] {logging_mixin.py:188} INFO - [2024-07-18T23:49:47.764+0000] {dag.py:3047} INFO - Sync 1 DAGs
[2024-07-18T23:49:47.774+0000] {logging_mixin.py:188} INFO - [2024-07-18T23:49:47.773+0000] {dag.py:3834} INFO - Setting next_dagrun for example_python_decorator to None, run_after=None
[2024-07-18T23:49:47.790+0000] {processor.py:183} INFO - Processing /home/airflow/.local/lib/python3.8/site-packages/airflow/example_dags/example_python_decorator.py took 0.056 seconds
[2024-07-18T23:50:17.858+0000] {processor.py:161} INFO - Started process (PID=420) to work on /home/airflow/.local/lib/python3.8/site-packages/airflow/example_dags/example_python_decorator.py
[2024-07-18T23:50:17.859+0000] {processor.py:830} INFO - Processing file /home/airflow/.local/lib/python3.8/site-packages/airflow/example_dags/example_python_decorator.py for tasks to queue
[2024-07-18T23:50:17.860+0000] {logging_mixin.py:188} INFO - [2024-07-18T23:50:17.860+0000] {dagbag.py:540} INFO - Filling up the DagBag from /home/airflow/.local/lib/python3.8/site-packages/airflow/example_dags/example_python_decorator.py
[2024-07-18T23:50:17.870+0000] {processor.py:840} INFO - DAG(s) 'example_python_decorator' retrieved from /home/airflow/.local/lib/python3.8/site-packages/airflow/example_dags/example_python_decorator.py
[2024-07-18T23:50:17.889+0000] {logging_mixin.py:188} INFO - [2024-07-18T23:50:17.888+0000] {dag.py:3047} INFO - Sync 1 DAGs
[2024-07-18T23:50:17.899+0000] {logging_mixin.py:188} INFO - [2024-07-18T23:50:17.898+0000] {dag.py:3834} INFO - Setting next_dagrun for example_python_decorator to None, run_after=None
[2024-07-18T23:50:17.913+0000] {processor.py:183} INFO - Processing /home/airflow/.local/lib/python3.8/site-packages/airflow/example_dags/example_python_decorator.py took 0.057 seconds
[2024-07-18T23:50:48.035+0000] {processor.py:161} INFO - Started process (PID=476) to work on /home/airflow/.local/lib/python3.8/site-packages/airflow/example_dags/example_python_decorator.py
[2024-07-18T23:50:48.036+0000] {processor.py:830} INFO - Processing file /home/airflow/.local/lib/python3.8/site-packages/airflow/example_dags/example_python_decorator.py for tasks to queue
[2024-07-18T23:50:48.037+0000] {logging_mixin.py:188} INFO - [2024-07-18T23:50:48.037+0000] {dagbag.py:540} INFO - Filling up the DagBag from /home/airflow/.local/lib/python3.8/site-packages/airflow/example_dags/example_python_decorator.py
[2024-07-18T23:50:48.047+0000] {processor.py:840} INFO - DAG(s) 'example_python_decorator' retrieved from /home/airflow/.local/lib/python3.8/site-packages/airflow/example_dags/example_python_decorator.py
[2024-07-18T23:50:48.064+0000] {logging_mixin.py:188} INFO - [2024-07-18T23:50:48.064+0000] {dag.py:3047} INFO - Sync 1 DAGs
[2024-07-18T23:50:48.074+0000] {logging_mixin.py:188} INFO - [2024-07-18T23:50:48.073+0000] {dag.py:3834} INFO - Setting next_dagrun for example_python_decorator to None, run_after=None
[2024-07-18T23:50:48.088+0000] {processor.py:183} INFO - Processing /home/airflow/.local/lib/python3.8/site-packages/airflow/example_dags/example_python_decorator.py took 0.055 seconds
[2024-07-18T23:51:18.283+0000] {processor.py:161} INFO - Started process (PID=532) to work on /home/airflow/.local/lib/python3.8/site-packages/airflow/example_dags/example_python_decorator.py
[2024-07-18T23:51:18.284+0000] {processor.py:830} INFO - Processing file /home/airflow/.local/lib/python3.8/site-packages/airflow/example_dags/example_python_decorator.py for tasks to queue
[2024-07-18T23:51:18.285+0000] {logging_mixin.py:188} INFO - [2024-07-18T23:51:18.285+0000] {dagbag.py:540} INFO - Filling up the DagBag from /home/airflow/.local/lib/python3.8/site-packages/airflow/example_dags/example_python_decorator.py
[2024-07-18T23:51:18.295+0000] {processor.py:840} INFO - DAG(s) 'example_python_decorator' retrieved from /home/airflow/.local/lib/python3.8/site-packages/airflow/example_dags/example_python_decorator.py
[2024-07-18T23:51:18.311+0000] {logging_mixin.py:188} INFO - [2024-07-18T23:51:18.311+0000] {dag.py:3047} INFO - Sync 1 DAGs
[2024-07-18T23:51:18.320+0000] {logging_mixin.py:188} INFO - [2024-07-18T23:51:18.320+0000] {dag.py:3834} INFO - Setting next_dagrun for example_python_decorator to None, run_after=None
[2024-07-18T23:51:18.334+0000] {processor.py:183} INFO - Processing /home/airflow/.local/lib/python3.8/site-packages/airflow/example_dags/example_python_decorator.py took 0.053 seconds
[2024-07-18T23:51:48.392+0000] {processor.py:161} INFO - Started process (PID=588) to work on /home/airflow/.local/lib/python3.8/site-packages/airflow/example_dags/example_python_decorator.py
[2024-07-18T23:51:48.393+0000] {processor.py:830} INFO - Processing file /home/airflow/.local/lib/python3.8/site-packages/airflow/example_dags/example_python_decorator.py for tasks to queue
[2024-07-18T23:51:48.394+0000] {logging_mixin.py:188} INFO - [2024-07-18T23:51:48.394+0000] {dagbag.py:540} INFO - Filling up the DagBag from /home/airflow/.local/lib/python3.8/site-packages/airflow/example_dags/example_python_decorator.py
[2024-07-18T23:51:48.405+0000] {processor.py:840} INFO - DAG(s) 'example_python_decorator' retrieved from /home/airflow/.local/lib/python3.8/site-packages/airflow/example_dags/example_python_decorator.py
[2024-07-18T23:51:48.423+0000] {logging_mixin.py:188} INFO - [2024-07-18T23:51:48.422+0000] {dag.py:3047} INFO - Sync 1 DAGs
[2024-07-18T23:51:48.434+0000] {logging_mixin.py:188} INFO - [2024-07-18T23:51:48.434+0000] {dag.py:3834} INFO - Setting next_dagrun for example_python_decorator to None, run_after=None
[2024-07-18T23:51:48.451+0000] {processor.py:183} INFO - Processing /home/airflow/.local/lib/python3.8/site-packages/airflow/example_dags/example_python_decorator.py took 0.061 seconds
[2024-07-18T23:52:18.474+0000] {processor.py:161} INFO - Started process (PID=644) to work on /home/airflow/.local/lib/python3.8/site-packages/airflow/example_dags/example_python_decorator.py
[2024-07-18T23:52:18.475+0000] {processor.py:830} INFO - Processing file /home/airflow/.local/lib/python3.8/site-packages/airflow/example_dags/example_python_decorator.py for tasks to queue
[2024-07-18T23:52:18.476+0000] {logging_mixin.py:188} INFO - [2024-07-18T23:52:18.476+0000] {dagbag.py:540} INFO - Filling up the DagBag from /home/airflow/.local/lib/python3.8/site-packages/airflow/example_dags/example_python_decorator.py
[2024-07-18T23:52:18.488+0000] {processor.py:840} INFO - DAG(s) 'example_python_decorator' retrieved from /home/airflow/.local/lib/python3.8/site-packages/airflow/example_dags/example_python_decorator.py
[2024-07-18T23:52:18.506+0000] {logging_mixin.py:188} INFO - [2024-07-18T23:52:18.506+0000] {dag.py:3047} INFO - Sync 1 DAGs
[2024-07-18T23:52:18.515+0000] {logging_mixin.py:188} INFO - [2024-07-18T23:52:18.515+0000] {dag.py:3834} INFO - Setting next_dagrun for example_python_decorator to None, run_after=None
[2024-07-18T23:52:18.532+0000] {processor.py:183} INFO - Processing /home/airflow/.local/lib/python3.8/site-packages/airflow/example_dags/example_python_decorator.py took 0.061 seconds
[2024-07-18T23:52:48.659+0000] {processor.py:161} INFO - Started process (PID=700) to work on /home/airflow/.local/lib/python3.8/site-packages/airflow/example_dags/example_python_decorator.py
[2024-07-18T23:52:48.660+0000] {processor.py:830} INFO - Processing file /home/airflow/.local/lib/python3.8/site-packages/airflow/example_dags/example_python_decorator.py for tasks to queue
[2024-07-18T23:52:48.661+0000] {logging_mixin.py:188} INFO - [2024-07-18T23:52:48.661+0000] {dagbag.py:540} INFO - Filling up the DagBag from /home/airflow/.local/lib/python3.8/site-packages/airflow/example_dags/example_python_decorator.py
[2024-07-18T23:52:48.670+0000] {processor.py:840} INFO - DAG(s) 'example_python_decorator' retrieved from /home/airflow/.local/lib/python3.8/site-packages/airflow/example_dags/example_python_decorator.py
[2024-07-18T23:52:48.687+0000] {logging_mixin.py:188} INFO - [2024-07-18T23:52:48.686+0000] {dag.py:3047} INFO - Sync 1 DAGs
[2024-07-18T23:52:48.696+0000] {logging_mixin.py:188} INFO - [2024-07-18T23:52:48.696+0000] {dag.py:3834} INFO - Setting next_dagrun for example_python_decorator to None, run_after=None
[2024-07-18T23:52:48.710+0000] {processor.py:183} INFO - Processing /home/airflow/.local/lib/python3.8/site-packages/airflow/example_dags/example_python_decorator.py took 0.053 seconds
[2024-07-18T23:53:18.877+0000] {processor.py:161} INFO - Started process (PID=756) to work on /home/airflow/.local/lib/python3.8/site-packages/airflow/example_dags/example_python_decorator.py
[2024-07-18T23:53:18.878+0000] {processor.py:830} INFO - Processing file /home/airflow/.local/lib/python3.8/site-packages/airflow/example_dags/example_python_decorator.py for tasks to queue
[2024-07-18T23:53:18.879+0000] {logging_mixin.py:188} INFO - [2024-07-18T23:53:18.879+0000] {dagbag.py:540} INFO - Filling up the DagBag from /home/airflow/.local/lib/python3.8/site-packages/airflow/example_dags/example_python_decorator.py
[2024-07-18T23:53:18.890+0000] {processor.py:840} INFO - DAG(s) 'example_python_decorator' retrieved from /home/airflow/.local/lib/python3.8/site-packages/airflow/example_dags/example_python_decorator.py
[2024-07-18T23:53:18.910+0000] {logging_mixin.py:188} INFO - [2024-07-18T23:53:18.909+0000] {dag.py:3047} INFO - Sync 1 DAGs
[2024-07-18T23:53:18.919+0000] {logging_mixin.py:188} INFO - [2024-07-18T23:53:18.919+0000] {dag.py:3834} INFO - Setting next_dagrun for example_python_decorator to None, run_after=None
[2024-07-18T23:53:18.933+0000] {processor.py:183} INFO - Processing /home/airflow/.local/lib/python3.8/site-packages/airflow/example_dags/example_python_decorator.py took 0.059 seconds
[2024-07-18T23:53:49.111+0000] {processor.py:161} INFO - Started process (PID=812) to work on /home/airflow/.local/lib/python3.8/site-packages/airflow/example_dags/example_python_decorator.py
[2024-07-18T23:53:49.112+0000] {processor.py:830} INFO - Processing file /home/airflow/.local/lib/python3.8/site-packages/airflow/example_dags/example_python_decorator.py for tasks to queue
[2024-07-18T23:53:49.113+0000] {logging_mixin.py:188} INFO - [2024-07-18T23:53:49.113+0000] {dagbag.py:540} INFO - Filling up the DagBag from /home/airflow/.local/lib/python3.8/site-packages/airflow/example_dags/example_python_decorator.py
[2024-07-18T23:53:49.123+0000] {processor.py:840} INFO - DAG(s) 'example_python_decorator' retrieved from /home/airflow/.local/lib/python3.8/site-packages/airflow/example_dags/example_python_decorator.py
[2024-07-18T23:53:49.140+0000] {logging_mixin.py:188} INFO - [2024-07-18T23:53:49.139+0000] {dag.py:3047} INFO - Sync 1 DAGs
[2024-07-18T23:53:49.149+0000] {logging_mixin.py:188} INFO - [2024-07-18T23:53:49.149+0000] {dag.py:3834} INFO - Setting next_dagrun for example_python_decorator to None, run_after=None
[2024-07-18T23:53:49.164+0000] {processor.py:183} INFO - Processing /home/airflow/.local/lib/python3.8/site-packages/airflow/example_dags/example_python_decorator.py took 0.055 seconds
[2024-07-18T23:54:19.334+0000] {processor.py:161} INFO - Started process (PID=868) to work on /home/airflow/.local/lib/python3.8/site-packages/airflow/example_dags/example_python_decorator.py
[2024-07-18T23:54:19.335+0000] {processor.py:830} INFO - Processing file /home/airflow/.local/lib/python3.8/site-packages/airflow/example_dags/example_python_decorator.py for tasks to queue
[2024-07-18T23:54:19.336+0000] {logging_mixin.py:188} INFO - [2024-07-18T23:54:19.336+0000] {dagbag.py:540} INFO - Filling up the DagBag from /home/airflow/.local/lib/python3.8/site-packages/airflow/example_dags/example_python_decorator.py
[2024-07-18T23:54:19.345+0000] {processor.py:840} INFO - DAG(s) 'example_python_decorator' retrieved from /home/airflow/.local/lib/python3.8/site-packages/airflow/example_dags/example_python_decorator.py
[2024-07-18T23:54:19.361+0000] {logging_mixin.py:188} INFO - [2024-07-18T23:54:19.361+0000] {dag.py:3047} INFO - Sync 1 DAGs
[2024-07-18T23:54:19.370+0000] {logging_mixin.py:188} INFO - [2024-07-18T23:54:19.370+0000] {dag.py:3834} INFO - Setting next_dagrun for example_python_decorator to None, run_after=None
[2024-07-18T23:54:19.384+0000] {processor.py:183} INFO - Processing /home/airflow/.local/lib/python3.8/site-packages/airflow/example_dags/example_python_decorator.py took 0.053 seconds
[2024-07-18T23:54:49.593+0000] {processor.py:161} INFO - Started process (PID=924) to work on /home/airflow/.local/lib/python3.8/site-packages/airflow/example_dags/example_python_decorator.py
[2024-07-18T23:54:49.593+0000] {processor.py:830} INFO - Processing file /home/airflow/.local/lib/python3.8/site-packages/airflow/example_dags/example_python_decorator.py for tasks to queue
[2024-07-18T23:54:49.595+0000] {logging_mixin.py:188} INFO - [2024-07-18T23:54:49.594+0000] {dagbag.py:540} INFO - Filling up the DagBag from /home/airflow/.local/lib/python3.8/site-packages/airflow/example_dags/example_python_decorator.py
[2024-07-18T23:54:49.604+0000] {processor.py:840} INFO - DAG(s) 'example_python_decorator' retrieved from /home/airflow/.local/lib/python3.8/site-packages/airflow/example_dags/example_python_decorator.py
[2024-07-18T23:54:49.621+0000] {logging_mixin.py:188} INFO - [2024-07-18T23:54:49.620+0000] {dag.py:3047} INFO - Sync 1 DAGs
[2024-07-18T23:54:49.629+0000] {logging_mixin.py:188} INFO - [2024-07-18T23:54:49.629+0000] {dag.py:3834} INFO - Setting next_dagrun for example_python_decorator to None, run_after=None
[2024-07-18T23:54:49.644+0000] {processor.py:183} INFO - Processing /home/airflow/.local/lib/python3.8/site-packages/airflow/example_dags/example_python_decorator.py took 0.053 seconds
[2024-07-18T23:55:19.894+0000] {processor.py:161} INFO - Started process (PID=981) to work on /home/airflow/.local/lib/python3.8/site-packages/airflow/example_dags/example_python_decorator.py
[2024-07-18T23:55:19.895+0000] {processor.py:830} INFO - Processing file /home/airflow/.local/lib/python3.8/site-packages/airflow/example_dags/example_python_decorator.py for tasks to queue
[2024-07-18T23:55:19.896+0000] {logging_mixin.py:188} INFO - [2024-07-18T23:55:19.895+0000] {dagbag.py:540} INFO - Filling up the DagBag from /home/airflow/.local/lib/python3.8/site-packages/airflow/example_dags/example_python_decorator.py
[2024-07-18T23:55:19.905+0000] {processor.py:840} INFO - DAG(s) 'example_python_decorator' retrieved from /home/airflow/.local/lib/python3.8/site-packages/airflow/example_dags/example_python_decorator.py
[2024-07-18T23:55:19.922+0000] {logging_mixin.py:188} INFO - [2024-07-18T23:55:19.922+0000] {dag.py:3047} INFO - Sync 1 DAGs
[2024-07-18T23:55:19.931+0000] {logging_mixin.py:188} INFO - [2024-07-18T23:55:19.931+0000] {dag.py:3834} INFO - Setting next_dagrun for example_python_decorator to None, run_after=None
[2024-07-18T23:55:19.945+0000] {processor.py:183} INFO - Processing /home/airflow/.local/lib/python3.8/site-packages/airflow/example_dags/example_python_decorator.py took 0.054 seconds
[2024-07-18T23:55:50.079+0000] {processor.py:161} INFO - Started process (PID=1037) to work on /home/airflow/.local/lib/python3.8/site-packages/airflow/example_dags/example_python_decorator.py
[2024-07-18T23:55:50.080+0000] {processor.py:830} INFO - Processing file /home/airflow/.local/lib/python3.8/site-packages/airflow/example_dags/example_python_decorator.py for tasks to queue
[2024-07-18T23:55:50.081+0000] {logging_mixin.py:188} INFO - [2024-07-18T23:55:50.081+0000] {dagbag.py:540} INFO - Filling up the DagBag from /home/airflow/.local/lib/python3.8/site-packages/airflow/example_dags/example_python_decorator.py
[2024-07-18T23:55:50.090+0000] {processor.py:840} INFO - DAG(s) 'example_python_decorator' retrieved from /home/airflow/.local/lib/python3.8/site-packages/airflow/example_dags/example_python_decorator.py
[2024-07-18T23:55:50.107+0000] {logging_mixin.py:188} INFO - [2024-07-18T23:55:50.107+0000] {dag.py:3047} INFO - Sync 1 DAGs
[2024-07-18T23:55:50.117+0000] {logging_mixin.py:188} INFO - [2024-07-18T23:55:50.117+0000] {dag.py:3834} INFO - Setting next_dagrun for example_python_decorator to None, run_after=None
[2024-07-18T23:55:50.131+0000] {processor.py:183} INFO - Processing /home/airflow/.local/lib/python3.8/site-packages/airflow/example_dags/example_python_decorator.py took 0.054 seconds
[2024-07-18T23:56:20.351+0000] {processor.py:161} INFO - Started process (PID=1093) to work on /home/airflow/.local/lib/python3.8/site-packages/airflow/example_dags/example_python_decorator.py
[2024-07-18T23:56:20.351+0000] {processor.py:830} INFO - Processing file /home/airflow/.local/lib/python3.8/site-packages/airflow/example_dags/example_python_decorator.py for tasks to queue
[2024-07-18T23:56:20.353+0000] {logging_mixin.py:188} INFO - [2024-07-18T23:56:20.352+0000] {dagbag.py:540} INFO - Filling up the DagBag from /home/airflow/.local/lib/python3.8/site-packages/airflow/example_dags/example_python_decorator.py
[2024-07-18T23:56:20.362+0000] {processor.py:840} INFO - DAG(s) 'example_python_decorator' retrieved from /home/airflow/.local/lib/python3.8/site-packages/airflow/example_dags/example_python_decorator.py
[2024-07-18T23:56:20.379+0000] {logging_mixin.py:188} INFO - [2024-07-18T23:56:20.379+0000] {dag.py:3047} INFO - Sync 1 DAGs
[2024-07-18T23:56:20.389+0000] {logging_mixin.py:188} INFO - [2024-07-18T23:56:20.389+0000] {dag.py:3834} INFO - Setting next_dagrun for example_python_decorator to None, run_after=None
[2024-07-18T23:56:20.404+0000] {processor.py:183} INFO - Processing /home/airflow/.local/lib/python3.8/site-packages/airflow/example_dags/example_python_decorator.py took 0.056 seconds
[2024-07-18T23:56:50.745+0000] {processor.py:161} INFO - Started process (PID=1149) to work on /home/airflow/.local/lib/python3.8/site-packages/airflow/example_dags/example_python_decorator.py
[2024-07-18T23:56:50.746+0000] {processor.py:830} INFO - Processing file /home/airflow/.local/lib/python3.8/site-packages/airflow/example_dags/example_python_decorator.py for tasks to queue
[2024-07-18T23:56:50.747+0000] {logging_mixin.py:188} INFO - [2024-07-18T23:56:50.747+0000] {dagbag.py:540} INFO - Filling up the DagBag from /home/airflow/.local/lib/python3.8/site-packages/airflow/example_dags/example_python_decorator.py
[2024-07-18T23:56:50.756+0000] {processor.py:840} INFO - DAG(s) 'example_python_decorator' retrieved from /home/airflow/.local/lib/python3.8/site-packages/airflow/example_dags/example_python_decorator.py
[2024-07-18T23:56:50.773+0000] {logging_mixin.py:188} INFO - [2024-07-18T23:56:50.773+0000] {dag.py:3047} INFO - Sync 1 DAGs
[2024-07-18T23:56:50.782+0000] {logging_mixin.py:188} INFO - [2024-07-18T23:56:50.782+0000] {dag.py:3834} INFO - Setting next_dagrun for example_python_decorator to None, run_after=None
[2024-07-18T23:56:50.796+0000] {processor.py:183} INFO - Processing /home/airflow/.local/lib/python3.8/site-packages/airflow/example_dags/example_python_decorator.py took 0.054 seconds
[2024-07-18T23:57:20.964+0000] {processor.py:161} INFO - Started process (PID=1205) to work on /home/airflow/.local/lib/python3.8/site-packages/airflow/example_dags/example_python_decorator.py
[2024-07-18T23:57:20.965+0000] {processor.py:830} INFO - Processing file /home/airflow/.local/lib/python3.8/site-packages/airflow/example_dags/example_python_decorator.py for tasks to queue
[2024-07-18T23:57:20.966+0000] {logging_mixin.py:188} INFO - [2024-07-18T23:57:20.966+0000] {dagbag.py:540} INFO - Filling up the DagBag from /home/airflow/.local/lib/python3.8/site-packages/airflow/example_dags/example_python_decorator.py
[2024-07-18T23:57:20.977+0000] {processor.py:840} INFO - DAG(s) 'example_python_decorator' retrieved from /home/airflow/.local/lib/python3.8/site-packages/airflow/example_dags/example_python_decorator.py
[2024-07-18T23:57:20.993+0000] {logging_mixin.py:188} INFO - [2024-07-18T23:57:20.993+0000] {dag.py:3047} INFO - Sync 1 DAGs
[2024-07-18T23:57:21.002+0000] {logging_mixin.py:188} INFO - [2024-07-18T23:57:21.002+0000] {dag.py:3834} INFO - Setting next_dagrun for example_python_decorator to None, run_after=None
[2024-07-18T23:57:21.016+0000] {processor.py:183} INFO - Processing /home/airflow/.local/lib/python3.8/site-packages/airflow/example_dags/example_python_decorator.py took 0.055 seconds
[2024-07-18T23:57:51.239+0000] {processor.py:161} INFO - Started process (PID=1261) to work on /home/airflow/.local/lib/python3.8/site-packages/airflow/example_dags/example_python_decorator.py
[2024-07-18T23:57:51.240+0000] {processor.py:830} INFO - Processing file /home/airflow/.local/lib/python3.8/site-packages/airflow/example_dags/example_python_decorator.py for tasks to queue
[2024-07-18T23:57:51.241+0000] {logging_mixin.py:188} INFO - [2024-07-18T23:57:51.241+0000] {dagbag.py:540} INFO - Filling up the DagBag from /home/airflow/.local/lib/python3.8/site-packages/airflow/example_dags/example_python_decorator.py
[2024-07-18T23:57:51.250+0000] {processor.py:840} INFO - DAG(s) 'example_python_decorator' retrieved from /home/airflow/.local/lib/python3.8/site-packages/airflow/example_dags/example_python_decorator.py
[2024-07-18T23:57:51.268+0000] {logging_mixin.py:188} INFO - [2024-07-18T23:57:51.268+0000] {dag.py:3047} INFO - Sync 1 DAGs
[2024-07-18T23:57:51.277+0000] {logging_mixin.py:188} INFO - [2024-07-18T23:57:51.277+0000] {dag.py:3834} INFO - Setting next_dagrun for example_python_decorator to None, run_after=None
[2024-07-18T23:57:51.292+0000] {processor.py:183} INFO - Processing /home/airflow/.local/lib/python3.8/site-packages/airflow/example_dags/example_python_decorator.py took 0.055 seconds
[2024-07-18T23:58:21.436+0000] {processor.py:161} INFO - Started process (PID=1317) to work on /home/airflow/.local/lib/python3.8/site-packages/airflow/example_dags/example_python_decorator.py
[2024-07-18T23:58:21.437+0000] {processor.py:830} INFO - Processing file /home/airflow/.local/lib/python3.8/site-packages/airflow/example_dags/example_python_decorator.py for tasks to queue
[2024-07-18T23:58:21.438+0000] {logging_mixin.py:188} INFO - [2024-07-18T23:58:21.438+0000] {dagbag.py:540} INFO - Filling up the DagBag from /home/airflow/.local/lib/python3.8/site-packages/airflow/example_dags/example_python_decorator.py
[2024-07-18T23:58:21.447+0000] {processor.py:840} INFO - DAG(s) 'example_python_decorator' retrieved from /home/airflow/.local/lib/python3.8/site-packages/airflow/example_dags/example_python_decorator.py
[2024-07-18T23:58:21.464+0000] {logging_mixin.py:188} INFO - [2024-07-18T23:58:21.464+0000] {dag.py:3047} INFO - Sync 1 DAGs
[2024-07-18T23:58:21.473+0000] {logging_mixin.py:188} INFO - [2024-07-18T23:58:21.473+0000] {dag.py:3834} INFO - Setting next_dagrun for example_python_decorator to None, run_after=None
[2024-07-18T23:58:21.487+0000] {processor.py:183} INFO - Processing /home/airflow/.local/lib/python3.8/site-packages/airflow/example_dags/example_python_decorator.py took 0.054 seconds
[2024-07-18T23:58:51.646+0000] {processor.py:161} INFO - Started process (PID=1373) to work on /home/airflow/.local/lib/python3.8/site-packages/airflow/example_dags/example_python_decorator.py
[2024-07-18T23:58:51.648+0000] {processor.py:830} INFO - Processing file /home/airflow/.local/lib/python3.8/site-packages/airflow/example_dags/example_python_decorator.py for tasks to queue
[2024-07-18T23:58:51.649+0000] {logging_mixin.py:188} INFO - [2024-07-18T23:58:51.649+0000] {dagbag.py:540} INFO - Filling up the DagBag from /home/airflow/.local/lib/python3.8/site-packages/airflow/example_dags/example_python_decorator.py
[2024-07-18T23:58:51.658+0000] {processor.py:840} INFO - DAG(s) 'example_python_decorator' retrieved from /home/airflow/.local/lib/python3.8/site-packages/airflow/example_dags/example_python_decorator.py
[2024-07-18T23:58:51.676+0000] {logging_mixin.py:188} INFO - [2024-07-18T23:58:51.676+0000] {dag.py:3047} INFO - Sync 1 DAGs
[2024-07-18T23:58:51.685+0000] {logging_mixin.py:188} INFO - [2024-07-18T23:58:51.685+0000] {dag.py:3834} INFO - Setting next_dagrun for example_python_decorator to None, run_after=None
[2024-07-18T23:58:51.698+0000] {processor.py:183} INFO - Processing /home/airflow/.local/lib/python3.8/site-packages/airflow/example_dags/example_python_decorator.py took 0.054 seconds
[2024-07-18T23:59:21.898+0000] {processor.py:161} INFO - Started process (PID=1429) to work on /home/airflow/.local/lib/python3.8/site-packages/airflow/example_dags/example_python_decorator.py
[2024-07-18T23:59:21.900+0000] {processor.py:830} INFO - Processing file /home/airflow/.local/lib/python3.8/site-packages/airflow/example_dags/example_python_decorator.py for tasks to queue
[2024-07-18T23:59:21.901+0000] {logging_mixin.py:188} INFO - [2024-07-18T23:59:21.901+0000] {dagbag.py:540} INFO - Filling up the DagBag from /home/airflow/.local/lib/python3.8/site-packages/airflow/example_dags/example_python_decorator.py
[2024-07-18T23:59:21.911+0000] {processor.py:840} INFO - DAG(s) 'example_python_decorator' retrieved from /home/airflow/.local/lib/python3.8/site-packages/airflow/example_dags/example_python_decorator.py
[2024-07-18T23:59:21.928+0000] {logging_mixin.py:188} INFO - [2024-07-18T23:59:21.928+0000] {dag.py:3047} INFO - Sync 1 DAGs
[2024-07-18T23:59:21.938+0000] {logging_mixin.py:188} INFO - [2024-07-18T23:59:21.938+0000] {dag.py:3834} INFO - Setting next_dagrun for example_python_decorator to None, run_after=None
[2024-07-18T23:59:21.954+0000] {processor.py:183} INFO - Processing /home/airflow/.local/lib/python3.8/site-packages/airflow/example_dags/example_python_decorator.py took 0.057 seconds
[2024-07-18T23:59:52.021+0000] {processor.py:161} INFO - Started process (PID=1485) to work on /home/airflow/.local/lib/python3.8/site-packages/airflow/example_dags/example_python_decorator.py
[2024-07-18T23:59:52.021+0000] {processor.py:830} INFO - Processing file /home/airflow/.local/lib/python3.8/site-packages/airflow/example_dags/example_python_decorator.py for tasks to queue
[2024-07-18T23:59:52.023+0000] {logging_mixin.py:188} INFO - [2024-07-18T23:59:52.022+0000] {dagbag.py:540} INFO - Filling up the DagBag from /home/airflow/.local/lib/python3.8/site-packages/airflow/example_dags/example_python_decorator.py
[2024-07-18T23:59:52.032+0000] {processor.py:840} INFO - DAG(s) 'example_python_decorator' retrieved from /home/airflow/.local/lib/python3.8/site-packages/airflow/example_dags/example_python_decorator.py
[2024-07-18T23:59:52.049+0000] {logging_mixin.py:188} INFO - [2024-07-18T23:59:52.048+0000] {dag.py:3047} INFO - Sync 1 DAGs
[2024-07-18T23:59:52.058+0000] {logging_mixin.py:188} INFO - [2024-07-18T23:59:52.058+0000] {dag.py:3834} INFO - Setting next_dagrun for example_python_decorator to None, run_after=None
[2024-07-18T23:59:52.072+0000] {processor.py:183} INFO - Processing /home/airflow/.local/lib/python3.8/site-packages/airflow/example_dags/example_python_decorator.py took 0.054 seconds
