[2024-07-18T23:40:54.564+0000] {processor.py:161} INFO - Started process (PID=83) to work on /home/airflow/.local/lib/python3.8/site-packages/airflow/example_dags/example_trigger_target_dag.py
[2024-07-18T23:40:54.564+0000] {processor.py:830} INFO - Processing file /home/airflow/.local/lib/python3.8/site-packages/airflow/example_dags/example_trigger_target_dag.py for tasks to queue
[2024-07-18T23:40:54.566+0000] {logging_mixin.py:188} INFO - [2024-07-18T23:40:54.565+0000] {dagbag.py:540} INFO - Filling up the DagBag from /home/airflow/.local/lib/python3.8/site-packages/airflow/example_dags/example_trigger_target_dag.py
[2024-07-18T23:40:54.573+0000] {processor.py:840} INFO - DAG(s) 'example_trigger_target_dag' retrieved from /home/airflow/.local/lib/python3.8/site-packages/airflow/example_dags/example_trigger_target_dag.py
[2024-07-18T23:40:54.584+0000] {logging_mixin.py:188} INFO - [2024-07-18T23:40:54.584+0000] {dag.py:3047} INFO - Sync 1 DAGs
[2024-07-18T23:40:54.597+0000] {logging_mixin.py:188} INFO - [2024-07-18T23:40:54.597+0000] {dag.py:3834} INFO - Setting next_dagrun for example_trigger_target_dag to None, run_after=None
[2024-07-18T23:40:54.616+0000] {processor.py:183} INFO - Processing /home/airflow/.local/lib/python3.8/site-packages/airflow/example_dags/example_trigger_target_dag.py took 0.055 seconds
[2024-07-18T23:41:26.062+0000] {processor.py:161} INFO - Started process (PID=139) to work on /home/airflow/.local/lib/python3.8/site-packages/airflow/example_dags/example_trigger_target_dag.py
[2024-07-18T23:41:26.063+0000] {processor.py:830} INFO - Processing file /home/airflow/.local/lib/python3.8/site-packages/airflow/example_dags/example_trigger_target_dag.py for tasks to queue
[2024-07-18T23:41:26.064+0000] {logging_mixin.py:188} INFO - [2024-07-18T23:41:26.064+0000] {dagbag.py:540} INFO - Filling up the DagBag from /home/airflow/.local/lib/python3.8/site-packages/airflow/example_dags/example_trigger_target_dag.py
[2024-07-18T23:41:26.069+0000] {processor.py:840} INFO - DAG(s) 'example_trigger_target_dag' retrieved from /home/airflow/.local/lib/python3.8/site-packages/airflow/example_dags/example_trigger_target_dag.py
[2024-07-18T23:41:26.171+0000] {logging_mixin.py:188} INFO - [2024-07-18T23:41:26.171+0000] {dag.py:3047} INFO - Sync 1 DAGs
[2024-07-18T23:41:26.181+0000] {logging_mixin.py:188} INFO - [2024-07-18T23:41:26.181+0000] {dag.py:3834} INFO - Setting next_dagrun for example_trigger_target_dag to None, run_after=None
[2024-07-18T23:41:26.199+0000] {processor.py:183} INFO - Processing /home/airflow/.local/lib/python3.8/site-packages/airflow/example_dags/example_trigger_target_dag.py took 0.140 seconds
[2024-07-18T23:41:56.507+0000] {processor.py:161} INFO - Started process (PID=195) to work on /home/airflow/.local/lib/python3.8/site-packages/airflow/example_dags/example_trigger_target_dag.py
[2024-07-18T23:41:56.507+0000] {processor.py:830} INFO - Processing file /home/airflow/.local/lib/python3.8/site-packages/airflow/example_dags/example_trigger_target_dag.py for tasks to queue
[2024-07-18T23:41:56.509+0000] {logging_mixin.py:188} INFO - [2024-07-18T23:41:56.508+0000] {dagbag.py:540} INFO - Filling up the DagBag from /home/airflow/.local/lib/python3.8/site-packages/airflow/example_dags/example_trigger_target_dag.py
[2024-07-18T23:41:56.513+0000] {processor.py:840} INFO - DAG(s) 'example_trigger_target_dag' retrieved from /home/airflow/.local/lib/python3.8/site-packages/airflow/example_dags/example_trigger_target_dag.py
[2024-07-18T23:41:56.527+0000] {logging_mixin.py:188} INFO - [2024-07-18T23:41:56.527+0000] {dag.py:3047} INFO - Sync 1 DAGs
[2024-07-18T23:41:56.536+0000] {logging_mixin.py:188} INFO - [2024-07-18T23:41:56.536+0000] {dag.py:3834} INFO - Setting next_dagrun for example_trigger_target_dag to None, run_after=None
[2024-07-18T23:41:56.550+0000] {processor.py:183} INFO - Processing /home/airflow/.local/lib/python3.8/site-packages/airflow/example_dags/example_trigger_target_dag.py took 0.045 seconds
[2024-07-18T23:42:26.589+0000] {processor.py:161} INFO - Started process (PID=252) to work on /home/airflow/.local/lib/python3.8/site-packages/airflow/example_dags/example_trigger_target_dag.py
[2024-07-18T23:42:26.590+0000] {processor.py:830} INFO - Processing file /home/airflow/.local/lib/python3.8/site-packages/airflow/example_dags/example_trigger_target_dag.py for tasks to queue
[2024-07-18T23:42:26.591+0000] {logging_mixin.py:188} INFO - [2024-07-18T23:42:26.590+0000] {dagbag.py:540} INFO - Filling up the DagBag from /home/airflow/.local/lib/python3.8/site-packages/airflow/example_dags/example_trigger_target_dag.py
[2024-07-18T23:42:26.595+0000] {processor.py:840} INFO - DAG(s) 'example_trigger_target_dag' retrieved from /home/airflow/.local/lib/python3.8/site-packages/airflow/example_dags/example_trigger_target_dag.py
[2024-07-18T23:42:26.609+0000] {logging_mixin.py:188} INFO - [2024-07-18T23:42:26.608+0000] {dag.py:3047} INFO - Sync 1 DAGs
[2024-07-18T23:42:26.617+0000] {logging_mixin.py:188} INFO - [2024-07-18T23:42:26.617+0000] {dag.py:3834} INFO - Setting next_dagrun for example_trigger_target_dag to None, run_after=None
[2024-07-18T23:42:26.632+0000] {processor.py:183} INFO - Processing /home/airflow/.local/lib/python3.8/site-packages/airflow/example_dags/example_trigger_target_dag.py took 0.045 seconds
[2024-07-18T23:42:56.903+0000] {processor.py:161} INFO - Started process (PID=308) to work on /home/airflow/.local/lib/python3.8/site-packages/airflow/example_dags/example_trigger_target_dag.py
[2024-07-18T23:42:56.904+0000] {processor.py:830} INFO - Processing file /home/airflow/.local/lib/python3.8/site-packages/airflow/example_dags/example_trigger_target_dag.py for tasks to queue
[2024-07-18T23:42:56.905+0000] {logging_mixin.py:188} INFO - [2024-07-18T23:42:56.905+0000] {dagbag.py:540} INFO - Filling up the DagBag from /home/airflow/.local/lib/python3.8/site-packages/airflow/example_dags/example_trigger_target_dag.py
[2024-07-18T23:42:56.911+0000] {processor.py:840} INFO - DAG(s) 'example_trigger_target_dag' retrieved from /home/airflow/.local/lib/python3.8/site-packages/airflow/example_dags/example_trigger_target_dag.py
[2024-07-18T23:42:56.929+0000] {logging_mixin.py:188} INFO - [2024-07-18T23:42:56.929+0000] {dag.py:3047} INFO - Sync 1 DAGs
[2024-07-18T23:42:56.939+0000] {logging_mixin.py:188} INFO - [2024-07-18T23:42:56.939+0000] {dag.py:3834} INFO - Setting next_dagrun for example_trigger_target_dag to None, run_after=None
[2024-07-18T23:42:56.957+0000] {processor.py:183} INFO - Processing /home/airflow/.local/lib/python3.8/site-packages/airflow/example_dags/example_trigger_target_dag.py took 0.057 seconds
[2024-07-18T23:43:26.999+0000] {processor.py:161} INFO - Started process (PID=364) to work on /home/airflow/.local/lib/python3.8/site-packages/airflow/example_dags/example_trigger_target_dag.py
[2024-07-18T23:43:27.000+0000] {processor.py:830} INFO - Processing file /home/airflow/.local/lib/python3.8/site-packages/airflow/example_dags/example_trigger_target_dag.py for tasks to queue
[2024-07-18T23:43:27.002+0000] {logging_mixin.py:188} INFO - [2024-07-18T23:43:27.001+0000] {dagbag.py:540} INFO - Filling up the DagBag from /home/airflow/.local/lib/python3.8/site-packages/airflow/example_dags/example_trigger_target_dag.py
[2024-07-18T23:43:27.006+0000] {processor.py:840} INFO - DAG(s) 'example_trigger_target_dag' retrieved from /home/airflow/.local/lib/python3.8/site-packages/airflow/example_dags/example_trigger_target_dag.py
[2024-07-18T23:43:27.021+0000] {logging_mixin.py:188} INFO - [2024-07-18T23:43:27.021+0000] {dag.py:3047} INFO - Sync 1 DAGs
[2024-07-18T23:43:27.031+0000] {logging_mixin.py:188} INFO - [2024-07-18T23:43:27.030+0000] {dag.py:3834} INFO - Setting next_dagrun for example_trigger_target_dag to None, run_after=None
[2024-07-18T23:43:27.047+0000] {processor.py:183} INFO - Processing /home/airflow/.local/lib/python3.8/site-packages/airflow/example_dags/example_trigger_target_dag.py took 0.051 seconds
[2024-07-18T23:43:57.265+0000] {processor.py:161} INFO - Started process (PID=420) to work on /home/airflow/.local/lib/python3.8/site-packages/airflow/example_dags/example_trigger_target_dag.py
[2024-07-18T23:43:57.266+0000] {processor.py:830} INFO - Processing file /home/airflow/.local/lib/python3.8/site-packages/airflow/example_dags/example_trigger_target_dag.py for tasks to queue
[2024-07-18T23:43:57.267+0000] {logging_mixin.py:188} INFO - [2024-07-18T23:43:57.267+0000] {dagbag.py:540} INFO - Filling up the DagBag from /home/airflow/.local/lib/python3.8/site-packages/airflow/example_dags/example_trigger_target_dag.py
[2024-07-18T23:43:57.271+0000] {processor.py:840} INFO - DAG(s) 'example_trigger_target_dag' retrieved from /home/airflow/.local/lib/python3.8/site-packages/airflow/example_dags/example_trigger_target_dag.py
[2024-07-18T23:43:57.285+0000] {logging_mixin.py:188} INFO - [2024-07-18T23:43:57.285+0000] {dag.py:3047} INFO - Sync 1 DAGs
[2024-07-18T23:43:57.294+0000] {logging_mixin.py:188} INFO - [2024-07-18T23:43:57.294+0000] {dag.py:3834} INFO - Setting next_dagrun for example_trigger_target_dag to None, run_after=None
[2024-07-18T23:43:57.310+0000] {processor.py:183} INFO - Processing /home/airflow/.local/lib/python3.8/site-packages/airflow/example_dags/example_trigger_target_dag.py took 0.046 seconds
[2024-07-18T23:44:27.383+0000] {processor.py:161} INFO - Started process (PID=476) to work on /home/airflow/.local/lib/python3.8/site-packages/airflow/example_dags/example_trigger_target_dag.py
[2024-07-18T23:44:27.384+0000] {processor.py:830} INFO - Processing file /home/airflow/.local/lib/python3.8/site-packages/airflow/example_dags/example_trigger_target_dag.py for tasks to queue
[2024-07-18T23:44:27.385+0000] {logging_mixin.py:188} INFO - [2024-07-18T23:44:27.385+0000] {dagbag.py:540} INFO - Filling up the DagBag from /home/airflow/.local/lib/python3.8/site-packages/airflow/example_dags/example_trigger_target_dag.py
[2024-07-18T23:44:27.389+0000] {processor.py:840} INFO - DAG(s) 'example_trigger_target_dag' retrieved from /home/airflow/.local/lib/python3.8/site-packages/airflow/example_dags/example_trigger_target_dag.py
[2024-07-18T23:44:27.403+0000] {logging_mixin.py:188} INFO - [2024-07-18T23:44:27.403+0000] {dag.py:3047} INFO - Sync 1 DAGs
[2024-07-18T23:44:27.412+0000] {logging_mixin.py:188} INFO - [2024-07-18T23:44:27.412+0000] {dag.py:3834} INFO - Setting next_dagrun for example_trigger_target_dag to None, run_after=None
[2024-07-18T23:44:27.427+0000] {processor.py:183} INFO - Processing /home/airflow/.local/lib/python3.8/site-packages/airflow/example_dags/example_trigger_target_dag.py took 0.046 seconds
[2024-07-18T23:44:57.732+0000] {processor.py:161} INFO - Started process (PID=532) to work on /home/airflow/.local/lib/python3.8/site-packages/airflow/example_dags/example_trigger_target_dag.py
[2024-07-18T23:44:57.733+0000] {processor.py:830} INFO - Processing file /home/airflow/.local/lib/python3.8/site-packages/airflow/example_dags/example_trigger_target_dag.py for tasks to queue
[2024-07-18T23:44:57.734+0000] {logging_mixin.py:188} INFO - [2024-07-18T23:44:57.734+0000] {dagbag.py:540} INFO - Filling up the DagBag from /home/airflow/.local/lib/python3.8/site-packages/airflow/example_dags/example_trigger_target_dag.py
[2024-07-18T23:44:57.738+0000] {processor.py:840} INFO - DAG(s) 'example_trigger_target_dag' retrieved from /home/airflow/.local/lib/python3.8/site-packages/airflow/example_dags/example_trigger_target_dag.py
[2024-07-18T23:44:57.753+0000] {logging_mixin.py:188} INFO - [2024-07-18T23:44:57.752+0000] {dag.py:3047} INFO - Sync 1 DAGs
[2024-07-18T23:44:57.762+0000] {logging_mixin.py:188} INFO - [2024-07-18T23:44:57.761+0000] {dag.py:3834} INFO - Setting next_dagrun for example_trigger_target_dag to None, run_after=None
[2024-07-18T23:44:57.778+0000] {processor.py:183} INFO - Processing /home/airflow/.local/lib/python3.8/site-packages/airflow/example_dags/example_trigger_target_dag.py took 0.048 seconds
[2024-07-18T23:45:28.044+0000] {processor.py:161} INFO - Started process (PID=588) to work on /home/airflow/.local/lib/python3.8/site-packages/airflow/example_dags/example_trigger_target_dag.py
[2024-07-18T23:45:28.045+0000] {processor.py:830} INFO - Processing file /home/airflow/.local/lib/python3.8/site-packages/airflow/example_dags/example_trigger_target_dag.py for tasks to queue
[2024-07-18T23:45:28.046+0000] {logging_mixin.py:188} INFO - [2024-07-18T23:45:28.046+0000] {dagbag.py:540} INFO - Filling up the DagBag from /home/airflow/.local/lib/python3.8/site-packages/airflow/example_dags/example_trigger_target_dag.py
[2024-07-18T23:45:28.052+0000] {processor.py:840} INFO - DAG(s) 'example_trigger_target_dag' retrieved from /home/airflow/.local/lib/python3.8/site-packages/airflow/example_dags/example_trigger_target_dag.py
[2024-07-18T23:45:28.070+0000] {logging_mixin.py:188} INFO - [2024-07-18T23:45:28.070+0000] {dag.py:3047} INFO - Sync 1 DAGs
[2024-07-18T23:45:28.080+0000] {logging_mixin.py:188} INFO - [2024-07-18T23:45:28.080+0000] {dag.py:3834} INFO - Setting next_dagrun for example_trigger_target_dag to None, run_after=None
[2024-07-18T23:45:28.101+0000] {processor.py:183} INFO - Processing /home/airflow/.local/lib/python3.8/site-packages/airflow/example_dags/example_trigger_target_dag.py took 0.060 seconds
[2024-07-18T23:47:15.013+0000] {processor.py:161} INFO - Started process (PID=83) to work on /home/airflow/.local/lib/python3.8/site-packages/airflow/example_dags/example_trigger_target_dag.py
[2024-07-18T23:47:15.014+0000] {processor.py:830} INFO - Processing file /home/airflow/.local/lib/python3.8/site-packages/airflow/example_dags/example_trigger_target_dag.py for tasks to queue
[2024-07-18T23:47:15.016+0000] {logging_mixin.py:188} INFO - [2024-07-18T23:47:15.016+0000] {dagbag.py:540} INFO - Filling up the DagBag from /home/airflow/.local/lib/python3.8/site-packages/airflow/example_dags/example_trigger_target_dag.py
[2024-07-18T23:47:15.023+0000] {processor.py:840} INFO - DAG(s) 'example_trigger_target_dag' retrieved from /home/airflow/.local/lib/python3.8/site-packages/airflow/example_dags/example_trigger_target_dag.py
[2024-07-18T23:47:15.034+0000] {logging_mixin.py:188} INFO - [2024-07-18T23:47:15.034+0000] {dag.py:3047} INFO - Sync 1 DAGs
[2024-07-18T23:47:15.045+0000] {logging_mixin.py:188} INFO - [2024-07-18T23:47:15.045+0000] {dag.py:3834} INFO - Setting next_dagrun for example_trigger_target_dag to None, run_after=None
[2024-07-18T23:47:15.063+0000] {processor.py:183} INFO - Processing /home/airflow/.local/lib/python3.8/site-packages/airflow/example_dags/example_trigger_target_dag.py took 0.053 seconds
[2024-07-18T23:47:46.500+0000] {processor.py:161} INFO - Started process (PID=139) to work on /home/airflow/.local/lib/python3.8/site-packages/airflow/example_dags/example_trigger_target_dag.py
[2024-07-18T23:47:46.501+0000] {processor.py:830} INFO - Processing file /home/airflow/.local/lib/python3.8/site-packages/airflow/example_dags/example_trigger_target_dag.py for tasks to queue
[2024-07-18T23:47:46.502+0000] {logging_mixin.py:188} INFO - [2024-07-18T23:47:46.502+0000] {dagbag.py:540} INFO - Filling up the DagBag from /home/airflow/.local/lib/python3.8/site-packages/airflow/example_dags/example_trigger_target_dag.py
[2024-07-18T23:47:46.507+0000] {processor.py:840} INFO - DAG(s) 'example_trigger_target_dag' retrieved from /home/airflow/.local/lib/python3.8/site-packages/airflow/example_dags/example_trigger_target_dag.py
[2024-07-18T23:47:46.588+0000] {logging_mixin.py:188} INFO - [2024-07-18T23:47:46.588+0000] {dag.py:3047} INFO - Sync 1 DAGs
[2024-07-18T23:47:46.596+0000] {logging_mixin.py:188} INFO - [2024-07-18T23:47:46.596+0000] {dag.py:3834} INFO - Setting next_dagrun for example_trigger_target_dag to None, run_after=None
[2024-07-18T23:47:46.612+0000] {processor.py:183} INFO - Processing /home/airflow/.local/lib/python3.8/site-packages/airflow/example_dags/example_trigger_target_dag.py took 0.114 seconds
[2024-07-18T23:48:17.196+0000] {processor.py:161} INFO - Started process (PID=195) to work on /home/airflow/.local/lib/python3.8/site-packages/airflow/example_dags/example_trigger_target_dag.py
[2024-07-18T23:48:17.197+0000] {processor.py:830} INFO - Processing file /home/airflow/.local/lib/python3.8/site-packages/airflow/example_dags/example_trigger_target_dag.py for tasks to queue
[2024-07-18T23:48:17.198+0000] {logging_mixin.py:188} INFO - [2024-07-18T23:48:17.198+0000] {dagbag.py:540} INFO - Filling up the DagBag from /home/airflow/.local/lib/python3.8/site-packages/airflow/example_dags/example_trigger_target_dag.py
[2024-07-18T23:48:17.202+0000] {processor.py:840} INFO - DAG(s) 'example_trigger_target_dag' retrieved from /home/airflow/.local/lib/python3.8/site-packages/airflow/example_dags/example_trigger_target_dag.py
[2024-07-18T23:48:17.217+0000] {logging_mixin.py:188} INFO - [2024-07-18T23:48:17.217+0000] {dag.py:3047} INFO - Sync 1 DAGs
[2024-07-18T23:48:17.226+0000] {logging_mixin.py:188} INFO - [2024-07-18T23:48:17.226+0000] {dag.py:3834} INFO - Setting next_dagrun for example_trigger_target_dag to None, run_after=None
[2024-07-18T23:48:17.241+0000] {processor.py:183} INFO - Processing /home/airflow/.local/lib/python3.8/site-packages/airflow/example_dags/example_trigger_target_dag.py took 0.047 seconds
[2024-07-18T23:48:47.299+0000] {processor.py:161} INFO - Started process (PID=251) to work on /home/airflow/.local/lib/python3.8/site-packages/airflow/example_dags/example_trigger_target_dag.py
[2024-07-18T23:48:47.300+0000] {processor.py:830} INFO - Processing file /home/airflow/.local/lib/python3.8/site-packages/airflow/example_dags/example_trigger_target_dag.py for tasks to queue
[2024-07-18T23:48:47.301+0000] {logging_mixin.py:188} INFO - [2024-07-18T23:48:47.301+0000] {dagbag.py:540} INFO - Filling up the DagBag from /home/airflow/.local/lib/python3.8/site-packages/airflow/example_dags/example_trigger_target_dag.py
[2024-07-18T23:48:47.305+0000] {processor.py:840} INFO - DAG(s) 'example_trigger_target_dag' retrieved from /home/airflow/.local/lib/python3.8/site-packages/airflow/example_dags/example_trigger_target_dag.py
[2024-07-18T23:48:47.319+0000] {logging_mixin.py:188} INFO - [2024-07-18T23:48:47.319+0000] {dag.py:3047} INFO - Sync 1 DAGs
[2024-07-18T23:48:47.328+0000] {logging_mixin.py:188} INFO - [2024-07-18T23:48:47.328+0000] {dag.py:3834} INFO - Setting next_dagrun for example_trigger_target_dag to None, run_after=None
[2024-07-18T23:48:47.342+0000] {processor.py:183} INFO - Processing /home/airflow/.local/lib/python3.8/site-packages/airflow/example_dags/example_trigger_target_dag.py took 0.045 seconds
[2024-07-18T23:49:17.386+0000] {processor.py:161} INFO - Started process (PID=307) to work on /home/airflow/.local/lib/python3.8/site-packages/airflow/example_dags/example_trigger_target_dag.py
[2024-07-18T23:49:17.387+0000] {processor.py:830} INFO - Processing file /home/airflow/.local/lib/python3.8/site-packages/airflow/example_dags/example_trigger_target_dag.py for tasks to queue
[2024-07-18T23:49:17.388+0000] {logging_mixin.py:188} INFO - [2024-07-18T23:49:17.388+0000] {dagbag.py:540} INFO - Filling up the DagBag from /home/airflow/.local/lib/python3.8/site-packages/airflow/example_dags/example_trigger_target_dag.py
[2024-07-18T23:49:17.392+0000] {processor.py:840} INFO - DAG(s) 'example_trigger_target_dag' retrieved from /home/airflow/.local/lib/python3.8/site-packages/airflow/example_dags/example_trigger_target_dag.py
[2024-07-18T23:49:17.407+0000] {logging_mixin.py:188} INFO - [2024-07-18T23:49:17.406+0000] {dag.py:3047} INFO - Sync 1 DAGs
[2024-07-18T23:49:17.416+0000] {logging_mixin.py:188} INFO - [2024-07-18T23:49:17.415+0000] {dag.py:3834} INFO - Setting next_dagrun for example_trigger_target_dag to None, run_after=None
[2024-07-18T23:49:17.429+0000] {processor.py:183} INFO - Processing /home/airflow/.local/lib/python3.8/site-packages/airflow/example_dags/example_trigger_target_dag.py took 0.046 seconds
[2024-07-18T23:49:47.679+0000] {processor.py:161} INFO - Started process (PID=363) to work on /home/airflow/.local/lib/python3.8/site-packages/airflow/example_dags/example_trigger_target_dag.py
[2024-07-18T23:49:47.680+0000] {processor.py:830} INFO - Processing file /home/airflow/.local/lib/python3.8/site-packages/airflow/example_dags/example_trigger_target_dag.py for tasks to queue
[2024-07-18T23:49:47.681+0000] {logging_mixin.py:188} INFO - [2024-07-18T23:49:47.681+0000] {dagbag.py:540} INFO - Filling up the DagBag from /home/airflow/.local/lib/python3.8/site-packages/airflow/example_dags/example_trigger_target_dag.py
[2024-07-18T23:49:47.685+0000] {processor.py:840} INFO - DAG(s) 'example_trigger_target_dag' retrieved from /home/airflow/.local/lib/python3.8/site-packages/airflow/example_dags/example_trigger_target_dag.py
[2024-07-18T23:49:47.699+0000] {logging_mixin.py:188} INFO - [2024-07-18T23:49:47.699+0000] {dag.py:3047} INFO - Sync 1 DAGs
[2024-07-18T23:49:47.708+0000] {logging_mixin.py:188} INFO - [2024-07-18T23:49:47.708+0000] {dag.py:3834} INFO - Setting next_dagrun for example_trigger_target_dag to None, run_after=None
[2024-07-18T23:49:47.723+0000] {processor.py:183} INFO - Processing /home/airflow/.local/lib/python3.8/site-packages/airflow/example_dags/example_trigger_target_dag.py took 0.046 seconds
[2024-07-18T23:50:17.795+0000] {processor.py:161} INFO - Started process (PID=419) to work on /home/airflow/.local/lib/python3.8/site-packages/airflow/example_dags/example_trigger_target_dag.py
[2024-07-18T23:50:17.796+0000] {processor.py:830} INFO - Processing file /home/airflow/.local/lib/python3.8/site-packages/airflow/example_dags/example_trigger_target_dag.py for tasks to queue
[2024-07-18T23:50:17.797+0000] {logging_mixin.py:188} INFO - [2024-07-18T23:50:17.797+0000] {dagbag.py:540} INFO - Filling up the DagBag from /home/airflow/.local/lib/python3.8/site-packages/airflow/example_dags/example_trigger_target_dag.py
[2024-07-18T23:50:17.801+0000] {processor.py:840} INFO - DAG(s) 'example_trigger_target_dag' retrieved from /home/airflow/.local/lib/python3.8/site-packages/airflow/example_dags/example_trigger_target_dag.py
[2024-07-18T23:50:17.816+0000] {logging_mixin.py:188} INFO - [2024-07-18T23:50:17.816+0000] {dag.py:3047} INFO - Sync 1 DAGs
[2024-07-18T23:50:17.827+0000] {logging_mixin.py:188} INFO - [2024-07-18T23:50:17.827+0000] {dag.py:3834} INFO - Setting next_dagrun for example_trigger_target_dag to None, run_after=None
[2024-07-18T23:50:17.842+0000] {processor.py:183} INFO - Processing /home/airflow/.local/lib/python3.8/site-packages/airflow/example_dags/example_trigger_target_dag.py took 0.050 seconds
[2024-07-18T23:50:47.972+0000] {processor.py:161} INFO - Started process (PID=475) to work on /home/airflow/.local/lib/python3.8/site-packages/airflow/example_dags/example_trigger_target_dag.py
[2024-07-18T23:50:47.973+0000] {processor.py:830} INFO - Processing file /home/airflow/.local/lib/python3.8/site-packages/airflow/example_dags/example_trigger_target_dag.py for tasks to queue
[2024-07-18T23:50:47.974+0000] {logging_mixin.py:188} INFO - [2024-07-18T23:50:47.974+0000] {dagbag.py:540} INFO - Filling up the DagBag from /home/airflow/.local/lib/python3.8/site-packages/airflow/example_dags/example_trigger_target_dag.py
[2024-07-18T23:50:47.979+0000] {processor.py:840} INFO - DAG(s) 'example_trigger_target_dag' retrieved from /home/airflow/.local/lib/python3.8/site-packages/airflow/example_dags/example_trigger_target_dag.py
[2024-07-18T23:50:47.994+0000] {logging_mixin.py:188} INFO - [2024-07-18T23:50:47.994+0000] {dag.py:3047} INFO - Sync 1 DAGs
[2024-07-18T23:50:48.003+0000] {logging_mixin.py:188} INFO - [2024-07-18T23:50:48.003+0000] {dag.py:3834} INFO - Setting next_dagrun for example_trigger_target_dag to None, run_after=None
[2024-07-18T23:50:48.020+0000] {processor.py:183} INFO - Processing /home/airflow/.local/lib/python3.8/site-packages/airflow/example_dags/example_trigger_target_dag.py took 0.051 seconds
[2024-07-18T23:51:18.224+0000] {processor.py:161} INFO - Started process (PID=531) to work on /home/airflow/.local/lib/python3.8/site-packages/airflow/example_dags/example_trigger_target_dag.py
[2024-07-18T23:51:18.225+0000] {processor.py:830} INFO - Processing file /home/airflow/.local/lib/python3.8/site-packages/airflow/example_dags/example_trigger_target_dag.py for tasks to queue
[2024-07-18T23:51:18.226+0000] {logging_mixin.py:188} INFO - [2024-07-18T23:51:18.226+0000] {dagbag.py:540} INFO - Filling up the DagBag from /home/airflow/.local/lib/python3.8/site-packages/airflow/example_dags/example_trigger_target_dag.py
[2024-07-18T23:51:18.231+0000] {processor.py:840} INFO - DAG(s) 'example_trigger_target_dag' retrieved from /home/airflow/.local/lib/python3.8/site-packages/airflow/example_dags/example_trigger_target_dag.py
[2024-07-18T23:51:18.246+0000] {logging_mixin.py:188} INFO - [2024-07-18T23:51:18.246+0000] {dag.py:3047} INFO - Sync 1 DAGs
[2024-07-18T23:51:18.255+0000] {logging_mixin.py:188} INFO - [2024-07-18T23:51:18.255+0000] {dag.py:3834} INFO - Setting next_dagrun for example_trigger_target_dag to None, run_after=None
[2024-07-18T23:51:18.269+0000] {processor.py:183} INFO - Processing /home/airflow/.local/lib/python3.8/site-packages/airflow/example_dags/example_trigger_target_dag.py took 0.047 seconds
[2024-07-18T23:51:48.326+0000] {processor.py:161} INFO - Started process (PID=587) to work on /home/airflow/.local/lib/python3.8/site-packages/airflow/example_dags/example_trigger_target_dag.py
[2024-07-18T23:51:48.327+0000] {processor.py:830} INFO - Processing file /home/airflow/.local/lib/python3.8/site-packages/airflow/example_dags/example_trigger_target_dag.py for tasks to queue
[2024-07-18T23:51:48.328+0000] {logging_mixin.py:188} INFO - [2024-07-18T23:51:48.328+0000] {dagbag.py:540} INFO - Filling up the DagBag from /home/airflow/.local/lib/python3.8/site-packages/airflow/example_dags/example_trigger_target_dag.py
[2024-07-18T23:51:48.334+0000] {processor.py:840} INFO - DAG(s) 'example_trigger_target_dag' retrieved from /home/airflow/.local/lib/python3.8/site-packages/airflow/example_dags/example_trigger_target_dag.py
[2024-07-18T23:51:48.350+0000] {logging_mixin.py:188} INFO - [2024-07-18T23:51:48.350+0000] {dag.py:3047} INFO - Sync 1 DAGs
[2024-07-18T23:51:48.360+0000] {logging_mixin.py:188} INFO - [2024-07-18T23:51:48.360+0000] {dag.py:3834} INFO - Setting next_dagrun for example_trigger_target_dag to None, run_after=None
[2024-07-18T23:51:48.377+0000] {processor.py:183} INFO - Processing /home/airflow/.local/lib/python3.8/site-packages/airflow/example_dags/example_trigger_target_dag.py took 0.053 seconds
[2024-07-18T23:52:18.410+0000] {processor.py:161} INFO - Started process (PID=643) to work on /home/airflow/.local/lib/python3.8/site-packages/airflow/example_dags/example_trigger_target_dag.py
[2024-07-18T23:52:18.411+0000] {processor.py:830} INFO - Processing file /home/airflow/.local/lib/python3.8/site-packages/airflow/example_dags/example_trigger_target_dag.py for tasks to queue
[2024-07-18T23:52:18.412+0000] {logging_mixin.py:188} INFO - [2024-07-18T23:52:18.412+0000] {dagbag.py:540} INFO - Filling up the DagBag from /home/airflow/.local/lib/python3.8/site-packages/airflow/example_dags/example_trigger_target_dag.py
[2024-07-18T23:52:18.416+0000] {processor.py:840} INFO - DAG(s) 'example_trigger_target_dag' retrieved from /home/airflow/.local/lib/python3.8/site-packages/airflow/example_dags/example_trigger_target_dag.py
[2024-07-18T23:52:18.431+0000] {logging_mixin.py:188} INFO - [2024-07-18T23:52:18.431+0000] {dag.py:3047} INFO - Sync 1 DAGs
[2024-07-18T23:52:18.441+0000] {logging_mixin.py:188} INFO - [2024-07-18T23:52:18.441+0000] {dag.py:3834} INFO - Setting next_dagrun for example_trigger_target_dag to None, run_after=None
[2024-07-18T23:52:18.458+0000] {processor.py:183} INFO - Processing /home/airflow/.local/lib/python3.8/site-packages/airflow/example_dags/example_trigger_target_dag.py took 0.051 seconds
[2024-07-18T23:52:48.638+0000] {processor.py:161} INFO - Started process (PID=699) to work on /home/airflow/.local/lib/python3.8/site-packages/airflow/example_dags/example_trigger_target_dag.py
[2024-07-18T23:52:48.639+0000] {processor.py:830} INFO - Processing file /home/airflow/.local/lib/python3.8/site-packages/airflow/example_dags/example_trigger_target_dag.py for tasks to queue
[2024-07-18T23:52:48.640+0000] {logging_mixin.py:188} INFO - [2024-07-18T23:52:48.640+0000] {dagbag.py:540} INFO - Filling up the DagBag from /home/airflow/.local/lib/python3.8/site-packages/airflow/example_dags/example_trigger_target_dag.py
[2024-07-18T23:52:48.645+0000] {processor.py:840} INFO - DAG(s) 'example_trigger_target_dag' retrieved from /home/airflow/.local/lib/python3.8/site-packages/airflow/example_dags/example_trigger_target_dag.py
[2024-07-18T23:52:48.660+0000] {logging_mixin.py:188} INFO - [2024-07-18T23:52:48.659+0000] {dag.py:3047} INFO - Sync 1 DAGs
[2024-07-18T23:52:48.669+0000] {logging_mixin.py:188} INFO - [2024-07-18T23:52:48.669+0000] {dag.py:3834} INFO - Setting next_dagrun for example_trigger_target_dag to None, run_after=None
[2024-07-18T23:52:48.684+0000] {processor.py:183} INFO - Processing /home/airflow/.local/lib/python3.8/site-packages/airflow/example_dags/example_trigger_target_dag.py took 0.048 seconds
[2024-07-18T23:53:18.842+0000] {processor.py:161} INFO - Started process (PID=755) to work on /home/airflow/.local/lib/python3.8/site-packages/airflow/example_dags/example_trigger_target_dag.py
[2024-07-18T23:53:18.843+0000] {processor.py:830} INFO - Processing file /home/airflow/.local/lib/python3.8/site-packages/airflow/example_dags/example_trigger_target_dag.py for tasks to queue
[2024-07-18T23:53:18.844+0000] {logging_mixin.py:188} INFO - [2024-07-18T23:53:18.844+0000] {dagbag.py:540} INFO - Filling up the DagBag from /home/airflow/.local/lib/python3.8/site-packages/airflow/example_dags/example_trigger_target_dag.py
[2024-07-18T23:53:18.848+0000] {processor.py:840} INFO - DAG(s) 'example_trigger_target_dag' retrieved from /home/airflow/.local/lib/python3.8/site-packages/airflow/example_dags/example_trigger_target_dag.py
[2024-07-18T23:53:18.871+0000] {logging_mixin.py:188} INFO - [2024-07-18T23:53:18.870+0000] {dag.py:3047} INFO - Sync 1 DAGs
[2024-07-18T23:53:18.883+0000] {logging_mixin.py:188} INFO - [2024-07-18T23:53:18.882+0000] {dag.py:3834} INFO - Setting next_dagrun for example_trigger_target_dag to None, run_after=None
[2024-07-18T23:53:18.901+0000] {processor.py:183} INFO - Processing /home/airflow/.local/lib/python3.8/site-packages/airflow/example_dags/example_trigger_target_dag.py took 0.061 seconds
[2024-07-18T23:53:49.057+0000] {processor.py:161} INFO - Started process (PID=811) to work on /home/airflow/.local/lib/python3.8/site-packages/airflow/example_dags/example_trigger_target_dag.py
[2024-07-18T23:53:49.058+0000] {processor.py:830} INFO - Processing file /home/airflow/.local/lib/python3.8/site-packages/airflow/example_dags/example_trigger_target_dag.py for tasks to queue
[2024-07-18T23:53:49.059+0000] {logging_mixin.py:188} INFO - [2024-07-18T23:53:49.059+0000] {dagbag.py:540} INFO - Filling up the DagBag from /home/airflow/.local/lib/python3.8/site-packages/airflow/example_dags/example_trigger_target_dag.py
[2024-07-18T23:53:49.064+0000] {processor.py:840} INFO - DAG(s) 'example_trigger_target_dag' retrieved from /home/airflow/.local/lib/python3.8/site-packages/airflow/example_dags/example_trigger_target_dag.py
[2024-07-18T23:53:49.080+0000] {logging_mixin.py:188} INFO - [2024-07-18T23:53:49.080+0000] {dag.py:3047} INFO - Sync 1 DAGs
[2024-07-18T23:53:49.091+0000] {logging_mixin.py:188} INFO - [2024-07-18T23:53:49.091+0000] {dag.py:3834} INFO - Setting next_dagrun for example_trigger_target_dag to None, run_after=None
[2024-07-18T23:53:49.108+0000] {processor.py:183} INFO - Processing /home/airflow/.local/lib/python3.8/site-packages/airflow/example_dags/example_trigger_target_dag.py took 0.053 seconds
[2024-07-18T23:54:19.286+0000] {processor.py:161} INFO - Started process (PID=867) to work on /home/airflow/.local/lib/python3.8/site-packages/airflow/example_dags/example_trigger_target_dag.py
[2024-07-18T23:54:19.287+0000] {processor.py:830} INFO - Processing file /home/airflow/.local/lib/python3.8/site-packages/airflow/example_dags/example_trigger_target_dag.py for tasks to queue
[2024-07-18T23:54:19.288+0000] {logging_mixin.py:188} INFO - [2024-07-18T23:54:19.288+0000] {dagbag.py:540} INFO - Filling up the DagBag from /home/airflow/.local/lib/python3.8/site-packages/airflow/example_dags/example_trigger_target_dag.py
[2024-07-18T23:54:19.292+0000] {processor.py:840} INFO - DAG(s) 'example_trigger_target_dag' retrieved from /home/airflow/.local/lib/python3.8/site-packages/airflow/example_dags/example_trigger_target_dag.py
[2024-07-18T23:54:19.307+0000] {logging_mixin.py:188} INFO - [2024-07-18T23:54:19.307+0000] {dag.py:3047} INFO - Sync 1 DAGs
[2024-07-18T23:54:19.317+0000] {logging_mixin.py:188} INFO - [2024-07-18T23:54:19.317+0000] {dag.py:3834} INFO - Setting next_dagrun for example_trigger_target_dag to None, run_after=None
[2024-07-18T23:54:19.332+0000] {processor.py:183} INFO - Processing /home/airflow/.local/lib/python3.8/site-packages/airflow/example_dags/example_trigger_target_dag.py took 0.050 seconds
[2024-07-18T23:54:49.540+0000] {processor.py:161} INFO - Started process (PID=923) to work on /home/airflow/.local/lib/python3.8/site-packages/airflow/example_dags/example_trigger_target_dag.py
[2024-07-18T23:54:49.541+0000] {processor.py:830} INFO - Processing file /home/airflow/.local/lib/python3.8/site-packages/airflow/example_dags/example_trigger_target_dag.py for tasks to queue
[2024-07-18T23:54:49.542+0000] {logging_mixin.py:188} INFO - [2024-07-18T23:54:49.542+0000] {dagbag.py:540} INFO - Filling up the DagBag from /home/airflow/.local/lib/python3.8/site-packages/airflow/example_dags/example_trigger_target_dag.py
[2024-07-18T23:54:49.548+0000] {processor.py:840} INFO - DAG(s) 'example_trigger_target_dag' retrieved from /home/airflow/.local/lib/python3.8/site-packages/airflow/example_dags/example_trigger_target_dag.py
[2024-07-18T23:54:49.564+0000] {logging_mixin.py:188} INFO - [2024-07-18T23:54:49.564+0000] {dag.py:3047} INFO - Sync 1 DAGs
[2024-07-18T23:54:49.575+0000] {logging_mixin.py:188} INFO - [2024-07-18T23:54:49.575+0000] {dag.py:3834} INFO - Setting next_dagrun for example_trigger_target_dag to None, run_after=None
[2024-07-18T23:54:49.590+0000] {processor.py:183} INFO - Processing /home/airflow/.local/lib/python3.8/site-packages/airflow/example_dags/example_trigger_target_dag.py took 0.052 seconds
[2024-07-18T23:55:19.851+0000] {processor.py:161} INFO - Started process (PID=980) to work on /home/airflow/.local/lib/python3.8/site-packages/airflow/example_dags/example_trigger_target_dag.py
[2024-07-18T23:55:19.851+0000] {processor.py:830} INFO - Processing file /home/airflow/.local/lib/python3.8/site-packages/airflow/example_dags/example_trigger_target_dag.py for tasks to queue
[2024-07-18T23:55:19.853+0000] {logging_mixin.py:188} INFO - [2024-07-18T23:55:19.852+0000] {dagbag.py:540} INFO - Filling up the DagBag from /home/airflow/.local/lib/python3.8/site-packages/airflow/example_dags/example_trigger_target_dag.py
[2024-07-18T23:55:19.857+0000] {processor.py:840} INFO - DAG(s) 'example_trigger_target_dag' retrieved from /home/airflow/.local/lib/python3.8/site-packages/airflow/example_dags/example_trigger_target_dag.py
[2024-07-18T23:55:19.873+0000] {logging_mixin.py:188} INFO - [2024-07-18T23:55:19.873+0000] {dag.py:3047} INFO - Sync 1 DAGs
[2024-07-18T23:55:19.884+0000] {logging_mixin.py:188} INFO - [2024-07-18T23:55:19.884+0000] {dag.py:3834} INFO - Setting next_dagrun for example_trigger_target_dag to None, run_after=None
[2024-07-18T23:55:19.900+0000] {processor.py:183} INFO - Processing /home/airflow/.local/lib/python3.8/site-packages/airflow/example_dags/example_trigger_target_dag.py took 0.052 seconds
[2024-07-18T23:55:50.061+0000] {processor.py:161} INFO - Started process (PID=1036) to work on /home/airflow/.local/lib/python3.8/site-packages/airflow/example_dags/example_trigger_target_dag.py
[2024-07-18T23:55:50.062+0000] {processor.py:830} INFO - Processing file /home/airflow/.local/lib/python3.8/site-packages/airflow/example_dags/example_trigger_target_dag.py for tasks to queue
[2024-07-18T23:55:50.063+0000] {logging_mixin.py:188} INFO - [2024-07-18T23:55:50.063+0000] {dagbag.py:540} INFO - Filling up the DagBag from /home/airflow/.local/lib/python3.8/site-packages/airflow/example_dags/example_trigger_target_dag.py
[2024-07-18T23:55:50.067+0000] {processor.py:840} INFO - DAG(s) 'example_trigger_target_dag' retrieved from /home/airflow/.local/lib/python3.8/site-packages/airflow/example_dags/example_trigger_target_dag.py
[2024-07-18T23:55:50.082+0000] {logging_mixin.py:188} INFO - [2024-07-18T23:55:50.082+0000] {dag.py:3047} INFO - Sync 1 DAGs
[2024-07-18T23:55:50.091+0000] {logging_mixin.py:188} INFO - [2024-07-18T23:55:50.091+0000] {dag.py:3834} INFO - Setting next_dagrun for example_trigger_target_dag to None, run_after=None
[2024-07-18T23:55:50.106+0000] {processor.py:183} INFO - Processing /home/airflow/.local/lib/python3.8/site-packages/airflow/example_dags/example_trigger_target_dag.py took 0.047 seconds
[2024-07-18T23:56:20.305+0000] {processor.py:161} INFO - Started process (PID=1092) to work on /home/airflow/.local/lib/python3.8/site-packages/airflow/example_dags/example_trigger_target_dag.py
[2024-07-18T23:56:20.306+0000] {processor.py:830} INFO - Processing file /home/airflow/.local/lib/python3.8/site-packages/airflow/example_dags/example_trigger_target_dag.py for tasks to queue
[2024-07-18T23:56:20.307+0000] {logging_mixin.py:188} INFO - [2024-07-18T23:56:20.307+0000] {dagbag.py:540} INFO - Filling up the DagBag from /home/airflow/.local/lib/python3.8/site-packages/airflow/example_dags/example_trigger_target_dag.py
[2024-07-18T23:56:20.312+0000] {processor.py:840} INFO - DAG(s) 'example_trigger_target_dag' retrieved from /home/airflow/.local/lib/python3.8/site-packages/airflow/example_dags/example_trigger_target_dag.py
[2024-07-18T23:56:20.327+0000] {logging_mixin.py:188} INFO - [2024-07-18T23:56:20.327+0000] {dag.py:3047} INFO - Sync 1 DAGs
[2024-07-18T23:56:20.337+0000] {logging_mixin.py:188} INFO - [2024-07-18T23:56:20.337+0000] {dag.py:3834} INFO - Setting next_dagrun for example_trigger_target_dag to None, run_after=None
[2024-07-18T23:56:20.353+0000] {processor.py:183} INFO - Processing /home/airflow/.local/lib/python3.8/site-packages/airflow/example_dags/example_trigger_target_dag.py took 0.051 seconds
[2024-07-18T23:56:50.685+0000] {processor.py:161} INFO - Started process (PID=1148) to work on /home/airflow/.local/lib/python3.8/site-packages/airflow/example_dags/example_trigger_target_dag.py
[2024-07-18T23:56:50.686+0000] {processor.py:830} INFO - Processing file /home/airflow/.local/lib/python3.8/site-packages/airflow/example_dags/example_trigger_target_dag.py for tasks to queue
[2024-07-18T23:56:50.687+0000] {logging_mixin.py:188} INFO - [2024-07-18T23:56:50.687+0000] {dagbag.py:540} INFO - Filling up the DagBag from /home/airflow/.local/lib/python3.8/site-packages/airflow/example_dags/example_trigger_target_dag.py
[2024-07-18T23:56:50.692+0000] {processor.py:840} INFO - DAG(s) 'example_trigger_target_dag' retrieved from /home/airflow/.local/lib/python3.8/site-packages/airflow/example_dags/example_trigger_target_dag.py
[2024-07-18T23:56:50.706+0000] {logging_mixin.py:188} INFO - [2024-07-18T23:56:50.706+0000] {dag.py:3047} INFO - Sync 1 DAGs
[2024-07-18T23:56:50.715+0000] {logging_mixin.py:188} INFO - [2024-07-18T23:56:50.715+0000] {dag.py:3834} INFO - Setting next_dagrun for example_trigger_target_dag to None, run_after=None
[2024-07-18T23:56:50.731+0000] {processor.py:183} INFO - Processing /home/airflow/.local/lib/python3.8/site-packages/airflow/example_dags/example_trigger_target_dag.py took 0.048 seconds
[2024-07-18T23:57:20.940+0000] {processor.py:161} INFO - Started process (PID=1204) to work on /home/airflow/.local/lib/python3.8/site-packages/airflow/example_dags/example_trigger_target_dag.py
[2024-07-18T23:57:20.941+0000] {processor.py:830} INFO - Processing file /home/airflow/.local/lib/python3.8/site-packages/airflow/example_dags/example_trigger_target_dag.py for tasks to queue
[2024-07-18T23:57:20.943+0000] {logging_mixin.py:188} INFO - [2024-07-18T23:57:20.942+0000] {dagbag.py:540} INFO - Filling up the DagBag from /home/airflow/.local/lib/python3.8/site-packages/airflow/example_dags/example_trigger_target_dag.py
[2024-07-18T23:57:20.947+0000] {processor.py:840} INFO - DAG(s) 'example_trigger_target_dag' retrieved from /home/airflow/.local/lib/python3.8/site-packages/airflow/example_dags/example_trigger_target_dag.py
[2024-07-18T23:57:20.962+0000] {logging_mixin.py:188} INFO - [2024-07-18T23:57:20.962+0000] {dag.py:3047} INFO - Sync 1 DAGs
[2024-07-18T23:57:20.972+0000] {logging_mixin.py:188} INFO - [2024-07-18T23:57:20.972+0000] {dag.py:3834} INFO - Setting next_dagrun for example_trigger_target_dag to None, run_after=None
[2024-07-18T23:57:20.988+0000] {processor.py:183} INFO - Processing /home/airflow/.local/lib/python3.8/site-packages/airflow/example_dags/example_trigger_target_dag.py took 0.051 seconds
[2024-07-18T23:57:51.217+0000] {processor.py:161} INFO - Started process (PID=1260) to work on /home/airflow/.local/lib/python3.8/site-packages/airflow/example_dags/example_trigger_target_dag.py
[2024-07-18T23:57:51.218+0000] {processor.py:830} INFO - Processing file /home/airflow/.local/lib/python3.8/site-packages/airflow/example_dags/example_trigger_target_dag.py for tasks to queue
[2024-07-18T23:57:51.219+0000] {logging_mixin.py:188} INFO - [2024-07-18T23:57:51.219+0000] {dagbag.py:540} INFO - Filling up the DagBag from /home/airflow/.local/lib/python3.8/site-packages/airflow/example_dags/example_trigger_target_dag.py
[2024-07-18T23:57:51.224+0000] {processor.py:840} INFO - DAG(s) 'example_trigger_target_dag' retrieved from /home/airflow/.local/lib/python3.8/site-packages/airflow/example_dags/example_trigger_target_dag.py
[2024-07-18T23:57:51.238+0000] {logging_mixin.py:188} INFO - [2024-07-18T23:57:51.238+0000] {dag.py:3047} INFO - Sync 1 DAGs
[2024-07-18T23:57:51.248+0000] {logging_mixin.py:188} INFO - [2024-07-18T23:57:51.248+0000] {dag.py:3834} INFO - Setting next_dagrun for example_trigger_target_dag to None, run_after=None
[2024-07-18T23:57:51.263+0000] {processor.py:183} INFO - Processing /home/airflow/.local/lib/python3.8/site-packages/airflow/example_dags/example_trigger_target_dag.py took 0.048 seconds
[2024-07-18T23:58:21.420+0000] {processor.py:161} INFO - Started process (PID=1316) to work on /home/airflow/.local/lib/python3.8/site-packages/airflow/example_dags/example_trigger_target_dag.py
[2024-07-18T23:58:21.421+0000] {processor.py:830} INFO - Processing file /home/airflow/.local/lib/python3.8/site-packages/airflow/example_dags/example_trigger_target_dag.py for tasks to queue
[2024-07-18T23:58:21.422+0000] {logging_mixin.py:188} INFO - [2024-07-18T23:58:21.422+0000] {dagbag.py:540} INFO - Filling up the DagBag from /home/airflow/.local/lib/python3.8/site-packages/airflow/example_dags/example_trigger_target_dag.py
[2024-07-18T23:58:21.427+0000] {processor.py:840} INFO - DAG(s) 'example_trigger_target_dag' retrieved from /home/airflow/.local/lib/python3.8/site-packages/airflow/example_dags/example_trigger_target_dag.py
[2024-07-18T23:58:21.442+0000] {logging_mixin.py:188} INFO - [2024-07-18T23:58:21.442+0000] {dag.py:3047} INFO - Sync 1 DAGs
[2024-07-18T23:58:21.451+0000] {logging_mixin.py:188} INFO - [2024-07-18T23:58:21.451+0000] {dag.py:3834} INFO - Setting next_dagrun for example_trigger_target_dag to None, run_after=None
[2024-07-18T23:58:21.466+0000] {processor.py:183} INFO - Processing /home/airflow/.local/lib/python3.8/site-packages/airflow/example_dags/example_trigger_target_dag.py took 0.049 seconds
[2024-07-18T23:58:51.625+0000] {processor.py:161} INFO - Started process (PID=1372) to work on /home/airflow/.local/lib/python3.8/site-packages/airflow/example_dags/example_trigger_target_dag.py
[2024-07-18T23:58:51.626+0000] {processor.py:830} INFO - Processing file /home/airflow/.local/lib/python3.8/site-packages/airflow/example_dags/example_trigger_target_dag.py for tasks to queue
[2024-07-18T23:58:51.627+0000] {logging_mixin.py:188} INFO - [2024-07-18T23:58:51.627+0000] {dagbag.py:540} INFO - Filling up the DagBag from /home/airflow/.local/lib/python3.8/site-packages/airflow/example_dags/example_trigger_target_dag.py
[2024-07-18T23:58:51.631+0000] {processor.py:840} INFO - DAG(s) 'example_trigger_target_dag' retrieved from /home/airflow/.local/lib/python3.8/site-packages/airflow/example_dags/example_trigger_target_dag.py
[2024-07-18T23:58:51.646+0000] {logging_mixin.py:188} INFO - [2024-07-18T23:58:51.646+0000] {dag.py:3047} INFO - Sync 1 DAGs
[2024-07-18T23:58:51.655+0000] {logging_mixin.py:188} INFO - [2024-07-18T23:58:51.655+0000] {dag.py:3834} INFO - Setting next_dagrun for example_trigger_target_dag to None, run_after=None
[2024-07-18T23:58:51.670+0000] {processor.py:183} INFO - Processing /home/airflow/.local/lib/python3.8/site-packages/airflow/example_dags/example_trigger_target_dag.py took 0.047 seconds
[2024-07-18T23:59:21.860+0000] {processor.py:161} INFO - Started process (PID=1428) to work on /home/airflow/.local/lib/python3.8/site-packages/airflow/example_dags/example_trigger_target_dag.py
[2024-07-18T23:59:21.861+0000] {processor.py:830} INFO - Processing file /home/airflow/.local/lib/python3.8/site-packages/airflow/example_dags/example_trigger_target_dag.py for tasks to queue
[2024-07-18T23:59:21.863+0000] {logging_mixin.py:188} INFO - [2024-07-18T23:59:21.862+0000] {dagbag.py:540} INFO - Filling up the DagBag from /home/airflow/.local/lib/python3.8/site-packages/airflow/example_dags/example_trigger_target_dag.py
[2024-07-18T23:59:21.867+0000] {processor.py:840} INFO - DAG(s) 'example_trigger_target_dag' retrieved from /home/airflow/.local/lib/python3.8/site-packages/airflow/example_dags/example_trigger_target_dag.py
[2024-07-18T23:59:21.882+0000] {logging_mixin.py:188} INFO - [2024-07-18T23:59:21.882+0000] {dag.py:3047} INFO - Sync 1 DAGs
[2024-07-18T23:59:21.891+0000] {logging_mixin.py:188} INFO - [2024-07-18T23:59:21.891+0000] {dag.py:3834} INFO - Setting next_dagrun for example_trigger_target_dag to None, run_after=None
[2024-07-18T23:59:21.906+0000] {processor.py:183} INFO - Processing /home/airflow/.local/lib/python3.8/site-packages/airflow/example_dags/example_trigger_target_dag.py took 0.048 seconds
[2024-07-18T23:59:52.003+0000] {processor.py:161} INFO - Started process (PID=1484) to work on /home/airflow/.local/lib/python3.8/site-packages/airflow/example_dags/example_trigger_target_dag.py
[2024-07-18T23:59:52.003+0000] {processor.py:830} INFO - Processing file /home/airflow/.local/lib/python3.8/site-packages/airflow/example_dags/example_trigger_target_dag.py for tasks to queue
[2024-07-18T23:59:52.005+0000] {logging_mixin.py:188} INFO - [2024-07-18T23:59:52.004+0000] {dagbag.py:540} INFO - Filling up the DagBag from /home/airflow/.local/lib/python3.8/site-packages/airflow/example_dags/example_trigger_target_dag.py
[2024-07-18T23:59:52.009+0000] {processor.py:840} INFO - DAG(s) 'example_trigger_target_dag' retrieved from /home/airflow/.local/lib/python3.8/site-packages/airflow/example_dags/example_trigger_target_dag.py
[2024-07-18T23:59:52.023+0000] {logging_mixin.py:188} INFO - [2024-07-18T23:59:52.023+0000] {dag.py:3047} INFO - Sync 1 DAGs
[2024-07-18T23:59:52.032+0000] {logging_mixin.py:188} INFO - [2024-07-18T23:59:52.032+0000] {dag.py:3834} INFO - Setting next_dagrun for example_trigger_target_dag to None, run_after=None
[2024-07-18T23:59:52.047+0000] {processor.py:183} INFO - Processing /home/airflow/.local/lib/python3.8/site-packages/airflow/example_dags/example_trigger_target_dag.py took 0.047 seconds
