[2024-07-18T23:40:54.044+0000] {processor.py:161} INFO - Started process (PID=71) to work on /home/airflow/.local/lib/python3.8/site-packages/airflow/example_dags/example_sla_dag.py
[2024-07-18T23:40:54.045+0000] {processor.py:830} INFO - Processing file /home/airflow/.local/lib/python3.8/site-packages/airflow/example_dags/example_sla_dag.py for tasks to queue
[2024-07-18T23:40:54.046+0000] {logging_mixin.py:188} INFO - [2024-07-18T23:40:54.046+0000] {dagbag.py:540} INFO - Filling up the DagBag from /home/airflow/.local/lib/python3.8/site-packages/airflow/example_dags/example_sla_dag.py
[2024-07-18T23:40:54.055+0000] {processor.py:840} INFO - DAG(s) 'example_sla_dag' retrieved from /home/airflow/.local/lib/python3.8/site-packages/airflow/example_dags/example_sla_dag.py
[2024-07-18T23:40:54.065+0000] {logging_mixin.py:188} INFO - [2024-07-18T23:40:54.064+0000] {dag.py:3047} INFO - Sync 1 DAGs
[2024-07-18T23:40:54.089+0000] {logging_mixin.py:188} INFO - [2024-07-18T23:40:54.089+0000] {dag.py:3834} INFO - Setting next_dagrun for example_sla_dag to 2024-07-18 23:38:00+00:00, run_after=2024-07-18 23:40:00+00:00
[2024-07-18T23:40:54.109+0000] {processor.py:183} INFO - Processing /home/airflow/.local/lib/python3.8/site-packages/airflow/example_dags/example_sla_dag.py took 0.068 seconds
[2024-07-18T23:41:24.995+0000] {processor.py:161} INFO - Started process (PID=127) to work on /home/airflow/.local/lib/python3.8/site-packages/airflow/example_dags/example_sla_dag.py
[2024-07-18T23:41:24.996+0000] {processor.py:830} INFO - Processing file /home/airflow/.local/lib/python3.8/site-packages/airflow/example_dags/example_sla_dag.py for tasks to queue
[2024-07-18T23:41:24.998+0000] {logging_mixin.py:188} INFO - [2024-07-18T23:41:24.997+0000] {dagbag.py:540} INFO - Filling up the DagBag from /home/airflow/.local/lib/python3.8/site-packages/airflow/example_dags/example_sla_dag.py
[2024-07-18T23:41:25.006+0000] {processor.py:840} INFO - DAG(s) 'example_sla_dag' retrieved from /home/airflow/.local/lib/python3.8/site-packages/airflow/example_dags/example_sla_dag.py
[2024-07-18T23:41:25.092+0000] {logging_mixin.py:188} INFO - [2024-07-18T23:41:25.092+0000] {dag.py:3047} INFO - Sync 1 DAGs
[2024-07-18T23:41:25.114+0000] {logging_mixin.py:188} INFO - [2024-07-18T23:41:25.113+0000] {dag.py:3834} INFO - Setting next_dagrun for example_sla_dag to 2024-07-18 23:38:00+00:00, run_after=2024-07-18 23:40:00+00:00
[2024-07-18T23:41:25.138+0000] {processor.py:183} INFO - Processing /home/airflow/.local/lib/python3.8/site-packages/airflow/example_dags/example_sla_dag.py took 0.146 seconds
[2024-07-18T23:41:55.945+0000] {processor.py:161} INFO - Started process (PID=183) to work on /home/airflow/.local/lib/python3.8/site-packages/airflow/example_dags/example_sla_dag.py
[2024-07-18T23:41:55.946+0000] {processor.py:830} INFO - Processing file /home/airflow/.local/lib/python3.8/site-packages/airflow/example_dags/example_sla_dag.py for tasks to queue
[2024-07-18T23:41:55.947+0000] {logging_mixin.py:188} INFO - [2024-07-18T23:41:55.947+0000] {dagbag.py:540} INFO - Filling up the DagBag from /home/airflow/.local/lib/python3.8/site-packages/airflow/example_dags/example_sla_dag.py
[2024-07-18T23:41:55.953+0000] {processor.py:840} INFO - DAG(s) 'example_sla_dag' retrieved from /home/airflow/.local/lib/python3.8/site-packages/airflow/example_dags/example_sla_dag.py
[2024-07-18T23:41:55.968+0000] {logging_mixin.py:188} INFO - [2024-07-18T23:41:55.967+0000] {dag.py:3047} INFO - Sync 1 DAGs
[2024-07-18T23:41:55.987+0000] {logging_mixin.py:188} INFO - [2024-07-18T23:41:55.986+0000] {dag.py:3834} INFO - Setting next_dagrun for example_sla_dag to 2024-07-18 23:38:00+00:00, run_after=2024-07-18 23:40:00+00:00
[2024-07-18T23:41:56.001+0000] {processor.py:183} INFO - Processing /home/airflow/.local/lib/python3.8/site-packages/airflow/example_dags/example_sla_dag.py took 0.058 seconds
[2024-07-18T23:42:26.095+0000] {processor.py:161} INFO - Started process (PID=240) to work on /home/airflow/.local/lib/python3.8/site-packages/airflow/example_dags/example_sla_dag.py
[2024-07-18T23:42:26.096+0000] {processor.py:830} INFO - Processing file /home/airflow/.local/lib/python3.8/site-packages/airflow/example_dags/example_sla_dag.py for tasks to queue
[2024-07-18T23:42:26.097+0000] {logging_mixin.py:188} INFO - [2024-07-18T23:42:26.096+0000] {dagbag.py:540} INFO - Filling up the DagBag from /home/airflow/.local/lib/python3.8/site-packages/airflow/example_dags/example_sla_dag.py
[2024-07-18T23:42:26.103+0000] {processor.py:840} INFO - DAG(s) 'example_sla_dag' retrieved from /home/airflow/.local/lib/python3.8/site-packages/airflow/example_dags/example_sla_dag.py
[2024-07-18T23:42:26.116+0000] {logging_mixin.py:188} INFO - [2024-07-18T23:42:26.116+0000] {dag.py:3047} INFO - Sync 1 DAGs
[2024-07-18T23:42:26.134+0000] {logging_mixin.py:188} INFO - [2024-07-18T23:42:26.134+0000] {dag.py:3834} INFO - Setting next_dagrun for example_sla_dag to 2024-07-18 23:40:00+00:00, run_after=2024-07-18 23:42:00+00:00
[2024-07-18T23:42:26.148+0000] {processor.py:183} INFO - Processing /home/airflow/.local/lib/python3.8/site-packages/airflow/example_dags/example_sla_dag.py took 0.055 seconds
[2024-07-18T23:42:56.398+0000] {processor.py:161} INFO - Started process (PID=296) to work on /home/airflow/.local/lib/python3.8/site-packages/airflow/example_dags/example_sla_dag.py
[2024-07-18T23:42:56.398+0000] {processor.py:830} INFO - Processing file /home/airflow/.local/lib/python3.8/site-packages/airflow/example_dags/example_sla_dag.py for tasks to queue
[2024-07-18T23:42:56.399+0000] {logging_mixin.py:188} INFO - [2024-07-18T23:42:56.399+0000] {dagbag.py:540} INFO - Filling up the DagBag from /home/airflow/.local/lib/python3.8/site-packages/airflow/example_dags/example_sla_dag.py
[2024-07-18T23:42:56.408+0000] {processor.py:840} INFO - DAG(s) 'example_sla_dag' retrieved from /home/airflow/.local/lib/python3.8/site-packages/airflow/example_dags/example_sla_dag.py
[2024-07-18T23:42:56.422+0000] {logging_mixin.py:188} INFO - [2024-07-18T23:42:56.422+0000] {dag.py:3047} INFO - Sync 1 DAGs
[2024-07-18T23:42:56.440+0000] {logging_mixin.py:188} INFO - [2024-07-18T23:42:56.440+0000] {dag.py:3834} INFO - Setting next_dagrun for example_sla_dag to 2024-07-18 23:40:00+00:00, run_after=2024-07-18 23:42:00+00:00
[2024-07-18T23:42:56.454+0000] {processor.py:183} INFO - Processing /home/airflow/.local/lib/python3.8/site-packages/airflow/example_dags/example_sla_dag.py took 0.059 seconds
[2024-07-18T23:43:26.506+0000] {processor.py:161} INFO - Started process (PID=352) to work on /home/airflow/.local/lib/python3.8/site-packages/airflow/example_dags/example_sla_dag.py
[2024-07-18T23:43:26.507+0000] {processor.py:830} INFO - Processing file /home/airflow/.local/lib/python3.8/site-packages/airflow/example_dags/example_sla_dag.py for tasks to queue
[2024-07-18T23:43:26.508+0000] {logging_mixin.py:188} INFO - [2024-07-18T23:43:26.508+0000] {dagbag.py:540} INFO - Filling up the DagBag from /home/airflow/.local/lib/python3.8/site-packages/airflow/example_dags/example_sla_dag.py
[2024-07-18T23:43:26.514+0000] {processor.py:840} INFO - DAG(s) 'example_sla_dag' retrieved from /home/airflow/.local/lib/python3.8/site-packages/airflow/example_dags/example_sla_dag.py
[2024-07-18T23:43:26.529+0000] {logging_mixin.py:188} INFO - [2024-07-18T23:43:26.529+0000] {dag.py:3047} INFO - Sync 1 DAGs
[2024-07-18T23:43:26.549+0000] {logging_mixin.py:188} INFO - [2024-07-18T23:43:26.549+0000] {dag.py:3834} INFO - Setting next_dagrun for example_sla_dag to 2024-07-18 23:40:00+00:00, run_after=2024-07-18 23:42:00+00:00
[2024-07-18T23:43:26.564+0000] {processor.py:183} INFO - Processing /home/airflow/.local/lib/python3.8/site-packages/airflow/example_dags/example_sla_dag.py took 0.060 seconds
[2024-07-18T23:43:56.688+0000] {processor.py:161} INFO - Started process (PID=408) to work on /home/airflow/.local/lib/python3.8/site-packages/airflow/example_dags/example_sla_dag.py
[2024-07-18T23:43:56.689+0000] {processor.py:830} INFO - Processing file /home/airflow/.local/lib/python3.8/site-packages/airflow/example_dags/example_sla_dag.py for tasks to queue
[2024-07-18T23:43:56.690+0000] {logging_mixin.py:188} INFO - [2024-07-18T23:43:56.690+0000] {dagbag.py:540} INFO - Filling up the DagBag from /home/airflow/.local/lib/python3.8/site-packages/airflow/example_dags/example_sla_dag.py
[2024-07-18T23:43:56.696+0000] {processor.py:840} INFO - DAG(s) 'example_sla_dag' retrieved from /home/airflow/.local/lib/python3.8/site-packages/airflow/example_dags/example_sla_dag.py
[2024-07-18T23:43:56.711+0000] {logging_mixin.py:188} INFO - [2024-07-18T23:43:56.710+0000] {dag.py:3047} INFO - Sync 1 DAGs
[2024-07-18T23:43:56.730+0000] {logging_mixin.py:188} INFO - [2024-07-18T23:43:56.729+0000] {dag.py:3834} INFO - Setting next_dagrun for example_sla_dag to 2024-07-18 23:40:00+00:00, run_after=2024-07-18 23:42:00+00:00
[2024-07-18T23:43:56.743+0000] {processor.py:183} INFO - Processing /home/airflow/.local/lib/python3.8/site-packages/airflow/example_dags/example_sla_dag.py took 0.057 seconds
[2024-07-18T23:44:26.868+0000] {processor.py:161} INFO - Started process (PID=464) to work on /home/airflow/.local/lib/python3.8/site-packages/airflow/example_dags/example_sla_dag.py
[2024-07-18T23:44:26.869+0000] {processor.py:830} INFO - Processing file /home/airflow/.local/lib/python3.8/site-packages/airflow/example_dags/example_sla_dag.py for tasks to queue
[2024-07-18T23:44:26.871+0000] {logging_mixin.py:188} INFO - [2024-07-18T23:44:26.870+0000] {dagbag.py:540} INFO - Filling up the DagBag from /home/airflow/.local/lib/python3.8/site-packages/airflow/example_dags/example_sla_dag.py
[2024-07-18T23:44:26.879+0000] {processor.py:840} INFO - DAG(s) 'example_sla_dag' retrieved from /home/airflow/.local/lib/python3.8/site-packages/airflow/example_dags/example_sla_dag.py
[2024-07-18T23:44:26.896+0000] {logging_mixin.py:188} INFO - [2024-07-18T23:44:26.896+0000] {dag.py:3047} INFO - Sync 1 DAGs
[2024-07-18T23:44:26.915+0000] {logging_mixin.py:188} INFO - [2024-07-18T23:44:26.915+0000] {dag.py:3834} INFO - Setting next_dagrun for example_sla_dag to 2024-07-18 23:42:00+00:00, run_after=2024-07-18 23:44:00+00:00
[2024-07-18T23:44:26.931+0000] {processor.py:183} INFO - Processing /home/airflow/.local/lib/python3.8/site-packages/airflow/example_dags/example_sla_dag.py took 0.065 seconds
[2024-07-18T23:44:57.250+0000] {processor.py:161} INFO - Started process (PID=520) to work on /home/airflow/.local/lib/python3.8/site-packages/airflow/example_dags/example_sla_dag.py
[2024-07-18T23:44:57.251+0000] {processor.py:830} INFO - Processing file /home/airflow/.local/lib/python3.8/site-packages/airflow/example_dags/example_sla_dag.py for tasks to queue
[2024-07-18T23:44:57.253+0000] {logging_mixin.py:188} INFO - [2024-07-18T23:44:57.252+0000] {dagbag.py:540} INFO - Filling up the DagBag from /home/airflow/.local/lib/python3.8/site-packages/airflow/example_dags/example_sla_dag.py
[2024-07-18T23:44:57.259+0000] {processor.py:840} INFO - DAG(s) 'example_sla_dag' retrieved from /home/airflow/.local/lib/python3.8/site-packages/airflow/example_dags/example_sla_dag.py
[2024-07-18T23:44:57.274+0000] {logging_mixin.py:188} INFO - [2024-07-18T23:44:57.274+0000] {dag.py:3047} INFO - Sync 1 DAGs
[2024-07-18T23:44:57.293+0000] {logging_mixin.py:188} INFO - [2024-07-18T23:44:57.292+0000] {dag.py:3834} INFO - Setting next_dagrun for example_sla_dag to 2024-07-18 23:42:00+00:00, run_after=2024-07-18 23:44:00+00:00
[2024-07-18T23:44:57.306+0000] {processor.py:183} INFO - Processing /home/airflow/.local/lib/python3.8/site-packages/airflow/example_dags/example_sla_dag.py took 0.058 seconds
[2024-07-18T23:45:27.444+0000] {processor.py:161} INFO - Started process (PID=576) to work on /home/airflow/.local/lib/python3.8/site-packages/airflow/example_dags/example_sla_dag.py
[2024-07-18T23:45:27.445+0000] {processor.py:830} INFO - Processing file /home/airflow/.local/lib/python3.8/site-packages/airflow/example_dags/example_sla_dag.py for tasks to queue
[2024-07-18T23:45:27.447+0000] {logging_mixin.py:188} INFO - [2024-07-18T23:45:27.446+0000] {dagbag.py:540} INFO - Filling up the DagBag from /home/airflow/.local/lib/python3.8/site-packages/airflow/example_dags/example_sla_dag.py
[2024-07-18T23:45:27.462+0000] {processor.py:840} INFO - DAG(s) 'example_sla_dag' retrieved from /home/airflow/.local/lib/python3.8/site-packages/airflow/example_dags/example_sla_dag.py
[2024-07-18T23:45:27.487+0000] {logging_mixin.py:188} INFO - [2024-07-18T23:45:27.486+0000] {dag.py:3047} INFO - Sync 1 DAGs
[2024-07-18T23:45:27.516+0000] {logging_mixin.py:188} INFO - [2024-07-18T23:45:27.516+0000] {dag.py:3834} INFO - Setting next_dagrun for example_sla_dag to 2024-07-18 23:42:00+00:00, run_after=2024-07-18 23:44:00+00:00
[2024-07-18T23:45:27.540+0000] {processor.py:183} INFO - Processing /home/airflow/.local/lib/python3.8/site-packages/airflow/example_dags/example_sla_dag.py took 0.101 seconds
[2024-07-18T23:47:14.533+0000] {processor.py:161} INFO - Started process (PID=71) to work on /home/airflow/.local/lib/python3.8/site-packages/airflow/example_dags/example_sla_dag.py
[2024-07-18T23:47:14.534+0000] {processor.py:830} INFO - Processing file /home/airflow/.local/lib/python3.8/site-packages/airflow/example_dags/example_sla_dag.py for tasks to queue
[2024-07-18T23:47:14.535+0000] {logging_mixin.py:188} INFO - [2024-07-18T23:47:14.535+0000] {dagbag.py:540} INFO - Filling up the DagBag from /home/airflow/.local/lib/python3.8/site-packages/airflow/example_dags/example_sla_dag.py
[2024-07-18T23:47:14.544+0000] {processor.py:840} INFO - DAG(s) 'example_sla_dag' retrieved from /home/airflow/.local/lib/python3.8/site-packages/airflow/example_dags/example_sla_dag.py
[2024-07-18T23:47:14.555+0000] {logging_mixin.py:188} INFO - [2024-07-18T23:47:14.554+0000] {dag.py:3047} INFO - Sync 1 DAGs
[2024-07-18T23:47:14.579+0000] {logging_mixin.py:188} INFO - [2024-07-18T23:47:14.579+0000] {dag.py:3834} INFO - Setting next_dagrun for example_sla_dag to 2024-07-18 23:44:00+00:00, run_after=2024-07-18 23:46:00+00:00
[2024-07-18T23:47:14.596+0000] {processor.py:183} INFO - Processing /home/airflow/.local/lib/python3.8/site-packages/airflow/example_dags/example_sla_dag.py took 0.066 seconds
[2024-07-18T23:47:45.373+0000] {processor.py:161} INFO - Started process (PID=127) to work on /home/airflow/.local/lib/python3.8/site-packages/airflow/example_dags/example_sla_dag.py
[2024-07-18T23:47:45.374+0000] {processor.py:830} INFO - Processing file /home/airflow/.local/lib/python3.8/site-packages/airflow/example_dags/example_sla_dag.py for tasks to queue
[2024-07-18T23:47:45.375+0000] {logging_mixin.py:188} INFO - [2024-07-18T23:47:45.375+0000] {dagbag.py:540} INFO - Filling up the DagBag from /home/airflow/.local/lib/python3.8/site-packages/airflow/example_dags/example_sla_dag.py
[2024-07-18T23:47:45.381+0000] {processor.py:840} INFO - DAG(s) 'example_sla_dag' retrieved from /home/airflow/.local/lib/python3.8/site-packages/airflow/example_dags/example_sla_dag.py
[2024-07-18T23:47:45.457+0000] {logging_mixin.py:188} INFO - [2024-07-18T23:47:45.457+0000] {dag.py:3047} INFO - Sync 1 DAGs
[2024-07-18T23:47:45.474+0000] {logging_mixin.py:188} INFO - [2024-07-18T23:47:45.474+0000] {dag.py:3834} INFO - Setting next_dagrun for example_sla_dag to 2024-07-18 23:44:00+00:00, run_after=2024-07-18 23:46:00+00:00
[2024-07-18T23:47:45.488+0000] {processor.py:183} INFO - Processing /home/airflow/.local/lib/python3.8/site-packages/airflow/example_dags/example_sla_dag.py took 0.117 seconds
[2024-07-18T23:48:15.530+0000] {processor.py:161} INFO - Started process (PID=183) to work on /home/airflow/.local/lib/python3.8/site-packages/airflow/example_dags/example_sla_dag.py
[2024-07-18T23:48:15.531+0000] {processor.py:830} INFO - Processing file /home/airflow/.local/lib/python3.8/site-packages/airflow/example_dags/example_sla_dag.py for tasks to queue
[2024-07-18T23:48:15.532+0000] {logging_mixin.py:188} INFO - [2024-07-18T23:48:15.532+0000] {dagbag.py:540} INFO - Filling up the DagBag from /home/airflow/.local/lib/python3.8/site-packages/airflow/example_dags/example_sla_dag.py
[2024-07-18T23:48:15.538+0000] {processor.py:840} INFO - DAG(s) 'example_sla_dag' retrieved from /home/airflow/.local/lib/python3.8/site-packages/airflow/example_dags/example_sla_dag.py
[2024-07-18T23:48:15.552+0000] {logging_mixin.py:188} INFO - [2024-07-18T23:48:15.552+0000] {dag.py:3047} INFO - Sync 1 DAGs
[2024-07-18T23:48:15.570+0000] {logging_mixin.py:188} INFO - [2024-07-18T23:48:15.570+0000] {dag.py:3834} INFO - Setting next_dagrun for example_sla_dag to 2024-07-18 23:46:00+00:00, run_after=2024-07-18 23:48:00+00:00
[2024-07-18T23:48:15.584+0000] {processor.py:183} INFO - Processing /home/airflow/.local/lib/python3.8/site-packages/airflow/example_dags/example_sla_dag.py took 0.056 seconds
[2024-07-18T23:48:45.748+0000] {processor.py:161} INFO - Started process (PID=239) to work on /home/airflow/.local/lib/python3.8/site-packages/airflow/example_dags/example_sla_dag.py
[2024-07-18T23:48:45.749+0000] {processor.py:830} INFO - Processing file /home/airflow/.local/lib/python3.8/site-packages/airflow/example_dags/example_sla_dag.py for tasks to queue
[2024-07-18T23:48:45.751+0000] {logging_mixin.py:188} INFO - [2024-07-18T23:48:45.750+0000] {dagbag.py:540} INFO - Filling up the DagBag from /home/airflow/.local/lib/python3.8/site-packages/airflow/example_dags/example_sla_dag.py
[2024-07-18T23:48:45.759+0000] {processor.py:840} INFO - DAG(s) 'example_sla_dag' retrieved from /home/airflow/.local/lib/python3.8/site-packages/airflow/example_dags/example_sla_dag.py
[2024-07-18T23:48:45.774+0000] {logging_mixin.py:188} INFO - [2024-07-18T23:48:45.774+0000] {dag.py:3047} INFO - Sync 1 DAGs
[2024-07-18T23:48:45.794+0000] {logging_mixin.py:188} INFO - [2024-07-18T23:48:45.794+0000] {dag.py:3834} INFO - Setting next_dagrun for example_sla_dag to 2024-07-18 23:46:00+00:00, run_after=2024-07-18 23:48:00+00:00
[2024-07-18T23:48:45.808+0000] {processor.py:183} INFO - Processing /home/airflow/.local/lib/python3.8/site-packages/airflow/example_dags/example_sla_dag.py took 0.062 seconds
[2024-07-18T23:49:15.939+0000] {processor.py:161} INFO - Started process (PID=295) to work on /home/airflow/.local/lib/python3.8/site-packages/airflow/example_dags/example_sla_dag.py
[2024-07-18T23:49:15.940+0000] {processor.py:830} INFO - Processing file /home/airflow/.local/lib/python3.8/site-packages/airflow/example_dags/example_sla_dag.py for tasks to queue
[2024-07-18T23:49:15.942+0000] {logging_mixin.py:188} INFO - [2024-07-18T23:49:15.941+0000] {dagbag.py:540} INFO - Filling up the DagBag from /home/airflow/.local/lib/python3.8/site-packages/airflow/example_dags/example_sla_dag.py
[2024-07-18T23:49:15.947+0000] {processor.py:840} INFO - DAG(s) 'example_sla_dag' retrieved from /home/airflow/.local/lib/python3.8/site-packages/airflow/example_dags/example_sla_dag.py
[2024-07-18T23:49:15.963+0000] {logging_mixin.py:188} INFO - [2024-07-18T23:49:15.963+0000] {dag.py:3047} INFO - Sync 1 DAGs
[2024-07-18T23:49:15.983+0000] {logging_mixin.py:188} INFO - [2024-07-18T23:49:15.983+0000] {dag.py:3834} INFO - Setting next_dagrun for example_sla_dag to 2024-07-18 23:46:00+00:00, run_after=2024-07-18 23:48:00+00:00
[2024-07-18T23:49:15.998+0000] {processor.py:183} INFO - Processing /home/airflow/.local/lib/python3.8/site-packages/airflow/example_dags/example_sla_dag.py took 0.061 seconds
[2024-07-18T23:49:46.219+0000] {processor.py:161} INFO - Started process (PID=351) to work on /home/airflow/.local/lib/python3.8/site-packages/airflow/example_dags/example_sla_dag.py
[2024-07-18T23:49:46.220+0000] {processor.py:830} INFO - Processing file /home/airflow/.local/lib/python3.8/site-packages/airflow/example_dags/example_sla_dag.py for tasks to queue
[2024-07-18T23:49:46.221+0000] {logging_mixin.py:188} INFO - [2024-07-18T23:49:46.221+0000] {dagbag.py:540} INFO - Filling up the DagBag from /home/airflow/.local/lib/python3.8/site-packages/airflow/example_dags/example_sla_dag.py
[2024-07-18T23:49:46.227+0000] {processor.py:840} INFO - DAG(s) 'example_sla_dag' retrieved from /home/airflow/.local/lib/python3.8/site-packages/airflow/example_dags/example_sla_dag.py
[2024-07-18T23:49:46.242+0000] {logging_mixin.py:188} INFO - [2024-07-18T23:49:46.241+0000] {dag.py:3047} INFO - Sync 1 DAGs
[2024-07-18T23:49:46.260+0000] {logging_mixin.py:188} INFO - [2024-07-18T23:49:46.260+0000] {dag.py:3834} INFO - Setting next_dagrun for example_sla_dag to 2024-07-18 23:46:00+00:00, run_after=2024-07-18 23:48:00+00:00
[2024-07-18T23:49:46.274+0000] {processor.py:183} INFO - Processing /home/airflow/.local/lib/python3.8/site-packages/airflow/example_dags/example_sla_dag.py took 0.057 seconds
[2024-07-18T23:50:16.314+0000] {processor.py:161} INFO - Started process (PID=407) to work on /home/airflow/.local/lib/python3.8/site-packages/airflow/example_dags/example_sla_dag.py
[2024-07-18T23:50:16.315+0000] {processor.py:830} INFO - Processing file /home/airflow/.local/lib/python3.8/site-packages/airflow/example_dags/example_sla_dag.py for tasks to queue
[2024-07-18T23:50:16.316+0000] {logging_mixin.py:188} INFO - [2024-07-18T23:50:16.316+0000] {dagbag.py:540} INFO - Filling up the DagBag from /home/airflow/.local/lib/python3.8/site-packages/airflow/example_dags/example_sla_dag.py
[2024-07-18T23:50:16.322+0000] {processor.py:840} INFO - DAG(s) 'example_sla_dag' retrieved from /home/airflow/.local/lib/python3.8/site-packages/airflow/example_dags/example_sla_dag.py
[2024-07-18T23:50:16.337+0000] {logging_mixin.py:188} INFO - [2024-07-18T23:50:16.337+0000] {dag.py:3047} INFO - Sync 1 DAGs
[2024-07-18T23:50:16.355+0000] {logging_mixin.py:188} INFO - [2024-07-18T23:50:16.355+0000] {dag.py:3834} INFO - Setting next_dagrun for example_sla_dag to 2024-07-18 23:48:00+00:00, run_after=2024-07-18 23:50:00+00:00
[2024-07-18T23:50:16.369+0000] {processor.py:183} INFO - Processing /home/airflow/.local/lib/python3.8/site-packages/airflow/example_dags/example_sla_dag.py took 0.057 seconds
[2024-07-18T23:50:46.508+0000] {processor.py:161} INFO - Started process (PID=463) to work on /home/airflow/.local/lib/python3.8/site-packages/airflow/example_dags/example_sla_dag.py
[2024-07-18T23:50:46.509+0000] {processor.py:830} INFO - Processing file /home/airflow/.local/lib/python3.8/site-packages/airflow/example_dags/example_sla_dag.py for tasks to queue
[2024-07-18T23:50:46.510+0000] {logging_mixin.py:188} INFO - [2024-07-18T23:50:46.510+0000] {dagbag.py:540} INFO - Filling up the DagBag from /home/airflow/.local/lib/python3.8/site-packages/airflow/example_dags/example_sla_dag.py
[2024-07-18T23:50:46.516+0000] {processor.py:840} INFO - DAG(s) 'example_sla_dag' retrieved from /home/airflow/.local/lib/python3.8/site-packages/airflow/example_dags/example_sla_dag.py
[2024-07-18T23:50:46.531+0000] {logging_mixin.py:188} INFO - [2024-07-18T23:50:46.531+0000] {dag.py:3047} INFO - Sync 1 DAGs
[2024-07-18T23:50:46.550+0000] {logging_mixin.py:188} INFO - [2024-07-18T23:50:46.550+0000] {dag.py:3834} INFO - Setting next_dagrun for example_sla_dag to 2024-07-18 23:48:00+00:00, run_after=2024-07-18 23:50:00+00:00
[2024-07-18T23:50:46.564+0000] {processor.py:183} INFO - Processing /home/airflow/.local/lib/python3.8/site-packages/airflow/example_dags/example_sla_dag.py took 0.059 seconds
[2024-07-18T23:51:16.758+0000] {processor.py:161} INFO - Started process (PID=519) to work on /home/airflow/.local/lib/python3.8/site-packages/airflow/example_dags/example_sla_dag.py
[2024-07-18T23:51:16.759+0000] {processor.py:830} INFO - Processing file /home/airflow/.local/lib/python3.8/site-packages/airflow/example_dags/example_sla_dag.py for tasks to queue
[2024-07-18T23:51:16.761+0000] {logging_mixin.py:188} INFO - [2024-07-18T23:51:16.761+0000] {dagbag.py:540} INFO - Filling up the DagBag from /home/airflow/.local/lib/python3.8/site-packages/airflow/example_dags/example_sla_dag.py
[2024-07-18T23:51:16.767+0000] {processor.py:840} INFO - DAG(s) 'example_sla_dag' retrieved from /home/airflow/.local/lib/python3.8/site-packages/airflow/example_dags/example_sla_dag.py
[2024-07-18T23:51:16.782+0000] {logging_mixin.py:188} INFO - [2024-07-18T23:51:16.781+0000] {dag.py:3047} INFO - Sync 1 DAGs
[2024-07-18T23:51:16.800+0000] {logging_mixin.py:188} INFO - [2024-07-18T23:51:16.800+0000] {dag.py:3834} INFO - Setting next_dagrun for example_sla_dag to 2024-07-18 23:48:00+00:00, run_after=2024-07-18 23:50:00+00:00
[2024-07-18T23:51:16.815+0000] {processor.py:183} INFO - Processing /home/airflow/.local/lib/python3.8/site-packages/airflow/example_dags/example_sla_dag.py took 0.059 seconds
[2024-07-18T23:51:47.803+0000] {processor.py:161} INFO - Started process (PID=575) to work on /home/airflow/.local/lib/python3.8/site-packages/airflow/example_dags/example_sla_dag.py
[2024-07-18T23:51:47.804+0000] {processor.py:830} INFO - Processing file /home/airflow/.local/lib/python3.8/site-packages/airflow/example_dags/example_sla_dag.py for tasks to queue
[2024-07-18T23:51:47.805+0000] {logging_mixin.py:188} INFO - [2024-07-18T23:51:47.805+0000] {dagbag.py:540} INFO - Filling up the DagBag from /home/airflow/.local/lib/python3.8/site-packages/airflow/example_dags/example_sla_dag.py
[2024-07-18T23:51:47.812+0000] {processor.py:840} INFO - DAG(s) 'example_sla_dag' retrieved from /home/airflow/.local/lib/python3.8/site-packages/airflow/example_dags/example_sla_dag.py
[2024-07-18T23:51:47.828+0000] {logging_mixin.py:188} INFO - [2024-07-18T23:51:47.827+0000] {dag.py:3047} INFO - Sync 1 DAGs
[2024-07-18T23:51:47.848+0000] {logging_mixin.py:188} INFO - [2024-07-18T23:51:47.848+0000] {dag.py:3834} INFO - Setting next_dagrun for example_sla_dag to 2024-07-18 23:48:00+00:00, run_after=2024-07-18 23:50:00+00:00
[2024-07-18T23:51:47.865+0000] {processor.py:183} INFO - Processing /home/airflow/.local/lib/python3.8/site-packages/airflow/example_dags/example_sla_dag.py took 0.065 seconds
[2024-07-18T23:52:17.946+0000] {processor.py:161} INFO - Started process (PID=631) to work on /home/airflow/.local/lib/python3.8/site-packages/airflow/example_dags/example_sla_dag.py
[2024-07-18T23:52:17.946+0000] {processor.py:830} INFO - Processing file /home/airflow/.local/lib/python3.8/site-packages/airflow/example_dags/example_sla_dag.py for tasks to queue
[2024-07-18T23:52:17.948+0000] {logging_mixin.py:188} INFO - [2024-07-18T23:52:17.947+0000] {dagbag.py:540} INFO - Filling up the DagBag from /home/airflow/.local/lib/python3.8/site-packages/airflow/example_dags/example_sla_dag.py
[2024-07-18T23:52:17.955+0000] {processor.py:840} INFO - DAG(s) 'example_sla_dag' retrieved from /home/airflow/.local/lib/python3.8/site-packages/airflow/example_dags/example_sla_dag.py
[2024-07-18T23:52:17.972+0000] {logging_mixin.py:188} INFO - [2024-07-18T23:52:17.971+0000] {dag.py:3047} INFO - Sync 1 DAGs
[2024-07-18T23:52:17.990+0000] {logging_mixin.py:188} INFO - [2024-07-18T23:52:17.990+0000] {dag.py:3834} INFO - Setting next_dagrun for example_sla_dag to 2024-07-18 23:50:00+00:00, run_after=2024-07-18 23:52:00+00:00
[2024-07-18T23:52:18.006+0000] {processor.py:183} INFO - Processing /home/airflow/.local/lib/python3.8/site-packages/airflow/example_dags/example_sla_dag.py took 0.062 seconds
[2024-07-18T23:52:48.178+0000] {processor.py:161} INFO - Started process (PID=687) to work on /home/airflow/.local/lib/python3.8/site-packages/airflow/example_dags/example_sla_dag.py
[2024-07-18T23:52:48.178+0000] {processor.py:830} INFO - Processing file /home/airflow/.local/lib/python3.8/site-packages/airflow/example_dags/example_sla_dag.py for tasks to queue
[2024-07-18T23:52:48.180+0000] {logging_mixin.py:188} INFO - [2024-07-18T23:52:48.179+0000] {dagbag.py:540} INFO - Filling up the DagBag from /home/airflow/.local/lib/python3.8/site-packages/airflow/example_dags/example_sla_dag.py
[2024-07-18T23:52:48.186+0000] {processor.py:840} INFO - DAG(s) 'example_sla_dag' retrieved from /home/airflow/.local/lib/python3.8/site-packages/airflow/example_dags/example_sla_dag.py
[2024-07-18T23:52:48.201+0000] {logging_mixin.py:188} INFO - [2024-07-18T23:52:48.200+0000] {dag.py:3047} INFO - Sync 1 DAGs
[2024-07-18T23:52:48.220+0000] {logging_mixin.py:188} INFO - [2024-07-18T23:52:48.220+0000] {dag.py:3834} INFO - Setting next_dagrun for example_sla_dag to 2024-07-18 23:50:00+00:00, run_after=2024-07-18 23:52:00+00:00
[2024-07-18T23:52:48.236+0000] {processor.py:183} INFO - Processing /home/airflow/.local/lib/python3.8/site-packages/airflow/example_dags/example_sla_dag.py took 0.060 seconds
[2024-07-18T23:53:18.389+0000] {processor.py:161} INFO - Started process (PID=743) to work on /home/airflow/.local/lib/python3.8/site-packages/airflow/example_dags/example_sla_dag.py
[2024-07-18T23:53:18.390+0000] {processor.py:830} INFO - Processing file /home/airflow/.local/lib/python3.8/site-packages/airflow/example_dags/example_sla_dag.py for tasks to queue
[2024-07-18T23:53:18.391+0000] {logging_mixin.py:188} INFO - [2024-07-18T23:53:18.391+0000] {dagbag.py:540} INFO - Filling up the DagBag from /home/airflow/.local/lib/python3.8/site-packages/airflow/example_dags/example_sla_dag.py
[2024-07-18T23:53:18.397+0000] {processor.py:840} INFO - DAG(s) 'example_sla_dag' retrieved from /home/airflow/.local/lib/python3.8/site-packages/airflow/example_dags/example_sla_dag.py
[2024-07-18T23:53:18.413+0000] {logging_mixin.py:188} INFO - [2024-07-18T23:53:18.413+0000] {dag.py:3047} INFO - Sync 1 DAGs
[2024-07-18T23:53:18.433+0000] {logging_mixin.py:188} INFO - [2024-07-18T23:53:18.433+0000] {dag.py:3834} INFO - Setting next_dagrun for example_sla_dag to 2024-07-18 23:50:00+00:00, run_after=2024-07-18 23:52:00+00:00
[2024-07-18T23:53:18.448+0000] {processor.py:183} INFO - Processing /home/airflow/.local/lib/python3.8/site-packages/airflow/example_dags/example_sla_dag.py took 0.061 seconds
[2024-07-18T23:53:48.581+0000] {processor.py:161} INFO - Started process (PID=799) to work on /home/airflow/.local/lib/python3.8/site-packages/airflow/example_dags/example_sla_dag.py
[2024-07-18T23:53:48.582+0000] {processor.py:830} INFO - Processing file /home/airflow/.local/lib/python3.8/site-packages/airflow/example_dags/example_sla_dag.py for tasks to queue
[2024-07-18T23:53:48.583+0000] {logging_mixin.py:188} INFO - [2024-07-18T23:53:48.583+0000] {dagbag.py:540} INFO - Filling up the DagBag from /home/airflow/.local/lib/python3.8/site-packages/airflow/example_dags/example_sla_dag.py
[2024-07-18T23:53:48.589+0000] {processor.py:840} INFO - DAG(s) 'example_sla_dag' retrieved from /home/airflow/.local/lib/python3.8/site-packages/airflow/example_dags/example_sla_dag.py
[2024-07-18T23:53:48.603+0000] {logging_mixin.py:188} INFO - [2024-07-18T23:53:48.603+0000] {dag.py:3047} INFO - Sync 1 DAGs
[2024-07-18T23:53:48.622+0000] {logging_mixin.py:188} INFO - [2024-07-18T23:53:48.622+0000] {dag.py:3834} INFO - Setting next_dagrun for example_sla_dag to 2024-07-18 23:50:00+00:00, run_after=2024-07-18 23:52:00+00:00
[2024-07-18T23:53:48.637+0000] {processor.py:183} INFO - Processing /home/airflow/.local/lib/python3.8/site-packages/airflow/example_dags/example_sla_dag.py took 0.059 seconds
[2024-07-18T23:54:18.822+0000] {processor.py:161} INFO - Started process (PID=855) to work on /home/airflow/.local/lib/python3.8/site-packages/airflow/example_dags/example_sla_dag.py
[2024-07-18T23:54:18.823+0000] {processor.py:830} INFO - Processing file /home/airflow/.local/lib/python3.8/site-packages/airflow/example_dags/example_sla_dag.py for tasks to queue
[2024-07-18T23:54:18.824+0000] {logging_mixin.py:188} INFO - [2024-07-18T23:54:18.824+0000] {dagbag.py:540} INFO - Filling up the DagBag from /home/airflow/.local/lib/python3.8/site-packages/airflow/example_dags/example_sla_dag.py
[2024-07-18T23:54:18.830+0000] {processor.py:840} INFO - DAG(s) 'example_sla_dag' retrieved from /home/airflow/.local/lib/python3.8/site-packages/airflow/example_dags/example_sla_dag.py
[2024-07-18T23:54:18.845+0000] {logging_mixin.py:188} INFO - [2024-07-18T23:54:18.844+0000] {dag.py:3047} INFO - Sync 1 DAGs
[2024-07-18T23:54:18.865+0000] {logging_mixin.py:188} INFO - [2024-07-18T23:54:18.864+0000] {dag.py:3834} INFO - Setting next_dagrun for example_sla_dag to 2024-07-18 23:52:00+00:00, run_after=2024-07-18 23:54:00+00:00
[2024-07-18T23:54:18.881+0000] {processor.py:183} INFO - Processing /home/airflow/.local/lib/python3.8/site-packages/airflow/example_dags/example_sla_dag.py took 0.062 seconds
[2024-07-18T23:54:49.082+0000] {processor.py:161} INFO - Started process (PID=911) to work on /home/airflow/.local/lib/python3.8/site-packages/airflow/example_dags/example_sla_dag.py
[2024-07-18T23:54:49.083+0000] {processor.py:830} INFO - Processing file /home/airflow/.local/lib/python3.8/site-packages/airflow/example_dags/example_sla_dag.py for tasks to queue
[2024-07-18T23:54:49.084+0000] {logging_mixin.py:188} INFO - [2024-07-18T23:54:49.084+0000] {dagbag.py:540} INFO - Filling up the DagBag from /home/airflow/.local/lib/python3.8/site-packages/airflow/example_dags/example_sla_dag.py
[2024-07-18T23:54:49.092+0000] {processor.py:840} INFO - DAG(s) 'example_sla_dag' retrieved from /home/airflow/.local/lib/python3.8/site-packages/airflow/example_dags/example_sla_dag.py
[2024-07-18T23:54:49.108+0000] {logging_mixin.py:188} INFO - [2024-07-18T23:54:49.107+0000] {dag.py:3047} INFO - Sync 1 DAGs
[2024-07-18T23:54:49.126+0000] {logging_mixin.py:188} INFO - [2024-07-18T23:54:49.126+0000] {dag.py:3834} INFO - Setting next_dagrun for example_sla_dag to 2024-07-18 23:52:00+00:00, run_after=2024-07-18 23:54:00+00:00
[2024-07-18T23:54:49.142+0000] {processor.py:183} INFO - Processing /home/airflow/.local/lib/python3.8/site-packages/airflow/example_dags/example_sla_dag.py took 0.062 seconds
[2024-07-18T23:55:19.391+0000] {processor.py:161} INFO - Started process (PID=968) to work on /home/airflow/.local/lib/python3.8/site-packages/airflow/example_dags/example_sla_dag.py
[2024-07-18T23:55:19.392+0000] {processor.py:830} INFO - Processing file /home/airflow/.local/lib/python3.8/site-packages/airflow/example_dags/example_sla_dag.py for tasks to queue
[2024-07-18T23:55:19.393+0000] {logging_mixin.py:188} INFO - [2024-07-18T23:55:19.393+0000] {dagbag.py:540} INFO - Filling up the DagBag from /home/airflow/.local/lib/python3.8/site-packages/airflow/example_dags/example_sla_dag.py
[2024-07-18T23:55:19.399+0000] {processor.py:840} INFO - DAG(s) 'example_sla_dag' retrieved from /home/airflow/.local/lib/python3.8/site-packages/airflow/example_dags/example_sla_dag.py
[2024-07-18T23:55:19.416+0000] {logging_mixin.py:188} INFO - [2024-07-18T23:55:19.415+0000] {dag.py:3047} INFO - Sync 1 DAGs
[2024-07-18T23:55:19.435+0000] {logging_mixin.py:188} INFO - [2024-07-18T23:55:19.435+0000] {dag.py:3834} INFO - Setting next_dagrun for example_sla_dag to 2024-07-18 23:52:00+00:00, run_after=2024-07-18 23:54:00+00:00
[2024-07-18T23:55:19.451+0000] {processor.py:183} INFO - Processing /home/airflow/.local/lib/python3.8/site-packages/airflow/example_dags/example_sla_dag.py took 0.062 seconds
[2024-07-18T23:55:49.608+0000] {processor.py:161} INFO - Started process (PID=1024) to work on /home/airflow/.local/lib/python3.8/site-packages/airflow/example_dags/example_sla_dag.py
[2024-07-18T23:55:49.610+0000] {processor.py:830} INFO - Processing file /home/airflow/.local/lib/python3.8/site-packages/airflow/example_dags/example_sla_dag.py for tasks to queue
[2024-07-18T23:55:49.611+0000] {logging_mixin.py:188} INFO - [2024-07-18T23:55:49.611+0000] {dagbag.py:540} INFO - Filling up the DagBag from /home/airflow/.local/lib/python3.8/site-packages/airflow/example_dags/example_sla_dag.py
[2024-07-18T23:55:49.617+0000] {processor.py:840} INFO - DAG(s) 'example_sla_dag' retrieved from /home/airflow/.local/lib/python3.8/site-packages/airflow/example_dags/example_sla_dag.py
[2024-07-18T23:55:49.633+0000] {logging_mixin.py:188} INFO - [2024-07-18T23:55:49.632+0000] {dag.py:3047} INFO - Sync 1 DAGs
[2024-07-18T23:55:49.653+0000] {logging_mixin.py:188} INFO - [2024-07-18T23:55:49.653+0000] {dag.py:3834} INFO - Setting next_dagrun for example_sla_dag to 2024-07-18 23:52:00+00:00, run_after=2024-07-18 23:54:00+00:00
[2024-07-18T23:55:49.668+0000] {processor.py:183} INFO - Processing /home/airflow/.local/lib/python3.8/site-packages/airflow/example_dags/example_sla_dag.py took 0.063 seconds
[2024-07-18T23:56:19.854+0000] {processor.py:161} INFO - Started process (PID=1080) to work on /home/airflow/.local/lib/python3.8/site-packages/airflow/example_dags/example_sla_dag.py
[2024-07-18T23:56:19.855+0000] {processor.py:830} INFO - Processing file /home/airflow/.local/lib/python3.8/site-packages/airflow/example_dags/example_sla_dag.py for tasks to queue
[2024-07-18T23:56:19.856+0000] {logging_mixin.py:188} INFO - [2024-07-18T23:56:19.856+0000] {dagbag.py:540} INFO - Filling up the DagBag from /home/airflow/.local/lib/python3.8/site-packages/airflow/example_dags/example_sla_dag.py
[2024-07-18T23:56:19.862+0000] {processor.py:840} INFO - DAG(s) 'example_sla_dag' retrieved from /home/airflow/.local/lib/python3.8/site-packages/airflow/example_dags/example_sla_dag.py
[2024-07-18T23:56:19.876+0000] {logging_mixin.py:188} INFO - [2024-07-18T23:56:19.876+0000] {dag.py:3047} INFO - Sync 1 DAGs
[2024-07-18T23:56:19.895+0000] {logging_mixin.py:188} INFO - [2024-07-18T23:56:19.895+0000] {dag.py:3834} INFO - Setting next_dagrun for example_sla_dag to 2024-07-18 23:54:00+00:00, run_after=2024-07-18 23:56:00+00:00
[2024-07-18T23:56:19.912+0000] {processor.py:183} INFO - Processing /home/airflow/.local/lib/python3.8/site-packages/airflow/example_dags/example_sla_dag.py took 0.060 seconds
[2024-07-18T23:56:50.121+0000] {processor.py:161} INFO - Started process (PID=1136) to work on /home/airflow/.local/lib/python3.8/site-packages/airflow/example_dags/example_sla_dag.py
[2024-07-18T23:56:50.122+0000] {processor.py:830} INFO - Processing file /home/airflow/.local/lib/python3.8/site-packages/airflow/example_dags/example_sla_dag.py for tasks to queue
[2024-07-18T23:56:50.123+0000] {logging_mixin.py:188} INFO - [2024-07-18T23:56:50.123+0000] {dagbag.py:540} INFO - Filling up the DagBag from /home/airflow/.local/lib/python3.8/site-packages/airflow/example_dags/example_sla_dag.py
[2024-07-18T23:56:50.129+0000] {processor.py:840} INFO - DAG(s) 'example_sla_dag' retrieved from /home/airflow/.local/lib/python3.8/site-packages/airflow/example_dags/example_sla_dag.py
[2024-07-18T23:56:50.144+0000] {logging_mixin.py:188} INFO - [2024-07-18T23:56:50.143+0000] {dag.py:3047} INFO - Sync 1 DAGs
[2024-07-18T23:56:50.163+0000] {logging_mixin.py:188} INFO - [2024-07-18T23:56:50.163+0000] {dag.py:3834} INFO - Setting next_dagrun for example_sla_dag to 2024-07-18 23:54:00+00:00, run_after=2024-07-18 23:56:00+00:00
[2024-07-18T23:56:50.179+0000] {processor.py:183} INFO - Processing /home/airflow/.local/lib/python3.8/site-packages/airflow/example_dags/example_sla_dag.py took 0.060 seconds
[2024-07-18T23:57:20.471+0000] {processor.py:161} INFO - Started process (PID=1192) to work on /home/airflow/.local/lib/python3.8/site-packages/airflow/example_dags/example_sla_dag.py
[2024-07-18T23:57:20.472+0000] {processor.py:830} INFO - Processing file /home/airflow/.local/lib/python3.8/site-packages/airflow/example_dags/example_sla_dag.py for tasks to queue
[2024-07-18T23:57:20.473+0000] {logging_mixin.py:188} INFO - [2024-07-18T23:57:20.473+0000] {dagbag.py:540} INFO - Filling up the DagBag from /home/airflow/.local/lib/python3.8/site-packages/airflow/example_dags/example_sla_dag.py
[2024-07-18T23:57:20.479+0000] {processor.py:840} INFO - DAG(s) 'example_sla_dag' retrieved from /home/airflow/.local/lib/python3.8/site-packages/airflow/example_dags/example_sla_dag.py
[2024-07-18T23:57:20.495+0000] {logging_mixin.py:188} INFO - [2024-07-18T23:57:20.495+0000] {dag.py:3047} INFO - Sync 1 DAGs
[2024-07-18T23:57:20.516+0000] {logging_mixin.py:188} INFO - [2024-07-18T23:57:20.516+0000] {dag.py:3834} INFO - Setting next_dagrun for example_sla_dag to 2024-07-18 23:54:00+00:00, run_after=2024-07-18 23:56:00+00:00
[2024-07-18T23:57:20.531+0000] {processor.py:183} INFO - Processing /home/airflow/.local/lib/python3.8/site-packages/airflow/example_dags/example_sla_dag.py took 0.063 seconds
[2024-07-18T23:57:50.766+0000] {processor.py:161} INFO - Started process (PID=1248) to work on /home/airflow/.local/lib/python3.8/site-packages/airflow/example_dags/example_sla_dag.py
[2024-07-18T23:57:50.767+0000] {processor.py:830} INFO - Processing file /home/airflow/.local/lib/python3.8/site-packages/airflow/example_dags/example_sla_dag.py for tasks to queue
[2024-07-18T23:57:50.768+0000] {logging_mixin.py:188} INFO - [2024-07-18T23:57:50.768+0000] {dagbag.py:540} INFO - Filling up the DagBag from /home/airflow/.local/lib/python3.8/site-packages/airflow/example_dags/example_sla_dag.py
[2024-07-18T23:57:50.774+0000] {processor.py:840} INFO - DAG(s) 'example_sla_dag' retrieved from /home/airflow/.local/lib/python3.8/site-packages/airflow/example_dags/example_sla_dag.py
[2024-07-18T23:57:50.789+0000] {logging_mixin.py:188} INFO - [2024-07-18T23:57:50.789+0000] {dag.py:3047} INFO - Sync 1 DAGs
[2024-07-18T23:57:50.808+0000] {logging_mixin.py:188} INFO - [2024-07-18T23:57:50.808+0000] {dag.py:3834} INFO - Setting next_dagrun for example_sla_dag to 2024-07-18 23:54:00+00:00, run_after=2024-07-18 23:56:00+00:00
[2024-07-18T23:57:50.823+0000] {processor.py:183} INFO - Processing /home/airflow/.local/lib/python3.8/site-packages/airflow/example_dags/example_sla_dag.py took 0.059 seconds
[2024-07-18T23:58:20.960+0000] {processor.py:161} INFO - Started process (PID=1304) to work on /home/airflow/.local/lib/python3.8/site-packages/airflow/example_dags/example_sla_dag.py
[2024-07-18T23:58:20.961+0000] {processor.py:830} INFO - Processing file /home/airflow/.local/lib/python3.8/site-packages/airflow/example_dags/example_sla_dag.py for tasks to queue
[2024-07-18T23:58:20.962+0000] {logging_mixin.py:188} INFO - [2024-07-18T23:58:20.962+0000] {dagbag.py:540} INFO - Filling up the DagBag from /home/airflow/.local/lib/python3.8/site-packages/airflow/example_dags/example_sla_dag.py
[2024-07-18T23:58:20.969+0000] {processor.py:840} INFO - DAG(s) 'example_sla_dag' retrieved from /home/airflow/.local/lib/python3.8/site-packages/airflow/example_dags/example_sla_dag.py
[2024-07-18T23:58:20.984+0000] {logging_mixin.py:188} INFO - [2024-07-18T23:58:20.984+0000] {dag.py:3047} INFO - Sync 1 DAGs
[2024-07-18T23:58:21.004+0000] {logging_mixin.py:188} INFO - [2024-07-18T23:58:21.004+0000] {dag.py:3834} INFO - Setting next_dagrun for example_sla_dag to 2024-07-18 23:56:00+00:00, run_after=2024-07-18 23:58:00+00:00
[2024-07-18T23:58:21.019+0000] {processor.py:183} INFO - Processing /home/airflow/.local/lib/python3.8/site-packages/airflow/example_dags/example_sla_dag.py took 0.061 seconds
[2024-07-18T23:58:51.179+0000] {processor.py:161} INFO - Started process (PID=1360) to work on /home/airflow/.local/lib/python3.8/site-packages/airflow/example_dags/example_sla_dag.py
[2024-07-18T23:58:51.179+0000] {processor.py:830} INFO - Processing file /home/airflow/.local/lib/python3.8/site-packages/airflow/example_dags/example_sla_dag.py for tasks to queue
[2024-07-18T23:58:51.181+0000] {logging_mixin.py:188} INFO - [2024-07-18T23:58:51.180+0000] {dagbag.py:540} INFO - Filling up the DagBag from /home/airflow/.local/lib/python3.8/site-packages/airflow/example_dags/example_sla_dag.py
[2024-07-18T23:58:51.187+0000] {processor.py:840} INFO - DAG(s) 'example_sla_dag' retrieved from /home/airflow/.local/lib/python3.8/site-packages/airflow/example_dags/example_sla_dag.py
[2024-07-18T23:58:51.201+0000] {logging_mixin.py:188} INFO - [2024-07-18T23:58:51.201+0000] {dag.py:3047} INFO - Sync 1 DAGs
[2024-07-18T23:58:51.220+0000] {logging_mixin.py:188} INFO - [2024-07-18T23:58:51.220+0000] {dag.py:3834} INFO - Setting next_dagrun for example_sla_dag to 2024-07-18 23:56:00+00:00, run_after=2024-07-18 23:58:00+00:00
[2024-07-18T23:58:51.234+0000] {processor.py:183} INFO - Processing /home/airflow/.local/lib/python3.8/site-packages/airflow/example_dags/example_sla_dag.py took 0.058 seconds
[2024-07-18T23:59:21.402+0000] {processor.py:161} INFO - Started process (PID=1416) to work on /home/airflow/.local/lib/python3.8/site-packages/airflow/example_dags/example_sla_dag.py
[2024-07-18T23:59:21.403+0000] {processor.py:830} INFO - Processing file /home/airflow/.local/lib/python3.8/site-packages/airflow/example_dags/example_sla_dag.py for tasks to queue
[2024-07-18T23:59:21.404+0000] {logging_mixin.py:188} INFO - [2024-07-18T23:59:21.404+0000] {dagbag.py:540} INFO - Filling up the DagBag from /home/airflow/.local/lib/python3.8/site-packages/airflow/example_dags/example_sla_dag.py
[2024-07-18T23:59:21.410+0000] {processor.py:840} INFO - DAG(s) 'example_sla_dag' retrieved from /home/airflow/.local/lib/python3.8/site-packages/airflow/example_dags/example_sla_dag.py
[2024-07-18T23:59:21.424+0000] {logging_mixin.py:188} INFO - [2024-07-18T23:59:21.424+0000] {dag.py:3047} INFO - Sync 1 DAGs
[2024-07-18T23:59:21.442+0000] {logging_mixin.py:188} INFO - [2024-07-18T23:59:21.442+0000] {dag.py:3834} INFO - Setting next_dagrun for example_sla_dag to 2024-07-18 23:56:00+00:00, run_after=2024-07-18 23:58:00+00:00
[2024-07-18T23:59:21.456+0000] {processor.py:183} INFO - Processing /home/airflow/.local/lib/python3.8/site-packages/airflow/example_dags/example_sla_dag.py took 0.056 seconds
[2024-07-18T23:59:51.554+0000] {processor.py:161} INFO - Started process (PID=1472) to work on /home/airflow/.local/lib/python3.8/site-packages/airflow/example_dags/example_sla_dag.py
[2024-07-18T23:59:51.555+0000] {processor.py:830} INFO - Processing file /home/airflow/.local/lib/python3.8/site-packages/airflow/example_dags/example_sla_dag.py for tasks to queue
[2024-07-18T23:59:51.556+0000] {logging_mixin.py:188} INFO - [2024-07-18T23:59:51.556+0000] {dagbag.py:540} INFO - Filling up the DagBag from /home/airflow/.local/lib/python3.8/site-packages/airflow/example_dags/example_sla_dag.py
[2024-07-18T23:59:51.562+0000] {processor.py:840} INFO - DAG(s) 'example_sla_dag' retrieved from /home/airflow/.local/lib/python3.8/site-packages/airflow/example_dags/example_sla_dag.py
[2024-07-18T23:59:51.577+0000] {logging_mixin.py:188} INFO - [2024-07-18T23:59:51.576+0000] {dag.py:3047} INFO - Sync 1 DAGs
[2024-07-18T23:59:51.596+0000] {logging_mixin.py:188} INFO - [2024-07-18T23:59:51.595+0000] {dag.py:3834} INFO - Setting next_dagrun for example_sla_dag to 2024-07-18 23:56:00+00:00, run_after=2024-07-18 23:58:00+00:00
[2024-07-18T23:59:51.613+0000] {processor.py:183} INFO - Processing /home/airflow/.local/lib/python3.8/site-packages/airflow/example_dags/example_sla_dag.py took 0.062 seconds
