[2024-07-18T23:40:54.162+0000] {processor.py:161} INFO - Started process (PID=74) to work on /home/airflow/.local/lib/python3.8/site-packages/airflow/example_dags/example_time_delta_sensor_async.py
[2024-07-18T23:40:54.163+0000] {processor.py:830} INFO - Processing file /home/airflow/.local/lib/python3.8/site-packages/airflow/example_dags/example_time_delta_sensor_async.py for tasks to queue
[2024-07-18T23:40:54.164+0000] {logging_mixin.py:188} INFO - [2024-07-18T23:40:54.164+0000] {dagbag.py:540} INFO - Filling up the DagBag from /home/airflow/.local/lib/python3.8/site-packages/airflow/example_dags/example_time_delta_sensor_async.py
[2024-07-18T23:40:54.169+0000] {processor.py:840} INFO - DAG(s) 'example_time_delta_sensor_async' retrieved from /home/airflow/.local/lib/python3.8/site-packages/airflow/example_dags/example_time_delta_sensor_async.py
[2024-07-18T23:40:54.179+0000] {logging_mixin.py:188} INFO - [2024-07-18T23:40:54.179+0000] {dag.py:3047} INFO - Sync 1 DAGs
[2024-07-18T23:40:54.190+0000] {logging_mixin.py:188} INFO - [2024-07-18T23:40:54.190+0000] {dag.py:3834} INFO - Setting next_dagrun for example_time_delta_sensor_async to None, run_after=None
[2024-07-18T23:40:54.210+0000] {processor.py:183} INFO - Processing /home/airflow/.local/lib/python3.8/site-packages/airflow/example_dags/example_time_delta_sensor_async.py took 0.051 seconds
[2024-07-18T23:41:25.429+0000] {processor.py:161} INFO - Started process (PID=130) to work on /home/airflow/.local/lib/python3.8/site-packages/airflow/example_dags/example_time_delta_sensor_async.py
[2024-07-18T23:41:25.431+0000] {processor.py:830} INFO - Processing file /home/airflow/.local/lib/python3.8/site-packages/airflow/example_dags/example_time_delta_sensor_async.py for tasks to queue
[2024-07-18T23:41:25.433+0000] {logging_mixin.py:188} INFO - [2024-07-18T23:41:25.433+0000] {dagbag.py:540} INFO - Filling up the DagBag from /home/airflow/.local/lib/python3.8/site-packages/airflow/example_dags/example_time_delta_sensor_async.py
[2024-07-18T23:41:25.436+0000] {processor.py:840} INFO - DAG(s) 'example_time_delta_sensor_async' retrieved from /home/airflow/.local/lib/python3.8/site-packages/airflow/example_dags/example_time_delta_sensor_async.py
[2024-07-18T23:41:25.514+0000] {logging_mixin.py:188} INFO - [2024-07-18T23:41:25.513+0000] {dag.py:3047} INFO - Sync 1 DAGs
[2024-07-18T23:41:25.523+0000] {logging_mixin.py:188} INFO - [2024-07-18T23:41:25.523+0000] {dag.py:3834} INFO - Setting next_dagrun for example_time_delta_sensor_async to None, run_after=None
[2024-07-18T23:41:25.541+0000] {processor.py:183} INFO - Processing /home/airflow/.local/lib/python3.8/site-packages/airflow/example_dags/example_time_delta_sensor_async.py took 0.114 seconds
[2024-07-18T23:41:56.092+0000] {processor.py:161} INFO - Started process (PID=186) to work on /home/airflow/.local/lib/python3.8/site-packages/airflow/example_dags/example_time_delta_sensor_async.py
[2024-07-18T23:41:56.092+0000] {processor.py:830} INFO - Processing file /home/airflow/.local/lib/python3.8/site-packages/airflow/example_dags/example_time_delta_sensor_async.py for tasks to queue
[2024-07-18T23:41:56.093+0000] {logging_mixin.py:188} INFO - [2024-07-18T23:41:56.093+0000] {dagbag.py:540} INFO - Filling up the DagBag from /home/airflow/.local/lib/python3.8/site-packages/airflow/example_dags/example_time_delta_sensor_async.py
[2024-07-18T23:41:56.096+0000] {processor.py:840} INFO - DAG(s) 'example_time_delta_sensor_async' retrieved from /home/airflow/.local/lib/python3.8/site-packages/airflow/example_dags/example_time_delta_sensor_async.py
[2024-07-18T23:41:56.111+0000] {logging_mixin.py:188} INFO - [2024-07-18T23:41:56.111+0000] {dag.py:3047} INFO - Sync 1 DAGs
[2024-07-18T23:41:56.121+0000] {logging_mixin.py:188} INFO - [2024-07-18T23:41:56.120+0000] {dag.py:3834} INFO - Setting next_dagrun for example_time_delta_sensor_async to None, run_after=None
[2024-07-18T23:41:56.134+0000] {processor.py:183} INFO - Processing /home/airflow/.local/lib/python3.8/site-packages/airflow/example_dags/example_time_delta_sensor_async.py took 0.044 seconds
[2024-07-18T23:42:26.238+0000] {processor.py:161} INFO - Started process (PID=243) to work on /home/airflow/.local/lib/python3.8/site-packages/airflow/example_dags/example_time_delta_sensor_async.py
[2024-07-18T23:42:26.239+0000] {processor.py:830} INFO - Processing file /home/airflow/.local/lib/python3.8/site-packages/airflow/example_dags/example_time_delta_sensor_async.py for tasks to queue
[2024-07-18T23:42:26.240+0000] {logging_mixin.py:188} INFO - [2024-07-18T23:42:26.240+0000] {dagbag.py:540} INFO - Filling up the DagBag from /home/airflow/.local/lib/python3.8/site-packages/airflow/example_dags/example_time_delta_sensor_async.py
[2024-07-18T23:42:26.243+0000] {processor.py:840} INFO - DAG(s) 'example_time_delta_sensor_async' retrieved from /home/airflow/.local/lib/python3.8/site-packages/airflow/example_dags/example_time_delta_sensor_async.py
[2024-07-18T23:42:26.258+0000] {logging_mixin.py:188} INFO - [2024-07-18T23:42:26.257+0000] {dag.py:3047} INFO - Sync 1 DAGs
[2024-07-18T23:42:26.267+0000] {logging_mixin.py:188} INFO - [2024-07-18T23:42:26.267+0000] {dag.py:3834} INFO - Setting next_dagrun for example_time_delta_sensor_async to None, run_after=None
[2024-07-18T23:42:26.281+0000] {processor.py:183} INFO - Processing /home/airflow/.local/lib/python3.8/site-packages/airflow/example_dags/example_time_delta_sensor_async.py took 0.045 seconds
[2024-07-18T23:42:56.544+0000] {processor.py:161} INFO - Started process (PID=299) to work on /home/airflow/.local/lib/python3.8/site-packages/airflow/example_dags/example_time_delta_sensor_async.py
[2024-07-18T23:42:56.544+0000] {processor.py:830} INFO - Processing file /home/airflow/.local/lib/python3.8/site-packages/airflow/example_dags/example_time_delta_sensor_async.py for tasks to queue
[2024-07-18T23:42:56.546+0000] {logging_mixin.py:188} INFO - [2024-07-18T23:42:56.545+0000] {dagbag.py:540} INFO - Filling up the DagBag from /home/airflow/.local/lib/python3.8/site-packages/airflow/example_dags/example_time_delta_sensor_async.py
[2024-07-18T23:42:56.548+0000] {processor.py:840} INFO - DAG(s) 'example_time_delta_sensor_async' retrieved from /home/airflow/.local/lib/python3.8/site-packages/airflow/example_dags/example_time_delta_sensor_async.py
[2024-07-18T23:42:56.563+0000] {logging_mixin.py:188} INFO - [2024-07-18T23:42:56.563+0000] {dag.py:3047} INFO - Sync 1 DAGs
[2024-07-18T23:42:56.572+0000] {logging_mixin.py:188} INFO - [2024-07-18T23:42:56.572+0000] {dag.py:3834} INFO - Setting next_dagrun for example_time_delta_sensor_async to None, run_after=None
[2024-07-18T23:42:56.588+0000] {processor.py:183} INFO - Processing /home/airflow/.local/lib/python3.8/site-packages/airflow/example_dags/example_time_delta_sensor_async.py took 0.046 seconds
[2024-07-18T23:43:26.664+0000] {processor.py:161} INFO - Started process (PID=355) to work on /home/airflow/.local/lib/python3.8/site-packages/airflow/example_dags/example_time_delta_sensor_async.py
[2024-07-18T23:43:26.665+0000] {processor.py:830} INFO - Processing file /home/airflow/.local/lib/python3.8/site-packages/airflow/example_dags/example_time_delta_sensor_async.py for tasks to queue
[2024-07-18T23:43:26.666+0000] {logging_mixin.py:188} INFO - [2024-07-18T23:43:26.666+0000] {dagbag.py:540} INFO - Filling up the DagBag from /home/airflow/.local/lib/python3.8/site-packages/airflow/example_dags/example_time_delta_sensor_async.py
[2024-07-18T23:43:26.670+0000] {processor.py:840} INFO - DAG(s) 'example_time_delta_sensor_async' retrieved from /home/airflow/.local/lib/python3.8/site-packages/airflow/example_dags/example_time_delta_sensor_async.py
[2024-07-18T23:43:26.686+0000] {logging_mixin.py:188} INFO - [2024-07-18T23:43:26.685+0000] {dag.py:3047} INFO - Sync 1 DAGs
[2024-07-18T23:43:26.695+0000] {logging_mixin.py:188} INFO - [2024-07-18T23:43:26.695+0000] {dag.py:3834} INFO - Setting next_dagrun for example_time_delta_sensor_async to None, run_after=None
[2024-07-18T23:43:26.709+0000] {processor.py:183} INFO - Processing /home/airflow/.local/lib/python3.8/site-packages/airflow/example_dags/example_time_delta_sensor_async.py took 0.049 seconds
[2024-07-18T23:43:56.838+0000] {processor.py:161} INFO - Started process (PID=411) to work on /home/airflow/.local/lib/python3.8/site-packages/airflow/example_dags/example_time_delta_sensor_async.py
[2024-07-18T23:43:56.839+0000] {processor.py:830} INFO - Processing file /home/airflow/.local/lib/python3.8/site-packages/airflow/example_dags/example_time_delta_sensor_async.py for tasks to queue
[2024-07-18T23:43:56.840+0000] {logging_mixin.py:188} INFO - [2024-07-18T23:43:56.840+0000] {dagbag.py:540} INFO - Filling up the DagBag from /home/airflow/.local/lib/python3.8/site-packages/airflow/example_dags/example_time_delta_sensor_async.py
[2024-07-18T23:43:56.843+0000] {processor.py:840} INFO - DAG(s) 'example_time_delta_sensor_async' retrieved from /home/airflow/.local/lib/python3.8/site-packages/airflow/example_dags/example_time_delta_sensor_async.py
[2024-07-18T23:43:56.859+0000] {logging_mixin.py:188} INFO - [2024-07-18T23:43:56.858+0000] {dag.py:3047} INFO - Sync 1 DAGs
[2024-07-18T23:43:56.868+0000] {logging_mixin.py:188} INFO - [2024-07-18T23:43:56.868+0000] {dag.py:3834} INFO - Setting next_dagrun for example_time_delta_sensor_async to None, run_after=None
[2024-07-18T23:43:56.882+0000] {processor.py:183} INFO - Processing /home/airflow/.local/lib/python3.8/site-packages/airflow/example_dags/example_time_delta_sensor_async.py took 0.047 seconds
[2024-07-18T23:44:27.013+0000] {processor.py:161} INFO - Started process (PID=467) to work on /home/airflow/.local/lib/python3.8/site-packages/airflow/example_dags/example_time_delta_sensor_async.py
[2024-07-18T23:44:27.014+0000] {processor.py:830} INFO - Processing file /home/airflow/.local/lib/python3.8/site-packages/airflow/example_dags/example_time_delta_sensor_async.py for tasks to queue
[2024-07-18T23:44:27.015+0000] {logging_mixin.py:188} INFO - [2024-07-18T23:44:27.015+0000] {dagbag.py:540} INFO - Filling up the DagBag from /home/airflow/.local/lib/python3.8/site-packages/airflow/example_dags/example_time_delta_sensor_async.py
[2024-07-18T23:44:27.018+0000] {processor.py:840} INFO - DAG(s) 'example_time_delta_sensor_async' retrieved from /home/airflow/.local/lib/python3.8/site-packages/airflow/example_dags/example_time_delta_sensor_async.py
[2024-07-18T23:44:27.034+0000] {logging_mixin.py:188} INFO - [2024-07-18T23:44:27.033+0000] {dag.py:3047} INFO - Sync 1 DAGs
[2024-07-18T23:44:27.043+0000] {logging_mixin.py:188} INFO - [2024-07-18T23:44:27.043+0000] {dag.py:3834} INFO - Setting next_dagrun for example_time_delta_sensor_async to None, run_after=None
[2024-07-18T23:44:27.059+0000] {processor.py:183} INFO - Processing /home/airflow/.local/lib/python3.8/site-packages/airflow/example_dags/example_time_delta_sensor_async.py took 0.048 seconds
[2024-07-18T23:44:57.401+0000] {processor.py:161} INFO - Started process (PID=523) to work on /home/airflow/.local/lib/python3.8/site-packages/airflow/example_dags/example_time_delta_sensor_async.py
[2024-07-18T23:44:57.401+0000] {processor.py:830} INFO - Processing file /home/airflow/.local/lib/python3.8/site-packages/airflow/example_dags/example_time_delta_sensor_async.py for tasks to queue
[2024-07-18T23:44:57.403+0000] {logging_mixin.py:188} INFO - [2024-07-18T23:44:57.402+0000] {dagbag.py:540} INFO - Filling up the DagBag from /home/airflow/.local/lib/python3.8/site-packages/airflow/example_dags/example_time_delta_sensor_async.py
[2024-07-18T23:44:57.407+0000] {processor.py:840} INFO - DAG(s) 'example_time_delta_sensor_async' retrieved from /home/airflow/.local/lib/python3.8/site-packages/airflow/example_dags/example_time_delta_sensor_async.py
[2024-07-18T23:44:57.425+0000] {logging_mixin.py:188} INFO - [2024-07-18T23:44:57.424+0000] {dag.py:3047} INFO - Sync 1 DAGs
[2024-07-18T23:44:57.435+0000] {logging_mixin.py:188} INFO - [2024-07-18T23:44:57.435+0000] {dag.py:3834} INFO - Setting next_dagrun for example_time_delta_sensor_async to None, run_after=None
[2024-07-18T23:44:57.453+0000] {processor.py:183} INFO - Processing /home/airflow/.local/lib/python3.8/site-packages/airflow/example_dags/example_time_delta_sensor_async.py took 0.055 seconds
[2024-07-18T23:45:27.607+0000] {processor.py:161} INFO - Started process (PID=579) to work on /home/airflow/.local/lib/python3.8/site-packages/airflow/example_dags/example_time_delta_sensor_async.py
[2024-07-18T23:45:27.608+0000] {processor.py:830} INFO - Processing file /home/airflow/.local/lib/python3.8/site-packages/airflow/example_dags/example_time_delta_sensor_async.py for tasks to queue
[2024-07-18T23:45:27.610+0000] {logging_mixin.py:188} INFO - [2024-07-18T23:45:27.610+0000] {dagbag.py:540} INFO - Filling up the DagBag from /home/airflow/.local/lib/python3.8/site-packages/airflow/example_dags/example_time_delta_sensor_async.py
[2024-07-18T23:45:27.614+0000] {processor.py:840} INFO - DAG(s) 'example_time_delta_sensor_async' retrieved from /home/airflow/.local/lib/python3.8/site-packages/airflow/example_dags/example_time_delta_sensor_async.py
[2024-07-18T23:45:27.634+0000] {logging_mixin.py:188} INFO - [2024-07-18T23:45:27.633+0000] {dag.py:3047} INFO - Sync 1 DAGs
[2024-07-18T23:45:27.649+0000] {logging_mixin.py:188} INFO - [2024-07-18T23:45:27.649+0000] {dag.py:3834} INFO - Setting next_dagrun for example_time_delta_sensor_async to None, run_after=None
[2024-07-18T23:45:27.670+0000] {processor.py:183} INFO - Processing /home/airflow/.local/lib/python3.8/site-packages/airflow/example_dags/example_time_delta_sensor_async.py took 0.066 seconds
[2024-07-18T23:47:14.647+0000] {processor.py:161} INFO - Started process (PID=74) to work on /home/airflow/.local/lib/python3.8/site-packages/airflow/example_dags/example_time_delta_sensor_async.py
[2024-07-18T23:47:14.648+0000] {processor.py:830} INFO - Processing file /home/airflow/.local/lib/python3.8/site-packages/airflow/example_dags/example_time_delta_sensor_async.py for tasks to queue
[2024-07-18T23:47:14.650+0000] {logging_mixin.py:188} INFO - [2024-07-18T23:47:14.650+0000] {dagbag.py:540} INFO - Filling up the DagBag from /home/airflow/.local/lib/python3.8/site-packages/airflow/example_dags/example_time_delta_sensor_async.py
[2024-07-18T23:47:14.657+0000] {processor.py:840} INFO - DAG(s) 'example_time_delta_sensor_async' retrieved from /home/airflow/.local/lib/python3.8/site-packages/airflow/example_dags/example_time_delta_sensor_async.py
[2024-07-18T23:47:14.668+0000] {logging_mixin.py:188} INFO - [2024-07-18T23:47:14.668+0000] {dag.py:3047} INFO - Sync 1 DAGs
[2024-07-18T23:47:14.680+0000] {logging_mixin.py:188} INFO - [2024-07-18T23:47:14.679+0000] {dag.py:3834} INFO - Setting next_dagrun for example_time_delta_sensor_async to None, run_after=None
[2024-07-18T23:47:14.700+0000] {processor.py:183} INFO - Processing /home/airflow/.local/lib/python3.8/site-packages/airflow/example_dags/example_time_delta_sensor_async.py took 0.055 seconds
[2024-07-18T23:47:45.584+0000] {processor.py:161} INFO - Started process (PID=130) to work on /home/airflow/.local/lib/python3.8/site-packages/airflow/example_dags/example_time_delta_sensor_async.py
[2024-07-18T23:47:45.585+0000] {processor.py:830} INFO - Processing file /home/airflow/.local/lib/python3.8/site-packages/airflow/example_dags/example_time_delta_sensor_async.py for tasks to queue
[2024-07-18T23:47:45.586+0000] {logging_mixin.py:188} INFO - [2024-07-18T23:47:45.586+0000] {dagbag.py:540} INFO - Filling up the DagBag from /home/airflow/.local/lib/python3.8/site-packages/airflow/example_dags/example_time_delta_sensor_async.py
[2024-07-18T23:47:45.589+0000] {processor.py:840} INFO - DAG(s) 'example_time_delta_sensor_async' retrieved from /home/airflow/.local/lib/python3.8/site-packages/airflow/example_dags/example_time_delta_sensor_async.py
[2024-07-18T23:47:45.667+0000] {logging_mixin.py:188} INFO - [2024-07-18T23:47:45.666+0000] {dag.py:3047} INFO - Sync 1 DAGs
[2024-07-18T23:47:45.675+0000] {logging_mixin.py:188} INFO - [2024-07-18T23:47:45.674+0000] {dag.py:3834} INFO - Setting next_dagrun for example_time_delta_sensor_async to None, run_after=None
[2024-07-18T23:47:45.689+0000] {processor.py:183} INFO - Processing /home/airflow/.local/lib/python3.8/site-packages/airflow/example_dags/example_time_delta_sensor_async.py took 0.107 seconds
[2024-07-18T23:48:15.754+0000] {processor.py:161} INFO - Started process (PID=186) to work on /home/airflow/.local/lib/python3.8/site-packages/airflow/example_dags/example_time_delta_sensor_async.py
[2024-07-18T23:48:15.755+0000] {processor.py:830} INFO - Processing file /home/airflow/.local/lib/python3.8/site-packages/airflow/example_dags/example_time_delta_sensor_async.py for tasks to queue
[2024-07-18T23:48:15.756+0000] {logging_mixin.py:188} INFO - [2024-07-18T23:48:15.756+0000] {dagbag.py:540} INFO - Filling up the DagBag from /home/airflow/.local/lib/python3.8/site-packages/airflow/example_dags/example_time_delta_sensor_async.py
[2024-07-18T23:48:15.760+0000] {processor.py:840} INFO - DAG(s) 'example_time_delta_sensor_async' retrieved from /home/airflow/.local/lib/python3.8/site-packages/airflow/example_dags/example_time_delta_sensor_async.py
[2024-07-18T23:48:15.781+0000] {logging_mixin.py:188} INFO - [2024-07-18T23:48:15.780+0000] {dag.py:3047} INFO - Sync 1 DAGs
[2024-07-18T23:48:15.793+0000] {logging_mixin.py:188} INFO - [2024-07-18T23:48:15.793+0000] {dag.py:3834} INFO - Setting next_dagrun for example_time_delta_sensor_async to None, run_after=None
[2024-07-18T23:48:15.810+0000] {processor.py:183} INFO - Processing /home/airflow/.local/lib/python3.8/site-packages/airflow/example_dags/example_time_delta_sensor_async.py took 0.058 seconds
[2024-07-18T23:48:45.858+0000] {processor.py:161} INFO - Started process (PID=242) to work on /home/airflow/.local/lib/python3.8/site-packages/airflow/example_dags/example_time_delta_sensor_async.py
[2024-07-18T23:48:45.859+0000] {processor.py:830} INFO - Processing file /home/airflow/.local/lib/python3.8/site-packages/airflow/example_dags/example_time_delta_sensor_async.py for tasks to queue
[2024-07-18T23:48:45.860+0000] {logging_mixin.py:188} INFO - [2024-07-18T23:48:45.860+0000] {dagbag.py:540} INFO - Filling up the DagBag from /home/airflow/.local/lib/python3.8/site-packages/airflow/example_dags/example_time_delta_sensor_async.py
[2024-07-18T23:48:45.864+0000] {processor.py:840} INFO - DAG(s) 'example_time_delta_sensor_async' retrieved from /home/airflow/.local/lib/python3.8/site-packages/airflow/example_dags/example_time_delta_sensor_async.py
[2024-07-18T23:48:45.879+0000] {logging_mixin.py:188} INFO - [2024-07-18T23:48:45.878+0000] {dag.py:3047} INFO - Sync 1 DAGs
[2024-07-18T23:48:45.890+0000] {logging_mixin.py:188} INFO - [2024-07-18T23:48:45.889+0000] {dag.py:3834} INFO - Setting next_dagrun for example_time_delta_sensor_async to None, run_after=None
[2024-07-18T23:48:45.903+0000] {processor.py:183} INFO - Processing /home/airflow/.local/lib/python3.8/site-packages/airflow/example_dags/example_time_delta_sensor_async.py took 0.048 seconds
[2024-07-18T23:49:16.061+0000] {processor.py:161} INFO - Started process (PID=298) to work on /home/airflow/.local/lib/python3.8/site-packages/airflow/example_dags/example_time_delta_sensor_async.py
[2024-07-18T23:49:16.062+0000] {processor.py:830} INFO - Processing file /home/airflow/.local/lib/python3.8/site-packages/airflow/example_dags/example_time_delta_sensor_async.py for tasks to queue
[2024-07-18T23:49:16.063+0000] {logging_mixin.py:188} INFO - [2024-07-18T23:49:16.063+0000] {dagbag.py:540} INFO - Filling up the DagBag from /home/airflow/.local/lib/python3.8/site-packages/airflow/example_dags/example_time_delta_sensor_async.py
[2024-07-18T23:49:16.066+0000] {processor.py:840} INFO - DAG(s) 'example_time_delta_sensor_async' retrieved from /home/airflow/.local/lib/python3.8/site-packages/airflow/example_dags/example_time_delta_sensor_async.py
[2024-07-18T23:49:16.082+0000] {logging_mixin.py:188} INFO - [2024-07-18T23:49:16.081+0000] {dag.py:3047} INFO - Sync 1 DAGs
[2024-07-18T23:49:16.092+0000] {logging_mixin.py:188} INFO - [2024-07-18T23:49:16.092+0000] {dag.py:3834} INFO - Setting next_dagrun for example_time_delta_sensor_async to None, run_after=None
[2024-07-18T23:49:16.106+0000] {processor.py:183} INFO - Processing /home/airflow/.local/lib/python3.8/site-packages/airflow/example_dags/example_time_delta_sensor_async.py took 0.048 seconds
[2024-07-18T23:49:46.365+0000] {processor.py:161} INFO - Started process (PID=354) to work on /home/airflow/.local/lib/python3.8/site-packages/airflow/example_dags/example_time_delta_sensor_async.py
[2024-07-18T23:49:46.366+0000] {processor.py:830} INFO - Processing file /home/airflow/.local/lib/python3.8/site-packages/airflow/example_dags/example_time_delta_sensor_async.py for tasks to queue
[2024-07-18T23:49:46.367+0000] {logging_mixin.py:188} INFO - [2024-07-18T23:49:46.366+0000] {dagbag.py:540} INFO - Filling up the DagBag from /home/airflow/.local/lib/python3.8/site-packages/airflow/example_dags/example_time_delta_sensor_async.py
[2024-07-18T23:49:46.370+0000] {processor.py:840} INFO - DAG(s) 'example_time_delta_sensor_async' retrieved from /home/airflow/.local/lib/python3.8/site-packages/airflow/example_dags/example_time_delta_sensor_async.py
[2024-07-18T23:49:46.386+0000] {logging_mixin.py:188} INFO - [2024-07-18T23:49:46.385+0000] {dag.py:3047} INFO - Sync 1 DAGs
[2024-07-18T23:49:46.395+0000] {logging_mixin.py:188} INFO - [2024-07-18T23:49:46.395+0000] {dag.py:3834} INFO - Setting next_dagrun for example_time_delta_sensor_async to None, run_after=None
[2024-07-18T23:49:46.410+0000] {processor.py:183} INFO - Processing /home/airflow/.local/lib/python3.8/site-packages/airflow/example_dags/example_time_delta_sensor_async.py took 0.047 seconds
[2024-07-18T23:50:16.463+0000] {processor.py:161} INFO - Started process (PID=410) to work on /home/airflow/.local/lib/python3.8/site-packages/airflow/example_dags/example_time_delta_sensor_async.py
[2024-07-18T23:50:16.464+0000] {processor.py:830} INFO - Processing file /home/airflow/.local/lib/python3.8/site-packages/airflow/example_dags/example_time_delta_sensor_async.py for tasks to queue
[2024-07-18T23:50:16.465+0000] {logging_mixin.py:188} INFO - [2024-07-18T23:50:16.465+0000] {dagbag.py:540} INFO - Filling up the DagBag from /home/airflow/.local/lib/python3.8/site-packages/airflow/example_dags/example_time_delta_sensor_async.py
[2024-07-18T23:50:16.468+0000] {processor.py:840} INFO - DAG(s) 'example_time_delta_sensor_async' retrieved from /home/airflow/.local/lib/python3.8/site-packages/airflow/example_dags/example_time_delta_sensor_async.py
[2024-07-18T23:50:16.483+0000] {logging_mixin.py:188} INFO - [2024-07-18T23:50:16.483+0000] {dag.py:3047} INFO - Sync 1 DAGs
[2024-07-18T23:50:16.492+0000] {logging_mixin.py:188} INFO - [2024-07-18T23:50:16.492+0000] {dag.py:3834} INFO - Setting next_dagrun for example_time_delta_sensor_async to None, run_after=None
[2024-07-18T23:50:16.506+0000] {processor.py:183} INFO - Processing /home/airflow/.local/lib/python3.8/site-packages/airflow/example_dags/example_time_delta_sensor_async.py took 0.045 seconds
[2024-07-18T23:50:46.619+0000] {processor.py:161} INFO - Started process (PID=466) to work on /home/airflow/.local/lib/python3.8/site-packages/airflow/example_dags/example_time_delta_sensor_async.py
[2024-07-18T23:50:46.620+0000] {processor.py:830} INFO - Processing file /home/airflow/.local/lib/python3.8/site-packages/airflow/example_dags/example_time_delta_sensor_async.py for tasks to queue
[2024-07-18T23:50:46.621+0000] {logging_mixin.py:188} INFO - [2024-07-18T23:50:46.621+0000] {dagbag.py:540} INFO - Filling up the DagBag from /home/airflow/.local/lib/python3.8/site-packages/airflow/example_dags/example_time_delta_sensor_async.py
[2024-07-18T23:50:46.624+0000] {processor.py:840} INFO - DAG(s) 'example_time_delta_sensor_async' retrieved from /home/airflow/.local/lib/python3.8/site-packages/airflow/example_dags/example_time_delta_sensor_async.py
[2024-07-18T23:50:46.640+0000] {logging_mixin.py:188} INFO - [2024-07-18T23:50:46.640+0000] {dag.py:3047} INFO - Sync 1 DAGs
[2024-07-18T23:50:46.650+0000] {logging_mixin.py:188} INFO - [2024-07-18T23:50:46.649+0000] {dag.py:3834} INFO - Setting next_dagrun for example_time_delta_sensor_async to None, run_after=None
[2024-07-18T23:50:46.666+0000] {processor.py:183} INFO - Processing /home/airflow/.local/lib/python3.8/site-packages/airflow/example_dags/example_time_delta_sensor_async.py took 0.049 seconds
[2024-07-18T23:51:16.867+0000] {processor.py:161} INFO - Started process (PID=522) to work on /home/airflow/.local/lib/python3.8/site-packages/airflow/example_dags/example_time_delta_sensor_async.py
[2024-07-18T23:51:16.868+0000] {processor.py:830} INFO - Processing file /home/airflow/.local/lib/python3.8/site-packages/airflow/example_dags/example_time_delta_sensor_async.py for tasks to queue
[2024-07-18T23:51:16.869+0000] {logging_mixin.py:188} INFO - [2024-07-18T23:51:16.869+0000] {dagbag.py:540} INFO - Filling up the DagBag from /home/airflow/.local/lib/python3.8/site-packages/airflow/example_dags/example_time_delta_sensor_async.py
[2024-07-18T23:51:16.872+0000] {processor.py:840} INFO - DAG(s) 'example_time_delta_sensor_async' retrieved from /home/airflow/.local/lib/python3.8/site-packages/airflow/example_dags/example_time_delta_sensor_async.py
[2024-07-18T23:51:16.887+0000] {logging_mixin.py:188} INFO - [2024-07-18T23:51:16.887+0000] {dag.py:3047} INFO - Sync 1 DAGs
[2024-07-18T23:51:16.896+0000] {logging_mixin.py:188} INFO - [2024-07-18T23:51:16.896+0000] {dag.py:3834} INFO - Setting next_dagrun for example_time_delta_sensor_async to None, run_after=None
[2024-07-18T23:51:16.915+0000] {processor.py:183} INFO - Processing /home/airflow/.local/lib/python3.8/site-packages/airflow/example_dags/example_time_delta_sensor_async.py took 0.050 seconds
[2024-07-18T23:51:47.914+0000] {processor.py:161} INFO - Started process (PID=578) to work on /home/airflow/.local/lib/python3.8/site-packages/airflow/example_dags/example_time_delta_sensor_async.py
[2024-07-18T23:51:47.915+0000] {processor.py:830} INFO - Processing file /home/airflow/.local/lib/python3.8/site-packages/airflow/example_dags/example_time_delta_sensor_async.py for tasks to queue
[2024-07-18T23:51:47.916+0000] {logging_mixin.py:188} INFO - [2024-07-18T23:51:47.916+0000] {dagbag.py:540} INFO - Filling up the DagBag from /home/airflow/.local/lib/python3.8/site-packages/airflow/example_dags/example_time_delta_sensor_async.py
[2024-07-18T23:51:47.919+0000] {processor.py:840} INFO - DAG(s) 'example_time_delta_sensor_async' retrieved from /home/airflow/.local/lib/python3.8/site-packages/airflow/example_dags/example_time_delta_sensor_async.py
[2024-07-18T23:51:47.935+0000] {logging_mixin.py:188} INFO - [2024-07-18T23:51:47.934+0000] {dag.py:3047} INFO - Sync 1 DAGs
[2024-07-18T23:51:47.947+0000] {logging_mixin.py:188} INFO - [2024-07-18T23:51:47.947+0000] {dag.py:3834} INFO - Setting next_dagrun for example_time_delta_sensor_async to None, run_after=None
[2024-07-18T23:51:47.965+0000] {processor.py:183} INFO - Processing /home/airflow/.local/lib/python3.8/site-packages/airflow/example_dags/example_time_delta_sensor_async.py took 0.053 seconds
[2024-07-18T23:52:18.046+0000] {processor.py:161} INFO - Started process (PID=634) to work on /home/airflow/.local/lib/python3.8/site-packages/airflow/example_dags/example_time_delta_sensor_async.py
[2024-07-18T23:52:18.047+0000] {processor.py:830} INFO - Processing file /home/airflow/.local/lib/python3.8/site-packages/airflow/example_dags/example_time_delta_sensor_async.py for tasks to queue
[2024-07-18T23:52:18.048+0000] {logging_mixin.py:188} INFO - [2024-07-18T23:52:18.048+0000] {dagbag.py:540} INFO - Filling up the DagBag from /home/airflow/.local/lib/python3.8/site-packages/airflow/example_dags/example_time_delta_sensor_async.py
[2024-07-18T23:52:18.053+0000] {processor.py:840} INFO - DAG(s) 'example_time_delta_sensor_async' retrieved from /home/airflow/.local/lib/python3.8/site-packages/airflow/example_dags/example_time_delta_sensor_async.py
[2024-07-18T23:52:18.068+0000] {logging_mixin.py:188} INFO - [2024-07-18T23:52:18.068+0000] {dag.py:3047} INFO - Sync 1 DAGs
[2024-07-18T23:52:18.077+0000] {logging_mixin.py:188} INFO - [2024-07-18T23:52:18.077+0000] {dag.py:3834} INFO - Setting next_dagrun for example_time_delta_sensor_async to None, run_after=None
[2024-07-18T23:52:18.092+0000] {processor.py:183} INFO - Processing /home/airflow/.local/lib/python3.8/site-packages/airflow/example_dags/example_time_delta_sensor_async.py took 0.048 seconds
[2024-07-18T23:52:48.289+0000] {processor.py:161} INFO - Started process (PID=690) to work on /home/airflow/.local/lib/python3.8/site-packages/airflow/example_dags/example_time_delta_sensor_async.py
[2024-07-18T23:52:48.290+0000] {processor.py:830} INFO - Processing file /home/airflow/.local/lib/python3.8/site-packages/airflow/example_dags/example_time_delta_sensor_async.py for tasks to queue
[2024-07-18T23:52:48.292+0000] {logging_mixin.py:188} INFO - [2024-07-18T23:52:48.292+0000] {dagbag.py:540} INFO - Filling up the DagBag from /home/airflow/.local/lib/python3.8/site-packages/airflow/example_dags/example_time_delta_sensor_async.py
[2024-07-18T23:52:48.295+0000] {processor.py:840} INFO - DAG(s) 'example_time_delta_sensor_async' retrieved from /home/airflow/.local/lib/python3.8/site-packages/airflow/example_dags/example_time_delta_sensor_async.py
[2024-07-18T23:52:48.313+0000] {logging_mixin.py:188} INFO - [2024-07-18T23:52:48.313+0000] {dag.py:3047} INFO - Sync 1 DAGs
[2024-07-18T23:52:48.324+0000] {logging_mixin.py:188} INFO - [2024-07-18T23:52:48.323+0000] {dag.py:3834} INFO - Setting next_dagrun for example_time_delta_sensor_async to None, run_after=None
[2024-07-18T23:52:48.340+0000] {processor.py:183} INFO - Processing /home/airflow/.local/lib/python3.8/site-packages/airflow/example_dags/example_time_delta_sensor_async.py took 0.053 seconds
[2024-07-18T23:53:18.511+0000] {processor.py:161} INFO - Started process (PID=746) to work on /home/airflow/.local/lib/python3.8/site-packages/airflow/example_dags/example_time_delta_sensor_async.py
[2024-07-18T23:53:18.512+0000] {processor.py:830} INFO - Processing file /home/airflow/.local/lib/python3.8/site-packages/airflow/example_dags/example_time_delta_sensor_async.py for tasks to queue
[2024-07-18T23:53:18.513+0000] {logging_mixin.py:188} INFO - [2024-07-18T23:53:18.513+0000] {dagbag.py:540} INFO - Filling up the DagBag from /home/airflow/.local/lib/python3.8/site-packages/airflow/example_dags/example_time_delta_sensor_async.py
[2024-07-18T23:53:18.516+0000] {processor.py:840} INFO - DAG(s) 'example_time_delta_sensor_async' retrieved from /home/airflow/.local/lib/python3.8/site-packages/airflow/example_dags/example_time_delta_sensor_async.py
[2024-07-18T23:53:18.531+0000] {logging_mixin.py:188} INFO - [2024-07-18T23:53:18.531+0000] {dag.py:3047} INFO - Sync 1 DAGs
[2024-07-18T23:53:18.541+0000] {logging_mixin.py:188} INFO - [2024-07-18T23:53:18.541+0000] {dag.py:3834} INFO - Setting next_dagrun for example_time_delta_sensor_async to None, run_after=None
[2024-07-18T23:53:18.556+0000] {processor.py:183} INFO - Processing /home/airflow/.local/lib/python3.8/site-packages/airflow/example_dags/example_time_delta_sensor_async.py took 0.047 seconds
[2024-07-18T23:53:48.723+0000] {processor.py:161} INFO - Started process (PID=802) to work on /home/airflow/.local/lib/python3.8/site-packages/airflow/example_dags/example_time_delta_sensor_async.py
[2024-07-18T23:53:48.724+0000] {processor.py:830} INFO - Processing file /home/airflow/.local/lib/python3.8/site-packages/airflow/example_dags/example_time_delta_sensor_async.py for tasks to queue
[2024-07-18T23:53:48.726+0000] {logging_mixin.py:188} INFO - [2024-07-18T23:53:48.725+0000] {dagbag.py:540} INFO - Filling up the DagBag from /home/airflow/.local/lib/python3.8/site-packages/airflow/example_dags/example_time_delta_sensor_async.py
[2024-07-18T23:53:48.729+0000] {processor.py:840} INFO - DAG(s) 'example_time_delta_sensor_async' retrieved from /home/airflow/.local/lib/python3.8/site-packages/airflow/example_dags/example_time_delta_sensor_async.py
[2024-07-18T23:53:48.745+0000] {logging_mixin.py:188} INFO - [2024-07-18T23:53:48.745+0000] {dag.py:3047} INFO - Sync 1 DAGs
[2024-07-18T23:53:48.755+0000] {logging_mixin.py:188} INFO - [2024-07-18T23:53:48.755+0000] {dag.py:3834} INFO - Setting next_dagrun for example_time_delta_sensor_async to None, run_after=None
[2024-07-18T23:53:48.771+0000] {processor.py:183} INFO - Processing /home/airflow/.local/lib/python3.8/site-packages/airflow/example_dags/example_time_delta_sensor_async.py took 0.050 seconds
[2024-07-18T23:54:18.962+0000] {processor.py:161} INFO - Started process (PID=858) to work on /home/airflow/.local/lib/python3.8/site-packages/airflow/example_dags/example_time_delta_sensor_async.py
[2024-07-18T23:54:18.963+0000] {processor.py:830} INFO - Processing file /home/airflow/.local/lib/python3.8/site-packages/airflow/example_dags/example_time_delta_sensor_async.py for tasks to queue
[2024-07-18T23:54:18.965+0000] {logging_mixin.py:188} INFO - [2024-07-18T23:54:18.964+0000] {dagbag.py:540} INFO - Filling up the DagBag from /home/airflow/.local/lib/python3.8/site-packages/airflow/example_dags/example_time_delta_sensor_async.py
[2024-07-18T23:54:18.969+0000] {processor.py:840} INFO - DAG(s) 'example_time_delta_sensor_async' retrieved from /home/airflow/.local/lib/python3.8/site-packages/airflow/example_dags/example_time_delta_sensor_async.py
[2024-07-18T23:54:18.987+0000] {logging_mixin.py:188} INFO - [2024-07-18T23:54:18.986+0000] {dag.py:3047} INFO - Sync 1 DAGs
[2024-07-18T23:54:18.996+0000] {logging_mixin.py:188} INFO - [2024-07-18T23:54:18.996+0000] {dag.py:3834} INFO - Setting next_dagrun for example_time_delta_sensor_async to None, run_after=None
[2024-07-18T23:54:19.014+0000] {processor.py:183} INFO - Processing /home/airflow/.local/lib/python3.8/site-packages/airflow/example_dags/example_time_delta_sensor_async.py took 0.054 seconds
[2024-07-18T23:54:49.221+0000] {processor.py:161} INFO - Started process (PID=914) to work on /home/airflow/.local/lib/python3.8/site-packages/airflow/example_dags/example_time_delta_sensor_async.py
[2024-07-18T23:54:49.224+0000] {processor.py:830} INFO - Processing file /home/airflow/.local/lib/python3.8/site-packages/airflow/example_dags/example_time_delta_sensor_async.py for tasks to queue
[2024-07-18T23:54:49.226+0000] {logging_mixin.py:188} INFO - [2024-07-18T23:54:49.225+0000] {dagbag.py:540} INFO - Filling up the DagBag from /home/airflow/.local/lib/python3.8/site-packages/airflow/example_dags/example_time_delta_sensor_async.py
[2024-07-18T23:54:49.229+0000] {processor.py:840} INFO - DAG(s) 'example_time_delta_sensor_async' retrieved from /home/airflow/.local/lib/python3.8/site-packages/airflow/example_dags/example_time_delta_sensor_async.py
[2024-07-18T23:54:49.244+0000] {logging_mixin.py:188} INFO - [2024-07-18T23:54:49.244+0000] {dag.py:3047} INFO - Sync 1 DAGs
[2024-07-18T23:54:49.253+0000] {logging_mixin.py:188} INFO - [2024-07-18T23:54:49.253+0000] {dag.py:3834} INFO - Setting next_dagrun for example_time_delta_sensor_async to None, run_after=None
[2024-07-18T23:54:49.271+0000] {processor.py:183} INFO - Processing /home/airflow/.local/lib/python3.8/site-packages/airflow/example_dags/example_time_delta_sensor_async.py took 0.052 seconds
[2024-07-18T23:55:19.528+0000] {processor.py:161} INFO - Started process (PID=971) to work on /home/airflow/.local/lib/python3.8/site-packages/airflow/example_dags/example_time_delta_sensor_async.py
[2024-07-18T23:55:19.529+0000] {processor.py:830} INFO - Processing file /home/airflow/.local/lib/python3.8/site-packages/airflow/example_dags/example_time_delta_sensor_async.py for tasks to queue
[2024-07-18T23:55:19.530+0000] {logging_mixin.py:188} INFO - [2024-07-18T23:55:19.530+0000] {dagbag.py:540} INFO - Filling up the DagBag from /home/airflow/.local/lib/python3.8/site-packages/airflow/example_dags/example_time_delta_sensor_async.py
[2024-07-18T23:55:19.533+0000] {processor.py:840} INFO - DAG(s) 'example_time_delta_sensor_async' retrieved from /home/airflow/.local/lib/python3.8/site-packages/airflow/example_dags/example_time_delta_sensor_async.py
[2024-07-18T23:55:19.549+0000] {logging_mixin.py:188} INFO - [2024-07-18T23:55:19.548+0000] {dag.py:3047} INFO - Sync 1 DAGs
[2024-07-18T23:55:19.559+0000] {logging_mixin.py:188} INFO - [2024-07-18T23:55:19.558+0000] {dag.py:3834} INFO - Setting next_dagrun for example_time_delta_sensor_async to None, run_after=None
[2024-07-18T23:55:19.574+0000] {processor.py:183} INFO - Processing /home/airflow/.local/lib/python3.8/site-packages/airflow/example_dags/example_time_delta_sensor_async.py took 0.048 seconds
[2024-07-18T23:55:49.721+0000] {processor.py:161} INFO - Started process (PID=1027) to work on /home/airflow/.local/lib/python3.8/site-packages/airflow/example_dags/example_time_delta_sensor_async.py
[2024-07-18T23:55:49.722+0000] {processor.py:830} INFO - Processing file /home/airflow/.local/lib/python3.8/site-packages/airflow/example_dags/example_time_delta_sensor_async.py for tasks to queue
[2024-07-18T23:55:49.723+0000] {logging_mixin.py:188} INFO - [2024-07-18T23:55:49.723+0000] {dagbag.py:540} INFO - Filling up the DagBag from /home/airflow/.local/lib/python3.8/site-packages/airflow/example_dags/example_time_delta_sensor_async.py
[2024-07-18T23:55:49.727+0000] {processor.py:840} INFO - DAG(s) 'example_time_delta_sensor_async' retrieved from /home/airflow/.local/lib/python3.8/site-packages/airflow/example_dags/example_time_delta_sensor_async.py
[2024-07-18T23:55:49.742+0000] {logging_mixin.py:188} INFO - [2024-07-18T23:55:49.742+0000] {dag.py:3047} INFO - Sync 1 DAGs
[2024-07-18T23:55:49.751+0000] {logging_mixin.py:188} INFO - [2024-07-18T23:55:49.751+0000] {dag.py:3834} INFO - Setting next_dagrun for example_time_delta_sensor_async to None, run_after=None
[2024-07-18T23:55:49.767+0000] {processor.py:183} INFO - Processing /home/airflow/.local/lib/python3.8/site-packages/airflow/example_dags/example_time_delta_sensor_async.py took 0.048 seconds
[2024-07-18T23:56:19.988+0000] {processor.py:161} INFO - Started process (PID=1083) to work on /home/airflow/.local/lib/python3.8/site-packages/airflow/example_dags/example_time_delta_sensor_async.py
[2024-07-18T23:56:19.989+0000] {processor.py:830} INFO - Processing file /home/airflow/.local/lib/python3.8/site-packages/airflow/example_dags/example_time_delta_sensor_async.py for tasks to queue
[2024-07-18T23:56:19.990+0000] {logging_mixin.py:188} INFO - [2024-07-18T23:56:19.990+0000] {dagbag.py:540} INFO - Filling up the DagBag from /home/airflow/.local/lib/python3.8/site-packages/airflow/example_dags/example_time_delta_sensor_async.py
[2024-07-18T23:56:19.993+0000] {processor.py:840} INFO - DAG(s) 'example_time_delta_sensor_async' retrieved from /home/airflow/.local/lib/python3.8/site-packages/airflow/example_dags/example_time_delta_sensor_async.py
[2024-07-18T23:56:20.009+0000] {logging_mixin.py:188} INFO - [2024-07-18T23:56:20.009+0000] {dag.py:3047} INFO - Sync 1 DAGs
[2024-07-18T23:56:20.018+0000] {logging_mixin.py:188} INFO - [2024-07-18T23:56:20.018+0000] {dag.py:3834} INFO - Setting next_dagrun for example_time_delta_sensor_async to None, run_after=None
[2024-07-18T23:56:20.033+0000] {processor.py:183} INFO - Processing /home/airflow/.local/lib/python3.8/site-packages/airflow/example_dags/example_time_delta_sensor_async.py took 0.047 seconds
[2024-07-18T23:56:50.267+0000] {processor.py:161} INFO - Started process (PID=1139) to work on /home/airflow/.local/lib/python3.8/site-packages/airflow/example_dags/example_time_delta_sensor_async.py
[2024-07-18T23:56:50.268+0000] {processor.py:830} INFO - Processing file /home/airflow/.local/lib/python3.8/site-packages/airflow/example_dags/example_time_delta_sensor_async.py for tasks to queue
[2024-07-18T23:56:50.269+0000] {logging_mixin.py:188} INFO - [2024-07-18T23:56:50.269+0000] {dagbag.py:540} INFO - Filling up the DagBag from /home/airflow/.local/lib/python3.8/site-packages/airflow/example_dags/example_time_delta_sensor_async.py
[2024-07-18T23:56:50.272+0000] {processor.py:840} INFO - DAG(s) 'example_time_delta_sensor_async' retrieved from /home/airflow/.local/lib/python3.8/site-packages/airflow/example_dags/example_time_delta_sensor_async.py
[2024-07-18T23:56:50.287+0000] {logging_mixin.py:188} INFO - [2024-07-18T23:56:50.287+0000] {dag.py:3047} INFO - Sync 1 DAGs
[2024-07-18T23:56:50.296+0000] {logging_mixin.py:188} INFO - [2024-07-18T23:56:50.296+0000] {dag.py:3834} INFO - Setting next_dagrun for example_time_delta_sensor_async to None, run_after=None
[2024-07-18T23:56:50.310+0000] {processor.py:183} INFO - Processing /home/airflow/.local/lib/python3.8/site-packages/airflow/example_dags/example_time_delta_sensor_async.py took 0.045 seconds
[2024-07-18T23:57:20.591+0000] {processor.py:161} INFO - Started process (PID=1195) to work on /home/airflow/.local/lib/python3.8/site-packages/airflow/example_dags/example_time_delta_sensor_async.py
[2024-07-18T23:57:20.592+0000] {processor.py:830} INFO - Processing file /home/airflow/.local/lib/python3.8/site-packages/airflow/example_dags/example_time_delta_sensor_async.py for tasks to queue
[2024-07-18T23:57:20.593+0000] {logging_mixin.py:188} INFO - [2024-07-18T23:57:20.593+0000] {dagbag.py:540} INFO - Filling up the DagBag from /home/airflow/.local/lib/python3.8/site-packages/airflow/example_dags/example_time_delta_sensor_async.py
[2024-07-18T23:57:20.596+0000] {processor.py:840} INFO - DAG(s) 'example_time_delta_sensor_async' retrieved from /home/airflow/.local/lib/python3.8/site-packages/airflow/example_dags/example_time_delta_sensor_async.py
[2024-07-18T23:57:20.613+0000] {logging_mixin.py:188} INFO - [2024-07-18T23:57:20.612+0000] {dag.py:3047} INFO - Sync 1 DAGs
[2024-07-18T23:57:20.623+0000] {logging_mixin.py:188} INFO - [2024-07-18T23:57:20.622+0000] {dag.py:3834} INFO - Setting next_dagrun for example_time_delta_sensor_async to None, run_after=None
[2024-07-18T23:57:20.638+0000] {processor.py:183} INFO - Processing /home/airflow/.local/lib/python3.8/site-packages/airflow/example_dags/example_time_delta_sensor_async.py took 0.049 seconds
[2024-07-18T23:57:50.874+0000] {processor.py:161} INFO - Started process (PID=1251) to work on /home/airflow/.local/lib/python3.8/site-packages/airflow/example_dags/example_time_delta_sensor_async.py
[2024-07-18T23:57:50.875+0000] {processor.py:830} INFO - Processing file /home/airflow/.local/lib/python3.8/site-packages/airflow/example_dags/example_time_delta_sensor_async.py for tasks to queue
[2024-07-18T23:57:50.876+0000] {logging_mixin.py:188} INFO - [2024-07-18T23:57:50.876+0000] {dagbag.py:540} INFO - Filling up the DagBag from /home/airflow/.local/lib/python3.8/site-packages/airflow/example_dags/example_time_delta_sensor_async.py
[2024-07-18T23:57:50.879+0000] {processor.py:840} INFO - DAG(s) 'example_time_delta_sensor_async' retrieved from /home/airflow/.local/lib/python3.8/site-packages/airflow/example_dags/example_time_delta_sensor_async.py
[2024-07-18T23:57:50.895+0000] {logging_mixin.py:188} INFO - [2024-07-18T23:57:50.895+0000] {dag.py:3047} INFO - Sync 1 DAGs
[2024-07-18T23:57:50.905+0000] {logging_mixin.py:188} INFO - [2024-07-18T23:57:50.905+0000] {dag.py:3834} INFO - Setting next_dagrun for example_time_delta_sensor_async to None, run_after=None
[2024-07-18T23:57:50.920+0000] {processor.py:183} INFO - Processing /home/airflow/.local/lib/python3.8/site-packages/airflow/example_dags/example_time_delta_sensor_async.py took 0.048 seconds
[2024-07-18T23:58:21.071+0000] {processor.py:161} INFO - Started process (PID=1307) to work on /home/airflow/.local/lib/python3.8/site-packages/airflow/example_dags/example_time_delta_sensor_async.py
[2024-07-18T23:58:21.072+0000] {processor.py:830} INFO - Processing file /home/airflow/.local/lib/python3.8/site-packages/airflow/example_dags/example_time_delta_sensor_async.py for tasks to queue
[2024-07-18T23:58:21.073+0000] {logging_mixin.py:188} INFO - [2024-07-18T23:58:21.073+0000] {dagbag.py:540} INFO - Filling up the DagBag from /home/airflow/.local/lib/python3.8/site-packages/airflow/example_dags/example_time_delta_sensor_async.py
[2024-07-18T23:58:21.077+0000] {processor.py:840} INFO - DAG(s) 'example_time_delta_sensor_async' retrieved from /home/airflow/.local/lib/python3.8/site-packages/airflow/example_dags/example_time_delta_sensor_async.py
[2024-07-18T23:58:21.094+0000] {logging_mixin.py:188} INFO - [2024-07-18T23:58:21.093+0000] {dag.py:3047} INFO - Sync 1 DAGs
[2024-07-18T23:58:21.104+0000] {logging_mixin.py:188} INFO - [2024-07-18T23:58:21.104+0000] {dag.py:3834} INFO - Setting next_dagrun for example_time_delta_sensor_async to None, run_after=None
[2024-07-18T23:58:21.121+0000] {processor.py:183} INFO - Processing /home/airflow/.local/lib/python3.8/site-packages/airflow/example_dags/example_time_delta_sensor_async.py took 0.053 seconds
[2024-07-18T23:58:51.289+0000] {processor.py:161} INFO - Started process (PID=1363) to work on /home/airflow/.local/lib/python3.8/site-packages/airflow/example_dags/example_time_delta_sensor_async.py
[2024-07-18T23:58:51.289+0000] {processor.py:830} INFO - Processing file /home/airflow/.local/lib/python3.8/site-packages/airflow/example_dags/example_time_delta_sensor_async.py for tasks to queue
[2024-07-18T23:58:51.291+0000] {logging_mixin.py:188} INFO - [2024-07-18T23:58:51.290+0000] {dagbag.py:540} INFO - Filling up the DagBag from /home/airflow/.local/lib/python3.8/site-packages/airflow/example_dags/example_time_delta_sensor_async.py
[2024-07-18T23:58:51.294+0000] {processor.py:840} INFO - DAG(s) 'example_time_delta_sensor_async' retrieved from /home/airflow/.local/lib/python3.8/site-packages/airflow/example_dags/example_time_delta_sensor_async.py
[2024-07-18T23:58:51.309+0000] {logging_mixin.py:188} INFO - [2024-07-18T23:58:51.309+0000] {dag.py:3047} INFO - Sync 1 DAGs
[2024-07-18T23:58:51.318+0000] {logging_mixin.py:188} INFO - [2024-07-18T23:58:51.318+0000] {dag.py:3834} INFO - Setting next_dagrun for example_time_delta_sensor_async to None, run_after=None
[2024-07-18T23:58:51.333+0000] {processor.py:183} INFO - Processing /home/airflow/.local/lib/python3.8/site-packages/airflow/example_dags/example_time_delta_sensor_async.py took 0.047 seconds
[2024-07-18T23:59:21.544+0000] {processor.py:161} INFO - Started process (PID=1419) to work on /home/airflow/.local/lib/python3.8/site-packages/airflow/example_dags/example_time_delta_sensor_async.py
[2024-07-18T23:59:21.545+0000] {processor.py:830} INFO - Processing file /home/airflow/.local/lib/python3.8/site-packages/airflow/example_dags/example_time_delta_sensor_async.py for tasks to queue
[2024-07-18T23:59:21.546+0000] {logging_mixin.py:188} INFO - [2024-07-18T23:59:21.546+0000] {dagbag.py:540} INFO - Filling up the DagBag from /home/airflow/.local/lib/python3.8/site-packages/airflow/example_dags/example_time_delta_sensor_async.py
[2024-07-18T23:59:21.550+0000] {processor.py:840} INFO - DAG(s) 'example_time_delta_sensor_async' retrieved from /home/airflow/.local/lib/python3.8/site-packages/airflow/example_dags/example_time_delta_sensor_async.py
[2024-07-18T23:59:21.565+0000] {logging_mixin.py:188} INFO - [2024-07-18T23:59:21.564+0000] {dag.py:3047} INFO - Sync 1 DAGs
[2024-07-18T23:59:21.573+0000] {logging_mixin.py:188} INFO - [2024-07-18T23:59:21.573+0000] {dag.py:3834} INFO - Setting next_dagrun for example_time_delta_sensor_async to None, run_after=None
[2024-07-18T23:59:21.587+0000] {processor.py:183} INFO - Processing /home/airflow/.local/lib/python3.8/site-packages/airflow/example_dags/example_time_delta_sensor_async.py took 0.045 seconds
[2024-07-18T23:59:51.668+0000] {processor.py:161} INFO - Started process (PID=1475) to work on /home/airflow/.local/lib/python3.8/site-packages/airflow/example_dags/example_time_delta_sensor_async.py
[2024-07-18T23:59:51.669+0000] {processor.py:830} INFO - Processing file /home/airflow/.local/lib/python3.8/site-packages/airflow/example_dags/example_time_delta_sensor_async.py for tasks to queue
[2024-07-18T23:59:51.671+0000] {logging_mixin.py:188} INFO - [2024-07-18T23:59:51.670+0000] {dagbag.py:540} INFO - Filling up the DagBag from /home/airflow/.local/lib/python3.8/site-packages/airflow/example_dags/example_time_delta_sensor_async.py
[2024-07-18T23:59:51.674+0000] {processor.py:840} INFO - DAG(s) 'example_time_delta_sensor_async' retrieved from /home/airflow/.local/lib/python3.8/site-packages/airflow/example_dags/example_time_delta_sensor_async.py
[2024-07-18T23:59:51.689+0000] {logging_mixin.py:188} INFO - [2024-07-18T23:59:51.689+0000] {dag.py:3047} INFO - Sync 1 DAGs
[2024-07-18T23:59:51.699+0000] {logging_mixin.py:188} INFO - [2024-07-18T23:59:51.699+0000] {dag.py:3834} INFO - Setting next_dagrun for example_time_delta_sensor_async to None, run_after=None
[2024-07-18T23:59:51.714+0000] {processor.py:183} INFO - Processing /home/airflow/.local/lib/python3.8/site-packages/airflow/example_dags/example_time_delta_sensor_async.py took 0.049 seconds
