[2024-07-18T23:40:54.304+0000] {processor.py:161} INFO - Started process (PID=77) to work on /home/airflow/.local/lib/python3.8/site-packages/airflow/example_dags/example_task_group_decorator.py
[2024-07-18T23:40:54.305+0000] {processor.py:830} INFO - Processing file /home/airflow/.local/lib/python3.8/site-packages/airflow/example_dags/example_task_group_decorator.py for tasks to queue
[2024-07-18T23:40:54.307+0000] {logging_mixin.py:188} INFO - [2024-07-18T23:40:54.306+0000] {dagbag.py:540} INFO - Filling up the DagBag from /home/airflow/.local/lib/python3.8/site-packages/airflow/example_dags/example_task_group_decorator.py
[2024-07-18T23:40:54.321+0000] {processor.py:840} INFO - DAG(s) 'example_task_group_decorator' retrieved from /home/airflow/.local/lib/python3.8/site-packages/airflow/example_dags/example_task_group_decorator.py
[2024-07-18T23:40:54.332+0000] {logging_mixin.py:188} INFO - [2024-07-18T23:40:54.331+0000] {dag.py:3047} INFO - Sync 1 DAGs
[2024-07-18T23:40:54.357+0000] {logging_mixin.py:188} INFO - [2024-07-18T23:40:54.357+0000] {dag.py:3834} INFO - Setting next_dagrun for example_task_group_decorator to 2024-07-17 00:00:00+00:00, run_after=2024-07-18 00:00:00+00:00
[2024-07-18T23:40:54.379+0000] {processor.py:183} INFO - Processing /home/airflow/.local/lib/python3.8/site-packages/airflow/example_dags/example_task_group_decorator.py took 0.077 seconds
[2024-07-18T23:41:25.616+0000] {processor.py:161} INFO - Started process (PID=133) to work on /home/airflow/.local/lib/python3.8/site-packages/airflow/example_dags/example_task_group_decorator.py
[2024-07-18T23:41:25.620+0000] {processor.py:830} INFO - Processing file /home/airflow/.local/lib/python3.8/site-packages/airflow/example_dags/example_task_group_decorator.py for tasks to queue
[2024-07-18T23:41:25.621+0000] {logging_mixin.py:188} INFO - [2024-07-18T23:41:25.621+0000] {dagbag.py:540} INFO - Filling up the DagBag from /home/airflow/.local/lib/python3.8/site-packages/airflow/example_dags/example_task_group_decorator.py
[2024-07-18T23:41:25.633+0000] {processor.py:840} INFO - DAG(s) 'example_task_group_decorator' retrieved from /home/airflow/.local/lib/python3.8/site-packages/airflow/example_dags/example_task_group_decorator.py
[2024-07-18T23:41:25.725+0000] {logging_mixin.py:188} INFO - [2024-07-18T23:41:25.724+0000] {dag.py:3047} INFO - Sync 1 DAGs
[2024-07-18T23:41:25.740+0000] {logging_mixin.py:188} INFO - [2024-07-18T23:41:25.740+0000] {dag.py:3834} INFO - Setting next_dagrun for example_task_group_decorator to 2024-07-17 00:00:00+00:00, run_after=2024-07-18 00:00:00+00:00
[2024-07-18T23:41:25.757+0000] {processor.py:183} INFO - Processing /home/airflow/.local/lib/python3.8/site-packages/airflow/example_dags/example_task_group_decorator.py took 0.143 seconds
[2024-07-18T23:41:56.225+0000] {processor.py:161} INFO - Started process (PID=189) to work on /home/airflow/.local/lib/python3.8/site-packages/airflow/example_dags/example_task_group_decorator.py
[2024-07-18T23:41:56.226+0000] {processor.py:830} INFO - Processing file /home/airflow/.local/lib/python3.8/site-packages/airflow/example_dags/example_task_group_decorator.py for tasks to queue
[2024-07-18T23:41:56.227+0000] {logging_mixin.py:188} INFO - [2024-07-18T23:41:56.227+0000] {dagbag.py:540} INFO - Filling up the DagBag from /home/airflow/.local/lib/python3.8/site-packages/airflow/example_dags/example_task_group_decorator.py
[2024-07-18T23:41:56.238+0000] {processor.py:840} INFO - DAG(s) 'example_task_group_decorator' retrieved from /home/airflow/.local/lib/python3.8/site-packages/airflow/example_dags/example_task_group_decorator.py
[2024-07-18T23:41:56.260+0000] {logging_mixin.py:188} INFO - [2024-07-18T23:41:56.260+0000] {dag.py:3047} INFO - Sync 1 DAGs
[2024-07-18T23:41:56.278+0000] {logging_mixin.py:188} INFO - [2024-07-18T23:41:56.278+0000] {dag.py:3834} INFO - Setting next_dagrun for example_task_group_decorator to 2024-07-17 00:00:00+00:00, run_after=2024-07-18 00:00:00+00:00
[2024-07-18T23:41:56.294+0000] {processor.py:183} INFO - Processing /home/airflow/.local/lib/python3.8/site-packages/airflow/example_dags/example_task_group_decorator.py took 0.071 seconds
[2024-07-18T23:42:26.329+0000] {processor.py:161} INFO - Started process (PID=246) to work on /home/airflow/.local/lib/python3.8/site-packages/airflow/example_dags/example_task_group_decorator.py
[2024-07-18T23:42:26.330+0000] {processor.py:830} INFO - Processing file /home/airflow/.local/lib/python3.8/site-packages/airflow/example_dags/example_task_group_decorator.py for tasks to queue
[2024-07-18T23:42:26.331+0000] {logging_mixin.py:188} INFO - [2024-07-18T23:42:26.331+0000] {dagbag.py:540} INFO - Filling up the DagBag from /home/airflow/.local/lib/python3.8/site-packages/airflow/example_dags/example_task_group_decorator.py
[2024-07-18T23:42:26.342+0000] {processor.py:840} INFO - DAG(s) 'example_task_group_decorator' retrieved from /home/airflow/.local/lib/python3.8/site-packages/airflow/example_dags/example_task_group_decorator.py
[2024-07-18T23:42:26.364+0000] {logging_mixin.py:188} INFO - [2024-07-18T23:42:26.363+0000] {dag.py:3047} INFO - Sync 1 DAGs
[2024-07-18T23:42:26.381+0000] {logging_mixin.py:188} INFO - [2024-07-18T23:42:26.381+0000] {dag.py:3834} INFO - Setting next_dagrun for example_task_group_decorator to 2024-07-17 00:00:00+00:00, run_after=2024-07-18 00:00:00+00:00
[2024-07-18T23:42:26.397+0000] {processor.py:183} INFO - Processing /home/airflow/.local/lib/python3.8/site-packages/airflow/example_dags/example_task_group_decorator.py took 0.070 seconds
[2024-07-18T23:42:56.634+0000] {processor.py:161} INFO - Started process (PID=302) to work on /home/airflow/.local/lib/python3.8/site-packages/airflow/example_dags/example_task_group_decorator.py
[2024-07-18T23:42:56.635+0000] {processor.py:830} INFO - Processing file /home/airflow/.local/lib/python3.8/site-packages/airflow/example_dags/example_task_group_decorator.py for tasks to queue
[2024-07-18T23:42:56.636+0000] {logging_mixin.py:188} INFO - [2024-07-18T23:42:56.636+0000] {dagbag.py:540} INFO - Filling up the DagBag from /home/airflow/.local/lib/python3.8/site-packages/airflow/example_dags/example_task_group_decorator.py
[2024-07-18T23:42:56.647+0000] {processor.py:840} INFO - DAG(s) 'example_task_group_decorator' retrieved from /home/airflow/.local/lib/python3.8/site-packages/airflow/example_dags/example_task_group_decorator.py
[2024-07-18T23:42:56.667+0000] {logging_mixin.py:188} INFO - [2024-07-18T23:42:56.666+0000] {dag.py:3047} INFO - Sync 1 DAGs
[2024-07-18T23:42:56.685+0000] {logging_mixin.py:188} INFO - [2024-07-18T23:42:56.685+0000] {dag.py:3834} INFO - Setting next_dagrun for example_task_group_decorator to 2024-07-17 00:00:00+00:00, run_after=2024-07-18 00:00:00+00:00
[2024-07-18T23:42:56.702+0000] {processor.py:183} INFO - Processing /home/airflow/.local/lib/python3.8/site-packages/airflow/example_dags/example_task_group_decorator.py took 0.070 seconds
[2024-07-18T23:43:26.762+0000] {processor.py:161} INFO - Started process (PID=358) to work on /home/airflow/.local/lib/python3.8/site-packages/airflow/example_dags/example_task_group_decorator.py
[2024-07-18T23:43:26.763+0000] {processor.py:830} INFO - Processing file /home/airflow/.local/lib/python3.8/site-packages/airflow/example_dags/example_task_group_decorator.py for tasks to queue
[2024-07-18T23:43:26.764+0000] {logging_mixin.py:188} INFO - [2024-07-18T23:43:26.764+0000] {dagbag.py:540} INFO - Filling up the DagBag from /home/airflow/.local/lib/python3.8/site-packages/airflow/example_dags/example_task_group_decorator.py
[2024-07-18T23:43:26.775+0000] {processor.py:840} INFO - DAG(s) 'example_task_group_decorator' retrieved from /home/airflow/.local/lib/python3.8/site-packages/airflow/example_dags/example_task_group_decorator.py
[2024-07-18T23:43:26.795+0000] {logging_mixin.py:188} INFO - [2024-07-18T23:43:26.795+0000] {dag.py:3047} INFO - Sync 1 DAGs
[2024-07-18T23:43:26.813+0000] {logging_mixin.py:188} INFO - [2024-07-18T23:43:26.813+0000] {dag.py:3834} INFO - Setting next_dagrun for example_task_group_decorator to 2024-07-17 00:00:00+00:00, run_after=2024-07-18 00:00:00+00:00
[2024-07-18T23:43:26.837+0000] {processor.py:183} INFO - Processing /home/airflow/.local/lib/python3.8/site-packages/airflow/example_dags/example_task_group_decorator.py took 0.079 seconds
[2024-07-18T23:43:56.979+0000] {processor.py:161} INFO - Started process (PID=414) to work on /home/airflow/.local/lib/python3.8/site-packages/airflow/example_dags/example_task_group_decorator.py
[2024-07-18T23:43:56.980+0000] {processor.py:830} INFO - Processing file /home/airflow/.local/lib/python3.8/site-packages/airflow/example_dags/example_task_group_decorator.py for tasks to queue
[2024-07-18T23:43:56.981+0000] {logging_mixin.py:188} INFO - [2024-07-18T23:43:56.981+0000] {dagbag.py:540} INFO - Filling up the DagBag from /home/airflow/.local/lib/python3.8/site-packages/airflow/example_dags/example_task_group_decorator.py
[2024-07-18T23:43:56.994+0000] {processor.py:840} INFO - DAG(s) 'example_task_group_decorator' retrieved from /home/airflow/.local/lib/python3.8/site-packages/airflow/example_dags/example_task_group_decorator.py
[2024-07-18T23:43:57.014+0000] {logging_mixin.py:188} INFO - [2024-07-18T23:43:57.014+0000] {dag.py:3047} INFO - Sync 1 DAGs
[2024-07-18T23:43:57.031+0000] {logging_mixin.py:188} INFO - [2024-07-18T23:43:57.030+0000] {dag.py:3834} INFO - Setting next_dagrun for example_task_group_decorator to 2024-07-17 00:00:00+00:00, run_after=2024-07-18 00:00:00+00:00
[2024-07-18T23:43:57.047+0000] {processor.py:183} INFO - Processing /home/airflow/.local/lib/python3.8/site-packages/airflow/example_dags/example_task_group_decorator.py took 0.070 seconds
[2024-07-18T23:44:27.112+0000] {processor.py:161} INFO - Started process (PID=470) to work on /home/airflow/.local/lib/python3.8/site-packages/airflow/example_dags/example_task_group_decorator.py
[2024-07-18T23:44:27.113+0000] {processor.py:830} INFO - Processing file /home/airflow/.local/lib/python3.8/site-packages/airflow/example_dags/example_task_group_decorator.py for tasks to queue
[2024-07-18T23:44:27.114+0000] {logging_mixin.py:188} INFO - [2024-07-18T23:44:27.114+0000] {dagbag.py:540} INFO - Filling up the DagBag from /home/airflow/.local/lib/python3.8/site-packages/airflow/example_dags/example_task_group_decorator.py
[2024-07-18T23:44:27.126+0000] {processor.py:840} INFO - DAG(s) 'example_task_group_decorator' retrieved from /home/airflow/.local/lib/python3.8/site-packages/airflow/example_dags/example_task_group_decorator.py
[2024-07-18T23:44:27.146+0000] {logging_mixin.py:188} INFO - [2024-07-18T23:44:27.146+0000] {dag.py:3047} INFO - Sync 1 DAGs
[2024-07-18T23:44:27.163+0000] {logging_mixin.py:188} INFO - [2024-07-18T23:44:27.163+0000] {dag.py:3834} INFO - Setting next_dagrun for example_task_group_decorator to 2024-07-17 00:00:00+00:00, run_after=2024-07-18 00:00:00+00:00
[2024-07-18T23:44:27.179+0000] {processor.py:183} INFO - Processing /home/airflow/.local/lib/python3.8/site-packages/airflow/example_dags/example_task_group_decorator.py took 0.069 seconds
[2024-07-18T23:44:57.509+0000] {processor.py:161} INFO - Started process (PID=526) to work on /home/airflow/.local/lib/python3.8/site-packages/airflow/example_dags/example_task_group_decorator.py
[2024-07-18T23:44:57.510+0000] {processor.py:830} INFO - Processing file /home/airflow/.local/lib/python3.8/site-packages/airflow/example_dags/example_task_group_decorator.py for tasks to queue
[2024-07-18T23:44:57.511+0000] {logging_mixin.py:188} INFO - [2024-07-18T23:44:57.511+0000] {dagbag.py:540} INFO - Filling up the DagBag from /home/airflow/.local/lib/python3.8/site-packages/airflow/example_dags/example_task_group_decorator.py
[2024-07-18T23:44:57.522+0000] {processor.py:840} INFO - DAG(s) 'example_task_group_decorator' retrieved from /home/airflow/.local/lib/python3.8/site-packages/airflow/example_dags/example_task_group_decorator.py
[2024-07-18T23:44:57.542+0000] {logging_mixin.py:188} INFO - [2024-07-18T23:44:57.542+0000] {dag.py:3047} INFO - Sync 1 DAGs
[2024-07-18T23:44:57.562+0000] {logging_mixin.py:188} INFO - [2024-07-18T23:44:57.562+0000] {dag.py:3834} INFO - Setting next_dagrun for example_task_group_decorator to 2024-07-17 00:00:00+00:00, run_after=2024-07-18 00:00:00+00:00
[2024-07-18T23:44:57.578+0000] {processor.py:183} INFO - Processing /home/airflow/.local/lib/python3.8/site-packages/airflow/example_dags/example_task_group_decorator.py took 0.071 seconds
[2024-07-18T23:45:27.774+0000] {processor.py:161} INFO - Started process (PID=582) to work on /home/airflow/.local/lib/python3.8/site-packages/airflow/example_dags/example_task_group_decorator.py
[2024-07-18T23:45:27.775+0000] {processor.py:830} INFO - Processing file /home/airflow/.local/lib/python3.8/site-packages/airflow/example_dags/example_task_group_decorator.py for tasks to queue
[2024-07-18T23:45:27.776+0000] {logging_mixin.py:188} INFO - [2024-07-18T23:45:27.776+0000] {dagbag.py:540} INFO - Filling up the DagBag from /home/airflow/.local/lib/python3.8/site-packages/airflow/example_dags/example_task_group_decorator.py
[2024-07-18T23:45:27.789+0000] {processor.py:840} INFO - DAG(s) 'example_task_group_decorator' retrieved from /home/airflow/.local/lib/python3.8/site-packages/airflow/example_dags/example_task_group_decorator.py
[2024-07-18T23:45:27.809+0000] {logging_mixin.py:188} INFO - [2024-07-18T23:45:27.809+0000] {dag.py:3047} INFO - Sync 1 DAGs
[2024-07-18T23:45:27.828+0000] {logging_mixin.py:188} INFO - [2024-07-18T23:45:27.828+0000] {dag.py:3834} INFO - Setting next_dagrun for example_task_group_decorator to 2024-07-17 00:00:00+00:00, run_after=2024-07-18 00:00:00+00:00
[2024-07-18T23:45:27.847+0000] {processor.py:183} INFO - Processing /home/airflow/.local/lib/python3.8/site-packages/airflow/example_dags/example_task_group_decorator.py took 0.076 seconds
[2024-07-18T23:47:14.784+0000] {processor.py:161} INFO - Started process (PID=77) to work on /home/airflow/.local/lib/python3.8/site-packages/airflow/example_dags/example_task_group_decorator.py
[2024-07-18T23:47:14.785+0000] {processor.py:830} INFO - Processing file /home/airflow/.local/lib/python3.8/site-packages/airflow/example_dags/example_task_group_decorator.py for tasks to queue
[2024-07-18T23:47:14.786+0000] {logging_mixin.py:188} INFO - [2024-07-18T23:47:14.786+0000] {dagbag.py:540} INFO - Filling up the DagBag from /home/airflow/.local/lib/python3.8/site-packages/airflow/example_dags/example_task_group_decorator.py
[2024-07-18T23:47:14.801+0000] {processor.py:840} INFO - DAG(s) 'example_task_group_decorator' retrieved from /home/airflow/.local/lib/python3.8/site-packages/airflow/example_dags/example_task_group_decorator.py
[2024-07-18T23:47:14.811+0000] {logging_mixin.py:188} INFO - [2024-07-18T23:47:14.811+0000] {dag.py:3047} INFO - Sync 1 DAGs
[2024-07-18T23:47:14.831+0000] {logging_mixin.py:188} INFO - [2024-07-18T23:47:14.831+0000] {dag.py:3834} INFO - Setting next_dagrun for example_task_group_decorator to 2024-07-17 00:00:00+00:00, run_after=2024-07-18 00:00:00+00:00
[2024-07-18T23:47:14.848+0000] {processor.py:183} INFO - Processing /home/airflow/.local/lib/python3.8/site-packages/airflow/example_dags/example_task_group_decorator.py took 0.067 seconds
[2024-07-18T23:47:45.775+0000] {processor.py:161} INFO - Started process (PID=133) to work on /home/airflow/.local/lib/python3.8/site-packages/airflow/example_dags/example_task_group_decorator.py
[2024-07-18T23:47:45.776+0000] {processor.py:830} INFO - Processing file /home/airflow/.local/lib/python3.8/site-packages/airflow/example_dags/example_task_group_decorator.py for tasks to queue
[2024-07-18T23:47:45.777+0000] {logging_mixin.py:188} INFO - [2024-07-18T23:47:45.777+0000] {dagbag.py:540} INFO - Filling up the DagBag from /home/airflow/.local/lib/python3.8/site-packages/airflow/example_dags/example_task_group_decorator.py
[2024-07-18T23:47:45.789+0000] {processor.py:840} INFO - DAG(s) 'example_task_group_decorator' retrieved from /home/airflow/.local/lib/python3.8/site-packages/airflow/example_dags/example_task_group_decorator.py
[2024-07-18T23:47:45.870+0000] {logging_mixin.py:188} INFO - [2024-07-18T23:47:45.869+0000] {dag.py:3047} INFO - Sync 1 DAGs
[2024-07-18T23:47:45.885+0000] {logging_mixin.py:188} INFO - [2024-07-18T23:47:45.884+0000] {dag.py:3834} INFO - Setting next_dagrun for example_task_group_decorator to 2024-07-17 00:00:00+00:00, run_after=2024-07-18 00:00:00+00:00
[2024-07-18T23:47:45.899+0000] {processor.py:183} INFO - Processing /home/airflow/.local/lib/python3.8/site-packages/airflow/example_dags/example_task_group_decorator.py took 0.126 seconds
[2024-07-18T23:48:15.980+0000] {processor.py:161} INFO - Started process (PID=189) to work on /home/airflow/.local/lib/python3.8/site-packages/airflow/example_dags/example_task_group_decorator.py
[2024-07-18T23:48:15.981+0000] {processor.py:830} INFO - Processing file /home/airflow/.local/lib/python3.8/site-packages/airflow/example_dags/example_task_group_decorator.py for tasks to queue
[2024-07-18T23:48:15.982+0000] {logging_mixin.py:188} INFO - [2024-07-18T23:48:15.982+0000] {dagbag.py:540} INFO - Filling up the DagBag from /home/airflow/.local/lib/python3.8/site-packages/airflow/example_dags/example_task_group_decorator.py
[2024-07-18T23:48:15.993+0000] {processor.py:840} INFO - DAG(s) 'example_task_group_decorator' retrieved from /home/airflow/.local/lib/python3.8/site-packages/airflow/example_dags/example_task_group_decorator.py
[2024-07-18T23:48:16.012+0000] {logging_mixin.py:188} INFO - [2024-07-18T23:48:16.012+0000] {dag.py:3047} INFO - Sync 1 DAGs
[2024-07-18T23:48:16.027+0000] {logging_mixin.py:188} INFO - [2024-07-18T23:48:16.027+0000] {dag.py:3834} INFO - Setting next_dagrun for example_task_group_decorator to 2024-07-17 00:00:00+00:00, run_after=2024-07-18 00:00:00+00:00
[2024-07-18T23:48:16.041+0000] {processor.py:183} INFO - Processing /home/airflow/.local/lib/python3.8/site-packages/airflow/example_dags/example_task_group_decorator.py took 0.063 seconds
[2024-07-18T23:48:46.076+0000] {processor.py:161} INFO - Started process (PID=245) to work on /home/airflow/.local/lib/python3.8/site-packages/airflow/example_dags/example_task_group_decorator.py
[2024-07-18T23:48:46.077+0000] {processor.py:830} INFO - Processing file /home/airflow/.local/lib/python3.8/site-packages/airflow/example_dags/example_task_group_decorator.py for tasks to queue
[2024-07-18T23:48:46.078+0000] {logging_mixin.py:188} INFO - [2024-07-18T23:48:46.078+0000] {dagbag.py:540} INFO - Filling up the DagBag from /home/airflow/.local/lib/python3.8/site-packages/airflow/example_dags/example_task_group_decorator.py
[2024-07-18T23:48:46.089+0000] {processor.py:840} INFO - DAG(s) 'example_task_group_decorator' retrieved from /home/airflow/.local/lib/python3.8/site-packages/airflow/example_dags/example_task_group_decorator.py
[2024-07-18T23:48:46.108+0000] {logging_mixin.py:188} INFO - [2024-07-18T23:48:46.108+0000] {dag.py:3047} INFO - Sync 1 DAGs
[2024-07-18T23:48:46.124+0000] {logging_mixin.py:188} INFO - [2024-07-18T23:48:46.124+0000] {dag.py:3834} INFO - Setting next_dagrun for example_task_group_decorator to 2024-07-17 00:00:00+00:00, run_after=2024-07-18 00:00:00+00:00
[2024-07-18T23:48:46.138+0000] {processor.py:183} INFO - Processing /home/airflow/.local/lib/python3.8/site-packages/airflow/example_dags/example_task_group_decorator.py took 0.064 seconds
[2024-07-18T23:49:16.170+0000] {processor.py:161} INFO - Started process (PID=301) to work on /home/airflow/.local/lib/python3.8/site-packages/airflow/example_dags/example_task_group_decorator.py
[2024-07-18T23:49:16.171+0000] {processor.py:830} INFO - Processing file /home/airflow/.local/lib/python3.8/site-packages/airflow/example_dags/example_task_group_decorator.py for tasks to queue
[2024-07-18T23:49:16.172+0000] {logging_mixin.py:188} INFO - [2024-07-18T23:49:16.172+0000] {dagbag.py:540} INFO - Filling up the DagBag from /home/airflow/.local/lib/python3.8/site-packages/airflow/example_dags/example_task_group_decorator.py
[2024-07-18T23:49:16.183+0000] {processor.py:840} INFO - DAG(s) 'example_task_group_decorator' retrieved from /home/airflow/.local/lib/python3.8/site-packages/airflow/example_dags/example_task_group_decorator.py
[2024-07-18T23:49:16.204+0000] {logging_mixin.py:188} INFO - [2024-07-18T23:49:16.203+0000] {dag.py:3047} INFO - Sync 1 DAGs
[2024-07-18T23:49:16.220+0000] {logging_mixin.py:188} INFO - [2024-07-18T23:49:16.219+0000] {dag.py:3834} INFO - Setting next_dagrun for example_task_group_decorator to 2024-07-17 00:00:00+00:00, run_after=2024-07-18 00:00:00+00:00
[2024-07-18T23:49:16.233+0000] {processor.py:183} INFO - Processing /home/airflow/.local/lib/python3.8/site-packages/airflow/example_dags/example_task_group_decorator.py took 0.065 seconds
[2024-07-18T23:49:46.456+0000] {processor.py:161} INFO - Started process (PID=357) to work on /home/airflow/.local/lib/python3.8/site-packages/airflow/example_dags/example_task_group_decorator.py
[2024-07-18T23:49:46.457+0000] {processor.py:830} INFO - Processing file /home/airflow/.local/lib/python3.8/site-packages/airflow/example_dags/example_task_group_decorator.py for tasks to queue
[2024-07-18T23:49:46.458+0000] {logging_mixin.py:188} INFO - [2024-07-18T23:49:46.457+0000] {dagbag.py:540} INFO - Filling up the DagBag from /home/airflow/.local/lib/python3.8/site-packages/airflow/example_dags/example_task_group_decorator.py
[2024-07-18T23:49:46.469+0000] {processor.py:840} INFO - DAG(s) 'example_task_group_decorator' retrieved from /home/airflow/.local/lib/python3.8/site-packages/airflow/example_dags/example_task_group_decorator.py
[2024-07-18T23:49:46.489+0000] {logging_mixin.py:188} INFO - [2024-07-18T23:49:46.488+0000] {dag.py:3047} INFO - Sync 1 DAGs
[2024-07-18T23:49:46.506+0000] {logging_mixin.py:188} INFO - [2024-07-18T23:49:46.506+0000] {dag.py:3834} INFO - Setting next_dagrun for example_task_group_decorator to 2024-07-17 00:00:00+00:00, run_after=2024-07-18 00:00:00+00:00
[2024-07-18T23:49:46.522+0000] {processor.py:183} INFO - Processing /home/airflow/.local/lib/python3.8/site-packages/airflow/example_dags/example_task_group_decorator.py took 0.068 seconds
[2024-07-18T23:50:16.558+0000] {processor.py:161} INFO - Started process (PID=413) to work on /home/airflow/.local/lib/python3.8/site-packages/airflow/example_dags/example_task_group_decorator.py
[2024-07-18T23:50:16.558+0000] {processor.py:830} INFO - Processing file /home/airflow/.local/lib/python3.8/site-packages/airflow/example_dags/example_task_group_decorator.py for tasks to queue
[2024-07-18T23:50:16.559+0000] {logging_mixin.py:188} INFO - [2024-07-18T23:50:16.559+0000] {dagbag.py:540} INFO - Filling up the DagBag from /home/airflow/.local/lib/python3.8/site-packages/airflow/example_dags/example_task_group_decorator.py
[2024-07-18T23:50:16.570+0000] {processor.py:840} INFO - DAG(s) 'example_task_group_decorator' retrieved from /home/airflow/.local/lib/python3.8/site-packages/airflow/example_dags/example_task_group_decorator.py
[2024-07-18T23:50:16.591+0000] {logging_mixin.py:188} INFO - [2024-07-18T23:50:16.590+0000] {dag.py:3047} INFO - Sync 1 DAGs
[2024-07-18T23:50:16.609+0000] {logging_mixin.py:188} INFO - [2024-07-18T23:50:16.609+0000] {dag.py:3834} INFO - Setting next_dagrun for example_task_group_decorator to 2024-07-17 00:00:00+00:00, run_after=2024-07-18 00:00:00+00:00
[2024-07-18T23:50:16.624+0000] {processor.py:183} INFO - Processing /home/airflow/.local/lib/python3.8/site-packages/airflow/example_dags/example_task_group_decorator.py took 0.069 seconds
[2024-07-18T23:50:46.741+0000] {processor.py:161} INFO - Started process (PID=469) to work on /home/airflow/.local/lib/python3.8/site-packages/airflow/example_dags/example_task_group_decorator.py
[2024-07-18T23:50:46.742+0000] {processor.py:830} INFO - Processing file /home/airflow/.local/lib/python3.8/site-packages/airflow/example_dags/example_task_group_decorator.py for tasks to queue
[2024-07-18T23:50:46.743+0000] {logging_mixin.py:188} INFO - [2024-07-18T23:50:46.743+0000] {dagbag.py:540} INFO - Filling up the DagBag from /home/airflow/.local/lib/python3.8/site-packages/airflow/example_dags/example_task_group_decorator.py
[2024-07-18T23:50:46.755+0000] {processor.py:840} INFO - DAG(s) 'example_task_group_decorator' retrieved from /home/airflow/.local/lib/python3.8/site-packages/airflow/example_dags/example_task_group_decorator.py
[2024-07-18T23:50:46.776+0000] {logging_mixin.py:188} INFO - [2024-07-18T23:50:46.776+0000] {dag.py:3047} INFO - Sync 1 DAGs
[2024-07-18T23:50:46.793+0000] {logging_mixin.py:188} INFO - [2024-07-18T23:50:46.793+0000] {dag.py:3834} INFO - Setting next_dagrun for example_task_group_decorator to 2024-07-17 00:00:00+00:00, run_after=2024-07-18 00:00:00+00:00
[2024-07-18T23:50:46.807+0000] {processor.py:183} INFO - Processing /home/airflow/.local/lib/python3.8/site-packages/airflow/example_dags/example_task_group_decorator.py took 0.069 seconds
[2024-07-18T23:51:16.990+0000] {processor.py:161} INFO - Started process (PID=525) to work on /home/airflow/.local/lib/python3.8/site-packages/airflow/example_dags/example_task_group_decorator.py
[2024-07-18T23:51:16.991+0000] {processor.py:830} INFO - Processing file /home/airflow/.local/lib/python3.8/site-packages/airflow/example_dags/example_task_group_decorator.py for tasks to queue
[2024-07-18T23:51:16.992+0000] {logging_mixin.py:188} INFO - [2024-07-18T23:51:16.992+0000] {dagbag.py:540} INFO - Filling up the DagBag from /home/airflow/.local/lib/python3.8/site-packages/airflow/example_dags/example_task_group_decorator.py
[2024-07-18T23:51:17.003+0000] {processor.py:840} INFO - DAG(s) 'example_task_group_decorator' retrieved from /home/airflow/.local/lib/python3.8/site-packages/airflow/example_dags/example_task_group_decorator.py
[2024-07-18T23:51:17.024+0000] {logging_mixin.py:188} INFO - [2024-07-18T23:51:17.023+0000] {dag.py:3047} INFO - Sync 1 DAGs
[2024-07-18T23:51:17.041+0000] {logging_mixin.py:188} INFO - [2024-07-18T23:51:17.040+0000] {dag.py:3834} INFO - Setting next_dagrun for example_task_group_decorator to 2024-07-17 00:00:00+00:00, run_after=2024-07-18 00:00:00+00:00
[2024-07-18T23:51:17.055+0000] {processor.py:183} INFO - Processing /home/airflow/.local/lib/python3.8/site-packages/airflow/example_dags/example_task_group_decorator.py took 0.068 seconds
[2024-07-18T23:51:48.069+0000] {processor.py:161} INFO - Started process (PID=581) to work on /home/airflow/.local/lib/python3.8/site-packages/airflow/example_dags/example_task_group_decorator.py
[2024-07-18T23:51:48.071+0000] {processor.py:830} INFO - Processing file /home/airflow/.local/lib/python3.8/site-packages/airflow/example_dags/example_task_group_decorator.py for tasks to queue
[2024-07-18T23:51:48.072+0000] {logging_mixin.py:188} INFO - [2024-07-18T23:51:48.072+0000] {dagbag.py:540} INFO - Filling up the DagBag from /home/airflow/.local/lib/python3.8/site-packages/airflow/example_dags/example_task_group_decorator.py
[2024-07-18T23:51:48.084+0000] {processor.py:840} INFO - DAG(s) 'example_task_group_decorator' retrieved from /home/airflow/.local/lib/python3.8/site-packages/airflow/example_dags/example_task_group_decorator.py
[2024-07-18T23:51:48.107+0000] {logging_mixin.py:188} INFO - [2024-07-18T23:51:48.107+0000] {dag.py:3047} INFO - Sync 1 DAGs
[2024-07-18T23:51:48.127+0000] {logging_mixin.py:188} INFO - [2024-07-18T23:51:48.127+0000] {dag.py:3834} INFO - Setting next_dagrun for example_task_group_decorator to 2024-07-17 00:00:00+00:00, run_after=2024-07-18 00:00:00+00:00
[2024-07-18T23:51:48.145+0000] {processor.py:183} INFO - Processing /home/airflow/.local/lib/python3.8/site-packages/airflow/example_dags/example_task_group_decorator.py took 0.078 seconds
[2024-07-18T23:52:18.177+0000] {processor.py:161} INFO - Started process (PID=637) to work on /home/airflow/.local/lib/python3.8/site-packages/airflow/example_dags/example_task_group_decorator.py
[2024-07-18T23:52:18.178+0000] {processor.py:830} INFO - Processing file /home/airflow/.local/lib/python3.8/site-packages/airflow/example_dags/example_task_group_decorator.py for tasks to queue
[2024-07-18T23:52:18.179+0000] {logging_mixin.py:188} INFO - [2024-07-18T23:52:18.179+0000] {dagbag.py:540} INFO - Filling up the DagBag from /home/airflow/.local/lib/python3.8/site-packages/airflow/example_dags/example_task_group_decorator.py
[2024-07-18T23:52:18.190+0000] {processor.py:840} INFO - DAG(s) 'example_task_group_decorator' retrieved from /home/airflow/.local/lib/python3.8/site-packages/airflow/example_dags/example_task_group_decorator.py
[2024-07-18T23:52:18.209+0000] {logging_mixin.py:188} INFO - [2024-07-18T23:52:18.209+0000] {dag.py:3047} INFO - Sync 1 DAGs
[2024-07-18T23:52:18.226+0000] {logging_mixin.py:188} INFO - [2024-07-18T23:52:18.226+0000] {dag.py:3834} INFO - Setting next_dagrun for example_task_group_decorator to 2024-07-17 00:00:00+00:00, run_after=2024-07-18 00:00:00+00:00
[2024-07-18T23:52:18.241+0000] {processor.py:183} INFO - Processing /home/airflow/.local/lib/python3.8/site-packages/airflow/example_dags/example_task_group_decorator.py took 0.066 seconds
[2024-07-18T23:52:48.420+0000] {processor.py:161} INFO - Started process (PID=693) to work on /home/airflow/.local/lib/python3.8/site-packages/airflow/example_dags/example_task_group_decorator.py
[2024-07-18T23:52:48.420+0000] {processor.py:830} INFO - Processing file /home/airflow/.local/lib/python3.8/site-packages/airflow/example_dags/example_task_group_decorator.py for tasks to queue
[2024-07-18T23:52:48.421+0000] {logging_mixin.py:188} INFO - [2024-07-18T23:52:48.421+0000] {dagbag.py:540} INFO - Filling up the DagBag from /home/airflow/.local/lib/python3.8/site-packages/airflow/example_dags/example_task_group_decorator.py
[2024-07-18T23:52:48.433+0000] {processor.py:840} INFO - DAG(s) 'example_task_group_decorator' retrieved from /home/airflow/.local/lib/python3.8/site-packages/airflow/example_dags/example_task_group_decorator.py
[2024-07-18T23:52:48.452+0000] {logging_mixin.py:188} INFO - [2024-07-18T23:52:48.451+0000] {dag.py:3047} INFO - Sync 1 DAGs
[2024-07-18T23:52:48.469+0000] {logging_mixin.py:188} INFO - [2024-07-18T23:52:48.469+0000] {dag.py:3834} INFO - Setting next_dagrun for example_task_group_decorator to 2024-07-17 00:00:00+00:00, run_after=2024-07-18 00:00:00+00:00
[2024-07-18T23:52:48.484+0000] {processor.py:183} INFO - Processing /home/airflow/.local/lib/python3.8/site-packages/airflow/example_dags/example_task_group_decorator.py took 0.066 seconds
[2024-07-18T23:53:18.622+0000] {processor.py:161} INFO - Started process (PID=749) to work on /home/airflow/.local/lib/python3.8/site-packages/airflow/example_dags/example_task_group_decorator.py
[2024-07-18T23:53:18.623+0000] {processor.py:830} INFO - Processing file /home/airflow/.local/lib/python3.8/site-packages/airflow/example_dags/example_task_group_decorator.py for tasks to queue
[2024-07-18T23:53:18.624+0000] {logging_mixin.py:188} INFO - [2024-07-18T23:53:18.623+0000] {dagbag.py:540} INFO - Filling up the DagBag from /home/airflow/.local/lib/python3.8/site-packages/airflow/example_dags/example_task_group_decorator.py
[2024-07-18T23:53:18.635+0000] {processor.py:840} INFO - DAG(s) 'example_task_group_decorator' retrieved from /home/airflow/.local/lib/python3.8/site-packages/airflow/example_dags/example_task_group_decorator.py
[2024-07-18T23:53:18.655+0000] {logging_mixin.py:188} INFO - [2024-07-18T23:53:18.654+0000] {dag.py:3047} INFO - Sync 1 DAGs
[2024-07-18T23:53:18.672+0000] {logging_mixin.py:188} INFO - [2024-07-18T23:53:18.672+0000] {dag.py:3834} INFO - Setting next_dagrun for example_task_group_decorator to 2024-07-17 00:00:00+00:00, run_after=2024-07-18 00:00:00+00:00
[2024-07-18T23:53:18.686+0000] {processor.py:183} INFO - Processing /home/airflow/.local/lib/python3.8/site-packages/airflow/example_dags/example_task_group_decorator.py took 0.067 seconds
[2024-07-18T23:53:48.818+0000] {processor.py:161} INFO - Started process (PID=805) to work on /home/airflow/.local/lib/python3.8/site-packages/airflow/example_dags/example_task_group_decorator.py
[2024-07-18T23:53:48.819+0000] {processor.py:830} INFO - Processing file /home/airflow/.local/lib/python3.8/site-packages/airflow/example_dags/example_task_group_decorator.py for tasks to queue
[2024-07-18T23:53:48.821+0000] {logging_mixin.py:188} INFO - [2024-07-18T23:53:48.820+0000] {dagbag.py:540} INFO - Filling up the DagBag from /home/airflow/.local/lib/python3.8/site-packages/airflow/example_dags/example_task_group_decorator.py
[2024-07-18T23:53:48.832+0000] {processor.py:840} INFO - DAG(s) 'example_task_group_decorator' retrieved from /home/airflow/.local/lib/python3.8/site-packages/airflow/example_dags/example_task_group_decorator.py
[2024-07-18T23:53:48.851+0000] {logging_mixin.py:188} INFO - [2024-07-18T23:53:48.851+0000] {dag.py:3047} INFO - Sync 1 DAGs
[2024-07-18T23:53:48.870+0000] {logging_mixin.py:188} INFO - [2024-07-18T23:53:48.870+0000] {dag.py:3834} INFO - Setting next_dagrun for example_task_group_decorator to 2024-07-17 00:00:00+00:00, run_after=2024-07-18 00:00:00+00:00
[2024-07-18T23:53:48.887+0000] {processor.py:183} INFO - Processing /home/airflow/.local/lib/python3.8/site-packages/airflow/example_dags/example_task_group_decorator.py took 0.071 seconds
[2024-07-18T23:54:19.066+0000] {processor.py:161} INFO - Started process (PID=861) to work on /home/airflow/.local/lib/python3.8/site-packages/airflow/example_dags/example_task_group_decorator.py
[2024-07-18T23:54:19.067+0000] {processor.py:830} INFO - Processing file /home/airflow/.local/lib/python3.8/site-packages/airflow/example_dags/example_task_group_decorator.py for tasks to queue
[2024-07-18T23:54:19.068+0000] {logging_mixin.py:188} INFO - [2024-07-18T23:54:19.068+0000] {dagbag.py:540} INFO - Filling up the DagBag from /home/airflow/.local/lib/python3.8/site-packages/airflow/example_dags/example_task_group_decorator.py
[2024-07-18T23:54:19.079+0000] {processor.py:840} INFO - DAG(s) 'example_task_group_decorator' retrieved from /home/airflow/.local/lib/python3.8/site-packages/airflow/example_dags/example_task_group_decorator.py
[2024-07-18T23:54:19.098+0000] {logging_mixin.py:188} INFO - [2024-07-18T23:54:19.097+0000] {dag.py:3047} INFO - Sync 1 DAGs
[2024-07-18T23:54:19.115+0000] {logging_mixin.py:188} INFO - [2024-07-18T23:54:19.115+0000] {dag.py:3834} INFO - Setting next_dagrun for example_task_group_decorator to 2024-07-17 00:00:00+00:00, run_after=2024-07-18 00:00:00+00:00
[2024-07-18T23:54:19.130+0000] {processor.py:183} INFO - Processing /home/airflow/.local/lib/python3.8/site-packages/airflow/example_dags/example_task_group_decorator.py took 0.066 seconds
[2024-07-18T23:54:49.318+0000] {processor.py:161} INFO - Started process (PID=917) to work on /home/airflow/.local/lib/python3.8/site-packages/airflow/example_dags/example_task_group_decorator.py
[2024-07-18T23:54:49.319+0000] {processor.py:830} INFO - Processing file /home/airflow/.local/lib/python3.8/site-packages/airflow/example_dags/example_task_group_decorator.py for tasks to queue
[2024-07-18T23:54:49.320+0000] {logging_mixin.py:188} INFO - [2024-07-18T23:54:49.320+0000] {dagbag.py:540} INFO - Filling up the DagBag from /home/airflow/.local/lib/python3.8/site-packages/airflow/example_dags/example_task_group_decorator.py
[2024-07-18T23:54:49.331+0000] {processor.py:840} INFO - DAG(s) 'example_task_group_decorator' retrieved from /home/airflow/.local/lib/python3.8/site-packages/airflow/example_dags/example_task_group_decorator.py
[2024-07-18T23:54:49.350+0000] {logging_mixin.py:188} INFO - [2024-07-18T23:54:49.349+0000] {dag.py:3047} INFO - Sync 1 DAGs
[2024-07-18T23:54:49.367+0000] {logging_mixin.py:188} INFO - [2024-07-18T23:54:49.367+0000] {dag.py:3834} INFO - Setting next_dagrun for example_task_group_decorator to 2024-07-17 00:00:00+00:00, run_after=2024-07-18 00:00:00+00:00
[2024-07-18T23:54:49.382+0000] {processor.py:183} INFO - Processing /home/airflow/.local/lib/python3.8/site-packages/airflow/example_dags/example_task_group_decorator.py took 0.066 seconds
[2024-07-18T23:55:19.630+0000] {processor.py:161} INFO - Started process (PID=974) to work on /home/airflow/.local/lib/python3.8/site-packages/airflow/example_dags/example_task_group_decorator.py
[2024-07-18T23:55:19.631+0000] {processor.py:830} INFO - Processing file /home/airflow/.local/lib/python3.8/site-packages/airflow/example_dags/example_task_group_decorator.py for tasks to queue
[2024-07-18T23:55:19.632+0000] {logging_mixin.py:188} INFO - [2024-07-18T23:55:19.632+0000] {dagbag.py:540} INFO - Filling up the DagBag from /home/airflow/.local/lib/python3.8/site-packages/airflow/example_dags/example_task_group_decorator.py
[2024-07-18T23:55:19.644+0000] {processor.py:840} INFO - DAG(s) 'example_task_group_decorator' retrieved from /home/airflow/.local/lib/python3.8/site-packages/airflow/example_dags/example_task_group_decorator.py
[2024-07-18T23:55:19.665+0000] {logging_mixin.py:188} INFO - [2024-07-18T23:55:19.665+0000] {dag.py:3047} INFO - Sync 1 DAGs
[2024-07-18T23:55:19.683+0000] {logging_mixin.py:188} INFO - [2024-07-18T23:55:19.683+0000] {dag.py:3834} INFO - Setting next_dagrun for example_task_group_decorator to 2024-07-17 00:00:00+00:00, run_after=2024-07-18 00:00:00+00:00
[2024-07-18T23:55:19.697+0000] {processor.py:183} INFO - Processing /home/airflow/.local/lib/python3.8/site-packages/airflow/example_dags/example_task_group_decorator.py took 0.070 seconds
[2024-07-18T23:55:49.841+0000] {processor.py:161} INFO - Started process (PID=1030) to work on /home/airflow/.local/lib/python3.8/site-packages/airflow/example_dags/example_task_group_decorator.py
[2024-07-18T23:55:49.842+0000] {processor.py:830} INFO - Processing file /home/airflow/.local/lib/python3.8/site-packages/airflow/example_dags/example_task_group_decorator.py for tasks to queue
[2024-07-18T23:55:49.843+0000] {logging_mixin.py:188} INFO - [2024-07-18T23:55:49.843+0000] {dagbag.py:540} INFO - Filling up the DagBag from /home/airflow/.local/lib/python3.8/site-packages/airflow/example_dags/example_task_group_decorator.py
[2024-07-18T23:55:49.854+0000] {processor.py:840} INFO - DAG(s) 'example_task_group_decorator' retrieved from /home/airflow/.local/lib/python3.8/site-packages/airflow/example_dags/example_task_group_decorator.py
[2024-07-18T23:55:49.874+0000] {logging_mixin.py:188} INFO - [2024-07-18T23:55:49.873+0000] {dag.py:3047} INFO - Sync 1 DAGs
[2024-07-18T23:55:49.891+0000] {logging_mixin.py:188} INFO - [2024-07-18T23:55:49.891+0000] {dag.py:3834} INFO - Setting next_dagrun for example_task_group_decorator to 2024-07-17 00:00:00+00:00, run_after=2024-07-18 00:00:00+00:00
[2024-07-18T23:55:49.906+0000] {processor.py:183} INFO - Processing /home/airflow/.local/lib/python3.8/site-packages/airflow/example_dags/example_task_group_decorator.py took 0.067 seconds
[2024-07-18T23:56:20.084+0000] {processor.py:161} INFO - Started process (PID=1086) to work on /home/airflow/.local/lib/python3.8/site-packages/airflow/example_dags/example_task_group_decorator.py
[2024-07-18T23:56:20.085+0000] {processor.py:830} INFO - Processing file /home/airflow/.local/lib/python3.8/site-packages/airflow/example_dags/example_task_group_decorator.py for tasks to queue
[2024-07-18T23:56:20.086+0000] {logging_mixin.py:188} INFO - [2024-07-18T23:56:20.086+0000] {dagbag.py:540} INFO - Filling up the DagBag from /home/airflow/.local/lib/python3.8/site-packages/airflow/example_dags/example_task_group_decorator.py
[2024-07-18T23:56:20.097+0000] {processor.py:840} INFO - DAG(s) 'example_task_group_decorator' retrieved from /home/airflow/.local/lib/python3.8/site-packages/airflow/example_dags/example_task_group_decorator.py
[2024-07-18T23:56:20.117+0000] {logging_mixin.py:188} INFO - [2024-07-18T23:56:20.116+0000] {dag.py:3047} INFO - Sync 1 DAGs
[2024-07-18T23:56:20.134+0000] {logging_mixin.py:188} INFO - [2024-07-18T23:56:20.133+0000] {dag.py:3834} INFO - Setting next_dagrun for example_task_group_decorator to 2024-07-17 00:00:00+00:00, run_after=2024-07-18 00:00:00+00:00
[2024-07-18T23:56:20.148+0000] {processor.py:183} INFO - Processing /home/airflow/.local/lib/python3.8/site-packages/airflow/example_dags/example_task_group_decorator.py took 0.066 seconds
[2024-07-18T23:56:50.403+0000] {processor.py:161} INFO - Started process (PID=1142) to work on /home/airflow/.local/lib/python3.8/site-packages/airflow/example_dags/example_task_group_decorator.py
[2024-07-18T23:56:50.404+0000] {processor.py:830} INFO - Processing file /home/airflow/.local/lib/python3.8/site-packages/airflow/example_dags/example_task_group_decorator.py for tasks to queue
[2024-07-18T23:56:50.405+0000] {logging_mixin.py:188} INFO - [2024-07-18T23:56:50.405+0000] {dagbag.py:540} INFO - Filling up the DagBag from /home/airflow/.local/lib/python3.8/site-packages/airflow/example_dags/example_task_group_decorator.py
[2024-07-18T23:56:50.416+0000] {processor.py:840} INFO - DAG(s) 'example_task_group_decorator' retrieved from /home/airflow/.local/lib/python3.8/site-packages/airflow/example_dags/example_task_group_decorator.py
[2024-07-18T23:56:50.435+0000] {logging_mixin.py:188} INFO - [2024-07-18T23:56:50.435+0000] {dag.py:3047} INFO - Sync 1 DAGs
[2024-07-18T23:56:50.451+0000] {logging_mixin.py:188} INFO - [2024-07-18T23:56:50.451+0000] {dag.py:3834} INFO - Setting next_dagrun for example_task_group_decorator to 2024-07-17 00:00:00+00:00, run_after=2024-07-18 00:00:00+00:00
[2024-07-18T23:56:50.467+0000] {processor.py:183} INFO - Processing /home/airflow/.local/lib/python3.8/site-packages/airflow/example_dags/example_task_group_decorator.py took 0.066 seconds
[2024-07-18T23:57:20.707+0000] {processor.py:161} INFO - Started process (PID=1198) to work on /home/airflow/.local/lib/python3.8/site-packages/airflow/example_dags/example_task_group_decorator.py
[2024-07-18T23:57:20.708+0000] {processor.py:830} INFO - Processing file /home/airflow/.local/lib/python3.8/site-packages/airflow/example_dags/example_task_group_decorator.py for tasks to queue
[2024-07-18T23:57:20.709+0000] {logging_mixin.py:188} INFO - [2024-07-18T23:57:20.709+0000] {dagbag.py:540} INFO - Filling up the DagBag from /home/airflow/.local/lib/python3.8/site-packages/airflow/example_dags/example_task_group_decorator.py
[2024-07-18T23:57:20.720+0000] {processor.py:840} INFO - DAG(s) 'example_task_group_decorator' retrieved from /home/airflow/.local/lib/python3.8/site-packages/airflow/example_dags/example_task_group_decorator.py
[2024-07-18T23:57:20.740+0000] {logging_mixin.py:188} INFO - [2024-07-18T23:57:20.739+0000] {dag.py:3047} INFO - Sync 1 DAGs
[2024-07-18T23:57:20.757+0000] {logging_mixin.py:188} INFO - [2024-07-18T23:57:20.757+0000] {dag.py:3834} INFO - Setting next_dagrun for example_task_group_decorator to 2024-07-17 00:00:00+00:00, run_after=2024-07-18 00:00:00+00:00
[2024-07-18T23:57:20.772+0000] {processor.py:183} INFO - Processing /home/airflow/.local/lib/python3.8/site-packages/airflow/example_dags/example_task_group_decorator.py took 0.067 seconds
[2024-07-18T23:57:50.997+0000] {processor.py:161} INFO - Started process (PID=1254) to work on /home/airflow/.local/lib/python3.8/site-packages/airflow/example_dags/example_task_group_decorator.py
[2024-07-18T23:57:50.998+0000] {processor.py:830} INFO - Processing file /home/airflow/.local/lib/python3.8/site-packages/airflow/example_dags/example_task_group_decorator.py for tasks to queue
[2024-07-18T23:57:50.999+0000] {logging_mixin.py:188} INFO - [2024-07-18T23:57:50.998+0000] {dagbag.py:540} INFO - Filling up the DagBag from /home/airflow/.local/lib/python3.8/site-packages/airflow/example_dags/example_task_group_decorator.py
[2024-07-18T23:57:51.010+0000] {processor.py:840} INFO - DAG(s) 'example_task_group_decorator' retrieved from /home/airflow/.local/lib/python3.8/site-packages/airflow/example_dags/example_task_group_decorator.py
[2024-07-18T23:57:51.031+0000] {logging_mixin.py:188} INFO - [2024-07-18T23:57:51.031+0000] {dag.py:3047} INFO - Sync 1 DAGs
[2024-07-18T23:57:51.047+0000] {logging_mixin.py:188} INFO - [2024-07-18T23:57:51.047+0000] {dag.py:3834} INFO - Setting next_dagrun for example_task_group_decorator to 2024-07-17 00:00:00+00:00, run_after=2024-07-18 00:00:00+00:00
[2024-07-18T23:57:51.062+0000] {processor.py:183} INFO - Processing /home/airflow/.local/lib/python3.8/site-packages/airflow/example_dags/example_task_group_decorator.py took 0.067 seconds
[2024-07-18T23:58:21.198+0000] {processor.py:161} INFO - Started process (PID=1310) to work on /home/airflow/.local/lib/python3.8/site-packages/airflow/example_dags/example_task_group_decorator.py
[2024-07-18T23:58:21.199+0000] {processor.py:830} INFO - Processing file /home/airflow/.local/lib/python3.8/site-packages/airflow/example_dags/example_task_group_decorator.py for tasks to queue
[2024-07-18T23:58:21.200+0000] {logging_mixin.py:188} INFO - [2024-07-18T23:58:21.200+0000] {dagbag.py:540} INFO - Filling up the DagBag from /home/airflow/.local/lib/python3.8/site-packages/airflow/example_dags/example_task_group_decorator.py
[2024-07-18T23:58:21.211+0000] {processor.py:840} INFO - DAG(s) 'example_task_group_decorator' retrieved from /home/airflow/.local/lib/python3.8/site-packages/airflow/example_dags/example_task_group_decorator.py
[2024-07-18T23:58:21.231+0000] {logging_mixin.py:188} INFO - [2024-07-18T23:58:21.231+0000] {dag.py:3047} INFO - Sync 1 DAGs
[2024-07-18T23:58:21.247+0000] {logging_mixin.py:188} INFO - [2024-07-18T23:58:21.247+0000] {dag.py:3834} INFO - Setting next_dagrun for example_task_group_decorator to 2024-07-17 00:00:00+00:00, run_after=2024-07-18 00:00:00+00:00
[2024-07-18T23:58:21.263+0000] {processor.py:183} INFO - Processing /home/airflow/.local/lib/python3.8/site-packages/airflow/example_dags/example_task_group_decorator.py took 0.067 seconds
[2024-07-18T23:58:51.401+0000] {processor.py:161} INFO - Started process (PID=1366) to work on /home/airflow/.local/lib/python3.8/site-packages/airflow/example_dags/example_task_group_decorator.py
[2024-07-18T23:58:51.402+0000] {processor.py:830} INFO - Processing file /home/airflow/.local/lib/python3.8/site-packages/airflow/example_dags/example_task_group_decorator.py for tasks to queue
[2024-07-18T23:58:51.403+0000] {logging_mixin.py:188} INFO - [2024-07-18T23:58:51.403+0000] {dagbag.py:540} INFO - Filling up the DagBag from /home/airflow/.local/lib/python3.8/site-packages/airflow/example_dags/example_task_group_decorator.py
[2024-07-18T23:58:51.415+0000] {processor.py:840} INFO - DAG(s) 'example_task_group_decorator' retrieved from /home/airflow/.local/lib/python3.8/site-packages/airflow/example_dags/example_task_group_decorator.py
[2024-07-18T23:58:51.434+0000] {logging_mixin.py:188} INFO - [2024-07-18T23:58:51.434+0000] {dag.py:3047} INFO - Sync 1 DAGs
[2024-07-18T23:58:51.451+0000] {logging_mixin.py:188} INFO - [2024-07-18T23:58:51.451+0000] {dag.py:3834} INFO - Setting next_dagrun for example_task_group_decorator to 2024-07-17 00:00:00+00:00, run_after=2024-07-18 00:00:00+00:00
[2024-07-18T23:58:51.466+0000] {processor.py:183} INFO - Processing /home/airflow/.local/lib/python3.8/site-packages/airflow/example_dags/example_task_group_decorator.py took 0.067 seconds
[2024-07-18T23:59:21.635+0000] {processor.py:161} INFO - Started process (PID=1422) to work on /home/airflow/.local/lib/python3.8/site-packages/airflow/example_dags/example_task_group_decorator.py
[2024-07-18T23:59:21.636+0000] {processor.py:830} INFO - Processing file /home/airflow/.local/lib/python3.8/site-packages/airflow/example_dags/example_task_group_decorator.py for tasks to queue
[2024-07-18T23:59:21.637+0000] {logging_mixin.py:188} INFO - [2024-07-18T23:59:21.637+0000] {dagbag.py:540} INFO - Filling up the DagBag from /home/airflow/.local/lib/python3.8/site-packages/airflow/example_dags/example_task_group_decorator.py
[2024-07-18T23:59:21.648+0000] {processor.py:840} INFO - DAG(s) 'example_task_group_decorator' retrieved from /home/airflow/.local/lib/python3.8/site-packages/airflow/example_dags/example_task_group_decorator.py
[2024-07-18T23:59:21.669+0000] {logging_mixin.py:188} INFO - [2024-07-18T23:59:21.668+0000] {dag.py:3047} INFO - Sync 1 DAGs
[2024-07-18T23:59:21.687+0000] {logging_mixin.py:188} INFO - [2024-07-18T23:59:21.686+0000] {dag.py:3834} INFO - Setting next_dagrun for example_task_group_decorator to 2024-07-17 00:00:00+00:00, run_after=2024-07-18 00:00:00+00:00
[2024-07-18T23:59:21.701+0000] {processor.py:183} INFO - Processing /home/airflow/.local/lib/python3.8/site-packages/airflow/example_dags/example_task_group_decorator.py took 0.068 seconds
[2024-07-18T23:59:51.789+0000] {processor.py:161} INFO - Started process (PID=1478) to work on /home/airflow/.local/lib/python3.8/site-packages/airflow/example_dags/example_task_group_decorator.py
[2024-07-18T23:59:51.790+0000] {processor.py:830} INFO - Processing file /home/airflow/.local/lib/python3.8/site-packages/airflow/example_dags/example_task_group_decorator.py for tasks to queue
[2024-07-18T23:59:51.791+0000] {logging_mixin.py:188} INFO - [2024-07-18T23:59:51.791+0000] {dagbag.py:540} INFO - Filling up the DagBag from /home/airflow/.local/lib/python3.8/site-packages/airflow/example_dags/example_task_group_decorator.py
[2024-07-18T23:59:51.802+0000] {processor.py:840} INFO - DAG(s) 'example_task_group_decorator' retrieved from /home/airflow/.local/lib/python3.8/site-packages/airflow/example_dags/example_task_group_decorator.py
[2024-07-18T23:59:51.821+0000] {logging_mixin.py:188} INFO - [2024-07-18T23:59:51.821+0000] {dag.py:3047} INFO - Sync 1 DAGs
[2024-07-18T23:59:51.837+0000] {logging_mixin.py:188} INFO - [2024-07-18T23:59:51.837+0000] {dag.py:3834} INFO - Setting next_dagrun for example_task_group_decorator to 2024-07-17 00:00:00+00:00, run_after=2024-07-18 00:00:00+00:00
[2024-07-18T23:59:51.852+0000] {processor.py:183} INFO - Processing /home/airflow/.local/lib/python3.8/site-packages/airflow/example_dags/example_task_group_decorator.py took 0.065 seconds
