[2024-07-18T23:40:54.528+0000] {processor.py:161} INFO - Started process (PID=82) to work on /home/airflow/.local/lib/python3.8/site-packages/airflow/example_dags/example_latest_only_with_trigger.py
[2024-07-18T23:40:54.529+0000] {processor.py:830} INFO - Processing file /home/airflow/.local/lib/python3.8/site-packages/airflow/example_dags/example_latest_only_with_trigger.py for tasks to queue
[2024-07-18T23:40:54.531+0000] {logging_mixin.py:188} INFO - [2024-07-18T23:40:54.531+0000] {dagbag.py:540} INFO - Filling up the DagBag from /home/airflow/.local/lib/python3.8/site-packages/airflow/example_dags/example_latest_only_with_trigger.py
[2024-07-18T23:40:54.537+0000] {processor.py:840} INFO - DAG(s) 'latest_only_with_trigger' retrieved from /home/airflow/.local/lib/python3.8/site-packages/airflow/example_dags/example_latest_only_with_trigger.py
[2024-07-18T23:40:54.549+0000] {logging_mixin.py:188} INFO - [2024-07-18T23:40:54.548+0000] {dag.py:3047} INFO - Sync 1 DAGs
[2024-07-18T23:40:54.572+0000] {logging_mixin.py:188} INFO - [2024-07-18T23:40:54.572+0000] {dag.py:3834} INFO - Setting next_dagrun for latest_only_with_trigger to 2024-07-18 16:00:00+00:00, run_after=2024-07-18 20:00:00+00:00
[2024-07-18T23:40:54.593+0000] {processor.py:183} INFO - Processing /home/airflow/.local/lib/python3.8/site-packages/airflow/example_dags/example_latest_only_with_trigger.py took 0.068 seconds
[2024-07-18T23:41:26.016+0000] {processor.py:161} INFO - Started process (PID=138) to work on /home/airflow/.local/lib/python3.8/site-packages/airflow/example_dags/example_latest_only_with_trigger.py
[2024-07-18T23:41:26.017+0000] {processor.py:830} INFO - Processing file /home/airflow/.local/lib/python3.8/site-packages/airflow/example_dags/example_latest_only_with_trigger.py for tasks to queue
[2024-07-18T23:41:26.019+0000] {logging_mixin.py:188} INFO - [2024-07-18T23:41:26.018+0000] {dagbag.py:540} INFO - Filling up the DagBag from /home/airflow/.local/lib/python3.8/site-packages/airflow/example_dags/example_latest_only_with_trigger.py
[2024-07-18T23:41:26.023+0000] {processor.py:840} INFO - DAG(s) 'latest_only_with_trigger' retrieved from /home/airflow/.local/lib/python3.8/site-packages/airflow/example_dags/example_latest_only_with_trigger.py
[2024-07-18T23:41:26.122+0000] {logging_mixin.py:188} INFO - [2024-07-18T23:41:26.122+0000] {dag.py:3047} INFO - Sync 1 DAGs
[2024-07-18T23:41:26.142+0000] {logging_mixin.py:188} INFO - [2024-07-18T23:41:26.142+0000] {dag.py:3834} INFO - Setting next_dagrun for latest_only_with_trigger to 2024-07-18 16:00:00+00:00, run_after=2024-07-18 20:00:00+00:00
[2024-07-18T23:41:26.162+0000] {processor.py:183} INFO - Processing /home/airflow/.local/lib/python3.8/site-packages/airflow/example_dags/example_latest_only_with_trigger.py took 0.148 seconds
[2024-07-18T23:41:56.445+0000] {processor.py:161} INFO - Started process (PID=194) to work on /home/airflow/.local/lib/python3.8/site-packages/airflow/example_dags/example_latest_only_with_trigger.py
[2024-07-18T23:41:56.446+0000] {processor.py:830} INFO - Processing file /home/airflow/.local/lib/python3.8/site-packages/airflow/example_dags/example_latest_only_with_trigger.py for tasks to queue
[2024-07-18T23:41:56.447+0000] {logging_mixin.py:188} INFO - [2024-07-18T23:41:56.447+0000] {dagbag.py:540} INFO - Filling up the DagBag from /home/airflow/.local/lib/python3.8/site-packages/airflow/example_dags/example_latest_only_with_trigger.py
[2024-07-18T23:41:56.451+0000] {processor.py:840} INFO - DAG(s) 'latest_only_with_trigger' retrieved from /home/airflow/.local/lib/python3.8/site-packages/airflow/example_dags/example_latest_only_with_trigger.py
[2024-07-18T23:41:56.466+0000] {logging_mixin.py:188} INFO - [2024-07-18T23:41:56.466+0000] {dag.py:3047} INFO - Sync 1 DAGs
[2024-07-18T23:41:56.482+0000] {logging_mixin.py:188} INFO - [2024-07-18T23:41:56.481+0000] {dag.py:3834} INFO - Setting next_dagrun for latest_only_with_trigger to 2024-07-18 16:00:00+00:00, run_after=2024-07-18 20:00:00+00:00
[2024-07-18T23:41:56.495+0000] {processor.py:183} INFO - Processing /home/airflow/.local/lib/python3.8/site-packages/airflow/example_dags/example_latest_only_with_trigger.py took 0.052 seconds
[2024-07-18T23:42:26.528+0000] {processor.py:161} INFO - Started process (PID=251) to work on /home/airflow/.local/lib/python3.8/site-packages/airflow/example_dags/example_latest_only_with_trigger.py
[2024-07-18T23:42:26.528+0000] {processor.py:830} INFO - Processing file /home/airflow/.local/lib/python3.8/site-packages/airflow/example_dags/example_latest_only_with_trigger.py for tasks to queue
[2024-07-18T23:42:26.530+0000] {logging_mixin.py:188} INFO - [2024-07-18T23:42:26.529+0000] {dagbag.py:540} INFO - Filling up the DagBag from /home/airflow/.local/lib/python3.8/site-packages/airflow/example_dags/example_latest_only_with_trigger.py
[2024-07-18T23:42:26.534+0000] {processor.py:840} INFO - DAG(s) 'latest_only_with_trigger' retrieved from /home/airflow/.local/lib/python3.8/site-packages/airflow/example_dags/example_latest_only_with_trigger.py
[2024-07-18T23:42:26.550+0000] {logging_mixin.py:188} INFO - [2024-07-18T23:42:26.549+0000] {dag.py:3047} INFO - Sync 1 DAGs
[2024-07-18T23:42:26.566+0000] {logging_mixin.py:188} INFO - [2024-07-18T23:42:26.566+0000] {dag.py:3834} INFO - Setting next_dagrun for latest_only_with_trigger to 2024-07-18 16:00:00+00:00, run_after=2024-07-18 20:00:00+00:00
[2024-07-18T23:42:26.581+0000] {processor.py:183} INFO - Processing /home/airflow/.local/lib/python3.8/site-packages/airflow/example_dags/example_latest_only_with_trigger.py took 0.056 seconds
[2024-07-18T23:42:56.863+0000] {processor.py:161} INFO - Started process (PID=307) to work on /home/airflow/.local/lib/python3.8/site-packages/airflow/example_dags/example_latest_only_with_trigger.py
[2024-07-18T23:42:56.866+0000] {processor.py:830} INFO - Processing file /home/airflow/.local/lib/python3.8/site-packages/airflow/example_dags/example_latest_only_with_trigger.py for tasks to queue
[2024-07-18T23:42:56.868+0000] {logging_mixin.py:188} INFO - [2024-07-18T23:42:56.868+0000] {dagbag.py:540} INFO - Filling up the DagBag from /home/airflow/.local/lib/python3.8/site-packages/airflow/example_dags/example_latest_only_with_trigger.py
[2024-07-18T23:42:56.876+0000] {processor.py:840} INFO - DAG(s) 'latest_only_with_trigger' retrieved from /home/airflow/.local/lib/python3.8/site-packages/airflow/example_dags/example_latest_only_with_trigger.py
[2024-07-18T23:42:56.899+0000] {logging_mixin.py:188} INFO - [2024-07-18T23:42:56.899+0000] {dag.py:3047} INFO - Sync 1 DAGs
[2024-07-18T23:42:56.921+0000] {logging_mixin.py:188} INFO - [2024-07-18T23:42:56.921+0000] {dag.py:3834} INFO - Setting next_dagrun for latest_only_with_trigger to 2024-07-18 16:00:00+00:00, run_after=2024-07-18 20:00:00+00:00
[2024-07-18T23:42:56.941+0000] {processor.py:183} INFO - Processing /home/airflow/.local/lib/python3.8/site-packages/airflow/example_dags/example_latest_only_with_trigger.py took 0.082 seconds
[2024-07-18T23:43:26.970+0000] {processor.py:161} INFO - Started process (PID=363) to work on /home/airflow/.local/lib/python3.8/site-packages/airflow/example_dags/example_latest_only_with_trigger.py
[2024-07-18T23:43:26.971+0000] {processor.py:830} INFO - Processing file /home/airflow/.local/lib/python3.8/site-packages/airflow/example_dags/example_latest_only_with_trigger.py for tasks to queue
[2024-07-18T23:43:26.972+0000] {logging_mixin.py:188} INFO - [2024-07-18T23:43:26.972+0000] {dagbag.py:540} INFO - Filling up the DagBag from /home/airflow/.local/lib/python3.8/site-packages/airflow/example_dags/example_latest_only_with_trigger.py
[2024-07-18T23:43:26.976+0000] {processor.py:840} INFO - DAG(s) 'latest_only_with_trigger' retrieved from /home/airflow/.local/lib/python3.8/site-packages/airflow/example_dags/example_latest_only_with_trigger.py
[2024-07-18T23:43:26.994+0000] {logging_mixin.py:188} INFO - [2024-07-18T23:43:26.993+0000] {dag.py:3047} INFO - Sync 1 DAGs
[2024-07-18T23:43:27.011+0000] {logging_mixin.py:188} INFO - [2024-07-18T23:43:27.011+0000] {dag.py:3834} INFO - Setting next_dagrun for latest_only_with_trigger to 2024-07-18 16:00:00+00:00, run_after=2024-07-18 20:00:00+00:00
[2024-07-18T23:43:27.026+0000] {processor.py:183} INFO - Processing /home/airflow/.local/lib/python3.8/site-packages/airflow/example_dags/example_latest_only_with_trigger.py took 0.059 seconds
[2024-07-18T23:43:57.262+0000] {processor.py:161} INFO - Started process (PID=419) to work on /home/airflow/.local/lib/python3.8/site-packages/airflow/example_dags/example_latest_only_with_trigger.py
[2024-07-18T23:43:57.263+0000] {processor.py:830} INFO - Processing file /home/airflow/.local/lib/python3.8/site-packages/airflow/example_dags/example_latest_only_with_trigger.py for tasks to queue
[2024-07-18T23:43:57.264+0000] {logging_mixin.py:188} INFO - [2024-07-18T23:43:57.264+0000] {dagbag.py:540} INFO - Filling up the DagBag from /home/airflow/.local/lib/python3.8/site-packages/airflow/example_dags/example_latest_only_with_trigger.py
[2024-07-18T23:43:57.268+0000] {processor.py:840} INFO - DAG(s) 'latest_only_with_trigger' retrieved from /home/airflow/.local/lib/python3.8/site-packages/airflow/example_dags/example_latest_only_with_trigger.py
[2024-07-18T23:43:57.284+0000] {logging_mixin.py:188} INFO - [2024-07-18T23:43:57.284+0000] {dag.py:3047} INFO - Sync 1 DAGs
[2024-07-18T23:43:57.300+0000] {logging_mixin.py:188} INFO - [2024-07-18T23:43:57.300+0000] {dag.py:3834} INFO - Setting next_dagrun for latest_only_with_trigger to 2024-07-18 16:00:00+00:00, run_after=2024-07-18 20:00:00+00:00
[2024-07-18T23:43:57.315+0000] {processor.py:183} INFO - Processing /home/airflow/.local/lib/python3.8/site-packages/airflow/example_dags/example_latest_only_with_trigger.py took 0.056 seconds
[2024-07-18T23:44:27.379+0000] {processor.py:161} INFO - Started process (PID=475) to work on /home/airflow/.local/lib/python3.8/site-packages/airflow/example_dags/example_latest_only_with_trigger.py
[2024-07-18T23:44:27.380+0000] {processor.py:830} INFO - Processing file /home/airflow/.local/lib/python3.8/site-packages/airflow/example_dags/example_latest_only_with_trigger.py for tasks to queue
[2024-07-18T23:44:27.381+0000] {logging_mixin.py:188} INFO - [2024-07-18T23:44:27.381+0000] {dagbag.py:540} INFO - Filling up the DagBag from /home/airflow/.local/lib/python3.8/site-packages/airflow/example_dags/example_latest_only_with_trigger.py
[2024-07-18T23:44:27.385+0000] {processor.py:840} INFO - DAG(s) 'latest_only_with_trigger' retrieved from /home/airflow/.local/lib/python3.8/site-packages/airflow/example_dags/example_latest_only_with_trigger.py
[2024-07-18T23:44:27.401+0000] {logging_mixin.py:188} INFO - [2024-07-18T23:44:27.400+0000] {dag.py:3047} INFO - Sync 1 DAGs
[2024-07-18T23:44:27.417+0000] {logging_mixin.py:188} INFO - [2024-07-18T23:44:27.417+0000] {dag.py:3834} INFO - Setting next_dagrun for latest_only_with_trigger to 2024-07-18 16:00:00+00:00, run_after=2024-07-18 20:00:00+00:00
[2024-07-18T23:44:27.431+0000] {processor.py:183} INFO - Processing /home/airflow/.local/lib/python3.8/site-packages/airflow/example_dags/example_latest_only_with_trigger.py took 0.055 seconds
[2024-07-18T23:44:57.700+0000] {processor.py:161} INFO - Started process (PID=531) to work on /home/airflow/.local/lib/python3.8/site-packages/airflow/example_dags/example_latest_only_with_trigger.py
[2024-07-18T23:44:57.701+0000] {processor.py:830} INFO - Processing file /home/airflow/.local/lib/python3.8/site-packages/airflow/example_dags/example_latest_only_with_trigger.py for tasks to queue
[2024-07-18T23:44:57.702+0000] {logging_mixin.py:188} INFO - [2024-07-18T23:44:57.702+0000] {dagbag.py:540} INFO - Filling up the DagBag from /home/airflow/.local/lib/python3.8/site-packages/airflow/example_dags/example_latest_only_with_trigger.py
[2024-07-18T23:44:57.706+0000] {processor.py:840} INFO - DAG(s) 'latest_only_with_trigger' retrieved from /home/airflow/.local/lib/python3.8/site-packages/airflow/example_dags/example_latest_only_with_trigger.py
[2024-07-18T23:44:57.722+0000] {logging_mixin.py:188} INFO - [2024-07-18T23:44:57.722+0000] {dag.py:3047} INFO - Sync 1 DAGs
[2024-07-18T23:44:57.739+0000] {logging_mixin.py:188} INFO - [2024-07-18T23:44:57.739+0000] {dag.py:3834} INFO - Setting next_dagrun for latest_only_with_trigger to 2024-07-18 16:00:00+00:00, run_after=2024-07-18 20:00:00+00:00
[2024-07-18T23:44:57.754+0000] {processor.py:183} INFO - Processing /home/airflow/.local/lib/python3.8/site-packages/airflow/example_dags/example_latest_only_with_trigger.py took 0.056 seconds
[2024-07-18T23:45:27.992+0000] {processor.py:161} INFO - Started process (PID=587) to work on /home/airflow/.local/lib/python3.8/site-packages/airflow/example_dags/example_latest_only_with_trigger.py
[2024-07-18T23:45:27.993+0000] {processor.py:830} INFO - Processing file /home/airflow/.local/lib/python3.8/site-packages/airflow/example_dags/example_latest_only_with_trigger.py for tasks to queue
[2024-07-18T23:45:27.994+0000] {logging_mixin.py:188} INFO - [2024-07-18T23:45:27.994+0000] {dagbag.py:540} INFO - Filling up the DagBag from /home/airflow/.local/lib/python3.8/site-packages/airflow/example_dags/example_latest_only_with_trigger.py
[2024-07-18T23:45:27.999+0000] {processor.py:840} INFO - DAG(s) 'latest_only_with_trigger' retrieved from /home/airflow/.local/lib/python3.8/site-packages/airflow/example_dags/example_latest_only_with_trigger.py
[2024-07-18T23:45:28.017+0000] {logging_mixin.py:188} INFO - [2024-07-18T23:45:28.017+0000] {dag.py:3047} INFO - Sync 1 DAGs
[2024-07-18T23:45:28.036+0000] {logging_mixin.py:188} INFO - [2024-07-18T23:45:28.035+0000] {dag.py:3834} INFO - Setting next_dagrun for latest_only_with_trigger to 2024-07-18 16:00:00+00:00, run_after=2024-07-18 20:00:00+00:00
[2024-07-18T23:45:28.054+0000] {processor.py:183} INFO - Processing /home/airflow/.local/lib/python3.8/site-packages/airflow/example_dags/example_latest_only_with_trigger.py took 0.066 seconds
[2024-07-18T23:47:14.981+0000] {processor.py:161} INFO - Started process (PID=82) to work on /home/airflow/.local/lib/python3.8/site-packages/airflow/example_dags/example_latest_only_with_trigger.py
[2024-07-18T23:47:14.982+0000] {processor.py:830} INFO - Processing file /home/airflow/.local/lib/python3.8/site-packages/airflow/example_dags/example_latest_only_with_trigger.py for tasks to queue
[2024-07-18T23:47:14.984+0000] {logging_mixin.py:188} INFO - [2024-07-18T23:47:14.983+0000] {dagbag.py:540} INFO - Filling up the DagBag from /home/airflow/.local/lib/python3.8/site-packages/airflow/example_dags/example_latest_only_with_trigger.py
[2024-07-18T23:47:14.991+0000] {processor.py:840} INFO - DAG(s) 'latest_only_with_trigger' retrieved from /home/airflow/.local/lib/python3.8/site-packages/airflow/example_dags/example_latest_only_with_trigger.py
[2024-07-18T23:47:15.003+0000] {logging_mixin.py:188} INFO - [2024-07-18T23:47:15.002+0000] {dag.py:3047} INFO - Sync 1 DAGs
[2024-07-18T23:47:15.024+0000] {logging_mixin.py:188} INFO - [2024-07-18T23:47:15.024+0000] {dag.py:3834} INFO - Setting next_dagrun for latest_only_with_trigger to 2024-07-18 16:00:00+00:00, run_after=2024-07-18 20:00:00+00:00
[2024-07-18T23:47:15.042+0000] {processor.py:183} INFO - Processing /home/airflow/.local/lib/python3.8/site-packages/airflow/example_dags/example_latest_only_with_trigger.py took 0.064 seconds
[2024-07-18T23:47:46.367+0000] {processor.py:161} INFO - Started process (PID=138) to work on /home/airflow/.local/lib/python3.8/site-packages/airflow/example_dags/example_latest_only_with_trigger.py
[2024-07-18T23:47:46.392+0000] {processor.py:830} INFO - Processing file /home/airflow/.local/lib/python3.8/site-packages/airflow/example_dags/example_latest_only_with_trigger.py for tasks to queue
[2024-07-18T23:47:46.393+0000] {logging_mixin.py:188} INFO - [2024-07-18T23:47:46.393+0000] {dagbag.py:540} INFO - Filling up the DagBag from /home/airflow/.local/lib/python3.8/site-packages/airflow/example_dags/example_latest_only_with_trigger.py
[2024-07-18T23:47:46.397+0000] {processor.py:840} INFO - DAG(s) 'latest_only_with_trigger' retrieved from /home/airflow/.local/lib/python3.8/site-packages/airflow/example_dags/example_latest_only_with_trigger.py
[2024-07-18T23:47:46.483+0000] {logging_mixin.py:188} INFO - [2024-07-18T23:47:46.483+0000] {dag.py:3047} INFO - Sync 1 DAGs
[2024-07-18T23:47:46.501+0000] {logging_mixin.py:188} INFO - [2024-07-18T23:47:46.501+0000] {dag.py:3834} INFO - Setting next_dagrun for latest_only_with_trigger to 2024-07-18 16:00:00+00:00, run_after=2024-07-18 20:00:00+00:00
[2024-07-18T23:47:46.519+0000] {processor.py:183} INFO - Processing /home/airflow/.local/lib/python3.8/site-packages/airflow/example_dags/example_latest_only_with_trigger.py took 0.154 seconds
[2024-07-18T23:48:17.139+0000] {processor.py:161} INFO - Started process (PID=194) to work on /home/airflow/.local/lib/python3.8/site-packages/airflow/example_dags/example_latest_only_with_trigger.py
[2024-07-18T23:48:17.140+0000] {processor.py:830} INFO - Processing file /home/airflow/.local/lib/python3.8/site-packages/airflow/example_dags/example_latest_only_with_trigger.py for tasks to queue
[2024-07-18T23:48:17.141+0000] {logging_mixin.py:188} INFO - [2024-07-18T23:48:17.141+0000] {dagbag.py:540} INFO - Filling up the DagBag from /home/airflow/.local/lib/python3.8/site-packages/airflow/example_dags/example_latest_only_with_trigger.py
[2024-07-18T23:48:17.145+0000] {processor.py:840} INFO - DAG(s) 'latest_only_with_trigger' retrieved from /home/airflow/.local/lib/python3.8/site-packages/airflow/example_dags/example_latest_only_with_trigger.py
[2024-07-18T23:48:17.163+0000] {logging_mixin.py:188} INFO - [2024-07-18T23:48:17.162+0000] {dag.py:3047} INFO - Sync 1 DAGs
[2024-07-18T23:48:17.179+0000] {logging_mixin.py:188} INFO - [2024-07-18T23:48:17.179+0000] {dag.py:3834} INFO - Setting next_dagrun for latest_only_with_trigger to 2024-07-18 16:00:00+00:00, run_after=2024-07-18 20:00:00+00:00
[2024-07-18T23:48:17.193+0000] {processor.py:183} INFO - Processing /home/airflow/.local/lib/python3.8/site-packages/airflow/example_dags/example_latest_only_with_trigger.py took 0.056 seconds
[2024-07-18T23:48:47.236+0000] {processor.py:161} INFO - Started process (PID=250) to work on /home/airflow/.local/lib/python3.8/site-packages/airflow/example_dags/example_latest_only_with_trigger.py
[2024-07-18T23:48:47.237+0000] {processor.py:830} INFO - Processing file /home/airflow/.local/lib/python3.8/site-packages/airflow/example_dags/example_latest_only_with_trigger.py for tasks to queue
[2024-07-18T23:48:47.238+0000] {logging_mixin.py:188} INFO - [2024-07-18T23:48:47.238+0000] {dagbag.py:540} INFO - Filling up the DagBag from /home/airflow/.local/lib/python3.8/site-packages/airflow/example_dags/example_latest_only_with_trigger.py
[2024-07-18T23:48:47.242+0000] {processor.py:840} INFO - DAG(s) 'latest_only_with_trigger' retrieved from /home/airflow/.local/lib/python3.8/site-packages/airflow/example_dags/example_latest_only_with_trigger.py
[2024-07-18T23:48:47.259+0000] {logging_mixin.py:188} INFO - [2024-07-18T23:48:47.258+0000] {dag.py:3047} INFO - Sync 1 DAGs
[2024-07-18T23:48:47.275+0000] {logging_mixin.py:188} INFO - [2024-07-18T23:48:47.275+0000] {dag.py:3834} INFO - Setting next_dagrun for latest_only_with_trigger to 2024-07-18 16:00:00+00:00, run_after=2024-07-18 20:00:00+00:00
[2024-07-18T23:48:47.291+0000] {processor.py:183} INFO - Processing /home/airflow/.local/lib/python3.8/site-packages/airflow/example_dags/example_latest_only_with_trigger.py took 0.057 seconds
[2024-07-18T23:49:17.325+0000] {processor.py:161} INFO - Started process (PID=306) to work on /home/airflow/.local/lib/python3.8/site-packages/airflow/example_dags/example_latest_only_with_trigger.py
[2024-07-18T23:49:17.326+0000] {processor.py:830} INFO - Processing file /home/airflow/.local/lib/python3.8/site-packages/airflow/example_dags/example_latest_only_with_trigger.py for tasks to queue
[2024-07-18T23:49:17.327+0000] {logging_mixin.py:188} INFO - [2024-07-18T23:49:17.327+0000] {dagbag.py:540} INFO - Filling up the DagBag from /home/airflow/.local/lib/python3.8/site-packages/airflow/example_dags/example_latest_only_with_trigger.py
[2024-07-18T23:49:17.332+0000] {processor.py:840} INFO - DAG(s) 'latest_only_with_trigger' retrieved from /home/airflow/.local/lib/python3.8/site-packages/airflow/example_dags/example_latest_only_with_trigger.py
[2024-07-18T23:49:17.347+0000] {logging_mixin.py:188} INFO - [2024-07-18T23:49:17.347+0000] {dag.py:3047} INFO - Sync 1 DAGs
[2024-07-18T23:49:17.364+0000] {logging_mixin.py:188} INFO - [2024-07-18T23:49:17.364+0000] {dag.py:3834} INFO - Setting next_dagrun for latest_only_with_trigger to 2024-07-18 16:00:00+00:00, run_after=2024-07-18 20:00:00+00:00
[2024-07-18T23:49:17.379+0000] {processor.py:183} INFO - Processing /home/airflow/.local/lib/python3.8/site-packages/airflow/example_dags/example_latest_only_with_trigger.py took 0.055 seconds
[2024-07-18T23:49:47.675+0000] {processor.py:161} INFO - Started process (PID=362) to work on /home/airflow/.local/lib/python3.8/site-packages/airflow/example_dags/example_latest_only_with_trigger.py
[2024-07-18T23:49:47.676+0000] {processor.py:830} INFO - Processing file /home/airflow/.local/lib/python3.8/site-packages/airflow/example_dags/example_latest_only_with_trigger.py for tasks to queue
[2024-07-18T23:49:47.677+0000] {logging_mixin.py:188} INFO - [2024-07-18T23:49:47.677+0000] {dagbag.py:540} INFO - Filling up the DagBag from /home/airflow/.local/lib/python3.8/site-packages/airflow/example_dags/example_latest_only_with_trigger.py
[2024-07-18T23:49:47.681+0000] {processor.py:840} INFO - DAG(s) 'latest_only_with_trigger' retrieved from /home/airflow/.local/lib/python3.8/site-packages/airflow/example_dags/example_latest_only_with_trigger.py
[2024-07-18T23:49:47.697+0000] {logging_mixin.py:188} INFO - [2024-07-18T23:49:47.697+0000] {dag.py:3047} INFO - Sync 1 DAGs
[2024-07-18T23:49:47.714+0000] {logging_mixin.py:188} INFO - [2024-07-18T23:49:47.714+0000] {dag.py:3834} INFO - Setting next_dagrun for latest_only_with_trigger to 2024-07-18 16:00:00+00:00, run_after=2024-07-18 20:00:00+00:00
[2024-07-18T23:49:47.729+0000] {processor.py:183} INFO - Processing /home/airflow/.local/lib/python3.8/site-packages/airflow/example_dags/example_latest_only_with_trigger.py took 0.056 seconds
[2024-07-18T23:50:17.791+0000] {processor.py:161} INFO - Started process (PID=418) to work on /home/airflow/.local/lib/python3.8/site-packages/airflow/example_dags/example_latest_only_with_trigger.py
[2024-07-18T23:50:17.792+0000] {processor.py:830} INFO - Processing file /home/airflow/.local/lib/python3.8/site-packages/airflow/example_dags/example_latest_only_with_trigger.py for tasks to queue
[2024-07-18T23:50:17.793+0000] {logging_mixin.py:188} INFO - [2024-07-18T23:50:17.793+0000] {dagbag.py:540} INFO - Filling up the DagBag from /home/airflow/.local/lib/python3.8/site-packages/airflow/example_dags/example_latest_only_with_trigger.py
[2024-07-18T23:50:17.797+0000] {processor.py:840} INFO - DAG(s) 'latest_only_with_trigger' retrieved from /home/airflow/.local/lib/python3.8/site-packages/airflow/example_dags/example_latest_only_with_trigger.py
[2024-07-18T23:50:17.814+0000] {logging_mixin.py:188} INFO - [2024-07-18T23:50:17.814+0000] {dag.py:3047} INFO - Sync 1 DAGs
[2024-07-18T23:50:17.833+0000] {logging_mixin.py:188} INFO - [2024-07-18T23:50:17.833+0000] {dag.py:3834} INFO - Setting next_dagrun for latest_only_with_trigger to 2024-07-18 16:00:00+00:00, run_after=2024-07-18 20:00:00+00:00
[2024-07-18T23:50:17.848+0000] {processor.py:183} INFO - Processing /home/airflow/.local/lib/python3.8/site-packages/airflow/example_dags/example_latest_only_with_trigger.py took 0.060 seconds
[2024-07-18T23:50:47.967+0000] {processor.py:161} INFO - Started process (PID=474) to work on /home/airflow/.local/lib/python3.8/site-packages/airflow/example_dags/example_latest_only_with_trigger.py
[2024-07-18T23:50:47.968+0000] {processor.py:830} INFO - Processing file /home/airflow/.local/lib/python3.8/site-packages/airflow/example_dags/example_latest_only_with_trigger.py for tasks to queue
[2024-07-18T23:50:47.969+0000] {logging_mixin.py:188} INFO - [2024-07-18T23:50:47.969+0000] {dagbag.py:540} INFO - Filling up the DagBag from /home/airflow/.local/lib/python3.8/site-packages/airflow/example_dags/example_latest_only_with_trigger.py
[2024-07-18T23:50:47.973+0000] {processor.py:840} INFO - DAG(s) 'latest_only_with_trigger' retrieved from /home/airflow/.local/lib/python3.8/site-packages/airflow/example_dags/example_latest_only_with_trigger.py
[2024-07-18T23:50:47.990+0000] {logging_mixin.py:188} INFO - [2024-07-18T23:50:47.990+0000] {dag.py:3047} INFO - Sync 1 DAGs
[2024-07-18T23:50:48.009+0000] {logging_mixin.py:188} INFO - [2024-07-18T23:50:48.009+0000] {dag.py:3834} INFO - Setting next_dagrun for latest_only_with_trigger to 2024-07-18 16:00:00+00:00, run_after=2024-07-18 20:00:00+00:00
[2024-07-18T23:50:48.025+0000] {processor.py:183} INFO - Processing /home/airflow/.local/lib/python3.8/site-packages/airflow/example_dags/example_latest_only_with_trigger.py took 0.061 seconds
[2024-07-18T23:51:18.219+0000] {processor.py:161} INFO - Started process (PID=530) to work on /home/airflow/.local/lib/python3.8/site-packages/airflow/example_dags/example_latest_only_with_trigger.py
[2024-07-18T23:51:18.220+0000] {processor.py:830} INFO - Processing file /home/airflow/.local/lib/python3.8/site-packages/airflow/example_dags/example_latest_only_with_trigger.py for tasks to queue
[2024-07-18T23:51:18.221+0000] {logging_mixin.py:188} INFO - [2024-07-18T23:51:18.221+0000] {dagbag.py:540} INFO - Filling up the DagBag from /home/airflow/.local/lib/python3.8/site-packages/airflow/example_dags/example_latest_only_with_trigger.py
[2024-07-18T23:51:18.225+0000] {processor.py:840} INFO - DAG(s) 'latest_only_with_trigger' retrieved from /home/airflow/.local/lib/python3.8/site-packages/airflow/example_dags/example_latest_only_with_trigger.py
[2024-07-18T23:51:18.242+0000] {logging_mixin.py:188} INFO - [2024-07-18T23:51:18.242+0000] {dag.py:3047} INFO - Sync 1 DAGs
[2024-07-18T23:51:18.259+0000] {logging_mixin.py:188} INFO - [2024-07-18T23:51:18.258+0000] {dag.py:3834} INFO - Setting next_dagrun for latest_only_with_trigger to 2024-07-18 16:00:00+00:00, run_after=2024-07-18 20:00:00+00:00
[2024-07-18T23:51:18.273+0000] {processor.py:183} INFO - Processing /home/airflow/.local/lib/python3.8/site-packages/airflow/example_dags/example_latest_only_with_trigger.py took 0.056 seconds
[2024-07-18T23:51:48.323+0000] {processor.py:161} INFO - Started process (PID=586) to work on /home/airflow/.local/lib/python3.8/site-packages/airflow/example_dags/example_latest_only_with_trigger.py
[2024-07-18T23:51:48.324+0000] {processor.py:830} INFO - Processing file /home/airflow/.local/lib/python3.8/site-packages/airflow/example_dags/example_latest_only_with_trigger.py for tasks to queue
[2024-07-18T23:51:48.325+0000] {logging_mixin.py:188} INFO - [2024-07-18T23:51:48.324+0000] {dagbag.py:540} INFO - Filling up the DagBag from /home/airflow/.local/lib/python3.8/site-packages/airflow/example_dags/example_latest_only_with_trigger.py
[2024-07-18T23:51:48.329+0000] {processor.py:840} INFO - DAG(s) 'latest_only_with_trigger' retrieved from /home/airflow/.local/lib/python3.8/site-packages/airflow/example_dags/example_latest_only_with_trigger.py
[2024-07-18T23:51:48.348+0000] {logging_mixin.py:188} INFO - [2024-07-18T23:51:48.347+0000] {dag.py:3047} INFO - Sync 1 DAGs
[2024-07-18T23:51:48.367+0000] {logging_mixin.py:188} INFO - [2024-07-18T23:51:48.367+0000] {dag.py:3834} INFO - Setting next_dagrun for latest_only_with_trigger to 2024-07-18 16:00:00+00:00, run_after=2024-07-18 20:00:00+00:00
[2024-07-18T23:51:48.384+0000] {processor.py:183} INFO - Processing /home/airflow/.local/lib/python3.8/site-packages/airflow/example_dags/example_latest_only_with_trigger.py took 0.063 seconds
[2024-07-18T23:52:18.404+0000] {processor.py:161} INFO - Started process (PID=642) to work on /home/airflow/.local/lib/python3.8/site-packages/airflow/example_dags/example_latest_only_with_trigger.py
[2024-07-18T23:52:18.406+0000] {processor.py:830} INFO - Processing file /home/airflow/.local/lib/python3.8/site-packages/airflow/example_dags/example_latest_only_with_trigger.py for tasks to queue
[2024-07-18T23:52:18.407+0000] {logging_mixin.py:188} INFO - [2024-07-18T23:52:18.407+0000] {dagbag.py:540} INFO - Filling up the DagBag from /home/airflow/.local/lib/python3.8/site-packages/airflow/example_dags/example_latest_only_with_trigger.py
[2024-07-18T23:52:18.411+0000] {processor.py:840} INFO - DAG(s) 'latest_only_with_trigger' retrieved from /home/airflow/.local/lib/python3.8/site-packages/airflow/example_dags/example_latest_only_with_trigger.py
[2024-07-18T23:52:18.428+0000] {logging_mixin.py:188} INFO - [2024-07-18T23:52:18.428+0000] {dag.py:3047} INFO - Sync 1 DAGs
[2024-07-18T23:52:18.447+0000] {logging_mixin.py:188} INFO - [2024-07-18T23:52:18.447+0000] {dag.py:3834} INFO - Setting next_dagrun for latest_only_with_trigger to 2024-07-18 16:00:00+00:00, run_after=2024-07-18 20:00:00+00:00
[2024-07-18T23:52:18.462+0000] {processor.py:183} INFO - Processing /home/airflow/.local/lib/python3.8/site-packages/airflow/example_dags/example_latest_only_with_trigger.py took 0.061 seconds
[2024-07-18T23:52:48.591+0000] {processor.py:161} INFO - Started process (PID=698) to work on /home/airflow/.local/lib/python3.8/site-packages/airflow/example_dags/example_latest_only_with_trigger.py
[2024-07-18T23:52:48.592+0000] {processor.py:830} INFO - Processing file /home/airflow/.local/lib/python3.8/site-packages/airflow/example_dags/example_latest_only_with_trigger.py for tasks to queue
[2024-07-18T23:52:48.593+0000] {logging_mixin.py:188} INFO - [2024-07-18T23:52:48.593+0000] {dagbag.py:540} INFO - Filling up the DagBag from /home/airflow/.local/lib/python3.8/site-packages/airflow/example_dags/example_latest_only_with_trigger.py
[2024-07-18T23:52:48.597+0000] {processor.py:840} INFO - DAG(s) 'latest_only_with_trigger' retrieved from /home/airflow/.local/lib/python3.8/site-packages/airflow/example_dags/example_latest_only_with_trigger.py
[2024-07-18T23:52:48.613+0000] {logging_mixin.py:188} INFO - [2024-07-18T23:52:48.612+0000] {dag.py:3047} INFO - Sync 1 DAGs
[2024-07-18T23:52:48.629+0000] {logging_mixin.py:188} INFO - [2024-07-18T23:52:48.629+0000] {dag.py:3834} INFO - Setting next_dagrun for latest_only_with_trigger to 2024-07-18 16:00:00+00:00, run_after=2024-07-18 20:00:00+00:00
[2024-07-18T23:52:48.644+0000] {processor.py:183} INFO - Processing /home/airflow/.local/lib/python3.8/site-packages/airflow/example_dags/example_latest_only_with_trigger.py took 0.055 seconds
[2024-07-18T23:53:18.798+0000] {processor.py:161} INFO - Started process (PID=754) to work on /home/airflow/.local/lib/python3.8/site-packages/airflow/example_dags/example_latest_only_with_trigger.py
[2024-07-18T23:53:18.799+0000] {processor.py:830} INFO - Processing file /home/airflow/.local/lib/python3.8/site-packages/airflow/example_dags/example_latest_only_with_trigger.py for tasks to queue
[2024-07-18T23:53:18.801+0000] {logging_mixin.py:188} INFO - [2024-07-18T23:53:18.800+0000] {dagbag.py:540} INFO - Filling up the DagBag from /home/airflow/.local/lib/python3.8/site-packages/airflow/example_dags/example_latest_only_with_trigger.py
[2024-07-18T23:53:18.805+0000] {processor.py:840} INFO - DAG(s) 'latest_only_with_trigger' retrieved from /home/airflow/.local/lib/python3.8/site-packages/airflow/example_dags/example_latest_only_with_trigger.py
[2024-07-18T23:53:18.821+0000] {logging_mixin.py:188} INFO - [2024-07-18T23:53:18.820+0000] {dag.py:3047} INFO - Sync 1 DAGs
[2024-07-18T23:53:18.837+0000] {logging_mixin.py:188} INFO - [2024-07-18T23:53:18.837+0000] {dag.py:3834} INFO - Setting next_dagrun for latest_only_with_trigger to 2024-07-18 16:00:00+00:00, run_after=2024-07-18 20:00:00+00:00
[2024-07-18T23:53:18.853+0000] {processor.py:183} INFO - Processing /home/airflow/.local/lib/python3.8/site-packages/airflow/example_dags/example_latest_only_with_trigger.py took 0.056 seconds
[2024-07-18T23:53:49.038+0000] {processor.py:161} INFO - Started process (PID=810) to work on /home/airflow/.local/lib/python3.8/site-packages/airflow/example_dags/example_latest_only_with_trigger.py
[2024-07-18T23:53:49.039+0000] {processor.py:830} INFO - Processing file /home/airflow/.local/lib/python3.8/site-packages/airflow/example_dags/example_latest_only_with_trigger.py for tasks to queue
[2024-07-18T23:53:49.040+0000] {logging_mixin.py:188} INFO - [2024-07-18T23:53:49.040+0000] {dagbag.py:540} INFO - Filling up the DagBag from /home/airflow/.local/lib/python3.8/site-packages/airflow/example_dags/example_latest_only_with_trigger.py
[2024-07-18T23:53:49.045+0000] {processor.py:840} INFO - DAG(s) 'latest_only_with_trigger' retrieved from /home/airflow/.local/lib/python3.8/site-packages/airflow/example_dags/example_latest_only_with_trigger.py
[2024-07-18T23:53:49.062+0000] {logging_mixin.py:188} INFO - [2024-07-18T23:53:49.061+0000] {dag.py:3047} INFO - Sync 1 DAGs
[2024-07-18T23:53:49.079+0000] {logging_mixin.py:188} INFO - [2024-07-18T23:53:49.078+0000] {dag.py:3834} INFO - Setting next_dagrun for latest_only_with_trigger to 2024-07-18 16:00:00+00:00, run_after=2024-07-18 20:00:00+00:00
[2024-07-18T23:53:49.095+0000] {processor.py:183} INFO - Processing /home/airflow/.local/lib/python3.8/site-packages/airflow/example_dags/example_latest_only_with_trigger.py took 0.059 seconds
[2024-07-18T23:54:19.263+0000] {processor.py:161} INFO - Started process (PID=866) to work on /home/airflow/.local/lib/python3.8/site-packages/airflow/example_dags/example_latest_only_with_trigger.py
[2024-07-18T23:54:19.264+0000] {processor.py:830} INFO - Processing file /home/airflow/.local/lib/python3.8/site-packages/airflow/example_dags/example_latest_only_with_trigger.py for tasks to queue
[2024-07-18T23:54:19.265+0000] {logging_mixin.py:188} INFO - [2024-07-18T23:54:19.265+0000] {dagbag.py:540} INFO - Filling up the DagBag from /home/airflow/.local/lib/python3.8/site-packages/airflow/example_dags/example_latest_only_with_trigger.py
[2024-07-18T23:54:19.269+0000] {processor.py:840} INFO - DAG(s) 'latest_only_with_trigger' retrieved from /home/airflow/.local/lib/python3.8/site-packages/airflow/example_dags/example_latest_only_with_trigger.py
[2024-07-18T23:54:19.287+0000] {logging_mixin.py:188} INFO - [2024-07-18T23:54:19.287+0000] {dag.py:3047} INFO - Sync 1 DAGs
[2024-07-18T23:54:19.304+0000] {logging_mixin.py:188} INFO - [2024-07-18T23:54:19.304+0000] {dag.py:3834} INFO - Setting next_dagrun for latest_only_with_trigger to 2024-07-18 16:00:00+00:00, run_after=2024-07-18 20:00:00+00:00
[2024-07-18T23:54:19.318+0000] {processor.py:183} INFO - Processing /home/airflow/.local/lib/python3.8/site-packages/airflow/example_dags/example_latest_only_with_trigger.py took 0.058 seconds
[2024-07-18T23:54:49.519+0000] {processor.py:161} INFO - Started process (PID=922) to work on /home/airflow/.local/lib/python3.8/site-packages/airflow/example_dags/example_latest_only_with_trigger.py
[2024-07-18T23:54:49.520+0000] {processor.py:830} INFO - Processing file /home/airflow/.local/lib/python3.8/site-packages/airflow/example_dags/example_latest_only_with_trigger.py for tasks to queue
[2024-07-18T23:54:49.521+0000] {logging_mixin.py:188} INFO - [2024-07-18T23:54:49.521+0000] {dagbag.py:540} INFO - Filling up the DagBag from /home/airflow/.local/lib/python3.8/site-packages/airflow/example_dags/example_latest_only_with_trigger.py
[2024-07-18T23:54:49.525+0000] {processor.py:840} INFO - DAG(s) 'latest_only_with_trigger' retrieved from /home/airflow/.local/lib/python3.8/site-packages/airflow/example_dags/example_latest_only_with_trigger.py
[2024-07-18T23:54:49.543+0000] {logging_mixin.py:188} INFO - [2024-07-18T23:54:49.542+0000] {dag.py:3047} INFO - Sync 1 DAGs
[2024-07-18T23:54:49.563+0000] {logging_mixin.py:188} INFO - [2024-07-18T23:54:49.563+0000] {dag.py:3834} INFO - Setting next_dagrun for latest_only_with_trigger to 2024-07-18 16:00:00+00:00, run_after=2024-07-18 20:00:00+00:00
[2024-07-18T23:54:49.578+0000] {processor.py:183} INFO - Processing /home/airflow/.local/lib/python3.8/site-packages/airflow/example_dags/example_latest_only_with_trigger.py took 0.060 seconds
[2024-07-18T23:55:19.820+0000] {processor.py:161} INFO - Started process (PID=979) to work on /home/airflow/.local/lib/python3.8/site-packages/airflow/example_dags/example_latest_only_with_trigger.py
[2024-07-18T23:55:19.821+0000] {processor.py:830} INFO - Processing file /home/airflow/.local/lib/python3.8/site-packages/airflow/example_dags/example_latest_only_with_trigger.py for tasks to queue
[2024-07-18T23:55:19.822+0000] {logging_mixin.py:188} INFO - [2024-07-18T23:55:19.822+0000] {dagbag.py:540} INFO - Filling up the DagBag from /home/airflow/.local/lib/python3.8/site-packages/airflow/example_dags/example_latest_only_with_trigger.py
[2024-07-18T23:55:19.826+0000] {processor.py:840} INFO - DAG(s) 'latest_only_with_trigger' retrieved from /home/airflow/.local/lib/python3.8/site-packages/airflow/example_dags/example_latest_only_with_trigger.py
[2024-07-18T23:55:19.842+0000] {logging_mixin.py:188} INFO - [2024-07-18T23:55:19.842+0000] {dag.py:3047} INFO - Sync 1 DAGs
[2024-07-18T23:55:19.860+0000] {logging_mixin.py:188} INFO - [2024-07-18T23:55:19.860+0000] {dag.py:3834} INFO - Setting next_dagrun for latest_only_with_trigger to 2024-07-18 16:00:00+00:00, run_after=2024-07-18 20:00:00+00:00
[2024-07-18T23:55:19.876+0000] {processor.py:183} INFO - Processing /home/airflow/.local/lib/python3.8/site-packages/airflow/example_dags/example_latest_only_with_trigger.py took 0.059 seconds
[2024-07-18T23:55:50.009+0000] {processor.py:161} INFO - Started process (PID=1035) to work on /home/airflow/.local/lib/python3.8/site-packages/airflow/example_dags/example_latest_only_with_trigger.py
[2024-07-18T23:55:50.009+0000] {processor.py:830} INFO - Processing file /home/airflow/.local/lib/python3.8/site-packages/airflow/example_dags/example_latest_only_with_trigger.py for tasks to queue
[2024-07-18T23:55:50.011+0000] {logging_mixin.py:188} INFO - [2024-07-18T23:55:50.010+0000] {dagbag.py:540} INFO - Filling up the DagBag from /home/airflow/.local/lib/python3.8/site-packages/airflow/example_dags/example_latest_only_with_trigger.py
[2024-07-18T23:55:50.015+0000] {processor.py:840} INFO - DAG(s) 'latest_only_with_trigger' retrieved from /home/airflow/.local/lib/python3.8/site-packages/airflow/example_dags/example_latest_only_with_trigger.py
[2024-07-18T23:55:50.031+0000] {logging_mixin.py:188} INFO - [2024-07-18T23:55:50.030+0000] {dag.py:3047} INFO - Sync 1 DAGs
[2024-07-18T23:55:50.047+0000] {logging_mixin.py:188} INFO - [2024-07-18T23:55:50.047+0000] {dag.py:3834} INFO - Setting next_dagrun for latest_only_with_trigger to 2024-07-18 16:00:00+00:00, run_after=2024-07-18 20:00:00+00:00
[2024-07-18T23:55:50.062+0000] {processor.py:183} INFO - Processing /home/airflow/.local/lib/python3.8/site-packages/airflow/example_dags/example_latest_only_with_trigger.py took 0.056 seconds
[2024-07-18T23:56:20.277+0000] {processor.py:161} INFO - Started process (PID=1091) to work on /home/airflow/.local/lib/python3.8/site-packages/airflow/example_dags/example_latest_only_with_trigger.py
[2024-07-18T23:56:20.278+0000] {processor.py:830} INFO - Processing file /home/airflow/.local/lib/python3.8/site-packages/airflow/example_dags/example_latest_only_with_trigger.py for tasks to queue
[2024-07-18T23:56:20.280+0000] {logging_mixin.py:188} INFO - [2024-07-18T23:56:20.279+0000] {dagbag.py:540} INFO - Filling up the DagBag from /home/airflow/.local/lib/python3.8/site-packages/airflow/example_dags/example_latest_only_with_trigger.py
[2024-07-18T23:56:20.284+0000] {processor.py:840} INFO - DAG(s) 'latest_only_with_trigger' retrieved from /home/airflow/.local/lib/python3.8/site-packages/airflow/example_dags/example_latest_only_with_trigger.py
[2024-07-18T23:56:20.300+0000] {logging_mixin.py:188} INFO - [2024-07-18T23:56:20.300+0000] {dag.py:3047} INFO - Sync 1 DAGs
[2024-07-18T23:56:20.318+0000] {logging_mixin.py:188} INFO - [2024-07-18T23:56:20.318+0000] {dag.py:3834} INFO - Setting next_dagrun for latest_only_with_trigger to 2024-07-18 16:00:00+00:00, run_after=2024-07-18 20:00:00+00:00
[2024-07-18T23:56:20.335+0000] {processor.py:183} INFO - Processing /home/airflow/.local/lib/python3.8/site-packages/airflow/example_dags/example_latest_only_with_trigger.py took 0.059 seconds
[2024-07-18T23:56:50.621+0000] {processor.py:161} INFO - Started process (PID=1147) to work on /home/airflow/.local/lib/python3.8/site-packages/airflow/example_dags/example_latest_only_with_trigger.py
[2024-07-18T23:56:50.622+0000] {processor.py:830} INFO - Processing file /home/airflow/.local/lib/python3.8/site-packages/airflow/example_dags/example_latest_only_with_trigger.py for tasks to queue
[2024-07-18T23:56:50.623+0000] {logging_mixin.py:188} INFO - [2024-07-18T23:56:50.623+0000] {dagbag.py:540} INFO - Filling up the DagBag from /home/airflow/.local/lib/python3.8/site-packages/airflow/example_dags/example_latest_only_with_trigger.py
[2024-07-18T23:56:50.627+0000] {processor.py:840} INFO - DAG(s) 'latest_only_with_trigger' retrieved from /home/airflow/.local/lib/python3.8/site-packages/airflow/example_dags/example_latest_only_with_trigger.py
[2024-07-18T23:56:50.643+0000] {logging_mixin.py:188} INFO - [2024-07-18T23:56:50.643+0000] {dag.py:3047} INFO - Sync 1 DAGs
[2024-07-18T23:56:50.660+0000] {logging_mixin.py:188} INFO - [2024-07-18T23:56:50.660+0000] {dag.py:3834} INFO - Setting next_dagrun for latest_only_with_trigger to 2024-07-18 16:00:00+00:00, run_after=2024-07-18 20:00:00+00:00
[2024-07-18T23:56:50.676+0000] {processor.py:183} INFO - Processing /home/airflow/.local/lib/python3.8/site-packages/airflow/example_dags/example_latest_only_with_trigger.py took 0.057 seconds
[2024-07-18T23:57:20.894+0000] {processor.py:161} INFO - Started process (PID=1203) to work on /home/airflow/.local/lib/python3.8/site-packages/airflow/example_dags/example_latest_only_with_trigger.py
[2024-07-18T23:57:20.895+0000] {processor.py:830} INFO - Processing file /home/airflow/.local/lib/python3.8/site-packages/airflow/example_dags/example_latest_only_with_trigger.py for tasks to queue
[2024-07-18T23:57:20.896+0000] {logging_mixin.py:188} INFO - [2024-07-18T23:57:20.895+0000] {dagbag.py:540} INFO - Filling up the DagBag from /home/airflow/.local/lib/python3.8/site-packages/airflow/example_dags/example_latest_only_with_trigger.py
[2024-07-18T23:57:20.900+0000] {processor.py:840} INFO - DAG(s) 'latest_only_with_trigger' retrieved from /home/airflow/.local/lib/python3.8/site-packages/airflow/example_dags/example_latest_only_with_trigger.py
[2024-07-18T23:57:20.916+0000] {logging_mixin.py:188} INFO - [2024-07-18T23:57:20.915+0000] {dag.py:3047} INFO - Sync 1 DAGs
[2024-07-18T23:57:20.932+0000] {logging_mixin.py:188} INFO - [2024-07-18T23:57:20.932+0000] {dag.py:3834} INFO - Setting next_dagrun for latest_only_with_trigger to 2024-07-18 16:00:00+00:00, run_after=2024-07-18 20:00:00+00:00
[2024-07-18T23:57:20.949+0000] {processor.py:183} INFO - Processing /home/airflow/.local/lib/python3.8/site-packages/airflow/example_dags/example_latest_only_with_trigger.py took 0.058 seconds
[2024-07-18T23:57:51.168+0000] {processor.py:161} INFO - Started process (PID=1259) to work on /home/airflow/.local/lib/python3.8/site-packages/airflow/example_dags/example_latest_only_with_trigger.py
[2024-07-18T23:57:51.170+0000] {processor.py:830} INFO - Processing file /home/airflow/.local/lib/python3.8/site-packages/airflow/example_dags/example_latest_only_with_trigger.py for tasks to queue
[2024-07-18T23:57:51.171+0000] {logging_mixin.py:188} INFO - [2024-07-18T23:57:51.171+0000] {dagbag.py:540} INFO - Filling up the DagBag from /home/airflow/.local/lib/python3.8/site-packages/airflow/example_dags/example_latest_only_with_trigger.py
[2024-07-18T23:57:51.175+0000] {processor.py:840} INFO - DAG(s) 'latest_only_with_trigger' retrieved from /home/airflow/.local/lib/python3.8/site-packages/airflow/example_dags/example_latest_only_with_trigger.py
[2024-07-18T23:57:51.191+0000] {logging_mixin.py:188} INFO - [2024-07-18T23:57:51.191+0000] {dag.py:3047} INFO - Sync 1 DAGs
[2024-07-18T23:57:51.208+0000] {logging_mixin.py:188} INFO - [2024-07-18T23:57:51.208+0000] {dag.py:3834} INFO - Setting next_dagrun for latest_only_with_trigger to 2024-07-18 16:00:00+00:00, run_after=2024-07-18 20:00:00+00:00
[2024-07-18T23:57:51.224+0000] {processor.py:183} INFO - Processing /home/airflow/.local/lib/python3.8/site-packages/airflow/example_dags/example_latest_only_with_trigger.py took 0.058 seconds
[2024-07-18T23:58:21.364+0000] {processor.py:161} INFO - Started process (PID=1315) to work on /home/airflow/.local/lib/python3.8/site-packages/airflow/example_dags/example_latest_only_with_trigger.py
[2024-07-18T23:58:21.365+0000] {processor.py:830} INFO - Processing file /home/airflow/.local/lib/python3.8/site-packages/airflow/example_dags/example_latest_only_with_trigger.py for tasks to queue
[2024-07-18T23:58:21.366+0000] {logging_mixin.py:188} INFO - [2024-07-18T23:58:21.366+0000] {dagbag.py:540} INFO - Filling up the DagBag from /home/airflow/.local/lib/python3.8/site-packages/airflow/example_dags/example_latest_only_with_trigger.py
[2024-07-18T23:58:21.370+0000] {processor.py:840} INFO - DAG(s) 'latest_only_with_trigger' retrieved from /home/airflow/.local/lib/python3.8/site-packages/airflow/example_dags/example_latest_only_with_trigger.py
[2024-07-18T23:58:21.387+0000] {logging_mixin.py:188} INFO - [2024-07-18T23:58:21.387+0000] {dag.py:3047} INFO - Sync 1 DAGs
[2024-07-18T23:58:21.404+0000] {logging_mixin.py:188} INFO - [2024-07-18T23:58:21.403+0000] {dag.py:3834} INFO - Setting next_dagrun for latest_only_with_trigger to 2024-07-18 16:00:00+00:00, run_after=2024-07-18 20:00:00+00:00
[2024-07-18T23:58:21.418+0000] {processor.py:183} INFO - Processing /home/airflow/.local/lib/python3.8/site-packages/airflow/example_dags/example_latest_only_with_trigger.py took 0.057 seconds
[2024-07-18T23:58:51.577+0000] {processor.py:161} INFO - Started process (PID=1371) to work on /home/airflow/.local/lib/python3.8/site-packages/airflow/example_dags/example_latest_only_with_trigger.py
[2024-07-18T23:58:51.578+0000] {processor.py:830} INFO - Processing file /home/airflow/.local/lib/python3.8/site-packages/airflow/example_dags/example_latest_only_with_trigger.py for tasks to queue
[2024-07-18T23:58:51.579+0000] {logging_mixin.py:188} INFO - [2024-07-18T23:58:51.579+0000] {dagbag.py:540} INFO - Filling up the DagBag from /home/airflow/.local/lib/python3.8/site-packages/airflow/example_dags/example_latest_only_with_trigger.py
[2024-07-18T23:58:51.583+0000] {processor.py:840} INFO - DAG(s) 'latest_only_with_trigger' retrieved from /home/airflow/.local/lib/python3.8/site-packages/airflow/example_dags/example_latest_only_with_trigger.py
[2024-07-18T23:58:51.599+0000] {logging_mixin.py:188} INFO - [2024-07-18T23:58:51.598+0000] {dag.py:3047} INFO - Sync 1 DAGs
[2024-07-18T23:58:51.616+0000] {logging_mixin.py:188} INFO - [2024-07-18T23:58:51.616+0000] {dag.py:3834} INFO - Setting next_dagrun for latest_only_with_trigger to 2024-07-18 16:00:00+00:00, run_after=2024-07-18 20:00:00+00:00
[2024-07-18T23:58:51.631+0000] {processor.py:183} INFO - Processing /home/airflow/.local/lib/python3.8/site-packages/airflow/example_dags/example_latest_only_with_trigger.py took 0.056 seconds
[2024-07-18T23:59:21.830+0000] {processor.py:161} INFO - Started process (PID=1427) to work on /home/airflow/.local/lib/python3.8/site-packages/airflow/example_dags/example_latest_only_with_trigger.py
[2024-07-18T23:59:21.830+0000] {processor.py:830} INFO - Processing file /home/airflow/.local/lib/python3.8/site-packages/airflow/example_dags/example_latest_only_with_trigger.py for tasks to queue
[2024-07-18T23:59:21.832+0000] {logging_mixin.py:188} INFO - [2024-07-18T23:59:21.831+0000] {dagbag.py:540} INFO - Filling up the DagBag from /home/airflow/.local/lib/python3.8/site-packages/airflow/example_dags/example_latest_only_with_trigger.py
[2024-07-18T23:59:21.836+0000] {processor.py:840} INFO - DAG(s) 'latest_only_with_trigger' retrieved from /home/airflow/.local/lib/python3.8/site-packages/airflow/example_dags/example_latest_only_with_trigger.py
[2024-07-18T23:59:21.851+0000] {logging_mixin.py:188} INFO - [2024-07-18T23:59:21.851+0000] {dag.py:3047} INFO - Sync 1 DAGs
[2024-07-18T23:59:21.868+0000] {logging_mixin.py:188} INFO - [2024-07-18T23:59:21.868+0000] {dag.py:3834} INFO - Setting next_dagrun for latest_only_with_trigger to 2024-07-18 16:00:00+00:00, run_after=2024-07-18 20:00:00+00:00
[2024-07-18T23:59:21.884+0000] {processor.py:183} INFO - Processing /home/airflow/.local/lib/python3.8/site-packages/airflow/example_dags/example_latest_only_with_trigger.py took 0.056 seconds
[2024-07-18T23:59:51.953+0000] {processor.py:161} INFO - Started process (PID=1483) to work on /home/airflow/.local/lib/python3.8/site-packages/airflow/example_dags/example_latest_only_with_trigger.py
[2024-07-18T23:59:51.954+0000] {processor.py:830} INFO - Processing file /home/airflow/.local/lib/python3.8/site-packages/airflow/example_dags/example_latest_only_with_trigger.py for tasks to queue
[2024-07-18T23:59:51.955+0000] {logging_mixin.py:188} INFO - [2024-07-18T23:59:51.955+0000] {dagbag.py:540} INFO - Filling up the DagBag from /home/airflow/.local/lib/python3.8/site-packages/airflow/example_dags/example_latest_only_with_trigger.py
[2024-07-18T23:59:51.959+0000] {processor.py:840} INFO - DAG(s) 'latest_only_with_trigger' retrieved from /home/airflow/.local/lib/python3.8/site-packages/airflow/example_dags/example_latest_only_with_trigger.py
[2024-07-18T23:59:51.974+0000] {logging_mixin.py:188} INFO - [2024-07-18T23:59:51.974+0000] {dag.py:3047} INFO - Sync 1 DAGs
[2024-07-18T23:59:51.990+0000] {logging_mixin.py:188} INFO - [2024-07-18T23:59:51.990+0000] {dag.py:3834} INFO - Setting next_dagrun for latest_only_with_trigger to 2024-07-18 16:00:00+00:00, run_after=2024-07-18 20:00:00+00:00
[2024-07-18T23:59:52.004+0000] {processor.py:183} INFO - Processing /home/airflow/.local/lib/python3.8/site-packages/airflow/example_dags/example_latest_only_with_trigger.py took 0.054 seconds
