[2024-07-18T23:40:52.723+0000] {processor.py:161} INFO - Started process (PID=46) to work on /home/airflow/.local/lib/python3.8/site-packages/airflow/example_dags/example_short_circuit_operator.py
[2024-07-18T23:40:52.724+0000] {processor.py:830} INFO - Processing file /home/airflow/.local/lib/python3.8/site-packages/airflow/example_dags/example_short_circuit_operator.py for tasks to queue
[2024-07-18T23:40:52.725+0000] {logging_mixin.py:188} INFO - [2024-07-18T23:40:52.725+0000] {dagbag.py:540} INFO - Filling up the DagBag from /home/airflow/.local/lib/python3.8/site-packages/airflow/example_dags/example_short_circuit_operator.py
[2024-07-18T23:40:52.733+0000] {processor.py:840} INFO - DAG(s) 'example_short_circuit_operator' retrieved from /home/airflow/.local/lib/python3.8/site-packages/airflow/example_dags/example_short_circuit_operator.py
[2024-07-18T23:40:52.743+0000] {logging_mixin.py:188} INFO - [2024-07-18T23:40:52.742+0000] {dag.py:3047} INFO - Sync 1 DAGs
[2024-07-18T23:40:52.762+0000] {logging_mixin.py:188} INFO - [2024-07-18T23:40:52.762+0000] {dag.py:3834} INFO - Setting next_dagrun for example_short_circuit_operator to 2024-07-17 00:00:00+00:00, run_after=2024-07-18 00:00:00+00:00
[2024-07-18T23:40:52.779+0000] {processor.py:183} INFO - Processing /home/airflow/.local/lib/python3.8/site-packages/airflow/example_dags/example_short_circuit_operator.py took 0.058 seconds
[2024-07-18T23:41:23.167+0000] {processor.py:161} INFO - Started process (PID=102) to work on /home/airflow/.local/lib/python3.8/site-packages/airflow/example_dags/example_short_circuit_operator.py
[2024-07-18T23:41:23.168+0000] {processor.py:830} INFO - Processing file /home/airflow/.local/lib/python3.8/site-packages/airflow/example_dags/example_short_circuit_operator.py for tasks to queue
[2024-07-18T23:41:23.169+0000] {logging_mixin.py:188} INFO - [2024-07-18T23:41:23.169+0000] {dagbag.py:540} INFO - Filling up the DagBag from /home/airflow/.local/lib/python3.8/site-packages/airflow/example_dags/example_short_circuit_operator.py
[2024-07-18T23:41:23.175+0000] {processor.py:840} INFO - DAG(s) 'example_short_circuit_operator' retrieved from /home/airflow/.local/lib/python3.8/site-packages/airflow/example_dags/example_short_circuit_operator.py
[2024-07-18T23:41:23.265+0000] {logging_mixin.py:188} INFO - [2024-07-18T23:41:23.264+0000] {dag.py:3047} INFO - Sync 1 DAGs
[2024-07-18T23:41:23.283+0000] {logging_mixin.py:188} INFO - [2024-07-18T23:41:23.283+0000] {dag.py:3834} INFO - Setting next_dagrun for example_short_circuit_operator to 2024-07-17 00:00:00+00:00, run_after=2024-07-18 00:00:00+00:00
[2024-07-18T23:41:23.302+0000] {processor.py:183} INFO - Processing /home/airflow/.local/lib/python3.8/site-packages/airflow/example_dags/example_short_circuit_operator.py took 0.138 seconds
[2024-07-18T23:41:53.729+0000] {processor.py:161} INFO - Started process (PID=158) to work on /home/airflow/.local/lib/python3.8/site-packages/airflow/example_dags/example_short_circuit_operator.py
[2024-07-18T23:41:53.730+0000] {processor.py:830} INFO - Processing file /home/airflow/.local/lib/python3.8/site-packages/airflow/example_dags/example_short_circuit_operator.py for tasks to queue
[2024-07-18T23:41:53.731+0000] {logging_mixin.py:188} INFO - [2024-07-18T23:41:53.731+0000] {dagbag.py:540} INFO - Filling up the DagBag from /home/airflow/.local/lib/python3.8/site-packages/airflow/example_dags/example_short_circuit_operator.py
[2024-07-18T23:41:53.737+0000] {processor.py:840} INFO - DAG(s) 'example_short_circuit_operator' retrieved from /home/airflow/.local/lib/python3.8/site-packages/airflow/example_dags/example_short_circuit_operator.py
[2024-07-18T23:41:53.755+0000] {logging_mixin.py:188} INFO - [2024-07-18T23:41:53.754+0000] {dag.py:3047} INFO - Sync 1 DAGs
[2024-07-18T23:41:53.770+0000] {logging_mixin.py:188} INFO - [2024-07-18T23:41:53.770+0000] {dag.py:3834} INFO - Setting next_dagrun for example_short_circuit_operator to 2024-07-17 00:00:00+00:00, run_after=2024-07-18 00:00:00+00:00
[2024-07-18T23:41:53.785+0000] {processor.py:183} INFO - Processing /home/airflow/.local/lib/python3.8/site-packages/airflow/example_dags/example_short_circuit_operator.py took 0.059 seconds
[2024-07-18T23:42:24.035+0000] {processor.py:161} INFO - Started process (PID=215) to work on /home/airflow/.local/lib/python3.8/site-packages/airflow/example_dags/example_short_circuit_operator.py
[2024-07-18T23:42:24.036+0000] {processor.py:830} INFO - Processing file /home/airflow/.local/lib/python3.8/site-packages/airflow/example_dags/example_short_circuit_operator.py for tasks to queue
[2024-07-18T23:42:24.037+0000] {logging_mixin.py:188} INFO - [2024-07-18T23:42:24.037+0000] {dagbag.py:540} INFO - Filling up the DagBag from /home/airflow/.local/lib/python3.8/site-packages/airflow/example_dags/example_short_circuit_operator.py
[2024-07-18T23:42:24.042+0000] {processor.py:840} INFO - DAG(s) 'example_short_circuit_operator' retrieved from /home/airflow/.local/lib/python3.8/site-packages/airflow/example_dags/example_short_circuit_operator.py
[2024-07-18T23:42:24.059+0000] {logging_mixin.py:188} INFO - [2024-07-18T23:42:24.059+0000] {dag.py:3047} INFO - Sync 1 DAGs
[2024-07-18T23:42:24.075+0000] {logging_mixin.py:188} INFO - [2024-07-18T23:42:24.075+0000] {dag.py:3834} INFO - Setting next_dagrun for example_short_circuit_operator to 2024-07-17 00:00:00+00:00, run_after=2024-07-18 00:00:00+00:00
[2024-07-18T23:42:24.088+0000] {processor.py:183} INFO - Processing /home/airflow/.local/lib/python3.8/site-packages/airflow/example_dags/example_short_circuit_operator.py took 0.056 seconds
[2024-07-18T23:42:54.140+0000] {processor.py:161} INFO - Started process (PID=271) to work on /home/airflow/.local/lib/python3.8/site-packages/airflow/example_dags/example_short_circuit_operator.py
[2024-07-18T23:42:54.141+0000] {processor.py:830} INFO - Processing file /home/airflow/.local/lib/python3.8/site-packages/airflow/example_dags/example_short_circuit_operator.py for tasks to queue
[2024-07-18T23:42:54.142+0000] {logging_mixin.py:188} INFO - [2024-07-18T23:42:54.142+0000] {dagbag.py:540} INFO - Filling up the DagBag from /home/airflow/.local/lib/python3.8/site-packages/airflow/example_dags/example_short_circuit_operator.py
[2024-07-18T23:42:54.147+0000] {processor.py:840} INFO - DAG(s) 'example_short_circuit_operator' retrieved from /home/airflow/.local/lib/python3.8/site-packages/airflow/example_dags/example_short_circuit_operator.py
[2024-07-18T23:42:54.165+0000] {logging_mixin.py:188} INFO - [2024-07-18T23:42:54.164+0000] {dag.py:3047} INFO - Sync 1 DAGs
[2024-07-18T23:42:54.180+0000] {logging_mixin.py:188} INFO - [2024-07-18T23:42:54.180+0000] {dag.py:3834} INFO - Setting next_dagrun for example_short_circuit_operator to 2024-07-17 00:00:00+00:00, run_after=2024-07-18 00:00:00+00:00
[2024-07-18T23:42:54.194+0000] {processor.py:183} INFO - Processing /home/airflow/.local/lib/python3.8/site-packages/airflow/example_dags/example_short_circuit_operator.py took 0.057 seconds
[2024-07-18T23:43:24.371+0000] {processor.py:161} INFO - Started process (PID=327) to work on /home/airflow/.local/lib/python3.8/site-packages/airflow/example_dags/example_short_circuit_operator.py
[2024-07-18T23:43:24.372+0000] {processor.py:830} INFO - Processing file /home/airflow/.local/lib/python3.8/site-packages/airflow/example_dags/example_short_circuit_operator.py for tasks to queue
[2024-07-18T23:43:24.373+0000] {logging_mixin.py:188} INFO - [2024-07-18T23:43:24.373+0000] {dagbag.py:540} INFO - Filling up the DagBag from /home/airflow/.local/lib/python3.8/site-packages/airflow/example_dags/example_short_circuit_operator.py
[2024-07-18T23:43:24.379+0000] {processor.py:840} INFO - DAG(s) 'example_short_circuit_operator' retrieved from /home/airflow/.local/lib/python3.8/site-packages/airflow/example_dags/example_short_circuit_operator.py
[2024-07-18T23:43:24.397+0000] {logging_mixin.py:188} INFO - [2024-07-18T23:43:24.396+0000] {dag.py:3047} INFO - Sync 1 DAGs
[2024-07-18T23:43:24.416+0000] {logging_mixin.py:188} INFO - [2024-07-18T23:43:24.415+0000] {dag.py:3834} INFO - Setting next_dagrun for example_short_circuit_operator to 2024-07-17 00:00:00+00:00, run_after=2024-07-18 00:00:00+00:00
[2024-07-18T23:43:24.434+0000] {processor.py:183} INFO - Processing /home/airflow/.local/lib/python3.8/site-packages/airflow/example_dags/example_short_circuit_operator.py took 0.065 seconds
[2024-07-18T23:43:54.494+0000] {processor.py:161} INFO - Started process (PID=383) to work on /home/airflow/.local/lib/python3.8/site-packages/airflow/example_dags/example_short_circuit_operator.py
[2024-07-18T23:43:54.494+0000] {processor.py:830} INFO - Processing file /home/airflow/.local/lib/python3.8/site-packages/airflow/example_dags/example_short_circuit_operator.py for tasks to queue
[2024-07-18T23:43:54.496+0000] {logging_mixin.py:188} INFO - [2024-07-18T23:43:54.495+0000] {dagbag.py:540} INFO - Filling up the DagBag from /home/airflow/.local/lib/python3.8/site-packages/airflow/example_dags/example_short_circuit_operator.py
[2024-07-18T23:43:54.502+0000] {processor.py:840} INFO - DAG(s) 'example_short_circuit_operator' retrieved from /home/airflow/.local/lib/python3.8/site-packages/airflow/example_dags/example_short_circuit_operator.py
[2024-07-18T23:43:54.522+0000] {logging_mixin.py:188} INFO - [2024-07-18T23:43:54.521+0000] {dag.py:3047} INFO - Sync 1 DAGs
[2024-07-18T23:43:54.540+0000] {logging_mixin.py:188} INFO - [2024-07-18T23:43:54.540+0000] {dag.py:3834} INFO - Setting next_dagrun for example_short_circuit_operator to 2024-07-17 00:00:00+00:00, run_after=2024-07-18 00:00:00+00:00
[2024-07-18T23:43:54.556+0000] {processor.py:183} INFO - Processing /home/airflow/.local/lib/python3.8/site-packages/airflow/example_dags/example_short_circuit_operator.py took 0.065 seconds
[2024-07-18T23:44:24.731+0000] {processor.py:161} INFO - Started process (PID=439) to work on /home/airflow/.local/lib/python3.8/site-packages/airflow/example_dags/example_short_circuit_operator.py
[2024-07-18T23:44:24.732+0000] {processor.py:830} INFO - Processing file /home/airflow/.local/lib/python3.8/site-packages/airflow/example_dags/example_short_circuit_operator.py for tasks to queue
[2024-07-18T23:44:24.733+0000] {logging_mixin.py:188} INFO - [2024-07-18T23:44:24.733+0000] {dagbag.py:540} INFO - Filling up the DagBag from /home/airflow/.local/lib/python3.8/site-packages/airflow/example_dags/example_short_circuit_operator.py
[2024-07-18T23:44:24.739+0000] {processor.py:840} INFO - DAG(s) 'example_short_circuit_operator' retrieved from /home/airflow/.local/lib/python3.8/site-packages/airflow/example_dags/example_short_circuit_operator.py
[2024-07-18T23:44:24.756+0000] {logging_mixin.py:188} INFO - [2024-07-18T23:44:24.756+0000] {dag.py:3047} INFO - Sync 1 DAGs
[2024-07-18T23:44:24.772+0000] {logging_mixin.py:188} INFO - [2024-07-18T23:44:24.771+0000] {dag.py:3834} INFO - Setting next_dagrun for example_short_circuit_operator to 2024-07-17 00:00:00+00:00, run_after=2024-07-18 00:00:00+00:00
[2024-07-18T23:44:24.786+0000] {processor.py:183} INFO - Processing /home/airflow/.local/lib/python3.8/site-packages/airflow/example_dags/example_short_circuit_operator.py took 0.058 seconds
[2024-07-18T23:44:54.999+0000] {processor.py:161} INFO - Started process (PID=495) to work on /home/airflow/.local/lib/python3.8/site-packages/airflow/example_dags/example_short_circuit_operator.py
[2024-07-18T23:44:54.999+0000] {processor.py:830} INFO - Processing file /home/airflow/.local/lib/python3.8/site-packages/airflow/example_dags/example_short_circuit_operator.py for tasks to queue
[2024-07-18T23:44:55.001+0000] {logging_mixin.py:188} INFO - [2024-07-18T23:44:55.000+0000] {dagbag.py:540} INFO - Filling up the DagBag from /home/airflow/.local/lib/python3.8/site-packages/airflow/example_dags/example_short_circuit_operator.py
[2024-07-18T23:44:55.006+0000] {processor.py:840} INFO - DAG(s) 'example_short_circuit_operator' retrieved from /home/airflow/.local/lib/python3.8/site-packages/airflow/example_dags/example_short_circuit_operator.py
[2024-07-18T23:44:55.029+0000] {logging_mixin.py:188} INFO - [2024-07-18T23:44:55.028+0000] {dag.py:3047} INFO - Sync 1 DAGs
[2024-07-18T23:44:55.047+0000] {logging_mixin.py:188} INFO - [2024-07-18T23:44:55.047+0000] {dag.py:3834} INFO - Setting next_dagrun for example_short_circuit_operator to 2024-07-17 00:00:00+00:00, run_after=2024-07-18 00:00:00+00:00
[2024-07-18T23:44:55.066+0000] {processor.py:183} INFO - Processing /home/airflow/.local/lib/python3.8/site-packages/airflow/example_dags/example_short_circuit_operator.py took 0.070 seconds
[2024-07-18T23:45:25.157+0000] {processor.py:161} INFO - Started process (PID=551) to work on /home/airflow/.local/lib/python3.8/site-packages/airflow/example_dags/example_short_circuit_operator.py
[2024-07-18T23:45:25.157+0000] {processor.py:830} INFO - Processing file /home/airflow/.local/lib/python3.8/site-packages/airflow/example_dags/example_short_circuit_operator.py for tasks to queue
[2024-07-18T23:45:25.159+0000] {logging_mixin.py:188} INFO - [2024-07-18T23:45:25.158+0000] {dagbag.py:540} INFO - Filling up the DagBag from /home/airflow/.local/lib/python3.8/site-packages/airflow/example_dags/example_short_circuit_operator.py
[2024-07-18T23:45:25.164+0000] {processor.py:840} INFO - DAG(s) 'example_short_circuit_operator' retrieved from /home/airflow/.local/lib/python3.8/site-packages/airflow/example_dags/example_short_circuit_operator.py
[2024-07-18T23:45:25.181+0000] {logging_mixin.py:188} INFO - [2024-07-18T23:45:25.181+0000] {dag.py:3047} INFO - Sync 1 DAGs
[2024-07-18T23:45:25.198+0000] {logging_mixin.py:188} INFO - [2024-07-18T23:45:25.198+0000] {dag.py:3834} INFO - Setting next_dagrun for example_short_circuit_operator to 2024-07-17 00:00:00+00:00, run_after=2024-07-18 00:00:00+00:00
[2024-07-18T23:45:25.213+0000] {processor.py:183} INFO - Processing /home/airflow/.local/lib/python3.8/site-packages/airflow/example_dags/example_short_circuit_operator.py took 0.058 seconds
[2024-07-18T23:47:13.345+0000] {processor.py:161} INFO - Started process (PID=46) to work on /home/airflow/.local/lib/python3.8/site-packages/airflow/example_dags/example_short_circuit_operator.py
[2024-07-18T23:47:13.346+0000] {processor.py:830} INFO - Processing file /home/airflow/.local/lib/python3.8/site-packages/airflow/example_dags/example_short_circuit_operator.py for tasks to queue
[2024-07-18T23:47:13.348+0000] {logging_mixin.py:188} INFO - [2024-07-18T23:47:13.347+0000] {dagbag.py:540} INFO - Filling up the DagBag from /home/airflow/.local/lib/python3.8/site-packages/airflow/example_dags/example_short_circuit_operator.py
[2024-07-18T23:47:13.355+0000] {processor.py:840} INFO - DAG(s) 'example_short_circuit_operator' retrieved from /home/airflow/.local/lib/python3.8/site-packages/airflow/example_dags/example_short_circuit_operator.py
[2024-07-18T23:47:13.365+0000] {logging_mixin.py:188} INFO - [2024-07-18T23:47:13.364+0000] {dag.py:3047} INFO - Sync 1 DAGs
[2024-07-18T23:47:13.384+0000] {logging_mixin.py:188} INFO - [2024-07-18T23:47:13.384+0000] {dag.py:3834} INFO - Setting next_dagrun for example_short_circuit_operator to 2024-07-17 00:00:00+00:00, run_after=2024-07-18 00:00:00+00:00
[2024-07-18T23:47:13.403+0000] {processor.py:183} INFO - Processing /home/airflow/.local/lib/python3.8/site-packages/airflow/example_dags/example_short_circuit_operator.py took 0.060 seconds
[2024-07-18T23:47:43.628+0000] {processor.py:161} INFO - Started process (PID=102) to work on /home/airflow/.local/lib/python3.8/site-packages/airflow/example_dags/example_short_circuit_operator.py
[2024-07-18T23:47:43.630+0000] {processor.py:830} INFO - Processing file /home/airflow/.local/lib/python3.8/site-packages/airflow/example_dags/example_short_circuit_operator.py for tasks to queue
[2024-07-18T23:47:43.631+0000] {logging_mixin.py:188} INFO - [2024-07-18T23:47:43.631+0000] {dagbag.py:540} INFO - Filling up the DagBag from /home/airflow/.local/lib/python3.8/site-packages/airflow/example_dags/example_short_circuit_operator.py
[2024-07-18T23:47:43.637+0000] {processor.py:840} INFO - DAG(s) 'example_short_circuit_operator' retrieved from /home/airflow/.local/lib/python3.8/site-packages/airflow/example_dags/example_short_circuit_operator.py
[2024-07-18T23:47:43.717+0000] {logging_mixin.py:188} INFO - [2024-07-18T23:47:43.716+0000] {dag.py:3047} INFO - Sync 1 DAGs
[2024-07-18T23:47:43.732+0000] {logging_mixin.py:188} INFO - [2024-07-18T23:47:43.732+0000] {dag.py:3834} INFO - Setting next_dagrun for example_short_circuit_operator to 2024-07-17 00:00:00+00:00, run_after=2024-07-18 00:00:00+00:00
[2024-07-18T23:47:43.749+0000] {processor.py:183} INFO - Processing /home/airflow/.local/lib/python3.8/site-packages/airflow/example_dags/example_short_circuit_operator.py took 0.122 seconds
[2024-07-18T23:48:14.164+0000] {processor.py:161} INFO - Started process (PID=158) to work on /home/airflow/.local/lib/python3.8/site-packages/airflow/example_dags/example_short_circuit_operator.py
[2024-07-18T23:48:14.165+0000] {processor.py:830} INFO - Processing file /home/airflow/.local/lib/python3.8/site-packages/airflow/example_dags/example_short_circuit_operator.py for tasks to queue
[2024-07-18T23:48:14.166+0000] {logging_mixin.py:188} INFO - [2024-07-18T23:48:14.166+0000] {dagbag.py:540} INFO - Filling up the DagBag from /home/airflow/.local/lib/python3.8/site-packages/airflow/example_dags/example_short_circuit_operator.py
[2024-07-18T23:48:14.172+0000] {processor.py:840} INFO - DAG(s) 'example_short_circuit_operator' retrieved from /home/airflow/.local/lib/python3.8/site-packages/airflow/example_dags/example_short_circuit_operator.py
[2024-07-18T23:48:14.189+0000] {logging_mixin.py:188} INFO - [2024-07-18T23:48:14.189+0000] {dag.py:3047} INFO - Sync 1 DAGs
[2024-07-18T23:48:14.205+0000] {logging_mixin.py:188} INFO - [2024-07-18T23:48:14.205+0000] {dag.py:3834} INFO - Setting next_dagrun for example_short_circuit_operator to 2024-07-17 00:00:00+00:00, run_after=2024-07-18 00:00:00+00:00
[2024-07-18T23:48:14.219+0000] {processor.py:183} INFO - Processing /home/airflow/.local/lib/python3.8/site-packages/airflow/example_dags/example_short_circuit_operator.py took 0.057 seconds
[2024-07-18T23:48:44.695+0000] {processor.py:161} INFO - Started process (PID=214) to work on /home/airflow/.local/lib/python3.8/site-packages/airflow/example_dags/example_short_circuit_operator.py
[2024-07-18T23:48:44.696+0000] {processor.py:830} INFO - Processing file /home/airflow/.local/lib/python3.8/site-packages/airflow/example_dags/example_short_circuit_operator.py for tasks to queue
[2024-07-18T23:48:44.697+0000] {logging_mixin.py:188} INFO - [2024-07-18T23:48:44.697+0000] {dagbag.py:540} INFO - Filling up the DagBag from /home/airflow/.local/lib/python3.8/site-packages/airflow/example_dags/example_short_circuit_operator.py
[2024-07-18T23:48:44.703+0000] {processor.py:840} INFO - DAG(s) 'example_short_circuit_operator' retrieved from /home/airflow/.local/lib/python3.8/site-packages/airflow/example_dags/example_short_circuit_operator.py
[2024-07-18T23:48:44.725+0000] {logging_mixin.py:188} INFO - [2024-07-18T23:48:44.725+0000] {dag.py:3047} INFO - Sync 1 DAGs
[2024-07-18T23:48:44.745+0000] {logging_mixin.py:188} INFO - [2024-07-18T23:48:44.745+0000] {dag.py:3834} INFO - Setting next_dagrun for example_short_circuit_operator to 2024-07-17 00:00:00+00:00, run_after=2024-07-18 00:00:00+00:00
[2024-07-18T23:48:44.762+0000] {processor.py:183} INFO - Processing /home/airflow/.local/lib/python3.8/site-packages/airflow/example_dags/example_short_circuit_operator.py took 0.070 seconds
[2024-07-18T23:49:14.864+0000] {processor.py:161} INFO - Started process (PID=270) to work on /home/airflow/.local/lib/python3.8/site-packages/airflow/example_dags/example_short_circuit_operator.py
[2024-07-18T23:49:14.865+0000] {processor.py:830} INFO - Processing file /home/airflow/.local/lib/python3.8/site-packages/airflow/example_dags/example_short_circuit_operator.py for tasks to queue
[2024-07-18T23:49:14.866+0000] {logging_mixin.py:188} INFO - [2024-07-18T23:49:14.866+0000] {dagbag.py:540} INFO - Filling up the DagBag from /home/airflow/.local/lib/python3.8/site-packages/airflow/example_dags/example_short_circuit_operator.py
[2024-07-18T23:49:14.871+0000] {processor.py:840} INFO - DAG(s) 'example_short_circuit_operator' retrieved from /home/airflow/.local/lib/python3.8/site-packages/airflow/example_dags/example_short_circuit_operator.py
[2024-07-18T23:49:14.890+0000] {logging_mixin.py:188} INFO - [2024-07-18T23:49:14.889+0000] {dag.py:3047} INFO - Sync 1 DAGs
[2024-07-18T23:49:14.907+0000] {logging_mixin.py:188} INFO - [2024-07-18T23:49:14.907+0000] {dag.py:3834} INFO - Setting next_dagrun for example_short_circuit_operator to 2024-07-17 00:00:00+00:00, run_after=2024-07-18 00:00:00+00:00
[2024-07-18T23:49:14.922+0000] {processor.py:183} INFO - Processing /home/airflow/.local/lib/python3.8/site-packages/airflow/example_dags/example_short_circuit_operator.py took 0.061 seconds
[2024-07-18T23:49:45.016+0000] {processor.py:161} INFO - Started process (PID=326) to work on /home/airflow/.local/lib/python3.8/site-packages/airflow/example_dags/example_short_circuit_operator.py
[2024-07-18T23:49:45.017+0000] {processor.py:830} INFO - Processing file /home/airflow/.local/lib/python3.8/site-packages/airflow/example_dags/example_short_circuit_operator.py for tasks to queue
[2024-07-18T23:49:45.018+0000] {logging_mixin.py:188} INFO - [2024-07-18T23:49:45.018+0000] {dagbag.py:540} INFO - Filling up the DagBag from /home/airflow/.local/lib/python3.8/site-packages/airflow/example_dags/example_short_circuit_operator.py
[2024-07-18T23:49:45.024+0000] {processor.py:840} INFO - DAG(s) 'example_short_circuit_operator' retrieved from /home/airflow/.local/lib/python3.8/site-packages/airflow/example_dags/example_short_circuit_operator.py
[2024-07-18T23:49:45.043+0000] {logging_mixin.py:188} INFO - [2024-07-18T23:49:45.043+0000] {dag.py:3047} INFO - Sync 1 DAGs
[2024-07-18T23:49:45.061+0000] {logging_mixin.py:188} INFO - [2024-07-18T23:49:45.060+0000] {dag.py:3834} INFO - Setting next_dagrun for example_short_circuit_operator to 2024-07-17 00:00:00+00:00, run_after=2024-07-18 00:00:00+00:00
[2024-07-18T23:49:45.076+0000] {processor.py:183} INFO - Processing /home/airflow/.local/lib/python3.8/site-packages/airflow/example_dags/example_short_circuit_operator.py took 0.062 seconds
[2024-07-18T23:50:15.149+0000] {processor.py:161} INFO - Started process (PID=382) to work on /home/airflow/.local/lib/python3.8/site-packages/airflow/example_dags/example_short_circuit_operator.py
[2024-07-18T23:50:15.150+0000] {processor.py:830} INFO - Processing file /home/airflow/.local/lib/python3.8/site-packages/airflow/example_dags/example_short_circuit_operator.py for tasks to queue
[2024-07-18T23:50:15.152+0000] {logging_mixin.py:188} INFO - [2024-07-18T23:50:15.152+0000] {dagbag.py:540} INFO - Filling up the DagBag from /home/airflow/.local/lib/python3.8/site-packages/airflow/example_dags/example_short_circuit_operator.py
[2024-07-18T23:50:15.160+0000] {processor.py:840} INFO - DAG(s) 'example_short_circuit_operator' retrieved from /home/airflow/.local/lib/python3.8/site-packages/airflow/example_dags/example_short_circuit_operator.py
[2024-07-18T23:50:15.182+0000] {logging_mixin.py:188} INFO - [2024-07-18T23:50:15.182+0000] {dag.py:3047} INFO - Sync 1 DAGs
[2024-07-18T23:50:15.198+0000] {logging_mixin.py:188} INFO - [2024-07-18T23:50:15.198+0000] {dag.py:3834} INFO - Setting next_dagrun for example_short_circuit_operator to 2024-07-17 00:00:00+00:00, run_after=2024-07-18 00:00:00+00:00
[2024-07-18T23:50:15.213+0000] {processor.py:183} INFO - Processing /home/airflow/.local/lib/python3.8/site-packages/airflow/example_dags/example_short_circuit_operator.py took 0.066 seconds
[2024-07-18T23:50:45.337+0000] {processor.py:161} INFO - Started process (PID=438) to work on /home/airflow/.local/lib/python3.8/site-packages/airflow/example_dags/example_short_circuit_operator.py
[2024-07-18T23:50:45.338+0000] {processor.py:830} INFO - Processing file /home/airflow/.local/lib/python3.8/site-packages/airflow/example_dags/example_short_circuit_operator.py for tasks to queue
[2024-07-18T23:50:45.339+0000] {logging_mixin.py:188} INFO - [2024-07-18T23:50:45.339+0000] {dagbag.py:540} INFO - Filling up the DagBag from /home/airflow/.local/lib/python3.8/site-packages/airflow/example_dags/example_short_circuit_operator.py
[2024-07-18T23:50:45.345+0000] {processor.py:840} INFO - DAG(s) 'example_short_circuit_operator' retrieved from /home/airflow/.local/lib/python3.8/site-packages/airflow/example_dags/example_short_circuit_operator.py
[2024-07-18T23:50:45.364+0000] {logging_mixin.py:188} INFO - [2024-07-18T23:50:45.363+0000] {dag.py:3047} INFO - Sync 1 DAGs
[2024-07-18T23:50:45.380+0000] {logging_mixin.py:188} INFO - [2024-07-18T23:50:45.380+0000] {dag.py:3834} INFO - Setting next_dagrun for example_short_circuit_operator to 2024-07-17 00:00:00+00:00, run_after=2024-07-18 00:00:00+00:00
[2024-07-18T23:50:45.397+0000] {processor.py:183} INFO - Processing /home/airflow/.local/lib/python3.8/site-packages/airflow/example_dags/example_short_circuit_operator.py took 0.062 seconds
[2024-07-18T23:51:15.456+0000] {processor.py:161} INFO - Started process (PID=494) to work on /home/airflow/.local/lib/python3.8/site-packages/airflow/example_dags/example_short_circuit_operator.py
[2024-07-18T23:51:15.457+0000] {processor.py:830} INFO - Processing file /home/airflow/.local/lib/python3.8/site-packages/airflow/example_dags/example_short_circuit_operator.py for tasks to queue
[2024-07-18T23:51:15.458+0000] {logging_mixin.py:188} INFO - [2024-07-18T23:51:15.458+0000] {dagbag.py:540} INFO - Filling up the DagBag from /home/airflow/.local/lib/python3.8/site-packages/airflow/example_dags/example_short_circuit_operator.py
[2024-07-18T23:51:15.464+0000] {processor.py:840} INFO - DAG(s) 'example_short_circuit_operator' retrieved from /home/airflow/.local/lib/python3.8/site-packages/airflow/example_dags/example_short_circuit_operator.py
[2024-07-18T23:51:15.483+0000] {logging_mixin.py:188} INFO - [2024-07-18T23:51:15.482+0000] {dag.py:3047} INFO - Sync 1 DAGs
[2024-07-18T23:51:15.499+0000] {logging_mixin.py:188} INFO - [2024-07-18T23:51:15.499+0000] {dag.py:3834} INFO - Setting next_dagrun for example_short_circuit_operator to 2024-07-17 00:00:00+00:00, run_after=2024-07-18 00:00:00+00:00
[2024-07-18T23:51:15.514+0000] {processor.py:183} INFO - Processing /home/airflow/.local/lib/python3.8/site-packages/airflow/example_dags/example_short_circuit_operator.py took 0.062 seconds
[2024-07-18T23:51:45.675+0000] {processor.py:161} INFO - Started process (PID=550) to work on /home/airflow/.local/lib/python3.8/site-packages/airflow/example_dags/example_short_circuit_operator.py
[2024-07-18T23:51:45.676+0000] {processor.py:830} INFO - Processing file /home/airflow/.local/lib/python3.8/site-packages/airflow/example_dags/example_short_circuit_operator.py for tasks to queue
[2024-07-18T23:51:45.677+0000] {logging_mixin.py:188} INFO - [2024-07-18T23:51:45.677+0000] {dagbag.py:540} INFO - Filling up the DagBag from /home/airflow/.local/lib/python3.8/site-packages/airflow/example_dags/example_short_circuit_operator.py
[2024-07-18T23:51:45.682+0000] {processor.py:840} INFO - DAG(s) 'example_short_circuit_operator' retrieved from /home/airflow/.local/lib/python3.8/site-packages/airflow/example_dags/example_short_circuit_operator.py
[2024-07-18T23:51:45.700+0000] {logging_mixin.py:188} INFO - [2024-07-18T23:51:45.699+0000] {dag.py:3047} INFO - Sync 1 DAGs
[2024-07-18T23:51:45.715+0000] {logging_mixin.py:188} INFO - [2024-07-18T23:51:45.715+0000] {dag.py:3834} INFO - Setting next_dagrun for example_short_circuit_operator to 2024-07-17 00:00:00+00:00, run_after=2024-07-18 00:00:00+00:00
[2024-07-18T23:51:45.729+0000] {processor.py:183} INFO - Processing /home/airflow/.local/lib/python3.8/site-packages/airflow/example_dags/example_short_circuit_operator.py took 0.057 seconds
[2024-07-18T23:52:15.822+0000] {processor.py:161} INFO - Started process (PID=605) to work on /home/airflow/.local/lib/python3.8/site-packages/airflow/example_dags/example_short_circuit_operator.py
[2024-07-18T23:52:15.823+0000] {processor.py:830} INFO - Processing file /home/airflow/.local/lib/python3.8/site-packages/airflow/example_dags/example_short_circuit_operator.py for tasks to queue
[2024-07-18T23:52:15.824+0000] {logging_mixin.py:188} INFO - [2024-07-18T23:52:15.824+0000] {dagbag.py:540} INFO - Filling up the DagBag from /home/airflow/.local/lib/python3.8/site-packages/airflow/example_dags/example_short_circuit_operator.py
[2024-07-18T23:52:15.829+0000] {processor.py:840} INFO - DAG(s) 'example_short_circuit_operator' retrieved from /home/airflow/.local/lib/python3.8/site-packages/airflow/example_dags/example_short_circuit_operator.py
[2024-07-18T23:52:15.847+0000] {logging_mixin.py:188} INFO - [2024-07-18T23:52:15.847+0000] {dag.py:3047} INFO - Sync 1 DAGs
[2024-07-18T23:52:15.863+0000] {logging_mixin.py:188} INFO - [2024-07-18T23:52:15.863+0000] {dag.py:3834} INFO - Setting next_dagrun for example_short_circuit_operator to 2024-07-17 00:00:00+00:00, run_after=2024-07-18 00:00:00+00:00
[2024-07-18T23:52:15.877+0000] {processor.py:183} INFO - Processing /home/airflow/.local/lib/python3.8/site-packages/airflow/example_dags/example_short_circuit_operator.py took 0.057 seconds
[2024-07-18T23:52:46.131+0000] {processor.py:161} INFO - Started process (PID=662) to work on /home/airflow/.local/lib/python3.8/site-packages/airflow/example_dags/example_short_circuit_operator.py
[2024-07-18T23:52:46.131+0000] {processor.py:830} INFO - Processing file /home/airflow/.local/lib/python3.8/site-packages/airflow/example_dags/example_short_circuit_operator.py for tasks to queue
[2024-07-18T23:52:46.132+0000] {logging_mixin.py:188} INFO - [2024-07-18T23:52:46.132+0000] {dagbag.py:540} INFO - Filling up the DagBag from /home/airflow/.local/lib/python3.8/site-packages/airflow/example_dags/example_short_circuit_operator.py
[2024-07-18T23:52:46.138+0000] {processor.py:840} INFO - DAG(s) 'example_short_circuit_operator' retrieved from /home/airflow/.local/lib/python3.8/site-packages/airflow/example_dags/example_short_circuit_operator.py
[2024-07-18T23:52:46.155+0000] {logging_mixin.py:188} INFO - [2024-07-18T23:52:46.155+0000] {dag.py:3047} INFO - Sync 1 DAGs
[2024-07-18T23:52:46.171+0000] {logging_mixin.py:188} INFO - [2024-07-18T23:52:46.171+0000] {dag.py:3834} INFO - Setting next_dagrun for example_short_circuit_operator to 2024-07-17 00:00:00+00:00, run_after=2024-07-18 00:00:00+00:00
[2024-07-18T23:52:46.186+0000] {processor.py:183} INFO - Processing /home/airflow/.local/lib/python3.8/site-packages/airflow/example_dags/example_short_circuit_operator.py took 0.058 seconds
[2024-07-18T23:53:16.358+0000] {processor.py:161} INFO - Started process (PID=718) to work on /home/airflow/.local/lib/python3.8/site-packages/airflow/example_dags/example_short_circuit_operator.py
[2024-07-18T23:53:16.359+0000] {processor.py:830} INFO - Processing file /home/airflow/.local/lib/python3.8/site-packages/airflow/example_dags/example_short_circuit_operator.py for tasks to queue
[2024-07-18T23:53:16.361+0000] {logging_mixin.py:188} INFO - [2024-07-18T23:53:16.360+0000] {dagbag.py:540} INFO - Filling up the DagBag from /home/airflow/.local/lib/python3.8/site-packages/airflow/example_dags/example_short_circuit_operator.py
[2024-07-18T23:53:16.367+0000] {processor.py:840} INFO - DAG(s) 'example_short_circuit_operator' retrieved from /home/airflow/.local/lib/python3.8/site-packages/airflow/example_dags/example_short_circuit_operator.py
[2024-07-18T23:53:16.385+0000] {logging_mixin.py:188} INFO - [2024-07-18T23:53:16.385+0000] {dag.py:3047} INFO - Sync 1 DAGs
[2024-07-18T23:53:16.402+0000] {logging_mixin.py:188} INFO - [2024-07-18T23:53:16.401+0000] {dag.py:3834} INFO - Setting next_dagrun for example_short_circuit_operator to 2024-07-17 00:00:00+00:00, run_after=2024-07-18 00:00:00+00:00
[2024-07-18T23:53:16.417+0000] {processor.py:183} INFO - Processing /home/airflow/.local/lib/python3.8/site-packages/airflow/example_dags/example_short_circuit_operator.py took 0.061 seconds
[2024-07-18T23:53:46.552+0000] {processor.py:161} INFO - Started process (PID=774) to work on /home/airflow/.local/lib/python3.8/site-packages/airflow/example_dags/example_short_circuit_operator.py
[2024-07-18T23:53:46.552+0000] {processor.py:830} INFO - Processing file /home/airflow/.local/lib/python3.8/site-packages/airflow/example_dags/example_short_circuit_operator.py for tasks to queue
[2024-07-18T23:53:46.553+0000] {logging_mixin.py:188} INFO - [2024-07-18T23:53:46.553+0000] {dagbag.py:540} INFO - Filling up the DagBag from /home/airflow/.local/lib/python3.8/site-packages/airflow/example_dags/example_short_circuit_operator.py
[2024-07-18T23:53:46.559+0000] {processor.py:840} INFO - DAG(s) 'example_short_circuit_operator' retrieved from /home/airflow/.local/lib/python3.8/site-packages/airflow/example_dags/example_short_circuit_operator.py
[2024-07-18T23:53:46.577+0000] {logging_mixin.py:188} INFO - [2024-07-18T23:53:46.577+0000] {dag.py:3047} INFO - Sync 1 DAGs
[2024-07-18T23:53:46.594+0000] {logging_mixin.py:188} INFO - [2024-07-18T23:53:46.593+0000] {dag.py:3834} INFO - Setting next_dagrun for example_short_circuit_operator to 2024-07-17 00:00:00+00:00, run_after=2024-07-18 00:00:00+00:00
[2024-07-18T23:53:46.608+0000] {processor.py:183} INFO - Processing /home/airflow/.local/lib/python3.8/site-packages/airflow/example_dags/example_short_circuit_operator.py took 0.059 seconds
[2024-07-18T23:54:16.848+0000] {processor.py:161} INFO - Started process (PID=830) to work on /home/airflow/.local/lib/python3.8/site-packages/airflow/example_dags/example_short_circuit_operator.py
[2024-07-18T23:54:16.849+0000] {processor.py:830} INFO - Processing file /home/airflow/.local/lib/python3.8/site-packages/airflow/example_dags/example_short_circuit_operator.py for tasks to queue
[2024-07-18T23:54:16.850+0000] {logging_mixin.py:188} INFO - [2024-07-18T23:54:16.850+0000] {dagbag.py:540} INFO - Filling up the DagBag from /home/airflow/.local/lib/python3.8/site-packages/airflow/example_dags/example_short_circuit_operator.py
[2024-07-18T23:54:16.855+0000] {processor.py:840} INFO - DAG(s) 'example_short_circuit_operator' retrieved from /home/airflow/.local/lib/python3.8/site-packages/airflow/example_dags/example_short_circuit_operator.py
[2024-07-18T23:54:16.873+0000] {logging_mixin.py:188} INFO - [2024-07-18T23:54:16.873+0000] {dag.py:3047} INFO - Sync 1 DAGs
[2024-07-18T23:54:16.889+0000] {logging_mixin.py:188} INFO - [2024-07-18T23:54:16.889+0000] {dag.py:3834} INFO - Setting next_dagrun for example_short_circuit_operator to 2024-07-17 00:00:00+00:00, run_after=2024-07-18 00:00:00+00:00
[2024-07-18T23:54:16.903+0000] {processor.py:183} INFO - Processing /home/airflow/.local/lib/python3.8/site-packages/airflow/example_dags/example_short_circuit_operator.py took 0.058 seconds
[2024-07-18T23:54:47.110+0000] {processor.py:161} INFO - Started process (PID=886) to work on /home/airflow/.local/lib/python3.8/site-packages/airflow/example_dags/example_short_circuit_operator.py
[2024-07-18T23:54:47.111+0000] {processor.py:830} INFO - Processing file /home/airflow/.local/lib/python3.8/site-packages/airflow/example_dags/example_short_circuit_operator.py for tasks to queue
[2024-07-18T23:54:47.112+0000] {logging_mixin.py:188} INFO - [2024-07-18T23:54:47.112+0000] {dagbag.py:540} INFO - Filling up the DagBag from /home/airflow/.local/lib/python3.8/site-packages/airflow/example_dags/example_short_circuit_operator.py
[2024-07-18T23:54:47.117+0000] {processor.py:840} INFO - DAG(s) 'example_short_circuit_operator' retrieved from /home/airflow/.local/lib/python3.8/site-packages/airflow/example_dags/example_short_circuit_operator.py
[2024-07-18T23:54:47.135+0000] {logging_mixin.py:188} INFO - [2024-07-18T23:54:47.135+0000] {dag.py:3047} INFO - Sync 1 DAGs
[2024-07-18T23:54:47.151+0000] {logging_mixin.py:188} INFO - [2024-07-18T23:54:47.151+0000] {dag.py:3834} INFO - Setting next_dagrun for example_short_circuit_operator to 2024-07-17 00:00:00+00:00, run_after=2024-07-18 00:00:00+00:00
[2024-07-18T23:54:47.164+0000] {processor.py:183} INFO - Processing /home/airflow/.local/lib/python3.8/site-packages/airflow/example_dags/example_short_circuit_operator.py took 0.056 seconds
[2024-07-18T23:55:17.330+0000] {processor.py:161} INFO - Started process (PID=943) to work on /home/airflow/.local/lib/python3.8/site-packages/airflow/example_dags/example_short_circuit_operator.py
[2024-07-18T23:55:17.331+0000] {processor.py:830} INFO - Processing file /home/airflow/.local/lib/python3.8/site-packages/airflow/example_dags/example_short_circuit_operator.py for tasks to queue
[2024-07-18T23:55:17.332+0000] {logging_mixin.py:188} INFO - [2024-07-18T23:55:17.332+0000] {dagbag.py:540} INFO - Filling up the DagBag from /home/airflow/.local/lib/python3.8/site-packages/airflow/example_dags/example_short_circuit_operator.py
[2024-07-18T23:55:17.337+0000] {processor.py:840} INFO - DAG(s) 'example_short_circuit_operator' retrieved from /home/airflow/.local/lib/python3.8/site-packages/airflow/example_dags/example_short_circuit_operator.py
[2024-07-18T23:55:17.355+0000] {logging_mixin.py:188} INFO - [2024-07-18T23:55:17.355+0000] {dag.py:3047} INFO - Sync 1 DAGs
[2024-07-18T23:55:17.372+0000] {logging_mixin.py:188} INFO - [2024-07-18T23:55:17.372+0000] {dag.py:3834} INFO - Setting next_dagrun for example_short_circuit_operator to 2024-07-17 00:00:00+00:00, run_after=2024-07-18 00:00:00+00:00
[2024-07-18T23:55:17.387+0000] {processor.py:183} INFO - Processing /home/airflow/.local/lib/python3.8/site-packages/airflow/example_dags/example_short_circuit_operator.py took 0.059 seconds
[2024-07-18T23:55:47.562+0000] {processor.py:161} INFO - Started process (PID=999) to work on /home/airflow/.local/lib/python3.8/site-packages/airflow/example_dags/example_short_circuit_operator.py
[2024-07-18T23:55:47.563+0000] {processor.py:830} INFO - Processing file /home/airflow/.local/lib/python3.8/site-packages/airflow/example_dags/example_short_circuit_operator.py for tasks to queue
[2024-07-18T23:55:47.564+0000] {logging_mixin.py:188} INFO - [2024-07-18T23:55:47.564+0000] {dagbag.py:540} INFO - Filling up the DagBag from /home/airflow/.local/lib/python3.8/site-packages/airflow/example_dags/example_short_circuit_operator.py
[2024-07-18T23:55:47.569+0000] {processor.py:840} INFO - DAG(s) 'example_short_circuit_operator' retrieved from /home/airflow/.local/lib/python3.8/site-packages/airflow/example_dags/example_short_circuit_operator.py
[2024-07-18T23:55:47.587+0000] {logging_mixin.py:188} INFO - [2024-07-18T23:55:47.587+0000] {dag.py:3047} INFO - Sync 1 DAGs
[2024-07-18T23:55:47.604+0000] {logging_mixin.py:188} INFO - [2024-07-18T23:55:47.603+0000] {dag.py:3834} INFO - Setting next_dagrun for example_short_circuit_operator to 2024-07-17 00:00:00+00:00, run_after=2024-07-18 00:00:00+00:00
[2024-07-18T23:55:47.618+0000] {processor.py:183} INFO - Processing /home/airflow/.local/lib/python3.8/site-packages/airflow/example_dags/example_short_circuit_operator.py took 0.058 seconds
[2024-07-18T23:56:17.794+0000] {processor.py:161} INFO - Started process (PID=1055) to work on /home/airflow/.local/lib/python3.8/site-packages/airflow/example_dags/example_short_circuit_operator.py
[2024-07-18T23:56:17.794+0000] {processor.py:830} INFO - Processing file /home/airflow/.local/lib/python3.8/site-packages/airflow/example_dags/example_short_circuit_operator.py for tasks to queue
[2024-07-18T23:56:17.796+0000] {logging_mixin.py:188} INFO - [2024-07-18T23:56:17.795+0000] {dagbag.py:540} INFO - Filling up the DagBag from /home/airflow/.local/lib/python3.8/site-packages/airflow/example_dags/example_short_circuit_operator.py
[2024-07-18T23:56:17.801+0000] {processor.py:840} INFO - DAG(s) 'example_short_circuit_operator' retrieved from /home/airflow/.local/lib/python3.8/site-packages/airflow/example_dags/example_short_circuit_operator.py
[2024-07-18T23:56:17.820+0000] {logging_mixin.py:188} INFO - [2024-07-18T23:56:17.819+0000] {dag.py:3047} INFO - Sync 1 DAGs
[2024-07-18T23:56:17.835+0000] {logging_mixin.py:188} INFO - [2024-07-18T23:56:17.835+0000] {dag.py:3834} INFO - Setting next_dagrun for example_short_circuit_operator to 2024-07-17 00:00:00+00:00, run_after=2024-07-18 00:00:00+00:00
[2024-07-18T23:56:17.850+0000] {processor.py:183} INFO - Processing /home/airflow/.local/lib/python3.8/site-packages/airflow/example_dags/example_short_circuit_operator.py took 0.059 seconds
[2024-07-18T23:56:48.078+0000] {processor.py:161} INFO - Started process (PID=1111) to work on /home/airflow/.local/lib/python3.8/site-packages/airflow/example_dags/example_short_circuit_operator.py
[2024-07-18T23:56:48.079+0000] {processor.py:830} INFO - Processing file /home/airflow/.local/lib/python3.8/site-packages/airflow/example_dags/example_short_circuit_operator.py for tasks to queue
[2024-07-18T23:56:48.080+0000] {logging_mixin.py:188} INFO - [2024-07-18T23:56:48.080+0000] {dagbag.py:540} INFO - Filling up the DagBag from /home/airflow/.local/lib/python3.8/site-packages/airflow/example_dags/example_short_circuit_operator.py
[2024-07-18T23:56:48.085+0000] {processor.py:840} INFO - DAG(s) 'example_short_circuit_operator' retrieved from /home/airflow/.local/lib/python3.8/site-packages/airflow/example_dags/example_short_circuit_operator.py
[2024-07-18T23:56:48.103+0000] {logging_mixin.py:188} INFO - [2024-07-18T23:56:48.103+0000] {dag.py:3047} INFO - Sync 1 DAGs
[2024-07-18T23:56:48.119+0000] {logging_mixin.py:188} INFO - [2024-07-18T23:56:48.119+0000] {dag.py:3834} INFO - Setting next_dagrun for example_short_circuit_operator to 2024-07-17 00:00:00+00:00, run_after=2024-07-18 00:00:00+00:00
[2024-07-18T23:56:48.134+0000] {processor.py:183} INFO - Processing /home/airflow/.local/lib/python3.8/site-packages/airflow/example_dags/example_short_circuit_operator.py took 0.058 seconds
[2024-07-18T23:57:18.476+0000] {processor.py:161} INFO - Started process (PID=1167) to work on /home/airflow/.local/lib/python3.8/site-packages/airflow/example_dags/example_short_circuit_operator.py
[2024-07-18T23:57:18.477+0000] {processor.py:830} INFO - Processing file /home/airflow/.local/lib/python3.8/site-packages/airflow/example_dags/example_short_circuit_operator.py for tasks to queue
[2024-07-18T23:57:18.478+0000] {logging_mixin.py:188} INFO - [2024-07-18T23:57:18.478+0000] {dagbag.py:540} INFO - Filling up the DagBag from /home/airflow/.local/lib/python3.8/site-packages/airflow/example_dags/example_short_circuit_operator.py
[2024-07-18T23:57:18.484+0000] {processor.py:840} INFO - DAG(s) 'example_short_circuit_operator' retrieved from /home/airflow/.local/lib/python3.8/site-packages/airflow/example_dags/example_short_circuit_operator.py
[2024-07-18T23:57:18.502+0000] {logging_mixin.py:188} INFO - [2024-07-18T23:57:18.501+0000] {dag.py:3047} INFO - Sync 1 DAGs
[2024-07-18T23:57:18.518+0000] {logging_mixin.py:188} INFO - [2024-07-18T23:57:18.518+0000] {dag.py:3834} INFO - Setting next_dagrun for example_short_circuit_operator to 2024-07-17 00:00:00+00:00, run_after=2024-07-18 00:00:00+00:00
[2024-07-18T23:57:18.533+0000] {processor.py:183} INFO - Processing /home/airflow/.local/lib/python3.8/site-packages/airflow/example_dags/example_short_circuit_operator.py took 0.060 seconds
[2024-07-18T23:57:48.632+0000] {processor.py:161} INFO - Started process (PID=1222) to work on /home/airflow/.local/lib/python3.8/site-packages/airflow/example_dags/example_short_circuit_operator.py
[2024-07-18T23:57:48.633+0000] {processor.py:830} INFO - Processing file /home/airflow/.local/lib/python3.8/site-packages/airflow/example_dags/example_short_circuit_operator.py for tasks to queue
[2024-07-18T23:57:48.634+0000] {logging_mixin.py:188} INFO - [2024-07-18T23:57:48.634+0000] {dagbag.py:540} INFO - Filling up the DagBag from /home/airflow/.local/lib/python3.8/site-packages/airflow/example_dags/example_short_circuit_operator.py
[2024-07-18T23:57:48.639+0000] {processor.py:840} INFO - DAG(s) 'example_short_circuit_operator' retrieved from /home/airflow/.local/lib/python3.8/site-packages/airflow/example_dags/example_short_circuit_operator.py
[2024-07-18T23:57:48.657+0000] {logging_mixin.py:188} INFO - [2024-07-18T23:57:48.657+0000] {dag.py:3047} INFO - Sync 1 DAGs
[2024-07-18T23:57:48.673+0000] {logging_mixin.py:188} INFO - [2024-07-18T23:57:48.673+0000] {dag.py:3834} INFO - Setting next_dagrun for example_short_circuit_operator to 2024-07-17 00:00:00+00:00, run_after=2024-07-18 00:00:00+00:00
[2024-07-18T23:57:48.686+0000] {processor.py:183} INFO - Processing /home/airflow/.local/lib/python3.8/site-packages/airflow/example_dags/example_short_circuit_operator.py took 0.056 seconds
[2024-07-18T23:58:18.900+0000] {processor.py:161} INFO - Started process (PID=1279) to work on /home/airflow/.local/lib/python3.8/site-packages/airflow/example_dags/example_short_circuit_operator.py
[2024-07-18T23:58:18.901+0000] {processor.py:830} INFO - Processing file /home/airflow/.local/lib/python3.8/site-packages/airflow/example_dags/example_short_circuit_operator.py for tasks to queue
[2024-07-18T23:58:18.902+0000] {logging_mixin.py:188} INFO - [2024-07-18T23:58:18.902+0000] {dagbag.py:540} INFO - Filling up the DagBag from /home/airflow/.local/lib/python3.8/site-packages/airflow/example_dags/example_short_circuit_operator.py
[2024-07-18T23:58:18.908+0000] {processor.py:840} INFO - DAG(s) 'example_short_circuit_operator' retrieved from /home/airflow/.local/lib/python3.8/site-packages/airflow/example_dags/example_short_circuit_operator.py
[2024-07-18T23:58:18.927+0000] {logging_mixin.py:188} INFO - [2024-07-18T23:58:18.927+0000] {dag.py:3047} INFO - Sync 1 DAGs
[2024-07-18T23:58:18.944+0000] {logging_mixin.py:188} INFO - [2024-07-18T23:58:18.944+0000] {dag.py:3834} INFO - Setting next_dagrun for example_short_circuit_operator to 2024-07-17 00:00:00+00:00, run_after=2024-07-18 00:00:00+00:00
[2024-07-18T23:58:18.960+0000] {processor.py:183} INFO - Processing /home/airflow/.local/lib/python3.8/site-packages/airflow/example_dags/example_short_circuit_operator.py took 0.062 seconds
[2024-07-18T23:58:49.212+0000] {processor.py:161} INFO - Started process (PID=1335) to work on /home/airflow/.local/lib/python3.8/site-packages/airflow/example_dags/example_short_circuit_operator.py
[2024-07-18T23:58:49.213+0000] {processor.py:830} INFO - Processing file /home/airflow/.local/lib/python3.8/site-packages/airflow/example_dags/example_short_circuit_operator.py for tasks to queue
[2024-07-18T23:58:49.214+0000] {logging_mixin.py:188} INFO - [2024-07-18T23:58:49.214+0000] {dagbag.py:540} INFO - Filling up the DagBag from /home/airflow/.local/lib/python3.8/site-packages/airflow/example_dags/example_short_circuit_operator.py
[2024-07-18T23:58:49.219+0000] {processor.py:840} INFO - DAG(s) 'example_short_circuit_operator' retrieved from /home/airflow/.local/lib/python3.8/site-packages/airflow/example_dags/example_short_circuit_operator.py
[2024-07-18T23:58:49.241+0000] {logging_mixin.py:188} INFO - [2024-07-18T23:58:49.240+0000] {dag.py:3047} INFO - Sync 1 DAGs
[2024-07-18T23:58:49.257+0000] {logging_mixin.py:188} INFO - [2024-07-18T23:58:49.257+0000] {dag.py:3834} INFO - Setting next_dagrun for example_short_circuit_operator to 2024-07-17 00:00:00+00:00, run_after=2024-07-18 00:00:00+00:00
[2024-07-18T23:58:49.273+0000] {processor.py:183} INFO - Processing /home/airflow/.local/lib/python3.8/site-packages/airflow/example_dags/example_short_circuit_operator.py took 0.063 seconds
[2024-07-18T23:59:19.340+0000] {processor.py:161} INFO - Started process (PID=1391) to work on /home/airflow/.local/lib/python3.8/site-packages/airflow/example_dags/example_short_circuit_operator.py
[2024-07-18T23:59:19.341+0000] {processor.py:830} INFO - Processing file /home/airflow/.local/lib/python3.8/site-packages/airflow/example_dags/example_short_circuit_operator.py for tasks to queue
[2024-07-18T23:59:19.342+0000] {logging_mixin.py:188} INFO - [2024-07-18T23:59:19.342+0000] {dagbag.py:540} INFO - Filling up the DagBag from /home/airflow/.local/lib/python3.8/site-packages/airflow/example_dags/example_short_circuit_operator.py
[2024-07-18T23:59:19.348+0000] {processor.py:840} INFO - DAG(s) 'example_short_circuit_operator' retrieved from /home/airflow/.local/lib/python3.8/site-packages/airflow/example_dags/example_short_circuit_operator.py
[2024-07-18T23:59:19.370+0000] {logging_mixin.py:188} INFO - [2024-07-18T23:59:19.369+0000] {dag.py:3047} INFO - Sync 1 DAGs
[2024-07-18T23:59:19.387+0000] {logging_mixin.py:188} INFO - [2024-07-18T23:59:19.386+0000] {dag.py:3834} INFO - Setting next_dagrun for example_short_circuit_operator to 2024-07-17 00:00:00+00:00, run_after=2024-07-18 00:00:00+00:00
[2024-07-18T23:59:19.405+0000] {processor.py:183} INFO - Processing /home/airflow/.local/lib/python3.8/site-packages/airflow/example_dags/example_short_circuit_operator.py took 0.068 seconds
[2024-07-18T23:59:49.552+0000] {processor.py:161} INFO - Started process (PID=1447) to work on /home/airflow/.local/lib/python3.8/site-packages/airflow/example_dags/example_short_circuit_operator.py
[2024-07-18T23:59:49.553+0000] {processor.py:830} INFO - Processing file /home/airflow/.local/lib/python3.8/site-packages/airflow/example_dags/example_short_circuit_operator.py for tasks to queue
[2024-07-18T23:59:49.554+0000] {logging_mixin.py:188} INFO - [2024-07-18T23:59:49.554+0000] {dagbag.py:540} INFO - Filling up the DagBag from /home/airflow/.local/lib/python3.8/site-packages/airflow/example_dags/example_short_circuit_operator.py
[2024-07-18T23:59:49.560+0000] {processor.py:840} INFO - DAG(s) 'example_short_circuit_operator' retrieved from /home/airflow/.local/lib/python3.8/site-packages/airflow/example_dags/example_short_circuit_operator.py
[2024-07-18T23:59:49.577+0000] {logging_mixin.py:188} INFO - [2024-07-18T23:59:49.577+0000] {dag.py:3047} INFO - Sync 1 DAGs
[2024-07-18T23:59:49.593+0000] {logging_mixin.py:188} INFO - [2024-07-18T23:59:49.593+0000] {dag.py:3834} INFO - Setting next_dagrun for example_short_circuit_operator to 2024-07-17 00:00:00+00:00, run_after=2024-07-18 00:00:00+00:00
[2024-07-18T23:59:49.608+0000] {processor.py:183} INFO - Processing /home/airflow/.local/lib/python3.8/site-packages/airflow/example_dags/example_short_circuit_operator.py took 0.059 seconds
