[2024-07-18T23:40:53.741+0000] {processor.py:161} INFO - Started process (PID=64) to work on /home/airflow/.local/lib/python3.8/site-packages/airflow/example_dags/tutorial_dag.py
[2024-07-18T23:40:53.742+0000] {processor.py:830} INFO - Processing file /home/airflow/.local/lib/python3.8/site-packages/airflow/example_dags/tutorial_dag.py for tasks to queue
[2024-07-18T23:40:53.743+0000] {logging_mixin.py:188} INFO - [2024-07-18T23:40:53.743+0000] {dagbag.py:540} INFO - Filling up the DagBag from /home/airflow/.local/lib/python3.8/site-packages/airflow/example_dags/tutorial_dag.py
[2024-07-18T23:40:53.750+0000] {processor.py:840} INFO - DAG(s) 'tutorial_dag' retrieved from /home/airflow/.local/lib/python3.8/site-packages/airflow/example_dags/tutorial_dag.py
[2024-07-18T23:40:53.760+0000] {logging_mixin.py:188} INFO - [2024-07-18T23:40:53.760+0000] {dag.py:3047} INFO - Sync 1 DAGs
[2024-07-18T23:40:53.771+0000] {logging_mixin.py:188} INFO - [2024-07-18T23:40:53.771+0000] {dag.py:3834} INFO - Setting next_dagrun for tutorial_dag to None, run_after=None
[2024-07-18T23:40:53.790+0000] {processor.py:183} INFO - Processing /home/airflow/.local/lib/python3.8/site-packages/airflow/example_dags/tutorial_dag.py took 0.053 seconds
[2024-07-18T23:41:24.541+0000] {processor.py:161} INFO - Started process (PID=120) to work on /home/airflow/.local/lib/python3.8/site-packages/airflow/example_dags/tutorial_dag.py
[2024-07-18T23:41:24.541+0000] {processor.py:830} INFO - Processing file /home/airflow/.local/lib/python3.8/site-packages/airflow/example_dags/tutorial_dag.py for tasks to queue
[2024-07-18T23:41:24.543+0000] {logging_mixin.py:188} INFO - [2024-07-18T23:41:24.542+0000] {dagbag.py:540} INFO - Filling up the DagBag from /home/airflow/.local/lib/python3.8/site-packages/airflow/example_dags/tutorial_dag.py
[2024-07-18T23:41:24.547+0000] {processor.py:840} INFO - DAG(s) 'tutorial_dag' retrieved from /home/airflow/.local/lib/python3.8/site-packages/airflow/example_dags/tutorial_dag.py
[2024-07-18T23:41:24.632+0000] {logging_mixin.py:188} INFO - [2024-07-18T23:41:24.632+0000] {dag.py:3047} INFO - Sync 1 DAGs
[2024-07-18T23:41:24.641+0000] {logging_mixin.py:188} INFO - [2024-07-18T23:41:24.640+0000] {dag.py:3834} INFO - Setting next_dagrun for tutorial_dag to None, run_after=None
[2024-07-18T23:41:24.658+0000] {processor.py:183} INFO - Processing /home/airflow/.local/lib/python3.8/site-packages/airflow/example_dags/tutorial_dag.py took 0.120 seconds
[2024-07-18T23:41:54.683+0000] {processor.py:161} INFO - Started process (PID=176) to work on /home/airflow/.local/lib/python3.8/site-packages/airflow/example_dags/tutorial_dag.py
[2024-07-18T23:41:54.683+0000] {processor.py:830} INFO - Processing file /home/airflow/.local/lib/python3.8/site-packages/airflow/example_dags/tutorial_dag.py for tasks to queue
[2024-07-18T23:41:54.684+0000] {logging_mixin.py:188} INFO - [2024-07-18T23:41:54.684+0000] {dagbag.py:540} INFO - Filling up the DagBag from /home/airflow/.local/lib/python3.8/site-packages/airflow/example_dags/tutorial_dag.py
[2024-07-18T23:41:54.688+0000] {processor.py:840} INFO - DAG(s) 'tutorial_dag' retrieved from /home/airflow/.local/lib/python3.8/site-packages/airflow/example_dags/tutorial_dag.py
[2024-07-18T23:41:54.702+0000] {logging_mixin.py:188} INFO - [2024-07-18T23:41:54.702+0000] {dag.py:3047} INFO - Sync 1 DAGs
[2024-07-18T23:41:54.712+0000] {logging_mixin.py:188} INFO - [2024-07-18T23:41:54.711+0000] {dag.py:3834} INFO - Setting next_dagrun for tutorial_dag to None, run_after=None
[2024-07-18T23:41:54.726+0000] {processor.py:183} INFO - Processing /home/airflow/.local/lib/python3.8/site-packages/airflow/example_dags/tutorial_dag.py took 0.045 seconds
[2024-07-18T23:42:24.837+0000] {processor.py:161} INFO - Started process (PID=233) to work on /home/airflow/.local/lib/python3.8/site-packages/airflow/example_dags/tutorial_dag.py
[2024-07-18T23:42:24.838+0000] {processor.py:830} INFO - Processing file /home/airflow/.local/lib/python3.8/site-packages/airflow/example_dags/tutorial_dag.py for tasks to queue
[2024-07-18T23:42:24.839+0000] {logging_mixin.py:188} INFO - [2024-07-18T23:42:24.839+0000] {dagbag.py:540} INFO - Filling up the DagBag from /home/airflow/.local/lib/python3.8/site-packages/airflow/example_dags/tutorial_dag.py
[2024-07-18T23:42:24.843+0000] {processor.py:840} INFO - DAG(s) 'tutorial_dag' retrieved from /home/airflow/.local/lib/python3.8/site-packages/airflow/example_dags/tutorial_dag.py
[2024-07-18T23:42:24.858+0000] {logging_mixin.py:188} INFO - [2024-07-18T23:42:24.858+0000] {dag.py:3047} INFO - Sync 1 DAGs
[2024-07-18T23:42:24.867+0000] {logging_mixin.py:188} INFO - [2024-07-18T23:42:24.867+0000] {dag.py:3834} INFO - Setting next_dagrun for tutorial_dag to None, run_after=None
[2024-07-18T23:42:24.882+0000] {processor.py:183} INFO - Processing /home/airflow/.local/lib/python3.8/site-packages/airflow/example_dags/tutorial_dag.py took 0.047 seconds
[2024-07-18T23:42:55.119+0000] {processor.py:161} INFO - Started process (PID=289) to work on /home/airflow/.local/lib/python3.8/site-packages/airflow/example_dags/tutorial_dag.py
[2024-07-18T23:42:55.120+0000] {processor.py:830} INFO - Processing file /home/airflow/.local/lib/python3.8/site-packages/airflow/example_dags/tutorial_dag.py for tasks to queue
[2024-07-18T23:42:55.121+0000] {logging_mixin.py:188} INFO - [2024-07-18T23:42:55.121+0000] {dagbag.py:540} INFO - Filling up the DagBag from /home/airflow/.local/lib/python3.8/site-packages/airflow/example_dags/tutorial_dag.py
[2024-07-18T23:42:55.125+0000] {processor.py:840} INFO - DAG(s) 'tutorial_dag' retrieved from /home/airflow/.local/lib/python3.8/site-packages/airflow/example_dags/tutorial_dag.py
[2024-07-18T23:42:55.145+0000] {logging_mixin.py:188} INFO - [2024-07-18T23:42:55.144+0000] {dag.py:3047} INFO - Sync 1 DAGs
[2024-07-18T23:42:55.155+0000] {logging_mixin.py:188} INFO - [2024-07-18T23:42:55.155+0000] {dag.py:3834} INFO - Setting next_dagrun for tutorial_dag to None, run_after=None
[2024-07-18T23:42:55.172+0000] {processor.py:183} INFO - Processing /home/airflow/.local/lib/python3.8/site-packages/airflow/example_dags/tutorial_dag.py took 0.056 seconds
[2024-07-18T23:43:25.230+0000] {processor.py:161} INFO - Started process (PID=345) to work on /home/airflow/.local/lib/python3.8/site-packages/airflow/example_dags/tutorial_dag.py
[2024-07-18T23:43:25.231+0000] {processor.py:830} INFO - Processing file /home/airflow/.local/lib/python3.8/site-packages/airflow/example_dags/tutorial_dag.py for tasks to queue
[2024-07-18T23:43:25.232+0000] {logging_mixin.py:188} INFO - [2024-07-18T23:43:25.232+0000] {dagbag.py:540} INFO - Filling up the DagBag from /home/airflow/.local/lib/python3.8/site-packages/airflow/example_dags/tutorial_dag.py
[2024-07-18T23:43:25.237+0000] {processor.py:840} INFO - DAG(s) 'tutorial_dag' retrieved from /home/airflow/.local/lib/python3.8/site-packages/airflow/example_dags/tutorial_dag.py
[2024-07-18T23:43:25.253+0000] {logging_mixin.py:188} INFO - [2024-07-18T23:43:25.252+0000] {dag.py:3047} INFO - Sync 1 DAGs
[2024-07-18T23:43:25.261+0000] {logging_mixin.py:188} INFO - [2024-07-18T23:43:25.261+0000] {dag.py:3834} INFO - Setting next_dagrun for tutorial_dag to None, run_after=None
[2024-07-18T23:43:25.276+0000] {processor.py:183} INFO - Processing /home/airflow/.local/lib/python3.8/site-packages/airflow/example_dags/tutorial_dag.py took 0.048 seconds
[2024-07-18T23:43:55.425+0000] {processor.py:161} INFO - Started process (PID=401) to work on /home/airflow/.local/lib/python3.8/site-packages/airflow/example_dags/tutorial_dag.py
[2024-07-18T23:43:55.425+0000] {processor.py:830} INFO - Processing file /home/airflow/.local/lib/python3.8/site-packages/airflow/example_dags/tutorial_dag.py for tasks to queue
[2024-07-18T23:43:55.426+0000] {logging_mixin.py:188} INFO - [2024-07-18T23:43:55.426+0000] {dagbag.py:540} INFO - Filling up the DagBag from /home/airflow/.local/lib/python3.8/site-packages/airflow/example_dags/tutorial_dag.py
[2024-07-18T23:43:55.430+0000] {processor.py:840} INFO - DAG(s) 'tutorial_dag' retrieved from /home/airflow/.local/lib/python3.8/site-packages/airflow/example_dags/tutorial_dag.py
[2024-07-18T23:43:55.445+0000] {logging_mixin.py:188} INFO - [2024-07-18T23:43:55.445+0000] {dag.py:3047} INFO - Sync 1 DAGs
[2024-07-18T23:43:55.454+0000] {logging_mixin.py:188} INFO - [2024-07-18T23:43:55.454+0000] {dag.py:3834} INFO - Setting next_dagrun for tutorial_dag to None, run_after=None
[2024-07-18T23:43:55.469+0000] {processor.py:183} INFO - Processing /home/airflow/.local/lib/python3.8/site-packages/airflow/example_dags/tutorial_dag.py took 0.046 seconds
[2024-07-18T23:44:25.661+0000] {processor.py:161} INFO - Started process (PID=457) to work on /home/airflow/.local/lib/python3.8/site-packages/airflow/example_dags/tutorial_dag.py
[2024-07-18T23:44:25.662+0000] {processor.py:830} INFO - Processing file /home/airflow/.local/lib/python3.8/site-packages/airflow/example_dags/tutorial_dag.py for tasks to queue
[2024-07-18T23:44:25.663+0000] {logging_mixin.py:188} INFO - [2024-07-18T23:44:25.663+0000] {dagbag.py:540} INFO - Filling up the DagBag from /home/airflow/.local/lib/python3.8/site-packages/airflow/example_dags/tutorial_dag.py
[2024-07-18T23:44:25.667+0000] {processor.py:840} INFO - DAG(s) 'tutorial_dag' retrieved from /home/airflow/.local/lib/python3.8/site-packages/airflow/example_dags/tutorial_dag.py
[2024-07-18T23:44:25.682+0000] {logging_mixin.py:188} INFO - [2024-07-18T23:44:25.682+0000] {dag.py:3047} INFO - Sync 1 DAGs
[2024-07-18T23:44:25.691+0000] {logging_mixin.py:188} INFO - [2024-07-18T23:44:25.691+0000] {dag.py:3834} INFO - Setting next_dagrun for tutorial_dag to None, run_after=None
[2024-07-18T23:44:25.705+0000] {processor.py:183} INFO - Processing /home/airflow/.local/lib/python3.8/site-packages/airflow/example_dags/tutorial_dag.py took 0.047 seconds
[2024-07-18T23:44:55.975+0000] {processor.py:161} INFO - Started process (PID=513) to work on /home/airflow/.local/lib/python3.8/site-packages/airflow/example_dags/tutorial_dag.py
[2024-07-18T23:44:55.977+0000] {processor.py:830} INFO - Processing file /home/airflow/.local/lib/python3.8/site-packages/airflow/example_dags/tutorial_dag.py for tasks to queue
[2024-07-18T23:44:55.978+0000] {logging_mixin.py:188} INFO - [2024-07-18T23:44:55.978+0000] {dagbag.py:540} INFO - Filling up the DagBag from /home/airflow/.local/lib/python3.8/site-packages/airflow/example_dags/tutorial_dag.py
[2024-07-18T23:44:55.983+0000] {processor.py:840} INFO - DAG(s) 'tutorial_dag' retrieved from /home/airflow/.local/lib/python3.8/site-packages/airflow/example_dags/tutorial_dag.py
[2024-07-18T23:44:56.001+0000] {logging_mixin.py:188} INFO - [2024-07-18T23:44:56.000+0000] {dag.py:3047} INFO - Sync 1 DAGs
[2024-07-18T23:44:56.011+0000] {logging_mixin.py:188} INFO - [2024-07-18T23:44:56.011+0000] {dag.py:3834} INFO - Setting next_dagrun for tutorial_dag to None, run_after=None
[2024-07-18T23:44:56.030+0000] {processor.py:183} INFO - Processing /home/airflow/.local/lib/python3.8/site-packages/airflow/example_dags/tutorial_dag.py took 0.058 seconds
[2024-07-18T23:45:27.040+0000] {processor.py:161} INFO - Started process (PID=569) to work on /home/airflow/.local/lib/python3.8/site-packages/airflow/example_dags/tutorial_dag.py
[2024-07-18T23:45:27.041+0000] {processor.py:830} INFO - Processing file /home/airflow/.local/lib/python3.8/site-packages/airflow/example_dags/tutorial_dag.py for tasks to queue
[2024-07-18T23:45:27.043+0000] {logging_mixin.py:188} INFO - [2024-07-18T23:45:27.042+0000] {dagbag.py:540} INFO - Filling up the DagBag from /home/airflow/.local/lib/python3.8/site-packages/airflow/example_dags/tutorial_dag.py
[2024-07-18T23:45:27.046+0000] {processor.py:840} INFO - DAG(s) 'tutorial_dag' retrieved from /home/airflow/.local/lib/python3.8/site-packages/airflow/example_dags/tutorial_dag.py
[2024-07-18T23:45:27.065+0000] {logging_mixin.py:188} INFO - [2024-07-18T23:45:27.064+0000] {dag.py:3047} INFO - Sync 1 DAGs
[2024-07-18T23:45:27.079+0000] {logging_mixin.py:188} INFO - [2024-07-18T23:45:27.079+0000] {dag.py:3834} INFO - Setting next_dagrun for tutorial_dag to None, run_after=None
[2024-07-18T23:45:27.105+0000] {processor.py:183} INFO - Processing /home/airflow/.local/lib/python3.8/site-packages/airflow/example_dags/tutorial_dag.py took 0.068 seconds
[2024-07-18T23:47:14.249+0000] {processor.py:161} INFO - Started process (PID=64) to work on /home/airflow/.local/lib/python3.8/site-packages/airflow/example_dags/tutorial_dag.py
[2024-07-18T23:47:14.250+0000] {processor.py:830} INFO - Processing file /home/airflow/.local/lib/python3.8/site-packages/airflow/example_dags/tutorial_dag.py for tasks to queue
[2024-07-18T23:47:14.252+0000] {logging_mixin.py:188} INFO - [2024-07-18T23:47:14.251+0000] {dagbag.py:540} INFO - Filling up the DagBag from /home/airflow/.local/lib/python3.8/site-packages/airflow/example_dags/tutorial_dag.py
[2024-07-18T23:47:14.259+0000] {processor.py:840} INFO - DAG(s) 'tutorial_dag' retrieved from /home/airflow/.local/lib/python3.8/site-packages/airflow/example_dags/tutorial_dag.py
[2024-07-18T23:47:14.271+0000] {logging_mixin.py:188} INFO - [2024-07-18T23:47:14.270+0000] {dag.py:3047} INFO - Sync 1 DAGs
[2024-07-18T23:47:14.284+0000] {logging_mixin.py:188} INFO - [2024-07-18T23:47:14.284+0000] {dag.py:3834} INFO - Setting next_dagrun for tutorial_dag to None, run_after=None
[2024-07-18T23:47:14.306+0000] {processor.py:183} INFO - Processing /home/airflow/.local/lib/python3.8/site-packages/airflow/example_dags/tutorial_dag.py took 0.060 seconds
[2024-07-18T23:47:44.943+0000] {processor.py:161} INFO - Started process (PID=120) to work on /home/airflow/.local/lib/python3.8/site-packages/airflow/example_dags/tutorial_dag.py
[2024-07-18T23:47:44.944+0000] {processor.py:830} INFO - Processing file /home/airflow/.local/lib/python3.8/site-packages/airflow/example_dags/tutorial_dag.py for tasks to queue
[2024-07-18T23:47:44.945+0000] {logging_mixin.py:188} INFO - [2024-07-18T23:47:44.945+0000] {dagbag.py:540} INFO - Filling up the DagBag from /home/airflow/.local/lib/python3.8/site-packages/airflow/example_dags/tutorial_dag.py
[2024-07-18T23:47:44.949+0000] {processor.py:840} INFO - DAG(s) 'tutorial_dag' retrieved from /home/airflow/.local/lib/python3.8/site-packages/airflow/example_dags/tutorial_dag.py
[2024-07-18T23:47:45.025+0000] {logging_mixin.py:188} INFO - [2024-07-18T23:47:45.024+0000] {dag.py:3047} INFO - Sync 1 DAGs
[2024-07-18T23:47:45.033+0000] {logging_mixin.py:188} INFO - [2024-07-18T23:47:45.033+0000] {dag.py:3834} INFO - Setting next_dagrun for tutorial_dag to None, run_after=None
[2024-07-18T23:47:45.048+0000] {processor.py:183} INFO - Processing /home/airflow/.local/lib/python3.8/site-packages/airflow/example_dags/tutorial_dag.py took 0.107 seconds
[2024-07-18T23:48:15.151+0000] {processor.py:161} INFO - Started process (PID=176) to work on /home/airflow/.local/lib/python3.8/site-packages/airflow/example_dags/tutorial_dag.py
[2024-07-18T23:48:15.152+0000] {processor.py:830} INFO - Processing file /home/airflow/.local/lib/python3.8/site-packages/airflow/example_dags/tutorial_dag.py for tasks to queue
[2024-07-18T23:48:15.153+0000] {logging_mixin.py:188} INFO - [2024-07-18T23:48:15.153+0000] {dagbag.py:540} INFO - Filling up the DagBag from /home/airflow/.local/lib/python3.8/site-packages/airflow/example_dags/tutorial_dag.py
[2024-07-18T23:48:15.157+0000] {processor.py:840} INFO - DAG(s) 'tutorial_dag' retrieved from /home/airflow/.local/lib/python3.8/site-packages/airflow/example_dags/tutorial_dag.py
[2024-07-18T23:48:15.173+0000] {logging_mixin.py:188} INFO - [2024-07-18T23:48:15.172+0000] {dag.py:3047} INFO - Sync 1 DAGs
[2024-07-18T23:48:15.182+0000] {logging_mixin.py:188} INFO - [2024-07-18T23:48:15.182+0000] {dag.py:3834} INFO - Setting next_dagrun for tutorial_dag to None, run_after=None
[2024-07-18T23:48:15.197+0000] {processor.py:183} INFO - Processing /home/airflow/.local/lib/python3.8/site-packages/airflow/example_dags/tutorial_dag.py took 0.049 seconds
[2024-07-18T23:48:45.506+0000] {processor.py:161} INFO - Started process (PID=232) to work on /home/airflow/.local/lib/python3.8/site-packages/airflow/example_dags/tutorial_dag.py
[2024-07-18T23:48:45.507+0000] {processor.py:830} INFO - Processing file /home/airflow/.local/lib/python3.8/site-packages/airflow/example_dags/tutorial_dag.py for tasks to queue
[2024-07-18T23:48:45.508+0000] {logging_mixin.py:188} INFO - [2024-07-18T23:48:45.508+0000] {dagbag.py:540} INFO - Filling up the DagBag from /home/airflow/.local/lib/python3.8/site-packages/airflow/example_dags/tutorial_dag.py
[2024-07-18T23:48:45.512+0000] {processor.py:840} INFO - DAG(s) 'tutorial_dag' retrieved from /home/airflow/.local/lib/python3.8/site-packages/airflow/example_dags/tutorial_dag.py
[2024-07-18T23:48:45.527+0000] {logging_mixin.py:188} INFO - [2024-07-18T23:48:45.526+0000] {dag.py:3047} INFO - Sync 1 DAGs
[2024-07-18T23:48:45.536+0000] {logging_mixin.py:188} INFO - [2024-07-18T23:48:45.536+0000] {dag.py:3834} INFO - Setting next_dagrun for tutorial_dag to None, run_after=None
[2024-07-18T23:48:45.552+0000] {processor.py:183} INFO - Processing /home/airflow/.local/lib/python3.8/site-packages/airflow/example_dags/tutorial_dag.py took 0.048 seconds
[2024-07-18T23:49:15.688+0000] {processor.py:161} INFO - Started process (PID=288) to work on /home/airflow/.local/lib/python3.8/site-packages/airflow/example_dags/tutorial_dag.py
[2024-07-18T23:49:15.688+0000] {processor.py:830} INFO - Processing file /home/airflow/.local/lib/python3.8/site-packages/airflow/example_dags/tutorial_dag.py for tasks to queue
[2024-07-18T23:49:15.690+0000] {logging_mixin.py:188} INFO - [2024-07-18T23:49:15.689+0000] {dagbag.py:540} INFO - Filling up the DagBag from /home/airflow/.local/lib/python3.8/site-packages/airflow/example_dags/tutorial_dag.py
[2024-07-18T23:49:15.693+0000] {processor.py:840} INFO - DAG(s) 'tutorial_dag' retrieved from /home/airflow/.local/lib/python3.8/site-packages/airflow/example_dags/tutorial_dag.py
[2024-07-18T23:49:15.710+0000] {logging_mixin.py:188} INFO - [2024-07-18T23:49:15.710+0000] {dag.py:3047} INFO - Sync 1 DAGs
[2024-07-18T23:49:15.720+0000] {logging_mixin.py:188} INFO - [2024-07-18T23:49:15.720+0000] {dag.py:3834} INFO - Setting next_dagrun for tutorial_dag to None, run_after=None
[2024-07-18T23:49:15.734+0000] {processor.py:183} INFO - Processing /home/airflow/.local/lib/python3.8/site-packages/airflow/example_dags/tutorial_dag.py took 0.049 seconds
[2024-07-18T23:49:45.895+0000] {processor.py:161} INFO - Started process (PID=344) to work on /home/airflow/.local/lib/python3.8/site-packages/airflow/example_dags/tutorial_dag.py
[2024-07-18T23:49:45.896+0000] {processor.py:830} INFO - Processing file /home/airflow/.local/lib/python3.8/site-packages/airflow/example_dags/tutorial_dag.py for tasks to queue
[2024-07-18T23:49:45.897+0000] {logging_mixin.py:188} INFO - [2024-07-18T23:49:45.897+0000] {dagbag.py:540} INFO - Filling up the DagBag from /home/airflow/.local/lib/python3.8/site-packages/airflow/example_dags/tutorial_dag.py
[2024-07-18T23:49:45.902+0000] {processor.py:840} INFO - DAG(s) 'tutorial_dag' retrieved from /home/airflow/.local/lib/python3.8/site-packages/airflow/example_dags/tutorial_dag.py
[2024-07-18T23:49:45.917+0000] {logging_mixin.py:188} INFO - [2024-07-18T23:49:45.917+0000] {dag.py:3047} INFO - Sync 1 DAGs
[2024-07-18T23:49:45.926+0000] {logging_mixin.py:188} INFO - [2024-07-18T23:49:45.926+0000] {dag.py:3834} INFO - Setting next_dagrun for tutorial_dag to None, run_after=None
[2024-07-18T23:49:45.941+0000] {processor.py:183} INFO - Processing /home/airflow/.local/lib/python3.8/site-packages/airflow/example_dags/tutorial_dag.py took 0.048 seconds
[2024-07-18T23:50:16.066+0000] {processor.py:161} INFO - Started process (PID=400) to work on /home/airflow/.local/lib/python3.8/site-packages/airflow/example_dags/tutorial_dag.py
[2024-07-18T23:50:16.068+0000] {processor.py:830} INFO - Processing file /home/airflow/.local/lib/python3.8/site-packages/airflow/example_dags/tutorial_dag.py for tasks to queue
[2024-07-18T23:50:16.069+0000] {logging_mixin.py:188} INFO - [2024-07-18T23:50:16.069+0000] {dagbag.py:540} INFO - Filling up the DagBag from /home/airflow/.local/lib/python3.8/site-packages/airflow/example_dags/tutorial_dag.py
[2024-07-18T23:50:16.072+0000] {processor.py:840} INFO - DAG(s) 'tutorial_dag' retrieved from /home/airflow/.local/lib/python3.8/site-packages/airflow/example_dags/tutorial_dag.py
[2024-07-18T23:50:16.088+0000] {logging_mixin.py:188} INFO - [2024-07-18T23:50:16.087+0000] {dag.py:3047} INFO - Sync 1 DAGs
[2024-07-18T23:50:16.098+0000] {logging_mixin.py:188} INFO - [2024-07-18T23:50:16.097+0000] {dag.py:3834} INFO - Setting next_dagrun for tutorial_dag to None, run_after=None
[2024-07-18T23:50:16.114+0000] {processor.py:183} INFO - Processing /home/airflow/.local/lib/python3.8/site-packages/airflow/example_dags/tutorial_dag.py took 0.050 seconds
[2024-07-18T23:50:46.249+0000] {processor.py:161} INFO - Started process (PID=456) to work on /home/airflow/.local/lib/python3.8/site-packages/airflow/example_dags/tutorial_dag.py
[2024-07-18T23:50:46.250+0000] {processor.py:830} INFO - Processing file /home/airflow/.local/lib/python3.8/site-packages/airflow/example_dags/tutorial_dag.py for tasks to queue
[2024-07-18T23:50:46.251+0000] {logging_mixin.py:188} INFO - [2024-07-18T23:50:46.251+0000] {dagbag.py:540} INFO - Filling up the DagBag from /home/airflow/.local/lib/python3.8/site-packages/airflow/example_dags/tutorial_dag.py
[2024-07-18T23:50:46.256+0000] {processor.py:840} INFO - DAG(s) 'tutorial_dag' retrieved from /home/airflow/.local/lib/python3.8/site-packages/airflow/example_dags/tutorial_dag.py
[2024-07-18T23:50:46.274+0000] {logging_mixin.py:188} INFO - [2024-07-18T23:50:46.273+0000] {dag.py:3047} INFO - Sync 1 DAGs
[2024-07-18T23:50:46.287+0000] {logging_mixin.py:188} INFO - [2024-07-18T23:50:46.286+0000] {dag.py:3834} INFO - Setting next_dagrun for tutorial_dag to None, run_after=None
[2024-07-18T23:50:46.305+0000] {processor.py:183} INFO - Processing /home/airflow/.local/lib/python3.8/site-packages/airflow/example_dags/tutorial_dag.py took 0.059 seconds
[2024-07-18T23:51:16.521+0000] {processor.py:161} INFO - Started process (PID=512) to work on /home/airflow/.local/lib/python3.8/site-packages/airflow/example_dags/tutorial_dag.py
[2024-07-18T23:51:16.522+0000] {processor.py:830} INFO - Processing file /home/airflow/.local/lib/python3.8/site-packages/airflow/example_dags/tutorial_dag.py for tasks to queue
[2024-07-18T23:51:16.523+0000] {logging_mixin.py:188} INFO - [2024-07-18T23:51:16.523+0000] {dagbag.py:540} INFO - Filling up the DagBag from /home/airflow/.local/lib/python3.8/site-packages/airflow/example_dags/tutorial_dag.py
[2024-07-18T23:51:16.527+0000] {processor.py:840} INFO - DAG(s) 'tutorial_dag' retrieved from /home/airflow/.local/lib/python3.8/site-packages/airflow/example_dags/tutorial_dag.py
[2024-07-18T23:51:16.541+0000] {logging_mixin.py:188} INFO - [2024-07-18T23:51:16.541+0000] {dag.py:3047} INFO - Sync 1 DAGs
[2024-07-18T23:51:16.551+0000] {logging_mixin.py:188} INFO - [2024-07-18T23:51:16.550+0000] {dag.py:3834} INFO - Setting next_dagrun for tutorial_dag to None, run_after=None
[2024-07-18T23:51:16.565+0000] {processor.py:183} INFO - Processing /home/airflow/.local/lib/python3.8/site-packages/airflow/example_dags/tutorial_dag.py took 0.047 seconds
[2024-07-18T23:51:47.523+0000] {processor.py:161} INFO - Started process (PID=568) to work on /home/airflow/.local/lib/python3.8/site-packages/airflow/example_dags/tutorial_dag.py
[2024-07-18T23:51:47.524+0000] {processor.py:830} INFO - Processing file /home/airflow/.local/lib/python3.8/site-packages/airflow/example_dags/tutorial_dag.py for tasks to queue
[2024-07-18T23:51:47.526+0000] {logging_mixin.py:188} INFO - [2024-07-18T23:51:47.525+0000] {dagbag.py:540} INFO - Filling up the DagBag from /home/airflow/.local/lib/python3.8/site-packages/airflow/example_dags/tutorial_dag.py
[2024-07-18T23:51:47.530+0000] {processor.py:840} INFO - DAG(s) 'tutorial_dag' retrieved from /home/airflow/.local/lib/python3.8/site-packages/airflow/example_dags/tutorial_dag.py
[2024-07-18T23:51:47.547+0000] {logging_mixin.py:188} INFO - [2024-07-18T23:51:47.547+0000] {dag.py:3047} INFO - Sync 1 DAGs
[2024-07-18T23:51:47.557+0000] {logging_mixin.py:188} INFO - [2024-07-18T23:51:47.557+0000] {dag.py:3834} INFO - Setting next_dagrun for tutorial_dag to None, run_after=None
[2024-07-18T23:51:47.574+0000] {processor.py:183} INFO - Processing /home/airflow/.local/lib/python3.8/site-packages/airflow/example_dags/tutorial_dag.py took 0.053 seconds
[2024-07-18T23:52:17.695+0000] {processor.py:161} INFO - Started process (PID=624) to work on /home/airflow/.local/lib/python3.8/site-packages/airflow/example_dags/tutorial_dag.py
[2024-07-18T23:52:17.696+0000] {processor.py:830} INFO - Processing file /home/airflow/.local/lib/python3.8/site-packages/airflow/example_dags/tutorial_dag.py for tasks to queue
[2024-07-18T23:52:17.697+0000] {logging_mixin.py:188} INFO - [2024-07-18T23:52:17.697+0000] {dagbag.py:540} INFO - Filling up the DagBag from /home/airflow/.local/lib/python3.8/site-packages/airflow/example_dags/tutorial_dag.py
[2024-07-18T23:52:17.700+0000] {processor.py:840} INFO - DAG(s) 'tutorial_dag' retrieved from /home/airflow/.local/lib/python3.8/site-packages/airflow/example_dags/tutorial_dag.py
[2024-07-18T23:52:17.715+0000] {logging_mixin.py:188} INFO - [2024-07-18T23:52:17.715+0000] {dag.py:3047} INFO - Sync 1 DAGs
[2024-07-18T23:52:17.725+0000] {logging_mixin.py:188} INFO - [2024-07-18T23:52:17.724+0000] {dag.py:3834} INFO - Setting next_dagrun for tutorial_dag to None, run_after=None
[2024-07-18T23:52:17.740+0000] {processor.py:183} INFO - Processing /home/airflow/.local/lib/python3.8/site-packages/airflow/example_dags/tutorial_dag.py took 0.047 seconds
[2024-07-18T23:52:47.869+0000] {processor.py:161} INFO - Started process (PID=680) to work on /home/airflow/.local/lib/python3.8/site-packages/airflow/example_dags/tutorial_dag.py
[2024-07-18T23:52:47.870+0000] {processor.py:830} INFO - Processing file /home/airflow/.local/lib/python3.8/site-packages/airflow/example_dags/tutorial_dag.py for tasks to queue
[2024-07-18T23:52:47.871+0000] {logging_mixin.py:188} INFO - [2024-07-18T23:52:47.871+0000] {dagbag.py:540} INFO - Filling up the DagBag from /home/airflow/.local/lib/python3.8/site-packages/airflow/example_dags/tutorial_dag.py
[2024-07-18T23:52:47.875+0000] {processor.py:840} INFO - DAG(s) 'tutorial_dag' retrieved from /home/airflow/.local/lib/python3.8/site-packages/airflow/example_dags/tutorial_dag.py
[2024-07-18T23:52:47.890+0000] {logging_mixin.py:188} INFO - [2024-07-18T23:52:47.889+0000] {dag.py:3047} INFO - Sync 1 DAGs
[2024-07-18T23:52:47.899+0000] {logging_mixin.py:188} INFO - [2024-07-18T23:52:47.899+0000] {dag.py:3834} INFO - Setting next_dagrun for tutorial_dag to None, run_after=None
[2024-07-18T23:52:47.914+0000] {processor.py:183} INFO - Processing /home/airflow/.local/lib/python3.8/site-packages/airflow/example_dags/tutorial_dag.py took 0.047 seconds
[2024-07-18T23:53:18.082+0000] {processor.py:161} INFO - Started process (PID=736) to work on /home/airflow/.local/lib/python3.8/site-packages/airflow/example_dags/tutorial_dag.py
[2024-07-18T23:53:18.083+0000] {processor.py:830} INFO - Processing file /home/airflow/.local/lib/python3.8/site-packages/airflow/example_dags/tutorial_dag.py for tasks to queue
[2024-07-18T23:53:18.084+0000] {logging_mixin.py:188} INFO - [2024-07-18T23:53:18.084+0000] {dagbag.py:540} INFO - Filling up the DagBag from /home/airflow/.local/lib/python3.8/site-packages/airflow/example_dags/tutorial_dag.py
[2024-07-18T23:53:18.088+0000] {processor.py:840} INFO - DAG(s) 'tutorial_dag' retrieved from /home/airflow/.local/lib/python3.8/site-packages/airflow/example_dags/tutorial_dag.py
[2024-07-18T23:53:18.105+0000] {logging_mixin.py:188} INFO - [2024-07-18T23:53:18.105+0000] {dag.py:3047} INFO - Sync 1 DAGs
[2024-07-18T23:53:18.116+0000] {logging_mixin.py:188} INFO - [2024-07-18T23:53:18.115+0000] {dag.py:3834} INFO - Setting next_dagrun for tutorial_dag to None, run_after=None
[2024-07-18T23:53:18.133+0000] {processor.py:183} INFO - Processing /home/airflow/.local/lib/python3.8/site-packages/airflow/example_dags/tutorial_dag.py took 0.054 seconds
[2024-07-18T23:53:48.239+0000] {processor.py:161} INFO - Started process (PID=791) to work on /home/airflow/.local/lib/python3.8/site-packages/airflow/example_dags/tutorial_dag.py
[2024-07-18T23:53:48.240+0000] {processor.py:830} INFO - Processing file /home/airflow/.local/lib/python3.8/site-packages/airflow/example_dags/tutorial_dag.py for tasks to queue
[2024-07-18T23:53:48.241+0000] {logging_mixin.py:188} INFO - [2024-07-18T23:53:48.241+0000] {dagbag.py:540} INFO - Filling up the DagBag from /home/airflow/.local/lib/python3.8/site-packages/airflow/example_dags/tutorial_dag.py
[2024-07-18T23:53:48.245+0000] {processor.py:840} INFO - DAG(s) 'tutorial_dag' retrieved from /home/airflow/.local/lib/python3.8/site-packages/airflow/example_dags/tutorial_dag.py
[2024-07-18T23:53:48.260+0000] {logging_mixin.py:188} INFO - [2024-07-18T23:53:48.260+0000] {dag.py:3047} INFO - Sync 1 DAGs
[2024-07-18T23:53:48.269+0000] {logging_mixin.py:188} INFO - [2024-07-18T23:53:48.269+0000] {dag.py:3834} INFO - Setting next_dagrun for tutorial_dag to None, run_after=None
[2024-07-18T23:53:48.285+0000] {processor.py:183} INFO - Processing /home/airflow/.local/lib/python3.8/site-packages/airflow/example_dags/tutorial_dag.py took 0.048 seconds
[2024-07-18T23:54:18.496+0000] {processor.py:161} INFO - Started process (PID=847) to work on /home/airflow/.local/lib/python3.8/site-packages/airflow/example_dags/tutorial_dag.py
[2024-07-18T23:54:18.497+0000] {processor.py:830} INFO - Processing file /home/airflow/.local/lib/python3.8/site-packages/airflow/example_dags/tutorial_dag.py for tasks to queue
[2024-07-18T23:54:18.499+0000] {logging_mixin.py:188} INFO - [2024-07-18T23:54:18.498+0000] {dagbag.py:540} INFO - Filling up the DagBag from /home/airflow/.local/lib/python3.8/site-packages/airflow/example_dags/tutorial_dag.py
[2024-07-18T23:54:18.502+0000] {processor.py:840} INFO - DAG(s) 'tutorial_dag' retrieved from /home/airflow/.local/lib/python3.8/site-packages/airflow/example_dags/tutorial_dag.py
[2024-07-18T23:54:18.518+0000] {logging_mixin.py:188} INFO - [2024-07-18T23:54:18.517+0000] {dag.py:3047} INFO - Sync 1 DAGs
[2024-07-18T23:54:18.527+0000] {logging_mixin.py:188} INFO - [2024-07-18T23:54:18.527+0000] {dag.py:3834} INFO - Setting next_dagrun for tutorial_dag to None, run_after=None
[2024-07-18T23:54:18.542+0000] {processor.py:183} INFO - Processing /home/airflow/.local/lib/python3.8/site-packages/airflow/example_dags/tutorial_dag.py took 0.048 seconds
[2024-07-18T23:54:48.762+0000] {processor.py:161} INFO - Started process (PID=903) to work on /home/airflow/.local/lib/python3.8/site-packages/airflow/example_dags/tutorial_dag.py
[2024-07-18T23:54:48.762+0000] {processor.py:830} INFO - Processing file /home/airflow/.local/lib/python3.8/site-packages/airflow/example_dags/tutorial_dag.py for tasks to queue
[2024-07-18T23:54:48.764+0000] {logging_mixin.py:188} INFO - [2024-07-18T23:54:48.763+0000] {dagbag.py:540} INFO - Filling up the DagBag from /home/airflow/.local/lib/python3.8/site-packages/airflow/example_dags/tutorial_dag.py
[2024-07-18T23:54:48.767+0000] {processor.py:840} INFO - DAG(s) 'tutorial_dag' retrieved from /home/airflow/.local/lib/python3.8/site-packages/airflow/example_dags/tutorial_dag.py
[2024-07-18T23:54:48.783+0000] {logging_mixin.py:188} INFO - [2024-07-18T23:54:48.782+0000] {dag.py:3047} INFO - Sync 1 DAGs
[2024-07-18T23:54:48.792+0000] {logging_mixin.py:188} INFO - [2024-07-18T23:54:48.792+0000] {dag.py:3834} INFO - Setting next_dagrun for tutorial_dag to None, run_after=None
[2024-07-18T23:54:48.810+0000] {processor.py:183} INFO - Processing /home/airflow/.local/lib/python3.8/site-packages/airflow/example_dags/tutorial_dag.py took 0.050 seconds
[2024-07-18T23:55:19.062+0000] {processor.py:161} INFO - Started process (PID=960) to work on /home/airflow/.local/lib/python3.8/site-packages/airflow/example_dags/tutorial_dag.py
[2024-07-18T23:55:19.063+0000] {processor.py:830} INFO - Processing file /home/airflow/.local/lib/python3.8/site-packages/airflow/example_dags/tutorial_dag.py for tasks to queue
[2024-07-18T23:55:19.065+0000] {logging_mixin.py:188} INFO - [2024-07-18T23:55:19.064+0000] {dagbag.py:540} INFO - Filling up the DagBag from /home/airflow/.local/lib/python3.8/site-packages/airflow/example_dags/tutorial_dag.py
[2024-07-18T23:55:19.068+0000] {processor.py:840} INFO - DAG(s) 'tutorial_dag' retrieved from /home/airflow/.local/lib/python3.8/site-packages/airflow/example_dags/tutorial_dag.py
[2024-07-18T23:55:19.084+0000] {logging_mixin.py:188} INFO - [2024-07-18T23:55:19.083+0000] {dag.py:3047} INFO - Sync 1 DAGs
[2024-07-18T23:55:19.093+0000] {logging_mixin.py:188} INFO - [2024-07-18T23:55:19.093+0000] {dag.py:3834} INFO - Setting next_dagrun for tutorial_dag to None, run_after=None
[2024-07-18T23:55:19.108+0000] {processor.py:183} INFO - Processing /home/airflow/.local/lib/python3.8/site-packages/airflow/example_dags/tutorial_dag.py took 0.048 seconds
[2024-07-18T23:55:49.265+0000] {processor.py:161} INFO - Started process (PID=1016) to work on /home/airflow/.local/lib/python3.8/site-packages/airflow/example_dags/tutorial_dag.py
[2024-07-18T23:55:49.266+0000] {processor.py:830} INFO - Processing file /home/airflow/.local/lib/python3.8/site-packages/airflow/example_dags/tutorial_dag.py for tasks to queue
[2024-07-18T23:55:49.267+0000] {logging_mixin.py:188} INFO - [2024-07-18T23:55:49.267+0000] {dagbag.py:540} INFO - Filling up the DagBag from /home/airflow/.local/lib/python3.8/site-packages/airflow/example_dags/tutorial_dag.py
[2024-07-18T23:55:49.271+0000] {processor.py:840} INFO - DAG(s) 'tutorial_dag' retrieved from /home/airflow/.local/lib/python3.8/site-packages/airflow/example_dags/tutorial_dag.py
[2024-07-18T23:55:49.288+0000] {logging_mixin.py:188} INFO - [2024-07-18T23:55:49.287+0000] {dag.py:3047} INFO - Sync 1 DAGs
[2024-07-18T23:55:49.297+0000] {logging_mixin.py:188} INFO - [2024-07-18T23:55:49.297+0000] {dag.py:3834} INFO - Setting next_dagrun for tutorial_dag to None, run_after=None
[2024-07-18T23:55:49.313+0000] {processor.py:183} INFO - Processing /home/airflow/.local/lib/python3.8/site-packages/airflow/example_dags/tutorial_dag.py took 0.051 seconds
[2024-07-18T23:56:19.531+0000] {processor.py:161} INFO - Started process (PID=1072) to work on /home/airflow/.local/lib/python3.8/site-packages/airflow/example_dags/tutorial_dag.py
[2024-07-18T23:56:19.532+0000] {processor.py:830} INFO - Processing file /home/airflow/.local/lib/python3.8/site-packages/airflow/example_dags/tutorial_dag.py for tasks to queue
[2024-07-18T23:56:19.533+0000] {logging_mixin.py:188} INFO - [2024-07-18T23:56:19.533+0000] {dagbag.py:540} INFO - Filling up the DagBag from /home/airflow/.local/lib/python3.8/site-packages/airflow/example_dags/tutorial_dag.py
[2024-07-18T23:56:19.537+0000] {processor.py:840} INFO - DAG(s) 'tutorial_dag' retrieved from /home/airflow/.local/lib/python3.8/site-packages/airflow/example_dags/tutorial_dag.py
[2024-07-18T23:56:19.553+0000] {logging_mixin.py:188} INFO - [2024-07-18T23:56:19.552+0000] {dag.py:3047} INFO - Sync 1 DAGs
[2024-07-18T23:56:19.563+0000] {logging_mixin.py:188} INFO - [2024-07-18T23:56:19.563+0000] {dag.py:3834} INFO - Setting next_dagrun for tutorial_dag to None, run_after=None
[2024-07-18T23:56:19.578+0000] {processor.py:183} INFO - Processing /home/airflow/.local/lib/python3.8/site-packages/airflow/example_dags/tutorial_dag.py took 0.048 seconds
[2024-07-18T23:56:49.767+0000] {processor.py:161} INFO - Started process (PID=1128) to work on /home/airflow/.local/lib/python3.8/site-packages/airflow/example_dags/tutorial_dag.py
[2024-07-18T23:56:49.767+0000] {processor.py:830} INFO - Processing file /home/airflow/.local/lib/python3.8/site-packages/airflow/example_dags/tutorial_dag.py for tasks to queue
[2024-07-18T23:56:49.769+0000] {logging_mixin.py:188} INFO - [2024-07-18T23:56:49.768+0000] {dagbag.py:540} INFO - Filling up the DagBag from /home/airflow/.local/lib/python3.8/site-packages/airflow/example_dags/tutorial_dag.py
[2024-07-18T23:56:49.772+0000] {processor.py:840} INFO - DAG(s) 'tutorial_dag' retrieved from /home/airflow/.local/lib/python3.8/site-packages/airflow/example_dags/tutorial_dag.py
[2024-07-18T23:56:49.788+0000] {logging_mixin.py:188} INFO - [2024-07-18T23:56:49.788+0000] {dag.py:3047} INFO - Sync 1 DAGs
[2024-07-18T23:56:49.798+0000] {logging_mixin.py:188} INFO - [2024-07-18T23:56:49.798+0000] {dag.py:3834} INFO - Setting next_dagrun for tutorial_dag to None, run_after=None
[2024-07-18T23:56:49.815+0000] {processor.py:183} INFO - Processing /home/airflow/.local/lib/python3.8/site-packages/airflow/example_dags/tutorial_dag.py took 0.051 seconds
[2024-07-18T23:57:20.234+0000] {processor.py:161} INFO - Started process (PID=1185) to work on /home/airflow/.local/lib/python3.8/site-packages/airflow/example_dags/tutorial_dag.py
[2024-07-18T23:57:20.236+0000] {processor.py:830} INFO - Processing file /home/airflow/.local/lib/python3.8/site-packages/airflow/example_dags/tutorial_dag.py for tasks to queue
[2024-07-18T23:57:20.237+0000] {logging_mixin.py:188} INFO - [2024-07-18T23:57:20.237+0000] {dagbag.py:540} INFO - Filling up the DagBag from /home/airflow/.local/lib/python3.8/site-packages/airflow/example_dags/tutorial_dag.py
[2024-07-18T23:57:20.241+0000] {processor.py:840} INFO - DAG(s) 'tutorial_dag' retrieved from /home/airflow/.local/lib/python3.8/site-packages/airflow/example_dags/tutorial_dag.py
[2024-07-18T23:57:20.258+0000] {logging_mixin.py:188} INFO - [2024-07-18T23:57:20.258+0000] {dag.py:3047} INFO - Sync 1 DAGs
[2024-07-18T23:57:20.268+0000] {logging_mixin.py:188} INFO - [2024-07-18T23:57:20.268+0000] {dag.py:3834} INFO - Setting next_dagrun for tutorial_dag to None, run_after=None
[2024-07-18T23:57:20.283+0000] {processor.py:183} INFO - Processing /home/airflow/.local/lib/python3.8/site-packages/airflow/example_dags/tutorial_dag.py took 0.051 seconds
[2024-07-18T23:57:50.523+0000] {processor.py:161} INFO - Started process (PID=1241) to work on /home/airflow/.local/lib/python3.8/site-packages/airflow/example_dags/tutorial_dag.py
[2024-07-18T23:57:50.523+0000] {processor.py:830} INFO - Processing file /home/airflow/.local/lib/python3.8/site-packages/airflow/example_dags/tutorial_dag.py for tasks to queue
[2024-07-18T23:57:50.525+0000] {logging_mixin.py:188} INFO - [2024-07-18T23:57:50.524+0000] {dagbag.py:540} INFO - Filling up the DagBag from /home/airflow/.local/lib/python3.8/site-packages/airflow/example_dags/tutorial_dag.py
[2024-07-18T23:57:50.528+0000] {processor.py:840} INFO - DAG(s) 'tutorial_dag' retrieved from /home/airflow/.local/lib/python3.8/site-packages/airflow/example_dags/tutorial_dag.py
[2024-07-18T23:57:50.544+0000] {logging_mixin.py:188} INFO - [2024-07-18T23:57:50.543+0000] {dag.py:3047} INFO - Sync 1 DAGs
[2024-07-18T23:57:50.553+0000] {logging_mixin.py:188} INFO - [2024-07-18T23:57:50.553+0000] {dag.py:3834} INFO - Setting next_dagrun for tutorial_dag to None, run_after=None
[2024-07-18T23:57:50.568+0000] {processor.py:183} INFO - Processing /home/airflow/.local/lib/python3.8/site-packages/airflow/example_dags/tutorial_dag.py took 0.048 seconds
[2024-07-18T23:58:20.709+0000] {processor.py:161} INFO - Started process (PID=1297) to work on /home/airflow/.local/lib/python3.8/site-packages/airflow/example_dags/tutorial_dag.py
[2024-07-18T23:58:20.709+0000] {processor.py:830} INFO - Processing file /home/airflow/.local/lib/python3.8/site-packages/airflow/example_dags/tutorial_dag.py for tasks to queue
[2024-07-18T23:58:20.711+0000] {logging_mixin.py:188} INFO - [2024-07-18T23:58:20.710+0000] {dagbag.py:540} INFO - Filling up the DagBag from /home/airflow/.local/lib/python3.8/site-packages/airflow/example_dags/tutorial_dag.py
[2024-07-18T23:58:20.714+0000] {processor.py:840} INFO - DAG(s) 'tutorial_dag' retrieved from /home/airflow/.local/lib/python3.8/site-packages/airflow/example_dags/tutorial_dag.py
[2024-07-18T23:58:20.729+0000] {logging_mixin.py:188} INFO - [2024-07-18T23:58:20.729+0000] {dag.py:3047} INFO - Sync 1 DAGs
[2024-07-18T23:58:20.738+0000] {logging_mixin.py:188} INFO - [2024-07-18T23:58:20.738+0000] {dag.py:3834} INFO - Setting next_dagrun for tutorial_dag to None, run_after=None
[2024-07-18T23:58:20.754+0000] {processor.py:183} INFO - Processing /home/airflow/.local/lib/python3.8/site-packages/airflow/example_dags/tutorial_dag.py took 0.048 seconds
[2024-07-18T23:58:50.881+0000] {processor.py:161} INFO - Started process (PID=1353) to work on /home/airflow/.local/lib/python3.8/site-packages/airflow/example_dags/tutorial_dag.py
[2024-07-18T23:58:50.881+0000] {processor.py:830} INFO - Processing file /home/airflow/.local/lib/python3.8/site-packages/airflow/example_dags/tutorial_dag.py for tasks to queue
[2024-07-18T23:58:50.883+0000] {logging_mixin.py:188} INFO - [2024-07-18T23:58:50.882+0000] {dagbag.py:540} INFO - Filling up the DagBag from /home/airflow/.local/lib/python3.8/site-packages/airflow/example_dags/tutorial_dag.py
[2024-07-18T23:58:50.886+0000] {processor.py:840} INFO - DAG(s) 'tutorial_dag' retrieved from /home/airflow/.local/lib/python3.8/site-packages/airflow/example_dags/tutorial_dag.py
[2024-07-18T23:58:50.901+0000] {logging_mixin.py:188} INFO - [2024-07-18T23:58:50.901+0000] {dag.py:3047} INFO - Sync 1 DAGs
[2024-07-18T23:58:50.910+0000] {logging_mixin.py:188} INFO - [2024-07-18T23:58:50.910+0000] {dag.py:3834} INFO - Setting next_dagrun for tutorial_dag to None, run_after=None
[2024-07-18T23:58:50.924+0000] {processor.py:183} INFO - Processing /home/airflow/.local/lib/python3.8/site-packages/airflow/example_dags/tutorial_dag.py took 0.045 seconds
[2024-07-18T23:59:21.033+0000] {processor.py:161} INFO - Started process (PID=1408) to work on /home/airflow/.local/lib/python3.8/site-packages/airflow/example_dags/tutorial_dag.py
[2024-07-18T23:59:21.034+0000] {processor.py:830} INFO - Processing file /home/airflow/.local/lib/python3.8/site-packages/airflow/example_dags/tutorial_dag.py for tasks to queue
[2024-07-18T23:59:21.035+0000] {logging_mixin.py:188} INFO - [2024-07-18T23:59:21.035+0000] {dagbag.py:540} INFO - Filling up the DagBag from /home/airflow/.local/lib/python3.8/site-packages/airflow/example_dags/tutorial_dag.py
[2024-07-18T23:59:21.039+0000] {processor.py:840} INFO - DAG(s) 'tutorial_dag' retrieved from /home/airflow/.local/lib/python3.8/site-packages/airflow/example_dags/tutorial_dag.py
[2024-07-18T23:59:21.056+0000] {logging_mixin.py:188} INFO - [2024-07-18T23:59:21.056+0000] {dag.py:3047} INFO - Sync 1 DAGs
[2024-07-18T23:59:21.066+0000] {logging_mixin.py:188} INFO - [2024-07-18T23:59:21.066+0000] {dag.py:3834} INFO - Setting next_dagrun for tutorial_dag to None, run_after=None
[2024-07-18T23:59:21.084+0000] {processor.py:183} INFO - Processing /home/airflow/.local/lib/python3.8/site-packages/airflow/example_dags/tutorial_dag.py took 0.053 seconds
[2024-07-18T23:59:51.228+0000] {processor.py:161} INFO - Started process (PID=1464) to work on /home/airflow/.local/lib/python3.8/site-packages/airflow/example_dags/tutorial_dag.py
[2024-07-18T23:59:51.229+0000] {processor.py:830} INFO - Processing file /home/airflow/.local/lib/python3.8/site-packages/airflow/example_dags/tutorial_dag.py for tasks to queue
[2024-07-18T23:59:51.231+0000] {logging_mixin.py:188} INFO - [2024-07-18T23:59:51.230+0000] {dagbag.py:540} INFO - Filling up the DagBag from /home/airflow/.local/lib/python3.8/site-packages/airflow/example_dags/tutorial_dag.py
[2024-07-18T23:59:51.234+0000] {processor.py:840} INFO - DAG(s) 'tutorial_dag' retrieved from /home/airflow/.local/lib/python3.8/site-packages/airflow/example_dags/tutorial_dag.py
[2024-07-18T23:59:51.249+0000] {logging_mixin.py:188} INFO - [2024-07-18T23:59:51.249+0000] {dag.py:3047} INFO - Sync 1 DAGs
[2024-07-18T23:59:51.258+0000] {logging_mixin.py:188} INFO - [2024-07-18T23:59:51.258+0000] {dag.py:3834} INFO - Setting next_dagrun for tutorial_dag to None, run_after=None
[2024-07-18T23:59:51.273+0000] {processor.py:183} INFO - Processing /home/airflow/.local/lib/python3.8/site-packages/airflow/example_dags/tutorial_dag.py took 0.047 seconds
