[2024-07-28T00:00:20.028+0000] {processor.py:161} INFO - Started process (PID=4717) to work on /home/airflow/.local/lib/python3.8/site-packages/airflow/example_dags/example_short_circuit_operator.py
[2024-07-28T00:00:20.028+0000] {processor.py:830} INFO - Processing file /home/airflow/.local/lib/python3.8/site-packages/airflow/example_dags/example_short_circuit_operator.py for tasks to queue
[2024-07-28T00:00:20.030+0000] {logging_mixin.py:188} INFO - [2024-07-28T00:00:20.029+0000] {dagbag.py:540} INFO - Filling up the DagBag from /home/airflow/.local/lib/python3.8/site-packages/airflow/example_dags/example_short_circuit_operator.py
[2024-07-28T00:00:20.035+0000] {processor.py:840} INFO - DAG(s) 'example_short_circuit_operator' retrieved from /home/airflow/.local/lib/python3.8/site-packages/airflow/example_dags/example_short_circuit_operator.py
[2024-07-28T00:00:20.057+0000] {logging_mixin.py:188} INFO - [2024-07-28T00:00:20.057+0000] {dag.py:3047} INFO - Sync 1 DAGs
[2024-07-28T00:00:20.075+0000] {logging_mixin.py:188} INFO - [2024-07-28T00:00:20.075+0000] {dag.py:3834} INFO - Setting next_dagrun for example_short_circuit_operator to 2024-07-27 00:00:00+00:00, run_after=2024-07-28 00:00:00+00:00
[2024-07-28T00:00:20.091+0000] {processor.py:183} INFO - Processing /home/airflow/.local/lib/python3.8/site-packages/airflow/example_dags/example_short_circuit_operator.py took 0.066 seconds
[2024-07-28T00:00:50.361+0000] {processor.py:161} INFO - Started process (PID=4776) to work on /home/airflow/.local/lib/python3.8/site-packages/airflow/example_dags/example_short_circuit_operator.py
[2024-07-28T00:00:50.362+0000] {processor.py:830} INFO - Processing file /home/airflow/.local/lib/python3.8/site-packages/airflow/example_dags/example_short_circuit_operator.py for tasks to queue
[2024-07-28T00:00:50.363+0000] {logging_mixin.py:188} INFO - [2024-07-28T00:00:50.363+0000] {dagbag.py:540} INFO - Filling up the DagBag from /home/airflow/.local/lib/python3.8/site-packages/airflow/example_dags/example_short_circuit_operator.py
[2024-07-28T00:00:50.369+0000] {processor.py:840} INFO - DAG(s) 'example_short_circuit_operator' retrieved from /home/airflow/.local/lib/python3.8/site-packages/airflow/example_dags/example_short_circuit_operator.py
[2024-07-28T00:00:50.389+0000] {logging_mixin.py:188} INFO - [2024-07-28T00:00:50.388+0000] {dag.py:3047} INFO - Sync 1 DAGs
[2024-07-28T00:00:50.406+0000] {logging_mixin.py:188} INFO - [2024-07-28T00:00:50.406+0000] {dag.py:3834} INFO - Setting next_dagrun for example_short_circuit_operator to 2024-07-27 00:00:00+00:00, run_after=2024-07-28 00:00:00+00:00
[2024-07-28T00:00:50.422+0000] {processor.py:183} INFO - Processing /home/airflow/.local/lib/python3.8/site-packages/airflow/example_dags/example_short_circuit_operator.py took 0.064 seconds
[2024-07-28T00:01:20.623+0000] {processor.py:161} INFO - Started process (PID=4844) to work on /home/airflow/.local/lib/python3.8/site-packages/airflow/example_dags/example_short_circuit_operator.py
[2024-07-28T00:01:20.623+0000] {processor.py:830} INFO - Processing file /home/airflow/.local/lib/python3.8/site-packages/airflow/example_dags/example_short_circuit_operator.py for tasks to queue
[2024-07-28T00:01:20.625+0000] {logging_mixin.py:188} INFO - [2024-07-28T00:01:20.625+0000] {dagbag.py:540} INFO - Filling up the DagBag from /home/airflow/.local/lib/python3.8/site-packages/airflow/example_dags/example_short_circuit_operator.py
[2024-07-28T00:01:20.632+0000] {processor.py:840} INFO - DAG(s) 'example_short_circuit_operator' retrieved from /home/airflow/.local/lib/python3.8/site-packages/airflow/example_dags/example_short_circuit_operator.py
[2024-07-28T00:01:20.652+0000] {logging_mixin.py:188} INFO - [2024-07-28T00:01:20.652+0000] {dag.py:3047} INFO - Sync 1 DAGs
[2024-07-28T00:01:20.670+0000] {logging_mixin.py:188} INFO - [2024-07-28T00:01:20.669+0000] {dag.py:3834} INFO - Setting next_dagrun for example_short_circuit_operator to 2024-07-27 00:00:00+00:00, run_after=2024-07-28 00:00:00+00:00
[2024-07-28T00:01:20.685+0000] {processor.py:183} INFO - Processing /home/airflow/.local/lib/python3.8/site-packages/airflow/example_dags/example_short_circuit_operator.py took 0.064 seconds
[2024-07-28T00:01:50.808+0000] {processor.py:161} INFO - Started process (PID=4900) to work on /home/airflow/.local/lib/python3.8/site-packages/airflow/example_dags/example_short_circuit_operator.py
[2024-07-28T00:01:50.809+0000] {processor.py:830} INFO - Processing file /home/airflow/.local/lib/python3.8/site-packages/airflow/example_dags/example_short_circuit_operator.py for tasks to queue
[2024-07-28T00:01:50.810+0000] {logging_mixin.py:188} INFO - [2024-07-28T00:01:50.810+0000] {dagbag.py:540} INFO - Filling up the DagBag from /home/airflow/.local/lib/python3.8/site-packages/airflow/example_dags/example_short_circuit_operator.py
[2024-07-28T00:01:50.816+0000] {processor.py:840} INFO - DAG(s) 'example_short_circuit_operator' retrieved from /home/airflow/.local/lib/python3.8/site-packages/airflow/example_dags/example_short_circuit_operator.py
[2024-07-28T00:01:50.835+0000] {logging_mixin.py:188} INFO - [2024-07-28T00:01:50.835+0000] {dag.py:3047} INFO - Sync 1 DAGs
[2024-07-28T00:01:50.853+0000] {logging_mixin.py:188} INFO - [2024-07-28T00:01:50.852+0000] {dag.py:3834} INFO - Setting next_dagrun for example_short_circuit_operator to 2024-07-27 00:00:00+00:00, run_after=2024-07-28 00:00:00+00:00
[2024-07-28T00:01:50.870+0000] {processor.py:183} INFO - Processing /home/airflow/.local/lib/python3.8/site-packages/airflow/example_dags/example_short_circuit_operator.py took 0.064 seconds
[2024-07-28T00:02:20.907+0000] {processor.py:161} INFO - Started process (PID=4956) to work on /home/airflow/.local/lib/python3.8/site-packages/airflow/example_dags/example_short_circuit_operator.py
[2024-07-28T00:02:20.908+0000] {processor.py:830} INFO - Processing file /home/airflow/.local/lib/python3.8/site-packages/airflow/example_dags/example_short_circuit_operator.py for tasks to queue
[2024-07-28T00:02:20.909+0000] {logging_mixin.py:188} INFO - [2024-07-28T00:02:20.909+0000] {dagbag.py:540} INFO - Filling up the DagBag from /home/airflow/.local/lib/python3.8/site-packages/airflow/example_dags/example_short_circuit_operator.py
[2024-07-28T00:02:20.914+0000] {processor.py:840} INFO - DAG(s) 'example_short_circuit_operator' retrieved from /home/airflow/.local/lib/python3.8/site-packages/airflow/example_dags/example_short_circuit_operator.py
[2024-07-28T00:02:20.931+0000] {logging_mixin.py:188} INFO - [2024-07-28T00:02:20.931+0000] {dag.py:3047} INFO - Sync 1 DAGs
[2024-07-28T00:02:20.947+0000] {logging_mixin.py:188} INFO - [2024-07-28T00:02:20.947+0000] {dag.py:3834} INFO - Setting next_dagrun for example_short_circuit_operator to 2024-07-27 00:00:00+00:00, run_after=2024-07-28 00:00:00+00:00
[2024-07-28T00:02:20.962+0000] {processor.py:183} INFO - Processing /home/airflow/.local/lib/python3.8/site-packages/airflow/example_dags/example_short_circuit_operator.py took 0.057 seconds
[2024-07-28T00:02:51.004+0000] {processor.py:161} INFO - Started process (PID=5011) to work on /home/airflow/.local/lib/python3.8/site-packages/airflow/example_dags/example_short_circuit_operator.py
[2024-07-28T00:02:51.005+0000] {processor.py:830} INFO - Processing file /home/airflow/.local/lib/python3.8/site-packages/airflow/example_dags/example_short_circuit_operator.py for tasks to queue
[2024-07-28T00:02:51.006+0000] {logging_mixin.py:188} INFO - [2024-07-28T00:02:51.006+0000] {dagbag.py:540} INFO - Filling up the DagBag from /home/airflow/.local/lib/python3.8/site-packages/airflow/example_dags/example_short_circuit_operator.py
[2024-07-28T00:02:51.011+0000] {processor.py:840} INFO - DAG(s) 'example_short_circuit_operator' retrieved from /home/airflow/.local/lib/python3.8/site-packages/airflow/example_dags/example_short_circuit_operator.py
[2024-07-28T00:02:51.028+0000] {logging_mixin.py:188} INFO - [2024-07-28T00:02:51.028+0000] {dag.py:3047} INFO - Sync 1 DAGs
[2024-07-28T00:02:51.044+0000] {logging_mixin.py:188} INFO - [2024-07-28T00:02:51.043+0000] {dag.py:3834} INFO - Setting next_dagrun for example_short_circuit_operator to 2024-07-27 00:00:00+00:00, run_after=2024-07-28 00:00:00+00:00
[2024-07-28T00:02:51.058+0000] {processor.py:183} INFO - Processing /home/airflow/.local/lib/python3.8/site-packages/airflow/example_dags/example_short_circuit_operator.py took 0.056 seconds
[2024-07-28T00:03:21.093+0000] {processor.py:161} INFO - Started process (PID=5081) to work on /home/airflow/.local/lib/python3.8/site-packages/airflow/example_dags/example_short_circuit_operator.py
[2024-07-28T00:03:21.095+0000] {processor.py:830} INFO - Processing file /home/airflow/.local/lib/python3.8/site-packages/airflow/example_dags/example_short_circuit_operator.py for tasks to queue
[2024-07-28T00:03:21.096+0000] {logging_mixin.py:188} INFO - [2024-07-28T00:03:21.096+0000] {dagbag.py:540} INFO - Filling up the DagBag from /home/airflow/.local/lib/python3.8/site-packages/airflow/example_dags/example_short_circuit_operator.py
[2024-07-28T00:03:21.102+0000] {processor.py:840} INFO - DAG(s) 'example_short_circuit_operator' retrieved from /home/airflow/.local/lib/python3.8/site-packages/airflow/example_dags/example_short_circuit_operator.py
[2024-07-28T00:03:21.122+0000] {logging_mixin.py:188} INFO - [2024-07-28T00:03:21.121+0000] {dag.py:3047} INFO - Sync 1 DAGs
[2024-07-28T00:03:21.138+0000] {logging_mixin.py:188} INFO - [2024-07-28T00:03:21.138+0000] {dag.py:3834} INFO - Setting next_dagrun for example_short_circuit_operator to 2024-07-27 00:00:00+00:00, run_after=2024-07-28 00:00:00+00:00
[2024-07-28T00:03:21.155+0000] {processor.py:183} INFO - Processing /home/airflow/.local/lib/python3.8/site-packages/airflow/example_dags/example_short_circuit_operator.py took 0.064 seconds
