[2024-07-28T00:00:27.349+0000] {processor.py:161} INFO - Started process (PID=4749) to work on /home/airflow/.local/lib/python3.8/site-packages/airflow/example_dags/example_branch_python_dop_operator_3.py
[2024-07-28T00:00:27.349+0000] {processor.py:830} INFO - Processing file /home/airflow/.local/lib/python3.8/site-packages/airflow/example_dags/example_branch_python_dop_operator_3.py for tasks to queue
[2024-07-28T00:00:27.350+0000] {logging_mixin.py:188} INFO - [2024-07-28T00:00:27.350+0000] {dagbag.py:540} INFO - Filling up the DagBag from /home/airflow/.local/lib/python3.8/site-packages/airflow/example_dags/example_branch_python_dop_operator_3.py
[2024-07-28T00:00:27.357+0000] {processor.py:840} INFO - DAG(s) 'example_branch_dop_operator_v3' retrieved from /home/airflow/.local/lib/python3.8/site-packages/airflow/example_dags/example_branch_python_dop_operator_3.py
[2024-07-28T00:00:27.372+0000] {logging_mixin.py:188} INFO - [2024-07-28T00:00:27.371+0000] {dag.py:3047} INFO - Sync 1 DAGs
[2024-07-28T00:00:27.391+0000] {logging_mixin.py:188} INFO - [2024-07-28T00:00:27.390+0000] {dag.py:3834} INFO - Setting next_dagrun for example_branch_dop_operator_v3 to 2024-07-27 23:59:00+00:00, run_after=2024-07-28 00:00:00+00:00
[2024-07-28T00:00:27.405+0000] {processor.py:183} INFO - Processing /home/airflow/.local/lib/python3.8/site-packages/airflow/example_dags/example_branch_python_dop_operator_3.py took 0.058 seconds
[2024-07-28T00:00:57.575+0000] {processor.py:161} INFO - Started process (PID=4820) to work on /home/airflow/.local/lib/python3.8/site-packages/airflow/example_dags/example_branch_python_dop_operator_3.py
[2024-07-28T00:00:57.575+0000] {processor.py:830} INFO - Processing file /home/airflow/.local/lib/python3.8/site-packages/airflow/example_dags/example_branch_python_dop_operator_3.py for tasks to queue
[2024-07-28T00:00:57.576+0000] {logging_mixin.py:188} INFO - [2024-07-28T00:00:57.576+0000] {dagbag.py:540} INFO - Filling up the DagBag from /home/airflow/.local/lib/python3.8/site-packages/airflow/example_dags/example_branch_python_dop_operator_3.py
[2024-07-28T00:00:57.584+0000] {processor.py:840} INFO - DAG(s) 'example_branch_dop_operator_v3' retrieved from /home/airflow/.local/lib/python3.8/site-packages/airflow/example_dags/example_branch_python_dop_operator_3.py
[2024-07-28T00:00:57.603+0000] {logging_mixin.py:188} INFO - [2024-07-28T00:00:57.603+0000] {dag.py:3047} INFO - Sync 1 DAGs
[2024-07-28T00:00:57.627+0000] {logging_mixin.py:188} INFO - [2024-07-28T00:00:57.627+0000] {dag.py:3834} INFO - Setting next_dagrun for example_branch_dop_operator_v3 to 2024-07-27 23:59:00+00:00, run_after=2024-07-28 00:00:00+00:00
[2024-07-28T00:00:57.646+0000] {processor.py:183} INFO - Processing /home/airflow/.local/lib/python3.8/site-packages/airflow/example_dags/example_branch_python_dop_operator_3.py took 0.074 seconds
[2024-07-28T00:01:27.920+0000] {processor.py:161} INFO - Started process (PID=4876) to work on /home/airflow/.local/lib/python3.8/site-packages/airflow/example_dags/example_branch_python_dop_operator_3.py
[2024-07-28T00:01:27.920+0000] {processor.py:830} INFO - Processing file /home/airflow/.local/lib/python3.8/site-packages/airflow/example_dags/example_branch_python_dop_operator_3.py for tasks to queue
[2024-07-28T00:01:27.922+0000] {logging_mixin.py:188} INFO - [2024-07-28T00:01:27.921+0000] {dagbag.py:540} INFO - Filling up the DagBag from /home/airflow/.local/lib/python3.8/site-packages/airflow/example_dags/example_branch_python_dop_operator_3.py
[2024-07-28T00:01:27.930+0000] {processor.py:840} INFO - DAG(s) 'example_branch_dop_operator_v3' retrieved from /home/airflow/.local/lib/python3.8/site-packages/airflow/example_dags/example_branch_python_dop_operator_3.py
[2024-07-28T00:01:27.945+0000] {logging_mixin.py:188} INFO - [2024-07-28T00:01:27.945+0000] {dag.py:3047} INFO - Sync 1 DAGs
[2024-07-28T00:01:27.967+0000] {logging_mixin.py:188} INFO - [2024-07-28T00:01:27.967+0000] {dag.py:3834} INFO - Setting next_dagrun for example_branch_dop_operator_v3 to 2024-07-28 00:00:00+00:00, run_after=2024-07-28 00:01:00+00:00
[2024-07-28T00:01:27.981+0000] {processor.py:183} INFO - Processing /home/airflow/.local/lib/python3.8/site-packages/airflow/example_dags/example_branch_python_dop_operator_3.py took 0.064 seconds
[2024-07-28T00:01:58.060+0000] {processor.py:161} INFO - Started process (PID=4932) to work on /home/airflow/.local/lib/python3.8/site-packages/airflow/example_dags/example_branch_python_dop_operator_3.py
[2024-07-28T00:01:58.061+0000] {processor.py:830} INFO - Processing file /home/airflow/.local/lib/python3.8/site-packages/airflow/example_dags/example_branch_python_dop_operator_3.py for tasks to queue
[2024-07-28T00:01:58.062+0000] {logging_mixin.py:188} INFO - [2024-07-28T00:01:58.062+0000] {dagbag.py:540} INFO - Filling up the DagBag from /home/airflow/.local/lib/python3.8/site-packages/airflow/example_dags/example_branch_python_dop_operator_3.py
[2024-07-28T00:01:58.069+0000] {processor.py:840} INFO - DAG(s) 'example_branch_dop_operator_v3' retrieved from /home/airflow/.local/lib/python3.8/site-packages/airflow/example_dags/example_branch_python_dop_operator_3.py
[2024-07-28T00:01:58.086+0000] {logging_mixin.py:188} INFO - [2024-07-28T00:01:58.086+0000] {dag.py:3047} INFO - Sync 1 DAGs
[2024-07-28T00:01:58.108+0000] {logging_mixin.py:188} INFO - [2024-07-28T00:01:58.108+0000] {dag.py:3834} INFO - Setting next_dagrun for example_branch_dop_operator_v3 to 2024-07-28 00:00:00+00:00, run_after=2024-07-28 00:01:00+00:00
[2024-07-28T00:01:58.124+0000] {processor.py:183} INFO - Processing /home/airflow/.local/lib/python3.8/site-packages/airflow/example_dags/example_branch_python_dop_operator_3.py took 0.066 seconds
[2024-07-28T00:02:28.158+0000] {processor.py:161} INFO - Started process (PID=4988) to work on /home/airflow/.local/lib/python3.8/site-packages/airflow/example_dags/example_branch_python_dop_operator_3.py
[2024-07-28T00:02:28.159+0000] {processor.py:830} INFO - Processing file /home/airflow/.local/lib/python3.8/site-packages/airflow/example_dags/example_branch_python_dop_operator_3.py for tasks to queue
[2024-07-28T00:02:28.160+0000] {logging_mixin.py:188} INFO - [2024-07-28T00:02:28.160+0000] {dagbag.py:540} INFO - Filling up the DagBag from /home/airflow/.local/lib/python3.8/site-packages/airflow/example_dags/example_branch_python_dop_operator_3.py
[2024-07-28T00:02:28.170+0000] {processor.py:840} INFO - DAG(s) 'example_branch_dop_operator_v3' retrieved from /home/airflow/.local/lib/python3.8/site-packages/airflow/example_dags/example_branch_python_dop_operator_3.py
[2024-07-28T00:02:28.188+0000] {logging_mixin.py:188} INFO - [2024-07-28T00:02:28.188+0000] {dag.py:3047} INFO - Sync 1 DAGs
[2024-07-28T00:02:28.209+0000] {logging_mixin.py:188} INFO - [2024-07-28T00:02:28.209+0000] {dag.py:3834} INFO - Setting next_dagrun for example_branch_dop_operator_v3 to 2024-07-28 00:01:00+00:00, run_after=2024-07-28 00:02:00+00:00
[2024-07-28T00:02:28.224+0000] {processor.py:183} INFO - Processing /home/airflow/.local/lib/python3.8/site-packages/airflow/example_dags/example_branch_python_dop_operator_3.py took 0.069 seconds
[2024-07-28T00:02:58.353+0000] {processor.py:161} INFO - Started process (PID=5044) to work on /home/airflow/.local/lib/python3.8/site-packages/airflow/example_dags/example_branch_python_dop_operator_3.py
[2024-07-28T00:02:58.354+0000] {processor.py:830} INFO - Processing file /home/airflow/.local/lib/python3.8/site-packages/airflow/example_dags/example_branch_python_dop_operator_3.py for tasks to queue
[2024-07-28T00:02:58.355+0000] {logging_mixin.py:188} INFO - [2024-07-28T00:02:58.355+0000] {dagbag.py:540} INFO - Filling up the DagBag from /home/airflow/.local/lib/python3.8/site-packages/airflow/example_dags/example_branch_python_dop_operator_3.py
[2024-07-28T00:02:58.363+0000] {processor.py:840} INFO - DAG(s) 'example_branch_dop_operator_v3' retrieved from /home/airflow/.local/lib/python3.8/site-packages/airflow/example_dags/example_branch_python_dop_operator_3.py
[2024-07-28T00:02:58.380+0000] {logging_mixin.py:188} INFO - [2024-07-28T00:02:58.379+0000] {dag.py:3047} INFO - Sync 1 DAGs
[2024-07-28T00:02:58.401+0000] {logging_mixin.py:188} INFO - [2024-07-28T00:02:58.401+0000] {dag.py:3834} INFO - Setting next_dagrun for example_branch_dop_operator_v3 to 2024-07-28 00:01:00+00:00, run_after=2024-07-28 00:02:00+00:00
[2024-07-28T00:02:58.415+0000] {processor.py:183} INFO - Processing /home/airflow/.local/lib/python3.8/site-packages/airflow/example_dags/example_branch_python_dop_operator_3.py took 0.064 seconds
[2024-07-28T00:03:28.455+0000] {processor.py:161} INFO - Started process (PID=5113) to work on /home/airflow/.local/lib/python3.8/site-packages/airflow/example_dags/example_branch_python_dop_operator_3.py
[2024-07-28T00:03:28.456+0000] {processor.py:830} INFO - Processing file /home/airflow/.local/lib/python3.8/site-packages/airflow/example_dags/example_branch_python_dop_operator_3.py for tasks to queue
[2024-07-28T00:03:28.457+0000] {logging_mixin.py:188} INFO - [2024-07-28T00:03:28.457+0000] {dagbag.py:540} INFO - Filling up the DagBag from /home/airflow/.local/lib/python3.8/site-packages/airflow/example_dags/example_branch_python_dop_operator_3.py
[2024-07-28T00:03:28.464+0000] {processor.py:840} INFO - DAG(s) 'example_branch_dop_operator_v3' retrieved from /home/airflow/.local/lib/python3.8/site-packages/airflow/example_dags/example_branch_python_dop_operator_3.py
[2024-07-28T00:03:28.480+0000] {logging_mixin.py:188} INFO - [2024-07-28T00:03:28.480+0000] {dag.py:3047} INFO - Sync 1 DAGs
[2024-07-28T00:03:28.502+0000] {logging_mixin.py:188} INFO - [2024-07-28T00:03:28.502+0000] {dag.py:3834} INFO - Setting next_dagrun for example_branch_dop_operator_v3 to 2024-07-28 00:02:00+00:00, run_after=2024-07-28 00:03:00+00:00
[2024-07-28T00:03:28.519+0000] {processor.py:183} INFO - Processing /home/airflow/.local/lib/python3.8/site-packages/airflow/example_dags/example_branch_python_dop_operator_3.py took 0.066 seconds
