[2024-07-28T00:00:27.275+0000] {processor.py:161} INFO - Started process (PID=4748) to work on /home/airflow/.local/lib/python3.8/site-packages/airflow/example_dags/example_task_group_decorator.py
[2024-07-28T00:00:27.275+0000] {processor.py:830} INFO - Processing file /home/airflow/.local/lib/python3.8/site-packages/airflow/example_dags/example_task_group_decorator.py for tasks to queue
[2024-07-28T00:00:27.277+0000] {logging_mixin.py:188} INFO - [2024-07-28T00:00:27.276+0000] {dagbag.py:540} INFO - Filling up the DagBag from /home/airflow/.local/lib/python3.8/site-packages/airflow/example_dags/example_task_group_decorator.py
[2024-07-28T00:00:27.287+0000] {processor.py:840} INFO - DAG(s) 'example_task_group_decorator' retrieved from /home/airflow/.local/lib/python3.8/site-packages/airflow/example_dags/example_task_group_decorator.py
[2024-07-28T00:00:27.307+0000] {logging_mixin.py:188} INFO - [2024-07-28T00:00:27.306+0000] {dag.py:3047} INFO - Sync 1 DAGs
[2024-07-28T00:00:27.322+0000] {logging_mixin.py:188} INFO - [2024-07-28T00:00:27.322+0000] {dag.py:3834} INFO - Setting next_dagrun for example_task_group_decorator to 2024-07-27 00:00:00+00:00, run_after=2024-07-28 00:00:00+00:00
[2024-07-28T00:00:27.335+0000] {processor.py:183} INFO - Processing /home/airflow/.local/lib/python3.8/site-packages/airflow/example_dags/example_task_group_decorator.py took 0.063 seconds
[2024-07-28T00:00:57.485+0000] {processor.py:161} INFO - Started process (PID=4819) to work on /home/airflow/.local/lib/python3.8/site-packages/airflow/example_dags/example_task_group_decorator.py
[2024-07-28T00:00:57.485+0000] {processor.py:830} INFO - Processing file /home/airflow/.local/lib/python3.8/site-packages/airflow/example_dags/example_task_group_decorator.py for tasks to queue
[2024-07-28T00:00:57.487+0000] {logging_mixin.py:188} INFO - [2024-07-28T00:00:57.487+0000] {dagbag.py:540} INFO - Filling up the DagBag from /home/airflow/.local/lib/python3.8/site-packages/airflow/example_dags/example_task_group_decorator.py
[2024-07-28T00:00:57.499+0000] {processor.py:840} INFO - DAG(s) 'example_task_group_decorator' retrieved from /home/airflow/.local/lib/python3.8/site-packages/airflow/example_dags/example_task_group_decorator.py
[2024-07-28T00:00:57.521+0000] {logging_mixin.py:188} INFO - [2024-07-28T00:00:57.520+0000] {dag.py:3047} INFO - Sync 1 DAGs
[2024-07-28T00:00:57.540+0000] {logging_mixin.py:188} INFO - [2024-07-28T00:00:57.540+0000] {dag.py:3834} INFO - Setting next_dagrun for example_task_group_decorator to 2024-07-27 00:00:00+00:00, run_after=2024-07-28 00:00:00+00:00
[2024-07-28T00:00:57.556+0000] {processor.py:183} INFO - Processing /home/airflow/.local/lib/python3.8/site-packages/airflow/example_dags/example_task_group_decorator.py took 0.074 seconds
[2024-07-28T00:01:27.846+0000] {processor.py:161} INFO - Started process (PID=4875) to work on /home/airflow/.local/lib/python3.8/site-packages/airflow/example_dags/example_task_group_decorator.py
[2024-07-28T00:01:27.847+0000] {processor.py:830} INFO - Processing file /home/airflow/.local/lib/python3.8/site-packages/airflow/example_dags/example_task_group_decorator.py for tasks to queue
[2024-07-28T00:01:27.848+0000] {logging_mixin.py:188} INFO - [2024-07-28T00:01:27.847+0000] {dagbag.py:540} INFO - Filling up the DagBag from /home/airflow/.local/lib/python3.8/site-packages/airflow/example_dags/example_task_group_decorator.py
[2024-07-28T00:01:27.859+0000] {processor.py:840} INFO - DAG(s) 'example_task_group_decorator' retrieved from /home/airflow/.local/lib/python3.8/site-packages/airflow/example_dags/example_task_group_decorator.py
[2024-07-28T00:01:27.878+0000] {logging_mixin.py:188} INFO - [2024-07-28T00:01:27.877+0000] {dag.py:3047} INFO - Sync 1 DAGs
[2024-07-28T00:01:27.893+0000] {logging_mixin.py:188} INFO - [2024-07-28T00:01:27.893+0000] {dag.py:3834} INFO - Setting next_dagrun for example_task_group_decorator to 2024-07-27 00:00:00+00:00, run_after=2024-07-28 00:00:00+00:00
[2024-07-28T00:01:27.906+0000] {processor.py:183} INFO - Processing /home/airflow/.local/lib/python3.8/site-packages/airflow/example_dags/example_task_group_decorator.py took 0.063 seconds
[2024-07-28T00:01:57.976+0000] {processor.py:161} INFO - Started process (PID=4931) to work on /home/airflow/.local/lib/python3.8/site-packages/airflow/example_dags/example_task_group_decorator.py
[2024-07-28T00:01:57.977+0000] {processor.py:830} INFO - Processing file /home/airflow/.local/lib/python3.8/site-packages/airflow/example_dags/example_task_group_decorator.py for tasks to queue
[2024-07-28T00:01:57.978+0000] {logging_mixin.py:188} INFO - [2024-07-28T00:01:57.978+0000] {dagbag.py:540} INFO - Filling up the DagBag from /home/airflow/.local/lib/python3.8/site-packages/airflow/example_dags/example_task_group_decorator.py
[2024-07-28T00:01:57.991+0000] {processor.py:840} INFO - DAG(s) 'example_task_group_decorator' retrieved from /home/airflow/.local/lib/python3.8/site-packages/airflow/example_dags/example_task_group_decorator.py
[2024-07-28T00:01:58.012+0000] {logging_mixin.py:188} INFO - [2024-07-28T00:01:58.012+0000] {dag.py:3047} INFO - Sync 1 DAGs
[2024-07-28T00:01:58.031+0000] {logging_mixin.py:188} INFO - [2024-07-28T00:01:58.030+0000] {dag.py:3834} INFO - Setting next_dagrun for example_task_group_decorator to 2024-07-27 00:00:00+00:00, run_after=2024-07-28 00:00:00+00:00
[2024-07-28T00:01:58.046+0000] {processor.py:183} INFO - Processing /home/airflow/.local/lib/python3.8/site-packages/airflow/example_dags/example_task_group_decorator.py took 0.071 seconds
[2024-07-28T00:02:28.076+0000] {processor.py:161} INFO - Started process (PID=4987) to work on /home/airflow/.local/lib/python3.8/site-packages/airflow/example_dags/example_task_group_decorator.py
[2024-07-28T00:02:28.077+0000] {processor.py:830} INFO - Processing file /home/airflow/.local/lib/python3.8/site-packages/airflow/example_dags/example_task_group_decorator.py for tasks to queue
[2024-07-28T00:02:28.078+0000] {logging_mixin.py:188} INFO - [2024-07-28T00:02:28.078+0000] {dagbag.py:540} INFO - Filling up the DagBag from /home/airflow/.local/lib/python3.8/site-packages/airflow/example_dags/example_task_group_decorator.py
[2024-07-28T00:02:28.089+0000] {processor.py:840} INFO - DAG(s) 'example_task_group_decorator' retrieved from /home/airflow/.local/lib/python3.8/site-packages/airflow/example_dags/example_task_group_decorator.py
[2024-07-28T00:02:28.109+0000] {logging_mixin.py:188} INFO - [2024-07-28T00:02:28.108+0000] {dag.py:3047} INFO - Sync 1 DAGs
[2024-07-28T00:02:28.126+0000] {logging_mixin.py:188} INFO - [2024-07-28T00:02:28.126+0000] {dag.py:3834} INFO - Setting next_dagrun for example_task_group_decorator to 2024-07-27 00:00:00+00:00, run_after=2024-07-28 00:00:00+00:00
[2024-07-28T00:02:28.142+0000] {processor.py:183} INFO - Processing /home/airflow/.local/lib/python3.8/site-packages/airflow/example_dags/example_task_group_decorator.py took 0.068 seconds
[2024-07-28T00:02:58.276+0000] {processor.py:161} INFO - Started process (PID=5043) to work on /home/airflow/.local/lib/python3.8/site-packages/airflow/example_dags/example_task_group_decorator.py
[2024-07-28T00:02:58.277+0000] {processor.py:830} INFO - Processing file /home/airflow/.local/lib/python3.8/site-packages/airflow/example_dags/example_task_group_decorator.py for tasks to queue
[2024-07-28T00:02:58.278+0000] {logging_mixin.py:188} INFO - [2024-07-28T00:02:58.278+0000] {dagbag.py:540} INFO - Filling up the DagBag from /home/airflow/.local/lib/python3.8/site-packages/airflow/example_dags/example_task_group_decorator.py
[2024-07-28T00:02:58.289+0000] {processor.py:840} INFO - DAG(s) 'example_task_group_decorator' retrieved from /home/airflow/.local/lib/python3.8/site-packages/airflow/example_dags/example_task_group_decorator.py
[2024-07-28T00:02:58.307+0000] {logging_mixin.py:188} INFO - [2024-07-28T00:02:58.307+0000] {dag.py:3047} INFO - Sync 1 DAGs
[2024-07-28T00:02:58.322+0000] {logging_mixin.py:188} INFO - [2024-07-28T00:02:58.322+0000] {dag.py:3834} INFO - Setting next_dagrun for example_task_group_decorator to 2024-07-27 00:00:00+00:00, run_after=2024-07-28 00:00:00+00:00
[2024-07-28T00:02:58.338+0000] {processor.py:183} INFO - Processing /home/airflow/.local/lib/python3.8/site-packages/airflow/example_dags/example_task_group_decorator.py took 0.064 seconds
[2024-07-28T00:03:28.444+0000] {processor.py:161} INFO - Started process (PID=5112) to work on /home/airflow/.local/lib/python3.8/site-packages/airflow/example_dags/example_task_group_decorator.py
[2024-07-28T00:03:28.444+0000] {processor.py:830} INFO - Processing file /home/airflow/.local/lib/python3.8/site-packages/airflow/example_dags/example_task_group_decorator.py for tasks to queue
[2024-07-28T00:03:28.445+0000] {logging_mixin.py:188} INFO - [2024-07-28T00:03:28.445+0000] {dagbag.py:540} INFO - Filling up the DagBag from /home/airflow/.local/lib/python3.8/site-packages/airflow/example_dags/example_task_group_decorator.py
[2024-07-28T00:03:28.457+0000] {processor.py:840} INFO - DAG(s) 'example_task_group_decorator' retrieved from /home/airflow/.local/lib/python3.8/site-packages/airflow/example_dags/example_task_group_decorator.py
[2024-07-28T00:03:28.477+0000] {logging_mixin.py:188} INFO - [2024-07-28T00:03:28.477+0000] {dag.py:3047} INFO - Sync 1 DAGs
[2024-07-28T00:03:28.493+0000] {logging_mixin.py:188} INFO - [2024-07-28T00:03:28.493+0000] {dag.py:3834} INFO - Setting next_dagrun for example_task_group_decorator to 2024-07-27 00:00:00+00:00, run_after=2024-07-28 00:00:00+00:00
[2024-07-28T00:03:28.508+0000] {processor.py:183} INFO - Processing /home/airflow/.local/lib/python3.8/site-packages/airflow/example_dags/example_task_group_decorator.py took 0.067 seconds
