[2024-07-28T00:00:28.690+0000] {processor.py:161} INFO - Started process (PID=4757) to work on /home/airflow/.local/lib/python3.8/site-packages/airflow/example_dags/example_subdag_operator.py
[2024-07-28T00:00:28.690+0000] {processor.py:830} INFO - Processing file /home/airflow/.local/lib/python3.8/site-packages/airflow/example_dags/example_subdag_operator.py for tasks to queue
[2024-07-28T00:00:28.691+0000] {logging_mixin.py:188} INFO - [2024-07-28T00:00:28.691+0000] {dagbag.py:540} INFO - Filling up the DagBag from /home/airflow/.local/lib/python3.8/site-packages/airflow/example_dags/example_subdag_operator.py
[2024-07-28T00:00:28.710+0000] {processor.py:840} INFO - DAG(s) 'example_subdag_operator.section-1', 'example_subdag_operator.section-2', 'example_subdag_operator' retrieved from /home/airflow/.local/lib/python3.8/site-packages/airflow/example_dags/example_subdag_operator.py
[2024-07-28T00:00:28.723+0000] {logging_mixin.py:188} INFO - [2024-07-28T00:00:28.722+0000] {dag.py:3047} INFO - Sync 3 DAGs
[2024-07-28T00:00:28.738+0000] {logging_mixin.py:188} INFO - [2024-07-28T00:00:28.738+0000] {dag.py:3834} INFO - Setting next_dagrun for example_subdag_operator to 2022-01-01 00:00:00+00:00, run_after=2022-01-01 00:00:00+00:00
[2024-07-28T00:00:28.741+0000] {logging_mixin.py:188} INFO - [2024-07-28T00:00:28.741+0000] {dag.py:3834} INFO - Setting next_dagrun for example_subdag_operator.section-1 to None, run_after=None
[2024-07-28T00:00:28.742+0000] {logging_mixin.py:188} INFO - [2024-07-28T00:00:28.741+0000] {dag.py:3834} INFO - Setting next_dagrun for example_subdag_operator.section-2 to None, run_after=None
[2024-07-28T00:00:28.746+0000] {logging_mixin.py:188} INFO - [2024-07-28T00:00:28.746+0000] {dag.py:3047} INFO - Sync 2 DAGs
[2024-07-28T00:00:28.750+0000] {logging_mixin.py:188} INFO - [2024-07-28T00:00:28.750+0000] {dag.py:3834} INFO - Setting next_dagrun for example_subdag_operator.section-1 to None, run_after=None
[2024-07-28T00:00:28.750+0000] {logging_mixin.py:188} INFO - [2024-07-28T00:00:28.750+0000] {dag.py:3834} INFO - Setting next_dagrun for example_subdag_operator.section-2 to None, run_after=None
[2024-07-28T00:00:28.760+0000] {processor.py:183} INFO - Processing /home/airflow/.local/lib/python3.8/site-packages/airflow/example_dags/example_subdag_operator.py took 0.072 seconds
[2024-07-28T00:00:59.071+0000] {processor.py:161} INFO - Started process (PID=4828) to work on /home/airflow/.local/lib/python3.8/site-packages/airflow/example_dags/example_subdag_operator.py
[2024-07-28T00:00:59.071+0000] {processor.py:830} INFO - Processing file /home/airflow/.local/lib/python3.8/site-packages/airflow/example_dags/example_subdag_operator.py for tasks to queue
[2024-07-28T00:00:59.072+0000] {logging_mixin.py:188} INFO - [2024-07-28T00:00:59.072+0000] {dagbag.py:540} INFO - Filling up the DagBag from /home/airflow/.local/lib/python3.8/site-packages/airflow/example_dags/example_subdag_operator.py
[2024-07-28T00:00:59.091+0000] {processor.py:840} INFO - DAG(s) 'example_subdag_operator.section-1', 'example_subdag_operator.section-2', 'example_subdag_operator' retrieved from /home/airflow/.local/lib/python3.8/site-packages/airflow/example_dags/example_subdag_operator.py
[2024-07-28T00:00:59.105+0000] {logging_mixin.py:188} INFO - [2024-07-28T00:00:59.104+0000] {dag.py:3047} INFO - Sync 3 DAGs
[2024-07-28T00:00:59.122+0000] {logging_mixin.py:188} INFO - [2024-07-28T00:00:59.122+0000] {dag.py:3834} INFO - Setting next_dagrun for example_subdag_operator to 2022-01-01 00:00:00+00:00, run_after=2022-01-01 00:00:00+00:00
[2024-07-28T00:00:59.125+0000] {logging_mixin.py:188} INFO - [2024-07-28T00:00:59.125+0000] {dag.py:3834} INFO - Setting next_dagrun for example_subdag_operator.section-1 to None, run_after=None
[2024-07-28T00:00:59.126+0000] {logging_mixin.py:188} INFO - [2024-07-28T00:00:59.126+0000] {dag.py:3834} INFO - Setting next_dagrun for example_subdag_operator.section-2 to None, run_after=None
[2024-07-28T00:00:59.132+0000] {logging_mixin.py:188} INFO - [2024-07-28T00:00:59.132+0000] {dag.py:3047} INFO - Sync 2 DAGs
[2024-07-28T00:00:59.138+0000] {logging_mixin.py:188} INFO - [2024-07-28T00:00:59.137+0000] {dag.py:3834} INFO - Setting next_dagrun for example_subdag_operator.section-1 to None, run_after=None
[2024-07-28T00:00:59.138+0000] {logging_mixin.py:188} INFO - [2024-07-28T00:00:59.138+0000] {dag.py:3834} INFO - Setting next_dagrun for example_subdag_operator.section-2 to None, run_after=None
[2024-07-28T00:00:59.149+0000] {processor.py:183} INFO - Processing /home/airflow/.local/lib/python3.8/site-packages/airflow/example_dags/example_subdag_operator.py took 0.081 seconds
[2024-07-28T00:01:29.224+0000] {processor.py:161} INFO - Started process (PID=4884) to work on /home/airflow/.local/lib/python3.8/site-packages/airflow/example_dags/example_subdag_operator.py
[2024-07-28T00:01:29.225+0000] {processor.py:830} INFO - Processing file /home/airflow/.local/lib/python3.8/site-packages/airflow/example_dags/example_subdag_operator.py for tasks to queue
[2024-07-28T00:01:29.226+0000] {logging_mixin.py:188} INFO - [2024-07-28T00:01:29.226+0000] {dagbag.py:540} INFO - Filling up the DagBag from /home/airflow/.local/lib/python3.8/site-packages/airflow/example_dags/example_subdag_operator.py
[2024-07-28T00:01:29.244+0000] {processor.py:840} INFO - DAG(s) 'example_subdag_operator.section-1', 'example_subdag_operator.section-2', 'example_subdag_operator' retrieved from /home/airflow/.local/lib/python3.8/site-packages/airflow/example_dags/example_subdag_operator.py
[2024-07-28T00:01:29.260+0000] {logging_mixin.py:188} INFO - [2024-07-28T00:01:29.259+0000] {dag.py:3047} INFO - Sync 3 DAGs
[2024-07-28T00:01:29.281+0000] {logging_mixin.py:188} INFO - [2024-07-28T00:01:29.280+0000] {dag.py:3834} INFO - Setting next_dagrun for example_subdag_operator to 2022-01-01 00:00:00+00:00, run_after=2022-01-01 00:00:00+00:00
[2024-07-28T00:01:29.283+0000] {logging_mixin.py:188} INFO - [2024-07-28T00:01:29.283+0000] {dag.py:3834} INFO - Setting next_dagrun for example_subdag_operator.section-1 to None, run_after=None
[2024-07-28T00:01:29.284+0000] {logging_mixin.py:188} INFO - [2024-07-28T00:01:29.284+0000] {dag.py:3834} INFO - Setting next_dagrun for example_subdag_operator.section-2 to None, run_after=None
[2024-07-28T00:01:29.290+0000] {logging_mixin.py:188} INFO - [2024-07-28T00:01:29.290+0000] {dag.py:3047} INFO - Sync 2 DAGs
[2024-07-28T00:01:29.294+0000] {logging_mixin.py:188} INFO - [2024-07-28T00:01:29.293+0000] {dag.py:3834} INFO - Setting next_dagrun for example_subdag_operator.section-1 to None, run_after=None
[2024-07-28T00:01:29.294+0000] {logging_mixin.py:188} INFO - [2024-07-28T00:01:29.294+0000] {dag.py:3834} INFO - Setting next_dagrun for example_subdag_operator.section-2 to None, run_after=None
[2024-07-28T00:01:29.303+0000] {processor.py:183} INFO - Processing /home/airflow/.local/lib/python3.8/site-packages/airflow/example_dags/example_subdag_operator.py took 0.081 seconds
[2024-07-28T00:01:59.389+0000] {processor.py:161} INFO - Started process (PID=4940) to work on /home/airflow/.local/lib/python3.8/site-packages/airflow/example_dags/example_subdag_operator.py
[2024-07-28T00:01:59.390+0000] {processor.py:830} INFO - Processing file /home/airflow/.local/lib/python3.8/site-packages/airflow/example_dags/example_subdag_operator.py for tasks to queue
[2024-07-28T00:01:59.391+0000] {logging_mixin.py:188} INFO - [2024-07-28T00:01:59.391+0000] {dagbag.py:540} INFO - Filling up the DagBag from /home/airflow/.local/lib/python3.8/site-packages/airflow/example_dags/example_subdag_operator.py
[2024-07-28T00:01:59.408+0000] {processor.py:840} INFO - DAG(s) 'example_subdag_operator.section-1', 'example_subdag_operator.section-2', 'example_subdag_operator' retrieved from /home/airflow/.local/lib/python3.8/site-packages/airflow/example_dags/example_subdag_operator.py
[2024-07-28T00:01:59.420+0000] {logging_mixin.py:188} INFO - [2024-07-28T00:01:59.420+0000] {dag.py:3047} INFO - Sync 3 DAGs
[2024-07-28T00:01:59.436+0000] {logging_mixin.py:188} INFO - [2024-07-28T00:01:59.436+0000] {dag.py:3834} INFO - Setting next_dagrun for example_subdag_operator to 2022-01-01 00:00:00+00:00, run_after=2022-01-01 00:00:00+00:00
[2024-07-28T00:01:59.440+0000] {logging_mixin.py:188} INFO - [2024-07-28T00:01:59.439+0000] {dag.py:3834} INFO - Setting next_dagrun for example_subdag_operator.section-1 to None, run_after=None
[2024-07-28T00:01:59.441+0000] {logging_mixin.py:188} INFO - [2024-07-28T00:01:59.440+0000] {dag.py:3834} INFO - Setting next_dagrun for example_subdag_operator.section-2 to None, run_after=None
[2024-07-28T00:01:59.446+0000] {logging_mixin.py:188} INFO - [2024-07-28T00:01:59.446+0000] {dag.py:3047} INFO - Sync 2 DAGs
[2024-07-28T00:01:59.450+0000] {logging_mixin.py:188} INFO - [2024-07-28T00:01:59.449+0000] {dag.py:3834} INFO - Setting next_dagrun for example_subdag_operator.section-1 to None, run_after=None
[2024-07-28T00:01:59.450+0000] {logging_mixin.py:188} INFO - [2024-07-28T00:01:59.450+0000] {dag.py:3834} INFO - Setting next_dagrun for example_subdag_operator.section-2 to None, run_after=None
[2024-07-28T00:01:59.459+0000] {processor.py:183} INFO - Processing /home/airflow/.local/lib/python3.8/site-packages/airflow/example_dags/example_subdag_operator.py took 0.073 seconds
[2024-07-28T00:02:29.503+0000] {processor.py:161} INFO - Started process (PID=4996) to work on /home/airflow/.local/lib/python3.8/site-packages/airflow/example_dags/example_subdag_operator.py
[2024-07-28T00:02:29.504+0000] {processor.py:830} INFO - Processing file /home/airflow/.local/lib/python3.8/site-packages/airflow/example_dags/example_subdag_operator.py for tasks to queue
[2024-07-28T00:02:29.505+0000] {logging_mixin.py:188} INFO - [2024-07-28T00:02:29.505+0000] {dagbag.py:540} INFO - Filling up the DagBag from /home/airflow/.local/lib/python3.8/site-packages/airflow/example_dags/example_subdag_operator.py
[2024-07-28T00:02:29.522+0000] {processor.py:840} INFO - DAG(s) 'example_subdag_operator.section-1', 'example_subdag_operator.section-2', 'example_subdag_operator' retrieved from /home/airflow/.local/lib/python3.8/site-packages/airflow/example_dags/example_subdag_operator.py
[2024-07-28T00:02:29.534+0000] {logging_mixin.py:188} INFO - [2024-07-28T00:02:29.534+0000] {dag.py:3047} INFO - Sync 3 DAGs
[2024-07-28T00:02:29.549+0000] {logging_mixin.py:188} INFO - [2024-07-28T00:02:29.549+0000] {dag.py:3834} INFO - Setting next_dagrun for example_subdag_operator to 2022-01-01 00:00:00+00:00, run_after=2022-01-01 00:00:00+00:00
[2024-07-28T00:02:29.552+0000] {logging_mixin.py:188} INFO - [2024-07-28T00:02:29.552+0000] {dag.py:3834} INFO - Setting next_dagrun for example_subdag_operator.section-1 to None, run_after=None
[2024-07-28T00:02:29.553+0000] {logging_mixin.py:188} INFO - [2024-07-28T00:02:29.552+0000] {dag.py:3834} INFO - Setting next_dagrun for example_subdag_operator.section-2 to None, run_after=None
[2024-07-28T00:02:29.558+0000] {logging_mixin.py:188} INFO - [2024-07-28T00:02:29.557+0000] {dag.py:3047} INFO - Sync 2 DAGs
[2024-07-28T00:02:29.561+0000] {logging_mixin.py:188} INFO - [2024-07-28T00:02:29.561+0000] {dag.py:3834} INFO - Setting next_dagrun for example_subdag_operator.section-1 to None, run_after=None
[2024-07-28T00:02:29.562+0000] {logging_mixin.py:188} INFO - [2024-07-28T00:02:29.561+0000] {dag.py:3834} INFO - Setting next_dagrun for example_subdag_operator.section-2 to None, run_after=None
[2024-07-28T00:02:29.570+0000] {processor.py:183} INFO - Processing /home/airflow/.local/lib/python3.8/site-packages/airflow/example_dags/example_subdag_operator.py took 0.070 seconds
[2024-07-28T00:02:59.628+0000] {processor.py:161} INFO - Started process (PID=5052) to work on /home/airflow/.local/lib/python3.8/site-packages/airflow/example_dags/example_subdag_operator.py
[2024-07-28T00:02:59.628+0000] {processor.py:830} INFO - Processing file /home/airflow/.local/lib/python3.8/site-packages/airflow/example_dags/example_subdag_operator.py for tasks to queue
[2024-07-28T00:02:59.630+0000] {logging_mixin.py:188} INFO - [2024-07-28T00:02:59.629+0000] {dagbag.py:540} INFO - Filling up the DagBag from /home/airflow/.local/lib/python3.8/site-packages/airflow/example_dags/example_subdag_operator.py
[2024-07-28T00:02:59.648+0000] {processor.py:840} INFO - DAG(s) 'example_subdag_operator.section-1', 'example_subdag_operator.section-2', 'example_subdag_operator' retrieved from /home/airflow/.local/lib/python3.8/site-packages/airflow/example_dags/example_subdag_operator.py
[2024-07-28T00:02:59.661+0000] {logging_mixin.py:188} INFO - [2024-07-28T00:02:59.660+0000] {dag.py:3047} INFO - Sync 3 DAGs
[2024-07-28T00:02:59.676+0000] {logging_mixin.py:188} INFO - [2024-07-28T00:02:59.676+0000] {dag.py:3834} INFO - Setting next_dagrun for example_subdag_operator to 2022-01-01 00:00:00+00:00, run_after=2022-01-01 00:00:00+00:00
[2024-07-28T00:02:59.679+0000] {logging_mixin.py:188} INFO - [2024-07-28T00:02:59.679+0000] {dag.py:3834} INFO - Setting next_dagrun for example_subdag_operator.section-1 to None, run_after=None
[2024-07-28T00:02:59.680+0000] {logging_mixin.py:188} INFO - [2024-07-28T00:02:59.679+0000] {dag.py:3834} INFO - Setting next_dagrun for example_subdag_operator.section-2 to None, run_after=None
[2024-07-28T00:02:59.685+0000] {logging_mixin.py:188} INFO - [2024-07-28T00:02:59.684+0000] {dag.py:3047} INFO - Sync 2 DAGs
[2024-07-28T00:02:59.688+0000] {logging_mixin.py:188} INFO - [2024-07-28T00:02:59.688+0000] {dag.py:3834} INFO - Setting next_dagrun for example_subdag_operator.section-1 to None, run_after=None
[2024-07-28T00:02:59.688+0000] {logging_mixin.py:188} INFO - [2024-07-28T00:02:59.688+0000] {dag.py:3834} INFO - Setting next_dagrun for example_subdag_operator.section-2 to None, run_after=None
[2024-07-28T00:02:59.698+0000] {processor.py:183} INFO - Processing /home/airflow/.local/lib/python3.8/site-packages/airflow/example_dags/example_subdag_operator.py took 0.072 seconds
[2024-07-28T00:03:29.732+0000] {processor.py:161} INFO - Started process (PID=5120) to work on /home/airflow/.local/lib/python3.8/site-packages/airflow/example_dags/example_subdag_operator.py
[2024-07-28T00:03:29.733+0000] {processor.py:830} INFO - Processing file /home/airflow/.local/lib/python3.8/site-packages/airflow/example_dags/example_subdag_operator.py for tasks to queue
[2024-07-28T00:03:29.734+0000] {logging_mixin.py:188} INFO - [2024-07-28T00:03:29.734+0000] {dagbag.py:540} INFO - Filling up the DagBag from /home/airflow/.local/lib/python3.8/site-packages/airflow/example_dags/example_subdag_operator.py
[2024-07-28T00:03:29.753+0000] {processor.py:840} INFO - DAG(s) 'example_subdag_operator.section-1', 'example_subdag_operator.section-2', 'example_subdag_operator' retrieved from /home/airflow/.local/lib/python3.8/site-packages/airflow/example_dags/example_subdag_operator.py
[2024-07-28T00:03:29.766+0000] {logging_mixin.py:188} INFO - [2024-07-28T00:03:29.765+0000] {dag.py:3047} INFO - Sync 3 DAGs
[2024-07-28T00:03:29.783+0000] {logging_mixin.py:188} INFO - [2024-07-28T00:03:29.783+0000] {dag.py:3834} INFO - Setting next_dagrun for example_subdag_operator to 2022-01-01 00:00:00+00:00, run_after=2022-01-01 00:00:00+00:00
[2024-07-28T00:03:29.786+0000] {logging_mixin.py:188} INFO - [2024-07-28T00:03:29.786+0000] {dag.py:3834} INFO - Setting next_dagrun for example_subdag_operator.section-1 to None, run_after=None
[2024-07-28T00:03:29.787+0000] {logging_mixin.py:188} INFO - [2024-07-28T00:03:29.787+0000] {dag.py:3834} INFO - Setting next_dagrun for example_subdag_operator.section-2 to None, run_after=None
[2024-07-28T00:03:29.792+0000] {logging_mixin.py:188} INFO - [2024-07-28T00:03:29.792+0000] {dag.py:3047} INFO - Sync 2 DAGs
[2024-07-28T00:03:29.796+0000] {logging_mixin.py:188} INFO - [2024-07-28T00:03:29.796+0000] {dag.py:3834} INFO - Setting next_dagrun for example_subdag_operator.section-1 to None, run_after=None
[2024-07-28T00:03:29.796+0000] {logging_mixin.py:188} INFO - [2024-07-28T00:03:29.796+0000] {dag.py:3834} INFO - Setting next_dagrun for example_subdag_operator.section-2 to None, run_after=None
[2024-07-28T00:03:29.806+0000] {processor.py:183} INFO - Processing /home/airflow/.local/lib/python3.8/site-packages/airflow/example_dags/example_subdag_operator.py took 0.075 seconds
