[2024-07-28T00:00:26.181+0000] {processor.py:161} INFO - Started process (PID=4745) to work on /home/airflow/.local/lib/python3.8/site-packages/airflow/example_dags/example_time_delta_sensor_async.py
[2024-07-28T00:00:26.181+0000] {processor.py:830} INFO - Processing file /home/airflow/.local/lib/python3.8/site-packages/airflow/example_dags/example_time_delta_sensor_async.py for tasks to queue
[2024-07-28T00:00:26.183+0000] {logging_mixin.py:188} INFO - [2024-07-28T00:00:26.182+0000] {dagbag.py:540} INFO - Filling up the DagBag from /home/airflow/.local/lib/python3.8/site-packages/airflow/example_dags/example_time_delta_sensor_async.py
[2024-07-28T00:00:26.186+0000] {processor.py:840} INFO - DAG(s) 'example_time_delta_sensor_async' retrieved from /home/airflow/.local/lib/python3.8/site-packages/airflow/example_dags/example_time_delta_sensor_async.py
[2024-07-28T00:00:26.199+0000] {logging_mixin.py:188} INFO - [2024-07-28T00:00:26.199+0000] {dag.py:3047} INFO - Sync 1 DAGs
[2024-07-28T00:00:26.208+0000] {logging_mixin.py:188} INFO - [2024-07-28T00:00:26.208+0000] {dag.py:3834} INFO - Setting next_dagrun for example_time_delta_sensor_async to None, run_after=None
[2024-07-28T00:00:26.221+0000] {processor.py:183} INFO - Processing /home/airflow/.local/lib/python3.8/site-packages/airflow/example_dags/example_time_delta_sensor_async.py took 0.042 seconds
[2024-07-28T00:00:56.366+0000] {processor.py:161} INFO - Started process (PID=4810) to work on /home/airflow/.local/lib/python3.8/site-packages/airflow/example_dags/example_time_delta_sensor_async.py
[2024-07-28T00:00:56.367+0000] {processor.py:830} INFO - Processing file /home/airflow/.local/lib/python3.8/site-packages/airflow/example_dags/example_time_delta_sensor_async.py for tasks to queue
[2024-07-28T00:00:56.368+0000] {logging_mixin.py:188} INFO - [2024-07-28T00:00:56.368+0000] {dagbag.py:540} INFO - Filling up the DagBag from /home/airflow/.local/lib/python3.8/site-packages/airflow/example_dags/example_time_delta_sensor_async.py
[2024-07-28T00:00:56.371+0000] {processor.py:840} INFO - DAG(s) 'example_time_delta_sensor_async' retrieved from /home/airflow/.local/lib/python3.8/site-packages/airflow/example_dags/example_time_delta_sensor_async.py
[2024-07-28T00:00:56.386+0000] {logging_mixin.py:188} INFO - [2024-07-28T00:00:56.386+0000] {dag.py:3047} INFO - Sync 1 DAGs
[2024-07-28T00:00:56.396+0000] {logging_mixin.py:188} INFO - [2024-07-28T00:00:56.396+0000] {dag.py:3834} INFO - Setting next_dagrun for example_time_delta_sensor_async to None, run_after=None
[2024-07-28T00:00:56.410+0000] {processor.py:183} INFO - Processing /home/airflow/.local/lib/python3.8/site-packages/airflow/example_dags/example_time_delta_sensor_async.py took 0.046 seconds
[2024-07-28T00:01:26.744+0000] {processor.py:161} INFO - Started process (PID=4872) to work on /home/airflow/.local/lib/python3.8/site-packages/airflow/example_dags/example_time_delta_sensor_async.py
[2024-07-28T00:01:26.745+0000] {processor.py:830} INFO - Processing file /home/airflow/.local/lib/python3.8/site-packages/airflow/example_dags/example_time_delta_sensor_async.py for tasks to queue
[2024-07-28T00:01:26.746+0000] {logging_mixin.py:188} INFO - [2024-07-28T00:01:26.746+0000] {dagbag.py:540} INFO - Filling up the DagBag from /home/airflow/.local/lib/python3.8/site-packages/airflow/example_dags/example_time_delta_sensor_async.py
[2024-07-28T00:01:26.749+0000] {processor.py:840} INFO - DAG(s) 'example_time_delta_sensor_async' retrieved from /home/airflow/.local/lib/python3.8/site-packages/airflow/example_dags/example_time_delta_sensor_async.py
[2024-07-28T00:01:26.767+0000] {logging_mixin.py:188} INFO - [2024-07-28T00:01:26.766+0000] {dag.py:3047} INFO - Sync 1 DAGs
[2024-07-28T00:01:26.777+0000] {logging_mixin.py:188} INFO - [2024-07-28T00:01:26.776+0000] {dag.py:3834} INFO - Setting next_dagrun for example_time_delta_sensor_async to None, run_after=None
[2024-07-28T00:01:26.795+0000] {processor.py:183} INFO - Processing /home/airflow/.local/lib/python3.8/site-packages/airflow/example_dags/example_time_delta_sensor_async.py took 0.054 seconds
[2024-07-28T00:01:56.820+0000] {processor.py:161} INFO - Started process (PID=4928) to work on /home/airflow/.local/lib/python3.8/site-packages/airflow/example_dags/example_time_delta_sensor_async.py
[2024-07-28T00:01:56.821+0000] {processor.py:830} INFO - Processing file /home/airflow/.local/lib/python3.8/site-packages/airflow/example_dags/example_time_delta_sensor_async.py for tasks to queue
[2024-07-28T00:01:56.822+0000] {logging_mixin.py:188} INFO - [2024-07-28T00:01:56.822+0000] {dagbag.py:540} INFO - Filling up the DagBag from /home/airflow/.local/lib/python3.8/site-packages/airflow/example_dags/example_time_delta_sensor_async.py
[2024-07-28T00:01:56.825+0000] {processor.py:840} INFO - DAG(s) 'example_time_delta_sensor_async' retrieved from /home/airflow/.local/lib/python3.8/site-packages/airflow/example_dags/example_time_delta_sensor_async.py
[2024-07-28T00:01:56.841+0000] {logging_mixin.py:188} INFO - [2024-07-28T00:01:56.841+0000] {dag.py:3047} INFO - Sync 1 DAGs
[2024-07-28T00:01:56.853+0000] {logging_mixin.py:188} INFO - [2024-07-28T00:01:56.852+0000] {dag.py:3834} INFO - Setting next_dagrun for example_time_delta_sensor_async to None, run_after=None
[2024-07-28T00:01:56.870+0000] {processor.py:183} INFO - Processing /home/airflow/.local/lib/python3.8/site-packages/airflow/example_dags/example_time_delta_sensor_async.py took 0.053 seconds
[2024-07-28T00:02:26.933+0000] {processor.py:161} INFO - Started process (PID=4984) to work on /home/airflow/.local/lib/python3.8/site-packages/airflow/example_dags/example_time_delta_sensor_async.py
[2024-07-28T00:02:26.934+0000] {processor.py:830} INFO - Processing file /home/airflow/.local/lib/python3.8/site-packages/airflow/example_dags/example_time_delta_sensor_async.py for tasks to queue
[2024-07-28T00:02:26.935+0000] {logging_mixin.py:188} INFO - [2024-07-28T00:02:26.935+0000] {dagbag.py:540} INFO - Filling up the DagBag from /home/airflow/.local/lib/python3.8/site-packages/airflow/example_dags/example_time_delta_sensor_async.py
[2024-07-28T00:02:26.938+0000] {processor.py:840} INFO - DAG(s) 'example_time_delta_sensor_async' retrieved from /home/airflow/.local/lib/python3.8/site-packages/airflow/example_dags/example_time_delta_sensor_async.py
[2024-07-28T00:02:26.954+0000] {logging_mixin.py:188} INFO - [2024-07-28T00:02:26.953+0000] {dag.py:3047} INFO - Sync 1 DAGs
[2024-07-28T00:02:26.963+0000] {logging_mixin.py:188} INFO - [2024-07-28T00:02:26.963+0000] {dag.py:3834} INFO - Setting next_dagrun for example_time_delta_sensor_async to None, run_after=None
[2024-07-28T00:02:26.978+0000] {processor.py:183} INFO - Processing /home/airflow/.local/lib/python3.8/site-packages/airflow/example_dags/example_time_delta_sensor_async.py took 0.047 seconds
[2024-07-28T00:02:57.183+0000] {processor.py:161} INFO - Started process (PID=5040) to work on /home/airflow/.local/lib/python3.8/site-packages/airflow/example_dags/example_time_delta_sensor_async.py
[2024-07-28T00:02:57.185+0000] {processor.py:830} INFO - Processing file /home/airflow/.local/lib/python3.8/site-packages/airflow/example_dags/example_time_delta_sensor_async.py for tasks to queue
[2024-07-28T00:02:57.188+0000] {logging_mixin.py:188} INFO - [2024-07-28T00:02:57.187+0000] {dagbag.py:540} INFO - Filling up the DagBag from /home/airflow/.local/lib/python3.8/site-packages/airflow/example_dags/example_time_delta_sensor_async.py
[2024-07-28T00:02:57.191+0000] {processor.py:840} INFO - DAG(s) 'example_time_delta_sensor_async' retrieved from /home/airflow/.local/lib/python3.8/site-packages/airflow/example_dags/example_time_delta_sensor_async.py
[2024-07-28T00:02:57.209+0000] {logging_mixin.py:188} INFO - [2024-07-28T00:02:57.208+0000] {dag.py:3047} INFO - Sync 1 DAGs
[2024-07-28T00:02:57.219+0000] {logging_mixin.py:188} INFO - [2024-07-28T00:02:57.219+0000] {dag.py:3834} INFO - Setting next_dagrun for example_time_delta_sensor_async to None, run_after=None
[2024-07-28T00:02:57.237+0000] {processor.py:183} INFO - Processing /home/airflow/.local/lib/python3.8/site-packages/airflow/example_dags/example_time_delta_sensor_async.py took 0.057 seconds
[2024-07-28T00:03:27.351+0000] {processor.py:161} INFO - Started process (PID=5109) to work on /home/airflow/.local/lib/python3.8/site-packages/airflow/example_dags/example_time_delta_sensor_async.py
[2024-07-28T00:03:27.352+0000] {processor.py:830} INFO - Processing file /home/airflow/.local/lib/python3.8/site-packages/airflow/example_dags/example_time_delta_sensor_async.py for tasks to queue
[2024-07-28T00:03:27.353+0000] {logging_mixin.py:188} INFO - [2024-07-28T00:03:27.353+0000] {dagbag.py:540} INFO - Filling up the DagBag from /home/airflow/.local/lib/python3.8/site-packages/airflow/example_dags/example_time_delta_sensor_async.py
[2024-07-28T00:03:27.356+0000] {processor.py:840} INFO - DAG(s) 'example_time_delta_sensor_async' retrieved from /home/airflow/.local/lib/python3.8/site-packages/airflow/example_dags/example_time_delta_sensor_async.py
[2024-07-28T00:03:27.373+0000] {logging_mixin.py:188} INFO - [2024-07-28T00:03:27.372+0000] {dag.py:3047} INFO - Sync 1 DAGs
[2024-07-28T00:03:27.383+0000] {logging_mixin.py:188} INFO - [2024-07-28T00:03:27.382+0000] {dag.py:3834} INFO - Setting next_dagrun for example_time_delta_sensor_async to None, run_after=None
[2024-07-28T00:03:27.397+0000] {processor.py:183} INFO - Processing /home/airflow/.local/lib/python3.8/site-packages/airflow/example_dags/example_time_delta_sensor_async.py took 0.048 seconds
