[2024-07-26T01:02:59.228+0000] {processor.py:161} INFO - Started process (PID=43) to work on /opt/airflow/dags/weather_dag.py
[2024-07-26T01:02:59.229+0000] {processor.py:830} INFO - Processing file /opt/airflow/dags/weather_dag.py for tasks to queue
[2024-07-26T01:02:59.230+0000] {logging_mixin.py:188} INFO - [2024-07-26T01:02:59.230+0000] {dagbag.py:540} INFO - Filling up the DagBag from /opt/airflow/dags/weather_dag.py
[2024-07-26T01:02:59.258+0000] {processor.py:840} INFO - DAG(s) 'openweathermap' retrieved from /opt/airflow/dags/weather_dag.py
[2024-07-26T01:02:59.412+0000] {logging_mixin.py:188} INFO - [2024-07-26T01:02:59.412+0000] {dag.py:3047} INFO - Sync 1 DAGs
[2024-07-26T01:02:59.430+0000] {logging_mixin.py:188} INFO - [2024-07-26T01:02:59.430+0000] {dag.py:3834} INFO - Setting next_dagrun for openweathermap to 2024-07-25 00:00:00+00:00, run_after=2024-07-26 00:00:00+00:00
[2024-07-26T01:02:59.448+0000] {processor.py:183} INFO - Processing /opt/airflow/dags/weather_dag.py took 0.223 seconds
[2024-07-26T01:03:29.575+0000] {processor.py:161} INFO - Started process (PID=108) to work on /opt/airflow/dags/weather_dag.py
[2024-07-26T01:03:29.576+0000] {processor.py:830} INFO - Processing file /opt/airflow/dags/weather_dag.py for tasks to queue
[2024-07-26T01:03:29.577+0000] {logging_mixin.py:188} INFO - [2024-07-26T01:03:29.577+0000] {dagbag.py:540} INFO - Filling up the DagBag from /opt/airflow/dags/weather_dag.py
[2024-07-26T01:03:29.595+0000] {processor.py:840} INFO - DAG(s) 'openweathermap' retrieved from /opt/airflow/dags/weather_dag.py
[2024-07-26T01:03:29.605+0000] {logging_mixin.py:188} INFO - [2024-07-26T01:03:29.604+0000] {dag.py:3047} INFO - Sync 1 DAGs
[2024-07-26T01:03:29.623+0000] {logging_mixin.py:188} INFO - [2024-07-26T01:03:29.623+0000] {dag.py:3834} INFO - Setting next_dagrun for openweathermap to 2024-07-26 00:00:00+00:00, run_after=2024-07-27 00:00:00+00:00
[2024-07-26T01:03:29.638+0000] {processor.py:183} INFO - Processing /opt/airflow/dags/weather_dag.py took 0.066 seconds
[2024-07-26T01:03:59.886+0000] {processor.py:161} INFO - Started process (PID=164) to work on /opt/airflow/dags/weather_dag.py
[2024-07-26T01:03:59.887+0000] {processor.py:830} INFO - Processing file /opt/airflow/dags/weather_dag.py for tasks to queue
[2024-07-26T01:03:59.888+0000] {logging_mixin.py:188} INFO - [2024-07-26T01:03:59.888+0000] {dagbag.py:540} INFO - Filling up the DagBag from /opt/airflow/dags/weather_dag.py
[2024-07-26T01:03:59.904+0000] {processor.py:840} INFO - DAG(s) 'openweathermap' retrieved from /opt/airflow/dags/weather_dag.py
[2024-07-26T01:03:59.914+0000] {logging_mixin.py:188} INFO - [2024-07-26T01:03:59.914+0000] {dag.py:3047} INFO - Sync 1 DAGs
[2024-07-26T01:03:59.930+0000] {logging_mixin.py:188} INFO - [2024-07-26T01:03:59.930+0000] {dag.py:3834} INFO - Setting next_dagrun for openweathermap to 2024-07-26 00:00:00+00:00, run_after=2024-07-27 00:00:00+00:00
[2024-07-26T01:03:59.944+0000] {processor.py:183} INFO - Processing /opt/airflow/dags/weather_dag.py took 0.060 seconds
[2024-07-26T01:04:30.333+0000] {processor.py:161} INFO - Started process (PID=220) to work on /opt/airflow/dags/weather_dag.py
[2024-07-26T01:04:30.333+0000] {processor.py:830} INFO - Processing file /opt/airflow/dags/weather_dag.py for tasks to queue
[2024-07-26T01:04:30.335+0000] {logging_mixin.py:188} INFO - [2024-07-26T01:04:30.334+0000] {dagbag.py:540} INFO - Filling up the DagBag from /opt/airflow/dags/weather_dag.py
[2024-07-26T01:04:30.351+0000] {processor.py:840} INFO - DAG(s) 'openweathermap' retrieved from /opt/airflow/dags/weather_dag.py
[2024-07-26T01:04:30.361+0000] {logging_mixin.py:188} INFO - [2024-07-26T01:04:30.360+0000] {dag.py:3047} INFO - Sync 1 DAGs
[2024-07-26T01:04:30.376+0000] {logging_mixin.py:188} INFO - [2024-07-26T01:04:30.376+0000] {dag.py:3834} INFO - Setting next_dagrun for openweathermap to 2024-07-26 00:00:00+00:00, run_after=2024-07-27 00:00:00+00:00
[2024-07-26T01:04:30.389+0000] {processor.py:183} INFO - Processing /opt/airflow/dags/weather_dag.py took 0.059 seconds
[2024-07-26T01:05:00.665+0000] {processor.py:161} INFO - Started process (PID=276) to work on /opt/airflow/dags/weather_dag.py
[2024-07-26T01:05:00.669+0000] {processor.py:830} INFO - Processing file /opt/airflow/dags/weather_dag.py for tasks to queue
[2024-07-26T01:05:00.670+0000] {logging_mixin.py:188} INFO - [2024-07-26T01:05:00.670+0000] {dagbag.py:540} INFO - Filling up the DagBag from /opt/airflow/dags/weather_dag.py
[2024-07-26T01:05:00.687+0000] {processor.py:840} INFO - DAG(s) 'openweathermap' retrieved from /opt/airflow/dags/weather_dag.py
[2024-07-26T01:05:00.696+0000] {logging_mixin.py:188} INFO - [2024-07-26T01:05:00.696+0000] {dag.py:3047} INFO - Sync 1 DAGs
[2024-07-26T01:05:00.711+0000] {logging_mixin.py:188} INFO - [2024-07-26T01:05:00.711+0000] {dag.py:3834} INFO - Setting next_dagrun for openweathermap to 2024-07-26 00:00:00+00:00, run_after=2024-07-27 00:00:00+00:00
[2024-07-26T01:05:00.725+0000] {processor.py:183} INFO - Processing /opt/airflow/dags/weather_dag.py took 0.063 seconds
[2024-07-26T01:05:30.909+0000] {processor.py:161} INFO - Started process (PID=332) to work on /opt/airflow/dags/weather_dag.py
[2024-07-26T01:05:30.912+0000] {processor.py:830} INFO - Processing file /opt/airflow/dags/weather_dag.py for tasks to queue
[2024-07-26T01:05:30.913+0000] {logging_mixin.py:188} INFO - [2024-07-26T01:05:30.913+0000] {dagbag.py:540} INFO - Filling up the DagBag from /opt/airflow/dags/weather_dag.py
[2024-07-26T01:05:30.930+0000] {processor.py:840} INFO - DAG(s) 'openweathermap' retrieved from /opt/airflow/dags/weather_dag.py
[2024-07-26T01:05:30.940+0000] {logging_mixin.py:188} INFO - [2024-07-26T01:05:30.939+0000] {dag.py:3047} INFO - Sync 1 DAGs
[2024-07-26T01:05:30.955+0000] {logging_mixin.py:188} INFO - [2024-07-26T01:05:30.955+0000] {dag.py:3834} INFO - Setting next_dagrun for openweathermap to 2024-07-26 00:00:00+00:00, run_after=2024-07-27 00:00:00+00:00
[2024-07-26T01:05:30.969+0000] {processor.py:183} INFO - Processing /opt/airflow/dags/weather_dag.py took 0.062 seconds
[2024-07-26T01:06:01.011+0000] {processor.py:161} INFO - Started process (PID=388) to work on /opt/airflow/dags/weather_dag.py
[2024-07-26T01:06:01.012+0000] {processor.py:830} INFO - Processing file /opt/airflow/dags/weather_dag.py for tasks to queue
[2024-07-26T01:06:01.014+0000] {logging_mixin.py:188} INFO - [2024-07-26T01:06:01.013+0000] {dagbag.py:540} INFO - Filling up the DagBag from /opt/airflow/dags/weather_dag.py
[2024-07-26T01:06:01.031+0000] {processor.py:840} INFO - DAG(s) 'openweathermap' retrieved from /opt/airflow/dags/weather_dag.py
[2024-07-26T01:06:01.044+0000] {logging_mixin.py:188} INFO - [2024-07-26T01:06:01.044+0000] {dag.py:3047} INFO - Sync 1 DAGs
[2024-07-26T01:06:01.061+0000] {logging_mixin.py:188} INFO - [2024-07-26T01:06:01.061+0000] {dag.py:3834} INFO - Setting next_dagrun for openweathermap to 2024-07-26 00:00:00+00:00, run_after=2024-07-27 00:00:00+00:00
[2024-07-26T01:06:01.080+0000] {processor.py:183} INFO - Processing /opt/airflow/dags/weather_dag.py took 0.071 seconds
[2024-07-26T01:06:31.153+0000] {processor.py:161} INFO - Started process (PID=444) to work on /opt/airflow/dags/weather_dag.py
[2024-07-26T01:06:31.153+0000] {processor.py:830} INFO - Processing file /opt/airflow/dags/weather_dag.py for tasks to queue
[2024-07-26T01:06:31.155+0000] {logging_mixin.py:188} INFO - [2024-07-26T01:06:31.154+0000] {dagbag.py:540} INFO - Filling up the DagBag from /opt/airflow/dags/weather_dag.py
[2024-07-26T01:06:31.172+0000] {processor.py:840} INFO - DAG(s) 'openweathermap' retrieved from /opt/airflow/dags/weather_dag.py
[2024-07-26T01:06:31.181+0000] {logging_mixin.py:188} INFO - [2024-07-26T01:06:31.181+0000] {dag.py:3047} INFO - Sync 1 DAGs
[2024-07-26T01:06:31.197+0000] {logging_mixin.py:188} INFO - [2024-07-26T01:06:31.197+0000] {dag.py:3834} INFO - Setting next_dagrun for openweathermap to 2024-07-26 00:00:00+00:00, run_after=2024-07-27 00:00:00+00:00
[2024-07-26T01:06:31.211+0000] {processor.py:183} INFO - Processing /opt/airflow/dags/weather_dag.py took 0.060 seconds
[2024-07-26T01:07:01.358+0000] {processor.py:161} INFO - Started process (PID=500) to work on /opt/airflow/dags/weather_dag.py
[2024-07-26T01:07:01.360+0000] {processor.py:830} INFO - Processing file /opt/airflow/dags/weather_dag.py for tasks to queue
[2024-07-26T01:07:01.361+0000] {logging_mixin.py:188} INFO - [2024-07-26T01:07:01.361+0000] {dagbag.py:540} INFO - Filling up the DagBag from /opt/airflow/dags/weather_dag.py
[2024-07-26T01:07:01.378+0000] {processor.py:840} INFO - DAG(s) 'openweathermap' retrieved from /opt/airflow/dags/weather_dag.py
[2024-07-26T01:07:01.390+0000] {logging_mixin.py:188} INFO - [2024-07-26T01:07:01.390+0000] {dag.py:3047} INFO - Sync 1 DAGs
[2024-07-26T01:07:01.408+0000] {logging_mixin.py:188} INFO - [2024-07-26T01:07:01.408+0000] {dag.py:3834} INFO - Setting next_dagrun for openweathermap to 2024-07-26 00:00:00+00:00, run_after=2024-07-27 00:00:00+00:00
[2024-07-26T01:07:01.423+0000] {processor.py:183} INFO - Processing /opt/airflow/dags/weather_dag.py took 0.068 seconds
[2024-07-26T01:07:31.739+0000] {processor.py:161} INFO - Started process (PID=556) to work on /opt/airflow/dags/weather_dag.py
[2024-07-26T01:07:31.740+0000] {processor.py:830} INFO - Processing file /opt/airflow/dags/weather_dag.py for tasks to queue
[2024-07-26T01:07:31.741+0000] {logging_mixin.py:188} INFO - [2024-07-26T01:07:31.741+0000] {dagbag.py:540} INFO - Filling up the DagBag from /opt/airflow/dags/weather_dag.py
[2024-07-26T01:07:31.758+0000] {processor.py:840} INFO - DAG(s) 'openweathermap' retrieved from /opt/airflow/dags/weather_dag.py
[2024-07-26T01:07:31.769+0000] {logging_mixin.py:188} INFO - [2024-07-26T01:07:31.768+0000] {dag.py:3047} INFO - Sync 1 DAGs
[2024-07-26T01:07:31.786+0000] {logging_mixin.py:188} INFO - [2024-07-26T01:07:31.785+0000] {dag.py:3834} INFO - Setting next_dagrun for openweathermap to 2024-07-26 00:00:00+00:00, run_after=2024-07-27 00:00:00+00:00
[2024-07-26T01:07:31.810+0000] {processor.py:183} INFO - Processing /opt/airflow/dags/weather_dag.py took 0.073 seconds
[2024-07-26T01:08:02.024+0000] {processor.py:161} INFO - Started process (PID=612) to work on /opt/airflow/dags/weather_dag.py
[2024-07-26T01:08:02.025+0000] {processor.py:830} INFO - Processing file /opt/airflow/dags/weather_dag.py for tasks to queue
[2024-07-26T01:08:02.026+0000] {logging_mixin.py:188} INFO - [2024-07-26T01:08:02.026+0000] {dagbag.py:540} INFO - Filling up the DagBag from /opt/airflow/dags/weather_dag.py
[2024-07-26T01:08:02.042+0000] {processor.py:840} INFO - DAG(s) 'openweathermap' retrieved from /opt/airflow/dags/weather_dag.py
[2024-07-26T01:08:02.052+0000] {logging_mixin.py:188} INFO - [2024-07-26T01:08:02.051+0000] {dag.py:3047} INFO - Sync 1 DAGs
[2024-07-26T01:08:02.068+0000] {logging_mixin.py:188} INFO - [2024-07-26T01:08:02.067+0000] {dag.py:3834} INFO - Setting next_dagrun for openweathermap to 2024-07-26 00:00:00+00:00, run_after=2024-07-27 00:00:00+00:00
[2024-07-26T01:08:02.081+0000] {processor.py:183} INFO - Processing /opt/airflow/dags/weather_dag.py took 0.059 seconds
[2024-07-26T01:08:32.198+0000] {processor.py:161} INFO - Started process (PID=668) to work on /opt/airflow/dags/weather_dag.py
[2024-07-26T01:08:32.199+0000] {processor.py:830} INFO - Processing file /opt/airflow/dags/weather_dag.py for tasks to queue
[2024-07-26T01:08:32.200+0000] {logging_mixin.py:188} INFO - [2024-07-26T01:08:32.200+0000] {dagbag.py:540} INFO - Filling up the DagBag from /opt/airflow/dags/weather_dag.py
[2024-07-26T01:08:32.216+0000] {processor.py:840} INFO - DAG(s) 'openweathermap' retrieved from /opt/airflow/dags/weather_dag.py
[2024-07-26T01:08:32.226+0000] {logging_mixin.py:188} INFO - [2024-07-26T01:08:32.225+0000] {dag.py:3047} INFO - Sync 1 DAGs
[2024-07-26T01:08:32.242+0000] {logging_mixin.py:188} INFO - [2024-07-26T01:08:32.241+0000] {dag.py:3834} INFO - Setting next_dagrun for openweathermap to 2024-07-26 00:00:00+00:00, run_after=2024-07-27 00:00:00+00:00
[2024-07-26T01:08:32.255+0000] {processor.py:183} INFO - Processing /opt/airflow/dags/weather_dag.py took 0.058 seconds
[2024-07-26T01:09:02.435+0000] {processor.py:161} INFO - Started process (PID=724) to work on /opt/airflow/dags/weather_dag.py
[2024-07-26T01:09:02.437+0000] {processor.py:830} INFO - Processing file /opt/airflow/dags/weather_dag.py for tasks to queue
[2024-07-26T01:09:02.438+0000] {logging_mixin.py:188} INFO - [2024-07-26T01:09:02.438+0000] {dagbag.py:540} INFO - Filling up the DagBag from /opt/airflow/dags/weather_dag.py
[2024-07-26T01:09:02.458+0000] {processor.py:840} INFO - DAG(s) 'openweathermap' retrieved from /opt/airflow/dags/weather_dag.py
[2024-07-26T01:09:02.474+0000] {logging_mixin.py:188} INFO - [2024-07-26T01:09:02.473+0000] {dag.py:3047} INFO - Sync 1 DAGs
[2024-07-26T01:09:02.498+0000] {logging_mixin.py:188} INFO - [2024-07-26T01:09:02.498+0000] {dag.py:3834} INFO - Setting next_dagrun for openweathermap to 2024-07-26 00:00:00+00:00, run_after=2024-07-27 00:00:00+00:00
[2024-07-26T01:09:02.518+0000] {processor.py:183} INFO - Processing /opt/airflow/dags/weather_dag.py took 0.085 seconds
[2024-07-26T01:09:32.706+0000] {processor.py:161} INFO - Started process (PID=780) to work on /opt/airflow/dags/weather_dag.py
[2024-07-26T01:09:32.707+0000] {processor.py:830} INFO - Processing file /opt/airflow/dags/weather_dag.py for tasks to queue
[2024-07-26T01:09:32.708+0000] {logging_mixin.py:188} INFO - [2024-07-26T01:09:32.708+0000] {dagbag.py:540} INFO - Filling up the DagBag from /opt/airflow/dags/weather_dag.py
[2024-07-26T01:09:32.727+0000] {processor.py:840} INFO - DAG(s) 'openweathermap' retrieved from /opt/airflow/dags/weather_dag.py
[2024-07-26T01:09:32.739+0000] {logging_mixin.py:188} INFO - [2024-07-26T01:09:32.739+0000] {dag.py:3047} INFO - Sync 1 DAGs
[2024-07-26T01:09:32.757+0000] {logging_mixin.py:188} INFO - [2024-07-26T01:09:32.757+0000] {dag.py:3834} INFO - Setting next_dagrun for openweathermap to 2024-07-26 00:00:00+00:00, run_after=2024-07-27 00:00:00+00:00
[2024-07-26T01:09:32.773+0000] {processor.py:183} INFO - Processing /opt/airflow/dags/weather_dag.py took 0.069 seconds
[2024-07-26T01:10:03.074+0000] {processor.py:161} INFO - Started process (PID=836) to work on /opt/airflow/dags/weather_dag.py
[2024-07-26T01:10:03.075+0000] {processor.py:830} INFO - Processing file /opt/airflow/dags/weather_dag.py for tasks to queue
[2024-07-26T01:10:03.076+0000] {logging_mixin.py:188} INFO - [2024-07-26T01:10:03.076+0000] {dagbag.py:540} INFO - Filling up the DagBag from /opt/airflow/dags/weather_dag.py
[2024-07-26T01:10:03.093+0000] {processor.py:840} INFO - DAG(s) 'openweathermap' retrieved from /opt/airflow/dags/weather_dag.py
[2024-07-26T01:10:03.104+0000] {logging_mixin.py:188} INFO - [2024-07-26T01:10:03.104+0000] {dag.py:3047} INFO - Sync 1 DAGs
[2024-07-26T01:10:03.121+0000] {logging_mixin.py:188} INFO - [2024-07-26T01:10:03.121+0000] {dag.py:3834} INFO - Setting next_dagrun for openweathermap to 2024-07-26 00:00:00+00:00, run_after=2024-07-27 00:00:00+00:00
[2024-07-26T01:10:03.135+0000] {processor.py:183} INFO - Processing /opt/airflow/dags/weather_dag.py took 0.062 seconds
[2024-07-26T01:10:33.166+0000] {processor.py:161} INFO - Started process (PID=893) to work on /opt/airflow/dags/weather_dag.py
[2024-07-26T01:10:33.167+0000] {processor.py:830} INFO - Processing file /opt/airflow/dags/weather_dag.py for tasks to queue
[2024-07-26T01:10:33.169+0000] {logging_mixin.py:188} INFO - [2024-07-26T01:10:33.168+0000] {dagbag.py:540} INFO - Filling up the DagBag from /opt/airflow/dags/weather_dag.py
[2024-07-26T01:10:33.188+0000] {processor.py:840} INFO - DAG(s) 'openweathermap' retrieved from /opt/airflow/dags/weather_dag.py
[2024-07-26T01:10:33.199+0000] {logging_mixin.py:188} INFO - [2024-07-26T01:10:33.198+0000] {dag.py:3047} INFO - Sync 1 DAGs
[2024-07-26T01:10:33.216+0000] {logging_mixin.py:188} INFO - [2024-07-26T01:10:33.216+0000] {dag.py:3834} INFO - Setting next_dagrun for openweathermap to 2024-07-26 00:00:00+00:00, run_after=2024-07-27 00:00:00+00:00
[2024-07-26T01:10:33.232+0000] {processor.py:183} INFO - Processing /opt/airflow/dags/weather_dag.py took 0.069 seconds
[2024-07-26T01:11:03.341+0000] {processor.py:161} INFO - Started process (PID=949) to work on /opt/airflow/dags/weather_dag.py
[2024-07-26T01:11:03.342+0000] {processor.py:830} INFO - Processing file /opt/airflow/dags/weather_dag.py for tasks to queue
[2024-07-26T01:11:03.344+0000] {logging_mixin.py:188} INFO - [2024-07-26T01:11:03.344+0000] {dagbag.py:540} INFO - Filling up the DagBag from /opt/airflow/dags/weather_dag.py
[2024-07-26T01:11:03.363+0000] {processor.py:840} INFO - DAG(s) 'openweathermap' retrieved from /opt/airflow/dags/weather_dag.py
[2024-07-26T01:11:03.376+0000] {logging_mixin.py:188} INFO - [2024-07-26T01:11:03.375+0000] {dag.py:3047} INFO - Sync 1 DAGs
[2024-07-26T01:11:03.397+0000] {logging_mixin.py:188} INFO - [2024-07-26T01:11:03.397+0000] {dag.py:3834} INFO - Setting next_dagrun for openweathermap to 2024-07-26 00:00:00+00:00, run_after=2024-07-27 00:00:00+00:00
[2024-07-26T01:11:03.422+0000] {processor.py:183} INFO - Processing /opt/airflow/dags/weather_dag.py took 0.084 seconds
[2024-07-26T01:11:33.741+0000] {processor.py:161} INFO - Started process (PID=1005) to work on /opt/airflow/dags/weather_dag.py
[2024-07-26T01:11:33.741+0000] {processor.py:830} INFO - Processing file /opt/airflow/dags/weather_dag.py for tasks to queue
[2024-07-26T01:11:33.743+0000] {logging_mixin.py:188} INFO - [2024-07-26T01:11:33.743+0000] {dagbag.py:540} INFO - Filling up the DagBag from /opt/airflow/dags/weather_dag.py
[2024-07-26T01:11:33.762+0000] {processor.py:840} INFO - DAG(s) 'openweathermap' retrieved from /opt/airflow/dags/weather_dag.py
[2024-07-26T01:11:33.773+0000] {logging_mixin.py:188} INFO - [2024-07-26T01:11:33.773+0000] {dag.py:3047} INFO - Sync 1 DAGs
[2024-07-26T01:11:33.797+0000] {logging_mixin.py:188} INFO - [2024-07-26T01:11:33.796+0000] {dag.py:3834} INFO - Setting next_dagrun for openweathermap to 2024-07-26 00:00:00+00:00, run_after=2024-07-27 00:00:00+00:00
[2024-07-26T01:11:33.813+0000] {processor.py:183} INFO - Processing /opt/airflow/dags/weather_dag.py took 0.076 seconds
[2024-07-26T01:12:03.961+0000] {processor.py:161} INFO - Started process (PID=1061) to work on /opt/airflow/dags/weather_dag.py
[2024-07-26T01:12:03.963+0000] {processor.py:830} INFO - Processing file /opt/airflow/dags/weather_dag.py for tasks to queue
[2024-07-26T01:12:03.964+0000] {logging_mixin.py:188} INFO - [2024-07-26T01:12:03.964+0000] {dagbag.py:540} INFO - Filling up the DagBag from /opt/airflow/dags/weather_dag.py
[2024-07-26T01:12:03.982+0000] {processor.py:840} INFO - DAG(s) 'openweathermap' retrieved from /opt/airflow/dags/weather_dag.py
[2024-07-26T01:12:03.992+0000] {logging_mixin.py:188} INFO - [2024-07-26T01:12:03.992+0000] {dag.py:3047} INFO - Sync 1 DAGs
[2024-07-26T01:12:04.012+0000] {logging_mixin.py:188} INFO - [2024-07-26T01:12:04.012+0000] {dag.py:3834} INFO - Setting next_dagrun for openweathermap to 2024-07-26 00:00:00+00:00, run_after=2024-07-27 00:00:00+00:00
[2024-07-26T01:12:04.029+0000] {processor.py:183} INFO - Processing /opt/airflow/dags/weather_dag.py took 0.071 seconds
[2024-07-26T01:12:34.322+0000] {processor.py:161} INFO - Started process (PID=1117) to work on /opt/airflow/dags/weather_dag.py
[2024-07-26T01:12:34.322+0000] {processor.py:830} INFO - Processing file /opt/airflow/dags/weather_dag.py for tasks to queue
[2024-07-26T01:12:34.324+0000] {logging_mixin.py:188} INFO - [2024-07-26T01:12:34.323+0000] {dagbag.py:540} INFO - Filling up the DagBag from /opt/airflow/dags/weather_dag.py
[2024-07-26T01:12:34.343+0000] {processor.py:840} INFO - DAG(s) 'openweathermap' retrieved from /opt/airflow/dags/weather_dag.py
[2024-07-26T01:12:34.353+0000] {logging_mixin.py:188} INFO - [2024-07-26T01:12:34.353+0000] {dag.py:3047} INFO - Sync 1 DAGs
[2024-07-26T01:12:34.370+0000] {logging_mixin.py:188} INFO - [2024-07-26T01:12:34.370+0000] {dag.py:3834} INFO - Setting next_dagrun for openweathermap to 2024-07-26 00:00:00+00:00, run_after=2024-07-27 00:00:00+00:00
[2024-07-26T01:12:34.389+0000] {processor.py:183} INFO - Processing /opt/airflow/dags/weather_dag.py took 0.069 seconds
[2024-07-26T01:13:04.523+0000] {processor.py:161} INFO - Started process (PID=1173) to work on /opt/airflow/dags/weather_dag.py
[2024-07-26T01:13:04.526+0000] {processor.py:830} INFO - Processing file /opt/airflow/dags/weather_dag.py for tasks to queue
[2024-07-26T01:13:04.528+0000] {logging_mixin.py:188} INFO - [2024-07-26T01:13:04.527+0000] {dagbag.py:540} INFO - Filling up the DagBag from /opt/airflow/dags/weather_dag.py
[2024-07-26T01:13:04.545+0000] {processor.py:840} INFO - DAG(s) 'openweathermap' retrieved from /opt/airflow/dags/weather_dag.py
[2024-07-26T01:13:04.556+0000] {logging_mixin.py:188} INFO - [2024-07-26T01:13:04.555+0000] {dag.py:3047} INFO - Sync 1 DAGs
[2024-07-26T01:13:04.571+0000] {logging_mixin.py:188} INFO - [2024-07-26T01:13:04.571+0000] {dag.py:3834} INFO - Setting next_dagrun for openweathermap to 2024-07-26 00:00:00+00:00, run_after=2024-07-27 00:00:00+00:00
[2024-07-26T01:13:04.586+0000] {processor.py:183} INFO - Processing /opt/airflow/dags/weather_dag.py took 0.065 seconds
[2024-07-26T01:13:34.836+0000] {processor.py:161} INFO - Started process (PID=1229) to work on /opt/airflow/dags/weather_dag.py
[2024-07-26T01:13:34.837+0000] {processor.py:830} INFO - Processing file /opt/airflow/dags/weather_dag.py for tasks to queue
[2024-07-26T01:13:34.839+0000] {logging_mixin.py:188} INFO - [2024-07-26T01:13:34.838+0000] {dagbag.py:540} INFO - Filling up the DagBag from /opt/airflow/dags/weather_dag.py
[2024-07-26T01:13:34.862+0000] {processor.py:840} INFO - DAG(s) 'openweathermap' retrieved from /opt/airflow/dags/weather_dag.py
[2024-07-26T01:13:34.875+0000] {logging_mixin.py:188} INFO - [2024-07-26T01:13:34.874+0000] {dag.py:3047} INFO - Sync 1 DAGs
[2024-07-26T01:13:34.901+0000] {logging_mixin.py:188} INFO - [2024-07-26T01:13:34.900+0000] {dag.py:3834} INFO - Setting next_dagrun for openweathermap to 2024-07-26 00:00:00+00:00, run_after=2024-07-27 00:00:00+00:00
[2024-07-26T01:13:34.918+0000] {processor.py:183} INFO - Processing /opt/airflow/dags/weather_dag.py took 0.086 seconds
[2024-07-26T01:14:05.082+0000] {processor.py:161} INFO - Started process (PID=1285) to work on /opt/airflow/dags/weather_dag.py
[2024-07-26T01:14:05.085+0000] {processor.py:830} INFO - Processing file /opt/airflow/dags/weather_dag.py for tasks to queue
[2024-07-26T01:14:05.086+0000] {logging_mixin.py:188} INFO - [2024-07-26T01:14:05.086+0000] {dagbag.py:540} INFO - Filling up the DagBag from /opt/airflow/dags/weather_dag.py
[2024-07-26T01:14:05.103+0000] {processor.py:840} INFO - DAG(s) 'openweathermap' retrieved from /opt/airflow/dags/weather_dag.py
[2024-07-26T01:14:05.113+0000] {logging_mixin.py:188} INFO - [2024-07-26T01:14:05.113+0000] {dag.py:3047} INFO - Sync 1 DAGs
[2024-07-26T01:14:05.129+0000] {logging_mixin.py:188} INFO - [2024-07-26T01:14:05.129+0000] {dag.py:3834} INFO - Setting next_dagrun for openweathermap to 2024-07-26 00:00:00+00:00, run_after=2024-07-27 00:00:00+00:00
[2024-07-26T01:14:05.145+0000] {processor.py:183} INFO - Processing /opt/airflow/dags/weather_dag.py took 0.064 seconds
[2024-07-26T01:14:35.209+0000] {processor.py:161} INFO - Started process (PID=1341) to work on /opt/airflow/dags/weather_dag.py
[2024-07-26T01:14:35.210+0000] {processor.py:830} INFO - Processing file /opt/airflow/dags/weather_dag.py for tasks to queue
[2024-07-26T01:14:35.212+0000] {logging_mixin.py:188} INFO - [2024-07-26T01:14:35.212+0000] {dagbag.py:540} INFO - Filling up the DagBag from /opt/airflow/dags/weather_dag.py
[2024-07-26T01:14:35.235+0000] {processor.py:840} INFO - DAG(s) 'openweathermap' retrieved from /opt/airflow/dags/weather_dag.py
[2024-07-26T01:14:35.251+0000] {logging_mixin.py:188} INFO - [2024-07-26T01:14:35.250+0000] {dag.py:3047} INFO - Sync 1 DAGs
[2024-07-26T01:14:35.276+0000] {logging_mixin.py:188} INFO - [2024-07-26T01:14:35.276+0000] {dag.py:3834} INFO - Setting next_dagrun for openweathermap to 2024-07-26 00:00:00+00:00, run_after=2024-07-27 00:00:00+00:00
[2024-07-26T01:14:35.299+0000] {processor.py:183} INFO - Processing /opt/airflow/dags/weather_dag.py took 0.092 seconds
[2024-07-26T01:15:05.761+0000] {processor.py:161} INFO - Started process (PID=1397) to work on /opt/airflow/dags/weather_dag.py
[2024-07-26T01:15:05.762+0000] {processor.py:830} INFO - Processing file /opt/airflow/dags/weather_dag.py for tasks to queue
[2024-07-26T01:15:05.764+0000] {logging_mixin.py:188} INFO - [2024-07-26T01:15:05.764+0000] {dagbag.py:540} INFO - Filling up the DagBag from /opt/airflow/dags/weather_dag.py
[2024-07-26T01:15:05.783+0000] {processor.py:840} INFO - DAG(s) 'openweathermap' retrieved from /opt/airflow/dags/weather_dag.py
[2024-07-26T01:15:05.793+0000] {logging_mixin.py:188} INFO - [2024-07-26T01:15:05.793+0000] {dag.py:3047} INFO - Sync 1 DAGs
[2024-07-26T01:15:05.811+0000] {logging_mixin.py:188} INFO - [2024-07-26T01:15:05.811+0000] {dag.py:3834} INFO - Setting next_dagrun for openweathermap to 2024-07-26 00:00:00+00:00, run_after=2024-07-27 00:00:00+00:00
[2024-07-26T01:15:05.828+0000] {processor.py:183} INFO - Processing /opt/airflow/dags/weather_dag.py took 0.069 seconds
[2024-07-26T01:15:35.907+0000] {processor.py:161} INFO - Started process (PID=1453) to work on /opt/airflow/dags/weather_dag.py
[2024-07-26T01:15:35.908+0000] {processor.py:830} INFO - Processing file /opt/airflow/dags/weather_dag.py for tasks to queue
[2024-07-26T01:15:35.909+0000] {logging_mixin.py:188} INFO - [2024-07-26T01:15:35.909+0000] {dagbag.py:540} INFO - Filling up the DagBag from /opt/airflow/dags/weather_dag.py
[2024-07-26T01:15:35.934+0000] {processor.py:840} INFO - DAG(s) 'openweathermap' retrieved from /opt/airflow/dags/weather_dag.py
[2024-07-26T01:15:35.946+0000] {logging_mixin.py:188} INFO - [2024-07-26T01:15:35.946+0000] {dag.py:3047} INFO - Sync 1 DAGs
[2024-07-26T01:15:35.969+0000] {logging_mixin.py:188} INFO - [2024-07-26T01:15:35.969+0000] {dag.py:3834} INFO - Setting next_dagrun for openweathermap to 2024-07-26 00:00:00+00:00, run_after=2024-07-27 00:00:00+00:00
[2024-07-26T01:15:35.989+0000] {processor.py:183} INFO - Processing /opt/airflow/dags/weather_dag.py took 0.085 seconds
[2024-07-26T01:16:06.294+0000] {processor.py:161} INFO - Started process (PID=1509) to work on /opt/airflow/dags/weather_dag.py
[2024-07-26T01:16:06.295+0000] {processor.py:830} INFO - Processing file /opt/airflow/dags/weather_dag.py for tasks to queue
[2024-07-26T01:16:06.297+0000] {logging_mixin.py:188} INFO - [2024-07-26T01:16:06.297+0000] {dagbag.py:540} INFO - Filling up the DagBag from /opt/airflow/dags/weather_dag.py
[2024-07-26T01:16:06.318+0000] {processor.py:840} INFO - DAG(s) 'openweathermap' retrieved from /opt/airflow/dags/weather_dag.py
[2024-07-26T01:16:06.331+0000] {logging_mixin.py:188} INFO - [2024-07-26T01:16:06.330+0000] {dag.py:3047} INFO - Sync 1 DAGs
[2024-07-26T01:16:06.351+0000] {logging_mixin.py:188} INFO - [2024-07-26T01:16:06.351+0000] {dag.py:3834} INFO - Setting next_dagrun for openweathermap to 2024-07-26 00:00:00+00:00, run_after=2024-07-27 00:00:00+00:00
[2024-07-26T01:16:06.369+0000] {processor.py:183} INFO - Processing /opt/airflow/dags/weather_dag.py took 0.077 seconds
[2024-07-26T01:16:36.736+0000] {processor.py:161} INFO - Started process (PID=1565) to work on /opt/airflow/dags/weather_dag.py
[2024-07-26T01:16:36.736+0000] {processor.py:830} INFO - Processing file /opt/airflow/dags/weather_dag.py for tasks to queue
[2024-07-26T01:16:36.738+0000] {logging_mixin.py:188} INFO - [2024-07-26T01:16:36.738+0000] {dagbag.py:540} INFO - Filling up the DagBag from /opt/airflow/dags/weather_dag.py
[2024-07-26T01:16:36.760+0000] {processor.py:840} INFO - DAG(s) 'openweathermap' retrieved from /opt/airflow/dags/weather_dag.py
[2024-07-26T01:16:36.771+0000] {logging_mixin.py:188} INFO - [2024-07-26T01:16:36.771+0000] {dag.py:3047} INFO - Sync 1 DAGs
[2024-07-26T01:16:36.792+0000] {logging_mixin.py:188} INFO - [2024-07-26T01:16:36.792+0000] {dag.py:3834} INFO - Setting next_dagrun for openweathermap to 2024-07-26 00:00:00+00:00, run_after=2024-07-27 00:00:00+00:00
[2024-07-26T01:16:36.811+0000] {processor.py:183} INFO - Processing /opt/airflow/dags/weather_dag.py took 0.078 seconds
[2024-07-26T01:17:07.115+0000] {processor.py:161} INFO - Started process (PID=1621) to work on /opt/airflow/dags/weather_dag.py
[2024-07-26T01:17:07.116+0000] {processor.py:830} INFO - Processing file /opt/airflow/dags/weather_dag.py for tasks to queue
[2024-07-26T01:17:07.117+0000] {logging_mixin.py:188} INFO - [2024-07-26T01:17:07.117+0000] {dagbag.py:540} INFO - Filling up the DagBag from /opt/airflow/dags/weather_dag.py
[2024-07-26T01:17:07.140+0000] {processor.py:840} INFO - DAG(s) 'openweathermap' retrieved from /opt/airflow/dags/weather_dag.py
[2024-07-26T01:17:07.152+0000] {logging_mixin.py:188} INFO - [2024-07-26T01:17:07.151+0000] {dag.py:3047} INFO - Sync 1 DAGs
[2024-07-26T01:17:07.171+0000] {logging_mixin.py:188} INFO - [2024-07-26T01:17:07.171+0000] {dag.py:3834} INFO - Setting next_dagrun for openweathermap to 2024-07-26 00:00:00+00:00, run_after=2024-07-27 00:00:00+00:00
[2024-07-26T01:17:07.189+0000] {processor.py:183} INFO - Processing /opt/airflow/dags/weather_dag.py took 0.077 seconds
[2024-07-26T01:17:37.583+0000] {processor.py:161} INFO - Started process (PID=1677) to work on /opt/airflow/dags/weather_dag.py
[2024-07-26T01:17:37.584+0000] {processor.py:830} INFO - Processing file /opt/airflow/dags/weather_dag.py for tasks to queue
[2024-07-26T01:17:37.586+0000] {logging_mixin.py:188} INFO - [2024-07-26T01:17:37.586+0000] {dagbag.py:540} INFO - Filling up the DagBag from /opt/airflow/dags/weather_dag.py
[2024-07-26T01:17:37.608+0000] {processor.py:840} INFO - DAG(s) 'openweathermap' retrieved from /opt/airflow/dags/weather_dag.py
[2024-07-26T01:17:37.621+0000] {logging_mixin.py:188} INFO - [2024-07-26T01:17:37.621+0000] {dag.py:3047} INFO - Sync 1 DAGs
[2024-07-26T01:17:37.644+0000] {logging_mixin.py:188} INFO - [2024-07-26T01:17:37.644+0000] {dag.py:3834} INFO - Setting next_dagrun for openweathermap to 2024-07-26 00:00:00+00:00, run_after=2024-07-27 00:00:00+00:00
[2024-07-26T01:17:37.664+0000] {processor.py:183} INFO - Processing /opt/airflow/dags/weather_dag.py took 0.084 seconds
[2024-07-26T01:18:08.109+0000] {processor.py:161} INFO - Started process (PID=1733) to work on /opt/airflow/dags/weather_dag.py
[2024-07-26T01:18:08.110+0000] {processor.py:830} INFO - Processing file /opt/airflow/dags/weather_dag.py for tasks to queue
[2024-07-26T01:18:08.112+0000] {logging_mixin.py:188} INFO - [2024-07-26T01:18:08.112+0000] {dagbag.py:540} INFO - Filling up the DagBag from /opt/airflow/dags/weather_dag.py
[2024-07-26T01:18:08.139+0000] {processor.py:840} INFO - DAG(s) 'openweathermap' retrieved from /opt/airflow/dags/weather_dag.py
[2024-07-26T01:18:08.152+0000] {logging_mixin.py:188} INFO - [2024-07-26T01:18:08.151+0000] {dag.py:3047} INFO - Sync 1 DAGs
[2024-07-26T01:18:08.171+0000] {logging_mixin.py:188} INFO - [2024-07-26T01:18:08.171+0000] {dag.py:3834} INFO - Setting next_dagrun for openweathermap to 2024-07-26 00:00:00+00:00, run_after=2024-07-27 00:00:00+00:00
[2024-07-26T01:18:08.189+0000] {processor.py:183} INFO - Processing /opt/airflow/dags/weather_dag.py took 0.083 seconds
[2024-07-26T01:18:38.576+0000] {processor.py:161} INFO - Started process (PID=1789) to work on /opt/airflow/dags/weather_dag.py
[2024-07-26T01:18:38.577+0000] {processor.py:830} INFO - Processing file /opt/airflow/dags/weather_dag.py for tasks to queue
[2024-07-26T01:18:38.578+0000] {logging_mixin.py:188} INFO - [2024-07-26T01:18:38.578+0000] {dagbag.py:540} INFO - Filling up the DagBag from /opt/airflow/dags/weather_dag.py
[2024-07-26T01:18:38.594+0000] {processor.py:840} INFO - DAG(s) 'openweathermap' retrieved from /opt/airflow/dags/weather_dag.py
[2024-07-26T01:18:38.605+0000] {logging_mixin.py:188} INFO - [2024-07-26T01:18:38.605+0000] {dag.py:3047} INFO - Sync 1 DAGs
[2024-07-26T01:18:38.622+0000] {logging_mixin.py:188} INFO - [2024-07-26T01:18:38.622+0000] {dag.py:3834} INFO - Setting next_dagrun for openweathermap to 2024-07-26 00:00:00+00:00, run_after=2024-07-27 00:00:00+00:00
[2024-07-26T01:18:38.637+0000] {processor.py:183} INFO - Processing /opt/airflow/dags/weather_dag.py took 0.063 seconds
[2024-07-26T01:19:08.764+0000] {processor.py:161} INFO - Started process (PID=1845) to work on /opt/airflow/dags/weather_dag.py
[2024-07-26T01:19:08.765+0000] {processor.py:830} INFO - Processing file /opt/airflow/dags/weather_dag.py for tasks to queue
[2024-07-26T01:19:08.766+0000] {logging_mixin.py:188} INFO - [2024-07-26T01:19:08.766+0000] {dagbag.py:540} INFO - Filling up the DagBag from /opt/airflow/dags/weather_dag.py
[2024-07-26T01:19:08.784+0000] {processor.py:840} INFO - DAG(s) 'openweathermap' retrieved from /opt/airflow/dags/weather_dag.py
[2024-07-26T01:19:08.794+0000] {logging_mixin.py:188} INFO - [2024-07-26T01:19:08.794+0000] {dag.py:3047} INFO - Sync 1 DAGs
[2024-07-26T01:19:08.811+0000] {logging_mixin.py:188} INFO - [2024-07-26T01:19:08.811+0000] {dag.py:3834} INFO - Setting next_dagrun for openweathermap to 2024-07-26 00:00:00+00:00, run_after=2024-07-27 00:00:00+00:00
[2024-07-26T01:19:08.827+0000] {processor.py:183} INFO - Processing /opt/airflow/dags/weather_dag.py took 0.065 seconds
