[2024-07-19T00:00:19.650+0000] {processor.py:161} INFO - Started process (PID=1500) to work on /opt/airflow/dags/weather_dag.py
[2024-07-19T00:00:19.651+0000] {processor.py:830} INFO - Processing file /opt/airflow/dags/weather_dag.py for tasks to queue
[2024-07-19T00:00:19.653+0000] {logging_mixin.py:188} INFO - [2024-07-19T00:00:19.652+0000] {dagbag.py:540} INFO - Filling up the DagBag from /opt/airflow/dags/weather_dag.py
[2024-07-19T00:00:19.672+0000] {processor.py:840} INFO - DAG(s) 'openweathermap' retrieved from /opt/airflow/dags/weather_dag.py
[2024-07-19T00:00:19.681+0000] {logging_mixin.py:188} INFO - [2024-07-19T00:00:19.681+0000] {dag.py:3047} INFO - Sync 1 DAGs
[2024-07-19T00:00:19.698+0000] {logging_mixin.py:188} INFO - [2024-07-19T00:00:19.698+0000] {dag.py:3834} INFO - Setting next_dagrun for openweathermap to 2024-07-18 00:00:00+00:00, run_after=2024-07-19 00:00:00+00:00
[2024-07-19T00:00:19.764+0000] {processor.py:183} INFO - Processing /opt/airflow/dags/weather_dag.py took 0.116 seconds
[2024-07-19T00:00:49.928+0000] {processor.py:161} INFO - Started process (PID=1556) to work on /opt/airflow/dags/weather_dag.py
[2024-07-19T00:00:49.931+0000] {processor.py:830} INFO - Processing file /opt/airflow/dags/weather_dag.py for tasks to queue
[2024-07-19T00:00:49.932+0000] {logging_mixin.py:188} INFO - [2024-07-19T00:00:49.932+0000] {dagbag.py:540} INFO - Filling up the DagBag from /opt/airflow/dags/weather_dag.py
[2024-07-19T00:00:49.949+0000] {processor.py:840} INFO - DAG(s) 'openweathermap' retrieved from /opt/airflow/dags/weather_dag.py
[2024-07-19T00:00:49.958+0000] {logging_mixin.py:188} INFO - [2024-07-19T00:00:49.958+0000] {dag.py:3047} INFO - Sync 1 DAGs
[2024-07-19T00:00:49.977+0000] {logging_mixin.py:188} INFO - [2024-07-19T00:00:49.977+0000] {dag.py:3834} INFO - Setting next_dagrun for openweathermap to 2024-07-18 00:00:00+00:00, run_after=2024-07-19 00:00:00+00:00
[2024-07-19T00:00:49.995+0000] {processor.py:183} INFO - Processing /opt/airflow/dags/weather_dag.py took 0.068 seconds
[2024-07-19T00:01:20.223+0000] {processor.py:161} INFO - Started process (PID=1612) to work on /opt/airflow/dags/weather_dag.py
[2024-07-19T00:01:20.224+0000] {processor.py:830} INFO - Processing file /opt/airflow/dags/weather_dag.py for tasks to queue
[2024-07-19T00:01:20.225+0000] {logging_mixin.py:188} INFO - [2024-07-19T00:01:20.225+0000] {dagbag.py:540} INFO - Filling up the DagBag from /opt/airflow/dags/weather_dag.py
[2024-07-19T00:01:20.242+0000] {processor.py:840} INFO - DAG(s) 'openweathermap' retrieved from /opt/airflow/dags/weather_dag.py
[2024-07-19T00:01:20.252+0000] {logging_mixin.py:188} INFO - [2024-07-19T00:01:20.251+0000] {dag.py:3047} INFO - Sync 1 DAGs
[2024-07-19T00:01:20.268+0000] {logging_mixin.py:188} INFO - [2024-07-19T00:01:20.268+0000] {dag.py:3834} INFO - Setting next_dagrun for openweathermap to 2024-07-18 00:00:00+00:00, run_after=2024-07-19 00:00:00+00:00
[2024-07-19T00:01:20.283+0000] {processor.py:183} INFO - Processing /opt/airflow/dags/weather_dag.py took 0.063 seconds
[2024-07-19T00:01:50.566+0000] {processor.py:161} INFO - Started process (PID=1668) to work on /opt/airflow/dags/weather_dag.py
[2024-07-19T00:01:50.581+0000] {processor.py:830} INFO - Processing file /opt/airflow/dags/weather_dag.py for tasks to queue
[2024-07-19T00:01:50.582+0000] {logging_mixin.py:188} INFO - [2024-07-19T00:01:50.582+0000] {dagbag.py:540} INFO - Filling up the DagBag from /opt/airflow/dags/weather_dag.py
[2024-07-19T00:01:50.598+0000] {processor.py:840} INFO - DAG(s) 'openweathermap' retrieved from /opt/airflow/dags/weather_dag.py
[2024-07-19T00:01:50.607+0000] {logging_mixin.py:188} INFO - [2024-07-19T00:01:50.607+0000] {dag.py:3047} INFO - Sync 1 DAGs
[2024-07-19T00:01:50.624+0000] {logging_mixin.py:188} INFO - [2024-07-19T00:01:50.623+0000] {dag.py:3834} INFO - Setting next_dagrun for openweathermap to 2024-07-18 00:00:00+00:00, run_after=2024-07-19 00:00:00+00:00
[2024-07-19T00:01:50.637+0000] {processor.py:183} INFO - Processing /opt/airflow/dags/weather_dag.py took 0.074 seconds
[2024-07-19T00:02:20.736+0000] {processor.py:161} INFO - Started process (PID=1724) to work on /opt/airflow/dags/weather_dag.py
[2024-07-19T00:02:20.737+0000] {processor.py:830} INFO - Processing file /opt/airflow/dags/weather_dag.py for tasks to queue
[2024-07-19T00:02:20.738+0000] {logging_mixin.py:188} INFO - [2024-07-19T00:02:20.737+0000] {dagbag.py:540} INFO - Filling up the DagBag from /opt/airflow/dags/weather_dag.py
[2024-07-19T00:02:20.754+0000] {processor.py:840} INFO - DAG(s) 'openweathermap' retrieved from /opt/airflow/dags/weather_dag.py
[2024-07-19T00:02:20.764+0000] {logging_mixin.py:188} INFO - [2024-07-19T00:02:20.763+0000] {dag.py:3047} INFO - Sync 1 DAGs
[2024-07-19T00:02:20.780+0000] {logging_mixin.py:188} INFO - [2024-07-19T00:02:20.779+0000] {dag.py:3834} INFO - Setting next_dagrun for openweathermap to 2024-07-18 00:00:00+00:00, run_after=2024-07-19 00:00:00+00:00
[2024-07-19T00:02:20.795+0000] {processor.py:183} INFO - Processing /opt/airflow/dags/weather_dag.py took 0.061 seconds
[2024-07-19T00:02:50.878+0000] {processor.py:161} INFO - Started process (PID=1780) to work on /opt/airflow/dags/weather_dag.py
[2024-07-19T00:02:50.880+0000] {processor.py:830} INFO - Processing file /opt/airflow/dags/weather_dag.py for tasks to queue
[2024-07-19T00:02:50.881+0000] {logging_mixin.py:188} INFO - [2024-07-19T00:02:50.881+0000] {dagbag.py:540} INFO - Filling up the DagBag from /opt/airflow/dags/weather_dag.py
[2024-07-19T00:02:50.897+0000] {processor.py:840} INFO - DAG(s) 'openweathermap' retrieved from /opt/airflow/dags/weather_dag.py
[2024-07-19T00:02:50.906+0000] {logging_mixin.py:188} INFO - [2024-07-19T00:02:50.906+0000] {dag.py:3047} INFO - Sync 1 DAGs
[2024-07-19T00:02:50.923+0000] {logging_mixin.py:188} INFO - [2024-07-19T00:02:50.923+0000] {dag.py:3834} INFO - Setting next_dagrun for openweathermap to 2024-07-18 00:00:00+00:00, run_after=2024-07-19 00:00:00+00:00
[2024-07-19T00:02:50.937+0000] {processor.py:183} INFO - Processing /opt/airflow/dags/weather_dag.py took 0.061 seconds
[2024-07-19T00:03:21.172+0000] {processor.py:161} INFO - Started process (PID=1836) to work on /opt/airflow/dags/weather_dag.py
[2024-07-19T00:03:21.174+0000] {processor.py:830} INFO - Processing file /opt/airflow/dags/weather_dag.py for tasks to queue
[2024-07-19T00:03:21.175+0000] {logging_mixin.py:188} INFO - [2024-07-19T00:03:21.175+0000] {dagbag.py:540} INFO - Filling up the DagBag from /opt/airflow/dags/weather_dag.py
[2024-07-19T00:03:21.191+0000] {processor.py:840} INFO - DAG(s) 'openweathermap' retrieved from /opt/airflow/dags/weather_dag.py
[2024-07-19T00:03:21.200+0000] {logging_mixin.py:188} INFO - [2024-07-19T00:03:21.199+0000] {dag.py:3047} INFO - Sync 1 DAGs
[2024-07-19T00:03:21.218+0000] {logging_mixin.py:188} INFO - [2024-07-19T00:03:21.218+0000] {dag.py:3834} INFO - Setting next_dagrun for openweathermap to 2024-07-18 00:00:00+00:00, run_after=2024-07-19 00:00:00+00:00
[2024-07-19T00:03:21.233+0000] {processor.py:183} INFO - Processing /opt/airflow/dags/weather_dag.py took 0.063 seconds
[2024-07-19T00:03:51.440+0000] {processor.py:161} INFO - Started process (PID=1892) to work on /opt/airflow/dags/weather_dag.py
[2024-07-19T00:03:51.454+0000] {processor.py:830} INFO - Processing file /opt/airflow/dags/weather_dag.py for tasks to queue
[2024-07-19T00:03:51.456+0000] {logging_mixin.py:188} INFO - [2024-07-19T00:03:51.455+0000] {dagbag.py:540} INFO - Filling up the DagBag from /opt/airflow/dags/weather_dag.py
[2024-07-19T00:03:51.471+0000] {processor.py:840} INFO - DAG(s) 'openweathermap' retrieved from /opt/airflow/dags/weather_dag.py
[2024-07-19T00:03:51.480+0000] {logging_mixin.py:188} INFO - [2024-07-19T00:03:51.479+0000] {dag.py:3047} INFO - Sync 1 DAGs
[2024-07-19T00:03:51.495+0000] {logging_mixin.py:188} INFO - [2024-07-19T00:03:51.495+0000] {dag.py:3834} INFO - Setting next_dagrun for openweathermap to 2024-07-18 00:00:00+00:00, run_after=2024-07-19 00:00:00+00:00
[2024-07-19T00:03:51.509+0000] {processor.py:183} INFO - Processing /opt/airflow/dags/weather_dag.py took 0.072 seconds
[2024-07-19T00:04:21.723+0000] {processor.py:161} INFO - Started process (PID=1948) to work on /opt/airflow/dags/weather_dag.py
[2024-07-19T00:04:21.724+0000] {processor.py:830} INFO - Processing file /opt/airflow/dags/weather_dag.py for tasks to queue
[2024-07-19T00:04:21.725+0000] {logging_mixin.py:188} INFO - [2024-07-19T00:04:21.725+0000] {dagbag.py:540} INFO - Filling up the DagBag from /opt/airflow/dags/weather_dag.py
[2024-07-19T00:04:21.742+0000] {processor.py:840} INFO - DAG(s) 'openweathermap' retrieved from /opt/airflow/dags/weather_dag.py
[2024-07-19T00:04:21.751+0000] {logging_mixin.py:188} INFO - [2024-07-19T00:04:21.750+0000] {dag.py:3047} INFO - Sync 1 DAGs
[2024-07-19T00:04:21.767+0000] {logging_mixin.py:188} INFO - [2024-07-19T00:04:21.767+0000] {dag.py:3834} INFO - Setting next_dagrun for openweathermap to 2024-07-18 00:00:00+00:00, run_after=2024-07-19 00:00:00+00:00
[2024-07-19T00:04:21.780+0000] {processor.py:183} INFO - Processing /opt/airflow/dags/weather_dag.py took 0.060 seconds
[2024-07-19T00:04:52.634+0000] {processor.py:161} INFO - Started process (PID=2002) to work on /opt/airflow/dags/weather_dag.py
[2024-07-19T00:04:52.636+0000] {processor.py:830} INFO - Processing file /opt/airflow/dags/weather_dag.py for tasks to queue
[2024-07-19T00:04:52.637+0000] {logging_mixin.py:188} INFO - [2024-07-19T00:04:52.637+0000] {dagbag.py:540} INFO - Filling up the DagBag from /opt/airflow/dags/weather_dag.py
[2024-07-19T00:04:52.654+0000] {processor.py:840} INFO - DAG(s) 'openweathermap' retrieved from /opt/airflow/dags/weather_dag.py
[2024-07-19T00:04:52.663+0000] {logging_mixin.py:188} INFO - [2024-07-19T00:04:52.663+0000] {dag.py:3047} INFO - Sync 1 DAGs
[2024-07-19T00:04:52.679+0000] {logging_mixin.py:188} INFO - [2024-07-19T00:04:52.679+0000] {dag.py:3834} INFO - Setting next_dagrun for openweathermap to 2024-07-18 00:00:00+00:00, run_after=2024-07-19 00:00:00+00:00
[2024-07-19T00:04:52.693+0000] {processor.py:183} INFO - Processing /opt/airflow/dags/weather_dag.py took 0.061 seconds
[2024-07-19T00:05:22.899+0000] {processor.py:161} INFO - Started process (PID=2058) to work on /opt/airflow/dags/weather_dag.py
[2024-07-19T00:05:22.900+0000] {processor.py:830} INFO - Processing file /opt/airflow/dags/weather_dag.py for tasks to queue
[2024-07-19T00:05:22.901+0000] {logging_mixin.py:188} INFO - [2024-07-19T00:05:22.901+0000] {dagbag.py:540} INFO - Filling up the DagBag from /opt/airflow/dags/weather_dag.py
[2024-07-19T00:05:22.916+0000] {processor.py:840} INFO - DAG(s) 'openweathermap' retrieved from /opt/airflow/dags/weather_dag.py
[2024-07-19T00:05:22.924+0000] {logging_mixin.py:188} INFO - [2024-07-19T00:05:22.924+0000] {dag.py:3047} INFO - Sync 1 DAGs
[2024-07-19T00:05:22.940+0000] {logging_mixin.py:188} INFO - [2024-07-19T00:05:22.940+0000] {dag.py:3834} INFO - Setting next_dagrun for openweathermap to 2024-07-18 00:00:00+00:00, run_after=2024-07-19 00:00:00+00:00
[2024-07-19T00:05:22.954+0000] {processor.py:183} INFO - Processing /opt/airflow/dags/weather_dag.py took 0.057 seconds
[2024-07-19T00:05:53.134+0000] {processor.py:161} INFO - Started process (PID=2114) to work on /opt/airflow/dags/weather_dag.py
[2024-07-19T00:05:53.136+0000] {processor.py:830} INFO - Processing file /opt/airflow/dags/weather_dag.py for tasks to queue
[2024-07-19T00:05:53.138+0000] {logging_mixin.py:188} INFO - [2024-07-19T00:05:53.137+0000] {dagbag.py:540} INFO - Filling up the DagBag from /opt/airflow/dags/weather_dag.py
[2024-07-19T00:05:53.155+0000] {processor.py:840} INFO - DAG(s) 'openweathermap' retrieved from /opt/airflow/dags/weather_dag.py
[2024-07-19T00:05:53.164+0000] {logging_mixin.py:188} INFO - [2024-07-19T00:05:53.164+0000] {dag.py:3047} INFO - Sync 1 DAGs
[2024-07-19T00:05:53.181+0000] {logging_mixin.py:188} INFO - [2024-07-19T00:05:53.181+0000] {dag.py:3834} INFO - Setting next_dagrun for openweathermap to 2024-07-18 00:00:00+00:00, run_after=2024-07-19 00:00:00+00:00
[2024-07-19T00:05:53.196+0000] {processor.py:183} INFO - Processing /opt/airflow/dags/weather_dag.py took 0.064 seconds
[2024-07-19T00:06:23.516+0000] {processor.py:161} INFO - Started process (PID=2170) to work on /opt/airflow/dags/weather_dag.py
[2024-07-19T00:06:23.516+0000] {processor.py:830} INFO - Processing file /opt/airflow/dags/weather_dag.py for tasks to queue
[2024-07-19T00:06:23.518+0000] {logging_mixin.py:188} INFO - [2024-07-19T00:06:23.517+0000] {dagbag.py:540} INFO - Filling up the DagBag from /opt/airflow/dags/weather_dag.py
[2024-07-19T00:06:23.534+0000] {processor.py:840} INFO - DAG(s) 'openweathermap' retrieved from /opt/airflow/dags/weather_dag.py
[2024-07-19T00:06:23.543+0000] {logging_mixin.py:188} INFO - [2024-07-19T00:06:23.543+0000] {dag.py:3047} INFO - Sync 1 DAGs
[2024-07-19T00:06:23.560+0000] {logging_mixin.py:188} INFO - [2024-07-19T00:06:23.560+0000] {dag.py:3834} INFO - Setting next_dagrun for openweathermap to 2024-07-18 00:00:00+00:00, run_after=2024-07-19 00:00:00+00:00
[2024-07-19T00:06:23.574+0000] {processor.py:183} INFO - Processing /opt/airflow/dags/weather_dag.py took 0.060 seconds
[2024-07-19T00:06:53.967+0000] {processor.py:161} INFO - Started process (PID=2226) to work on /opt/airflow/dags/weather_dag.py
[2024-07-19T00:06:53.969+0000] {processor.py:830} INFO - Processing file /opt/airflow/dags/weather_dag.py for tasks to queue
[2024-07-19T00:06:53.971+0000] {logging_mixin.py:188} INFO - [2024-07-19T00:06:53.970+0000] {dagbag.py:540} INFO - Filling up the DagBag from /opt/airflow/dags/weather_dag.py
[2024-07-19T00:06:53.987+0000] {processor.py:840} INFO - DAG(s) 'openweathermap' retrieved from /opt/airflow/dags/weather_dag.py
[2024-07-19T00:06:53.996+0000] {logging_mixin.py:188} INFO - [2024-07-19T00:06:53.995+0000] {dag.py:3047} INFO - Sync 1 DAGs
[2024-07-19T00:06:54.012+0000] {logging_mixin.py:188} INFO - [2024-07-19T00:06:54.011+0000] {dag.py:3834} INFO - Setting next_dagrun for openweathermap to 2024-07-18 00:00:00+00:00, run_after=2024-07-19 00:00:00+00:00
[2024-07-19T00:06:54.026+0000] {processor.py:183} INFO - Processing /opt/airflow/dags/weather_dag.py took 0.061 seconds
[2024-07-19T00:07:24.248+0000] {processor.py:161} INFO - Started process (PID=2283) to work on /opt/airflow/dags/weather_dag.py
[2024-07-19T00:07:24.249+0000] {processor.py:830} INFO - Processing file /opt/airflow/dags/weather_dag.py for tasks to queue
[2024-07-19T00:07:24.250+0000] {logging_mixin.py:188} INFO - [2024-07-19T00:07:24.250+0000] {dagbag.py:540} INFO - Filling up the DagBag from /opt/airflow/dags/weather_dag.py
[2024-07-19T00:07:24.266+0000] {processor.py:840} INFO - DAG(s) 'openweathermap' retrieved from /opt/airflow/dags/weather_dag.py
[2024-07-19T00:07:24.274+0000] {logging_mixin.py:188} INFO - [2024-07-19T00:07:24.274+0000] {dag.py:3047} INFO - Sync 1 DAGs
[2024-07-19T00:07:24.290+0000] {logging_mixin.py:188} INFO - [2024-07-19T00:07:24.290+0000] {dag.py:3834} INFO - Setting next_dagrun for openweathermap to 2024-07-18 00:00:00+00:00, run_after=2024-07-19 00:00:00+00:00
[2024-07-19T00:07:24.303+0000] {processor.py:183} INFO - Processing /opt/airflow/dags/weather_dag.py took 0.057 seconds
[2024-07-19T00:07:54.510+0000] {processor.py:161} INFO - Started process (PID=2339) to work on /opt/airflow/dags/weather_dag.py
[2024-07-19T00:07:54.511+0000] {processor.py:830} INFO - Processing file /opt/airflow/dags/weather_dag.py for tasks to queue
[2024-07-19T00:07:54.512+0000] {logging_mixin.py:188} INFO - [2024-07-19T00:07:54.512+0000] {dagbag.py:540} INFO - Filling up the DagBag from /opt/airflow/dags/weather_dag.py
[2024-07-19T00:07:54.529+0000] {processor.py:840} INFO - DAG(s) 'openweathermap' retrieved from /opt/airflow/dags/weather_dag.py
[2024-07-19T00:07:54.539+0000] {logging_mixin.py:188} INFO - [2024-07-19T00:07:54.538+0000] {dag.py:3047} INFO - Sync 1 DAGs
[2024-07-19T00:07:54.555+0000] {logging_mixin.py:188} INFO - [2024-07-19T00:07:54.555+0000] {dag.py:3834} INFO - Setting next_dagrun for openweathermap to 2024-07-18 00:00:00+00:00, run_after=2024-07-19 00:00:00+00:00
[2024-07-19T00:07:54.571+0000] {processor.py:183} INFO - Processing /opt/airflow/dags/weather_dag.py took 0.063 seconds
[2024-07-19T00:08:24.970+0000] {processor.py:161} INFO - Started process (PID=2395) to work on /opt/airflow/dags/weather_dag.py
[2024-07-19T00:08:24.971+0000] {processor.py:830} INFO - Processing file /opt/airflow/dags/weather_dag.py for tasks to queue
[2024-07-19T00:08:24.972+0000] {logging_mixin.py:188} INFO - [2024-07-19T00:08:24.972+0000] {dagbag.py:540} INFO - Filling up the DagBag from /opt/airflow/dags/weather_dag.py
[2024-07-19T00:08:24.989+0000] {processor.py:840} INFO - DAG(s) 'openweathermap' retrieved from /opt/airflow/dags/weather_dag.py
[2024-07-19T00:08:24.998+0000] {logging_mixin.py:188} INFO - [2024-07-19T00:08:24.997+0000] {dag.py:3047} INFO - Sync 1 DAGs
[2024-07-19T00:08:25.015+0000] {logging_mixin.py:188} INFO - [2024-07-19T00:08:25.015+0000] {dag.py:3834} INFO - Setting next_dagrun for openweathermap to 2024-07-18 00:00:00+00:00, run_after=2024-07-19 00:00:00+00:00
[2024-07-19T00:08:25.030+0000] {processor.py:183} INFO - Processing /opt/airflow/dags/weather_dag.py took 0.062 seconds
[2024-07-19T00:08:55.671+0000] {processor.py:161} INFO - Started process (PID=2451) to work on /opt/airflow/dags/weather_dag.py
[2024-07-19T00:08:55.674+0000] {processor.py:830} INFO - Processing file /opt/airflow/dags/weather_dag.py for tasks to queue
[2024-07-19T00:08:55.675+0000] {logging_mixin.py:188} INFO - [2024-07-19T00:08:55.675+0000] {dagbag.py:540} INFO - Filling up the DagBag from /opt/airflow/dags/weather_dag.py
[2024-07-19T00:08:55.695+0000] {processor.py:840} INFO - DAG(s) 'openweathermap' retrieved from /opt/airflow/dags/weather_dag.py
[2024-07-19T00:08:55.706+0000] {logging_mixin.py:188} INFO - [2024-07-19T00:08:55.705+0000] {dag.py:3047} INFO - Sync 1 DAGs
[2024-07-19T00:08:55.725+0000] {logging_mixin.py:188} INFO - [2024-07-19T00:08:55.725+0000] {dag.py:3834} INFO - Setting next_dagrun for openweathermap to 2024-07-18 00:00:00+00:00, run_after=2024-07-19 00:00:00+00:00
[2024-07-19T00:08:55.743+0000] {processor.py:183} INFO - Processing /opt/airflow/dags/weather_dag.py took 0.075 seconds
[2024-07-19T00:09:25.984+0000] {processor.py:161} INFO - Started process (PID=2507) to work on /opt/airflow/dags/weather_dag.py
[2024-07-19T00:09:25.985+0000] {processor.py:830} INFO - Processing file /opt/airflow/dags/weather_dag.py for tasks to queue
[2024-07-19T00:09:25.987+0000] {logging_mixin.py:188} INFO - [2024-07-19T00:09:25.987+0000] {dagbag.py:540} INFO - Filling up the DagBag from /opt/airflow/dags/weather_dag.py
[2024-07-19T00:09:26.005+0000] {processor.py:840} INFO - DAG(s) 'openweathermap' retrieved from /opt/airflow/dags/weather_dag.py
[2024-07-19T00:09:26.018+0000] {logging_mixin.py:188} INFO - [2024-07-19T00:09:26.018+0000] {dag.py:3047} INFO - Sync 1 DAGs
[2024-07-19T00:09:26.041+0000] {logging_mixin.py:188} INFO - [2024-07-19T00:09:26.041+0000] {dag.py:3834} INFO - Setting next_dagrun for openweathermap to 2024-07-18 00:00:00+00:00, run_after=2024-07-19 00:00:00+00:00
[2024-07-19T00:09:26.060+0000] {processor.py:183} INFO - Processing /opt/airflow/dags/weather_dag.py took 0.079 seconds
[2024-07-19T00:09:56.258+0000] {processor.py:161} INFO - Started process (PID=2563) to work on /opt/airflow/dags/weather_dag.py
[2024-07-19T00:09:56.261+0000] {processor.py:830} INFO - Processing file /opt/airflow/dags/weather_dag.py for tasks to queue
[2024-07-19T00:09:56.262+0000] {logging_mixin.py:188} INFO - [2024-07-19T00:09:56.262+0000] {dagbag.py:540} INFO - Filling up the DagBag from /opt/airflow/dags/weather_dag.py
[2024-07-19T00:09:56.280+0000] {processor.py:840} INFO - DAG(s) 'openweathermap' retrieved from /opt/airflow/dags/weather_dag.py
[2024-07-19T00:09:56.292+0000] {logging_mixin.py:188} INFO - [2024-07-19T00:09:56.292+0000] {dag.py:3047} INFO - Sync 1 DAGs
[2024-07-19T00:09:56.312+0000] {logging_mixin.py:188} INFO - [2024-07-19T00:09:56.312+0000] {dag.py:3834} INFO - Setting next_dagrun for openweathermap to 2024-07-18 00:00:00+00:00, run_after=2024-07-19 00:00:00+00:00
[2024-07-19T00:09:56.329+0000] {processor.py:183} INFO - Processing /opt/airflow/dags/weather_dag.py took 0.074 seconds
[2024-07-19T00:10:26.805+0000] {processor.py:161} INFO - Started process (PID=2620) to work on /opt/airflow/dags/weather_dag.py
[2024-07-19T00:10:26.806+0000] {processor.py:830} INFO - Processing file /opt/airflow/dags/weather_dag.py for tasks to queue
[2024-07-19T00:10:26.807+0000] {logging_mixin.py:188} INFO - [2024-07-19T00:10:26.807+0000] {dagbag.py:540} INFO - Filling up the DagBag from /opt/airflow/dags/weather_dag.py
[2024-07-19T00:10:26.823+0000] {processor.py:840} INFO - DAG(s) 'openweathermap' retrieved from /opt/airflow/dags/weather_dag.py
[2024-07-19T00:10:26.833+0000] {logging_mixin.py:188} INFO - [2024-07-19T00:10:26.832+0000] {dag.py:3047} INFO - Sync 1 DAGs
[2024-07-19T00:10:26.955+0000] {logging_mixin.py:188} INFO - [2024-07-19T00:10:26.955+0000] {dag.py:3834} INFO - Setting next_dagrun for openweathermap to 2024-07-18 00:00:00+00:00, run_after=2024-07-19 00:00:00+00:00
[2024-07-19T00:10:26.970+0000] {processor.py:183} INFO - Processing /opt/airflow/dags/weather_dag.py took 0.167 seconds
[2024-07-19T00:10:57.062+0000] {processor.py:161} INFO - Started process (PID=2676) to work on /opt/airflow/dags/weather_dag.py
[2024-07-19T00:10:57.064+0000] {processor.py:830} INFO - Processing file /opt/airflow/dags/weather_dag.py for tasks to queue
[2024-07-19T00:10:57.065+0000] {logging_mixin.py:188} INFO - [2024-07-19T00:10:57.065+0000] {dagbag.py:540} INFO - Filling up the DagBag from /opt/airflow/dags/weather_dag.py
[2024-07-19T00:10:57.083+0000] {processor.py:840} INFO - DAG(s) 'openweathermap' retrieved from /opt/airflow/dags/weather_dag.py
[2024-07-19T00:10:57.092+0000] {logging_mixin.py:188} INFO - [2024-07-19T00:10:57.091+0000] {dag.py:3047} INFO - Sync 1 DAGs
[2024-07-19T00:10:57.204+0000] {logging_mixin.py:188} INFO - [2024-07-19T00:10:57.204+0000] {dag.py:3834} INFO - Setting next_dagrun for openweathermap to 2024-07-18 00:00:00+00:00, run_after=2024-07-19 00:00:00+00:00
[2024-07-19T00:10:57.219+0000] {processor.py:183} INFO - Processing /opt/airflow/dags/weather_dag.py took 0.160 seconds
[2024-07-19T00:11:27.856+0000] {processor.py:161} INFO - Started process (PID=2732) to work on /opt/airflow/dags/weather_dag.py
[2024-07-19T00:11:27.857+0000] {processor.py:830} INFO - Processing file /opt/airflow/dags/weather_dag.py for tasks to queue
[2024-07-19T00:11:27.858+0000] {logging_mixin.py:188} INFO - [2024-07-19T00:11:27.858+0000] {dagbag.py:540} INFO - Filling up the DagBag from /opt/airflow/dags/weather_dag.py
[2024-07-19T00:11:27.874+0000] {processor.py:840} INFO - DAG(s) 'openweathermap' retrieved from /opt/airflow/dags/weather_dag.py
[2024-07-19T00:11:27.884+0000] {logging_mixin.py:188} INFO - [2024-07-19T00:11:27.883+0000] {dag.py:3047} INFO - Sync 1 DAGs
[2024-07-19T00:11:28.008+0000] {logging_mixin.py:188} INFO - [2024-07-19T00:11:28.007+0000] {dag.py:3834} INFO - Setting next_dagrun for openweathermap to 2024-07-18 00:00:00+00:00, run_after=2024-07-19 00:00:00+00:00
[2024-07-19T00:11:28.023+0000] {processor.py:183} INFO - Processing /opt/airflow/dags/weather_dag.py took 0.169 seconds
[2024-07-19T00:11:58.513+0000] {processor.py:161} INFO - Started process (PID=2788) to work on /opt/airflow/dags/weather_dag.py
[2024-07-19T00:11:58.516+0000] {processor.py:830} INFO - Processing file /opt/airflow/dags/weather_dag.py for tasks to queue
[2024-07-19T00:11:58.517+0000] {logging_mixin.py:188} INFO - [2024-07-19T00:11:58.517+0000] {dagbag.py:540} INFO - Filling up the DagBag from /opt/airflow/dags/weather_dag.py
[2024-07-19T00:11:58.534+0000] {processor.py:840} INFO - DAG(s) 'openweathermap' retrieved from /opt/airflow/dags/weather_dag.py
[2024-07-19T00:11:58.544+0000] {logging_mixin.py:188} INFO - [2024-07-19T00:11:58.544+0000] {dag.py:3047} INFO - Sync 1 DAGs
[2024-07-19T00:11:58.564+0000] {logging_mixin.py:188} INFO - [2024-07-19T00:11:58.564+0000] {dag.py:3834} INFO - Setting next_dagrun for openweathermap to 2024-07-18 00:00:00+00:00, run_after=2024-07-19 00:00:00+00:00
[2024-07-19T00:11:58.583+0000] {processor.py:183} INFO - Processing /opt/airflow/dags/weather_dag.py took 0.073 seconds
[2024-07-19T00:12:28.694+0000] {processor.py:161} INFO - Started process (PID=2844) to work on /opt/airflow/dags/weather_dag.py
[2024-07-19T00:12:28.694+0000] {processor.py:830} INFO - Processing file /opt/airflow/dags/weather_dag.py for tasks to queue
[2024-07-19T00:12:28.695+0000] {logging_mixin.py:188} INFO - [2024-07-19T00:12:28.695+0000] {dagbag.py:540} INFO - Filling up the DagBag from /opt/airflow/dags/weather_dag.py
[2024-07-19T00:12:28.711+0000] {processor.py:840} INFO - DAG(s) 'openweathermap' retrieved from /opt/airflow/dags/weather_dag.py
[2024-07-19T00:12:28.721+0000] {logging_mixin.py:188} INFO - [2024-07-19T00:12:28.720+0000] {dag.py:3047} INFO - Sync 1 DAGs
[2024-07-19T00:12:28.738+0000] {logging_mixin.py:188} INFO - [2024-07-19T00:12:28.738+0000] {dag.py:3834} INFO - Setting next_dagrun for openweathermap to 2024-07-18 00:00:00+00:00, run_after=2024-07-19 00:00:00+00:00
[2024-07-19T00:12:28.753+0000] {processor.py:183} INFO - Processing /opt/airflow/dags/weather_dag.py took 0.062 seconds
[2024-07-19T00:12:58.844+0000] {processor.py:161} INFO - Started process (PID=2900) to work on /opt/airflow/dags/weather_dag.py
[2024-07-19T00:12:58.847+0000] {processor.py:830} INFO - Processing file /opt/airflow/dags/weather_dag.py for tasks to queue
[2024-07-19T00:12:58.849+0000] {logging_mixin.py:188} INFO - [2024-07-19T00:12:58.848+0000] {dagbag.py:540} INFO - Filling up the DagBag from /opt/airflow/dags/weather_dag.py
[2024-07-19T00:12:58.866+0000] {processor.py:840} INFO - DAG(s) 'openweathermap' retrieved from /opt/airflow/dags/weather_dag.py
[2024-07-19T00:12:58.875+0000] {logging_mixin.py:188} INFO - [2024-07-19T00:12:58.874+0000] {dag.py:3047} INFO - Sync 1 DAGs
[2024-07-19T00:12:58.892+0000] {logging_mixin.py:188} INFO - [2024-07-19T00:12:58.891+0000] {dag.py:3834} INFO - Setting next_dagrun for openweathermap to 2024-07-18 00:00:00+00:00, run_after=2024-07-19 00:00:00+00:00
[2024-07-19T00:12:58.907+0000] {processor.py:183} INFO - Processing /opt/airflow/dags/weather_dag.py took 0.065 seconds
[2024-07-19T00:13:29.012+0000] {processor.py:161} INFO - Started process (PID=2956) to work on /opt/airflow/dags/weather_dag.py
[2024-07-19T00:13:29.013+0000] {processor.py:830} INFO - Processing file /opt/airflow/dags/weather_dag.py for tasks to queue
[2024-07-19T00:13:29.014+0000] {logging_mixin.py:188} INFO - [2024-07-19T00:13:29.014+0000] {dagbag.py:540} INFO - Filling up the DagBag from /opt/airflow/dags/weather_dag.py
[2024-07-19T00:13:29.030+0000] {processor.py:840} INFO - DAG(s) 'openweathermap' retrieved from /opt/airflow/dags/weather_dag.py
[2024-07-19T00:13:29.041+0000] {logging_mixin.py:188} INFO - [2024-07-19T00:13:29.040+0000] {dag.py:3047} INFO - Sync 1 DAGs
[2024-07-19T00:13:29.060+0000] {logging_mixin.py:188} INFO - [2024-07-19T00:13:29.060+0000] {dag.py:3834} INFO - Setting next_dagrun for openweathermap to 2024-07-18 00:00:00+00:00, run_after=2024-07-19 00:00:00+00:00
[2024-07-19T00:13:29.077+0000] {processor.py:183} INFO - Processing /opt/airflow/dags/weather_dag.py took 0.066 seconds
[2024-07-19T00:13:59.215+0000] {processor.py:161} INFO - Started process (PID=3012) to work on /opt/airflow/dags/weather_dag.py
[2024-07-19T00:13:59.217+0000] {processor.py:830} INFO - Processing file /opt/airflow/dags/weather_dag.py for tasks to queue
[2024-07-19T00:13:59.219+0000] {logging_mixin.py:188} INFO - [2024-07-19T00:13:59.218+0000] {dagbag.py:540} INFO - Filling up the DagBag from /opt/airflow/dags/weather_dag.py
[2024-07-19T00:13:59.235+0000] {processor.py:840} INFO - DAG(s) 'openweathermap' retrieved from /opt/airflow/dags/weather_dag.py
[2024-07-19T00:13:59.244+0000] {logging_mixin.py:188} INFO - [2024-07-19T00:13:59.244+0000] {dag.py:3047} INFO - Sync 1 DAGs
[2024-07-19T00:13:59.261+0000] {logging_mixin.py:188} INFO - [2024-07-19T00:13:59.261+0000] {dag.py:3834} INFO - Setting next_dagrun for openweathermap to 2024-07-18 00:00:00+00:00, run_after=2024-07-19 00:00:00+00:00
[2024-07-19T00:13:59.276+0000] {processor.py:183} INFO - Processing /opt/airflow/dags/weather_dag.py took 0.063 seconds
[2024-07-19T00:14:29.434+0000] {processor.py:161} INFO - Started process (PID=3068) to work on /opt/airflow/dags/weather_dag.py
[2024-07-19T00:14:29.435+0000] {processor.py:830} INFO - Processing file /opt/airflow/dags/weather_dag.py for tasks to queue
[2024-07-19T00:14:29.436+0000] {logging_mixin.py:188} INFO - [2024-07-19T00:14:29.436+0000] {dagbag.py:540} INFO - Filling up the DagBag from /opt/airflow/dags/weather_dag.py
[2024-07-19T00:14:29.452+0000] {processor.py:840} INFO - DAG(s) 'openweathermap' retrieved from /opt/airflow/dags/weather_dag.py
[2024-07-19T00:14:29.462+0000] {logging_mixin.py:188} INFO - [2024-07-19T00:14:29.461+0000] {dag.py:3047} INFO - Sync 1 DAGs
[2024-07-19T00:14:29.479+0000] {logging_mixin.py:188} INFO - [2024-07-19T00:14:29.479+0000] {dag.py:3834} INFO - Setting next_dagrun for openweathermap to 2024-07-18 00:00:00+00:00, run_after=2024-07-19 00:00:00+00:00
[2024-07-19T00:14:29.495+0000] {processor.py:183} INFO - Processing /opt/airflow/dags/weather_dag.py took 0.062 seconds
[2024-07-19T00:14:59.584+0000] {processor.py:161} INFO - Started process (PID=3124) to work on /opt/airflow/dags/weather_dag.py
[2024-07-19T00:14:59.586+0000] {processor.py:830} INFO - Processing file /opt/airflow/dags/weather_dag.py for tasks to queue
[2024-07-19T00:14:59.588+0000] {logging_mixin.py:188} INFO - [2024-07-19T00:14:59.588+0000] {dagbag.py:540} INFO - Filling up the DagBag from /opt/airflow/dags/weather_dag.py
[2024-07-19T00:14:59.604+0000] {processor.py:840} INFO - DAG(s) 'openweathermap' retrieved from /opt/airflow/dags/weather_dag.py
[2024-07-19T00:14:59.613+0000] {logging_mixin.py:188} INFO - [2024-07-19T00:14:59.613+0000] {dag.py:3047} INFO - Sync 1 DAGs
[2024-07-19T00:14:59.631+0000] {logging_mixin.py:188} INFO - [2024-07-19T00:14:59.631+0000] {dag.py:3834} INFO - Setting next_dagrun for openweathermap to 2024-07-18 00:00:00+00:00, run_after=2024-07-19 00:00:00+00:00
[2024-07-19T00:14:59.646+0000] {processor.py:183} INFO - Processing /opt/airflow/dags/weather_dag.py took 0.064 seconds
[2024-07-19T00:15:29.772+0000] {processor.py:161} INFO - Started process (PID=3180) to work on /opt/airflow/dags/weather_dag.py
[2024-07-19T00:15:29.772+0000] {processor.py:830} INFO - Processing file /opt/airflow/dags/weather_dag.py for tasks to queue
[2024-07-19T00:15:29.773+0000] {logging_mixin.py:188} INFO - [2024-07-19T00:15:29.773+0000] {dagbag.py:540} INFO - Filling up the DagBag from /opt/airflow/dags/weather_dag.py
[2024-07-19T00:15:29.790+0000] {processor.py:840} INFO - DAG(s) 'openweathermap' retrieved from /opt/airflow/dags/weather_dag.py
[2024-07-19T00:15:29.799+0000] {logging_mixin.py:188} INFO - [2024-07-19T00:15:29.799+0000] {dag.py:3047} INFO - Sync 1 DAGs
[2024-07-19T00:15:29.816+0000] {logging_mixin.py:188} INFO - [2024-07-19T00:15:29.816+0000] {dag.py:3834} INFO - Setting next_dagrun for openweathermap to 2024-07-18 00:00:00+00:00, run_after=2024-07-19 00:00:00+00:00
[2024-07-19T00:15:29.831+0000] {processor.py:183} INFO - Processing /opt/airflow/dags/weather_dag.py took 0.062 seconds
[2024-07-19T00:15:59.934+0000] {processor.py:161} INFO - Started process (PID=3236) to work on /opt/airflow/dags/weather_dag.py
[2024-07-19T00:15:59.935+0000] {processor.py:830} INFO - Processing file /opt/airflow/dags/weather_dag.py for tasks to queue
[2024-07-19T00:15:59.937+0000] {logging_mixin.py:188} INFO - [2024-07-19T00:15:59.936+0000] {dagbag.py:540} INFO - Filling up the DagBag from /opt/airflow/dags/weather_dag.py
[2024-07-19T00:15:59.954+0000] {processor.py:840} INFO - DAG(s) 'openweathermap' retrieved from /opt/airflow/dags/weather_dag.py
[2024-07-19T00:15:59.963+0000] {logging_mixin.py:188} INFO - [2024-07-19T00:15:59.963+0000] {dag.py:3047} INFO - Sync 1 DAGs
[2024-07-19T00:15:59.981+0000] {logging_mixin.py:188} INFO - [2024-07-19T00:15:59.981+0000] {dag.py:3834} INFO - Setting next_dagrun for openweathermap to 2024-07-18 00:00:00+00:00, run_after=2024-07-19 00:00:00+00:00
[2024-07-19T00:15:59.997+0000] {processor.py:183} INFO - Processing /opt/airflow/dags/weather_dag.py took 0.065 seconds
[2024-07-19T00:16:30.137+0000] {processor.py:161} INFO - Started process (PID=3292) to work on /opt/airflow/dags/weather_dag.py
[2024-07-19T00:16:30.138+0000] {processor.py:830} INFO - Processing file /opt/airflow/dags/weather_dag.py for tasks to queue
[2024-07-19T00:16:30.140+0000] {logging_mixin.py:188} INFO - [2024-07-19T00:16:30.139+0000] {dagbag.py:540} INFO - Filling up the DagBag from /opt/airflow/dags/weather_dag.py
[2024-07-19T00:16:30.159+0000] {processor.py:840} INFO - DAG(s) 'openweathermap' retrieved from /opt/airflow/dags/weather_dag.py
[2024-07-19T00:16:30.170+0000] {logging_mixin.py:188} INFO - [2024-07-19T00:16:30.170+0000] {dag.py:3047} INFO - Sync 1 DAGs
[2024-07-19T00:16:30.191+0000] {logging_mixin.py:188} INFO - [2024-07-19T00:16:30.191+0000] {dag.py:3834} INFO - Setting next_dagrun for openweathermap to 2024-07-18 00:00:00+00:00, run_after=2024-07-19 00:00:00+00:00
[2024-07-19T00:16:30.209+0000] {processor.py:183} INFO - Processing /opt/airflow/dags/weather_dag.py took 0.075 seconds
[2024-07-19T00:16:55.371+0000] {processor.py:161} INFO - Started process (PID=3348) to work on /opt/airflow/dags/weather_dag.py
[2024-07-19T00:16:55.372+0000] {processor.py:830} INFO - Processing file /opt/airflow/dags/weather_dag.py for tasks to queue
[2024-07-19T00:16:55.373+0000] {logging_mixin.py:188} INFO - [2024-07-19T00:16:55.373+0000] {dagbag.py:540} INFO - Filling up the DagBag from /opt/airflow/dags/weather_dag.py
[2024-07-19T00:16:55.376+0000] {logging_mixin.py:188} INFO - [2024-07-19T00:16:55.376+0000] {dagbag.py:350} ERROR - Failed to import: /opt/airflow/dags/weather_dag.py
Traceback (most recent call last):
  File "/home/airflow/.local/lib/python3.8/site-packages/airflow/models/dagbag.py", line 346, in parse
    loader.exec_module(new_module)
  File "<frozen importlib._bootstrap_external>", line 843, in exec_module
  File "<frozen importlib._bootstrap>", line 219, in _call_with_frames_removed
  File "/opt/airflow/dags/weather_dag.py", line 7, in <module>
    from airflow.providers.mongo.hooks.mongo import MongoHook
ModuleNotFoundError: No module named 'airflow.providers.mongo'
[2024-07-19T00:16:55.377+0000] {processor.py:842} WARNING - No viable dags retrieved from /opt/airflow/dags/weather_dag.py
[2024-07-19T00:16:55.394+0000] {processor.py:183} INFO - Processing /opt/airflow/dags/weather_dag.py took 0.026 seconds
[2024-07-19T00:18:06.060+0000] {processor.py:161} INFO - Started process (PID=43) to work on /opt/airflow/dags/weather_dag.py
[2024-07-19T00:18:06.061+0000] {processor.py:830} INFO - Processing file /opt/airflow/dags/weather_dag.py for tasks to queue
[2024-07-19T00:18:06.064+0000] {logging_mixin.py:188} INFO - [2024-07-19T00:18:06.064+0000] {dagbag.py:540} INFO - Filling up the DagBag from /opt/airflow/dags/weather_dag.py
[2024-07-19T00:18:06.069+0000] {logging_mixin.py:188} INFO - [2024-07-19T00:18:06.068+0000] {dagbag.py:350} ERROR - Failed to import: /opt/airflow/dags/weather_dag.py
Traceback (most recent call last):
  File "/home/airflow/.local/lib/python3.8/site-packages/airflow/models/dagbag.py", line 346, in parse
    loader.exec_module(new_module)
  File "<frozen importlib._bootstrap_external>", line 843, in exec_module
  File "<frozen importlib._bootstrap>", line 219, in _call_with_frames_removed
  File "/opt/airflow/dags/weather_dag.py", line 7, in <module>
    from airflow.providers.mongo.hooks.mongo import MongoHook
ModuleNotFoundError: No module named 'airflow.providers.mongo'
[2024-07-19T00:18:06.070+0000] {processor.py:842} WARNING - No viable dags retrieved from /opt/airflow/dags/weather_dag.py
[2024-07-19T00:18:06.095+0000] {processor.py:183} INFO - Processing /opt/airflow/dags/weather_dag.py took 0.040 seconds
[2024-07-19T00:18:36.725+0000] {processor.py:161} INFO - Started process (PID=99) to work on /opt/airflow/dags/weather_dag.py
[2024-07-19T00:18:36.726+0000] {processor.py:830} INFO - Processing file /opt/airflow/dags/weather_dag.py for tasks to queue
[2024-07-19T00:18:36.727+0000] {logging_mixin.py:188} INFO - [2024-07-19T00:18:36.727+0000] {dagbag.py:540} INFO - Filling up the DagBag from /opt/airflow/dags/weather_dag.py
[2024-07-19T00:18:36.729+0000] {logging_mixin.py:188} INFO - [2024-07-19T00:18:36.729+0000] {dagbag.py:350} ERROR - Failed to import: /opt/airflow/dags/weather_dag.py
Traceback (most recent call last):
  File "/home/airflow/.local/lib/python3.8/site-packages/airflow/models/dagbag.py", line 346, in parse
    loader.exec_module(new_module)
  File "<frozen importlib._bootstrap_external>", line 843, in exec_module
  File "<frozen importlib._bootstrap>", line 219, in _call_with_frames_removed
  File "/opt/airflow/dags/weather_dag.py", line 7, in <module>
    from airflow.providers.mongo.hooks.mongo import MongoHook
ModuleNotFoundError: No module named 'airflow.providers.mongo'
[2024-07-19T00:18:36.730+0000] {processor.py:842} WARNING - No viable dags retrieved from /opt/airflow/dags/weather_dag.py
[2024-07-19T00:18:36.746+0000] {processor.py:183} INFO - Processing /opt/airflow/dags/weather_dag.py took 0.023 seconds
[2024-07-19T00:19:07.565+0000] {processor.py:161} INFO - Started process (PID=155) to work on /opt/airflow/dags/weather_dag.py
[2024-07-19T00:19:07.566+0000] {processor.py:830} INFO - Processing file /opt/airflow/dags/weather_dag.py for tasks to queue
[2024-07-19T00:19:07.566+0000] {logging_mixin.py:188} INFO - [2024-07-19T00:19:07.566+0000] {dagbag.py:540} INFO - Filling up the DagBag from /opt/airflow/dags/weather_dag.py
[2024-07-19T00:19:07.569+0000] {logging_mixin.py:188} INFO - [2024-07-19T00:19:07.568+0000] {dagbag.py:350} ERROR - Failed to import: /opt/airflow/dags/weather_dag.py
Traceback (most recent call last):
  File "/home/airflow/.local/lib/python3.8/site-packages/airflow/models/dagbag.py", line 346, in parse
    loader.exec_module(new_module)
  File "<frozen importlib._bootstrap_external>", line 843, in exec_module
  File "<frozen importlib._bootstrap>", line 219, in _call_with_frames_removed
  File "/opt/airflow/dags/weather_dag.py", line 7, in <module>
    from airflow.providers.mongo.hooks.mongo import MongoHook
ModuleNotFoundError: No module named 'airflow.providers.mongo'
[2024-07-19T00:19:07.569+0000] {processor.py:842} WARNING - No viable dags retrieved from /opt/airflow/dags/weather_dag.py
[2024-07-19T00:19:07.584+0000] {processor.py:183} INFO - Processing /opt/airflow/dags/weather_dag.py took 0.022 seconds
[2024-07-19T00:19:37.671+0000] {processor.py:161} INFO - Started process (PID=211) to work on /opt/airflow/dags/weather_dag.py
[2024-07-19T00:19:37.672+0000] {processor.py:830} INFO - Processing file /opt/airflow/dags/weather_dag.py for tasks to queue
[2024-07-19T00:19:37.672+0000] {logging_mixin.py:188} INFO - [2024-07-19T00:19:37.672+0000] {dagbag.py:540} INFO - Filling up the DagBag from /opt/airflow/dags/weather_dag.py
[2024-07-19T00:19:37.675+0000] {logging_mixin.py:188} INFO - [2024-07-19T00:19:37.674+0000] {dagbag.py:350} ERROR - Failed to import: /opt/airflow/dags/weather_dag.py
Traceback (most recent call last):
  File "/home/airflow/.local/lib/python3.8/site-packages/airflow/models/dagbag.py", line 346, in parse
    loader.exec_module(new_module)
  File "<frozen importlib._bootstrap_external>", line 843, in exec_module
  File "<frozen importlib._bootstrap>", line 219, in _call_with_frames_removed
  File "/opt/airflow/dags/weather_dag.py", line 7, in <module>
    from airflow.providers.mongo.hooks.mongo import MongoHook
ModuleNotFoundError: No module named 'airflow.providers.mongo'
[2024-07-19T00:19:37.675+0000] {processor.py:842} WARNING - No viable dags retrieved from /opt/airflow/dags/weather_dag.py
[2024-07-19T00:19:37.690+0000] {processor.py:183} INFO - Processing /opt/airflow/dags/weather_dag.py took 0.021 seconds
[2024-07-19T00:20:08.050+0000] {processor.py:161} INFO - Started process (PID=267) to work on /opt/airflow/dags/weather_dag.py
[2024-07-19T00:20:08.051+0000] {processor.py:830} INFO - Processing file /opt/airflow/dags/weather_dag.py for tasks to queue
[2024-07-19T00:20:08.051+0000] {logging_mixin.py:188} INFO - [2024-07-19T00:20:08.051+0000] {dagbag.py:540} INFO - Filling up the DagBag from /opt/airflow/dags/weather_dag.py
[2024-07-19T00:20:08.053+0000] {logging_mixin.py:188} INFO - [2024-07-19T00:20:08.053+0000] {dagbag.py:350} ERROR - Failed to import: /opt/airflow/dags/weather_dag.py
Traceback (most recent call last):
  File "/home/airflow/.local/lib/python3.8/site-packages/airflow/models/dagbag.py", line 346, in parse
    loader.exec_module(new_module)
  File "<frozen importlib._bootstrap_external>", line 843, in exec_module
  File "<frozen importlib._bootstrap>", line 219, in _call_with_frames_removed
  File "/opt/airflow/dags/weather_dag.py", line 7, in <module>
    from airflow.providers.mongo.hooks.mongo import MongoHook
ModuleNotFoundError: No module named 'airflow.providers.mongo'
[2024-07-19T00:20:08.054+0000] {processor.py:842} WARNING - No viable dags retrieved from /opt/airflow/dags/weather_dag.py
[2024-07-19T00:20:08.070+0000] {processor.py:183} INFO - Processing /opt/airflow/dags/weather_dag.py took 0.022 seconds
[2024-07-19T00:20:38.225+0000] {processor.py:161} INFO - Started process (PID=324) to work on /opt/airflow/dags/weather_dag.py
[2024-07-19T00:20:38.229+0000] {processor.py:830} INFO - Processing file /opt/airflow/dags/weather_dag.py for tasks to queue
[2024-07-19T00:20:38.230+0000] {logging_mixin.py:188} INFO - [2024-07-19T00:20:38.229+0000] {dagbag.py:540} INFO - Filling up the DagBag from /opt/airflow/dags/weather_dag.py
[2024-07-19T00:20:38.232+0000] {logging_mixin.py:188} INFO - [2024-07-19T00:20:38.231+0000] {dagbag.py:350} ERROR - Failed to import: /opt/airflow/dags/weather_dag.py
Traceback (most recent call last):
  File "/home/airflow/.local/lib/python3.8/site-packages/airflow/models/dagbag.py", line 346, in parse
    loader.exec_module(new_module)
  File "<frozen importlib._bootstrap_external>", line 843, in exec_module
  File "<frozen importlib._bootstrap>", line 219, in _call_with_frames_removed
  File "/opt/airflow/dags/weather_dag.py", line 7, in <module>
    from airflow.providers.mongo.hooks.mongo import MongoHook
ModuleNotFoundError: No module named 'airflow.providers.mongo'
[2024-07-19T00:20:38.232+0000] {processor.py:842} WARNING - No viable dags retrieved from /opt/airflow/dags/weather_dag.py
[2024-07-19T00:20:38.247+0000] {processor.py:183} INFO - Processing /opt/airflow/dags/weather_dag.py took 0.025 seconds
[2024-07-19T00:21:08.434+0000] {processor.py:161} INFO - Started process (PID=380) to work on /opt/airflow/dags/weather_dag.py
[2024-07-19T00:21:08.436+0000] {processor.py:830} INFO - Processing file /opt/airflow/dags/weather_dag.py for tasks to queue
[2024-07-19T00:21:08.437+0000] {logging_mixin.py:188} INFO - [2024-07-19T00:21:08.437+0000] {dagbag.py:540} INFO - Filling up the DagBag from /opt/airflow/dags/weather_dag.py
[2024-07-19T00:21:08.440+0000] {logging_mixin.py:188} INFO - [2024-07-19T00:21:08.439+0000] {dagbag.py:350} ERROR - Failed to import: /opt/airflow/dags/weather_dag.py
Traceback (most recent call last):
  File "/home/airflow/.local/lib/python3.8/site-packages/airflow/models/dagbag.py", line 346, in parse
    loader.exec_module(new_module)
  File "<frozen importlib._bootstrap_external>", line 843, in exec_module
  File "<frozen importlib._bootstrap>", line 219, in _call_with_frames_removed
  File "/opt/airflow/dags/weather_dag.py", line 7, in <module>
    from airflow.providers.mongo.hooks.mongo import MongoHook
ModuleNotFoundError: No module named 'airflow.providers.mongo'
[2024-07-19T00:21:08.440+0000] {processor.py:842} WARNING - No viable dags retrieved from /opt/airflow/dags/weather_dag.py
[2024-07-19T00:21:08.456+0000] {processor.py:183} INFO - Processing /opt/airflow/dags/weather_dag.py took 0.024 seconds
[2024-07-19T00:21:38.677+0000] {processor.py:161} INFO - Started process (PID=436) to work on /opt/airflow/dags/weather_dag.py
[2024-07-19T00:21:38.678+0000] {processor.py:830} INFO - Processing file /opt/airflow/dags/weather_dag.py for tasks to queue
[2024-07-19T00:21:38.679+0000] {logging_mixin.py:188} INFO - [2024-07-19T00:21:38.678+0000] {dagbag.py:540} INFO - Filling up the DagBag from /opt/airflow/dags/weather_dag.py
[2024-07-19T00:21:38.682+0000] {logging_mixin.py:188} INFO - [2024-07-19T00:21:38.681+0000] {dagbag.py:350} ERROR - Failed to import: /opt/airflow/dags/weather_dag.py
Traceback (most recent call last):
  File "/home/airflow/.local/lib/python3.8/site-packages/airflow/models/dagbag.py", line 346, in parse
    loader.exec_module(new_module)
  File "<frozen importlib._bootstrap_external>", line 843, in exec_module
  File "<frozen importlib._bootstrap>", line 219, in _call_with_frames_removed
  File "/opt/airflow/dags/weather_dag.py", line 7, in <module>
    from airflow.providers.mongo.hooks.mongo import MongoHook
ModuleNotFoundError: No module named 'airflow.providers.mongo'
[2024-07-19T00:21:38.682+0000] {processor.py:842} WARNING - No viable dags retrieved from /opt/airflow/dags/weather_dag.py
[2024-07-19T00:21:38.698+0000] {processor.py:183} INFO - Processing /opt/airflow/dags/weather_dag.py took 0.023 seconds
[2024-07-19T00:22:09.024+0000] {processor.py:161} INFO - Started process (PID=492) to work on /opt/airflow/dags/weather_dag.py
[2024-07-19T00:22:09.025+0000] {processor.py:830} INFO - Processing file /opt/airflow/dags/weather_dag.py for tasks to queue
[2024-07-19T00:22:09.026+0000] {logging_mixin.py:188} INFO - [2024-07-19T00:22:09.026+0000] {dagbag.py:540} INFO - Filling up the DagBag from /opt/airflow/dags/weather_dag.py
[2024-07-19T00:22:09.031+0000] {logging_mixin.py:188} INFO - [2024-07-19T00:22:09.029+0000] {dagbag.py:350} ERROR - Failed to import: /opt/airflow/dags/weather_dag.py
Traceback (most recent call last):
  File "/home/airflow/.local/lib/python3.8/site-packages/airflow/models/dagbag.py", line 346, in parse
    loader.exec_module(new_module)
  File "<frozen importlib._bootstrap_external>", line 843, in exec_module
  File "<frozen importlib._bootstrap>", line 219, in _call_with_frames_removed
  File "/opt/airflow/dags/weather_dag.py", line 7, in <module>
    from airflow.providers.mongo.hooks.mongo import MongoHook
ModuleNotFoundError: No module named 'airflow.providers.mongo'
[2024-07-19T00:22:09.031+0000] {processor.py:842} WARNING - No viable dags retrieved from /opt/airflow/dags/weather_dag.py
[2024-07-19T00:22:09.053+0000] {processor.py:183} INFO - Processing /opt/airflow/dags/weather_dag.py took 0.032 seconds
[2024-07-19T00:22:39.334+0000] {processor.py:161} INFO - Started process (PID=548) to work on /opt/airflow/dags/weather_dag.py
[2024-07-19T00:22:39.335+0000] {processor.py:830} INFO - Processing file /opt/airflow/dags/weather_dag.py for tasks to queue
[2024-07-19T00:22:39.335+0000] {logging_mixin.py:188} INFO - [2024-07-19T00:22:39.335+0000] {dagbag.py:540} INFO - Filling up the DagBag from /opt/airflow/dags/weather_dag.py
[2024-07-19T00:22:39.338+0000] {logging_mixin.py:188} INFO - [2024-07-19T00:22:39.337+0000] {dagbag.py:350} ERROR - Failed to import: /opt/airflow/dags/weather_dag.py
Traceback (most recent call last):
  File "/home/airflow/.local/lib/python3.8/site-packages/airflow/models/dagbag.py", line 346, in parse
    loader.exec_module(new_module)
  File "<frozen importlib._bootstrap_external>", line 843, in exec_module
  File "<frozen importlib._bootstrap>", line 219, in _call_with_frames_removed
  File "/opt/airflow/dags/weather_dag.py", line 7, in <module>
    from airflow.providers.mongo.hooks.mongo import MongoHook
ModuleNotFoundError: No module named 'airflow.providers.mongo'
[2024-07-19T00:22:39.338+0000] {processor.py:842} WARNING - No viable dags retrieved from /opt/airflow/dags/weather_dag.py
[2024-07-19T00:22:39.354+0000] {processor.py:183} INFO - Processing /opt/airflow/dags/weather_dag.py took 0.022 seconds
[2024-07-19T00:23:09.511+0000] {processor.py:161} INFO - Started process (PID=604) to work on /opt/airflow/dags/weather_dag.py
[2024-07-19T00:23:09.512+0000] {processor.py:830} INFO - Processing file /opt/airflow/dags/weather_dag.py for tasks to queue
[2024-07-19T00:23:09.513+0000] {logging_mixin.py:188} INFO - [2024-07-19T00:23:09.513+0000] {dagbag.py:540} INFO - Filling up the DagBag from /opt/airflow/dags/weather_dag.py
[2024-07-19T00:23:09.516+0000] {logging_mixin.py:188} INFO - [2024-07-19T00:23:09.515+0000] {dagbag.py:350} ERROR - Failed to import: /opt/airflow/dags/weather_dag.py
Traceback (most recent call last):
  File "/home/airflow/.local/lib/python3.8/site-packages/airflow/models/dagbag.py", line 346, in parse
    loader.exec_module(new_module)
  File "<frozen importlib._bootstrap_external>", line 843, in exec_module
  File "<frozen importlib._bootstrap>", line 219, in _call_with_frames_removed
  File "/opt/airflow/dags/weather_dag.py", line 7, in <module>
    from airflow.providers.mongo.hooks.mongo import MongoHook
ModuleNotFoundError: No module named 'airflow.providers.mongo'
[2024-07-19T00:23:09.516+0000] {processor.py:842} WARNING - No viable dags retrieved from /opt/airflow/dags/weather_dag.py
[2024-07-19T00:23:09.535+0000] {processor.py:183} INFO - Processing /opt/airflow/dags/weather_dag.py took 0.027 seconds
[2024-07-19T00:23:39.931+0000] {processor.py:161} INFO - Started process (PID=660) to work on /opt/airflow/dags/weather_dag.py
[2024-07-19T00:23:39.937+0000] {processor.py:830} INFO - Processing file /opt/airflow/dags/weather_dag.py for tasks to queue
[2024-07-19T00:23:39.938+0000] {logging_mixin.py:188} INFO - [2024-07-19T00:23:39.937+0000] {dagbag.py:540} INFO - Filling up the DagBag from /opt/airflow/dags/weather_dag.py
[2024-07-19T00:23:39.940+0000] {logging_mixin.py:188} INFO - [2024-07-19T00:23:39.939+0000] {dagbag.py:350} ERROR - Failed to import: /opt/airflow/dags/weather_dag.py
Traceback (most recent call last):
  File "/home/airflow/.local/lib/python3.8/site-packages/airflow/models/dagbag.py", line 346, in parse
    loader.exec_module(new_module)
  File "<frozen importlib._bootstrap_external>", line 843, in exec_module
  File "<frozen importlib._bootstrap>", line 219, in _call_with_frames_removed
  File "/opt/airflow/dags/weather_dag.py", line 7, in <module>
    from airflow.providers.mongo.hooks.mongo import MongoHook
ModuleNotFoundError: No module named 'airflow.providers.mongo'
[2024-07-19T00:23:39.940+0000] {processor.py:842} WARNING - No viable dags retrieved from /opt/airflow/dags/weather_dag.py
[2024-07-19T00:23:39.955+0000] {processor.py:183} INFO - Processing /opt/airflow/dags/weather_dag.py took 0.026 seconds
[2024-07-19T00:24:10.060+0000] {processor.py:161} INFO - Started process (PID=716) to work on /opt/airflow/dags/weather_dag.py
[2024-07-19T00:24:10.063+0000] {processor.py:830} INFO - Processing file /opt/airflow/dags/weather_dag.py for tasks to queue
[2024-07-19T00:24:10.064+0000] {logging_mixin.py:188} INFO - [2024-07-19T00:24:10.064+0000] {dagbag.py:540} INFO - Filling up the DagBag from /opt/airflow/dags/weather_dag.py
[2024-07-19T00:24:10.067+0000] {logging_mixin.py:188} INFO - [2024-07-19T00:24:10.066+0000] {dagbag.py:350} ERROR - Failed to import: /opt/airflow/dags/weather_dag.py
Traceback (most recent call last):
  File "/home/airflow/.local/lib/python3.8/site-packages/airflow/models/dagbag.py", line 346, in parse
    loader.exec_module(new_module)
  File "<frozen importlib._bootstrap_external>", line 843, in exec_module
  File "<frozen importlib._bootstrap>", line 219, in _call_with_frames_removed
  File "/opt/airflow/dags/weather_dag.py", line 7, in <module>
    from airflow.providers.mongo.hooks.mongo import MongoHook
ModuleNotFoundError: No module named 'airflow.providers.mongo'
[2024-07-19T00:24:10.067+0000] {processor.py:842} WARNING - No viable dags retrieved from /opt/airflow/dags/weather_dag.py
[2024-07-19T00:24:10.083+0000] {processor.py:183} INFO - Processing /opt/airflow/dags/weather_dag.py took 0.025 seconds
[2024-07-19T00:24:40.134+0000] {processor.py:161} INFO - Started process (PID=772) to work on /opt/airflow/dags/weather_dag.py
[2024-07-19T00:24:40.137+0000] {processor.py:830} INFO - Processing file /opt/airflow/dags/weather_dag.py for tasks to queue
[2024-07-19T00:24:40.137+0000] {logging_mixin.py:188} INFO - [2024-07-19T00:24:40.137+0000] {dagbag.py:540} INFO - Filling up the DagBag from /opt/airflow/dags/weather_dag.py
[2024-07-19T00:24:40.140+0000] {logging_mixin.py:188} INFO - [2024-07-19T00:24:40.139+0000] {dagbag.py:350} ERROR - Failed to import: /opt/airflow/dags/weather_dag.py
Traceback (most recent call last):
  File "/home/airflow/.local/lib/python3.8/site-packages/airflow/models/dagbag.py", line 346, in parse
    loader.exec_module(new_module)
  File "<frozen importlib._bootstrap_external>", line 843, in exec_module
  File "<frozen importlib._bootstrap>", line 219, in _call_with_frames_removed
  File "/opt/airflow/dags/weather_dag.py", line 7, in <module>
    from airflow.providers.mongo.hooks.mongo import MongoHook
ModuleNotFoundError: No module named 'airflow.providers.mongo'
[2024-07-19T00:24:40.140+0000] {processor.py:842} WARNING - No viable dags retrieved from /opt/airflow/dags/weather_dag.py
[2024-07-19T00:24:40.153+0000] {processor.py:183} INFO - Processing /opt/airflow/dags/weather_dag.py took 0.021 seconds
[2024-07-19T00:25:10.240+0000] {processor.py:161} INFO - Started process (PID=828) to work on /opt/airflow/dags/weather_dag.py
[2024-07-19T00:25:10.241+0000] {processor.py:830} INFO - Processing file /opt/airflow/dags/weather_dag.py for tasks to queue
[2024-07-19T00:25:10.242+0000] {logging_mixin.py:188} INFO - [2024-07-19T00:25:10.242+0000] {dagbag.py:540} INFO - Filling up the DagBag from /opt/airflow/dags/weather_dag.py
[2024-07-19T00:25:10.245+0000] {logging_mixin.py:188} INFO - [2024-07-19T00:25:10.244+0000] {dagbag.py:350} ERROR - Failed to import: /opt/airflow/dags/weather_dag.py
Traceback (most recent call last):
  File "/home/airflow/.local/lib/python3.8/site-packages/airflow/models/dagbag.py", line 346, in parse
    loader.exec_module(new_module)
  File "<frozen importlib._bootstrap_external>", line 843, in exec_module
  File "<frozen importlib._bootstrap>", line 219, in _call_with_frames_removed
  File "/opt/airflow/dags/weather_dag.py", line 7, in <module>
    from airflow.providers.mongo.hooks.mongo import MongoHook
ModuleNotFoundError: No module named 'airflow.providers.mongo'
[2024-07-19T00:25:10.245+0000] {processor.py:842} WARNING - No viable dags retrieved from /opt/airflow/dags/weather_dag.py
[2024-07-19T00:25:10.261+0000] {processor.py:183} INFO - Processing /opt/airflow/dags/weather_dag.py took 0.023 seconds
[2024-07-19T00:25:40.335+0000] {processor.py:161} INFO - Started process (PID=884) to work on /opt/airflow/dags/weather_dag.py
[2024-07-19T00:25:40.336+0000] {processor.py:830} INFO - Processing file /opt/airflow/dags/weather_dag.py for tasks to queue
[2024-07-19T00:25:40.336+0000] {logging_mixin.py:188} INFO - [2024-07-19T00:25:40.336+0000] {dagbag.py:540} INFO - Filling up the DagBag from /opt/airflow/dags/weather_dag.py
[2024-07-19T00:25:40.338+0000] {logging_mixin.py:188} INFO - [2024-07-19T00:25:40.338+0000] {dagbag.py:350} ERROR - Failed to import: /opt/airflow/dags/weather_dag.py
Traceback (most recent call last):
  File "/home/airflow/.local/lib/python3.8/site-packages/airflow/models/dagbag.py", line 346, in parse
    loader.exec_module(new_module)
  File "<frozen importlib._bootstrap_external>", line 843, in exec_module
  File "<frozen importlib._bootstrap>", line 219, in _call_with_frames_removed
  File "/opt/airflow/dags/weather_dag.py", line 7, in <module>
    from airflow.providers.mongo.hooks.mongo import MongoHook
ModuleNotFoundError: No module named 'airflow.providers.mongo'
[2024-07-19T00:25:40.339+0000] {processor.py:842} WARNING - No viable dags retrieved from /opt/airflow/dags/weather_dag.py
[2024-07-19T00:25:40.353+0000] {processor.py:183} INFO - Processing /opt/airflow/dags/weather_dag.py took 0.020 seconds
[2024-07-19T00:26:10.595+0000] {processor.py:161} INFO - Started process (PID=940) to work on /opt/airflow/dags/weather_dag.py
[2024-07-19T00:26:10.597+0000] {processor.py:830} INFO - Processing file /opt/airflow/dags/weather_dag.py for tasks to queue
[2024-07-19T00:26:10.598+0000] {logging_mixin.py:188} INFO - [2024-07-19T00:26:10.597+0000] {dagbag.py:540} INFO - Filling up the DagBag from /opt/airflow/dags/weather_dag.py
[2024-07-19T00:26:10.600+0000] {logging_mixin.py:188} INFO - [2024-07-19T00:26:10.599+0000] {dagbag.py:350} ERROR - Failed to import: /opt/airflow/dags/weather_dag.py
Traceback (most recent call last):
  File "/home/airflow/.local/lib/python3.8/site-packages/airflow/models/dagbag.py", line 346, in parse
    loader.exec_module(new_module)
  File "<frozen importlib._bootstrap_external>", line 843, in exec_module
  File "<frozen importlib._bootstrap>", line 219, in _call_with_frames_removed
  File "/opt/airflow/dags/weather_dag.py", line 7, in <module>
    from airflow.providers.mongo.hooks.mongo import MongoHook
ModuleNotFoundError: No module named 'airflow.providers.mongo'
[2024-07-19T00:26:10.600+0000] {processor.py:842} WARNING - No viable dags retrieved from /opt/airflow/dags/weather_dag.py
[2024-07-19T00:26:10.615+0000] {processor.py:183} INFO - Processing /opt/airflow/dags/weather_dag.py took 0.023 seconds
[2024-07-19T00:26:40.817+0000] {processor.py:161} INFO - Started process (PID=996) to work on /opt/airflow/dags/weather_dag.py
[2024-07-19T00:26:40.824+0000] {processor.py:830} INFO - Processing file /opt/airflow/dags/weather_dag.py for tasks to queue
[2024-07-19T00:26:40.825+0000] {logging_mixin.py:188} INFO - [2024-07-19T00:26:40.825+0000] {dagbag.py:540} INFO - Filling up the DagBag from /opt/airflow/dags/weather_dag.py
[2024-07-19T00:26:40.827+0000] {logging_mixin.py:188} INFO - [2024-07-19T00:26:40.827+0000] {dagbag.py:350} ERROR - Failed to import: /opt/airflow/dags/weather_dag.py
Traceback (most recent call last):
  File "/home/airflow/.local/lib/python3.8/site-packages/airflow/models/dagbag.py", line 346, in parse
    loader.exec_module(new_module)
  File "<frozen importlib._bootstrap_external>", line 843, in exec_module
  File "<frozen importlib._bootstrap>", line 219, in _call_with_frames_removed
  File "/opt/airflow/dags/weather_dag.py", line 7, in <module>
    from airflow.providers.mongo.hooks.mongo import MongoHook
ModuleNotFoundError: No module named 'airflow.providers.mongo'
[2024-07-19T00:26:40.828+0000] {processor.py:842} WARNING - No viable dags retrieved from /opt/airflow/dags/weather_dag.py
[2024-07-19T00:26:40.842+0000] {processor.py:183} INFO - Processing /opt/airflow/dags/weather_dag.py took 0.027 seconds
[2024-07-19T00:27:11.072+0000] {processor.py:161} INFO - Started process (PID=1052) to work on /opt/airflow/dags/weather_dag.py
[2024-07-19T00:27:11.073+0000] {processor.py:830} INFO - Processing file /opt/airflow/dags/weather_dag.py for tasks to queue
[2024-07-19T00:27:11.074+0000] {logging_mixin.py:188} INFO - [2024-07-19T00:27:11.074+0000] {dagbag.py:540} INFO - Filling up the DagBag from /opt/airflow/dags/weather_dag.py
[2024-07-19T00:27:11.077+0000] {logging_mixin.py:188} INFO - [2024-07-19T00:27:11.076+0000] {dagbag.py:350} ERROR - Failed to import: /opt/airflow/dags/weather_dag.py
Traceback (most recent call last):
  File "/home/airflow/.local/lib/python3.8/site-packages/airflow/models/dagbag.py", line 346, in parse
    loader.exec_module(new_module)
  File "<frozen importlib._bootstrap_external>", line 843, in exec_module
  File "<frozen importlib._bootstrap>", line 219, in _call_with_frames_removed
  File "/opt/airflow/dags/weather_dag.py", line 7, in <module>
    from airflow.providers.mongo.hooks.mongo import MongoHook
ModuleNotFoundError: No module named 'airflow.providers.mongo'
[2024-07-19T00:27:11.077+0000] {processor.py:842} WARNING - No viable dags retrieved from /opt/airflow/dags/weather_dag.py
[2024-07-19T00:27:11.093+0000] {processor.py:183} INFO - Processing /opt/airflow/dags/weather_dag.py took 0.023 seconds
[2024-07-19T00:27:41.108+0000] {processor.py:161} INFO - Started process (PID=1109) to work on /opt/airflow/dags/weather_dag.py
[2024-07-19T00:27:41.110+0000] {processor.py:830} INFO - Processing file /opt/airflow/dags/weather_dag.py for tasks to queue
[2024-07-19T00:27:41.111+0000] {logging_mixin.py:188} INFO - [2024-07-19T00:27:41.110+0000] {dagbag.py:540} INFO - Filling up the DagBag from /opt/airflow/dags/weather_dag.py
[2024-07-19T00:27:41.113+0000] {logging_mixin.py:188} INFO - [2024-07-19T00:27:41.112+0000] {dagbag.py:350} ERROR - Failed to import: /opt/airflow/dags/weather_dag.py
Traceback (most recent call last):
  File "/home/airflow/.local/lib/python3.8/site-packages/airflow/models/dagbag.py", line 346, in parse
    loader.exec_module(new_module)
  File "<frozen importlib._bootstrap_external>", line 843, in exec_module
  File "<frozen importlib._bootstrap>", line 219, in _call_with_frames_removed
  File "/opt/airflow/dags/weather_dag.py", line 7, in <module>
    from airflow.providers.mongo.hooks.mongo import MongoHook
ModuleNotFoundError: No module named 'airflow.providers.mongo'
[2024-07-19T00:27:41.113+0000] {processor.py:842} WARNING - No viable dags retrieved from /opt/airflow/dags/weather_dag.py
[2024-07-19T00:27:41.127+0000] {processor.py:183} INFO - Processing /opt/airflow/dags/weather_dag.py took 0.021 seconds
[2024-07-19T00:28:11.385+0000] {processor.py:161} INFO - Started process (PID=1166) to work on /opt/airflow/dags/weather_dag.py
[2024-07-19T00:28:11.386+0000] {processor.py:830} INFO - Processing file /opt/airflow/dags/weather_dag.py for tasks to queue
[2024-07-19T00:28:11.387+0000] {logging_mixin.py:188} INFO - [2024-07-19T00:28:11.387+0000] {dagbag.py:540} INFO - Filling up the DagBag from /opt/airflow/dags/weather_dag.py
[2024-07-19T00:28:11.389+0000] {logging_mixin.py:188} INFO - [2024-07-19T00:28:11.389+0000] {dagbag.py:350} ERROR - Failed to import: /opt/airflow/dags/weather_dag.py
Traceback (most recent call last):
  File "/home/airflow/.local/lib/python3.8/site-packages/airflow/models/dagbag.py", line 346, in parse
    loader.exec_module(new_module)
  File "<frozen importlib._bootstrap_external>", line 843, in exec_module
  File "<frozen importlib._bootstrap>", line 219, in _call_with_frames_removed
  File "/opt/airflow/dags/weather_dag.py", line 7, in <module>
    from airflow.providers.mongo.hooks.mongo import MongoHook
ModuleNotFoundError: No module named 'airflow.providers.mongo'
[2024-07-19T00:28:11.390+0000] {processor.py:842} WARNING - No viable dags retrieved from /opt/airflow/dags/weather_dag.py
[2024-07-19T00:28:11.403+0000] {processor.py:183} INFO - Processing /opt/airflow/dags/weather_dag.py took 0.020 seconds
[2024-07-19T00:28:41.530+0000] {processor.py:161} INFO - Started process (PID=1222) to work on /opt/airflow/dags/weather_dag.py
[2024-07-19T00:28:41.530+0000] {processor.py:830} INFO - Processing file /opt/airflow/dags/weather_dag.py for tasks to queue
[2024-07-19T00:28:41.531+0000] {logging_mixin.py:188} INFO - [2024-07-19T00:28:41.531+0000] {dagbag.py:540} INFO - Filling up the DagBag from /opt/airflow/dags/weather_dag.py
[2024-07-19T00:28:41.534+0000] {logging_mixin.py:188} INFO - [2024-07-19T00:28:41.533+0000] {dagbag.py:350} ERROR - Failed to import: /opt/airflow/dags/weather_dag.py
Traceback (most recent call last):
  File "/home/airflow/.local/lib/python3.8/site-packages/airflow/models/dagbag.py", line 346, in parse
    loader.exec_module(new_module)
  File "<frozen importlib._bootstrap_external>", line 843, in exec_module
  File "<frozen importlib._bootstrap>", line 219, in _call_with_frames_removed
  File "/opt/airflow/dags/weather_dag.py", line 7, in <module>
    from airflow.providers.mongo.hooks.mongo import MongoHook
ModuleNotFoundError: No module named 'airflow.providers.mongo'
[2024-07-19T00:28:41.534+0000] {processor.py:842} WARNING - No viable dags retrieved from /opt/airflow/dags/weather_dag.py
[2024-07-19T00:28:41.550+0000] {processor.py:183} INFO - Processing /opt/airflow/dags/weather_dag.py took 0.022 seconds
