[2024-07-29T22:19:47.603+0000] {processor.py:161} INFO - Started process (PID=90) to work on /home/airflow/.local/lib/python3.8/site-packages/airflow/example_dags/example_python_decorator.py
[2024-07-29T22:19:47.604+0000] {processor.py:830} INFO - Processing file /home/airflow/.local/lib/python3.8/site-packages/airflow/example_dags/example_python_decorator.py for tasks to queue
[2024-07-29T22:19:47.605+0000] {logging_mixin.py:188} INFO - [2024-07-29T22:19:47.605+0000] {dagbag.py:540} INFO - Filling up the DagBag from /home/airflow/.local/lib/python3.8/site-packages/airflow/example_dags/example_python_decorator.py
[2024-07-29T22:19:47.617+0000] {processor.py:840} INFO - DAG(s) 'example_python_decorator' retrieved from /home/airflow/.local/lib/python3.8/site-packages/airflow/example_dags/example_python_decorator.py
[2024-07-29T22:19:47.626+0000] {logging_mixin.py:188} INFO - [2024-07-29T22:19:47.626+0000] {dag.py:3047} INFO - Sync 1 DAGs
[2024-07-29T22:19:47.637+0000] {logging_mixin.py:188} INFO - [2024-07-29T22:19:47.636+0000] {dag.py:3834} INFO - Setting next_dagrun for example_python_decorator to None, run_after=None
[2024-07-29T22:19:47.657+0000] {processor.py:183} INFO - Processing /home/airflow/.local/lib/python3.8/site-packages/airflow/example_dags/example_python_decorator.py took 0.056 seconds
[2024-07-29T22:20:18.594+0000] {processor.py:161} INFO - Started process (PID=152) to work on /home/airflow/.local/lib/python3.8/site-packages/airflow/example_dags/example_python_decorator.py
[2024-07-29T22:20:18.594+0000] {processor.py:830} INFO - Processing file /home/airflow/.local/lib/python3.8/site-packages/airflow/example_dags/example_python_decorator.py for tasks to queue
[2024-07-29T22:20:18.596+0000] {logging_mixin.py:188} INFO - [2024-07-29T22:20:18.595+0000] {dagbag.py:540} INFO - Filling up the DagBag from /home/airflow/.local/lib/python3.8/site-packages/airflow/example_dags/example_python_decorator.py
[2024-07-29T22:20:18.605+0000] {processor.py:840} INFO - DAG(s) 'example_python_decorator' retrieved from /home/airflow/.local/lib/python3.8/site-packages/airflow/example_dags/example_python_decorator.py
[2024-07-29T22:20:18.679+0000] {logging_mixin.py:188} INFO - [2024-07-29T22:20:18.679+0000] {dag.py:3047} INFO - Sync 1 DAGs
[2024-07-29T22:20:18.688+0000] {logging_mixin.py:188} INFO - [2024-07-29T22:20:18.688+0000] {dag.py:3834} INFO - Setting next_dagrun for example_python_decorator to None, run_after=None
[2024-07-29T22:20:18.702+0000] {processor.py:183} INFO - Processing /home/airflow/.local/lib/python3.8/site-packages/airflow/example_dags/example_python_decorator.py took 0.110 seconds
[2024-07-29T22:20:49.030+0000] {processor.py:161} INFO - Started process (PID=208) to work on /home/airflow/.local/lib/python3.8/site-packages/airflow/example_dags/example_python_decorator.py
[2024-07-29T22:20:49.031+0000] {processor.py:830} INFO - Processing file /home/airflow/.local/lib/python3.8/site-packages/airflow/example_dags/example_python_decorator.py for tasks to queue
[2024-07-29T22:20:49.032+0000] {logging_mixin.py:188} INFO - [2024-07-29T22:20:49.032+0000] {dagbag.py:540} INFO - Filling up the DagBag from /home/airflow/.local/lib/python3.8/site-packages/airflow/example_dags/example_python_decorator.py
[2024-07-29T22:20:49.042+0000] {processor.py:840} INFO - DAG(s) 'example_python_decorator' retrieved from /home/airflow/.local/lib/python3.8/site-packages/airflow/example_dags/example_python_decorator.py
[2024-07-29T22:20:49.059+0000] {logging_mixin.py:188} INFO - [2024-07-29T22:20:49.059+0000] {dag.py:3047} INFO - Sync 1 DAGs
[2024-07-29T22:20:49.068+0000] {logging_mixin.py:188} INFO - [2024-07-29T22:20:49.068+0000] {dag.py:3834} INFO - Setting next_dagrun for example_python_decorator to None, run_after=None
[2024-07-29T22:20:49.086+0000] {processor.py:183} INFO - Processing /home/airflow/.local/lib/python3.8/site-packages/airflow/example_dags/example_python_decorator.py took 0.058 seconds
[2024-07-29T22:21:20.064+0000] {processor.py:161} INFO - Started process (PID=264) to work on /home/airflow/.local/lib/python3.8/site-packages/airflow/example_dags/example_python_decorator.py
[2024-07-29T22:21:20.065+0000] {processor.py:830} INFO - Processing file /home/airflow/.local/lib/python3.8/site-packages/airflow/example_dags/example_python_decorator.py for tasks to queue
[2024-07-29T22:21:20.066+0000] {logging_mixin.py:188} INFO - [2024-07-29T22:21:20.066+0000] {dagbag.py:540} INFO - Filling up the DagBag from /home/airflow/.local/lib/python3.8/site-packages/airflow/example_dags/example_python_decorator.py
[2024-07-29T22:21:20.075+0000] {processor.py:840} INFO - DAG(s) 'example_python_decorator' retrieved from /home/airflow/.local/lib/python3.8/site-packages/airflow/example_dags/example_python_decorator.py
[2024-07-29T22:21:20.092+0000] {logging_mixin.py:188} INFO - [2024-07-29T22:21:20.092+0000] {dag.py:3047} INFO - Sync 1 DAGs
[2024-07-29T22:21:20.101+0000] {logging_mixin.py:188} INFO - [2024-07-29T22:21:20.101+0000] {dag.py:3834} INFO - Setting next_dagrun for example_python_decorator to None, run_after=None
[2024-07-29T22:21:20.115+0000] {processor.py:183} INFO - Processing /home/airflow/.local/lib/python3.8/site-packages/airflow/example_dags/example_python_decorator.py took 0.053 seconds
[2024-07-29T22:21:50.375+0000] {processor.py:161} INFO - Started process (PID=320) to work on /home/airflow/.local/lib/python3.8/site-packages/airflow/example_dags/example_python_decorator.py
[2024-07-29T22:21:50.375+0000] {processor.py:830} INFO - Processing file /home/airflow/.local/lib/python3.8/site-packages/airflow/example_dags/example_python_decorator.py for tasks to queue
[2024-07-29T22:21:50.376+0000] {logging_mixin.py:188} INFO - [2024-07-29T22:21:50.376+0000] {dagbag.py:540} INFO - Filling up the DagBag from /home/airflow/.local/lib/python3.8/site-packages/airflow/example_dags/example_python_decorator.py
[2024-07-29T22:21:50.385+0000] {processor.py:840} INFO - DAG(s) 'example_python_decorator' retrieved from /home/airflow/.local/lib/python3.8/site-packages/airflow/example_dags/example_python_decorator.py
[2024-07-29T22:21:50.401+0000] {logging_mixin.py:188} INFO - [2024-07-29T22:21:50.401+0000] {dag.py:3047} INFO - Sync 1 DAGs
[2024-07-29T22:21:50.411+0000] {logging_mixin.py:188} INFO - [2024-07-29T22:21:50.411+0000] {dag.py:3834} INFO - Setting next_dagrun for example_python_decorator to None, run_after=None
[2024-07-29T22:21:50.427+0000] {processor.py:183} INFO - Processing /home/airflow/.local/lib/python3.8/site-packages/airflow/example_dags/example_python_decorator.py took 0.054 seconds
[2024-07-29T22:22:20.565+0000] {processor.py:161} INFO - Started process (PID=376) to work on /home/airflow/.local/lib/python3.8/site-packages/airflow/example_dags/example_python_decorator.py
[2024-07-29T22:22:20.566+0000] {processor.py:830} INFO - Processing file /home/airflow/.local/lib/python3.8/site-packages/airflow/example_dags/example_python_decorator.py for tasks to queue
[2024-07-29T22:22:20.567+0000] {logging_mixin.py:188} INFO - [2024-07-29T22:22:20.567+0000] {dagbag.py:540} INFO - Filling up the DagBag from /home/airflow/.local/lib/python3.8/site-packages/airflow/example_dags/example_python_decorator.py
[2024-07-29T22:22:20.576+0000] {processor.py:840} INFO - DAG(s) 'example_python_decorator' retrieved from /home/airflow/.local/lib/python3.8/site-packages/airflow/example_dags/example_python_decorator.py
[2024-07-29T22:22:20.592+0000] {logging_mixin.py:188} INFO - [2024-07-29T22:22:20.592+0000] {dag.py:3047} INFO - Sync 1 DAGs
[2024-07-29T22:22:20.601+0000] {logging_mixin.py:188} INFO - [2024-07-29T22:22:20.601+0000] {dag.py:3834} INFO - Setting next_dagrun for example_python_decorator to None, run_after=None
[2024-07-29T22:22:20.615+0000] {processor.py:183} INFO - Processing /home/airflow/.local/lib/python3.8/site-packages/airflow/example_dags/example_python_decorator.py took 0.052 seconds
[2024-07-29T22:22:50.751+0000] {processor.py:161} INFO - Started process (PID=432) to work on /home/airflow/.local/lib/python3.8/site-packages/airflow/example_dags/example_python_decorator.py
[2024-07-29T22:22:50.752+0000] {processor.py:830} INFO - Processing file /home/airflow/.local/lib/python3.8/site-packages/airflow/example_dags/example_python_decorator.py for tasks to queue
[2024-07-29T22:22:50.753+0000] {logging_mixin.py:188} INFO - [2024-07-29T22:22:50.753+0000] {dagbag.py:540} INFO - Filling up the DagBag from /home/airflow/.local/lib/python3.8/site-packages/airflow/example_dags/example_python_decorator.py
[2024-07-29T22:22:50.762+0000] {processor.py:840} INFO - DAG(s) 'example_python_decorator' retrieved from /home/airflow/.local/lib/python3.8/site-packages/airflow/example_dags/example_python_decorator.py
[2024-07-29T22:22:50.779+0000] {logging_mixin.py:188} INFO - [2024-07-29T22:22:50.778+0000] {dag.py:3047} INFO - Sync 1 DAGs
[2024-07-29T22:22:50.789+0000] {logging_mixin.py:188} INFO - [2024-07-29T22:22:50.788+0000] {dag.py:3834} INFO - Setting next_dagrun for example_python_decorator to None, run_after=None
[2024-07-29T22:22:50.804+0000] {processor.py:183} INFO - Processing /home/airflow/.local/lib/python3.8/site-packages/airflow/example_dags/example_python_decorator.py took 0.056 seconds
[2024-07-29T22:23:20.866+0000] {processor.py:161} INFO - Started process (PID=488) to work on /home/airflow/.local/lib/python3.8/site-packages/airflow/example_dags/example_python_decorator.py
[2024-07-29T22:23:20.867+0000] {processor.py:830} INFO - Processing file /home/airflow/.local/lib/python3.8/site-packages/airflow/example_dags/example_python_decorator.py for tasks to queue
[2024-07-29T22:23:20.868+0000] {logging_mixin.py:188} INFO - [2024-07-29T22:23:20.868+0000] {dagbag.py:540} INFO - Filling up the DagBag from /home/airflow/.local/lib/python3.8/site-packages/airflow/example_dags/example_python_decorator.py
[2024-07-29T22:23:20.878+0000] {processor.py:840} INFO - DAG(s) 'example_python_decorator' retrieved from /home/airflow/.local/lib/python3.8/site-packages/airflow/example_dags/example_python_decorator.py
[2024-07-29T22:23:20.895+0000] {logging_mixin.py:188} INFO - [2024-07-29T22:23:20.895+0000] {dag.py:3047} INFO - Sync 1 DAGs
[2024-07-29T22:23:20.905+0000] {logging_mixin.py:188} INFO - [2024-07-29T22:23:20.905+0000] {dag.py:3834} INFO - Setting next_dagrun for example_python_decorator to None, run_after=None
[2024-07-29T22:23:20.921+0000] {processor.py:183} INFO - Processing /home/airflow/.local/lib/python3.8/site-packages/airflow/example_dags/example_python_decorator.py took 0.058 seconds
[2024-07-29T22:23:51.295+0000] {processor.py:161} INFO - Started process (PID=544) to work on /home/airflow/.local/lib/python3.8/site-packages/airflow/example_dags/example_python_decorator.py
[2024-07-29T22:23:51.296+0000] {processor.py:830} INFO - Processing file /home/airflow/.local/lib/python3.8/site-packages/airflow/example_dags/example_python_decorator.py for tasks to queue
[2024-07-29T22:23:51.297+0000] {logging_mixin.py:188} INFO - [2024-07-29T22:23:51.297+0000] {dagbag.py:540} INFO - Filling up the DagBag from /home/airflow/.local/lib/python3.8/site-packages/airflow/example_dags/example_python_decorator.py
[2024-07-29T22:23:51.307+0000] {processor.py:840} INFO - DAG(s) 'example_python_decorator' retrieved from /home/airflow/.local/lib/python3.8/site-packages/airflow/example_dags/example_python_decorator.py
[2024-07-29T22:23:51.331+0000] {logging_mixin.py:188} INFO - [2024-07-29T22:23:51.331+0000] {dag.py:3047} INFO - Sync 1 DAGs
[2024-07-29T22:23:51.341+0000] {logging_mixin.py:188} INFO - [2024-07-29T22:23:51.341+0000] {dag.py:3834} INFO - Setting next_dagrun for example_python_decorator to None, run_after=None
[2024-07-29T22:23:51.358+0000] {processor.py:183} INFO - Processing /home/airflow/.local/lib/python3.8/site-packages/airflow/example_dags/example_python_decorator.py took 0.065 seconds
[2024-07-29T22:24:21.435+0000] {processor.py:161} INFO - Started process (PID=600) to work on /home/airflow/.local/lib/python3.8/site-packages/airflow/example_dags/example_python_decorator.py
[2024-07-29T22:24:21.436+0000] {processor.py:830} INFO - Processing file /home/airflow/.local/lib/python3.8/site-packages/airflow/example_dags/example_python_decorator.py for tasks to queue
[2024-07-29T22:24:21.438+0000] {logging_mixin.py:188} INFO - [2024-07-29T22:24:21.438+0000] {dagbag.py:540} INFO - Filling up the DagBag from /home/airflow/.local/lib/python3.8/site-packages/airflow/example_dags/example_python_decorator.py
[2024-07-29T22:24:21.448+0000] {processor.py:840} INFO - DAG(s) 'example_python_decorator' retrieved from /home/airflow/.local/lib/python3.8/site-packages/airflow/example_dags/example_python_decorator.py
[2024-07-29T22:24:21.466+0000] {logging_mixin.py:188} INFO - [2024-07-29T22:24:21.466+0000] {dag.py:3047} INFO - Sync 1 DAGs
[2024-07-29T22:24:21.486+0000] {logging_mixin.py:188} INFO - [2024-07-29T22:24:21.484+0000] {dag.py:3834} INFO - Setting next_dagrun for example_python_decorator to None, run_after=None
[2024-07-29T22:24:21.526+0000] {processor.py:183} INFO - Processing /home/airflow/.local/lib/python3.8/site-packages/airflow/example_dags/example_python_decorator.py took 0.094 seconds
[2024-07-29T22:24:51.590+0000] {processor.py:161} INFO - Started process (PID=656) to work on /home/airflow/.local/lib/python3.8/site-packages/airflow/example_dags/example_python_decorator.py
[2024-07-29T22:24:51.591+0000] {processor.py:830} INFO - Processing file /home/airflow/.local/lib/python3.8/site-packages/airflow/example_dags/example_python_decorator.py for tasks to queue
[2024-07-29T22:24:51.592+0000] {logging_mixin.py:188} INFO - [2024-07-29T22:24:51.592+0000] {dagbag.py:540} INFO - Filling up the DagBag from /home/airflow/.local/lib/python3.8/site-packages/airflow/example_dags/example_python_decorator.py
[2024-07-29T22:24:51.601+0000] {processor.py:840} INFO - DAG(s) 'example_python_decorator' retrieved from /home/airflow/.local/lib/python3.8/site-packages/airflow/example_dags/example_python_decorator.py
[2024-07-29T22:24:51.619+0000] {logging_mixin.py:188} INFO - [2024-07-29T22:24:51.619+0000] {dag.py:3047} INFO - Sync 1 DAGs
[2024-07-29T22:24:51.629+0000] {logging_mixin.py:188} INFO - [2024-07-29T22:24:51.629+0000] {dag.py:3834} INFO - Setting next_dagrun for example_python_decorator to None, run_after=None
[2024-07-29T22:24:51.645+0000] {processor.py:183} INFO - Processing /home/airflow/.local/lib/python3.8/site-packages/airflow/example_dags/example_python_decorator.py took 0.057 seconds
[2024-07-29T22:25:21.826+0000] {processor.py:161} INFO - Started process (PID=712) to work on /home/airflow/.local/lib/python3.8/site-packages/airflow/example_dags/example_python_decorator.py
[2024-07-29T22:25:21.827+0000] {processor.py:830} INFO - Processing file /home/airflow/.local/lib/python3.8/site-packages/airflow/example_dags/example_python_decorator.py for tasks to queue
[2024-07-29T22:25:21.828+0000] {logging_mixin.py:188} INFO - [2024-07-29T22:25:21.828+0000] {dagbag.py:540} INFO - Filling up the DagBag from /home/airflow/.local/lib/python3.8/site-packages/airflow/example_dags/example_python_decorator.py
[2024-07-29T22:25:21.837+0000] {processor.py:840} INFO - DAG(s) 'example_python_decorator' retrieved from /home/airflow/.local/lib/python3.8/site-packages/airflow/example_dags/example_python_decorator.py
[2024-07-29T22:25:21.854+0000] {logging_mixin.py:188} INFO - [2024-07-29T22:25:21.854+0000] {dag.py:3047} INFO - Sync 1 DAGs
[2024-07-29T22:25:21.864+0000] {logging_mixin.py:188} INFO - [2024-07-29T22:25:21.863+0000] {dag.py:3834} INFO - Setting next_dagrun for example_python_decorator to None, run_after=None
[2024-07-29T22:25:21.879+0000] {processor.py:183} INFO - Processing /home/airflow/.local/lib/python3.8/site-packages/airflow/example_dags/example_python_decorator.py took 0.055 seconds
[2024-07-29T22:25:52.306+0000] {processor.py:161} INFO - Started process (PID=768) to work on /home/airflow/.local/lib/python3.8/site-packages/airflow/example_dags/example_python_decorator.py
[2024-07-29T22:25:52.306+0000] {processor.py:830} INFO - Processing file /home/airflow/.local/lib/python3.8/site-packages/airflow/example_dags/example_python_decorator.py for tasks to queue
[2024-07-29T22:25:52.308+0000] {logging_mixin.py:188} INFO - [2024-07-29T22:25:52.308+0000] {dagbag.py:540} INFO - Filling up the DagBag from /home/airflow/.local/lib/python3.8/site-packages/airflow/example_dags/example_python_decorator.py
[2024-07-29T22:25:52.319+0000] {processor.py:840} INFO - DAG(s) 'example_python_decorator' retrieved from /home/airflow/.local/lib/python3.8/site-packages/airflow/example_dags/example_python_decorator.py
[2024-07-29T22:25:52.337+0000] {logging_mixin.py:188} INFO - [2024-07-29T22:25:52.337+0000] {dag.py:3047} INFO - Sync 1 DAGs
[2024-07-29T22:25:52.347+0000] {logging_mixin.py:188} INFO - [2024-07-29T22:25:52.346+0000] {dag.py:3834} INFO - Setting next_dagrun for example_python_decorator to None, run_after=None
[2024-07-29T22:25:52.362+0000] {processor.py:183} INFO - Processing /home/airflow/.local/lib/python3.8/site-packages/airflow/example_dags/example_python_decorator.py took 0.059 seconds
[2024-07-29T22:26:22.382+0000] {processor.py:161} INFO - Started process (PID=824) to work on /home/airflow/.local/lib/python3.8/site-packages/airflow/example_dags/example_python_decorator.py
[2024-07-29T22:26:22.383+0000] {processor.py:830} INFO - Processing file /home/airflow/.local/lib/python3.8/site-packages/airflow/example_dags/example_python_decorator.py for tasks to queue
[2024-07-29T22:26:22.384+0000] {logging_mixin.py:188} INFO - [2024-07-29T22:26:22.384+0000] {dagbag.py:540} INFO - Filling up the DagBag from /home/airflow/.local/lib/python3.8/site-packages/airflow/example_dags/example_python_decorator.py
[2024-07-29T22:26:22.393+0000] {processor.py:840} INFO - DAG(s) 'example_python_decorator' retrieved from /home/airflow/.local/lib/python3.8/site-packages/airflow/example_dags/example_python_decorator.py
[2024-07-29T22:26:22.409+0000] {logging_mixin.py:188} INFO - [2024-07-29T22:26:22.409+0000] {dag.py:3047} INFO - Sync 1 DAGs
[2024-07-29T22:26:22.417+0000] {logging_mixin.py:188} INFO - [2024-07-29T22:26:22.417+0000] {dag.py:3834} INFO - Setting next_dagrun for example_python_decorator to None, run_after=None
[2024-07-29T22:26:22.430+0000] {processor.py:183} INFO - Processing /home/airflow/.local/lib/python3.8/site-packages/airflow/example_dags/example_python_decorator.py took 0.050 seconds
[2024-07-29T22:26:52.497+0000] {processor.py:161} INFO - Started process (PID=880) to work on /home/airflow/.local/lib/python3.8/site-packages/airflow/example_dags/example_python_decorator.py
[2024-07-29T22:26:52.497+0000] {processor.py:830} INFO - Processing file /home/airflow/.local/lib/python3.8/site-packages/airflow/example_dags/example_python_decorator.py for tasks to queue
[2024-07-29T22:26:52.499+0000] {logging_mixin.py:188} INFO - [2024-07-29T22:26:52.498+0000] {dagbag.py:540} INFO - Filling up the DagBag from /home/airflow/.local/lib/python3.8/site-packages/airflow/example_dags/example_python_decorator.py
[2024-07-29T22:26:52.509+0000] {processor.py:840} INFO - DAG(s) 'example_python_decorator' retrieved from /home/airflow/.local/lib/python3.8/site-packages/airflow/example_dags/example_python_decorator.py
[2024-07-29T22:26:52.525+0000] {logging_mixin.py:188} INFO - [2024-07-29T22:26:52.525+0000] {dag.py:3047} INFO - Sync 1 DAGs
[2024-07-29T22:26:52.535+0000] {logging_mixin.py:188} INFO - [2024-07-29T22:26:52.535+0000] {dag.py:3834} INFO - Setting next_dagrun for example_python_decorator to None, run_after=None
[2024-07-29T22:26:52.551+0000] {processor.py:183} INFO - Processing /home/airflow/.local/lib/python3.8/site-packages/airflow/example_dags/example_python_decorator.py took 0.057 seconds
[2024-07-29T22:27:22.693+0000] {processor.py:161} INFO - Started process (PID=936) to work on /home/airflow/.local/lib/python3.8/site-packages/airflow/example_dags/example_python_decorator.py
[2024-07-29T22:27:22.694+0000] {processor.py:830} INFO - Processing file /home/airflow/.local/lib/python3.8/site-packages/airflow/example_dags/example_python_decorator.py for tasks to queue
[2024-07-29T22:27:22.695+0000] {logging_mixin.py:188} INFO - [2024-07-29T22:27:22.695+0000] {dagbag.py:540} INFO - Filling up the DagBag from /home/airflow/.local/lib/python3.8/site-packages/airflow/example_dags/example_python_decorator.py
[2024-07-29T22:27:22.704+0000] {processor.py:840} INFO - DAG(s) 'example_python_decorator' retrieved from /home/airflow/.local/lib/python3.8/site-packages/airflow/example_dags/example_python_decorator.py
[2024-07-29T22:27:22.720+0000] {logging_mixin.py:188} INFO - [2024-07-29T22:27:22.720+0000] {dag.py:3047} INFO - Sync 1 DAGs
[2024-07-29T22:27:22.729+0000] {logging_mixin.py:188} INFO - [2024-07-29T22:27:22.729+0000] {dag.py:3834} INFO - Setting next_dagrun for example_python_decorator to None, run_after=None
[2024-07-29T22:27:22.742+0000] {processor.py:183} INFO - Processing /home/airflow/.local/lib/python3.8/site-packages/airflow/example_dags/example_python_decorator.py took 0.050 seconds
[2024-07-29T22:27:53.052+0000] {processor.py:161} INFO - Started process (PID=992) to work on /home/airflow/.local/lib/python3.8/site-packages/airflow/example_dags/example_python_decorator.py
[2024-07-29T22:27:53.053+0000] {processor.py:830} INFO - Processing file /home/airflow/.local/lib/python3.8/site-packages/airflow/example_dags/example_python_decorator.py for tasks to queue
[2024-07-29T22:27:53.054+0000] {logging_mixin.py:188} INFO - [2024-07-29T22:27:53.054+0000] {dagbag.py:540} INFO - Filling up the DagBag from /home/airflow/.local/lib/python3.8/site-packages/airflow/example_dags/example_python_decorator.py
[2024-07-29T22:27:53.063+0000] {processor.py:840} INFO - DAG(s) 'example_python_decorator' retrieved from /home/airflow/.local/lib/python3.8/site-packages/airflow/example_dags/example_python_decorator.py
[2024-07-29T22:27:53.079+0000] {logging_mixin.py:188} INFO - [2024-07-29T22:27:53.079+0000] {dag.py:3047} INFO - Sync 1 DAGs
[2024-07-29T22:27:53.088+0000] {logging_mixin.py:188} INFO - [2024-07-29T22:27:53.088+0000] {dag.py:3834} INFO - Setting next_dagrun for example_python_decorator to None, run_after=None
[2024-07-29T22:27:53.101+0000] {processor.py:183} INFO - Processing /home/airflow/.local/lib/python3.8/site-packages/airflow/example_dags/example_python_decorator.py took 0.051 seconds
[2024-07-29T23:28:19.313+0000] {processor.py:161} INFO - Started process (PID=84) to work on /home/airflow/.local/lib/python3.8/site-packages/airflow/example_dags/example_python_decorator.py
[2024-07-29T23:28:19.315+0000] {processor.py:830} INFO - Processing file /home/airflow/.local/lib/python3.8/site-packages/airflow/example_dags/example_python_decorator.py for tasks to queue
[2024-07-29T23:28:19.317+0000] {logging_mixin.py:188} INFO - [2024-07-29T23:28:19.317+0000] {dagbag.py:540} INFO - Filling up the DagBag from /home/airflow/.local/lib/python3.8/site-packages/airflow/example_dags/example_python_decorator.py
[2024-07-29T23:28:19.334+0000] {processor.py:840} INFO - DAG(s) 'example_python_decorator' retrieved from /home/airflow/.local/lib/python3.8/site-packages/airflow/example_dags/example_python_decorator.py
[2024-07-29T23:28:19.343+0000] {logging_mixin.py:188} INFO - [2024-07-29T23:28:19.343+0000] {dag.py:3047} INFO - Sync 1 DAGs
[2024-07-29T23:28:19.356+0000] {logging_mixin.py:188} INFO - [2024-07-29T23:28:19.356+0000] {dag.py:3834} INFO - Setting next_dagrun for example_python_decorator to None, run_after=None
[2024-07-29T23:28:19.373+0000] {processor.py:183} INFO - Processing /home/airflow/.local/lib/python3.8/site-packages/airflow/example_dags/example_python_decorator.py took 0.063 seconds
[2024-07-29T23:28:50.445+0000] {processor.py:161} INFO - Started process (PID=140) to work on /home/airflow/.local/lib/python3.8/site-packages/airflow/example_dags/example_python_decorator.py
[2024-07-29T23:28:50.445+0000] {processor.py:830} INFO - Processing file /home/airflow/.local/lib/python3.8/site-packages/airflow/example_dags/example_python_decorator.py for tasks to queue
[2024-07-29T23:28:50.447+0000] {logging_mixin.py:188} INFO - [2024-07-29T23:28:50.446+0000] {dagbag.py:540} INFO - Filling up the DagBag from /home/airflow/.local/lib/python3.8/site-packages/airflow/example_dags/example_python_decorator.py
[2024-07-29T23:28:50.456+0000] {processor.py:840} INFO - DAG(s) 'example_python_decorator' retrieved from /home/airflow/.local/lib/python3.8/site-packages/airflow/example_dags/example_python_decorator.py
[2024-07-29T23:28:50.531+0000] {logging_mixin.py:188} INFO - [2024-07-29T23:28:50.530+0000] {dag.py:3047} INFO - Sync 1 DAGs
[2024-07-29T23:28:50.539+0000] {logging_mixin.py:188} INFO - [2024-07-29T23:28:50.539+0000] {dag.py:3834} INFO - Setting next_dagrun for example_python_decorator to None, run_after=None
[2024-07-29T23:28:50.555+0000] {processor.py:183} INFO - Processing /home/airflow/.local/lib/python3.8/site-packages/airflow/example_dags/example_python_decorator.py took 0.112 seconds
