[2024-07-29T22:19:45.944+0000] {processor.py:161} INFO - Started process (PID=47) to work on /home/airflow/.local/lib/python3.8/site-packages/airflow/example_dags/example_xcom.py
[2024-07-29T22:19:45.944+0000] {processor.py:830} INFO - Processing file /home/airflow/.local/lib/python3.8/site-packages/airflow/example_dags/example_xcom.py for tasks to queue
[2024-07-29T22:19:45.945+0000] {logging_mixin.py:188} INFO - [2024-07-29T22:19:45.945+0000] {dagbag.py:540} INFO - Filling up the DagBag from /home/airflow/.local/lib/python3.8/site-packages/airflow/example_dags/example_xcom.py
[2024-07-29T22:19:45.953+0000] {processor.py:840} INFO - DAG(s) 'example_xcom' retrieved from /home/airflow/.local/lib/python3.8/site-packages/airflow/example_dags/example_xcom.py
[2024-07-29T22:19:45.963+0000] {logging_mixin.py:188} INFO - [2024-07-29T22:19:45.962+0000] {dag.py:3047} INFO - Sync 1 DAGs
[2024-07-29T22:19:45.982+0000] {logging_mixin.py:188} INFO - [2024-07-29T22:19:45.982+0000] {dag.py:3834} INFO - Setting next_dagrun for example_xcom to 2021-01-01 00:00:00+00:00, run_after=2021-01-01 00:00:00+00:00
[2024-07-29T22:19:45.998+0000] {processor.py:183} INFO - Processing /home/airflow/.local/lib/python3.8/site-packages/airflow/example_dags/example_xcom.py took 0.057 seconds
[2024-07-29T22:20:16.094+0000] {processor.py:161} INFO - Started process (PID=115) to work on /home/airflow/.local/lib/python3.8/site-packages/airflow/example_dags/example_xcom.py
[2024-07-29T22:20:16.095+0000] {processor.py:830} INFO - Processing file /home/airflow/.local/lib/python3.8/site-packages/airflow/example_dags/example_xcom.py for tasks to queue
[2024-07-29T22:20:16.096+0000] {logging_mixin.py:188} INFO - [2024-07-29T22:20:16.095+0000] {dagbag.py:540} INFO - Filling up the DagBag from /home/airflow/.local/lib/python3.8/site-packages/airflow/example_dags/example_xcom.py
[2024-07-29T22:20:16.101+0000] {processor.py:840} INFO - DAG(s) 'example_xcom' retrieved from /home/airflow/.local/lib/python3.8/site-packages/airflow/example_dags/example_xcom.py
[2024-07-29T22:20:16.175+0000] {logging_mixin.py:188} INFO - [2024-07-29T22:20:16.174+0000] {dag.py:3047} INFO - Sync 1 DAGs
[2024-07-29T22:20:16.189+0000] {logging_mixin.py:188} INFO - [2024-07-29T22:20:16.189+0000] {dag.py:3834} INFO - Setting next_dagrun for example_xcom to 2021-01-01 00:00:00+00:00, run_after=2021-01-01 00:00:00+00:00
[2024-07-29T22:20:16.203+0000] {processor.py:183} INFO - Processing /home/airflow/.local/lib/python3.8/site-packages/airflow/example_dags/example_xcom.py took 0.112 seconds
[2024-07-29T22:20:46.414+0000] {processor.py:161} INFO - Started process (PID=171) to work on /home/airflow/.local/lib/python3.8/site-packages/airflow/example_dags/example_xcom.py
[2024-07-29T22:20:46.415+0000] {processor.py:830} INFO - Processing file /home/airflow/.local/lib/python3.8/site-packages/airflow/example_dags/example_xcom.py for tasks to queue
[2024-07-29T22:20:46.416+0000] {logging_mixin.py:188} INFO - [2024-07-29T22:20:46.416+0000] {dagbag.py:540} INFO - Filling up the DagBag from /home/airflow/.local/lib/python3.8/site-packages/airflow/example_dags/example_xcom.py
[2024-07-29T22:20:46.421+0000] {processor.py:840} INFO - DAG(s) 'example_xcom' retrieved from /home/airflow/.local/lib/python3.8/site-packages/airflow/example_dags/example_xcom.py
[2024-07-29T22:20:46.436+0000] {logging_mixin.py:188} INFO - [2024-07-29T22:20:46.435+0000] {dag.py:3047} INFO - Sync 1 DAGs
[2024-07-29T22:20:46.450+0000] {logging_mixin.py:188} INFO - [2024-07-29T22:20:46.450+0000] {dag.py:3834} INFO - Setting next_dagrun for example_xcom to 2021-01-01 00:00:00+00:00, run_after=2021-01-01 00:00:00+00:00
[2024-07-29T22:20:46.467+0000] {processor.py:183} INFO - Processing /home/airflow/.local/lib/python3.8/site-packages/airflow/example_dags/example_xcom.py took 0.055 seconds
[2024-07-29T22:21:16.537+0000] {processor.py:161} INFO - Started process (PID=227) to work on /home/airflow/.local/lib/python3.8/site-packages/airflow/example_dags/example_xcom.py
[2024-07-29T22:21:16.538+0000] {processor.py:830} INFO - Processing file /home/airflow/.local/lib/python3.8/site-packages/airflow/example_dags/example_xcom.py for tasks to queue
[2024-07-29T22:21:16.539+0000] {logging_mixin.py:188} INFO - [2024-07-29T22:21:16.538+0000] {dagbag.py:540} INFO - Filling up the DagBag from /home/airflow/.local/lib/python3.8/site-packages/airflow/example_dags/example_xcom.py
[2024-07-29T22:21:16.543+0000] {processor.py:840} INFO - DAG(s) 'example_xcom' retrieved from /home/airflow/.local/lib/python3.8/site-packages/airflow/example_dags/example_xcom.py
[2024-07-29T22:21:16.558+0000] {logging_mixin.py:188} INFO - [2024-07-29T22:21:16.558+0000] {dag.py:3047} INFO - Sync 1 DAGs
[2024-07-29T22:21:16.573+0000] {logging_mixin.py:188} INFO - [2024-07-29T22:21:16.573+0000] {dag.py:3834} INFO - Setting next_dagrun for example_xcom to 2021-01-01 00:00:00+00:00, run_after=2021-01-01 00:00:00+00:00
[2024-07-29T22:21:16.587+0000] {processor.py:183} INFO - Processing /home/airflow/.local/lib/python3.8/site-packages/airflow/example_dags/example_xcom.py took 0.051 seconds
[2024-07-29T22:21:46.784+0000] {processor.py:161} INFO - Started process (PID=283) to work on /home/airflow/.local/lib/python3.8/site-packages/airflow/example_dags/example_xcom.py
[2024-07-29T22:21:46.784+0000] {processor.py:830} INFO - Processing file /home/airflow/.local/lib/python3.8/site-packages/airflow/example_dags/example_xcom.py for tasks to queue
[2024-07-29T22:21:46.786+0000] {logging_mixin.py:188} INFO - [2024-07-29T22:21:46.785+0000] {dagbag.py:540} INFO - Filling up the DagBag from /home/airflow/.local/lib/python3.8/site-packages/airflow/example_dags/example_xcom.py
[2024-07-29T22:21:46.790+0000] {processor.py:840} INFO - DAG(s) 'example_xcom' retrieved from /home/airflow/.local/lib/python3.8/site-packages/airflow/example_dags/example_xcom.py
[2024-07-29T22:21:46.805+0000] {logging_mixin.py:188} INFO - [2024-07-29T22:21:46.805+0000] {dag.py:3047} INFO - Sync 1 DAGs
[2024-07-29T22:21:46.821+0000] {logging_mixin.py:188} INFO - [2024-07-29T22:21:46.820+0000] {dag.py:3834} INFO - Setting next_dagrun for example_xcom to 2021-01-01 00:00:00+00:00, run_after=2021-01-01 00:00:00+00:00
[2024-07-29T22:21:46.835+0000] {processor.py:183} INFO - Processing /home/airflow/.local/lib/python3.8/site-packages/airflow/example_dags/example_xcom.py took 0.053 seconds
[2024-07-29T22:22:17.152+0000] {processor.py:161} INFO - Started process (PID=339) to work on /home/airflow/.local/lib/python3.8/site-packages/airflow/example_dags/example_xcom.py
[2024-07-29T22:22:17.153+0000] {processor.py:830} INFO - Processing file /home/airflow/.local/lib/python3.8/site-packages/airflow/example_dags/example_xcom.py for tasks to queue
[2024-07-29T22:22:17.154+0000] {logging_mixin.py:188} INFO - [2024-07-29T22:22:17.154+0000] {dagbag.py:540} INFO - Filling up the DagBag from /home/airflow/.local/lib/python3.8/site-packages/airflow/example_dags/example_xcom.py
[2024-07-29T22:22:17.159+0000] {processor.py:840} INFO - DAG(s) 'example_xcom' retrieved from /home/airflow/.local/lib/python3.8/site-packages/airflow/example_dags/example_xcom.py
[2024-07-29T22:22:17.174+0000] {logging_mixin.py:188} INFO - [2024-07-29T22:22:17.174+0000] {dag.py:3047} INFO - Sync 1 DAGs
[2024-07-29T22:22:17.188+0000] {logging_mixin.py:188} INFO - [2024-07-29T22:22:17.188+0000] {dag.py:3834} INFO - Setting next_dagrun for example_xcom to 2021-01-01 00:00:00+00:00, run_after=2021-01-01 00:00:00+00:00
[2024-07-29T22:22:17.202+0000] {processor.py:183} INFO - Processing /home/airflow/.local/lib/python3.8/site-packages/airflow/example_dags/example_xcom.py took 0.052 seconds
[2024-07-29T22:22:47.325+0000] {processor.py:161} INFO - Started process (PID=395) to work on /home/airflow/.local/lib/python3.8/site-packages/airflow/example_dags/example_xcom.py
[2024-07-29T22:22:47.326+0000] {processor.py:830} INFO - Processing file /home/airflow/.local/lib/python3.8/site-packages/airflow/example_dags/example_xcom.py for tasks to queue
[2024-07-29T22:22:47.327+0000] {logging_mixin.py:188} INFO - [2024-07-29T22:22:47.327+0000] {dagbag.py:540} INFO - Filling up the DagBag from /home/airflow/.local/lib/python3.8/site-packages/airflow/example_dags/example_xcom.py
[2024-07-29T22:22:47.332+0000] {processor.py:840} INFO - DAG(s) 'example_xcom' retrieved from /home/airflow/.local/lib/python3.8/site-packages/airflow/example_dags/example_xcom.py
[2024-07-29T22:22:47.347+0000] {logging_mixin.py:188} INFO - [2024-07-29T22:22:47.347+0000] {dag.py:3047} INFO - Sync 1 DAGs
[2024-07-29T22:22:47.362+0000] {logging_mixin.py:188} INFO - [2024-07-29T22:22:47.361+0000] {dag.py:3834} INFO - Setting next_dagrun for example_xcom to 2021-01-01 00:00:00+00:00, run_after=2021-01-01 00:00:00+00:00
[2024-07-29T22:22:47.375+0000] {processor.py:183} INFO - Processing /home/airflow/.local/lib/python3.8/site-packages/airflow/example_dags/example_xcom.py took 0.052 seconds
[2024-07-29T22:23:17.515+0000] {processor.py:161} INFO - Started process (PID=451) to work on /home/airflow/.local/lib/python3.8/site-packages/airflow/example_dags/example_xcom.py
[2024-07-29T22:23:17.516+0000] {processor.py:830} INFO - Processing file /home/airflow/.local/lib/python3.8/site-packages/airflow/example_dags/example_xcom.py for tasks to queue
[2024-07-29T22:23:17.517+0000] {logging_mixin.py:188} INFO - [2024-07-29T22:23:17.517+0000] {dagbag.py:540} INFO - Filling up the DagBag from /home/airflow/.local/lib/python3.8/site-packages/airflow/example_dags/example_xcom.py
[2024-07-29T22:23:17.522+0000] {processor.py:840} INFO - DAG(s) 'example_xcom' retrieved from /home/airflow/.local/lib/python3.8/site-packages/airflow/example_dags/example_xcom.py
[2024-07-29T22:23:17.538+0000] {logging_mixin.py:188} INFO - [2024-07-29T22:23:17.537+0000] {dag.py:3047} INFO - Sync 1 DAGs
[2024-07-29T22:23:17.552+0000] {logging_mixin.py:188} INFO - [2024-07-29T22:23:17.552+0000] {dag.py:3834} INFO - Setting next_dagrun for example_xcom to 2021-01-01 00:00:00+00:00, run_after=2021-01-01 00:00:00+00:00
[2024-07-29T22:23:17.567+0000] {processor.py:183} INFO - Processing /home/airflow/.local/lib/python3.8/site-packages/airflow/example_dags/example_xcom.py took 0.054 seconds
[2024-07-29T22:23:47.696+0000] {processor.py:161} INFO - Started process (PID=507) to work on /home/airflow/.local/lib/python3.8/site-packages/airflow/example_dags/example_xcom.py
[2024-07-29T22:23:47.697+0000] {processor.py:830} INFO - Processing file /home/airflow/.local/lib/python3.8/site-packages/airflow/example_dags/example_xcom.py for tasks to queue
[2024-07-29T22:23:47.698+0000] {logging_mixin.py:188} INFO - [2024-07-29T22:23:47.698+0000] {dagbag.py:540} INFO - Filling up the DagBag from /home/airflow/.local/lib/python3.8/site-packages/airflow/example_dags/example_xcom.py
[2024-07-29T22:23:47.704+0000] {processor.py:840} INFO - DAG(s) 'example_xcom' retrieved from /home/airflow/.local/lib/python3.8/site-packages/airflow/example_dags/example_xcom.py
[2024-07-29T22:23:47.720+0000] {logging_mixin.py:188} INFO - [2024-07-29T22:23:47.720+0000] {dag.py:3047} INFO - Sync 1 DAGs
[2024-07-29T22:23:47.737+0000] {logging_mixin.py:188} INFO - [2024-07-29T22:23:47.737+0000] {dag.py:3834} INFO - Setting next_dagrun for example_xcom to 2021-01-01 00:00:00+00:00, run_after=2021-01-01 00:00:00+00:00
[2024-07-29T22:23:47.753+0000] {processor.py:183} INFO - Processing /home/airflow/.local/lib/python3.8/site-packages/airflow/example_dags/example_xcom.py took 0.059 seconds
[2024-07-29T22:24:17.803+0000] {processor.py:161} INFO - Started process (PID=563) to work on /home/airflow/.local/lib/python3.8/site-packages/airflow/example_dags/example_xcom.py
[2024-07-29T22:24:17.804+0000] {processor.py:830} INFO - Processing file /home/airflow/.local/lib/python3.8/site-packages/airflow/example_dags/example_xcom.py for tasks to queue
[2024-07-29T22:24:17.805+0000] {logging_mixin.py:188} INFO - [2024-07-29T22:24:17.805+0000] {dagbag.py:540} INFO - Filling up the DagBag from /home/airflow/.local/lib/python3.8/site-packages/airflow/example_dags/example_xcom.py
[2024-07-29T22:24:17.810+0000] {processor.py:840} INFO - DAG(s) 'example_xcom' retrieved from /home/airflow/.local/lib/python3.8/site-packages/airflow/example_dags/example_xcom.py
[2024-07-29T22:24:17.824+0000] {logging_mixin.py:188} INFO - [2024-07-29T22:24:17.824+0000] {dag.py:3047} INFO - Sync 1 DAGs
[2024-07-29T22:24:17.839+0000] {logging_mixin.py:188} INFO - [2024-07-29T22:24:17.839+0000] {dag.py:3834} INFO - Setting next_dagrun for example_xcom to 2021-01-01 00:00:00+00:00, run_after=2021-01-01 00:00:00+00:00
[2024-07-29T22:24:17.853+0000] {processor.py:183} INFO - Processing /home/airflow/.local/lib/python3.8/site-packages/airflow/example_dags/example_xcom.py took 0.052 seconds
[2024-07-29T22:24:48.024+0000] {processor.py:161} INFO - Started process (PID=619) to work on /home/airflow/.local/lib/python3.8/site-packages/airflow/example_dags/example_xcom.py
[2024-07-29T22:24:48.025+0000] {processor.py:830} INFO - Processing file /home/airflow/.local/lib/python3.8/site-packages/airflow/example_dags/example_xcom.py for tasks to queue
[2024-07-29T22:24:48.026+0000] {logging_mixin.py:188} INFO - [2024-07-29T22:24:48.026+0000] {dagbag.py:540} INFO - Filling up the DagBag from /home/airflow/.local/lib/python3.8/site-packages/airflow/example_dags/example_xcom.py
[2024-07-29T22:24:48.032+0000] {processor.py:840} INFO - DAG(s) 'example_xcom' retrieved from /home/airflow/.local/lib/python3.8/site-packages/airflow/example_dags/example_xcom.py
[2024-07-29T22:24:48.046+0000] {logging_mixin.py:188} INFO - [2024-07-29T22:24:48.046+0000] {dag.py:3047} INFO - Sync 1 DAGs
[2024-07-29T22:24:48.061+0000] {logging_mixin.py:188} INFO - [2024-07-29T22:24:48.061+0000] {dag.py:3834} INFO - Setting next_dagrun for example_xcom to 2021-01-01 00:00:00+00:00, run_after=2021-01-01 00:00:00+00:00
[2024-07-29T22:24:48.075+0000] {processor.py:183} INFO - Processing /home/airflow/.local/lib/python3.8/site-packages/airflow/example_dags/example_xcom.py took 0.053 seconds
[2024-07-29T22:25:18.371+0000] {processor.py:161} INFO - Started process (PID=675) to work on /home/airflow/.local/lib/python3.8/site-packages/airflow/example_dags/example_xcom.py
[2024-07-29T22:25:18.372+0000] {processor.py:830} INFO - Processing file /home/airflow/.local/lib/python3.8/site-packages/airflow/example_dags/example_xcom.py for tasks to queue
[2024-07-29T22:25:18.373+0000] {logging_mixin.py:188} INFO - [2024-07-29T22:25:18.373+0000] {dagbag.py:540} INFO - Filling up the DagBag from /home/airflow/.local/lib/python3.8/site-packages/airflow/example_dags/example_xcom.py
[2024-07-29T22:25:18.380+0000] {processor.py:840} INFO - DAG(s) 'example_xcom' retrieved from /home/airflow/.local/lib/python3.8/site-packages/airflow/example_dags/example_xcom.py
[2024-07-29T22:25:18.397+0000] {logging_mixin.py:188} INFO - [2024-07-29T22:25:18.397+0000] {dag.py:3047} INFO - Sync 1 DAGs
[2024-07-29T22:25:18.412+0000] {logging_mixin.py:188} INFO - [2024-07-29T22:25:18.411+0000] {dag.py:3834} INFO - Setting next_dagrun for example_xcom to 2021-01-01 00:00:00+00:00, run_after=2021-01-01 00:00:00+00:00
[2024-07-29T22:25:18.428+0000] {processor.py:183} INFO - Processing /home/airflow/.local/lib/python3.8/site-packages/airflow/example_dags/example_xcom.py took 0.060 seconds
[2024-07-29T22:25:48.626+0000] {processor.py:161} INFO - Started process (PID=731) to work on /home/airflow/.local/lib/python3.8/site-packages/airflow/example_dags/example_xcom.py
[2024-07-29T22:25:48.626+0000] {processor.py:830} INFO - Processing file /home/airflow/.local/lib/python3.8/site-packages/airflow/example_dags/example_xcom.py for tasks to queue
[2024-07-29T22:25:48.627+0000] {logging_mixin.py:188} INFO - [2024-07-29T22:25:48.627+0000] {dagbag.py:540} INFO - Filling up the DagBag from /home/airflow/.local/lib/python3.8/site-packages/airflow/example_dags/example_xcom.py
[2024-07-29T22:25:48.633+0000] {processor.py:840} INFO - DAG(s) 'example_xcom' retrieved from /home/airflow/.local/lib/python3.8/site-packages/airflow/example_dags/example_xcom.py
[2024-07-29T22:25:48.649+0000] {logging_mixin.py:188} INFO - [2024-07-29T22:25:48.648+0000] {dag.py:3047} INFO - Sync 1 DAGs
[2024-07-29T22:25:48.663+0000] {logging_mixin.py:188} INFO - [2024-07-29T22:25:48.663+0000] {dag.py:3834} INFO - Setting next_dagrun for example_xcom to 2021-01-01 00:00:00+00:00, run_after=2021-01-01 00:00:00+00:00
[2024-07-29T22:25:48.678+0000] {processor.py:183} INFO - Processing /home/airflow/.local/lib/python3.8/site-packages/airflow/example_dags/example_xcom.py took 0.055 seconds
[2024-07-29T22:26:18.797+0000] {processor.py:161} INFO - Started process (PID=787) to work on /home/airflow/.local/lib/python3.8/site-packages/airflow/example_dags/example_xcom.py
[2024-07-29T22:26:18.798+0000] {processor.py:830} INFO - Processing file /home/airflow/.local/lib/python3.8/site-packages/airflow/example_dags/example_xcom.py for tasks to queue
[2024-07-29T22:26:18.799+0000] {logging_mixin.py:188} INFO - [2024-07-29T22:26:18.798+0000] {dagbag.py:540} INFO - Filling up the DagBag from /home/airflow/.local/lib/python3.8/site-packages/airflow/example_dags/example_xcom.py
[2024-07-29T22:26:18.804+0000] {processor.py:840} INFO - DAG(s) 'example_xcom' retrieved from /home/airflow/.local/lib/python3.8/site-packages/airflow/example_dags/example_xcom.py
[2024-07-29T22:26:18.818+0000] {logging_mixin.py:188} INFO - [2024-07-29T22:26:18.818+0000] {dag.py:3047} INFO - Sync 1 DAGs
[2024-07-29T22:26:18.833+0000] {logging_mixin.py:188} INFO - [2024-07-29T22:26:18.833+0000] {dag.py:3834} INFO - Setting next_dagrun for example_xcom to 2021-01-01 00:00:00+00:00, run_after=2021-01-01 00:00:00+00:00
[2024-07-29T22:26:18.847+0000] {processor.py:183} INFO - Processing /home/airflow/.local/lib/python3.8/site-packages/airflow/example_dags/example_xcom.py took 0.052 seconds
[2024-07-29T22:26:49.112+0000] {processor.py:161} INFO - Started process (PID=843) to work on /home/airflow/.local/lib/python3.8/site-packages/airflow/example_dags/example_xcom.py
[2024-07-29T22:26:49.112+0000] {processor.py:830} INFO - Processing file /home/airflow/.local/lib/python3.8/site-packages/airflow/example_dags/example_xcom.py for tasks to queue
[2024-07-29T22:26:49.113+0000] {logging_mixin.py:188} INFO - [2024-07-29T22:26:49.113+0000] {dagbag.py:540} INFO - Filling up the DagBag from /home/airflow/.local/lib/python3.8/site-packages/airflow/example_dags/example_xcom.py
[2024-07-29T22:26:49.118+0000] {processor.py:840} INFO - DAG(s) 'example_xcom' retrieved from /home/airflow/.local/lib/python3.8/site-packages/airflow/example_dags/example_xcom.py
[2024-07-29T22:26:49.133+0000] {logging_mixin.py:188} INFO - [2024-07-29T22:26:49.133+0000] {dag.py:3047} INFO - Sync 1 DAGs
[2024-07-29T22:26:49.147+0000] {logging_mixin.py:188} INFO - [2024-07-29T22:26:49.147+0000] {dag.py:3834} INFO - Setting next_dagrun for example_xcom to 2021-01-01 00:00:00+00:00, run_after=2021-01-01 00:00:00+00:00
[2024-07-29T22:26:49.161+0000] {processor.py:183} INFO - Processing /home/airflow/.local/lib/python3.8/site-packages/airflow/example_dags/example_xcom.py took 0.052 seconds
[2024-07-29T22:27:19.254+0000] {processor.py:161} INFO - Started process (PID=899) to work on /home/airflow/.local/lib/python3.8/site-packages/airflow/example_dags/example_xcom.py
[2024-07-29T22:27:19.254+0000] {processor.py:830} INFO - Processing file /home/airflow/.local/lib/python3.8/site-packages/airflow/example_dags/example_xcom.py for tasks to queue
[2024-07-29T22:27:19.255+0000] {logging_mixin.py:188} INFO - [2024-07-29T22:27:19.255+0000] {dagbag.py:540} INFO - Filling up the DagBag from /home/airflow/.local/lib/python3.8/site-packages/airflow/example_dags/example_xcom.py
[2024-07-29T22:27:19.260+0000] {processor.py:840} INFO - DAG(s) 'example_xcom' retrieved from /home/airflow/.local/lib/python3.8/site-packages/airflow/example_dags/example_xcom.py
[2024-07-29T22:27:19.275+0000] {logging_mixin.py:188} INFO - [2024-07-29T22:27:19.275+0000] {dag.py:3047} INFO - Sync 1 DAGs
[2024-07-29T22:27:19.290+0000] {logging_mixin.py:188} INFO - [2024-07-29T22:27:19.290+0000] {dag.py:3834} INFO - Setting next_dagrun for example_xcom to 2021-01-01 00:00:00+00:00, run_after=2021-01-01 00:00:00+00:00
[2024-07-29T22:27:19.304+0000] {processor.py:183} INFO - Processing /home/airflow/.local/lib/python3.8/site-packages/airflow/example_dags/example_xcom.py took 0.053 seconds
[2024-07-29T22:27:49.463+0000] {processor.py:161} INFO - Started process (PID=955) to work on /home/airflow/.local/lib/python3.8/site-packages/airflow/example_dags/example_xcom.py
[2024-07-29T22:27:49.464+0000] {processor.py:830} INFO - Processing file /home/airflow/.local/lib/python3.8/site-packages/airflow/example_dags/example_xcom.py for tasks to queue
[2024-07-29T22:27:49.465+0000] {logging_mixin.py:188} INFO - [2024-07-29T22:27:49.465+0000] {dagbag.py:540} INFO - Filling up the DagBag from /home/airflow/.local/lib/python3.8/site-packages/airflow/example_dags/example_xcom.py
[2024-07-29T22:27:49.470+0000] {processor.py:840} INFO - DAG(s) 'example_xcom' retrieved from /home/airflow/.local/lib/python3.8/site-packages/airflow/example_dags/example_xcom.py
[2024-07-29T22:27:49.485+0000] {logging_mixin.py:188} INFO - [2024-07-29T22:27:49.484+0000] {dag.py:3047} INFO - Sync 1 DAGs
[2024-07-29T22:27:49.499+0000] {logging_mixin.py:188} INFO - [2024-07-29T22:27:49.499+0000] {dag.py:3834} INFO - Setting next_dagrun for example_xcom to 2021-01-01 00:00:00+00:00, run_after=2021-01-01 00:00:00+00:00
[2024-07-29T22:27:49.514+0000] {processor.py:183} INFO - Processing /home/airflow/.local/lib/python3.8/site-packages/airflow/example_dags/example_xcom.py took 0.052 seconds
[2024-07-29T23:28:17.696+0000] {processor.py:161} INFO - Started process (PID=47) to work on /home/airflow/.local/lib/python3.8/site-packages/airflow/example_dags/example_xcom.py
[2024-07-29T23:28:17.697+0000] {processor.py:830} INFO - Processing file /home/airflow/.local/lib/python3.8/site-packages/airflow/example_dags/example_xcom.py for tasks to queue
[2024-07-29T23:28:17.699+0000] {logging_mixin.py:188} INFO - [2024-07-29T23:28:17.699+0000] {dagbag.py:540} INFO - Filling up the DagBag from /home/airflow/.local/lib/python3.8/site-packages/airflow/example_dags/example_xcom.py
[2024-07-29T23:28:17.707+0000] {processor.py:840} INFO - DAG(s) 'example_xcom' retrieved from /home/airflow/.local/lib/python3.8/site-packages/airflow/example_dags/example_xcom.py
[2024-07-29T23:28:17.717+0000] {logging_mixin.py:188} INFO - [2024-07-29T23:28:17.717+0000] {dag.py:3047} INFO - Sync 1 DAGs
[2024-07-29T23:28:17.735+0000] {logging_mixin.py:188} INFO - [2024-07-29T23:28:17.735+0000] {dag.py:3834} INFO - Setting next_dagrun for example_xcom to 2021-01-01 00:00:00+00:00, run_after=2021-01-01 00:00:00+00:00
[2024-07-29T23:28:17.767+0000] {processor.py:183} INFO - Processing /home/airflow/.local/lib/python3.8/site-packages/airflow/example_dags/example_xcom.py took 0.073 seconds
[2024-07-29T23:28:47.929+0000] {processor.py:161} INFO - Started process (PID=103) to work on /home/airflow/.local/lib/python3.8/site-packages/airflow/example_dags/example_xcom.py
[2024-07-29T23:28:47.930+0000] {processor.py:830} INFO - Processing file /home/airflow/.local/lib/python3.8/site-packages/airflow/example_dags/example_xcom.py for tasks to queue
[2024-07-29T23:28:47.931+0000] {logging_mixin.py:188} INFO - [2024-07-29T23:28:47.931+0000] {dagbag.py:540} INFO - Filling up the DagBag from /home/airflow/.local/lib/python3.8/site-packages/airflow/example_dags/example_xcom.py
[2024-07-29T23:28:47.936+0000] {processor.py:840} INFO - DAG(s) 'example_xcom' retrieved from /home/airflow/.local/lib/python3.8/site-packages/airflow/example_dags/example_xcom.py
[2024-07-29T23:28:48.012+0000] {logging_mixin.py:188} INFO - [2024-07-29T23:28:48.011+0000] {dag.py:3047} INFO - Sync 1 DAGs
[2024-07-29T23:28:48.026+0000] {logging_mixin.py:188} INFO - [2024-07-29T23:28:48.025+0000] {dag.py:3834} INFO - Setting next_dagrun for example_xcom to 2021-01-01 00:00:00+00:00, run_after=2021-01-01 00:00:00+00:00
[2024-07-29T23:28:48.039+0000] {processor.py:183} INFO - Processing /home/airflow/.local/lib/python3.8/site-packages/airflow/example_dags/example_xcom.py took 0.112 seconds
