[2024-07-29T22:19:47.679+0000] {processor.py:161} INFO - Started process (PID=92) to work on /home/airflow/.local/lib/python3.8/site-packages/airflow/example_dags/example_external_task_marker_dag.py
[2024-07-29T22:19:47.680+0000] {processor.py:830} INFO - Processing file /home/airflow/.local/lib/python3.8/site-packages/airflow/example_dags/example_external_task_marker_dag.py for tasks to queue
[2024-07-29T22:19:47.682+0000] {logging_mixin.py:188} INFO - [2024-07-29T22:19:47.682+0000] {dagbag.py:540} INFO - Filling up the DagBag from /home/airflow/.local/lib/python3.8/site-packages/airflow/example_dags/example_external_task_marker_dag.py
[2024-07-29T22:19:47.687+0000] {processor.py:840} INFO - DAG(s) 'example_external_task_marker_child', 'example_external_task_marker_parent' retrieved from /home/airflow/.local/lib/python3.8/site-packages/airflow/example_dags/example_external_task_marker_dag.py
[2024-07-29T22:19:47.698+0000] {logging_mixin.py:188} INFO - [2024-07-29T22:19:47.698+0000] {dag.py:3047} INFO - Sync 2 DAGs
[2024-07-29T22:19:47.710+0000] {logging_mixin.py:188} INFO - [2024-07-29T22:19:47.710+0000] {dag.py:3834} INFO - Setting next_dagrun for example_external_task_marker_child to None, run_after=None
[2024-07-29T22:19:47.714+0000] {logging_mixin.py:188} INFO - [2024-07-29T22:19:47.713+0000] {dag.py:3834} INFO - Setting next_dagrun for example_external_task_marker_parent to None, run_after=None
[2024-07-29T22:19:47.729+0000] {processor.py:183} INFO - Processing /home/airflow/.local/lib/python3.8/site-packages/airflow/example_dags/example_external_task_marker_dag.py took 0.056 seconds
[2024-07-29T22:20:18.718+0000] {processor.py:161} INFO - Started process (PID=154) to work on /home/airflow/.local/lib/python3.8/site-packages/airflow/example_dags/example_external_task_marker_dag.py
[2024-07-29T22:20:18.719+0000] {processor.py:830} INFO - Processing file /home/airflow/.local/lib/python3.8/site-packages/airflow/example_dags/example_external_task_marker_dag.py for tasks to queue
[2024-07-29T22:20:18.720+0000] {logging_mixin.py:188} INFO - [2024-07-29T22:20:18.720+0000] {dagbag.py:540} INFO - Filling up the DagBag from /home/airflow/.local/lib/python3.8/site-packages/airflow/example_dags/example_external_task_marker_dag.py
[2024-07-29T22:20:18.725+0000] {processor.py:840} INFO - DAG(s) 'example_external_task_marker_child', 'example_external_task_marker_parent' retrieved from /home/airflow/.local/lib/python3.8/site-packages/airflow/example_dags/example_external_task_marker_dag.py
[2024-07-29T22:20:18.808+0000] {logging_mixin.py:188} INFO - [2024-07-29T22:20:18.808+0000] {dag.py:3047} INFO - Sync 2 DAGs
[2024-07-29T22:20:18.817+0000] {logging_mixin.py:188} INFO - [2024-07-29T22:20:18.817+0000] {dag.py:3834} INFO - Setting next_dagrun for example_external_task_marker_child to None, run_after=None
[2024-07-29T22:20:18.819+0000] {logging_mixin.py:188} INFO - [2024-07-29T22:20:18.819+0000] {dag.py:3834} INFO - Setting next_dagrun for example_external_task_marker_parent to None, run_after=None
[2024-07-29T22:20:18.833+0000] {processor.py:183} INFO - Processing /home/airflow/.local/lib/python3.8/site-packages/airflow/example_dags/example_external_task_marker_dag.py took 0.117 seconds
[2024-07-29T22:20:49.101+0000] {processor.py:161} INFO - Started process (PID=210) to work on /home/airflow/.local/lib/python3.8/site-packages/airflow/example_dags/example_external_task_marker_dag.py
[2024-07-29T22:20:49.102+0000] {processor.py:830} INFO - Processing file /home/airflow/.local/lib/python3.8/site-packages/airflow/example_dags/example_external_task_marker_dag.py for tasks to queue
[2024-07-29T22:20:49.104+0000] {logging_mixin.py:188} INFO - [2024-07-29T22:20:49.103+0000] {dagbag.py:540} INFO - Filling up the DagBag from /home/airflow/.local/lib/python3.8/site-packages/airflow/example_dags/example_external_task_marker_dag.py
[2024-07-29T22:20:49.108+0000] {processor.py:840} INFO - DAG(s) 'example_external_task_marker_parent', 'example_external_task_marker_child' retrieved from /home/airflow/.local/lib/python3.8/site-packages/airflow/example_dags/example_external_task_marker_dag.py
[2024-07-29T22:20:49.130+0000] {logging_mixin.py:188} INFO - [2024-07-29T22:20:49.130+0000] {dag.py:3047} INFO - Sync 2 DAGs
[2024-07-29T22:20:49.144+0000] {logging_mixin.py:188} INFO - [2024-07-29T22:20:49.143+0000] {dag.py:3834} INFO - Setting next_dagrun for example_external_task_marker_child to None, run_after=None
[2024-07-29T22:20:49.148+0000] {logging_mixin.py:188} INFO - [2024-07-29T22:20:49.147+0000] {dag.py:3834} INFO - Setting next_dagrun for example_external_task_marker_parent to None, run_after=None
[2024-07-29T22:20:49.169+0000] {processor.py:183} INFO - Processing /home/airflow/.local/lib/python3.8/site-packages/airflow/example_dags/example_external_task_marker_dag.py took 0.071 seconds
[2024-07-29T22:21:20.129+0000] {processor.py:161} INFO - Started process (PID=266) to work on /home/airflow/.local/lib/python3.8/site-packages/airflow/example_dags/example_external_task_marker_dag.py
[2024-07-29T22:21:20.129+0000] {processor.py:830} INFO - Processing file /home/airflow/.local/lib/python3.8/site-packages/airflow/example_dags/example_external_task_marker_dag.py for tasks to queue
[2024-07-29T22:21:20.130+0000] {logging_mixin.py:188} INFO - [2024-07-29T22:21:20.130+0000] {dagbag.py:540} INFO - Filling up the DagBag from /home/airflow/.local/lib/python3.8/site-packages/airflow/example_dags/example_external_task_marker_dag.py
[2024-07-29T22:21:20.134+0000] {processor.py:840} INFO - DAG(s) 'example_external_task_marker_child', 'example_external_task_marker_parent' retrieved from /home/airflow/.local/lib/python3.8/site-packages/airflow/example_dags/example_external_task_marker_dag.py
[2024-07-29T22:21:20.151+0000] {logging_mixin.py:188} INFO - [2024-07-29T22:21:20.151+0000] {dag.py:3047} INFO - Sync 2 DAGs
[2024-07-29T22:21:20.160+0000] {logging_mixin.py:188} INFO - [2024-07-29T22:21:20.160+0000] {dag.py:3834} INFO - Setting next_dagrun for example_external_task_marker_child to None, run_after=None
[2024-07-29T22:21:20.163+0000] {logging_mixin.py:188} INFO - [2024-07-29T22:21:20.163+0000] {dag.py:3834} INFO - Setting next_dagrun for example_external_task_marker_parent to None, run_after=None
[2024-07-29T22:21:20.175+0000] {processor.py:183} INFO - Processing /home/airflow/.local/lib/python3.8/site-packages/airflow/example_dags/example_external_task_marker_dag.py took 0.049 seconds
[2024-07-29T22:21:50.440+0000] {processor.py:161} INFO - Started process (PID=322) to work on /home/airflow/.local/lib/python3.8/site-packages/airflow/example_dags/example_external_task_marker_dag.py
[2024-07-29T22:21:50.441+0000] {processor.py:830} INFO - Processing file /home/airflow/.local/lib/python3.8/site-packages/airflow/example_dags/example_external_task_marker_dag.py for tasks to queue
[2024-07-29T22:21:50.442+0000] {logging_mixin.py:188} INFO - [2024-07-29T22:21:50.442+0000] {dagbag.py:540} INFO - Filling up the DagBag from /home/airflow/.local/lib/python3.8/site-packages/airflow/example_dags/example_external_task_marker_dag.py
[2024-07-29T22:21:50.446+0000] {processor.py:840} INFO - DAG(s) 'example_external_task_marker_parent', 'example_external_task_marker_child' retrieved from /home/airflow/.local/lib/python3.8/site-packages/airflow/example_dags/example_external_task_marker_dag.py
[2024-07-29T22:21:50.463+0000] {logging_mixin.py:188} INFO - [2024-07-29T22:21:50.463+0000] {dag.py:3047} INFO - Sync 2 DAGs
[2024-07-29T22:21:50.472+0000] {logging_mixin.py:188} INFO - [2024-07-29T22:21:50.472+0000] {dag.py:3834} INFO - Setting next_dagrun for example_external_task_marker_child to None, run_after=None
[2024-07-29T22:21:50.475+0000] {logging_mixin.py:188} INFO - [2024-07-29T22:21:50.475+0000] {dag.py:3834} INFO - Setting next_dagrun for example_external_task_marker_parent to None, run_after=None
[2024-07-29T22:21:50.491+0000] {processor.py:183} INFO - Processing /home/airflow/.local/lib/python3.8/site-packages/airflow/example_dags/example_external_task_marker_dag.py took 0.053 seconds
[2024-07-29T22:22:20.630+0000] {processor.py:161} INFO - Started process (PID=378) to work on /home/airflow/.local/lib/python3.8/site-packages/airflow/example_dags/example_external_task_marker_dag.py
[2024-07-29T22:22:20.631+0000] {processor.py:830} INFO - Processing file /home/airflow/.local/lib/python3.8/site-packages/airflow/example_dags/example_external_task_marker_dag.py for tasks to queue
[2024-07-29T22:22:20.632+0000] {logging_mixin.py:188} INFO - [2024-07-29T22:22:20.632+0000] {dagbag.py:540} INFO - Filling up the DagBag from /home/airflow/.local/lib/python3.8/site-packages/airflow/example_dags/example_external_task_marker_dag.py
[2024-07-29T22:22:20.636+0000] {processor.py:840} INFO - DAG(s) 'example_external_task_marker_child', 'example_external_task_marker_parent' retrieved from /home/airflow/.local/lib/python3.8/site-packages/airflow/example_dags/example_external_task_marker_dag.py
[2024-07-29T22:22:20.652+0000] {logging_mixin.py:188} INFO - [2024-07-29T22:22:20.652+0000] {dag.py:3047} INFO - Sync 2 DAGs
[2024-07-29T22:22:20.661+0000] {logging_mixin.py:188} INFO - [2024-07-29T22:22:20.661+0000] {dag.py:3834} INFO - Setting next_dagrun for example_external_task_marker_child to None, run_after=None
[2024-07-29T22:22:20.664+0000] {logging_mixin.py:188} INFO - [2024-07-29T22:22:20.664+0000] {dag.py:3834} INFO - Setting next_dagrun for example_external_task_marker_parent to None, run_after=None
[2024-07-29T22:22:20.677+0000] {processor.py:183} INFO - Processing /home/airflow/.local/lib/python3.8/site-packages/airflow/example_dags/example_external_task_marker_dag.py took 0.049 seconds
[2024-07-29T22:22:50.818+0000] {processor.py:161} INFO - Started process (PID=434) to work on /home/airflow/.local/lib/python3.8/site-packages/airflow/example_dags/example_external_task_marker_dag.py
[2024-07-29T22:22:50.819+0000] {processor.py:830} INFO - Processing file /home/airflow/.local/lib/python3.8/site-packages/airflow/example_dags/example_external_task_marker_dag.py for tasks to queue
[2024-07-29T22:22:50.820+0000] {logging_mixin.py:188} INFO - [2024-07-29T22:22:50.820+0000] {dagbag.py:540} INFO - Filling up the DagBag from /home/airflow/.local/lib/python3.8/site-packages/airflow/example_dags/example_external_task_marker_dag.py
[2024-07-29T22:22:50.824+0000] {processor.py:840} INFO - DAG(s) 'example_external_task_marker_child', 'example_external_task_marker_parent' retrieved from /home/airflow/.local/lib/python3.8/site-packages/airflow/example_dags/example_external_task_marker_dag.py
[2024-07-29T22:22:50.841+0000] {logging_mixin.py:188} INFO - [2024-07-29T22:22:50.841+0000] {dag.py:3047} INFO - Sync 2 DAGs
[2024-07-29T22:22:50.850+0000] {logging_mixin.py:188} INFO - [2024-07-29T22:22:50.850+0000] {dag.py:3834} INFO - Setting next_dagrun for example_external_task_marker_child to None, run_after=None
[2024-07-29T22:22:50.853+0000] {logging_mixin.py:188} INFO - [2024-07-29T22:22:50.853+0000] {dag.py:3834} INFO - Setting next_dagrun for example_external_task_marker_parent to None, run_after=None
[2024-07-29T22:22:50.866+0000] {processor.py:183} INFO - Processing /home/airflow/.local/lib/python3.8/site-packages/airflow/example_dags/example_external_task_marker_dag.py took 0.050 seconds
[2024-07-29T22:23:20.937+0000] {processor.py:161} INFO - Started process (PID=490) to work on /home/airflow/.local/lib/python3.8/site-packages/airflow/example_dags/example_external_task_marker_dag.py
[2024-07-29T22:23:20.938+0000] {processor.py:830} INFO - Processing file /home/airflow/.local/lib/python3.8/site-packages/airflow/example_dags/example_external_task_marker_dag.py for tasks to queue
[2024-07-29T22:23:20.939+0000] {logging_mixin.py:188} INFO - [2024-07-29T22:23:20.938+0000] {dagbag.py:540} INFO - Filling up the DagBag from /home/airflow/.local/lib/python3.8/site-packages/airflow/example_dags/example_external_task_marker_dag.py
[2024-07-29T22:23:20.943+0000] {processor.py:840} INFO - DAG(s) 'example_external_task_marker_child', 'example_external_task_marker_parent' retrieved from /home/airflow/.local/lib/python3.8/site-packages/airflow/example_dags/example_external_task_marker_dag.py
[2024-07-29T22:23:20.962+0000] {logging_mixin.py:188} INFO - [2024-07-29T22:23:20.962+0000] {dag.py:3047} INFO - Sync 2 DAGs
[2024-07-29T22:23:20.972+0000] {logging_mixin.py:188} INFO - [2024-07-29T22:23:20.972+0000] {dag.py:3834} INFO - Setting next_dagrun for example_external_task_marker_child to None, run_after=None
[2024-07-29T22:23:20.975+0000] {logging_mixin.py:188} INFO - [2024-07-29T22:23:20.975+0000] {dag.py:3834} INFO - Setting next_dagrun for example_external_task_marker_parent to None, run_after=None
[2024-07-29T22:23:20.989+0000] {processor.py:183} INFO - Processing /home/airflow/.local/lib/python3.8/site-packages/airflow/example_dags/example_external_task_marker_dag.py took 0.055 seconds
[2024-07-29T22:23:51.373+0000] {processor.py:161} INFO - Started process (PID=546) to work on /home/airflow/.local/lib/python3.8/site-packages/airflow/example_dags/example_external_task_marker_dag.py
[2024-07-29T22:23:51.373+0000] {processor.py:830} INFO - Processing file /home/airflow/.local/lib/python3.8/site-packages/airflow/example_dags/example_external_task_marker_dag.py for tasks to queue
[2024-07-29T22:23:51.374+0000] {logging_mixin.py:188} INFO - [2024-07-29T22:23:51.374+0000] {dagbag.py:540} INFO - Filling up the DagBag from /home/airflow/.local/lib/python3.8/site-packages/airflow/example_dags/example_external_task_marker_dag.py
[2024-07-29T22:23:51.378+0000] {processor.py:840} INFO - DAG(s) 'example_external_task_marker_parent', 'example_external_task_marker_child' retrieved from /home/airflow/.local/lib/python3.8/site-packages/airflow/example_dags/example_external_task_marker_dag.py
[2024-07-29T22:23:51.396+0000] {logging_mixin.py:188} INFO - [2024-07-29T22:23:51.395+0000] {dag.py:3047} INFO - Sync 2 DAGs
[2024-07-29T22:23:51.404+0000] {logging_mixin.py:188} INFO - [2024-07-29T22:23:51.404+0000] {dag.py:3834} INFO - Setting next_dagrun for example_external_task_marker_child to None, run_after=None
[2024-07-29T22:23:51.407+0000] {logging_mixin.py:188} INFO - [2024-07-29T22:23:51.407+0000] {dag.py:3834} INFO - Setting next_dagrun for example_external_task_marker_parent to None, run_after=None
[2024-07-29T22:23:51.420+0000] {processor.py:183} INFO - Processing /home/airflow/.local/lib/python3.8/site-packages/airflow/example_dags/example_external_task_marker_dag.py took 0.049 seconds
[2024-07-29T22:24:21.549+0000] {processor.py:161} INFO - Started process (PID=602) to work on /home/airflow/.local/lib/python3.8/site-packages/airflow/example_dags/example_external_task_marker_dag.py
[2024-07-29T22:24:21.550+0000] {processor.py:830} INFO - Processing file /home/airflow/.local/lib/python3.8/site-packages/airflow/example_dags/example_external_task_marker_dag.py for tasks to queue
[2024-07-29T22:24:21.551+0000] {logging_mixin.py:188} INFO - [2024-07-29T22:24:21.551+0000] {dagbag.py:540} INFO - Filling up the DagBag from /home/airflow/.local/lib/python3.8/site-packages/airflow/example_dags/example_external_task_marker_dag.py
[2024-07-29T22:24:21.557+0000] {processor.py:840} INFO - DAG(s) 'example_external_task_marker_child', 'example_external_task_marker_parent' retrieved from /home/airflow/.local/lib/python3.8/site-packages/airflow/example_dags/example_external_task_marker_dag.py
[2024-07-29T22:24:21.578+0000] {logging_mixin.py:188} INFO - [2024-07-29T22:24:21.578+0000] {dag.py:3047} INFO - Sync 2 DAGs
[2024-07-29T22:24:21.589+0000] {logging_mixin.py:188} INFO - [2024-07-29T22:24:21.588+0000] {dag.py:3834} INFO - Setting next_dagrun for example_external_task_marker_child to None, run_after=None
[2024-07-29T22:24:21.592+0000] {logging_mixin.py:188} INFO - [2024-07-29T22:24:21.592+0000] {dag.py:3834} INFO - Setting next_dagrun for example_external_task_marker_parent to None, run_after=None
[2024-07-29T22:24:21.610+0000] {processor.py:183} INFO - Processing /home/airflow/.local/lib/python3.8/site-packages/airflow/example_dags/example_external_task_marker_dag.py took 0.063 seconds
[2024-07-29T22:24:51.663+0000] {processor.py:161} INFO - Started process (PID=658) to work on /home/airflow/.local/lib/python3.8/site-packages/airflow/example_dags/example_external_task_marker_dag.py
[2024-07-29T22:24:51.664+0000] {processor.py:830} INFO - Processing file /home/airflow/.local/lib/python3.8/site-packages/airflow/example_dags/example_external_task_marker_dag.py for tasks to queue
[2024-07-29T22:24:51.665+0000] {logging_mixin.py:188} INFO - [2024-07-29T22:24:51.665+0000] {dagbag.py:540} INFO - Filling up the DagBag from /home/airflow/.local/lib/python3.8/site-packages/airflow/example_dags/example_external_task_marker_dag.py
[2024-07-29T22:24:51.669+0000] {processor.py:840} INFO - DAG(s) 'example_external_task_marker_parent', 'example_external_task_marker_child' retrieved from /home/airflow/.local/lib/python3.8/site-packages/airflow/example_dags/example_external_task_marker_dag.py
[2024-07-29T22:24:51.686+0000] {logging_mixin.py:188} INFO - [2024-07-29T22:24:51.686+0000] {dag.py:3047} INFO - Sync 2 DAGs
[2024-07-29T22:24:51.696+0000] {logging_mixin.py:188} INFO - [2024-07-29T22:24:51.696+0000] {dag.py:3834} INFO - Setting next_dagrun for example_external_task_marker_child to None, run_after=None
[2024-07-29T22:24:51.699+0000] {logging_mixin.py:188} INFO - [2024-07-29T22:24:51.698+0000] {dag.py:3834} INFO - Setting next_dagrun for example_external_task_marker_parent to None, run_after=None
[2024-07-29T22:24:51.712+0000] {processor.py:183} INFO - Processing /home/airflow/.local/lib/python3.8/site-packages/airflow/example_dags/example_external_task_marker_dag.py took 0.051 seconds
[2024-07-29T22:25:21.894+0000] {processor.py:161} INFO - Started process (PID=714) to work on /home/airflow/.local/lib/python3.8/site-packages/airflow/example_dags/example_external_task_marker_dag.py
[2024-07-29T22:25:21.895+0000] {processor.py:830} INFO - Processing file /home/airflow/.local/lib/python3.8/site-packages/airflow/example_dags/example_external_task_marker_dag.py for tasks to queue
[2024-07-29T22:25:21.896+0000] {logging_mixin.py:188} INFO - [2024-07-29T22:25:21.896+0000] {dagbag.py:540} INFO - Filling up the DagBag from /home/airflow/.local/lib/python3.8/site-packages/airflow/example_dags/example_external_task_marker_dag.py
[2024-07-29T22:25:21.900+0000] {processor.py:840} INFO - DAG(s) 'example_external_task_marker_child', 'example_external_task_marker_parent' retrieved from /home/airflow/.local/lib/python3.8/site-packages/airflow/example_dags/example_external_task_marker_dag.py
[2024-07-29T22:25:21.920+0000] {logging_mixin.py:188} INFO - [2024-07-29T22:25:21.919+0000] {dag.py:3047} INFO - Sync 2 DAGs
[2024-07-29T22:25:21.929+0000] {logging_mixin.py:188} INFO - [2024-07-29T22:25:21.929+0000] {dag.py:3834} INFO - Setting next_dagrun for example_external_task_marker_child to None, run_after=None
[2024-07-29T22:25:21.933+0000] {logging_mixin.py:188} INFO - [2024-07-29T22:25:21.932+0000] {dag.py:3834} INFO - Setting next_dagrun for example_external_task_marker_parent to None, run_after=None
[2024-07-29T22:25:21.948+0000] {processor.py:183} INFO - Processing /home/airflow/.local/lib/python3.8/site-packages/airflow/example_dags/example_external_task_marker_dag.py took 0.056 seconds
[2024-07-29T22:25:52.384+0000] {processor.py:161} INFO - Started process (PID=770) to work on /home/airflow/.local/lib/python3.8/site-packages/airflow/example_dags/example_external_task_marker_dag.py
[2024-07-29T22:25:52.385+0000] {processor.py:830} INFO - Processing file /home/airflow/.local/lib/python3.8/site-packages/airflow/example_dags/example_external_task_marker_dag.py for tasks to queue
[2024-07-29T22:25:52.387+0000] {logging_mixin.py:188} INFO - [2024-07-29T22:25:52.386+0000] {dagbag.py:540} INFO - Filling up the DagBag from /home/airflow/.local/lib/python3.8/site-packages/airflow/example_dags/example_external_task_marker_dag.py
[2024-07-29T22:25:52.392+0000] {processor.py:840} INFO - DAG(s) 'example_external_task_marker_child', 'example_external_task_marker_parent' retrieved from /home/airflow/.local/lib/python3.8/site-packages/airflow/example_dags/example_external_task_marker_dag.py
[2024-07-29T22:25:52.411+0000] {logging_mixin.py:188} INFO - [2024-07-29T22:25:52.411+0000] {dag.py:3047} INFO - Sync 2 DAGs
[2024-07-29T22:25:52.421+0000] {logging_mixin.py:188} INFO - [2024-07-29T22:25:52.421+0000] {dag.py:3834} INFO - Setting next_dagrun for example_external_task_marker_child to None, run_after=None
[2024-07-29T22:25:52.425+0000] {logging_mixin.py:188} INFO - [2024-07-29T22:25:52.424+0000] {dag.py:3834} INFO - Setting next_dagrun for example_external_task_marker_parent to None, run_after=None
[2024-07-29T22:25:52.438+0000] {processor.py:183} INFO - Processing /home/airflow/.local/lib/python3.8/site-packages/airflow/example_dags/example_external_task_marker_dag.py took 0.057 seconds
[2024-07-29T22:26:23.394+0000] {processor.py:161} INFO - Started process (PID=826) to work on /home/airflow/.local/lib/python3.8/site-packages/airflow/example_dags/example_external_task_marker_dag.py
[2024-07-29T22:26:23.395+0000] {processor.py:830} INFO - Processing file /home/airflow/.local/lib/python3.8/site-packages/airflow/example_dags/example_external_task_marker_dag.py for tasks to queue
[2024-07-29T22:26:23.396+0000] {logging_mixin.py:188} INFO - [2024-07-29T22:26:23.396+0000] {dagbag.py:540} INFO - Filling up the DagBag from /home/airflow/.local/lib/python3.8/site-packages/airflow/example_dags/example_external_task_marker_dag.py
[2024-07-29T22:26:23.400+0000] {processor.py:840} INFO - DAG(s) 'example_external_task_marker_parent', 'example_external_task_marker_child' retrieved from /home/airflow/.local/lib/python3.8/site-packages/airflow/example_dags/example_external_task_marker_dag.py
[2024-07-29T22:26:23.417+0000] {logging_mixin.py:188} INFO - [2024-07-29T22:26:23.417+0000] {dag.py:3047} INFO - Sync 2 DAGs
[2024-07-29T22:26:23.428+0000] {logging_mixin.py:188} INFO - [2024-07-29T22:26:23.428+0000] {dag.py:3834} INFO - Setting next_dagrun for example_external_task_marker_child to None, run_after=None
[2024-07-29T22:26:23.432+0000] {logging_mixin.py:188} INFO - [2024-07-29T22:26:23.432+0000] {dag.py:3834} INFO - Setting next_dagrun for example_external_task_marker_parent to None, run_after=None
[2024-07-29T22:26:23.446+0000] {processor.py:183} INFO - Processing /home/airflow/.local/lib/python3.8/site-packages/airflow/example_dags/example_external_task_marker_dag.py took 0.054 seconds
[2024-07-29T22:26:53.552+0000] {processor.py:161} INFO - Started process (PID=882) to work on /home/airflow/.local/lib/python3.8/site-packages/airflow/example_dags/example_external_task_marker_dag.py
[2024-07-29T22:26:53.553+0000] {processor.py:830} INFO - Processing file /home/airflow/.local/lib/python3.8/site-packages/airflow/example_dags/example_external_task_marker_dag.py for tasks to queue
[2024-07-29T22:26:53.555+0000] {logging_mixin.py:188} INFO - [2024-07-29T22:26:53.554+0000] {dagbag.py:540} INFO - Filling up the DagBag from /home/airflow/.local/lib/python3.8/site-packages/airflow/example_dags/example_external_task_marker_dag.py
[2024-07-29T22:26:53.560+0000] {processor.py:840} INFO - DAG(s) 'example_external_task_marker_child', 'example_external_task_marker_parent' retrieved from /home/airflow/.local/lib/python3.8/site-packages/airflow/example_dags/example_external_task_marker_dag.py
[2024-07-29T22:26:53.577+0000] {logging_mixin.py:188} INFO - [2024-07-29T22:26:53.577+0000] {dag.py:3047} INFO - Sync 2 DAGs
[2024-07-29T22:26:53.587+0000] {logging_mixin.py:188} INFO - [2024-07-29T22:26:53.586+0000] {dag.py:3834} INFO - Setting next_dagrun for example_external_task_marker_child to None, run_after=None
[2024-07-29T22:26:53.589+0000] {logging_mixin.py:188} INFO - [2024-07-29T22:26:53.589+0000] {dag.py:3834} INFO - Setting next_dagrun for example_external_task_marker_parent to None, run_after=None
[2024-07-29T22:26:53.602+0000] {processor.py:183} INFO - Processing /home/airflow/.local/lib/python3.8/site-packages/airflow/example_dags/example_external_task_marker_dag.py took 0.052 seconds
[2024-07-29T22:27:23.743+0000] {processor.py:161} INFO - Started process (PID=938) to work on /home/airflow/.local/lib/python3.8/site-packages/airflow/example_dags/example_external_task_marker_dag.py
[2024-07-29T22:27:23.743+0000] {processor.py:830} INFO - Processing file /home/airflow/.local/lib/python3.8/site-packages/airflow/example_dags/example_external_task_marker_dag.py for tasks to queue
[2024-07-29T22:27:23.745+0000] {logging_mixin.py:188} INFO - [2024-07-29T22:27:23.744+0000] {dagbag.py:540} INFO - Filling up the DagBag from /home/airflow/.local/lib/python3.8/site-packages/airflow/example_dags/example_external_task_marker_dag.py
[2024-07-29T22:27:23.749+0000] {processor.py:840} INFO - DAG(s) 'example_external_task_marker_parent', 'example_external_task_marker_child' retrieved from /home/airflow/.local/lib/python3.8/site-packages/airflow/example_dags/example_external_task_marker_dag.py
[2024-07-29T22:27:23.767+0000] {logging_mixin.py:188} INFO - [2024-07-29T22:27:23.767+0000] {dag.py:3047} INFO - Sync 2 DAGs
[2024-07-29T22:27:23.778+0000] {logging_mixin.py:188} INFO - [2024-07-29T22:27:23.778+0000] {dag.py:3834} INFO - Setting next_dagrun for example_external_task_marker_child to None, run_after=None
[2024-07-29T22:27:23.782+0000] {logging_mixin.py:188} INFO - [2024-07-29T22:27:23.782+0000] {dag.py:3834} INFO - Setting next_dagrun for example_external_task_marker_parent to None, run_after=None
[2024-07-29T22:27:23.796+0000] {processor.py:183} INFO - Processing /home/airflow/.local/lib/python3.8/site-packages/airflow/example_dags/example_external_task_marker_dag.py took 0.056 seconds
[2024-07-29T22:27:54.090+0000] {processor.py:161} INFO - Started process (PID=994) to work on /home/airflow/.local/lib/python3.8/site-packages/airflow/example_dags/example_external_task_marker_dag.py
[2024-07-29T22:27:54.091+0000] {processor.py:830} INFO - Processing file /home/airflow/.local/lib/python3.8/site-packages/airflow/example_dags/example_external_task_marker_dag.py for tasks to queue
[2024-07-29T22:27:54.092+0000] {logging_mixin.py:188} INFO - [2024-07-29T22:27:54.092+0000] {dagbag.py:540} INFO - Filling up the DagBag from /home/airflow/.local/lib/python3.8/site-packages/airflow/example_dags/example_external_task_marker_dag.py
[2024-07-29T22:27:54.098+0000] {processor.py:840} INFO - DAG(s) 'example_external_task_marker_parent', 'example_external_task_marker_child' retrieved from /home/airflow/.local/lib/python3.8/site-packages/airflow/example_dags/example_external_task_marker_dag.py
[2024-07-29T22:27:54.119+0000] {logging_mixin.py:188} INFO - [2024-07-29T22:27:54.118+0000] {dag.py:3047} INFO - Sync 2 DAGs
[2024-07-29T22:27:54.130+0000] {logging_mixin.py:188} INFO - [2024-07-29T22:27:54.130+0000] {dag.py:3834} INFO - Setting next_dagrun for example_external_task_marker_child to None, run_after=None
[2024-07-29T22:27:54.134+0000] {logging_mixin.py:188} INFO - [2024-07-29T22:27:54.134+0000] {dag.py:3834} INFO - Setting next_dagrun for example_external_task_marker_parent to None, run_after=None
[2024-07-29T22:27:54.148+0000] {processor.py:183} INFO - Processing /home/airflow/.local/lib/python3.8/site-packages/airflow/example_dags/example_external_task_marker_dag.py took 0.062 seconds
[2024-07-29T23:28:19.391+0000] {processor.py:161} INFO - Started process (PID=86) to work on /home/airflow/.local/lib/python3.8/site-packages/airflow/example_dags/example_external_task_marker_dag.py
[2024-07-29T23:28:19.392+0000] {processor.py:830} INFO - Processing file /home/airflow/.local/lib/python3.8/site-packages/airflow/example_dags/example_external_task_marker_dag.py for tasks to queue
[2024-07-29T23:28:19.394+0000] {logging_mixin.py:188} INFO - [2024-07-29T23:28:19.393+0000] {dagbag.py:540} INFO - Filling up the DagBag from /home/airflow/.local/lib/python3.8/site-packages/airflow/example_dags/example_external_task_marker_dag.py
[2024-07-29T23:28:19.400+0000] {processor.py:840} INFO - DAG(s) 'example_external_task_marker_parent', 'example_external_task_marker_child' retrieved from /home/airflow/.local/lib/python3.8/site-packages/airflow/example_dags/example_external_task_marker_dag.py
[2024-07-29T23:28:19.411+0000] {logging_mixin.py:188} INFO - [2024-07-29T23:28:19.411+0000] {dag.py:3047} INFO - Sync 2 DAGs
[2024-07-29T23:28:19.422+0000] {logging_mixin.py:188} INFO - [2024-07-29T23:28:19.421+0000] {dag.py:3834} INFO - Setting next_dagrun for example_external_task_marker_child to None, run_after=None
[2024-07-29T23:28:19.425+0000] {logging_mixin.py:188} INFO - [2024-07-29T23:28:19.425+0000] {dag.py:3834} INFO - Setting next_dagrun for example_external_task_marker_parent to None, run_after=None
[2024-07-29T23:28:19.440+0000] {processor.py:183} INFO - Processing /home/airflow/.local/lib/python3.8/site-packages/airflow/example_dags/example_external_task_marker_dag.py took 0.052 seconds
[2024-07-29T23:28:50.569+0000] {processor.py:161} INFO - Started process (PID=142) to work on /home/airflow/.local/lib/python3.8/site-packages/airflow/example_dags/example_external_task_marker_dag.py
[2024-07-29T23:28:50.570+0000] {processor.py:830} INFO - Processing file /home/airflow/.local/lib/python3.8/site-packages/airflow/example_dags/example_external_task_marker_dag.py for tasks to queue
[2024-07-29T23:28:50.571+0000] {logging_mixin.py:188} INFO - [2024-07-29T23:28:50.571+0000] {dagbag.py:540} INFO - Filling up the DagBag from /home/airflow/.local/lib/python3.8/site-packages/airflow/example_dags/example_external_task_marker_dag.py
[2024-07-29T23:28:50.575+0000] {processor.py:840} INFO - DAG(s) 'example_external_task_marker_parent', 'example_external_task_marker_child' retrieved from /home/airflow/.local/lib/python3.8/site-packages/airflow/example_dags/example_external_task_marker_dag.py
[2024-07-29T23:28:50.661+0000] {logging_mixin.py:188} INFO - [2024-07-29T23:28:50.661+0000] {dag.py:3047} INFO - Sync 2 DAGs
[2024-07-29T23:28:50.670+0000] {logging_mixin.py:188} INFO - [2024-07-29T23:28:50.670+0000] {dag.py:3834} INFO - Setting next_dagrun for example_external_task_marker_child to None, run_after=None
[2024-07-29T23:28:50.672+0000] {logging_mixin.py:188} INFO - [2024-07-29T23:28:50.672+0000] {dag.py:3834} INFO - Setting next_dagrun for example_external_task_marker_parent to None, run_after=None
[2024-07-29T23:28:50.686+0000] {processor.py:183} INFO - Processing /home/airflow/.local/lib/python3.8/site-packages/airflow/example_dags/example_external_task_marker_dag.py took 0.119 seconds
