[2024-07-29T22:19:46.807+0000] {processor.py:161} INFO - Started process (PID=71) to work on /home/airflow/.local/lib/python3.8/site-packages/airflow/example_dags/example_setup_teardown.py
[2024-07-29T22:19:46.808+0000] {processor.py:830} INFO - Processing file /home/airflow/.local/lib/python3.8/site-packages/airflow/example_dags/example_setup_teardown.py for tasks to queue
[2024-07-29T22:19:46.812+0000] {logging_mixin.py:188} INFO - [2024-07-29T22:19:46.811+0000] {dagbag.py:540} INFO - Filling up the DagBag from /home/airflow/.local/lib/python3.8/site-packages/airflow/example_dags/example_setup_teardown.py
[2024-07-29T22:19:46.821+0000] {processor.py:840} INFO - DAG(s) 'example_setup_teardown' retrieved from /home/airflow/.local/lib/python3.8/site-packages/airflow/example_dags/example_setup_teardown.py
[2024-07-29T22:19:46.832+0000] {logging_mixin.py:188} INFO - [2024-07-29T22:19:46.832+0000] {dag.py:3047} INFO - Sync 1 DAGs
[2024-07-29T22:19:46.857+0000] {logging_mixin.py:188} INFO - [2024-07-29T22:19:46.856+0000] {dag.py:3834} INFO - Setting next_dagrun for example_setup_teardown to 2024-07-28 00:00:00+00:00, run_after=2024-07-29 00:00:00+00:00
[2024-07-29T22:19:46.876+0000] {processor.py:183} INFO - Processing /home/airflow/.local/lib/python3.8/site-packages/airflow/example_dags/example_setup_teardown.py took 0.072 seconds
[2024-07-29T22:20:17.352+0000] {processor.py:161} INFO - Started process (PID=133) to work on /home/airflow/.local/lib/python3.8/site-packages/airflow/example_dags/example_setup_teardown.py
[2024-07-29T22:20:17.352+0000] {processor.py:830} INFO - Processing file /home/airflow/.local/lib/python3.8/site-packages/airflow/example_dags/example_setup_teardown.py for tasks to queue
[2024-07-29T22:20:17.353+0000] {logging_mixin.py:188} INFO - [2024-07-29T22:20:17.353+0000] {dagbag.py:540} INFO - Filling up the DagBag from /home/airflow/.local/lib/python3.8/site-packages/airflow/example_dags/example_setup_teardown.py
[2024-07-29T22:20:17.358+0000] {processor.py:840} INFO - DAG(s) 'example_setup_teardown' retrieved from /home/airflow/.local/lib/python3.8/site-packages/airflow/example_dags/example_setup_teardown.py
[2024-07-29T22:20:17.438+0000] {logging_mixin.py:188} INFO - [2024-07-29T22:20:17.437+0000] {dag.py:3047} INFO - Sync 1 DAGs
[2024-07-29T22:20:17.453+0000] {logging_mixin.py:188} INFO - [2024-07-29T22:20:17.453+0000] {dag.py:3834} INFO - Setting next_dagrun for example_setup_teardown to 2024-07-28 00:00:00+00:00, run_after=2024-07-29 00:00:00+00:00
[2024-07-29T22:20:17.468+0000] {processor.py:183} INFO - Processing /home/airflow/.local/lib/python3.8/site-packages/airflow/example_dags/example_setup_teardown.py took 0.119 seconds
[2024-07-29T22:20:48.314+0000] {processor.py:161} INFO - Started process (PID=189) to work on /home/airflow/.local/lib/python3.8/site-packages/airflow/example_dags/example_setup_teardown.py
[2024-07-29T22:20:48.315+0000] {processor.py:830} INFO - Processing file /home/airflow/.local/lib/python3.8/site-packages/airflow/example_dags/example_setup_teardown.py for tasks to queue
[2024-07-29T22:20:48.316+0000] {logging_mixin.py:188} INFO - [2024-07-29T22:20:48.315+0000] {dagbag.py:540} INFO - Filling up the DagBag from /home/airflow/.local/lib/python3.8/site-packages/airflow/example_dags/example_setup_teardown.py
[2024-07-29T22:20:48.320+0000] {processor.py:840} INFO - DAG(s) 'example_setup_teardown' retrieved from /home/airflow/.local/lib/python3.8/site-packages/airflow/example_dags/example_setup_teardown.py
[2024-07-29T22:20:48.334+0000] {logging_mixin.py:188} INFO - [2024-07-29T22:20:48.334+0000] {dag.py:3047} INFO - Sync 1 DAGs
[2024-07-29T22:20:48.349+0000] {logging_mixin.py:188} INFO - [2024-07-29T22:20:48.349+0000] {dag.py:3834} INFO - Setting next_dagrun for example_setup_teardown to 2024-07-28 00:00:00+00:00, run_after=2024-07-29 00:00:00+00:00
[2024-07-29T22:20:48.362+0000] {processor.py:183} INFO - Processing /home/airflow/.local/lib/python3.8/site-packages/airflow/example_dags/example_setup_teardown.py took 0.050 seconds
[2024-07-29T22:21:19.346+0000] {processor.py:161} INFO - Started process (PID=245) to work on /home/airflow/.local/lib/python3.8/site-packages/airflow/example_dags/example_setup_teardown.py
[2024-07-29T22:21:19.346+0000] {processor.py:830} INFO - Processing file /home/airflow/.local/lib/python3.8/site-packages/airflow/example_dags/example_setup_teardown.py for tasks to queue
[2024-07-29T22:21:19.347+0000] {logging_mixin.py:188} INFO - [2024-07-29T22:21:19.347+0000] {dagbag.py:540} INFO - Filling up the DagBag from /home/airflow/.local/lib/python3.8/site-packages/airflow/example_dags/example_setup_teardown.py
[2024-07-29T22:21:19.352+0000] {processor.py:840} INFO - DAG(s) 'example_setup_teardown' retrieved from /home/airflow/.local/lib/python3.8/site-packages/airflow/example_dags/example_setup_teardown.py
[2024-07-29T22:21:19.368+0000] {logging_mixin.py:188} INFO - [2024-07-29T22:21:19.368+0000] {dag.py:3047} INFO - Sync 1 DAGs
[2024-07-29T22:21:19.385+0000] {logging_mixin.py:188} INFO - [2024-07-29T22:21:19.384+0000] {dag.py:3834} INFO - Setting next_dagrun for example_setup_teardown to 2024-07-28 00:00:00+00:00, run_after=2024-07-29 00:00:00+00:00
[2024-07-29T22:21:19.399+0000] {processor.py:183} INFO - Processing /home/airflow/.local/lib/python3.8/site-packages/airflow/example_dags/example_setup_teardown.py took 0.056 seconds
[2024-07-29T22:21:49.551+0000] {processor.py:161} INFO - Started process (PID=301) to work on /home/airflow/.local/lib/python3.8/site-packages/airflow/example_dags/example_setup_teardown.py
[2024-07-29T22:21:49.552+0000] {processor.py:830} INFO - Processing file /home/airflow/.local/lib/python3.8/site-packages/airflow/example_dags/example_setup_teardown.py for tasks to queue
[2024-07-29T22:21:49.553+0000] {logging_mixin.py:188} INFO - [2024-07-29T22:21:49.553+0000] {dagbag.py:540} INFO - Filling up the DagBag from /home/airflow/.local/lib/python3.8/site-packages/airflow/example_dags/example_setup_teardown.py
[2024-07-29T22:21:49.557+0000] {processor.py:840} INFO - DAG(s) 'example_setup_teardown' retrieved from /home/airflow/.local/lib/python3.8/site-packages/airflow/example_dags/example_setup_teardown.py
[2024-07-29T22:21:49.572+0000] {logging_mixin.py:188} INFO - [2024-07-29T22:21:49.572+0000] {dag.py:3047} INFO - Sync 1 DAGs
[2024-07-29T22:21:49.589+0000] {logging_mixin.py:188} INFO - [2024-07-29T22:21:49.589+0000] {dag.py:3834} INFO - Setting next_dagrun for example_setup_teardown to 2024-07-28 00:00:00+00:00, run_after=2024-07-29 00:00:00+00:00
[2024-07-29T22:21:49.602+0000] {processor.py:183} INFO - Processing /home/airflow/.local/lib/python3.8/site-packages/airflow/example_dags/example_setup_teardown.py took 0.053 seconds
[2024-07-29T22:22:19.898+0000] {processor.py:161} INFO - Started process (PID=357) to work on /home/airflow/.local/lib/python3.8/site-packages/airflow/example_dags/example_setup_teardown.py
[2024-07-29T22:22:19.898+0000] {processor.py:830} INFO - Processing file /home/airflow/.local/lib/python3.8/site-packages/airflow/example_dags/example_setup_teardown.py for tasks to queue
[2024-07-29T22:22:19.899+0000] {logging_mixin.py:188} INFO - [2024-07-29T22:22:19.899+0000] {dagbag.py:540} INFO - Filling up the DagBag from /home/airflow/.local/lib/python3.8/site-packages/airflow/example_dags/example_setup_teardown.py
[2024-07-29T22:22:19.904+0000] {processor.py:840} INFO - DAG(s) 'example_setup_teardown' retrieved from /home/airflow/.local/lib/python3.8/site-packages/airflow/example_dags/example_setup_teardown.py
[2024-07-29T22:22:19.919+0000] {logging_mixin.py:188} INFO - [2024-07-29T22:22:19.918+0000] {dag.py:3047} INFO - Sync 1 DAGs
[2024-07-29T22:22:19.934+0000] {logging_mixin.py:188} INFO - [2024-07-29T22:22:19.934+0000] {dag.py:3834} INFO - Setting next_dagrun for example_setup_teardown to 2024-07-28 00:00:00+00:00, run_after=2024-07-29 00:00:00+00:00
[2024-07-29T22:22:19.951+0000] {processor.py:183} INFO - Processing /home/airflow/.local/lib/python3.8/site-packages/airflow/example_dags/example_setup_teardown.py took 0.056 seconds
[2024-07-29T22:22:50.075+0000] {processor.py:161} INFO - Started process (PID=413) to work on /home/airflow/.local/lib/python3.8/site-packages/airflow/example_dags/example_setup_teardown.py
[2024-07-29T22:22:50.076+0000] {processor.py:830} INFO - Processing file /home/airflow/.local/lib/python3.8/site-packages/airflow/example_dags/example_setup_teardown.py for tasks to queue
[2024-07-29T22:22:50.077+0000] {logging_mixin.py:188} INFO - [2024-07-29T22:22:50.077+0000] {dagbag.py:540} INFO - Filling up the DagBag from /home/airflow/.local/lib/python3.8/site-packages/airflow/example_dags/example_setup_teardown.py
[2024-07-29T22:22:50.081+0000] {processor.py:840} INFO - DAG(s) 'example_setup_teardown' retrieved from /home/airflow/.local/lib/python3.8/site-packages/airflow/example_dags/example_setup_teardown.py
[2024-07-29T22:22:50.096+0000] {logging_mixin.py:188} INFO - [2024-07-29T22:22:50.096+0000] {dag.py:3047} INFO - Sync 1 DAGs
[2024-07-29T22:22:50.112+0000] {logging_mixin.py:188} INFO - [2024-07-29T22:22:50.112+0000] {dag.py:3834} INFO - Setting next_dagrun for example_setup_teardown to 2024-07-28 00:00:00+00:00, run_after=2024-07-29 00:00:00+00:00
[2024-07-29T22:22:50.126+0000] {processor.py:183} INFO - Processing /home/airflow/.local/lib/python3.8/site-packages/airflow/example_dags/example_setup_teardown.py took 0.052 seconds
[2024-07-29T22:23:20.210+0000] {processor.py:161} INFO - Started process (PID=469) to work on /home/airflow/.local/lib/python3.8/site-packages/airflow/example_dags/example_setup_teardown.py
[2024-07-29T22:23:20.210+0000] {processor.py:830} INFO - Processing file /home/airflow/.local/lib/python3.8/site-packages/airflow/example_dags/example_setup_teardown.py for tasks to queue
[2024-07-29T22:23:20.211+0000] {logging_mixin.py:188} INFO - [2024-07-29T22:23:20.211+0000] {dagbag.py:540} INFO - Filling up the DagBag from /home/airflow/.local/lib/python3.8/site-packages/airflow/example_dags/example_setup_teardown.py
[2024-07-29T22:23:20.216+0000] {processor.py:840} INFO - DAG(s) 'example_setup_teardown' retrieved from /home/airflow/.local/lib/python3.8/site-packages/airflow/example_dags/example_setup_teardown.py
[2024-07-29T22:23:20.231+0000] {logging_mixin.py:188} INFO - [2024-07-29T22:23:20.231+0000] {dag.py:3047} INFO - Sync 1 DAGs
[2024-07-29T22:23:20.247+0000] {logging_mixin.py:188} INFO - [2024-07-29T22:23:20.247+0000] {dag.py:3834} INFO - Setting next_dagrun for example_setup_teardown to 2024-07-28 00:00:00+00:00, run_after=2024-07-29 00:00:00+00:00
[2024-07-29T22:23:20.262+0000] {processor.py:183} INFO - Processing /home/airflow/.local/lib/python3.8/site-packages/airflow/example_dags/example_setup_teardown.py took 0.054 seconds
[2024-07-29T22:23:50.477+0000] {processor.py:161} INFO - Started process (PID=525) to work on /home/airflow/.local/lib/python3.8/site-packages/airflow/example_dags/example_setup_teardown.py
[2024-07-29T22:23:50.478+0000] {processor.py:830} INFO - Processing file /home/airflow/.local/lib/python3.8/site-packages/airflow/example_dags/example_setup_teardown.py for tasks to queue
[2024-07-29T22:23:50.479+0000] {logging_mixin.py:188} INFO - [2024-07-29T22:23:50.479+0000] {dagbag.py:540} INFO - Filling up the DagBag from /home/airflow/.local/lib/python3.8/site-packages/airflow/example_dags/example_setup_teardown.py
[2024-07-29T22:23:50.483+0000] {processor.py:840} INFO - DAG(s) 'example_setup_teardown' retrieved from /home/airflow/.local/lib/python3.8/site-packages/airflow/example_dags/example_setup_teardown.py
[2024-07-29T22:23:50.498+0000] {logging_mixin.py:188} INFO - [2024-07-29T22:23:50.497+0000] {dag.py:3047} INFO - Sync 1 DAGs
[2024-07-29T22:23:50.512+0000] {logging_mixin.py:188} INFO - [2024-07-29T22:23:50.512+0000] {dag.py:3834} INFO - Setting next_dagrun for example_setup_teardown to 2024-07-28 00:00:00+00:00, run_after=2024-07-29 00:00:00+00:00
[2024-07-29T22:23:50.526+0000] {processor.py:183} INFO - Processing /home/airflow/.local/lib/python3.8/site-packages/airflow/example_dags/example_setup_teardown.py took 0.050 seconds
[2024-07-29T22:24:20.682+0000] {processor.py:161} INFO - Started process (PID=581) to work on /home/airflow/.local/lib/python3.8/site-packages/airflow/example_dags/example_setup_teardown.py
[2024-07-29T22:24:20.683+0000] {processor.py:830} INFO - Processing file /home/airflow/.local/lib/python3.8/site-packages/airflow/example_dags/example_setup_teardown.py for tasks to queue
[2024-07-29T22:24:20.684+0000] {logging_mixin.py:188} INFO - [2024-07-29T22:24:20.684+0000] {dagbag.py:540} INFO - Filling up the DagBag from /home/airflow/.local/lib/python3.8/site-packages/airflow/example_dags/example_setup_teardown.py
[2024-07-29T22:24:20.689+0000] {processor.py:840} INFO - DAG(s) 'example_setup_teardown' retrieved from /home/airflow/.local/lib/python3.8/site-packages/airflow/example_dags/example_setup_teardown.py
[2024-07-29T22:24:20.706+0000] {logging_mixin.py:188} INFO - [2024-07-29T22:24:20.706+0000] {dag.py:3047} INFO - Sync 1 DAGs
[2024-07-29T22:24:20.728+0000] {logging_mixin.py:188} INFO - [2024-07-29T22:24:20.728+0000] {dag.py:3834} INFO - Setting next_dagrun for example_setup_teardown to 2024-07-28 00:00:00+00:00, run_after=2024-07-29 00:00:00+00:00
[2024-07-29T22:24:20.747+0000] {processor.py:183} INFO - Processing /home/airflow/.local/lib/python3.8/site-packages/airflow/example_dags/example_setup_teardown.py took 0.067 seconds
[2024-07-29T22:24:50.867+0000] {processor.py:161} INFO - Started process (PID=637) to work on /home/airflow/.local/lib/python3.8/site-packages/airflow/example_dags/example_setup_teardown.py
[2024-07-29T22:24:50.867+0000] {processor.py:830} INFO - Processing file /home/airflow/.local/lib/python3.8/site-packages/airflow/example_dags/example_setup_teardown.py for tasks to queue
[2024-07-29T22:24:50.869+0000] {logging_mixin.py:188} INFO - [2024-07-29T22:24:50.868+0000] {dagbag.py:540} INFO - Filling up the DagBag from /home/airflow/.local/lib/python3.8/site-packages/airflow/example_dags/example_setup_teardown.py
[2024-07-29T22:24:50.873+0000] {processor.py:840} INFO - DAG(s) 'example_setup_teardown' retrieved from /home/airflow/.local/lib/python3.8/site-packages/airflow/example_dags/example_setup_teardown.py
[2024-07-29T22:24:50.888+0000] {logging_mixin.py:188} INFO - [2024-07-29T22:24:50.888+0000] {dag.py:3047} INFO - Sync 1 DAGs
[2024-07-29T22:24:50.904+0000] {logging_mixin.py:188} INFO - [2024-07-29T22:24:50.904+0000] {dag.py:3834} INFO - Setting next_dagrun for example_setup_teardown to 2024-07-28 00:00:00+00:00, run_after=2024-07-29 00:00:00+00:00
[2024-07-29T22:24:50.918+0000] {processor.py:183} INFO - Processing /home/airflow/.local/lib/python3.8/site-packages/airflow/example_dags/example_setup_teardown.py took 0.053 seconds
[2024-07-29T22:25:21.140+0000] {processor.py:161} INFO - Started process (PID=693) to work on /home/airflow/.local/lib/python3.8/site-packages/airflow/example_dags/example_setup_teardown.py
[2024-07-29T22:25:21.141+0000] {processor.py:830} INFO - Processing file /home/airflow/.local/lib/python3.8/site-packages/airflow/example_dags/example_setup_teardown.py for tasks to queue
[2024-07-29T22:25:21.142+0000] {logging_mixin.py:188} INFO - [2024-07-29T22:25:21.142+0000] {dagbag.py:540} INFO - Filling up the DagBag from /home/airflow/.local/lib/python3.8/site-packages/airflow/example_dags/example_setup_teardown.py
[2024-07-29T22:25:21.147+0000] {processor.py:840} INFO - DAG(s) 'example_setup_teardown' retrieved from /home/airflow/.local/lib/python3.8/site-packages/airflow/example_dags/example_setup_teardown.py
[2024-07-29T22:25:21.164+0000] {logging_mixin.py:188} INFO - [2024-07-29T22:25:21.163+0000] {dag.py:3047} INFO - Sync 1 DAGs
[2024-07-29T22:25:21.188+0000] {logging_mixin.py:188} INFO - [2024-07-29T22:25:21.188+0000] {dag.py:3834} INFO - Setting next_dagrun for example_setup_teardown to 2024-07-28 00:00:00+00:00, run_after=2024-07-29 00:00:00+00:00
[2024-07-29T22:25:21.204+0000] {processor.py:183} INFO - Processing /home/airflow/.local/lib/python3.8/site-packages/airflow/example_dags/example_setup_teardown.py took 0.066 seconds
[2024-07-29T22:25:51.402+0000] {processor.py:161} INFO - Started process (PID=749) to work on /home/airflow/.local/lib/python3.8/site-packages/airflow/example_dags/example_setup_teardown.py
[2024-07-29T22:25:51.403+0000] {processor.py:830} INFO - Processing file /home/airflow/.local/lib/python3.8/site-packages/airflow/example_dags/example_setup_teardown.py for tasks to queue
[2024-07-29T22:25:51.405+0000] {logging_mixin.py:188} INFO - [2024-07-29T22:25:51.404+0000] {dagbag.py:540} INFO - Filling up the DagBag from /home/airflow/.local/lib/python3.8/site-packages/airflow/example_dags/example_setup_teardown.py
[2024-07-29T22:25:51.410+0000] {processor.py:840} INFO - DAG(s) 'example_setup_teardown' retrieved from /home/airflow/.local/lib/python3.8/site-packages/airflow/example_dags/example_setup_teardown.py
[2024-07-29T22:25:51.429+0000] {logging_mixin.py:188} INFO - [2024-07-29T22:25:51.428+0000] {dag.py:3047} INFO - Sync 1 DAGs
[2024-07-29T22:25:51.451+0000] {logging_mixin.py:188} INFO - [2024-07-29T22:25:51.451+0000] {dag.py:3834} INFO - Setting next_dagrun for example_setup_teardown to 2024-07-28 00:00:00+00:00, run_after=2024-07-29 00:00:00+00:00
[2024-07-29T22:25:51.466+0000] {processor.py:183} INFO - Processing /home/airflow/.local/lib/python3.8/site-packages/airflow/example_dags/example_setup_teardown.py took 0.066 seconds
[2024-07-29T22:26:21.630+0000] {processor.py:161} INFO - Started process (PID=805) to work on /home/airflow/.local/lib/python3.8/site-packages/airflow/example_dags/example_setup_teardown.py
[2024-07-29T22:26:21.631+0000] {processor.py:830} INFO - Processing file /home/airflow/.local/lib/python3.8/site-packages/airflow/example_dags/example_setup_teardown.py for tasks to queue
[2024-07-29T22:26:21.632+0000] {logging_mixin.py:188} INFO - [2024-07-29T22:26:21.632+0000] {dagbag.py:540} INFO - Filling up the DagBag from /home/airflow/.local/lib/python3.8/site-packages/airflow/example_dags/example_setup_teardown.py
[2024-07-29T22:26:21.637+0000] {processor.py:840} INFO - DAG(s) 'example_setup_teardown' retrieved from /home/airflow/.local/lib/python3.8/site-packages/airflow/example_dags/example_setup_teardown.py
[2024-07-29T22:26:21.653+0000] {logging_mixin.py:188} INFO - [2024-07-29T22:26:21.653+0000] {dag.py:3047} INFO - Sync 1 DAGs
[2024-07-29T22:26:21.671+0000] {logging_mixin.py:188} INFO - [2024-07-29T22:26:21.671+0000] {dag.py:3834} INFO - Setting next_dagrun for example_setup_teardown to 2024-07-28 00:00:00+00:00, run_after=2024-07-29 00:00:00+00:00
[2024-07-29T22:26:21.687+0000] {processor.py:183} INFO - Processing /home/airflow/.local/lib/python3.8/site-packages/airflow/example_dags/example_setup_teardown.py took 0.059 seconds
[2024-07-29T22:26:51.857+0000] {processor.py:161} INFO - Started process (PID=861) to work on /home/airflow/.local/lib/python3.8/site-packages/airflow/example_dags/example_setup_teardown.py
[2024-07-29T22:26:51.858+0000] {processor.py:830} INFO - Processing file /home/airflow/.local/lib/python3.8/site-packages/airflow/example_dags/example_setup_teardown.py for tasks to queue
[2024-07-29T22:26:51.859+0000] {logging_mixin.py:188} INFO - [2024-07-29T22:26:51.859+0000] {dagbag.py:540} INFO - Filling up the DagBag from /home/airflow/.local/lib/python3.8/site-packages/airflow/example_dags/example_setup_teardown.py
[2024-07-29T22:26:51.864+0000] {processor.py:840} INFO - DAG(s) 'example_setup_teardown' retrieved from /home/airflow/.local/lib/python3.8/site-packages/airflow/example_dags/example_setup_teardown.py
[2024-07-29T22:26:51.879+0000] {logging_mixin.py:188} INFO - [2024-07-29T22:26:51.879+0000] {dag.py:3047} INFO - Sync 1 DAGs
[2024-07-29T22:26:51.895+0000] {logging_mixin.py:188} INFO - [2024-07-29T22:26:51.895+0000] {dag.py:3834} INFO - Setting next_dagrun for example_setup_teardown to 2024-07-28 00:00:00+00:00, run_after=2024-07-29 00:00:00+00:00
[2024-07-29T22:26:51.909+0000] {processor.py:183} INFO - Processing /home/airflow/.local/lib/python3.8/site-packages/airflow/example_dags/example_setup_teardown.py took 0.054 seconds
[2024-07-29T22:27:22.059+0000] {processor.py:161} INFO - Started process (PID=917) to work on /home/airflow/.local/lib/python3.8/site-packages/airflow/example_dags/example_setup_teardown.py
[2024-07-29T22:27:22.060+0000] {processor.py:830} INFO - Processing file /home/airflow/.local/lib/python3.8/site-packages/airflow/example_dags/example_setup_teardown.py for tasks to queue
[2024-07-29T22:27:22.061+0000] {logging_mixin.py:188} INFO - [2024-07-29T22:27:22.061+0000] {dagbag.py:540} INFO - Filling up the DagBag from /home/airflow/.local/lib/python3.8/site-packages/airflow/example_dags/example_setup_teardown.py
[2024-07-29T22:27:22.065+0000] {processor.py:840} INFO - DAG(s) 'example_setup_teardown' retrieved from /home/airflow/.local/lib/python3.8/site-packages/airflow/example_dags/example_setup_teardown.py
[2024-07-29T22:27:22.080+0000] {logging_mixin.py:188} INFO - [2024-07-29T22:27:22.080+0000] {dag.py:3047} INFO - Sync 1 DAGs
[2024-07-29T22:27:22.096+0000] {logging_mixin.py:188} INFO - [2024-07-29T22:27:22.096+0000] {dag.py:3834} INFO - Setting next_dagrun for example_setup_teardown to 2024-07-28 00:00:00+00:00, run_after=2024-07-29 00:00:00+00:00
[2024-07-29T22:27:22.111+0000] {processor.py:183} INFO - Processing /home/airflow/.local/lib/python3.8/site-packages/airflow/example_dags/example_setup_teardown.py took 0.055 seconds
[2024-07-29T22:27:52.346+0000] {processor.py:161} INFO - Started process (PID=973) to work on /home/airflow/.local/lib/python3.8/site-packages/airflow/example_dags/example_setup_teardown.py
[2024-07-29T22:27:52.347+0000] {processor.py:830} INFO - Processing file /home/airflow/.local/lib/python3.8/site-packages/airflow/example_dags/example_setup_teardown.py for tasks to queue
[2024-07-29T22:27:52.348+0000] {logging_mixin.py:188} INFO - [2024-07-29T22:27:52.348+0000] {dagbag.py:540} INFO - Filling up the DagBag from /home/airflow/.local/lib/python3.8/site-packages/airflow/example_dags/example_setup_teardown.py
[2024-07-29T22:27:52.354+0000] {processor.py:840} INFO - DAG(s) 'example_setup_teardown' retrieved from /home/airflow/.local/lib/python3.8/site-packages/airflow/example_dags/example_setup_teardown.py
[2024-07-29T22:27:52.371+0000] {logging_mixin.py:188} INFO - [2024-07-29T22:27:52.370+0000] {dag.py:3047} INFO - Sync 1 DAGs
[2024-07-29T22:27:52.390+0000] {logging_mixin.py:188} INFO - [2024-07-29T22:27:52.389+0000] {dag.py:3834} INFO - Setting next_dagrun for example_setup_teardown to 2024-07-28 00:00:00+00:00, run_after=2024-07-29 00:00:00+00:00
[2024-07-29T22:27:52.407+0000] {processor.py:183} INFO - Processing /home/airflow/.local/lib/python3.8/site-packages/airflow/example_dags/example_setup_teardown.py took 0.064 seconds
[2024-07-29T23:28:18.562+0000] {processor.py:161} INFO - Started process (PID=65) to work on /home/airflow/.local/lib/python3.8/site-packages/airflow/example_dags/example_setup_teardown.py
[2024-07-29T23:28:18.563+0000] {processor.py:830} INFO - Processing file /home/airflow/.local/lib/python3.8/site-packages/airflow/example_dags/example_setup_teardown.py for tasks to queue
[2024-07-29T23:28:18.565+0000] {logging_mixin.py:188} INFO - [2024-07-29T23:28:18.565+0000] {dagbag.py:540} INFO - Filling up the DagBag from /home/airflow/.local/lib/python3.8/site-packages/airflow/example_dags/example_setup_teardown.py
[2024-07-29T23:28:18.575+0000] {processor.py:840} INFO - DAG(s) 'example_setup_teardown' retrieved from /home/airflow/.local/lib/python3.8/site-packages/airflow/example_dags/example_setup_teardown.py
[2024-07-29T23:28:18.585+0000] {logging_mixin.py:188} INFO - [2024-07-29T23:28:18.584+0000] {dag.py:3047} INFO - Sync 1 DAGs
[2024-07-29T23:28:18.604+0000] {logging_mixin.py:188} INFO - [2024-07-29T23:28:18.604+0000] {dag.py:3834} INFO - Setting next_dagrun for example_setup_teardown to 2024-07-28 00:00:00+00:00, run_after=2024-07-29 00:00:00+00:00
[2024-07-29T23:28:18.623+0000] {processor.py:183} INFO - Processing /home/airflow/.local/lib/python3.8/site-packages/airflow/example_dags/example_setup_teardown.py took 0.064 seconds
[2024-07-29T23:28:49.129+0000] {processor.py:161} INFO - Started process (PID=121) to work on /home/airflow/.local/lib/python3.8/site-packages/airflow/example_dags/example_setup_teardown.py
[2024-07-29T23:28:49.129+0000] {processor.py:830} INFO - Processing file /home/airflow/.local/lib/python3.8/site-packages/airflow/example_dags/example_setup_teardown.py for tasks to queue
[2024-07-29T23:28:49.131+0000] {logging_mixin.py:188} INFO - [2024-07-29T23:28:49.130+0000] {dagbag.py:540} INFO - Filling up the DagBag from /home/airflow/.local/lib/python3.8/site-packages/airflow/example_dags/example_setup_teardown.py
[2024-07-29T23:28:49.136+0000] {processor.py:840} INFO - DAG(s) 'example_setup_teardown' retrieved from /home/airflow/.local/lib/python3.8/site-packages/airflow/example_dags/example_setup_teardown.py
[2024-07-29T23:28:49.213+0000] {logging_mixin.py:188} INFO - [2024-07-29T23:28:49.212+0000] {dag.py:3047} INFO - Sync 1 DAGs
[2024-07-29T23:28:49.228+0000] {logging_mixin.py:188} INFO - [2024-07-29T23:28:49.227+0000] {dag.py:3834} INFO - Setting next_dagrun for example_setup_teardown to 2024-07-28 00:00:00+00:00, run_after=2024-07-29 00:00:00+00:00
[2024-07-29T23:28:49.244+0000] {processor.py:183} INFO - Processing /home/airflow/.local/lib/python3.8/site-packages/airflow/example_dags/example_setup_teardown.py took 0.118 seconds
