[2024-07-29T22:19:47.320+0000] {processor.py:161} INFO - Started process (PID=83) to work on /home/airflow/.local/lib/python3.8/site-packages/airflow/example_dags/example_task_group_decorator.py
[2024-07-29T22:19:47.321+0000] {processor.py:830} INFO - Processing file /home/airflow/.local/lib/python3.8/site-packages/airflow/example_dags/example_task_group_decorator.py for tasks to queue
[2024-07-29T22:19:47.322+0000] {logging_mixin.py:188} INFO - [2024-07-29T22:19:47.322+0000] {dagbag.py:540} INFO - Filling up the DagBag from /home/airflow/.local/lib/python3.8/site-packages/airflow/example_dags/example_task_group_decorator.py
[2024-07-29T22:19:47.337+0000] {processor.py:840} INFO - DAG(s) 'example_task_group_decorator' retrieved from /home/airflow/.local/lib/python3.8/site-packages/airflow/example_dags/example_task_group_decorator.py
[2024-07-29T22:19:47.350+0000] {logging_mixin.py:188} INFO - [2024-07-29T22:19:47.349+0000] {dag.py:3047} INFO - Sync 1 DAGs
[2024-07-29T22:19:47.369+0000] {logging_mixin.py:188} INFO - [2024-07-29T22:19:47.368+0000] {dag.py:3834} INFO - Setting next_dagrun for example_task_group_decorator to 2024-07-28 00:00:00+00:00, run_after=2024-07-29 00:00:00+00:00
[2024-07-29T22:19:47.387+0000] {processor.py:183} INFO - Processing /home/airflow/.local/lib/python3.8/site-packages/airflow/example_dags/example_task_group_decorator.py took 0.070 seconds
[2024-07-29T22:20:18.137+0000] {processor.py:161} INFO - Started process (PID=145) to work on /home/airflow/.local/lib/python3.8/site-packages/airflow/example_dags/example_task_group_decorator.py
[2024-07-29T22:20:18.137+0000] {processor.py:830} INFO - Processing file /home/airflow/.local/lib/python3.8/site-packages/airflow/example_dags/example_task_group_decorator.py for tasks to queue
[2024-07-29T22:20:18.138+0000] {logging_mixin.py:188} INFO - [2024-07-29T22:20:18.138+0000] {dagbag.py:540} INFO - Filling up the DagBag from /home/airflow/.local/lib/python3.8/site-packages/airflow/example_dags/example_task_group_decorator.py
[2024-07-29T22:20:18.149+0000] {processor.py:840} INFO - DAG(s) 'example_task_group_decorator' retrieved from /home/airflow/.local/lib/python3.8/site-packages/airflow/example_dags/example_task_group_decorator.py
[2024-07-29T22:20:18.225+0000] {logging_mixin.py:188} INFO - [2024-07-29T22:20:18.225+0000] {dag.py:3047} INFO - Sync 1 DAGs
[2024-07-29T22:20:18.241+0000] {logging_mixin.py:188} INFO - [2024-07-29T22:20:18.240+0000] {dag.py:3834} INFO - Setting next_dagrun for example_task_group_decorator to 2024-07-28 00:00:00+00:00, run_after=2024-07-29 00:00:00+00:00
[2024-07-29T22:20:18.255+0000] {processor.py:183} INFO - Processing /home/airflow/.local/lib/python3.8/site-packages/airflow/example_dags/example_task_group_decorator.py took 0.121 seconds
[2024-07-29T22:20:48.777+0000] {processor.py:161} INFO - Started process (PID=201) to work on /home/airflow/.local/lib/python3.8/site-packages/airflow/example_dags/example_task_group_decorator.py
[2024-07-29T22:20:48.778+0000] {processor.py:830} INFO - Processing file /home/airflow/.local/lib/python3.8/site-packages/airflow/example_dags/example_task_group_decorator.py for tasks to queue
[2024-07-29T22:20:48.779+0000] {logging_mixin.py:188} INFO - [2024-07-29T22:20:48.778+0000] {dagbag.py:540} INFO - Filling up the DagBag from /home/airflow/.local/lib/python3.8/site-packages/airflow/example_dags/example_task_group_decorator.py
[2024-07-29T22:20:48.789+0000] {processor.py:840} INFO - DAG(s) 'example_task_group_decorator' retrieved from /home/airflow/.local/lib/python3.8/site-packages/airflow/example_dags/example_task_group_decorator.py
[2024-07-29T22:20:48.807+0000] {logging_mixin.py:188} INFO - [2024-07-29T22:20:48.807+0000] {dag.py:3047} INFO - Sync 1 DAGs
[2024-07-29T22:20:48.823+0000] {logging_mixin.py:188} INFO - [2024-07-29T22:20:48.823+0000] {dag.py:3834} INFO - Setting next_dagrun for example_task_group_decorator to 2024-07-28 00:00:00+00:00, run_after=2024-07-29 00:00:00+00:00
[2024-07-29T22:20:48.838+0000] {processor.py:183} INFO - Processing /home/airflow/.local/lib/python3.8/site-packages/airflow/example_dags/example_task_group_decorator.py took 0.063 seconds
[2024-07-29T22:21:19.824+0000] {processor.py:161} INFO - Started process (PID=257) to work on /home/airflow/.local/lib/python3.8/site-packages/airflow/example_dags/example_task_group_decorator.py
[2024-07-29T22:21:19.825+0000] {processor.py:830} INFO - Processing file /home/airflow/.local/lib/python3.8/site-packages/airflow/example_dags/example_task_group_decorator.py for tasks to queue
[2024-07-29T22:21:19.826+0000] {logging_mixin.py:188} INFO - [2024-07-29T22:21:19.826+0000] {dagbag.py:540} INFO - Filling up the DagBag from /home/airflow/.local/lib/python3.8/site-packages/airflow/example_dags/example_task_group_decorator.py
[2024-07-29T22:21:19.836+0000] {processor.py:840} INFO - DAG(s) 'example_task_group_decorator' retrieved from /home/airflow/.local/lib/python3.8/site-packages/airflow/example_dags/example_task_group_decorator.py
[2024-07-29T22:21:19.855+0000] {logging_mixin.py:188} INFO - [2024-07-29T22:21:19.855+0000] {dag.py:3047} INFO - Sync 1 DAGs
[2024-07-29T22:21:19.871+0000] {logging_mixin.py:188} INFO - [2024-07-29T22:21:19.871+0000] {dag.py:3834} INFO - Setting next_dagrun for example_task_group_decorator to 2024-07-28 00:00:00+00:00, run_after=2024-07-29 00:00:00+00:00
[2024-07-29T22:21:19.886+0000] {processor.py:183} INFO - Processing /home/airflow/.local/lib/python3.8/site-packages/airflow/example_dags/example_task_group_decorator.py took 0.064 seconds
[2024-07-29T22:21:50.047+0000] {processor.py:161} INFO - Started process (PID=313) to work on /home/airflow/.local/lib/python3.8/site-packages/airflow/example_dags/example_task_group_decorator.py
[2024-07-29T22:21:50.048+0000] {processor.py:830} INFO - Processing file /home/airflow/.local/lib/python3.8/site-packages/airflow/example_dags/example_task_group_decorator.py for tasks to queue
[2024-07-29T22:21:50.049+0000] {logging_mixin.py:188} INFO - [2024-07-29T22:21:50.049+0000] {dagbag.py:540} INFO - Filling up the DagBag from /home/airflow/.local/lib/python3.8/site-packages/airflow/example_dags/example_task_group_decorator.py
[2024-07-29T22:21:50.060+0000] {processor.py:840} INFO - DAG(s) 'example_task_group_decorator' retrieved from /home/airflow/.local/lib/python3.8/site-packages/airflow/example_dags/example_task_group_decorator.py
[2024-07-29T22:21:50.080+0000] {logging_mixin.py:188} INFO - [2024-07-29T22:21:50.080+0000] {dag.py:3047} INFO - Sync 1 DAGs
[2024-07-29T22:21:50.096+0000] {logging_mixin.py:188} INFO - [2024-07-29T22:21:50.096+0000] {dag.py:3834} INFO - Setting next_dagrun for example_task_group_decorator to 2024-07-28 00:00:00+00:00, run_after=2024-07-29 00:00:00+00:00
[2024-07-29T22:21:50.110+0000] {processor.py:183} INFO - Processing /home/airflow/.local/lib/python3.8/site-packages/airflow/example_dags/example_task_group_decorator.py took 0.066 seconds
[2024-07-29T22:22:20.336+0000] {processor.py:161} INFO - Started process (PID=369) to work on /home/airflow/.local/lib/python3.8/site-packages/airflow/example_dags/example_task_group_decorator.py
[2024-07-29T22:22:20.337+0000] {processor.py:830} INFO - Processing file /home/airflow/.local/lib/python3.8/site-packages/airflow/example_dags/example_task_group_decorator.py for tasks to queue
[2024-07-29T22:22:20.338+0000] {logging_mixin.py:188} INFO - [2024-07-29T22:22:20.338+0000] {dagbag.py:540} INFO - Filling up the DagBag from /home/airflow/.local/lib/python3.8/site-packages/airflow/example_dags/example_task_group_decorator.py
[2024-07-29T22:22:20.350+0000] {processor.py:840} INFO - DAG(s) 'example_task_group_decorator' retrieved from /home/airflow/.local/lib/python3.8/site-packages/airflow/example_dags/example_task_group_decorator.py
[2024-07-29T22:22:20.370+0000] {logging_mixin.py:188} INFO - [2024-07-29T22:22:20.369+0000] {dag.py:3047} INFO - Sync 1 DAGs
[2024-07-29T22:22:20.387+0000] {logging_mixin.py:188} INFO - [2024-07-29T22:22:20.387+0000] {dag.py:3834} INFO - Setting next_dagrun for example_task_group_decorator to 2024-07-28 00:00:00+00:00, run_after=2024-07-29 00:00:00+00:00
[2024-07-29T22:22:20.402+0000] {processor.py:183} INFO - Processing /home/airflow/.local/lib/python3.8/site-packages/airflow/example_dags/example_task_group_decorator.py took 0.068 seconds
[2024-07-29T22:22:50.512+0000] {processor.py:161} INFO - Started process (PID=425) to work on /home/airflow/.local/lib/python3.8/site-packages/airflow/example_dags/example_task_group_decorator.py
[2024-07-29T22:22:50.513+0000] {processor.py:830} INFO - Processing file /home/airflow/.local/lib/python3.8/site-packages/airflow/example_dags/example_task_group_decorator.py for tasks to queue
[2024-07-29T22:22:50.514+0000] {logging_mixin.py:188} INFO - [2024-07-29T22:22:50.514+0000] {dagbag.py:540} INFO - Filling up the DagBag from /home/airflow/.local/lib/python3.8/site-packages/airflow/example_dags/example_task_group_decorator.py
[2024-07-29T22:22:50.526+0000] {processor.py:840} INFO - DAG(s) 'example_task_group_decorator' retrieved from /home/airflow/.local/lib/python3.8/site-packages/airflow/example_dags/example_task_group_decorator.py
[2024-07-29T22:22:50.547+0000] {logging_mixin.py:188} INFO - [2024-07-29T22:22:50.546+0000] {dag.py:3047} INFO - Sync 1 DAGs
[2024-07-29T22:22:50.563+0000] {logging_mixin.py:188} INFO - [2024-07-29T22:22:50.563+0000] {dag.py:3834} INFO - Setting next_dagrun for example_task_group_decorator to 2024-07-28 00:00:00+00:00, run_after=2024-07-29 00:00:00+00:00
[2024-07-29T22:22:50.578+0000] {processor.py:183} INFO - Processing /home/airflow/.local/lib/python3.8/site-packages/airflow/example_dags/example_task_group_decorator.py took 0.068 seconds
[2024-07-29T22:23:20.624+0000] {processor.py:161} INFO - Started process (PID=481) to work on /home/airflow/.local/lib/python3.8/site-packages/airflow/example_dags/example_task_group_decorator.py
[2024-07-29T22:23:20.625+0000] {processor.py:830} INFO - Processing file /home/airflow/.local/lib/python3.8/site-packages/airflow/example_dags/example_task_group_decorator.py for tasks to queue
[2024-07-29T22:23:20.626+0000] {logging_mixin.py:188} INFO - [2024-07-29T22:23:20.626+0000] {dagbag.py:540} INFO - Filling up the DagBag from /home/airflow/.local/lib/python3.8/site-packages/airflow/example_dags/example_task_group_decorator.py
[2024-07-29T22:23:20.638+0000] {processor.py:840} INFO - DAG(s) 'example_task_group_decorator' retrieved from /home/airflow/.local/lib/python3.8/site-packages/airflow/example_dags/example_task_group_decorator.py
[2024-07-29T22:23:20.659+0000] {logging_mixin.py:188} INFO - [2024-07-29T22:23:20.659+0000] {dag.py:3047} INFO - Sync 1 DAGs
[2024-07-29T22:23:20.676+0000] {logging_mixin.py:188} INFO - [2024-07-29T22:23:20.676+0000] {dag.py:3834} INFO - Setting next_dagrun for example_task_group_decorator to 2024-07-28 00:00:00+00:00, run_after=2024-07-29 00:00:00+00:00
[2024-07-29T22:23:20.692+0000] {processor.py:183} INFO - Processing /home/airflow/.local/lib/python3.8/site-packages/airflow/example_dags/example_task_group_decorator.py took 0.071 seconds
[2024-07-29T22:23:50.999+0000] {processor.py:161} INFO - Started process (PID=537) to work on /home/airflow/.local/lib/python3.8/site-packages/airflow/example_dags/example_task_group_decorator.py
[2024-07-29T22:23:51.000+0000] {processor.py:830} INFO - Processing file /home/airflow/.local/lib/python3.8/site-packages/airflow/example_dags/example_task_group_decorator.py for tasks to queue
[2024-07-29T22:23:51.002+0000] {logging_mixin.py:188} INFO - [2024-07-29T22:23:51.001+0000] {dagbag.py:540} INFO - Filling up the DagBag from /home/airflow/.local/lib/python3.8/site-packages/airflow/example_dags/example_task_group_decorator.py
[2024-07-29T22:23:51.014+0000] {processor.py:840} INFO - DAG(s) 'example_task_group_decorator' retrieved from /home/airflow/.local/lib/python3.8/site-packages/airflow/example_dags/example_task_group_decorator.py
[2024-07-29T22:23:51.034+0000] {logging_mixin.py:188} INFO - [2024-07-29T22:23:51.033+0000] {dag.py:3047} INFO - Sync 1 DAGs
[2024-07-29T22:23:51.050+0000] {logging_mixin.py:188} INFO - [2024-07-29T22:23:51.050+0000] {dag.py:3834} INFO - Setting next_dagrun for example_task_group_decorator to 2024-07-28 00:00:00+00:00, run_after=2024-07-29 00:00:00+00:00
[2024-07-29T22:23:51.066+0000] {processor.py:183} INFO - Processing /home/airflow/.local/lib/python3.8/site-packages/airflow/example_dags/example_task_group_decorator.py took 0.070 seconds
[2024-07-29T22:24:21.168+0000] {processor.py:161} INFO - Started process (PID=593) to work on /home/airflow/.local/lib/python3.8/site-packages/airflow/example_dags/example_task_group_decorator.py
[2024-07-29T22:24:21.168+0000] {processor.py:830} INFO - Processing file /home/airflow/.local/lib/python3.8/site-packages/airflow/example_dags/example_task_group_decorator.py for tasks to queue
[2024-07-29T22:24:21.170+0000] {logging_mixin.py:188} INFO - [2024-07-29T22:24:21.169+0000] {dagbag.py:540} INFO - Filling up the DagBag from /home/airflow/.local/lib/python3.8/site-packages/airflow/example_dags/example_task_group_decorator.py
[2024-07-29T22:24:21.181+0000] {processor.py:840} INFO - DAG(s) 'example_task_group_decorator' retrieved from /home/airflow/.local/lib/python3.8/site-packages/airflow/example_dags/example_task_group_decorator.py
[2024-07-29T22:24:21.201+0000] {logging_mixin.py:188} INFO - [2024-07-29T22:24:21.200+0000] {dag.py:3047} INFO - Sync 1 DAGs
[2024-07-29T22:24:21.218+0000] {logging_mixin.py:188} INFO - [2024-07-29T22:24:21.218+0000] {dag.py:3834} INFO - Setting next_dagrun for example_task_group_decorator to 2024-07-28 00:00:00+00:00, run_after=2024-07-29 00:00:00+00:00
[2024-07-29T22:24:21.235+0000] {processor.py:183} INFO - Processing /home/airflow/.local/lib/python3.8/site-packages/airflow/example_dags/example_task_group_decorator.py took 0.070 seconds
[2024-07-29T22:24:51.290+0000] {processor.py:161} INFO - Started process (PID=649) to work on /home/airflow/.local/lib/python3.8/site-packages/airflow/example_dags/example_task_group_decorator.py
[2024-07-29T22:24:51.291+0000] {processor.py:830} INFO - Processing file /home/airflow/.local/lib/python3.8/site-packages/airflow/example_dags/example_task_group_decorator.py for tasks to queue
[2024-07-29T22:24:51.292+0000] {logging_mixin.py:188} INFO - [2024-07-29T22:24:51.292+0000] {dagbag.py:540} INFO - Filling up the DagBag from /home/airflow/.local/lib/python3.8/site-packages/airflow/example_dags/example_task_group_decorator.py
[2024-07-29T22:24:51.303+0000] {processor.py:840} INFO - DAG(s) 'example_task_group_decorator' retrieved from /home/airflow/.local/lib/python3.8/site-packages/airflow/example_dags/example_task_group_decorator.py
[2024-07-29T22:24:51.325+0000] {logging_mixin.py:188} INFO - [2024-07-29T22:24:51.324+0000] {dag.py:3047} INFO - Sync 1 DAGs
[2024-07-29T22:24:51.344+0000] {logging_mixin.py:188} INFO - [2024-07-29T22:24:51.344+0000] {dag.py:3834} INFO - Setting next_dagrun for example_task_group_decorator to 2024-07-28 00:00:00+00:00, run_after=2024-07-29 00:00:00+00:00
[2024-07-29T22:24:51.360+0000] {processor.py:183} INFO - Processing /home/airflow/.local/lib/python3.8/site-packages/airflow/example_dags/example_task_group_decorator.py took 0.072 seconds
[2024-07-29T22:25:21.593+0000] {processor.py:161} INFO - Started process (PID=705) to work on /home/airflow/.local/lib/python3.8/site-packages/airflow/example_dags/example_task_group_decorator.py
[2024-07-29T22:25:21.594+0000] {processor.py:830} INFO - Processing file /home/airflow/.local/lib/python3.8/site-packages/airflow/example_dags/example_task_group_decorator.py for tasks to queue
[2024-07-29T22:25:21.595+0000] {logging_mixin.py:188} INFO - [2024-07-29T22:25:21.595+0000] {dagbag.py:540} INFO - Filling up the DagBag from /home/airflow/.local/lib/python3.8/site-packages/airflow/example_dags/example_task_group_decorator.py
[2024-07-29T22:25:21.606+0000] {processor.py:840} INFO - DAG(s) 'example_task_group_decorator' retrieved from /home/airflow/.local/lib/python3.8/site-packages/airflow/example_dags/example_task_group_decorator.py
[2024-07-29T22:25:21.626+0000] {logging_mixin.py:188} INFO - [2024-07-29T22:25:21.626+0000] {dag.py:3047} INFO - Sync 1 DAGs
[2024-07-29T22:25:21.643+0000] {logging_mixin.py:188} INFO - [2024-07-29T22:25:21.643+0000] {dag.py:3834} INFO - Setting next_dagrun for example_task_group_decorator to 2024-07-28 00:00:00+00:00, run_after=2024-07-29 00:00:00+00:00
[2024-07-29T22:25:21.657+0000] {processor.py:183} INFO - Processing /home/airflow/.local/lib/python3.8/site-packages/airflow/example_dags/example_task_group_decorator.py took 0.066 seconds
[2024-07-29T22:25:51.933+0000] {processor.py:161} INFO - Started process (PID=761) to work on /home/airflow/.local/lib/python3.8/site-packages/airflow/example_dags/example_task_group_decorator.py
[2024-07-29T22:25:51.934+0000] {processor.py:830} INFO - Processing file /home/airflow/.local/lib/python3.8/site-packages/airflow/example_dags/example_task_group_decorator.py for tasks to queue
[2024-07-29T22:25:51.935+0000] {logging_mixin.py:188} INFO - [2024-07-29T22:25:51.935+0000] {dagbag.py:540} INFO - Filling up the DagBag from /home/airflow/.local/lib/python3.8/site-packages/airflow/example_dags/example_task_group_decorator.py
[2024-07-29T22:25:51.948+0000] {processor.py:840} INFO - DAG(s) 'example_task_group_decorator' retrieved from /home/airflow/.local/lib/python3.8/site-packages/airflow/example_dags/example_task_group_decorator.py
[2024-07-29T22:25:51.969+0000] {logging_mixin.py:188} INFO - [2024-07-29T22:25:51.969+0000] {dag.py:3047} INFO - Sync 1 DAGs
[2024-07-29T22:25:51.988+0000] {logging_mixin.py:188} INFO - [2024-07-29T22:25:51.988+0000] {dag.py:3834} INFO - Setting next_dagrun for example_task_group_decorator to 2024-07-28 00:00:00+00:00, run_after=2024-07-29 00:00:00+00:00
[2024-07-29T22:25:52.005+0000] {processor.py:183} INFO - Processing /home/airflow/.local/lib/python3.8/site-packages/airflow/example_dags/example_task_group_decorator.py took 0.074 seconds
[2024-07-29T22:26:22.020+0000] {processor.py:161} INFO - Started process (PID=816) to work on /home/airflow/.local/lib/python3.8/site-packages/airflow/example_dags/example_task_group_decorator.py
[2024-07-29T22:26:22.021+0000] {processor.py:830} INFO - Processing file /home/airflow/.local/lib/python3.8/site-packages/airflow/example_dags/example_task_group_decorator.py for tasks to queue
[2024-07-29T22:26:22.022+0000] {logging_mixin.py:188} INFO - [2024-07-29T22:26:22.022+0000] {dagbag.py:540} INFO - Filling up the DagBag from /home/airflow/.local/lib/python3.8/site-packages/airflow/example_dags/example_task_group_decorator.py
[2024-07-29T22:26:22.033+0000] {processor.py:840} INFO - DAG(s) 'example_task_group_decorator' retrieved from /home/airflow/.local/lib/python3.8/site-packages/airflow/example_dags/example_task_group_decorator.py
[2024-07-29T22:26:22.052+0000] {logging_mixin.py:188} INFO - [2024-07-29T22:26:22.052+0000] {dag.py:3047} INFO - Sync 1 DAGs
[2024-07-29T22:26:22.070+0000] {logging_mixin.py:188} INFO - [2024-07-29T22:26:22.069+0000] {dag.py:3834} INFO - Setting next_dagrun for example_task_group_decorator to 2024-07-28 00:00:00+00:00, run_after=2024-07-29 00:00:00+00:00
[2024-07-29T22:26:22.084+0000] {processor.py:183} INFO - Processing /home/airflow/.local/lib/python3.8/site-packages/airflow/example_dags/example_task_group_decorator.py took 0.067 seconds
[2024-07-29T22:26:52.280+0000] {processor.py:161} INFO - Started process (PID=873) to work on /home/airflow/.local/lib/python3.8/site-packages/airflow/example_dags/example_task_group_decorator.py
[2024-07-29T22:26:52.281+0000] {processor.py:830} INFO - Processing file /home/airflow/.local/lib/python3.8/site-packages/airflow/example_dags/example_task_group_decorator.py for tasks to queue
[2024-07-29T22:26:52.282+0000] {logging_mixin.py:188} INFO - [2024-07-29T22:26:52.282+0000] {dagbag.py:540} INFO - Filling up the DagBag from /home/airflow/.local/lib/python3.8/site-packages/airflow/example_dags/example_task_group_decorator.py
[2024-07-29T22:26:52.293+0000] {processor.py:840} INFO - DAG(s) 'example_task_group_decorator' retrieved from /home/airflow/.local/lib/python3.8/site-packages/airflow/example_dags/example_task_group_decorator.py
[2024-07-29T22:26:52.311+0000] {logging_mixin.py:188} INFO - [2024-07-29T22:26:52.311+0000] {dag.py:3047} INFO - Sync 1 DAGs
[2024-07-29T22:26:52.327+0000] {logging_mixin.py:188} INFO - [2024-07-29T22:26:52.327+0000] {dag.py:3834} INFO - Setting next_dagrun for example_task_group_decorator to 2024-07-28 00:00:00+00:00, run_after=2024-07-29 00:00:00+00:00
[2024-07-29T22:26:52.341+0000] {processor.py:183} INFO - Processing /home/airflow/.local/lib/python3.8/site-packages/airflow/example_dags/example_task_group_decorator.py took 0.063 seconds
[2024-07-29T22:27:22.473+0000] {processor.py:161} INFO - Started process (PID=929) to work on /home/airflow/.local/lib/python3.8/site-packages/airflow/example_dags/example_task_group_decorator.py
[2024-07-29T22:27:22.474+0000] {processor.py:830} INFO - Processing file /home/airflow/.local/lib/python3.8/site-packages/airflow/example_dags/example_task_group_decorator.py for tasks to queue
[2024-07-29T22:27:22.476+0000] {logging_mixin.py:188} INFO - [2024-07-29T22:27:22.475+0000] {dagbag.py:540} INFO - Filling up the DagBag from /home/airflow/.local/lib/python3.8/site-packages/airflow/example_dags/example_task_group_decorator.py
[2024-07-29T22:27:22.486+0000] {processor.py:840} INFO - DAG(s) 'example_task_group_decorator' retrieved from /home/airflow/.local/lib/python3.8/site-packages/airflow/example_dags/example_task_group_decorator.py
[2024-07-29T22:27:22.505+0000] {logging_mixin.py:188} INFO - [2024-07-29T22:27:22.505+0000] {dag.py:3047} INFO - Sync 1 DAGs
[2024-07-29T22:27:22.521+0000] {logging_mixin.py:188} INFO - [2024-07-29T22:27:22.521+0000] {dag.py:3834} INFO - Setting next_dagrun for example_task_group_decorator to 2024-07-28 00:00:00+00:00, run_after=2024-07-29 00:00:00+00:00
[2024-07-29T22:27:22.534+0000] {processor.py:183} INFO - Processing /home/airflow/.local/lib/python3.8/site-packages/airflow/example_dags/example_task_group_decorator.py took 0.063 seconds
[2024-07-29T22:27:52.808+0000] {processor.py:161} INFO - Started process (PID=985) to work on /home/airflow/.local/lib/python3.8/site-packages/airflow/example_dags/example_task_group_decorator.py
[2024-07-29T22:27:52.809+0000] {processor.py:830} INFO - Processing file /home/airflow/.local/lib/python3.8/site-packages/airflow/example_dags/example_task_group_decorator.py for tasks to queue
[2024-07-29T22:27:52.810+0000] {logging_mixin.py:188} INFO - [2024-07-29T22:27:52.810+0000] {dagbag.py:540} INFO - Filling up the DagBag from /home/airflow/.local/lib/python3.8/site-packages/airflow/example_dags/example_task_group_decorator.py
[2024-07-29T22:27:52.821+0000] {processor.py:840} INFO - DAG(s) 'example_task_group_decorator' retrieved from /home/airflow/.local/lib/python3.8/site-packages/airflow/example_dags/example_task_group_decorator.py
[2024-07-29T22:27:52.839+0000] {logging_mixin.py:188} INFO - [2024-07-29T22:27:52.839+0000] {dag.py:3047} INFO - Sync 1 DAGs
[2024-07-29T22:27:52.857+0000] {logging_mixin.py:188} INFO - [2024-07-29T22:27:52.856+0000] {dag.py:3834} INFO - Setting next_dagrun for example_task_group_decorator to 2024-07-28 00:00:00+00:00, run_after=2024-07-29 00:00:00+00:00
[2024-07-29T22:27:52.871+0000] {processor.py:183} INFO - Processing /home/airflow/.local/lib/python3.8/site-packages/airflow/example_dags/example_task_group_decorator.py took 0.065 seconds
[2024-07-29T23:28:19.043+0000] {processor.py:161} INFO - Started process (PID=77) to work on /home/airflow/.local/lib/python3.8/site-packages/airflow/example_dags/example_task_group_decorator.py
[2024-07-29T23:28:19.044+0000] {processor.py:830} INFO - Processing file /home/airflow/.local/lib/python3.8/site-packages/airflow/example_dags/example_task_group_decorator.py for tasks to queue
[2024-07-29T23:28:19.045+0000] {logging_mixin.py:188} INFO - [2024-07-29T23:28:19.045+0000] {dagbag.py:540} INFO - Filling up the DagBag from /home/airflow/.local/lib/python3.8/site-packages/airflow/example_dags/example_task_group_decorator.py
[2024-07-29T23:28:19.059+0000] {processor.py:840} INFO - DAG(s) 'example_task_group_decorator' retrieved from /home/airflow/.local/lib/python3.8/site-packages/airflow/example_dags/example_task_group_decorator.py
[2024-07-29T23:28:19.069+0000] {logging_mixin.py:188} INFO - [2024-07-29T23:28:19.069+0000] {dag.py:3047} INFO - Sync 1 DAGs
[2024-07-29T23:28:19.093+0000] {logging_mixin.py:188} INFO - [2024-07-29T23:28:19.093+0000] {dag.py:3834} INFO - Setting next_dagrun for example_task_group_decorator to 2024-07-28 00:00:00+00:00, run_after=2024-07-29 00:00:00+00:00
[2024-07-29T23:28:19.110+0000] {processor.py:183} INFO - Processing /home/airflow/.local/lib/python3.8/site-packages/airflow/example_dags/example_task_group_decorator.py took 0.070 seconds
[2024-07-29T23:28:49.930+0000] {processor.py:161} INFO - Started process (PID=133) to work on /home/airflow/.local/lib/python3.8/site-packages/airflow/example_dags/example_task_group_decorator.py
[2024-07-29T23:28:49.930+0000] {processor.py:830} INFO - Processing file /home/airflow/.local/lib/python3.8/site-packages/airflow/example_dags/example_task_group_decorator.py for tasks to queue
[2024-07-29T23:28:49.932+0000] {logging_mixin.py:188} INFO - [2024-07-29T23:28:49.931+0000] {dagbag.py:540} INFO - Filling up the DagBag from /home/airflow/.local/lib/python3.8/site-packages/airflow/example_dags/example_task_group_decorator.py
[2024-07-29T23:28:49.943+0000] {processor.py:840} INFO - DAG(s) 'example_task_group_decorator' retrieved from /home/airflow/.local/lib/python3.8/site-packages/airflow/example_dags/example_task_group_decorator.py
[2024-07-29T23:28:50.026+0000] {logging_mixin.py:188} INFO - [2024-07-29T23:28:50.025+0000] {dag.py:3047} INFO - Sync 1 DAGs
[2024-07-29T23:28:50.044+0000] {logging_mixin.py:188} INFO - [2024-07-29T23:28:50.044+0000] {dag.py:3834} INFO - Setting next_dagrun for example_task_group_decorator to 2024-07-28 00:00:00+00:00, run_after=2024-07-29 00:00:00+00:00
[2024-07-29T23:28:50.062+0000] {processor.py:183} INFO - Processing /home/airflow/.local/lib/python3.8/site-packages/airflow/example_dags/example_task_group_decorator.py took 0.134 seconds
