[2024-07-29T22:19:46.672+0000] {processor.py:161} INFO - Started process (PID=62) to work on /home/airflow/.local/lib/python3.8/site-packages/airflow/example_dags/example_sensor_decorator.py
[2024-07-29T22:19:46.672+0000] {processor.py:830} INFO - Processing file /home/airflow/.local/lib/python3.8/site-packages/airflow/example_dags/example_sensor_decorator.py for tasks to queue
[2024-07-29T22:19:46.673+0000] {logging_mixin.py:188} INFO - [2024-07-29T22:19:46.673+0000] {dagbag.py:540} INFO - Filling up the DagBag from /home/airflow/.local/lib/python3.8/site-packages/airflow/example_dags/example_sensor_decorator.py
[2024-07-29T22:19:46.680+0000] {processor.py:840} INFO - DAG(s) 'example_sensor_decorator' retrieved from /home/airflow/.local/lib/python3.8/site-packages/airflow/example_dags/example_sensor_decorator.py
[2024-07-29T22:19:46.690+0000] {logging_mixin.py:188} INFO - [2024-07-29T22:19:46.689+0000] {dag.py:3047} INFO - Sync 1 DAGs
[2024-07-29T22:19:46.701+0000] {logging_mixin.py:188} INFO - [2024-07-29T22:19:46.701+0000] {dag.py:3834} INFO - Setting next_dagrun for example_sensor_decorator to None, run_after=None
[2024-07-29T22:19:46.719+0000] {processor.py:183} INFO - Processing /home/airflow/.local/lib/python3.8/site-packages/airflow/example_dags/example_sensor_decorator.py took 0.049 seconds
[2024-07-29T22:20:17.206+0000] {processor.py:161} INFO - Started process (PID=130) to work on /home/airflow/.local/lib/python3.8/site-packages/airflow/example_dags/example_sensor_decorator.py
[2024-07-29T22:20:17.207+0000] {processor.py:830} INFO - Processing file /home/airflow/.local/lib/python3.8/site-packages/airflow/example_dags/example_sensor_decorator.py for tasks to queue
[2024-07-29T22:20:17.208+0000] {logging_mixin.py:188} INFO - [2024-07-29T22:20:17.208+0000] {dagbag.py:540} INFO - Filling up the DagBag from /home/airflow/.local/lib/python3.8/site-packages/airflow/example_dags/example_sensor_decorator.py
[2024-07-29T22:20:17.212+0000] {processor.py:840} INFO - DAG(s) 'example_sensor_decorator' retrieved from /home/airflow/.local/lib/python3.8/site-packages/airflow/example_dags/example_sensor_decorator.py
[2024-07-29T22:20:17.287+0000] {logging_mixin.py:188} INFO - [2024-07-29T22:20:17.287+0000] {dag.py:3047} INFO - Sync 1 DAGs
[2024-07-29T22:20:17.295+0000] {logging_mixin.py:188} INFO - [2024-07-29T22:20:17.295+0000] {dag.py:3834} INFO - Setting next_dagrun for example_sensor_decorator to None, run_after=None
[2024-07-29T22:20:17.310+0000] {processor.py:183} INFO - Processing /home/airflow/.local/lib/python3.8/site-packages/airflow/example_dags/example_sensor_decorator.py took 0.106 seconds
[2024-07-29T22:20:48.199+0000] {processor.py:161} INFO - Started process (PID=186) to work on /home/airflow/.local/lib/python3.8/site-packages/airflow/example_dags/example_sensor_decorator.py
[2024-07-29T22:20:48.200+0000] {processor.py:830} INFO - Processing file /home/airflow/.local/lib/python3.8/site-packages/airflow/example_dags/example_sensor_decorator.py for tasks to queue
[2024-07-29T22:20:48.201+0000] {logging_mixin.py:188} INFO - [2024-07-29T22:20:48.201+0000] {dagbag.py:540} INFO - Filling up the DagBag from /home/airflow/.local/lib/python3.8/site-packages/airflow/example_dags/example_sensor_decorator.py
[2024-07-29T22:20:48.204+0000] {processor.py:840} INFO - DAG(s) 'example_sensor_decorator' retrieved from /home/airflow/.local/lib/python3.8/site-packages/airflow/example_dags/example_sensor_decorator.py
[2024-07-29T22:20:48.218+0000] {logging_mixin.py:188} INFO - [2024-07-29T22:20:48.217+0000] {dag.py:3047} INFO - Sync 1 DAGs
[2024-07-29T22:20:48.226+0000] {logging_mixin.py:188} INFO - [2024-07-29T22:20:48.226+0000] {dag.py:3834} INFO - Setting next_dagrun for example_sensor_decorator to None, run_after=None
[2024-07-29T22:20:48.240+0000] {processor.py:183} INFO - Processing /home/airflow/.local/lib/python3.8/site-packages/airflow/example_dags/example_sensor_decorator.py took 0.043 seconds
[2024-07-29T22:21:19.213+0000] {processor.py:161} INFO - Started process (PID=242) to work on /home/airflow/.local/lib/python3.8/site-packages/airflow/example_dags/example_sensor_decorator.py
[2024-07-29T22:21:19.213+0000] {processor.py:830} INFO - Processing file /home/airflow/.local/lib/python3.8/site-packages/airflow/example_dags/example_sensor_decorator.py for tasks to queue
[2024-07-29T22:21:19.214+0000] {logging_mixin.py:188} INFO - [2024-07-29T22:21:19.214+0000] {dagbag.py:540} INFO - Filling up the DagBag from /home/airflow/.local/lib/python3.8/site-packages/airflow/example_dags/example_sensor_decorator.py
[2024-07-29T22:21:19.219+0000] {processor.py:840} INFO - DAG(s) 'example_sensor_decorator' retrieved from /home/airflow/.local/lib/python3.8/site-packages/airflow/example_dags/example_sensor_decorator.py
[2024-07-29T22:21:19.233+0000] {logging_mixin.py:188} INFO - [2024-07-29T22:21:19.233+0000] {dag.py:3047} INFO - Sync 1 DAGs
[2024-07-29T22:21:19.246+0000] {logging_mixin.py:188} INFO - [2024-07-29T22:21:19.246+0000] {dag.py:3834} INFO - Setting next_dagrun for example_sensor_decorator to None, run_after=None
[2024-07-29T22:21:19.267+0000] {processor.py:183} INFO - Processing /home/airflow/.local/lib/python3.8/site-packages/airflow/example_dags/example_sensor_decorator.py took 0.056 seconds
[2024-07-29T22:21:49.436+0000] {processor.py:161} INFO - Started process (PID=298) to work on /home/airflow/.local/lib/python3.8/site-packages/airflow/example_dags/example_sensor_decorator.py
[2024-07-29T22:21:49.437+0000] {processor.py:830} INFO - Processing file /home/airflow/.local/lib/python3.8/site-packages/airflow/example_dags/example_sensor_decorator.py for tasks to queue
[2024-07-29T22:21:49.438+0000] {logging_mixin.py:188} INFO - [2024-07-29T22:21:49.438+0000] {dagbag.py:540} INFO - Filling up the DagBag from /home/airflow/.local/lib/python3.8/site-packages/airflow/example_dags/example_sensor_decorator.py
[2024-07-29T22:21:49.441+0000] {processor.py:840} INFO - DAG(s) 'example_sensor_decorator' retrieved from /home/airflow/.local/lib/python3.8/site-packages/airflow/example_dags/example_sensor_decorator.py
[2024-07-29T22:21:49.455+0000] {logging_mixin.py:188} INFO - [2024-07-29T22:21:49.455+0000] {dag.py:3047} INFO - Sync 1 DAGs
[2024-07-29T22:21:49.464+0000] {logging_mixin.py:188} INFO - [2024-07-29T22:21:49.464+0000] {dag.py:3834} INFO - Setting next_dagrun for example_sensor_decorator to None, run_after=None
[2024-07-29T22:21:49.478+0000] {processor.py:183} INFO - Processing /home/airflow/.local/lib/python3.8/site-packages/airflow/example_dags/example_sensor_decorator.py took 0.044 seconds
[2024-07-29T22:22:19.805+0000] {processor.py:161} INFO - Started process (PID=354) to work on /home/airflow/.local/lib/python3.8/site-packages/airflow/example_dags/example_sensor_decorator.py
[2024-07-29T22:22:19.806+0000] {processor.py:830} INFO - Processing file /home/airflow/.local/lib/python3.8/site-packages/airflow/example_dags/example_sensor_decorator.py for tasks to queue
[2024-07-29T22:22:19.808+0000] {logging_mixin.py:188} INFO - [2024-07-29T22:22:19.808+0000] {dagbag.py:540} INFO - Filling up the DagBag from /home/airflow/.local/lib/python3.8/site-packages/airflow/example_dags/example_sensor_decorator.py
[2024-07-29T22:22:19.813+0000] {processor.py:840} INFO - DAG(s) 'example_sensor_decorator' retrieved from /home/airflow/.local/lib/python3.8/site-packages/airflow/example_dags/example_sensor_decorator.py
[2024-07-29T22:22:19.828+0000] {logging_mixin.py:188} INFO - [2024-07-29T22:22:19.827+0000] {dag.py:3047} INFO - Sync 1 DAGs
[2024-07-29T22:22:19.837+0000] {logging_mixin.py:188} INFO - [2024-07-29T22:22:19.837+0000] {dag.py:3834} INFO - Setting next_dagrun for example_sensor_decorator to None, run_after=None
[2024-07-29T22:22:19.854+0000] {processor.py:183} INFO - Processing /home/airflow/.local/lib/python3.8/site-packages/airflow/example_dags/example_sensor_decorator.py took 0.052 seconds
[2024-07-29T22:22:49.953+0000] {processor.py:161} INFO - Started process (PID=410) to work on /home/airflow/.local/lib/python3.8/site-packages/airflow/example_dags/example_sensor_decorator.py
[2024-07-29T22:22:49.954+0000] {processor.py:830} INFO - Processing file /home/airflow/.local/lib/python3.8/site-packages/airflow/example_dags/example_sensor_decorator.py for tasks to queue
[2024-07-29T22:22:49.955+0000] {logging_mixin.py:188} INFO - [2024-07-29T22:22:49.955+0000] {dagbag.py:540} INFO - Filling up the DagBag from /home/airflow/.local/lib/python3.8/site-packages/airflow/example_dags/example_sensor_decorator.py
[2024-07-29T22:22:49.959+0000] {processor.py:840} INFO - DAG(s) 'example_sensor_decorator' retrieved from /home/airflow/.local/lib/python3.8/site-packages/airflow/example_dags/example_sensor_decorator.py
[2024-07-29T22:22:49.976+0000] {logging_mixin.py:188} INFO - [2024-07-29T22:22:49.976+0000] {dag.py:3047} INFO - Sync 1 DAGs
[2024-07-29T22:22:49.985+0000] {logging_mixin.py:188} INFO - [2024-07-29T22:22:49.985+0000] {dag.py:3834} INFO - Setting next_dagrun for example_sensor_decorator to None, run_after=None
[2024-07-29T22:22:49.998+0000] {processor.py:183} INFO - Processing /home/airflow/.local/lib/python3.8/site-packages/airflow/example_dags/example_sensor_decorator.py took 0.047 seconds
[2024-07-29T22:23:20.088+0000] {processor.py:161} INFO - Started process (PID=466) to work on /home/airflow/.local/lib/python3.8/site-packages/airflow/example_dags/example_sensor_decorator.py
[2024-07-29T22:23:20.089+0000] {processor.py:830} INFO - Processing file /home/airflow/.local/lib/python3.8/site-packages/airflow/example_dags/example_sensor_decorator.py for tasks to queue
[2024-07-29T22:23:20.091+0000] {logging_mixin.py:188} INFO - [2024-07-29T22:23:20.090+0000] {dagbag.py:540} INFO - Filling up the DagBag from /home/airflow/.local/lib/python3.8/site-packages/airflow/example_dags/example_sensor_decorator.py
[2024-07-29T22:23:20.095+0000] {processor.py:840} INFO - DAG(s) 'example_sensor_decorator' retrieved from /home/airflow/.local/lib/python3.8/site-packages/airflow/example_dags/example_sensor_decorator.py
[2024-07-29T22:23:20.112+0000] {logging_mixin.py:188} INFO - [2024-07-29T22:23:20.112+0000] {dag.py:3047} INFO - Sync 1 DAGs
[2024-07-29T22:23:20.121+0000] {logging_mixin.py:188} INFO - [2024-07-29T22:23:20.120+0000] {dag.py:3834} INFO - Setting next_dagrun for example_sensor_decorator to None, run_after=None
[2024-07-29T22:23:20.134+0000] {processor.py:183} INFO - Processing /home/airflow/.local/lib/python3.8/site-packages/airflow/example_dags/example_sensor_decorator.py took 0.047 seconds
[2024-07-29T22:23:50.358+0000] {processor.py:161} INFO - Started process (PID=522) to work on /home/airflow/.local/lib/python3.8/site-packages/airflow/example_dags/example_sensor_decorator.py
[2024-07-29T22:23:50.359+0000] {processor.py:830} INFO - Processing file /home/airflow/.local/lib/python3.8/site-packages/airflow/example_dags/example_sensor_decorator.py for tasks to queue
[2024-07-29T22:23:50.360+0000] {logging_mixin.py:188} INFO - [2024-07-29T22:23:50.360+0000] {dagbag.py:540} INFO - Filling up the DagBag from /home/airflow/.local/lib/python3.8/site-packages/airflow/example_dags/example_sensor_decorator.py
[2024-07-29T22:23:50.364+0000] {processor.py:840} INFO - DAG(s) 'example_sensor_decorator' retrieved from /home/airflow/.local/lib/python3.8/site-packages/airflow/example_dags/example_sensor_decorator.py
[2024-07-29T22:23:50.380+0000] {logging_mixin.py:188} INFO - [2024-07-29T22:23:50.380+0000] {dag.py:3047} INFO - Sync 1 DAGs
[2024-07-29T22:23:50.389+0000] {logging_mixin.py:188} INFO - [2024-07-29T22:23:50.389+0000] {dag.py:3834} INFO - Setting next_dagrun for example_sensor_decorator to None, run_after=None
[2024-07-29T22:23:50.403+0000] {processor.py:183} INFO - Processing /home/airflow/.local/lib/python3.8/site-packages/airflow/example_dags/example_sensor_decorator.py took 0.047 seconds
[2024-07-29T22:24:20.564+0000] {processor.py:161} INFO - Started process (PID=578) to work on /home/airflow/.local/lib/python3.8/site-packages/airflow/example_dags/example_sensor_decorator.py
[2024-07-29T22:24:20.565+0000] {processor.py:830} INFO - Processing file /home/airflow/.local/lib/python3.8/site-packages/airflow/example_dags/example_sensor_decorator.py for tasks to queue
[2024-07-29T22:24:20.566+0000] {logging_mixin.py:188} INFO - [2024-07-29T22:24:20.566+0000] {dagbag.py:540} INFO - Filling up the DagBag from /home/airflow/.local/lib/python3.8/site-packages/airflow/example_dags/example_sensor_decorator.py
[2024-07-29T22:24:20.571+0000] {processor.py:840} INFO - DAG(s) 'example_sensor_decorator' retrieved from /home/airflow/.local/lib/python3.8/site-packages/airflow/example_dags/example_sensor_decorator.py
[2024-07-29T22:24:20.588+0000] {logging_mixin.py:188} INFO - [2024-07-29T22:24:20.588+0000] {dag.py:3047} INFO - Sync 1 DAGs
[2024-07-29T22:24:20.599+0000] {logging_mixin.py:188} INFO - [2024-07-29T22:24:20.599+0000] {dag.py:3834} INFO - Setting next_dagrun for example_sensor_decorator to None, run_after=None
[2024-07-29T22:24:20.616+0000] {processor.py:183} INFO - Processing /home/airflow/.local/lib/python3.8/site-packages/airflow/example_dags/example_sensor_decorator.py took 0.054 seconds
[2024-07-29T22:24:50.782+0000] {processor.py:161} INFO - Started process (PID=634) to work on /home/airflow/.local/lib/python3.8/site-packages/airflow/example_dags/example_sensor_decorator.py
[2024-07-29T22:24:50.783+0000] {processor.py:830} INFO - Processing file /home/airflow/.local/lib/python3.8/site-packages/airflow/example_dags/example_sensor_decorator.py for tasks to queue
[2024-07-29T22:24:50.784+0000] {logging_mixin.py:188} INFO - [2024-07-29T22:24:50.784+0000] {dagbag.py:540} INFO - Filling up the DagBag from /home/airflow/.local/lib/python3.8/site-packages/airflow/example_dags/example_sensor_decorator.py
[2024-07-29T22:24:50.788+0000] {processor.py:840} INFO - DAG(s) 'example_sensor_decorator' retrieved from /home/airflow/.local/lib/python3.8/site-packages/airflow/example_dags/example_sensor_decorator.py
[2024-07-29T22:24:50.802+0000] {logging_mixin.py:188} INFO - [2024-07-29T22:24:50.802+0000] {dag.py:3047} INFO - Sync 1 DAGs
[2024-07-29T22:24:50.811+0000] {logging_mixin.py:188} INFO - [2024-07-29T22:24:50.811+0000] {dag.py:3834} INFO - Setting next_dagrun for example_sensor_decorator to None, run_after=None
[2024-07-29T22:24:50.825+0000] {processor.py:183} INFO - Processing /home/airflow/.local/lib/python3.8/site-packages/airflow/example_dags/example_sensor_decorator.py took 0.045 seconds
[2024-07-29T22:25:21.049+0000] {processor.py:161} INFO - Started process (PID=690) to work on /home/airflow/.local/lib/python3.8/site-packages/airflow/example_dags/example_sensor_decorator.py
[2024-07-29T22:25:21.050+0000] {processor.py:830} INFO - Processing file /home/airflow/.local/lib/python3.8/site-packages/airflow/example_dags/example_sensor_decorator.py for tasks to queue
[2024-07-29T22:25:21.051+0000] {logging_mixin.py:188} INFO - [2024-07-29T22:25:21.051+0000] {dagbag.py:540} INFO - Filling up the DagBag from /home/airflow/.local/lib/python3.8/site-packages/airflow/example_dags/example_sensor_decorator.py
[2024-07-29T22:25:21.055+0000] {processor.py:840} INFO - DAG(s) 'example_sensor_decorator' retrieved from /home/airflow/.local/lib/python3.8/site-packages/airflow/example_dags/example_sensor_decorator.py
[2024-07-29T22:25:21.070+0000] {logging_mixin.py:188} INFO - [2024-07-29T22:25:21.070+0000] {dag.py:3047} INFO - Sync 1 DAGs
[2024-07-29T22:25:21.080+0000] {logging_mixin.py:188} INFO - [2024-07-29T22:25:21.080+0000] {dag.py:3834} INFO - Setting next_dagrun for example_sensor_decorator to None, run_after=None
[2024-07-29T22:25:21.095+0000] {processor.py:183} INFO - Processing /home/airflow/.local/lib/python3.8/site-packages/airflow/example_dags/example_sensor_decorator.py took 0.048 seconds
[2024-07-29T22:25:51.293+0000] {processor.py:161} INFO - Started process (PID=746) to work on /home/airflow/.local/lib/python3.8/site-packages/airflow/example_dags/example_sensor_decorator.py
[2024-07-29T22:25:51.294+0000] {processor.py:830} INFO - Processing file /home/airflow/.local/lib/python3.8/site-packages/airflow/example_dags/example_sensor_decorator.py for tasks to queue
[2024-07-29T22:25:51.295+0000] {logging_mixin.py:188} INFO - [2024-07-29T22:25:51.295+0000] {dagbag.py:540} INFO - Filling up the DagBag from /home/airflow/.local/lib/python3.8/site-packages/airflow/example_dags/example_sensor_decorator.py
[2024-07-29T22:25:51.299+0000] {processor.py:840} INFO - DAG(s) 'example_sensor_decorator' retrieved from /home/airflow/.local/lib/python3.8/site-packages/airflow/example_dags/example_sensor_decorator.py
[2024-07-29T22:25:51.313+0000] {logging_mixin.py:188} INFO - [2024-07-29T22:25:51.313+0000] {dag.py:3047} INFO - Sync 1 DAGs
[2024-07-29T22:25:51.322+0000] {logging_mixin.py:188} INFO - [2024-07-29T22:25:51.322+0000] {dag.py:3834} INFO - Setting next_dagrun for example_sensor_decorator to None, run_after=None
[2024-07-29T22:25:51.338+0000] {processor.py:183} INFO - Processing /home/airflow/.local/lib/python3.8/site-packages/airflow/example_dags/example_sensor_decorator.py took 0.047 seconds
[2024-07-29T22:26:21.539+0000] {processor.py:161} INFO - Started process (PID=802) to work on /home/airflow/.local/lib/python3.8/site-packages/airflow/example_dags/example_sensor_decorator.py
[2024-07-29T22:26:21.539+0000] {processor.py:830} INFO - Processing file /home/airflow/.local/lib/python3.8/site-packages/airflow/example_dags/example_sensor_decorator.py for tasks to queue
[2024-07-29T22:26:21.541+0000] {logging_mixin.py:188} INFO - [2024-07-29T22:26:21.540+0000] {dagbag.py:540} INFO - Filling up the DagBag from /home/airflow/.local/lib/python3.8/site-packages/airflow/example_dags/example_sensor_decorator.py
[2024-07-29T22:26:21.545+0000] {processor.py:840} INFO - DAG(s) 'example_sensor_decorator' retrieved from /home/airflow/.local/lib/python3.8/site-packages/airflow/example_dags/example_sensor_decorator.py
[2024-07-29T22:26:21.560+0000] {logging_mixin.py:188} INFO - [2024-07-29T22:26:21.559+0000] {dag.py:3047} INFO - Sync 1 DAGs
[2024-07-29T22:26:21.569+0000] {logging_mixin.py:188} INFO - [2024-07-29T22:26:21.569+0000] {dag.py:3834} INFO - Setting next_dagrun for example_sensor_decorator to None, run_after=None
[2024-07-29T22:26:21.585+0000] {processor.py:183} INFO - Processing /home/airflow/.local/lib/python3.8/site-packages/airflow/example_dags/example_sensor_decorator.py took 0.049 seconds
[2024-07-29T22:26:51.758+0000] {processor.py:161} INFO - Started process (PID=858) to work on /home/airflow/.local/lib/python3.8/site-packages/airflow/example_dags/example_sensor_decorator.py
[2024-07-29T22:26:51.759+0000] {processor.py:830} INFO - Processing file /home/airflow/.local/lib/python3.8/site-packages/airflow/example_dags/example_sensor_decorator.py for tasks to queue
[2024-07-29T22:26:51.760+0000] {logging_mixin.py:188} INFO - [2024-07-29T22:26:51.760+0000] {dagbag.py:540} INFO - Filling up the DagBag from /home/airflow/.local/lib/python3.8/site-packages/airflow/example_dags/example_sensor_decorator.py
[2024-07-29T22:26:51.764+0000] {processor.py:840} INFO - DAG(s) 'example_sensor_decorator' retrieved from /home/airflow/.local/lib/python3.8/site-packages/airflow/example_dags/example_sensor_decorator.py
[2024-07-29T22:26:51.779+0000] {logging_mixin.py:188} INFO - [2024-07-29T22:26:51.779+0000] {dag.py:3047} INFO - Sync 1 DAGs
[2024-07-29T22:26:51.788+0000] {logging_mixin.py:188} INFO - [2024-07-29T22:26:51.788+0000] {dag.py:3834} INFO - Setting next_dagrun for example_sensor_decorator to None, run_after=None
[2024-07-29T22:26:51.805+0000] {processor.py:183} INFO - Processing /home/airflow/.local/lib/python3.8/site-packages/airflow/example_dags/example_sensor_decorator.py took 0.048 seconds
[2024-07-29T22:27:21.971+0000] {processor.py:161} INFO - Started process (PID=914) to work on /home/airflow/.local/lib/python3.8/site-packages/airflow/example_dags/example_sensor_decorator.py
[2024-07-29T22:27:21.972+0000] {processor.py:830} INFO - Processing file /home/airflow/.local/lib/python3.8/site-packages/airflow/example_dags/example_sensor_decorator.py for tasks to queue
[2024-07-29T22:27:21.973+0000] {logging_mixin.py:188} INFO - [2024-07-29T22:27:21.973+0000] {dagbag.py:540} INFO - Filling up the DagBag from /home/airflow/.local/lib/python3.8/site-packages/airflow/example_dags/example_sensor_decorator.py
[2024-07-29T22:27:21.977+0000] {processor.py:840} INFO - DAG(s) 'example_sensor_decorator' retrieved from /home/airflow/.local/lib/python3.8/site-packages/airflow/example_dags/example_sensor_decorator.py
[2024-07-29T22:27:21.991+0000] {logging_mixin.py:188} INFO - [2024-07-29T22:27:21.991+0000] {dag.py:3047} INFO - Sync 1 DAGs
[2024-07-29T22:27:22.000+0000] {logging_mixin.py:188} INFO - [2024-07-29T22:27:22.000+0000] {dag.py:3834} INFO - Setting next_dagrun for example_sensor_decorator to None, run_after=None
[2024-07-29T22:27:22.014+0000] {processor.py:183} INFO - Processing /home/airflow/.local/lib/python3.8/site-packages/airflow/example_dags/example_sensor_decorator.py took 0.045 seconds
[2024-07-29T22:27:52.242+0000] {processor.py:161} INFO - Started process (PID=970) to work on /home/airflow/.local/lib/python3.8/site-packages/airflow/example_dags/example_sensor_decorator.py
[2024-07-29T22:27:52.242+0000] {processor.py:830} INFO - Processing file /home/airflow/.local/lib/python3.8/site-packages/airflow/example_dags/example_sensor_decorator.py for tasks to queue
[2024-07-29T22:27:52.244+0000] {logging_mixin.py:188} INFO - [2024-07-29T22:27:52.244+0000] {dagbag.py:540} INFO - Filling up the DagBag from /home/airflow/.local/lib/python3.8/site-packages/airflow/example_dags/example_sensor_decorator.py
[2024-07-29T22:27:52.249+0000] {processor.py:840} INFO - DAG(s) 'example_sensor_decorator' retrieved from /home/airflow/.local/lib/python3.8/site-packages/airflow/example_dags/example_sensor_decorator.py
[2024-07-29T22:27:52.266+0000] {logging_mixin.py:188} INFO - [2024-07-29T22:27:52.266+0000] {dag.py:3047} INFO - Sync 1 DAGs
[2024-07-29T22:27:52.278+0000] {logging_mixin.py:188} INFO - [2024-07-29T22:27:52.277+0000] {dag.py:3834} INFO - Setting next_dagrun for example_sensor_decorator to None, run_after=None
[2024-07-29T22:27:52.295+0000] {processor.py:183} INFO - Processing /home/airflow/.local/lib/python3.8/site-packages/airflow/example_dags/example_sensor_decorator.py took 0.056 seconds
[2024-07-29T23:28:18.444+0000] {processor.py:161} INFO - Started process (PID=62) to work on /home/airflow/.local/lib/python3.8/site-packages/airflow/example_dags/example_sensor_decorator.py
[2024-07-29T23:28:18.445+0000] {processor.py:830} INFO - Processing file /home/airflow/.local/lib/python3.8/site-packages/airflow/example_dags/example_sensor_decorator.py for tasks to queue
[2024-07-29T23:28:18.447+0000] {logging_mixin.py:188} INFO - [2024-07-29T23:28:18.446+0000] {dagbag.py:540} INFO - Filling up the DagBag from /home/airflow/.local/lib/python3.8/site-packages/airflow/example_dags/example_sensor_decorator.py
[2024-07-29T23:28:18.454+0000] {processor.py:840} INFO - DAG(s) 'example_sensor_decorator' retrieved from /home/airflow/.local/lib/python3.8/site-packages/airflow/example_dags/example_sensor_decorator.py
[2024-07-29T23:28:18.463+0000] {logging_mixin.py:188} INFO - [2024-07-29T23:28:18.463+0000] {dag.py:3047} INFO - Sync 1 DAGs
[2024-07-29T23:28:18.474+0000] {logging_mixin.py:188} INFO - [2024-07-29T23:28:18.474+0000] {dag.py:3834} INFO - Setting next_dagrun for example_sensor_decorator to None, run_after=None
[2024-07-29T23:28:18.493+0000] {processor.py:183} INFO - Processing /home/airflow/.local/lib/python3.8/site-packages/airflow/example_dags/example_sensor_decorator.py took 0.051 seconds
[2024-07-29T23:28:48.989+0000] {processor.py:161} INFO - Started process (PID=118) to work on /home/airflow/.local/lib/python3.8/site-packages/airflow/example_dags/example_sensor_decorator.py
[2024-07-29T23:28:48.990+0000] {processor.py:830} INFO - Processing file /home/airflow/.local/lib/python3.8/site-packages/airflow/example_dags/example_sensor_decorator.py for tasks to queue
[2024-07-29T23:28:48.991+0000] {logging_mixin.py:188} INFO - [2024-07-29T23:28:48.991+0000] {dagbag.py:540} INFO - Filling up the DagBag from /home/airflow/.local/lib/python3.8/site-packages/airflow/example_dags/example_sensor_decorator.py
[2024-07-29T23:28:48.995+0000] {processor.py:840} INFO - DAG(s) 'example_sensor_decorator' retrieved from /home/airflow/.local/lib/python3.8/site-packages/airflow/example_dags/example_sensor_decorator.py
[2024-07-29T23:28:49.073+0000] {logging_mixin.py:188} INFO - [2024-07-29T23:28:49.073+0000] {dag.py:3047} INFO - Sync 1 DAGs
[2024-07-29T23:28:49.080+0000] {logging_mixin.py:188} INFO - [2024-07-29T23:28:49.080+0000] {dag.py:3834} INFO - Setting next_dagrun for example_sensor_decorator to None, run_after=None
[2024-07-29T23:28:49.095+0000] {processor.py:183} INFO - Processing /home/airflow/.local/lib/python3.8/site-packages/airflow/example_dags/example_sensor_decorator.py took 0.108 seconds
